#
# A fatal error has been detected by the Java Runtime Environment:
#
#  EXCEPTION_ACCESS_VIOLATION (0xc0000005) at pc=0x00007ff9294662d7, pid=7440, tid=20928
#
# JRE version: Java(TM) SE Runtime Environment (17.0.2+8) (build 17.0.2+8-LTS-86)
# Java VM: Java HotSpot(TM) 64-Bit Server VM (17.0.2+8-LTS-86, mixed mode, sharing, tiered, compressed oops, compressed class ptrs, g1 gc, windows-amd64)
# Problematic frame:
# C  [glass.dll+0x262d7]
#
# No core dump will be written. Minidumps are not enabled by default on client versions of Windows
#
# If you would like to submit a bug report, please visit:
#   https://bugreport.java.com/bugreport/crash.jsp
#

---------------  S U M M A R Y ------------

Command Line: -Dfile.encoding=UTF-8 --add-modules=javafx.controls,javafx.fxml --module-path=C:\Users\juanc\OneDrive\Documentos\Universidad 3\POO\SEATORA\build\classes;C:\Program Files\Java\javafx-sdk-18.0.1\lib\javafx-swt.jar;C:\Program Files\Java\javafx-sdk-18.0.1\lib\javafx.base.jar;C:\Program Files\Java\javafx-sdk-18.0.1\lib\javafx.controls.jar;C:\Program Files\Java\javafx-sdk-18.0.1\lib\javafx.fxml.jar;C:\Program Files\Java\javafx-sdk-18.0.1\lib\javafx.graphics.jar;C:\Program Files\Java\javafx-sdk-18.0.1\lib\javafx.media.jar;C:\Program Files\Java\javafx-sdk-18.0.1\lib\javafx.swing.jar;C:\Program Files\Java\javafx-sdk-18.0.1\lib\javafx.web.jar start.Seatora

Host: AMD Ryzen 7 5800H with Radeon Graphics         , 16 cores, 23G,  Windows 11 , 64 bit Build 22000 (10.0.22000.675)
Time: Thu May 26 01:38:42 2022 Hora est. Pacífico, Sudamérica elapsed time: 92.104333 seconds (0d 0h 1m 32s)

---------------  T H R E A D  ---------------

Current thread (0x000001ed9bd4ee30):  VMThread "VM Thread" [stack: 0x0000002235100000,0x0000002235200000] [id=20928]

Stack: [0x0000002235100000,0x0000002235200000],  sp=0x00000022351fef40,  free space=1019k
Native frames: (J=compiled Java code, j=interpreted, Vv=VM code, C=native code)
C  [glass.dll+0x262d7]


siginfo: EXCEPTION_ACCESS_VIOLATION (0xc0000005), reading address 0x0000000000000000


Register to memory mapping:

RIP=0x00007ff9294662d7 glass.dll
RAX=0x0 is NULL
RBX=0x000001eda5e1ed00 is a global jni handle
RCX=0x000001ed9bd4ee30 points into unknown readable memory: 0x00007ff8c679e890 | 90 e8 79 c6 f8 7f 00 00
RDX=0x00000022351fef40 points into unknown readable memory: 0x0000000000000000 | 00 00 00 00 00 00 00 00
RSP=0x00000022351fef40 points into unknown readable memory: 0x0000000000000000 | 00 00 00 00 00 00 00 00
RBP=0x000001ed9cc2c458 points into unknown readable memory: 0x000073d93358b9e9 | e9 b9 58 33 d9 73 00 00
RSI=0x000001ed9cc2c430 points into unknown readable memory: 0x8c6dcbd933a74bbb | bb 4b a7 33 d9 cb 6d 8c
RDI=0x000073d93358b9e9 is an unknown value
R8 =0x0000000000010002 is an unknown value
R9 =0x000073d93358b9e9 is an unknown value
R10=0x85f13e9656da4870 is an unknown value
R11=0x00000022351feed0 points into unknown readable memory: 0x000001ed9cc2c430 | 30 c4 c2 9c ed 01 00 00
R12=0x00007ff929463bc4 glass.dll
R13=0x00007ff8c69449d0 jvm.dll
R14=0x00000022351ff048 points into unknown readable memory: 0x00000022351ff030 | 30 f0 1f 35 22 00 00 00
R15=0x000001ed9cc2c430 points into unknown readable memory: 0x8c6dcbd933a74bbb | bb 4b a7 33 d9 cb 6d 8c


Registers:
RAX=0x0000000000000000, RBX=0x000001eda5e1ed00, RCX=0x000001ed9bd4ee30, RDX=0x00000022351fef40
RSP=0x00000022351fef40, RBP=0x000001ed9cc2c458, RSI=0x000001ed9cc2c430, RDI=0x000073d93358b9e9
R8 =0x0000000000010002, R9 =0x000073d93358b9e9, R10=0x85f13e9656da4870, R11=0x00000022351feed0
R12=0x00007ff929463bc4, R13=0x00007ff8c69449d0, R14=0x00000022351ff048, R15=0x000001ed9cc2c430
RIP=0x00007ff9294662d7, EFLAGS=0x0000000000010202

Top of Stack: (sp=0x00000022351fef40)
0x00000022351fef40:   0000000000000000 000001ed9cc2c430
0x00000022351fef50:   00007ff8c69449d0 00007ff929463bc4
0x00000022351fef60:   000001ed9cc2c438 00007ff95a64bea0
0x00000022351fef70:   000073d93358b9e9 000001ed00000000
0x00000022351fef80:   000001ed9cc2c458 000001ed9cc2c430
0x00000022351fef90:   fffffffffffffffe 0000000000000000
0x00000022351fefa0:   0000000000000001 00007ff929440000
0x00000022351fefb0:   00000022351ff038 00007ff95a64bdb7
0x00000022351fefc0:   0000000000000000 00000022351ff048
0x00000022351fefd0:   00000022351ff320 00007ff95a7312b0
0x00000022351fefe0:   0000000000000001 00007ff95a64bd6d
0x00000022351feff0:   0000000000000000 0000000000000001
0x00000022351ff000:   0000000000000000 00000022351ff038
0x00000022351ff010:   fffffffffffffffe 0000002200000000
0x00000022351ff020:   ffffffff00000001 00007ff929463a51
0x00000022351ff030:   00007ff929479f88 00007ff800000002 

Instructions: (pc=0x00007ff9294662d7)
0x00007ff9294661d7:   8b 4d 58 e8 2d cf ff ff 48 8b 4d 60 e8 24 cf ff
0x00007ff9294661e7:   ff 48 8b 95 80 00 00 00 48 8b 8d 18 01 00 00 e8
0x00007ff9294661f7:   16 c4 ff ff 33 d2 33 c9 e8 5c e1 ff ff 90 48 89
0x00007ff929466207:   54 24 10 55 48 83 ec 20 48 8b ea 48 b8 00 00 00
0x00007ff929466217:   00 00 00 00 00 48 83 c4 20 5d c3 cc 40 55 48 8b
0x00007ff929466227:   ea 48 8b 01 33 c9 81 38 05 00 00 c0 0f 94 c1 8b
0x00007ff929466237:   c1 5d c3 cc 40 55 48 83 ec 20 48 8b ea 8a 4d 40
0x00007ff929466247:   48 83 c4 20 5d e9 17 d3 ff ff cc 40 55 48 83 ec
0x00007ff929466257:   20 48 8b ea 8a 4d 20 e8 05 d3 ff ff 90 48 83 c4
0x00007ff929466267:   20 5d c3 cc 40 55 48 83 ec 20 48 8b ea 48 83 c4
0x00007ff929466277:   20 5d e9 66 d1 ff ff cc 40 55 48 83 ec 30 48 8b
0x00007ff929466287:   ea 48 8b 01 8b 10 48 89 4c 24 28 89 54 24 20 4c
0x00007ff929466297:   8d 0d 07 d6 ff ff 4c 8b 45 70 8b 55 68 48 8b 4d
0x00007ff9294662a7:   60 e8 a7 d0 ff ff 90 48 83 c4 30 5d c3 cc cc cc
0x00007ff9294662b7:   cc cc cc cc cc cc cc cc cc 40 53 48 83 ec 20 48
0x00007ff9294662c7:   8b 1d bb 36 01 00 48 85 db 74 16 e8 59 8b ff ff
0x00007ff9294662d7:   4c 8b 00 48 8b d3 48 8b c8 41 ff 90 b0 00 00 00
0x00007ff9294662e7:   90 48 83 c4 20 5b c3 cc cc 40 53 48 83 ec 20 48
0x00007ff9294662f7:   8b 1d 2b 38 01 00 48 85 db 74 57 b8 ff ff ff ff
0x00007ff929466307:   f0 0f c1 43 10 83 f8 01 75 3d 48 85 db 74 38 48
0x00007ff929466317:   8b 0b 48 85 c9 74 0d ff 15 84 0f 00 00 48 c7 03
0x00007ff929466327:   00 00 00 00 48 8b 4b 08 48 85 c9 74 0d e8 d3 cd
0x00007ff929466337:   ff ff 48 c7 43 08 00 00 00 00 ba 18 00 00 00 48
0x00007ff929466347:   8b cb e8 be cd ff ff 48 c7 05 cf 37 01 00 00 00
0x00007ff929466357:   00 00 48 83 c4 20 5b c3 cc 40 53 48 83 ec 20 48
0x00007ff929466367:   8b 1d 9b 37 01 00 48 85 db 74 57 b8 ff ff ff ff
0x00007ff929466377:   f0 0f c1 43 10 83 f8 01 75 3d 48 85 db 74 38 48
0x00007ff929466387:   8b 0b 48 85 c9 74 0d ff 15 14 0f 00 00 48 c7 03
0x00007ff929466397:   00 00 00 00 48 8b 4b 08 48 85 c9 74 0d e8 63 cd
0x00007ff9294663a7:   ff ff 48 c7 43 08 00 00 00 00 ba 18 00 00 00 48
0x00007ff9294663b7:   8b cb e8 4e cd ff ff 48 c7 05 3f 37 01 00 00 00
0x00007ff9294663c7:   00 00 48 83 c4 20 5b c3 cc 40 53 48 83 ec 20 48 


Stack slot to memory mapping:
stack at sp + 0 slots: 0x0 is NULL
stack at sp + 1 slots: 0x000001ed9cc2c430 points into unknown readable memory: 0x8c6dcbd933a74bbb | bb 4b a7 33 d9 cb 6d 8c
stack at sp + 2 slots: 0x00007ff8c69449d0 jvm.dll
stack at sp + 3 slots: 0x00007ff929463bc4 glass.dll
stack at sp + 4 slots: 0x000001ed9cc2c438 points into unknown readable memory: 0x000073d93358b9e9 | e9 b9 58 33 d9 73 00 00
stack at sp + 5 slots: 0x00007ff95a64bea0 ucrtbase.dll
stack at sp + 6 slots: 0x000073d93358b9e9 is an unknown value
stack at sp + 7 slots: 0x000001ed00000000 is an unknown value

VM_Operation (0x0000002236af66a0): Exit, mode: safepoint, requested by thread 0x000001ed9d60cd70


---------------  P R O C E S S  ---------------

Threads class SMR info:
_java_thread_list=0x000001eda7baa7a0, length=21, elements={
0x000001edf395e150, 0x000001ed9bd52920, 0x000001ed9bd555a0, 0x000001ed9bd68900,
0x000001ed9bd692b0, 0x000001ed9bd69c60, 0x000001ed9bd6a610, 0x000001ed9bd6e8a0,
0x000001ed9bd792c0, 0x000001ed9bd84490, 0x000001ed9c8d7ee0, 0x000001ed9ca7f230,
0x000001ed9cc2e0c0, 0x000001ed9d60cd70, 0x000001ed9dac1610, 0x000001ed9dac32f0,
0x000001eda74047d0, 0x000001eda7400e10, 0x000001eda7404300, 0x000001ed9d9ac870,
0x000001ed9d1bc200
}

Java Threads: ( => current thread )
  0x000001edf395e150 JavaThread "main" [_thread_blocked, id=20936, stack(0x0000002234b00000,0x0000002234c00000)]
  0x000001ed9bd52920 JavaThread "Reference Handler" daemon [_thread_blocked, id=5724, stack(0x0000002235200000,0x0000002235300000)]
  0x000001ed9bd555a0 JavaThread "Finalizer" daemon [_thread_blocked, id=21340, stack(0x0000002235300000,0x0000002235400000)]
  0x000001ed9bd68900 JavaThread "Signal Dispatcher" daemon [_thread_blocked, id=13648, stack(0x0000002235400000,0x0000002235500000)]
  0x000001ed9bd692b0 JavaThread "Attach Listener" daemon [_thread_blocked, id=7388, stack(0x0000002235500000,0x0000002235600000)]
  0x000001ed9bd69c60 JavaThread "Service Thread" daemon [_thread_blocked, id=7212, stack(0x0000002235600000,0x0000002235700000)]
  0x000001ed9bd6a610 JavaThread "Monitor Deflation Thread" daemon [_thread_blocked, id=2268, stack(0x0000002235700000,0x0000002235800000)]
  0x000001ed9bd6e8a0 JavaThread "C2 CompilerThread0" daemon [_thread_blocked, id=19876, stack(0x0000002235800000,0x0000002235900000)]
  0x000001ed9bd792c0 JavaThread "C1 CompilerThread0" daemon [_thread_blocked, id=17664, stack(0x0000002235900000,0x0000002235a00000)]
  0x000001ed9bd84490 JavaThread "Sweeper thread" daemon [_thread_blocked, id=21692, stack(0x0000002235a00000,0x0000002235b00000)]
  0x000001ed9c8d7ee0 JavaThread "Common-Cleaner" daemon [_thread_blocked, id=17720, stack(0x0000002235c00000,0x0000002235d00000)]
  0x000001ed9ca7f230 JavaThread "Notification Thread" daemon [_thread_blocked, id=4628, stack(0x0000002236500000,0x0000002236600000)]
  0x000001ed9cc2e0c0 JavaThread "InvokeLaterDispatcher" daemon [_thread_blocked, id=12676, stack(0x0000002236900000,0x0000002236a00000)]
  0x000001ed9d60cd70 JavaThread "JavaFX Application Thread" [_thread_blocked, id=20168, stack(0x0000002236a00000,0x0000002236b00000)]
  0x000001ed9dac1610 JavaThread "JavaFX-Launcher" [_thread_blocked, id=22496, stack(0x0000002236d00000,0x0000002236e00000)]
  0x000001ed9dac32f0 JavaThread "Thread-2" daemon [_thread_in_native, id=4240, stack(0x0000002236c00000,0x0000002236d00000)]
  0x000001eda74047d0 JavaThread "Prism Font Disposer" daemon [_thread_blocked, id=1996, stack(0x0000002237600000,0x0000002237700000)]
  0x000001eda7400e10 JavaThread "Cleaner-0" daemon [_thread_blocked, id=12608, stack(0x0000002237b00000,0x0000002237c00000)]
  0x000001eda7404300 JavaThread "Java2D Disposer" daemon [_thread_blocked, id=1652, stack(0x0000002235b00000,0x0000002235c00000)]
  0x000001ed9d9ac870 JavaThread "C2 CompilerThread1" daemon [_thread_blocked, id=784, stack(0x0000002234800000,0x0000002234900000)]
  0x000001ed9d1bc200 JavaThread "AWT-Shutdown" [_thread_blocked, id=20768, stack(0x0000002234900000,0x0000002234a00000)]

Other Threads:
=>0x000001ed9bd4ee30 VMThread "VM Thread" [stack: 0x0000002235100000,0x0000002235200000] [id=20928]
  0x000001edf39bfe50 GCTaskThread "GC Thread#0" [stack: 0x0000002234c00000,0x0000002234d00000] [id=17380]
  0x000001ed9db1fee0 GCTaskThread "GC Thread#1" [stack: 0x0000002236e00000,0x0000002236f00000] [id=1792]
  0x000001ed9dafbbf0 GCTaskThread "GC Thread#2" [stack: 0x0000002236f00000,0x0000002237000000] [id=6560]
  0x000001ed9db149a0 GCTaskThread "GC Thread#3" [stack: 0x0000002237000000,0x0000002237100000] [id=18972]
  0x000001ed9db14c50 GCTaskThread "GC Thread#4" [stack: 0x0000002237100000,0x0000002237200000] [id=8984]
  0x000001ed9db15720 GCTaskThread "GC Thread#5" [stack: 0x0000002237200000,0x0000002237300000] [id=18688]
  0x000001ed9daf23f0 GCTaskThread "GC Thread#6" [stack: 0x0000002237300000,0x0000002237400000] [id=2692]
  0x000001ed9daf26a0 GCTaskThread "GC Thread#7" [stack: 0x0000002237400000,0x0000002237500000] [id=18956]
  0x000001ed9daf2d60 GCTaskThread "GC Thread#8" [stack: 0x0000002237500000,0x0000002237600000] [id=19812]
  0x000001ed9ddee420 GCTaskThread "GC Thread#9" [stack: 0x0000002236000000,0x0000002236100000] [id=2920]
  0x000001ed9ddee980 GCTaskThread "GC Thread#10" [stack: 0x0000002236210000,0x0000002236310000] [id=21344]
  0x000001ed9ddef190 GCTaskThread "GC Thread#11" [stack: 0x0000002237e10000,0x0000002237f10000] [id=8940]
  0x000001ed9dca1210 GCTaskThread "GC Thread#12" [stack: 0x0000002237f10000,0x0000002238010000] [id=8424]
  0x000001edf39ccb60 ConcurrentGCThread "G1 Main Marker" terminated
  0x000001edf39cdc10 ConcurrentGCThread "G1 Conc#0" [stack: 0x0000002234e00000,0x0000002234f00000] [id=2172]
  0x000001ed9dca1a20 ConcurrentGCThread "G1 Conc#1" [stack: 0x0000002238010000,0x0000002238110000] [id=19416]
  0x000001ed9dca1cd0 ConcurrentGCThread "G1 Conc#2" [stack: 0x0000002238110000,0x0000002238210000] [id=19108]
  0x000001edf3a36c80 ConcurrentGCThread "G1 Refine#0" terminated
  0x000001ed9bc12b00 ConcurrentGCThread "G1 Service" terminated

Threads with active compile tasks:

VM state: at safepoint (shutting down)

VM Mutex/Monitor currently owned by a thread:  ([mutex/lock_event])
[0x000001edf3959580] Threads_lock - owner thread: 0x000001ed9bd4ee30
[0x000001edf395b110] Heap_lock - owner thread: 0x000001ed9d60cd70

Heap address: 0x0000000682400000, size: 6108 MB, Compressed Oops mode: Zero based, Oop shift amount: 3

CDS archive(s) mapped at: [0x0000000800000000-0x0000000800bc0000-0x0000000800bc0000), size 12320768, SharedBaseAddress: 0x0000000800000000, ArchiveRelocationMode: 0.
Compressed class space mapped at: 0x0000000800c00000-0x0000000840c00000, reserved size: 1073741824
Narrow klass base: 0x0000000800000000, Narrow klass shift: 0, Narrow klass range: 0x100000000

GC Precious Log:
 CPUs: 16 total, 16 available
 Memory: 24428M
 Large Page Support: Disabled
 NUMA Support: Disabled
 Compressed Oops: Enabled (Zero based)
 Heap Region Size: 4M
 Heap Min Capacity: 8M
 Heap Initial Capacity: 384M
 Heap Max Capacity: 6108M
 Pre-touch: Disabled
 Parallel Workers: 13
 Concurrent Workers: 3
 Concurrent Refinement Workers: 13
 Periodic GC: Disabled

Heap:
 garbage-first heap   total 110592K, used 52601K [0x0000000682400000, 0x0000000800000000)
  region size 4096K, 6 young (24576K), 1 survivors (4096K)
 Metaspace       used 25644K, committed 25984K, reserved 1073152K
  class space    used 3423K, committed 3584K, reserved 1048576K

Heap Regions: E=young(eden), S=young(survivor), O=old, HS=humongous(starts), HC=humongous(continues), CS=collection set, F=free, OA=open archive, CA=closed archive, TAMS=top-at-mark-start (previous, next)
|   0|0x0000000682400000, 0x0000000682800000, 0x0000000682800000|100%|HS|  |TAMS 0x0000000682800000, 0x0000000682400000| Complete 
|   1|0x0000000682800000, 0x0000000682c00000, 0x0000000682c00000|100%|HS|  |TAMS 0x0000000682c00000, 0x0000000682800000| Complete 
|   2|0x0000000682c00000, 0x0000000683000000, 0x0000000683000000|100%|HS|  |TAMS 0x0000000682c00000, 0x0000000682c00000| Complete 
|   3|0x0000000683000000, 0x0000000683400000, 0x0000000683400000|100%| O|  |TAMS 0x0000000683000000, 0x0000000683000000| Untracked 
|   4|0x0000000683400000, 0x00000006834f2200, 0x0000000683800000| 23%| O|  |TAMS 0x0000000683400000, 0x0000000683400000| Untracked 
|   5|0x0000000683800000, 0x0000000683c00000, 0x0000000683c00000|100%| O|  |TAMS 0x0000000683800000, 0x0000000683800000| Untracked 
|   6|0x0000000683c00000, 0x0000000684000000, 0x0000000684000000|100%| O|  |TAMS 0x0000000683c00000, 0x0000000683c00000| Untracked 
|   7|0x0000000684000000, 0x0000000684400000, 0x0000000684400000|100%| O|  |TAMS 0x0000000684000000, 0x0000000684000000| Untracked 
|   8|0x0000000684400000, 0x0000000684800000, 0x0000000684800000|100%|HS|  |TAMS 0x0000000684400000, 0x0000000684400000| Complete 
|   9|0x0000000684800000, 0x0000000684800000, 0x0000000684c00000|  0%| F|  |TAMS 0x0000000684800000, 0x0000000684800000| Untracked 
|  10|0x0000000684c00000, 0x0000000684c00000, 0x0000000685000000|  0%| F|  |TAMS 0x0000000684c00000, 0x0000000684c00000| Untracked 
|  11|0x0000000685000000, 0x0000000685000000, 0x0000000685400000|  0%| F|  |TAMS 0x0000000685000000, 0x0000000685000000| Untracked 
|  12|0x0000000685400000, 0x0000000685400000, 0x0000000685800000|  0%| F|  |TAMS 0x0000000685400000, 0x0000000685400000| Untracked 
|  13|0x0000000685800000, 0x0000000685800000, 0x0000000685c00000|  0%| F|  |TAMS 0x0000000685800000, 0x0000000685800000| Untracked 
|  14|0x0000000685c00000, 0x0000000685c00000, 0x0000000686000000|  0%| F|  |TAMS 0x0000000685c00000, 0x0000000685c00000| Untracked 
|  15|0x0000000686000000, 0x0000000686000000, 0x0000000686400000|  0%| F|  |TAMS 0x0000000686000000, 0x0000000686000000| Untracked 
|  16|0x0000000686400000, 0x0000000686400000, 0x0000000686800000|  0%| F|  |TAMS 0x0000000686400000, 0x0000000686400000| Untracked 
|  17|0x0000000686800000, 0x0000000686800000, 0x0000000686c00000|  0%| F|  |TAMS 0x0000000686800000, 0x0000000686800000| Untracked 
|  18|0x0000000686c00000, 0x0000000686c00000, 0x0000000687000000|  0%| F|  |TAMS 0x0000000686c00000, 0x0000000686c00000| Untracked 
|  19|0x0000000687000000, 0x0000000687000000, 0x0000000687400000|  0%| F|  |TAMS 0x0000000687000000, 0x0000000687000000| Untracked 
|  20|0x0000000687400000, 0x0000000687400000, 0x0000000687800000|  0%| F|  |TAMS 0x0000000687400000, 0x0000000687400000| Untracked 
|  21|0x0000000687800000, 0x000000068794d4e0, 0x0000000687c00000| 32%| E|  |TAMS 0x0000000687800000, 0x0000000687800000| Complete 
|  22|0x0000000687c00000, 0x0000000688000000, 0x0000000688000000|100%| E|CS|TAMS 0x0000000687c00000, 0x0000000687c00000| Complete 
|  82|0x0000000696c00000, 0x0000000697000000, 0x0000000697000000|100%| E|CS|TAMS 0x0000000696c00000, 0x0000000696c00000| Complete 
|  85|0x0000000697800000, 0x0000000697c00000, 0x0000000697c00000|100%| E|CS|TAMS 0x0000000697800000, 0x0000000697800000| Complete 
|  86|0x0000000697c00000, 0x0000000697e6c3e0, 0x0000000698000000| 60%| S|CS|TAMS 0x0000000697c00000, 0x0000000697c00000| Complete 
|  95|0x000000069a000000, 0x000000069a400000, 0x000000069a400000|100%| E|CS|TAMS 0x000000069a000000, 0x000000069a000000| Complete 

Card table byte_map: [0x000001edfc630000,0x000001edfd220000] _byte_map_base: 0x000001edf921e000

Marking Bits (Prev, Next): (CMBitMap*) 0x000001edf39c03a0, (CMBitMap*) 0x000001edf39c0360
 Prev Bits: [0x000001ed94f70000, 0x000001ed9aee0000)
 Next Bits: [0x000001ed8f000000, 0x000001ed94f70000)

Polling page: 0x000001edf3140000

Metaspace:

Usage:
  Non-class:     21.70 MB used.
      Class:      3.34 MB used.
       Both:     25.04 MB used.

Virtual space:
  Non-class space:       24.00 MB reserved,      21.88 MB ( 91%) committed,  3 nodes.
      Class space:        1.00 GB reserved,       3.50 MB ( <1%) committed,  1 nodes.
             Both:        1.02 GB reserved,      25.38 MB (  2%) committed. 

Chunk freelists:
   Non-Class:  2.03 MB
       Class:  455.00 KB
        Both:  2.48 MB

MaxMetaspaceSize: unlimited
CompressedClassSpaceSize: 1.00 GB
Initial GC threshold: 21.00 MB
Current GC threshold: 35.44 MB
CDS: on
MetaspaceReclaimPolicy: balanced
 - commit_granule_bytes: 65536.
 - commit_granule_words: 8192.
 - virtual_space_node_default_size: 1048576.
 - enlarge_chunks_in_place: 1.
 - new_chunks_are_fully_committed: 0.
 - uncommit_free_chunks: 1.
 - use_allocation_guard: 0.
 - handle_deallocations: 1.


Internal statistics:

num_allocs_failed_limit: 3.
num_arena_births: 326.
num_arena_deaths: 0.
num_vsnodes_births: 4.
num_vsnodes_deaths: 0.
num_space_committed: 406.
num_space_uncommitted: 0.
num_chunks_returned_to_freelist: 3.
num_chunks_taken_from_freelist: 1039.
num_chunk_merges: 3.
num_chunk_splits: 716.
num_chunks_enlarged: 549.
num_purges: 0.
num_inconsistent_stats: 0.

CodeHeap 'non-profiled nmethods': size=119168Kb used=3262Kb max_used=3633Kb free=115905Kb
 bounds [0x000001ed87ba0000, 0x000001ed87f30000, 0x000001ed8f000000]
CodeHeap 'profiled nmethods': size=119104Kb used=11928Kb max_used=13351Kb free=107175Kb
 bounds [0x000001ed80750000, 0x000001ed81480000, 0x000001ed87ba0000]
CodeHeap 'non-nmethods': size=7488Kb used=1541Kb max_used=3304Kb free=5946Kb
 bounds [0x000001ed80000000, 0x000001ed803b0000, 0x000001ed80750000]
 total_blobs=6614 nmethods=5677 adapters=849
 compilation: enabled
              stopped_count=0, restarted_count=0
 full_count=0

Compilation events (20 events):
Event: 91.148 Thread 0x000001ed9d9ae1c0 6454       4       javafx.scene.Node$StyleableProperties$9::isSettable (9 bytes)
Event: 91.149 Thread 0x000001ed9d9af0f0 6455       4       javafx.scene.Node$StyleableProperties$8::isSettable (9 bytes)
Event: 91.149 Thread 0x000001ed9bd6e8a0 nmethod 6452 0x000001ed87dff890 code [0x000001ed87dffa00, 0x000001ed87dffaf8]
Event: 91.149 Thread 0x000001ed9bd6e8a0 6456       4       javafx.scene.Node$StyleableProperties$11::isSettable (9 bytes)
Event: 91.149 Thread 0x000001ed9d9af0f0 nmethod 6455 0x000001ed87dff510 code [0x000001ed87dff680, 0x000001ed87dff778]
Event: 91.149 Thread 0x000001ed9d9af0f0 6457       4       javafx.scene.Node$StyleableProperties$12::isSettable (9 bytes)
Event: 91.149 Thread 0x000001ed9d9ae1c0 nmethod 6454 0x000001ed87c3f790 code [0x000001ed87c3f900, 0x000001ed87c3f9f8]
Event: 91.149 Thread 0x000001ed9d9ae1c0 6458       4       javafx.scene.Node$StyleableProperties$10::isSettable (9 bytes)
Event: 91.149 Thread 0x000001ed9d9ac870 nmethod 6453 0x000001ed87c3f390 code [0x000001ed87c3f520, 0x000001ed87c3f638]
Event: 91.149 Thread 0x000001ed9d9ac870 6459       4       javafx.scene.Node$StyleableProperties$13::isSettable (9 bytes)
Event: 91.149 Thread 0x000001ed9bd6e8a0 nmethod 6456 0x000001ed87c3ef90 code [0x000001ed87c3f120, 0x000001ed87c3f248]
Event: 91.149 Thread 0x000001ed9bd6e8a0 6460       4       javafx.scene.Node$StyleableProperties$13::isSettable (36 bytes)
Event: 91.150 Thread 0x000001ed9d9af0f0 nmethod 6457 0x000001ed87c3ec10 code [0x000001ed87c3ed80, 0x000001ed87c3ee78]
Event: 91.150 Thread 0x000001ed9d9ac870 nmethod 6459 0x000001ed87c3e890 code [0x000001ed87c3ea00, 0x000001ed87c3eaf8]
Event: 91.150 Thread 0x000001ed9bd6e8a0 nmethod 6460 0x000001ed87dff210 code [0x000001ed87dff380, 0x000001ed87dff438]
Event: 91.150 Thread 0x000001ed9d9ae1c0 nmethod 6458 0x000001ed87c3e490 code [0x000001ed87c3e620, 0x000001ed87c3e748]
Event: 91.441 Thread 0x000001ed9bd792c0 6461       1       javafx.scene.input.KeyCode::getName (5 bytes)
Event: 91.441 Thread 0x000001ed9bd792c0 nmethod 6461 0x000001ed87c3e190 code [0x000001ed87c3e320, 0x000001ed87c3e3f8]
Event: 91.441 Thread 0x000001ed9bd792c0 6462       3       javafx.scene.Scene::getInternalEventDispatcher (9 bytes)
Event: 91.441 Thread 0x000001ed9bd792c0 nmethod 6462 0x000001ed80d58090 code [0x000001ed80d58220, 0x000001ed80d58368]

GC Heap History (10 events):
Event: 0.295 GC heap before
{Heap before GC invocations=0 (full 0):
 garbage-first heap   total 393216K, used 16384K [0x0000000682400000, 0x0000000800000000)
  region size 4096K, 5 young (20480K), 0 survivors (0K)
 Metaspace       used 4075K, committed 4160K, reserved 1056768K
  class space    used 470K, committed 512K, reserved 1048576K
}
Event: 0.297 GC heap after
{Heap after GC invocations=1 (full 0):
 garbage-first heap   total 393216K, used 2748K [0x0000000682400000, 0x0000000800000000)
  region size 4096K, 1 young (4096K), 1 survivors (4096K)
 Metaspace       used 4075K, committed 4160K, reserved 1056768K
  class space    used 470K, committed 512K, reserved 1048576K
}
Event: 1.697 GC heap before
{Heap before GC invocations=1 (full 0):
 garbage-first heap   total 393216K, used 51900K [0x0000000682400000, 0x0000000800000000)
  region size 4096K, 11 young (45056K), 1 survivors (4096K)
 Metaspace       used 14131K, committed 14336K, reserved 1064960K
  class space    used 2039K, committed 2112K, reserved 1048576K
}
Event: 1.701 GC heap after
{Heap after GC invocations=2 (full 0):
 garbage-first heap   total 393216K, used 16597K [0x0000000682400000, 0x0000000800000000)
  region size 4096K, 2 young (8192K), 2 survivors (8192K)
 Metaspace       used 14131K, committed 14336K, reserved 1064960K
  class space    used 2039K, committed 2112K, reserved 1048576K
}
Event: 20.336 GC heap before
{Heap before GC invocations=2 (full 0):
 garbage-first heap   total 393216K, used 53461K [0x0000000682400000, 0x0000000800000000)
  region size 4096K, 11 young (45056K), 2 survivors (8192K)
 Metaspace       used 21303K, committed 21504K, reserved 1073152K
  class space    used 2965K, committed 3072K, reserved 1048576K
}
Event: 20.341 GC heap after
{Heap after GC invocations=3 (full 0):
 garbage-first heap   total 393216K, used 24327K [0x0000000682400000, 0x0000000800000000)
  region size 4096K, 3 young (12288K), 3 survivors (12288K)
 Metaspace       used 21303K, committed 21504K, reserved 1073152K
  class space    used 2965K, committed 3072K, reserved 1048576K
}
Event: 70.446 GC heap before
{Heap before GC invocations=4 (full 0):
 garbage-first heap   total 110592K, used 81671K [0x0000000682400000, 0x0000000800000000)
  region size 4096K, 16 young (65536K), 3 survivors (12288K)
 Metaspace       used 25422K, committed 25728K, reserved 1073152K
  class space    used 3418K, committed 3584K, reserved 1048576K
}
Event: 70.454 GC heap after
{Heap after GC invocations=5 (full 0):
 garbage-first heap   total 110592K, used 25411K [0x0000000682400000, 0x0000000800000000)
  region size 4096K, 2 young (8192K), 2 survivors (8192K)
 Metaspace       used 25422K, committed 25728K, reserved 1073152K
  class space    used 3418K, committed 3584K, reserved 1048576K
}
Event: 70.464 GC heap before
{Heap before GC invocations=5 (full 0):
 garbage-first heap   total 110592K, used 29507K [0x0000000682400000, 0x0000000800000000)
  region size 4096K, 3 young (12288K), 2 survivors (8192K)
 Metaspace       used 25427K, committed 25728K, reserved 1073152K
  class space    used 3418K, committed 3584K, reserved 1048576K
}
Event: 70.468 GC heap after
{Heap after GC invocations=6 (full 0):
 garbage-first heap   total 110592K, used 28025K [0x0000000682400000, 0x0000000800000000)
  region size 4096K, 1 young (4096K), 1 survivors (4096K)
 Metaspace       used 25427K, committed 25728K, reserved 1073152K
  class space    used 3418K, committed 3584K, reserved 1048576K
}

Deoptimization events (20 events):
Event: 89.267 Thread 0x000001ed9d60cd70 Uncommon trap: trap_request=0xffffff45 fr.pc=0x000001ed87e5a608 relative=0x0000000000002da8
Event: 89.267 Thread 0x000001ed9d60cd70 Uncommon trap: reason=unstable_if action=reinterpret pc=0x000001ed87e5a608 method=javafx.scene.CssStyleHelper.getCachedFont(Ljavafx/css/Styleable;)Lcom/sun/javafx/css/CalculatedValue; @ 32 c2
Event: 89.267 Thread 0x000001ed9d60cd70 DEOPT PACKING pc=0x000001ed87e5a608 sp=0x0000002236af8b90
Event: 89.267 Thread 0x000001ed9d60cd70 DEOPT UNPACKING pc=0x000001ed800523a3 sp=0x0000002236af8b80 mode 2
Event: 89.267 Thread 0x000001ed9d60cd70 Uncommon trap: trap_request=0xffffffc6 fr.pc=0x000001ed87e44620 relative=0x0000000000001dc0
Event: 89.267 Thread 0x000001ed9d60cd70 Uncommon trap: reason=bimorphic_or_optimized_type_check action=maybe_recompile pc=0x000001ed87e44620 method=javafx.css.CompoundSelector.stateMatches(Ljavafx/css/Styleable;Ljava/util/Set;I)Z @ 160 c2
Event: 89.267 Thread 0x000001ed9d60cd70 DEOPT PACKING pc=0x000001ed87e44620 sp=0x0000002236af8a20
Event: 89.267 Thread 0x000001ed9d60cd70 DEOPT UNPACKING pc=0x000001ed800523a3 sp=0x0000002236af89c8 mode 2
Event: 89.267 Thread 0x000001ed9d60cd70 Uncommon trap: trap_request=0xffffffc6 fr.pc=0x000001ed87e44620 relative=0x0000000000001dc0
Event: 89.267 Thread 0x000001ed9d60cd70 Uncommon trap: reason=bimorphic_or_optimized_type_check action=maybe_recompile pc=0x000001ed87e44620 method=javafx.css.CompoundSelector.stateMatches(Ljavafx/css/Styleable;Ljava/util/Set;I)Z @ 160 c2
Event: 89.267 Thread 0x000001ed9d60cd70 DEOPT PACKING pc=0x000001ed87e44620 sp=0x0000002236af8a20
Event: 89.267 Thread 0x000001ed9d60cd70 DEOPT UNPACKING pc=0x000001ed800523a3 sp=0x0000002236af89c8 mode 2
Event: 89.268 Thread 0x000001ed9d60cd70 Uncommon trap: trap_request=0xffffff45 fr.pc=0x000001ed87c2f6a0 relative=0x00000000000038e0
Event: 89.268 Thread 0x000001ed9d60cd70 Uncommon trap: reason=unstable_if action=reinterpret pc=0x000001ed87c2f6a0 method=com.sun.javafx.text.PrismTextLayout.layout()V @ 933 c2
Event: 89.268 Thread 0x000001ed9d60cd70 DEOPT PACKING pc=0x000001ed87c2f6a0 sp=0x0000002236af8c20
Event: 89.268 Thread 0x000001ed9d60cd70 DEOPT UNPACKING pc=0x000001ed800523a3 sp=0x0000002236af8b60 mode 2
Event: 89.286 Thread 0x000001ed9d54ad10 Uncommon trap: trap_request=0xffffffc6 fr.pc=0x000001ed87eee97c relative=0x0000000000000a9c
Event: 89.286 Thread 0x000001ed9d54ad10 Uncommon trap: reason=bimorphic_or_optimized_type_check action=maybe_recompile pc=0x000001ed87eee97c method=com.sun.javafx.sg.prism.NGNode.getOpaqueRegion()Lcom/sun/javafx/geom/RectBounds; @ 27 c2
Event: 89.286 Thread 0x000001ed9d54ad10 DEOPT PACKING pc=0x000001ed87eee97c sp=0x00000022367fe740
Event: 89.286 Thread 0x000001ed9d54ad10 DEOPT UNPACKING pc=0x000001ed800523a3 sp=0x00000022367fe670 mode 2

Classes unloaded (0 events):
No events

Classes redefined (0 events):
No events

Internal exceptions (20 events):
Event: 20.285 Thread 0x000001ed9d60cd70 Exception <a 'java/lang/NoSuchMethodError'{0x0000000698598f78}: 'java.lang.Object java.lang.invoke.DelegatingMethodHandle$Holder.reinvoke_L(java.lang.Object, long, java.lang.Object, java.lang.Object, java.lang.Object, java.lang.Object, java.lang.Object, java.lang.Object, java.lang.Object, java.lang.Object)'> (0x0000000698598f78) 
thrown [t:\workspace\open\src\hotspot\share\interpreter\linkResolver.cpp, line 766]
Event: 20.286 Thread 0x000001ed9d60cd70 Exception <a 'java/lang/NoSuchMethodError'{0x00000006985bc598}: 'java.lang.Object java.lang.invoke.DirectMethodHandle$Holder.invokeSpecial(java.lang.Object, java.lang.Object, java.lang.Object, java.lang.Object, java.lang.Object, java.lang.Object, java.lang.Object, java.lang.Object, java.lang.Object, java.lang.Object)'> (0x00000006985bc598) 
thrown [t:\workspace\open\src\hotspot\share\interpreter\linkResolver.cpp, line 766]
Event: 20.286 Thread 0x000001ed9d60cd70 Exception <a 'java/lang/NoSuchMethodError'{0x00000006985c18a8}: 'java.lang.Object java.lang.invoke.Invokers$Holder.linkToTargetMethod(java.lang.Object, java.lang.Object, java.lang.Object, java.lang.Object, java.lang.Object, java.lang.Object, java.lang.Object, java.lang.Object, java.lang.Object)'> (0x00000006985c18a8) 
thrown [t:\workspace\open\src\hotspot\share\interpreter\linkResolver.cpp, line 766]
Event: 20.290 Thread 0x000001ed9d60cd70 Exception <a 'java/lang/ClassNotFoundException'{0x00000006985cd928}: sun/awt/resources/spi/awtProvider> (0x00000006985cd928) 
thrown [t:\workspace\open\src\hotspot\share\classfile\systemDictionary.cpp, line 256]
Event: 20.292 Thread 0x000001ed9d60cd70 Exception <a 'java/io/FileNotFoundException'{0x00000006985d16c8}> (0x00000006985d16c8) 
thrown [t:\workspace\open\src\hotspot\share\prims\jni.cpp, line 516]
Event: 20.292 Thread 0x000001ed9d60cd70 Exception <a 'java/io/FileNotFoundException'{0x00000006985d3970}> (0x00000006985d3970) 
thrown [t:\workspace\open\src\hotspot\share\prims\jni.cpp, line 516]
Event: 20.317 Thread 0x000001ed9d60cd70 Exception <a 'java/lang/NoSuchMethodError'{0x0000000698659830}: 'java.lang.Object java.lang.invoke.DirectMethodHandle$Holder.invokeStatic(java.lang.Object, int, java.lang.Object, java.lang.Object, java.lang.Object, java.lang.Object)'> (0x0000000698659830) 
thrown [t:\workspace\open\src\hotspot\share\interpreter\linkResolver.cpp, line 766]
Event: 20.318 Thread 0x000001ed9d60cd70 Exception <a 'java/lang/NoSuchMethodError'{0x000000069867fd50}: 'java.lang.Object java.lang.invoke.DirectMethodHandle$Holder.invokeStatic(java.lang.Object, int, java.lang.Object)'> (0x000000069867fd50) 
thrown [t:\workspace\open\src\hotspot\share\interpreter\linkResolver.cpp, line 766]
Event: 20.327 Thread 0x000001ed9d60cd70 Exception <a 'java/lang/ClassNotFoundException'{0x000000069873dce0}: com/sun/swing/internal/plaf/metal/resources/spi/metalProvider> (0x000000069873dce0) 
thrown [t:\workspace\open\src\hotspot\share\classfile\systemDictionary.cpp, line 256]
Event: 20.328 Thread 0x000001ed9d60cd70 Exception <a 'java/lang/ClassNotFoundException'{0x0000000698742c68}: com/sun/swing/internal/plaf/basic/resources/spi/basicProvider> (0x0000000698742c68) 
thrown [t:\workspace\open\src\hotspot\share\classfile\systemDictionary.cpp, line 256]
Event: 20.333 Thread 0x000001eda7402150 Exception <a 'java/lang/NoSuchMethodError'{0x000000069809aa48}: 'java.lang.Object java.lang.invoke.DirectMethodHandle$Holder.invokeStatic(java.lang.Object, java.lang.Object, java.lang.Object, int, int, int, int, int)'> (0x000000069809aa48) 
thrown [t:\workspace\open\src\hotspot\share\interpreter\linkResolver.cpp, line 766]
Event: 20.415 Thread 0x000001eda7402fc0 Exception <a 'java/lang/NoSuchMethodError'{0x000000069a2082a8}: 'void java.lang.invoke.DirectMethodHandle$Holder.invokeVirtual(java.lang.Object, java.lang.Object)'> (0x000000069a2082a8) 
thrown [t:\workspace\open\src\hotspot\share\interpreter\linkResolver.cpp, line 766]
Event: 20.443 Thread 0x000001ed9d60cd70 Exception <a 'java/lang/NoSuchMethodError'{0x000000069a0aa8d0}: 'int java.lang.invoke.DirectMethodHandle$Holder.invokeStatic(java.lang.Object)'> (0x000000069a0aa8d0) 
thrown [t:\workspace\open\src\hotspot\share\interpreter\linkResolver.cpp, line 766]
Event: 22.174 Thread 0x000001ed9d60cd70 Exception <a 'java/lang/NoSuchMethodError'{0x0000000687366a60}: 'int java.lang.invoke.DirectMethodHandle$Holder.invokeVirtual(java.lang.Object, java.lang.Object)'> (0x0000000687366a60) 
thrown [t:\workspace\open\src\hotspot\share\interpreter\linkResolver.cpp, line 766]
Event: 22.175 Thread 0x000001ed9d60cd70 Exception <a 'java/lang/NoSuchMethodError'{0x000000068736d6e8}: 'void java.lang.invoke.DirectMethodHandle$Holder.invokeVirtual(java.lang.Object, java.lang.Object, int)'> (0x000000068736d6e8) 
thrown [t:\workspace\open\src\hotspot\share\interpreter\linkResolver.cpp, line 766]
Event: 29.437 Thread 0x000001ed9d60cd70 Implicit null exception at 0x000001ed87d3434d to 0x000001ed87d34994
Event: 29.437 Thread 0x000001ed9d60cd70 Implicit null exception at 0x000001ed87d396a2 to 0x000001ed87d396fc
Event: 81.183 Thread 0x000001ed9d60cd70 Exception <a 'java/lang/reflect/InvocationTargetException'{0x0000000687d5b420}> (0x0000000687d5b420) 
thrown [t:\workspace\open\src\hotspot\share\runtime\reflection.cpp, line 1121]
Event: 89.267 Thread 0x000001ed9d60cd70 Implicit null exception at 0x000001ed87e6c277 to 0x000001ed87e7549c
Event: 89.267 Thread 0x000001ed9d60cd70 Implicit null exception at 0x000001ed87e57cb6 to 0x000001ed87e5a5f0

VM Operations (20 events):
Event: 74.149 Executing VM operation: Cleanup done
Event: 75.149 Executing VM operation: Cleanup
Event: 75.149 Executing VM operation: Cleanup done
Event: 77.149 Executing VM operation: Cleanup
Event: 77.149 Executing VM operation: Cleanup done
Event: 78.150 Executing VM operation: Cleanup
Event: 78.150 Executing VM operation: Cleanup done
Event: 80.150 Executing VM operation: Cleanup
Event: 80.150 Executing VM operation: Cleanup done
Event: 81.150 Executing VM operation: Cleanup
Event: 81.150 Executing VM operation: Cleanup done
Event: 83.150 Executing VM operation: Cleanup
Event: 83.150 Executing VM operation: Cleanup done
Event: 86.151 Executing VM operation: Cleanup
Event: 86.151 Executing VM operation: Cleanup done
Event: 89.151 Executing VM operation: Cleanup
Event: 89.152 Executing VM operation: Cleanup done
Event: 91.152 Executing VM operation: Cleanup
Event: 91.152 Executing VM operation: Cleanup done
Event: 91.545 Executing VM operation: Exit

Events (20 events):
Event: 81.183 loading class java/lang/Throwable$PrintStreamOrWriter
Event: 81.183 loading class java/lang/Throwable$PrintStreamOrWriter done
Event: 81.183 loading class java/lang/Throwable$WrappedPrintStream done
Event: 91.148 Thread 0x000001ed9d9ac870 Thread added: 0x000001ed9d9ac870
Event: 91.148 Thread 0x000001ed9d9ae1c0 Thread added: 0x000001ed9d9ae1c0
Event: 91.148 Thread 0x000001ed9d9af0f0 Thread added: 0x000001ed9d9af0f0
Event: 91.441 Thread 0x000001ed9d9af0f0 Thread exited: 0x000001ed9d9af0f0
Event: 91.441 Thread 0x000001ed9d9ae1c0 Thread exited: 0x000001ed9d9ae1c0
Event: 91.444 Thread 0x000001ed9d1bd070 Thread added: 0x000001ed9d1bd070
Event: 91.444 Thread 0x000001ed9d1bd540 Thread added: 0x000001ed9d1bd540
Event: 91.444 Thread 0x000001ed9d1bb860 Thread added: 0x000001ed9d1bb860
Event: 91.444 Thread 0x000001ed9d1baec0 Thread added: 0x000001ed9d1baec0
Event: 91.445 Thread 0x000001ed9d1bd070 Thread exited: 0x000001ed9d1bd070
Event: 91.445 Thread 0x000001ed9d1baec0 Thread exited: 0x000001ed9d1baec0
Event: 91.445 Thread 0x000001ed9d1ba9f0 Thread exited: 0x000001ed9d1ba9f0
Event: 91.445 Thread 0x000001ed9d1bc200 Thread added: 0x000001ed9d1bc200
Event: 91.445 Thread 0x000001ed9d1bb860 Thread exited: 0x000001ed9d1bb860
Event: 91.459 Thread 0x000001ed9d54ad10 Thread exited: 0x000001ed9d54ad10
Event: 91.461 Thread 0x000001eda7402fc0 Thread exited: 0x000001eda7402fc0
Event: 91.545 Thread 0x000001ed9d1bd540 Thread exited: 0x000001ed9d1bd540


Dynamic libraries:
0x00007ff6c38d0000 - 0x00007ff6c38e0000 	C:\Program Files\Java\jdk-17.0.2\bin\java.exe
0x00007ff95ca40000 - 0x00007ff95cc49000 	C:\Windows\SYSTEM32\ntdll.dll
0x00007ff95ada0000 - 0x00007ff95ae5d000 	C:\Windows\System32\KERNEL32.DLL
0x00007ff95a280000 - 0x00007ff95a5f9000 	C:\Windows\System32\KERNELBASE.dll
0x00007ff95a630000 - 0x00007ff95a741000 	C:\Windows\System32\ucrtbase.dll
0x00007ff951430000 - 0x00007ff95144a000 	C:\Program Files\Java\jdk-17.0.2\bin\VCRUNTIME140.dll
0x00007ff92f460000 - 0x00007ff92f478000 	C:\Program Files\Java\jdk-17.0.2\bin\jli.dll
0x00007ff95c5e0000 - 0x00007ff95c68e000 	C:\Windows\System32\ADVAPI32.dll
0x00007ff95c530000 - 0x00007ff95c5d3000 	C:\Windows\System32\msvcrt.dll
0x00007ff95c2b0000 - 0x00007ff95c34e000 	C:\Windows\System32\sechost.dll
0x00007ff95b080000 - 0x00007ff95b1a0000 	C:\Windows\System32\RPCRT4.dll
0x00007ff95c700000 - 0x00007ff95c8ac000 	C:\Windows\System32\USER32.dll
0x00007ff94b670000 - 0x00007ff94b915000 	C:\Windows\WinSxS\amd64_microsoft.windows.common-controls_6595b64144ccf1df_6.0.22000.120_none_9d947278b86cc467\COMCTL32.dll
0x00007ff95a600000 - 0x00007ff95a626000 	C:\Windows\System32\win32u.dll
0x00007ff95b9d0000 - 0x00007ff95b9f9000 	C:\Windows\System32\GDI32.dll
0x00007ff959f30000 - 0x00007ff95a042000 	C:\Windows\System32\gdi32full.dll
0x00007ff95a7c0000 - 0x00007ff95a85d000 	C:\Windows\System32\msvcp_win.dll
0x00007ff9517b0000 - 0x00007ff9517ba000 	C:\Windows\SYSTEM32\VERSION.dll
0x00007ff95a8e0000 - 0x00007ff95a911000 	C:\Windows\System32\IMM32.DLL
0x00007ff930760000 - 0x00007ff93076c000 	C:\Program Files\Java\jdk-17.0.2\bin\vcruntime140_1.dll
0x00007ff8d9b90000 - 0x00007ff8d9c1d000 	C:\Program Files\Java\jdk-17.0.2\bin\msvcp140.dll
0x00007ff8c5e20000 - 0x00007ff8c69e1000 	C:\Program Files\Java\jdk-17.0.2\bin\server\jvm.dll
0x00007ff95b070000 - 0x00007ff95b078000 	C:\Windows\System32\PSAPI.DLL
0x00007ff953440000 - 0x00007ff953473000 	C:\Windows\SYSTEM32\WINMM.dll
0x00007ff951450000 - 0x00007ff951459000 	C:\Windows\SYSTEM32\WSOCK32.dll
0x00007ff95b960000 - 0x00007ff95b9cf000 	C:\Windows\System32\WS2_32.dll
0x00007ff959120000 - 0x00007ff959138000 	C:\Windows\SYSTEM32\kernel.appcore.dll
0x00007ff930750000 - 0x00007ff93075a000 	C:\Program Files\Java\jdk-17.0.2\bin\jimage.dll
0x00007ff9575c0000 - 0x00007ff9577e1000 	C:\Windows\SYSTEM32\DBGHELP.DLL
0x00007ff9435e0000 - 0x00007ff943611000 	C:\Windows\SYSTEM32\dbgcore.DLL
0x00007ff95a860000 - 0x00007ff95a8df000 	C:\Windows\System32\bcryptPrimitives.dll
0x00007ff925c90000 - 0x00007ff925cb5000 	C:\Program Files\Java\jdk-17.0.2\bin\java.dll
0x00007ff8d9c20000 - 0x00007ff8d9cf6000 	C:\Program Files\Java\jdk-17.0.2\bin\jsvml.dll
0x00007ff95ba00000 - 0x00007ff95c1af000 	C:\Windows\System32\SHELL32.dll
0x00007ff9580b0000 - 0x00007ff958918000 	C:\Windows\SYSTEM32\windows.storage.dll
0x00007ff95a9c0000 - 0x00007ff95ad38000 	C:\Windows\System32\combase.dll
0x00007ff957f40000 - 0x00007ff9580a6000 	C:\Windows\SYSTEM32\wintypes.dll
0x00007ff95c1b0000 - 0x00007ff95c29a000 	C:\Windows\System32\SHCORE.dll
0x00007ff95c8b0000 - 0x00007ff95c90d000 	C:\Windows\System32\shlwapi.dll
0x00007ff959e60000 - 0x00007ff959e81000 	C:\Windows\SYSTEM32\profapi.dll
0x00007ff930560000 - 0x00007ff930579000 	C:\Program Files\Java\jdk-17.0.2\bin\net.dll
0x00007ff954670000 - 0x00007ff95477c000 	C:\Windows\SYSTEM32\WINHTTP.dll
0x00007ff959550000 - 0x00007ff9595b7000 	C:\Windows\system32\mswsock.dll
0x00007ff92f4a0000 - 0x00007ff92f4b6000 	C:\Program Files\Java\jdk-17.0.2\bin\nio.dll
0x00007ff929420000 - 0x00007ff929438000 	C:\Program Files\Java\jdk-17.0.2\bin\zip.dll
0x000001ed9bef0000 - 0x000001ed9bef3000 	C:\Program Files\Java\javafx-sdk-18.0.1\bin\api-ms-win-core-console-l1-1-0.dll
0x000001ed9bf00000 - 0x000001ed9bf03000 	C:\Program Files\Java\javafx-sdk-18.0.1\bin\api-ms-win-core-console-l1-2-0.dll
0x000001ed9bf10000 - 0x000001ed9bf13000 	C:\Program Files\Java\javafx-sdk-18.0.1\bin\api-ms-win-core-datetime-l1-1-0.dll
0x000001ed9bf20000 - 0x000001ed9bf23000 	C:\Program Files\Java\javafx-sdk-18.0.1\bin\api-ms-win-core-debug-l1-1-0.dll
0x000001ed9bf30000 - 0x000001ed9bf33000 	C:\Program Files\Java\javafx-sdk-18.0.1\bin\api-ms-win-core-errorhandling-l1-1-0.dll
0x000001ed9bf40000 - 0x000001ed9bf44000 	C:\Program Files\Java\javafx-sdk-18.0.1\bin\api-ms-win-core-file-l1-1-0.dll
0x000001ed9bf50000 - 0x000001ed9bf53000 	C:\Program Files\Java\javafx-sdk-18.0.1\bin\api-ms-win-core-file-l1-2-0.dll
0x000001ed9bf60000 - 0x000001ed9bf63000 	C:\Program Files\Java\javafx-sdk-18.0.1\bin\api-ms-win-core-file-l2-1-0.dll
0x000001ed9bf70000 - 0x000001ed9bf73000 	C:\Program Files\Java\javafx-sdk-18.0.1\bin\api-ms-win-core-handle-l1-1-0.dll
0x000001ed9bf80000 - 0x000001ed9bf83000 	C:\Program Files\Java\javafx-sdk-18.0.1\bin\api-ms-win-core-heap-l1-1-0.dll
0x000001ed9bf90000 - 0x000001ed9bf93000 	C:\Program Files\Java\javafx-sdk-18.0.1\bin\api-ms-win-core-interlocked-l1-1-0.dll
0x000001ed9bfa0000 - 0x000001ed9bfa3000 	C:\Program Files\Java\javafx-sdk-18.0.1\bin\api-ms-win-core-libraryloader-l1-1-0.dll
0x000001ed9bfb0000 - 0x000001ed9bfb3000 	C:\Program Files\Java\javafx-sdk-18.0.1\bin\api-ms-win-core-localization-l1-2-0.dll
0x000001ed9bfc0000 - 0x000001ed9bfc3000 	C:\Program Files\Java\javafx-sdk-18.0.1\bin\api-ms-win-core-memory-l1-1-0.dll
0x000001ed9bfd0000 - 0x000001ed9bfd3000 	C:\Program Files\Java\javafx-sdk-18.0.1\bin\api-ms-win-core-namedpipe-l1-1-0.dll
0x000001ed9bfe0000 - 0x000001ed9bfe3000 	C:\Program Files\Java\javafx-sdk-18.0.1\bin\api-ms-win-core-processenvironment-l1-1-0.dll
0x000001ed9bff0000 - 0x000001ed9bff3000 	C:\Program Files\Java\javafx-sdk-18.0.1\bin\api-ms-win-core-processthreads-l1-1-0.dll
0x000001ed9e3d0000 - 0x000001ed9e3d3000 	C:\Program Files\Java\javafx-sdk-18.0.1\bin\api-ms-win-core-processthreads-l1-1-1.dll
0x000001ed9e3e0000 - 0x000001ed9e3e3000 	C:\Program Files\Java\javafx-sdk-18.0.1\bin\api-ms-win-core-profile-l1-1-0.dll
0x000001ed9e3f0000 - 0x000001ed9e3f3000 	C:\Program Files\Java\javafx-sdk-18.0.1\bin\api-ms-win-core-rtlsupport-l1-1-0.dll
0x000001ed9e400000 - 0x000001ed9e403000 	C:\Program Files\Java\javafx-sdk-18.0.1\bin\api-ms-win-core-string-l1-1-0.dll
0x000001ed9e410000 - 0x000001ed9e413000 	C:\Program Files\Java\javafx-sdk-18.0.1\bin\api-ms-win-core-synch-l1-1-0.dll
0x000001ed9e420000 - 0x000001ed9e423000 	C:\Program Files\Java\javafx-sdk-18.0.1\bin\api-ms-win-core-synch-l1-2-0.dll
0x000001ed9e430000 - 0x000001ed9e433000 	C:\Program Files\Java\javafx-sdk-18.0.1\bin\api-ms-win-core-sysinfo-l1-1-0.dll
0x000001ed9e440000 - 0x000001ed9e443000 	C:\Program Files\Java\javafx-sdk-18.0.1\bin\api-ms-win-core-timezone-l1-1-0.dll
0x000001ed9e450000 - 0x000001ed9e453000 	C:\Program Files\Java\javafx-sdk-18.0.1\bin\api-ms-win-core-util-l1-1-0.dll
0x000001ed9e460000 - 0x000001ed9e463000 	C:\Program Files\Java\javafx-sdk-18.0.1\bin\api-ms-win-crt-conio-l1-1-0.dll
0x000001ed9e470000 - 0x000001ed9e474000 	C:\Program Files\Java\javafx-sdk-18.0.1\bin\api-ms-win-crt-convert-l1-1-0.dll
0x000001ed9e480000 - 0x000001ed9e483000 	C:\Program Files\Java\javafx-sdk-18.0.1\bin\api-ms-win-crt-environment-l1-1-0.dll
0x000001ed9e490000 - 0x000001ed9e493000 	C:\Program Files\Java\javafx-sdk-18.0.1\bin\api-ms-win-crt-filesystem-l1-1-0.dll
0x000001ed9e4a0000 - 0x000001ed9e4a3000 	C:\Program Files\Java\javafx-sdk-18.0.1\bin\api-ms-win-crt-heap-l1-1-0.dll
0x000001ed9e4b0000 - 0x000001ed9e4b3000 	C:\Program Files\Java\javafx-sdk-18.0.1\bin\api-ms-win-crt-locale-l1-1-0.dll
0x000001ed9e4c0000 - 0x000001ed9e4c5000 	C:\Program Files\Java\javafx-sdk-18.0.1\bin\api-ms-win-crt-math-l1-1-0.dll
0x000001ed9e4d0000 - 0x000001ed9e4d5000 	C:\Program Files\Java\javafx-sdk-18.0.1\bin\api-ms-win-crt-multibyte-l1-1-0.dll
0x000001ed9e4e0000 - 0x000001ed9e4f0000 	C:\Program Files\Java\javafx-sdk-18.0.1\bin\api-ms-win-crt-private-l1-1-0.dll
0x000001ed9e4f0000 - 0x000001ed9e4f3000 	C:\Program Files\Java\javafx-sdk-18.0.1\bin\api-ms-win-crt-process-l1-1-0.dll
0x000001ed9e500000 - 0x000001ed9e504000 	C:\Program Files\Java\javafx-sdk-18.0.1\bin\api-ms-win-crt-runtime-l1-1-0.dll
0x000001ed9e510000 - 0x000001ed9e514000 	C:\Program Files\Java\javafx-sdk-18.0.1\bin\api-ms-win-crt-stdio-l1-1-0.dll
0x000001ed9e520000 - 0x000001ed9e524000 	C:\Program Files\Java\javafx-sdk-18.0.1\bin\api-ms-win-crt-string-l1-1-0.dll
0x000001ed9e530000 - 0x000001ed9e533000 	C:\Program Files\Java\javafx-sdk-18.0.1\bin\api-ms-win-crt-time-l1-1-0.dll
0x000001ed9e540000 - 0x000001ed9e543000 	C:\Program Files\Java\javafx-sdk-18.0.1\bin\api-ms-win-crt-utility-l1-1-0.dll
0x00007ff929520000 - 0x00007ff92961c000 	C:\Program Files\Java\javafx-sdk-18.0.1\bin\ucrtbase.dll
0x00007ff92f410000 - 0x00007ff92f42a000 	C:\Program Files\Java\javafx-sdk-18.0.1\bin\vcruntime140.dll
0x00007ff952e60000 - 0x00007ff952e6c000 	C:\Program Files\Java\javafx-sdk-18.0.1\bin\vcruntime140_1.dll
0x00007ff929490000 - 0x00007ff92951d000 	C:\Program Files\Java\javafx-sdk-18.0.1\bin\msvcp140.dll
0x00007ff92bd10000 - 0x00007ff92bd3c000 	C:\Program Files\Java\javafx-sdk-18.0.1\bin\prism_d3d.dll
0x00007ff94ecd0000 - 0x00007ff94ee76000 	C:\Windows\system32\d3d9.dll
0x00007ff957960000 - 0x00007ff95798f000 	C:\Windows\SYSTEM32\dwmapi.dll
0x00007ff9574a0000 - 0x00007ff9574d8000 	C:\Windows\SYSTEM32\dxcore.dll
0x00007ff957180000 - 0x00007ff95722c000 	C:\Windows\system32\uxtheme.dll
0x00007ff9597f0000 - 0x00007ff959802000 	C:\Windows\SYSTEM32\msasn1.dll
0x00007ff951750000 - 0x00007ff951781000 	C:\Windows\SYSTEM32\cryptnet.dll
0x00007ff95a050000 - 0x00007ff95a1b2000 	C:\Windows\System32\CRYPT32.dll
0x00007ff94f9e0000 - 0x00007ff94fb29000 	C:\Windows\SYSTEM32\drvstore.dll
0x00007ff959c70000 - 0x00007ff959c9c000 	C:\Windows\SYSTEM32\devobj.dll
0x00007ff959c20000 - 0x00007ff959c6c000 	C:\Windows\SYSTEM32\cfgmgr32.dll
0x00007ff959860000 - 0x00007ff95989d000 	C:\Windows\SYSTEM32\wldp.dll
0x00007ff959790000 - 0x00007ff95979c000 	C:\Windows\SYSTEM32\cryptbase.dll
0x00007ff95a750000 - 0x00007ff95a7b7000 	C:\Windows\System32\WINTRUST.DLL
0x00007ff95c4f0000 - 0x00007ff95c50f000 	C:\Windows\System32\imagehlp.dll
0x00007ff9597a0000 - 0x00007ff9597b8000 	C:\Windows\SYSTEM32\CRYPTSP.dll
0x00007ff959080000 - 0x00007ff9590b5000 	C:\Windows\system32\rsaenh.dll
0x00007ff959910000 - 0x00007ff959937000 	C:\Windows\SYSTEM32\bcrypt.dll
0x00007ff953ac0000 - 0x00007ff953b04000 	C:\Windows\SYSTEM32\directxdatabasehelper.dll
0x00007ff957820000 - 0x00007ff957854000 	C:\Windows\SYSTEM32\ntmarta.dll
0x00007ff929440000 - 0x00007ff929482000 	C:\Program Files\Java\javafx-sdk-18.0.1\bin\glass.dll
0x00007ff95c910000 - 0x00007ff95c9fc000 	C:\Windows\System32\COMDLG32.dll
0x00007ff95c350000 - 0x00007ff95c4ea000 	C:\Windows\System32\ole32.dll
0x00007ff95b1a0000 - 0x00007ff95b276000 	C:\Windows\System32\OLEAUT32.dll
0x00007ff95af50000 - 0x00007ff95b06e000 	C:\Windows\System32\MSCTF.dll
0x00007ff8dc9a0000 - 0x00007ff8dcc63000 	C:\Windows\system32\nvspcap64.dll
0x00007ff9595e0000 - 0x00007ff959604000 	C:\Windows\SYSTEM32\gpapi.dll
0x00007ff9297a0000 - 0x00007ff9297b4000 	C:\Program Files\Java\javafx-sdk-18.0.1\bin\javafx_font.dll
0x00007ff935810000 - 0x00007ff935a6f000 	C:\Windows\SYSTEM32\dwrite.dll
0x00007ff95b280000 - 0x00007ff95b32f000 	C:\Windows\System32\clbcatq.dll
0x00007ff951860000 - 0x00007ff951a0e000 	C:\Windows\SYSTEM32\WindowsCodecs.dll
0x00007ff933380000 - 0x00007ff9333dd000 	C:\Windows\system32\dataexchange.dll
0x00007ff950bb0000 - 0x00007ff950e16000 	C:\Windows\system32\twinapi.appcore.dll
0x00007ff921c40000 - 0x00007ff921c72000 	C:\Program Files\Common Files\Microsoft Shared\Ink\rtscom.dll
0x00007ff93c230000 - 0x00007ff93c35d000 	C:\Windows\SYSTEM32\textinputframework.dll
0x00007ff956ca0000 - 0x00007ff956dd2000 	C:\Windows\SYSTEM32\CoreMessaging.dll
0x00007ff952880000 - 0x00007ff952bed000 	C:\Windows\SYSTEM32\CoreUIComponents.dll
0x00007ff954ce0000 - 0x00007ff955298000 	C:\Windows\SYSTEM32\d2d1.dll

dbghelp: loaded successfully - version: 4.0.5 - missing functions: none
symbol engine: initialized successfully - sym options: 0x614 - pdb path: .;C:\Program Files\Java\jdk-17.0.2\bin;C:\Windows\SYSTEM32;C:\Windows\WinSxS\amd64_microsoft.windows.common-controls_6595b64144ccf1df_6.0.22000.120_none_9d947278b86cc467;C:\Program Files\Java\jdk-17.0.2\bin\server;C:\Program Files\Java\javafx-sdk-18.0.1\bin;C:\Windows\System32\DriverStore\FileRepository\nvltig.inf_amd64_ce837e92efe9cbc4;C:\Program Files\Common Files\Microsoft Shared\Ink

VM Arguments:
jvm_args: -Dfile.encoding=UTF-8 --add-modules=javafx.controls,javafx.fxml --module-path=C:\Users\juanc\OneDrive\Documentos\Universidad 3\POO\SEATORA\build\classes;C:\Program Files\Java\javafx-sdk-18.0.1\lib\javafx-swt.jar;C:\Program Files\Java\javafx-sdk-18.0.1\lib\javafx.base.jar;C:\Program Files\Java\javafx-sdk-18.0.1\lib\javafx.controls.jar;C:\Program Files\Java\javafx-sdk-18.0.1\lib\javafx.fxml.jar;C:\Program Files\Java\javafx-sdk-18.0.1\lib\javafx.graphics.jar;C:\Program Files\Java\javafx-sdk-18.0.1\lib\javafx.media.jar;C:\Program Files\Java\javafx-sdk-18.0.1\lib\javafx.swing.jar;C:\Program Files\Java\javafx-sdk-18.0.1\lib\javafx.web.jar 
java_command: start.Seatora
java_class_path (initial): C:\Program Files\Java\javafx-sdk-18.0.1\lib\javafx-swt.jar;C:\Program Files\Java\javafx-sdk-18.0.1\lib\javafx.base.jar;C:\Program Files\Java\javafx-sdk-18.0.1\lib\javafx.controls.jar;C:\Program Files\Java\javafx-sdk-18.0.1\lib\javafx.fxml.jar;C:\Program Files\Java\javafx-sdk-18.0.1\lib\javafx.graphics.jar;C:\Program Files\Java\javafx-sdk-18.0.1\lib\javafx.media.jar;C:\Program Files\Java\javafx-sdk-18.0.1\lib\javafx.swing.jar;C:\Program Files\Java\javafx-sdk-18.0.1\lib\javafx.web.jar;C:\Users\juanc\OneDrive\Documentos\Universidad 3\POO\SEATORA\build\classes
Launcher Type: SUN_STANDARD

[Global flags]
     intx CICompilerCount                          = 12                                        {product} {ergonomic}
     uint ConcGCThreads                            = 3                                         {product} {ergonomic}
     uint G1ConcRefinementThreads                  = 13                                        {product} {ergonomic}
   size_t G1HeapRegionSize                         = 4194304                                   {product} {ergonomic}
    uintx GCDrainStackTargetSize                   = 64                                        {product} {ergonomic}
   size_t InitialHeapSize                          = 402653184                                 {product} {ergonomic}
   size_t MarkStackSize                            = 4194304                                   {product} {ergonomic}
   size_t MaxHeapSize                              = 6404702208                                {product} {ergonomic}
   size_t MaxNewSize                               = 3841982464                                {product} {ergonomic}
   size_t MinHeapDeltaBytes                        = 4194304                                   {product} {ergonomic}
   size_t MinHeapSize                              = 8388608                                   {product} {ergonomic}
    uintx NonNMethodCodeHeapSize                   = 7602480                                {pd product} {ergonomic}
    uintx NonProfiledCodeHeapSize                  = 122027880                              {pd product} {ergonomic}
    uintx ProfiledCodeHeapSize                     = 122027880                              {pd product} {ergonomic}
    uintx ReservedCodeCacheSize                    = 251658240                              {pd product} {ergonomic}
     bool SegmentedCodeCache                       = true                                      {product} {ergonomic}
   size_t SoftMaxHeapSize                          = 6404702208                             {manageable} {ergonomic}
     bool UseCompressedClassPointers               = true                           {product lp64_product} {ergonomic}
     bool UseCompressedOops                        = true                           {product lp64_product} {ergonomic}
     bool UseG1GC                                  = true                                      {product} {ergonomic}
     bool UseLargePagesIndividualAllocation        = false                                  {pd product} {ergonomic}

Logging:
Log output configuration:
 #0: stdout all=off uptime,level,tags
 #1: stderr all=off uptime,level,tags

Environment Variables:
PATH=C:\Program Files\Common Files\Oracle\Java\javapath;C:\Program Files (x86)\Common Files\Oracle\Java\javapath;C:\Windows\system32;C:\Windows;C:\Windows\System32\Wbem;C:\Windows\System32\WindowsPowerShell\v1.0\;C:\Windows\System32\OpenSSH\;C:\Program Files (x86)\NVIDIA Corporation\PhysX\Common;C:\Program Files\NVIDIA Corporation\NVIDIA NvDLISR;C:\Users\juanc\AppData\Local\Microsoft\WindowsApps;;C:\Users\juanc\AppData\Local\Programs\Microsoft VS Code\bin
USERNAME=juanc
OS=Windows_NT
PROCESSOR_IDENTIFIER=AMD64 Family 25 Model 80 Stepping 0, AuthenticAMD



---------------  S Y S T E M  ---------------

OS:
 Windows 11 , 64 bit Build 22000 (10.0.22000.675)
OS uptime: 0 days 4:17 hours

CPU: total 16 (initial active 16) (16 cores per cpu, 2 threads per core) family 25 model 80 stepping 0 microcode 0x0, cx8, cmov, fxsr, ht, mmx, 3dnowpref, sse, sse2, sse3, ssse3, sse4a, sse4.1, sse4.2, popcnt, lzcnt, tsc, tscinvbit, avx, avx2, aes, erms, clmul, bmi1, bmi2, adx, sha, fma, vzeroupper, clflush, clflushopt

Memory: 4k page, system-wide physical 24428M (14279M free)
TotalPageFile size 28012M (AvailPageFile size 14098M)
current process WorkingSet (physical memory assigned to process): 228M, peak: 311M
current process commit charge ("private bytes"): 385M, peak: 763M

vm_info: Java HotSpot(TM) 64-Bit Server VM (17.0.2+8-LTS-86) for windows-amd64 JRE (17.0.2+8-LTS-86), built on Dec  7 2021 21:51:03 by "mach5one" with MS VC++ 16.8 / 16.9 (VS2019)

END.
