#
# A fatal error has been detected by the Java Runtime Environment:
#
#  EXCEPTION_ACCESS_VIOLATION (0xc0000005) at pc=0x00007ff91ff362d7, pid=2264, tid=17380
#
# JRE version: Java(TM) SE Runtime Environment (17.0.2+8) (build 17.0.2+8-LTS-86)
# Java VM: Java HotSpot(TM) 64-Bit Server VM (17.0.2+8-LTS-86, mixed mode, sharing, tiered, compressed oops, compressed class ptrs, g1 gc, windows-amd64)
# Problematic frame:
# C  [glass.dll+0x262d7]
#
# No core dump will be written. Minidumps are not enabled by default on client versions of Windows
#
# If you would like to submit a bug report, please visit:
#   https://bugreport.java.com/bugreport/crash.jsp
#

---------------  S U M M A R Y ------------

Command Line: -Dfile.encoding=UTF-8 --add-modules=javafx.controls,javafx.fxml --module-path=C:\Users\juanc\OneDrive\Documentos\Universidad 3\POO\SEATORA\build\classes;C:\Program Files\Java\javafx-sdk-18.0.1\lib\javafx-swt.jar;C:\Program Files\Java\javafx-sdk-18.0.1\lib\javafx.base.jar;C:\Program Files\Java\javafx-sdk-18.0.1\lib\javafx.controls.jar;C:\Program Files\Java\javafx-sdk-18.0.1\lib\javafx.fxml.jar;C:\Program Files\Java\javafx-sdk-18.0.1\lib\javafx.graphics.jar;C:\Program Files\Java\javafx-sdk-18.0.1\lib\javafx.media.jar;C:\Program Files\Java\javafx-sdk-18.0.1\lib\javafx.swing.jar;C:\Program Files\Java\javafx-sdk-18.0.1\lib\javafx.web.jar start.Seatora

Host: AMD Ryzen 7 5800H with Radeon Graphics         , 16 cores, 23G,  Windows 11 , 64 bit Build 22000 (10.0.22000.675)
Time: Thu May 26 00:40:29 2022 Hora est. Pacífico, Sudamérica elapsed time: 70.691966 seconds (0d 0h 1m 10s)

---------------  T H R E A D  ---------------

Current thread (0x0000021fa490dd30):  VMThread "VM Thread" [stack: 0x000000a8ec300000,0x000000a8ec400000] [id=17380]

Stack: [0x000000a8ec300000,0x000000a8ec400000],  sp=0x000000a8ec3fedf0,  free space=1019k
Native frames: (J=compiled Java code, j=interpreted, Vv=VM code, C=native code)
C  [glass.dll+0x262d7]


siginfo: EXCEPTION_ACCESS_VIOLATION (0xc0000005), reading address 0x0000000000000000


Register to memory mapping:

RIP=0x00007ff91ff362d7 glass.dll
RAX=0x0 is NULL
RBX=0x0000021fa491bb00 is a global jni handle
RCX=0x0000021fa490dd30 points into unknown readable memory: 0x00007ff8c679e890 | 90 e8 79 c6 f8 7f 00 00
RDX=0x000000a8ec3fedf0 points into unknown readable memory: 0x0000000000000000 | 00 00 00 00 00 00 00 00
RSP=0x000000a8ec3fedf0 points into unknown readable memory: 0x0000000000000000 | 00 00 00 00 00 00 00 00
RBP=0x0000021fa6271378 points into unknown readable memory: 0x0000bf6ab0ac6801 | 01 68 ac b0 6a bf 00 00
RSI=0x0000021fa6271350 points into unknown readable memory: 0x000040988f4a05b9 | b9 05 4a 8f 98 40 00 00
RDI=0x0000bf6ab0ac6801 is an unknown value
R8 =0x0000000000010002 is an unknown value
R9 =0x0000bf6ab0ac6801 is an unknown value
R10=0x85f13e9656da4870 is an unknown value
R11=0x000000a8ec3fed80 points into unknown readable memory: 0x0000021fa6271350 | 50 13 27 a6 1f 02 00 00
R12=0x00007ff91ff33bc4 glass.dll
R13=0x00007ff8c69449d0 jvm.dll
R14=0x000000a8ec3feef8 points into unknown readable memory: 0x000000a8ec3feee0 | e0 ee 3f ec a8 00 00 00
R15=0x0000021fa6271350 points into unknown readable memory: 0x000040988f4a05b9 | b9 05 4a 8f 98 40 00 00


Registers:
RAX=0x0000000000000000, RBX=0x0000021fa491bb00, RCX=0x0000021fa490dd30, RDX=0x000000a8ec3fedf0
RSP=0x000000a8ec3fedf0, RBP=0x0000021fa6271378, RSI=0x0000021fa6271350, RDI=0x0000bf6ab0ac6801
R8 =0x0000000000010002, R9 =0x0000bf6ab0ac6801, R10=0x85f13e9656da4870, R11=0x000000a8ec3fed80
R12=0x00007ff91ff33bc4, R13=0x00007ff8c69449d0, R14=0x000000a8ec3feef8, R15=0x0000021fa6271350
RIP=0x00007ff91ff362d7, EFLAGS=0x0000000000010206

Top of Stack: (sp=0x000000a8ec3fedf0)
0x000000a8ec3fedf0:   0000000000000000 0000021fa6271350
0x000000a8ec3fee00:   00007ff8c69449d0 00007ff91ff33bc4
0x000000a8ec3fee10:   0000021fa6271358 00007ff95a64bea0
0x000000a8ec3fee20:   0000bf6ab0ac6801 0000021f00000000
0x000000a8ec3fee30:   0000021fa6271378 0000021fa6271350
0x000000a8ec3fee40:   fffffffffffffffe 0000000000000000
0x000000a8ec3fee50:   0000000000000001 00007ff91ff10000
0x000000a8ec3fee60:   000000a8ec3feee8 00007ff95a64bdb7
0x000000a8ec3fee70:   0000000000000000 000000a8ec3feef8
0x000000a8ec3fee80:   000000a8ec3ff1d0 00007ff95a7312b0
0x000000a8ec3fee90:   0000000000000001 00007ff95a64bd6d
0x000000a8ec3feea0:   0000000000000000 0000000000000001
0x000000a8ec3feeb0:   0000000000000000 000000a8ec3feee8
0x000000a8ec3feec0:   fffffffffffffffe 000000a800000000
0x000000a8ec3feed0:   ffffffff00000001 00007ff91ff33a51
0x000000a8ec3feee0:   00007ff91ff49f88 00007ff800000002 

Instructions: (pc=0x00007ff91ff362d7)
0x00007ff91ff361d7:   8b 4d 58 e8 2d cf ff ff 48 8b 4d 60 e8 24 cf ff
0x00007ff91ff361e7:   ff 48 8b 95 80 00 00 00 48 8b 8d 18 01 00 00 e8
0x00007ff91ff361f7:   16 c4 ff ff 33 d2 33 c9 e8 5c e1 ff ff 90 48 89
0x00007ff91ff36207:   54 24 10 55 48 83 ec 20 48 8b ea 48 b8 00 00 00
0x00007ff91ff36217:   00 00 00 00 00 48 83 c4 20 5d c3 cc 40 55 48 8b
0x00007ff91ff36227:   ea 48 8b 01 33 c9 81 38 05 00 00 c0 0f 94 c1 8b
0x00007ff91ff36237:   c1 5d c3 cc 40 55 48 83 ec 20 48 8b ea 8a 4d 40
0x00007ff91ff36247:   48 83 c4 20 5d e9 17 d3 ff ff cc 40 55 48 83 ec
0x00007ff91ff36257:   20 48 8b ea 8a 4d 20 e8 05 d3 ff ff 90 48 83 c4
0x00007ff91ff36267:   20 5d c3 cc 40 55 48 83 ec 20 48 8b ea 48 83 c4
0x00007ff91ff36277:   20 5d e9 66 d1 ff ff cc 40 55 48 83 ec 30 48 8b
0x00007ff91ff36287:   ea 48 8b 01 8b 10 48 89 4c 24 28 89 54 24 20 4c
0x00007ff91ff36297:   8d 0d 07 d6 ff ff 4c 8b 45 70 8b 55 68 48 8b 4d
0x00007ff91ff362a7:   60 e8 a7 d0 ff ff 90 48 83 c4 30 5d c3 cc cc cc
0x00007ff91ff362b7:   cc cc cc cc cc cc cc cc cc 40 53 48 83 ec 20 48
0x00007ff91ff362c7:   8b 1d bb 36 01 00 48 85 db 74 16 e8 59 8b ff ff
0x00007ff91ff362d7:   4c 8b 00 48 8b d3 48 8b c8 41 ff 90 b0 00 00 00
0x00007ff91ff362e7:   90 48 83 c4 20 5b c3 cc cc 40 53 48 83 ec 20 48
0x00007ff91ff362f7:   8b 1d 2b 38 01 00 48 85 db 74 57 b8 ff ff ff ff
0x00007ff91ff36307:   f0 0f c1 43 10 83 f8 01 75 3d 48 85 db 74 38 48
0x00007ff91ff36317:   8b 0b 48 85 c9 74 0d ff 15 84 0f 00 00 48 c7 03
0x00007ff91ff36327:   00 00 00 00 48 8b 4b 08 48 85 c9 74 0d e8 d3 cd
0x00007ff91ff36337:   ff ff 48 c7 43 08 00 00 00 00 ba 18 00 00 00 48
0x00007ff91ff36347:   8b cb e8 be cd ff ff 48 c7 05 cf 37 01 00 00 00
0x00007ff91ff36357:   00 00 48 83 c4 20 5b c3 cc 40 53 48 83 ec 20 48
0x00007ff91ff36367:   8b 1d 9b 37 01 00 48 85 db 74 57 b8 ff ff ff ff
0x00007ff91ff36377:   f0 0f c1 43 10 83 f8 01 75 3d 48 85 db 74 38 48
0x00007ff91ff36387:   8b 0b 48 85 c9 74 0d ff 15 14 0f 00 00 48 c7 03
0x00007ff91ff36397:   00 00 00 00 48 8b 4b 08 48 85 c9 74 0d e8 63 cd
0x00007ff91ff363a7:   ff ff 48 c7 43 08 00 00 00 00 ba 18 00 00 00 48
0x00007ff91ff363b7:   8b cb e8 4e cd ff ff 48 c7 05 3f 37 01 00 00 00
0x00007ff91ff363c7:   00 00 48 83 c4 20 5b c3 cc 40 53 48 83 ec 20 48 


Stack slot to memory mapping:
stack at sp + 0 slots: 0x0 is NULL
stack at sp + 1 slots: 0x0000021fa6271350 points into unknown readable memory: 0x000040988f4a05b9 | b9 05 4a 8f 98 40 00 00
stack at sp + 2 slots: 0x00007ff8c69449d0 jvm.dll
stack at sp + 3 slots: 0x00007ff91ff33bc4 glass.dll
stack at sp + 4 slots: 0x0000021fa6271358 points into unknown readable memory: 0x0000bf6ab0ac6801 | 01 68 ac b0 6a bf 00 00
stack at sp + 5 slots: 0x00007ff95a64bea0 ucrtbase.dll
stack at sp + 6 slots: 0x0000bf6ab0ac6801 is an unknown value
stack at sp + 7 slots: 0x0000021f00000000 is an unknown value

VM_Operation (0x000000a8edcf60b0): Exit, mode: safepoint, requested by thread 0x0000021fa492bb40


---------------  P R O C E S S  ---------------

Threads class SMR info:
_java_thread_list=0x0000021fa67de9a0, length=19, elements={
0x0000021ffc56eb80, 0x0000021fa4913b40, 0x0000021fa49166d0, 0x0000021fa4927420,
0x0000021fa4927ce0, 0x0000021fa4928bb0, 0x0000021fa49294c0, 0x0000021fa4937170,
0x0000021fa4940b40, 0x0000021fa494c020, 0x0000021fa492ce80, 0x0000021fa4929990,
0x0000021fa492b1a0, 0x0000021fa492b670, 0x0000021fa492bb40, 0x0000021fa4929e60,
0x0000021fa492c4e0, 0x0000021fa492a330, 0x0000021fa492a800
}

Java Threads: ( => current thread )
  0x0000021ffc56eb80 JavaThread "main" [_thread_blocked, id=4996, stack(0x000000a8ebd00000,0x000000a8ebe00000)]
  0x0000021fa4913b40 JavaThread "Reference Handler" daemon [_thread_blocked, id=12200, stack(0x000000a8ec400000,0x000000a8ec500000)]
  0x0000021fa49166d0 JavaThread "Finalizer" daemon [_thread_blocked, id=7200, stack(0x000000a8ec500000,0x000000a8ec600000)]
  0x0000021fa4927420 JavaThread "Signal Dispatcher" daemon [_thread_blocked, id=17796, stack(0x000000a8ec600000,0x000000a8ec700000)]
  0x0000021fa4927ce0 JavaThread "Attach Listener" daemon [_thread_blocked, id=16828, stack(0x000000a8ec700000,0x000000a8ec800000)]
  0x0000021fa4928bb0 JavaThread "Service Thread" daemon [_thread_blocked, id=22332, stack(0x000000a8ec800000,0x000000a8ec900000)]
  0x0000021fa49294c0 JavaThread "Monitor Deflation Thread" daemon [_thread_blocked, id=9412, stack(0x000000a8ec900000,0x000000a8eca00000)]
  0x0000021fa4937170 JavaThread "C2 CompilerThread0" daemon [_thread_blocked, id=6560, stack(0x000000a8eca00000,0x000000a8ecb00000)]
  0x0000021fa4940b40 JavaThread "C1 CompilerThread0" daemon [_thread_blocked, id=764, stack(0x000000a8ecb00000,0x000000a8ecc00000)]
  0x0000021fa494c020 JavaThread "Sweeper thread" daemon [_thread_blocked, id=21240, stack(0x000000a8ecc00000,0x000000a8ecd00000)]
  0x0000021fa492ce80 JavaThread "Common-Cleaner" daemon [_thread_blocked, id=12872, stack(0x000000a8ece00000,0x000000a8ecf00000)]
  0x0000021fa4929990 JavaThread "Notification Thread" daemon [_thread_blocked, id=8992, stack(0x000000a8ed700000,0x000000a8ed800000)]
  0x0000021fa492b1a0 JavaThread "QuantumRenderer-0" daemon [_thread_blocked, id=22448, stack(0x000000a8ed900000,0x000000a8eda00000)]
  0x0000021fa492b670 JavaThread "InvokeLaterDispatcher" daemon [_thread_blocked, id=3948, stack(0x000000a8edb00000,0x000000a8edc00000)]
  0x0000021fa492bb40 JavaThread "JavaFX Application Thread" [_thread_blocked, id=10104, stack(0x000000a8edc00000,0x000000a8edd00000)]
  0x0000021fa4929e60 JavaThread "JavaFX-Launcher" [_thread_blocked, id=16516, stack(0x000000a8ede00000,0x000000a8edf00000)]
  0x0000021fa492c4e0 JavaThread "Thread-2" daemon [_thread_in_native, id=3324, stack(0x000000a8ed600000,0x000000a8ed700000)]
  0x0000021fa492a330 JavaThread "Prism Font Disposer" daemon [_thread_blocked, id=1436, stack(0x000000a8ee700000,0x000000a8ee800000)]
  0x0000021fa492a800 JavaThread "Cleaner-0" daemon [_thread_blocked, id=12880, stack(0x000000a8eeb50000,0x000000a8eec50000)]

Other Threads:
=>0x0000021fa490dd30 VMThread "VM Thread" [stack: 0x000000a8ec300000,0x000000a8ec400000] [id=17380]
  0x0000021ffc5d0fa0 GCTaskThread "GC Thread#0" [stack: 0x000000a8ebe00000,0x000000a8ebf00000] [id=7872]
  0x0000021fa65a9b60 GCTaskThread "GC Thread#1" [stack: 0x000000a8edf00000,0x000000a8ee000000] [id=13160]
  0x0000021fa65effe0 GCTaskThread "GC Thread#2" [stack: 0x000000a8ee000000,0x000000a8ee100000] [id=14020]
  0x0000021fa65fccd0 GCTaskThread "GC Thread#3" [stack: 0x000000a8ee100000,0x000000a8ee200000] [id=2948]
  0x0000021fa65dac70 GCTaskThread "GC Thread#4" [stack: 0x000000a8ee200000,0x000000a8ee300000] [id=7084]
  0x0000021fa65db330 GCTaskThread "GC Thread#5" [stack: 0x000000a8ee300000,0x000000a8ee400000] [id=15272]
  0x0000021fa65db9f0 GCTaskThread "GC Thread#6" [stack: 0x000000a8ee400000,0x000000a8ee500000] [id=7584]
  0x0000021fa65dc4c0 GCTaskThread "GC Thread#7" [stack: 0x000000a8ee500000,0x000000a8ee600000] [id=16816]
  0x0000021fa65dc770 GCTaskThread "GC Thread#8" [stack: 0x000000a8ee600000,0x000000a8ee700000] [id=22248]
  0x0000021fa65a1d70 GCTaskThread "GC Thread#9" [stack: 0x000000a8ed100000,0x000000a8ed200000] [id=21308]
  0x0000021ffc5ddbc0 ConcurrentGCThread "G1 Main Marker" terminated
  0x0000021ffc5deb80 ConcurrentGCThread "G1 Conc#0" [stack: 0x000000a8ec000000,0x000000a8ec100000] [id=18120]
  0x0000021fa47d14c0 ConcurrentGCThread "G1 Refine#0" terminated
  0x0000021fa47d3ba0 ConcurrentGCThread "G1 Service" terminated

Threads with active compile tasks:

VM state: at safepoint (shutting down)

VM Mutex/Monitor currently owned by a thread:  ([mutex/lock_event])
[0x0000021ffc56c230] Threads_lock - owner thread: 0x0000021fa490dd30
[0x0000021ffc56ae80] Heap_lock - owner thread: 0x0000021fa492bb40

Heap address: 0x0000000682400000, size: 6108 MB, Compressed Oops mode: Zero based, Oop shift amount: 3

CDS archive(s) mapped at: [0x0000000800000000-0x0000000800bc0000-0x0000000800bc0000), size 12320768, SharedBaseAddress: 0x0000000800000000, ArchiveRelocationMode: 0.
Compressed class space mapped at: 0x0000000800c00000-0x0000000840c00000, reserved size: 1073741824
Narrow klass base: 0x0000000800000000, Narrow klass shift: 0, Narrow klass range: 0x100000000

GC Precious Log:
 CPUs: 16 total, 16 available
 Memory: 24428M
 Large Page Support: Disabled
 NUMA Support: Disabled
 Compressed Oops: Enabled (Zero based)
 Heap Region Size: 4M
 Heap Min Capacity: 8M
 Heap Initial Capacity: 384M
 Heap Max Capacity: 6108M
 Pre-touch: Disabled
 Parallel Workers: 13
 Concurrent Workers: 3
 Concurrent Refinement Workers: 13
 Periodic GC: Disabled

Heap:
 garbage-first heap   total 393216K, used 82346K [0x0000000682400000, 0x0000000800000000)
  region size 4096K, 16 young (65536K), 2 survivors (8192K)
 Metaspace       used 18785K, committed 19008K, reserved 1073152K
  class space    used 2671K, committed 2816K, reserved 1048576K

Heap Regions: E=young(eden), S=young(survivor), O=old, HS=humongous(starts), HC=humongous(continues), CS=collection set, F=free, OA=open archive, CA=closed archive, TAMS=top-at-mark-start (previous, next)
|   0|0x0000000682400000, 0x0000000682800000, 0x0000000682800000|100%|HS|  |TAMS 0x0000000682400000, 0x0000000682400000| Complete 
|   1|0x0000000682800000, 0x0000000682c00000, 0x0000000682c00000|100%|HS|  |TAMS 0x0000000682800000, 0x0000000682800000| Complete 
|   2|0x0000000682c00000, 0x0000000682c6aa00, 0x0000000683000000| 10%| O|  |TAMS 0x0000000682c00000, 0x0000000682c00000| Untracked 
|   3|0x0000000683000000, 0x0000000683400000, 0x0000000683400000|100%|HS|  |TAMS 0x0000000683000000, 0x0000000683000000| Complete 
|   4|0x0000000683400000, 0x0000000683800000, 0x0000000683800000|100%|HS|  |TAMS 0x0000000683400000, 0x0000000683400000| Complete 
|   5|0x0000000683800000, 0x0000000683c00000, 0x0000000683c00000|100%|HS|  |TAMS 0x0000000683800000, 0x0000000683800000| Complete 
|   6|0x0000000683c00000, 0x0000000683c00000, 0x0000000684000000|  0%| F|  |TAMS 0x0000000683c00000, 0x0000000683c00000| Untracked 
|   7|0x0000000684000000, 0x0000000684000000, 0x0000000684400000|  0%| F|  |TAMS 0x0000000684000000, 0x0000000684000000| Untracked 
|   8|0x0000000684400000, 0x0000000684400000, 0x0000000684800000|  0%| F|  |TAMS 0x0000000684400000, 0x0000000684400000| Untracked 
|   9|0x0000000684800000, 0x0000000684800000, 0x0000000684c00000|  0%| F|  |TAMS 0x0000000684800000, 0x0000000684800000| Untracked 
|  10|0x0000000684c00000, 0x0000000684c00000, 0x0000000685000000|  0%| F|  |TAMS 0x0000000684c00000, 0x0000000684c00000| Untracked 
|  11|0x0000000685000000, 0x0000000685000000, 0x0000000685400000|  0%| F|  |TAMS 0x0000000685000000, 0x0000000685000000| Untracked 
|  12|0x0000000685400000, 0x0000000685400000, 0x0000000685800000|  0%| F|  |TAMS 0x0000000685400000, 0x0000000685400000| Untracked 
|  13|0x0000000685800000, 0x0000000685800000, 0x0000000685c00000|  0%| F|  |TAMS 0x0000000685800000, 0x0000000685800000| Untracked 
|  14|0x0000000685c00000, 0x0000000685c00000, 0x0000000686000000|  0%| F|  |TAMS 0x0000000685c00000, 0x0000000685c00000| Untracked 
|  15|0x0000000686000000, 0x0000000686000000, 0x0000000686400000|  0%| F|  |TAMS 0x0000000686000000, 0x0000000686000000| Untracked 
|  16|0x0000000686400000, 0x0000000686400000, 0x0000000686800000|  0%| F|  |TAMS 0x0000000686400000, 0x0000000686400000| Untracked 
|  17|0x0000000686800000, 0x0000000686800000, 0x0000000686c00000|  0%| F|  |TAMS 0x0000000686800000, 0x0000000686800000| Untracked 
|  18|0x0000000686c00000, 0x0000000686c00000, 0x0000000687000000|  0%| F|  |TAMS 0x0000000686c00000, 0x0000000686c00000| Untracked 
|  19|0x0000000687000000, 0x0000000687000000, 0x0000000687400000|  0%| F|  |TAMS 0x0000000687000000, 0x0000000687000000| Untracked 
|  20|0x0000000687400000, 0x0000000687400000, 0x0000000687800000|  0%| F|  |TAMS 0x0000000687400000, 0x0000000687400000| Untracked 
|  21|0x0000000687800000, 0x0000000687800000, 0x0000000687c00000|  0%| F|  |TAMS 0x0000000687800000, 0x0000000687800000| Untracked 
|  22|0x0000000687c00000, 0x0000000687c00000, 0x0000000688000000|  0%| F|  |TAMS 0x0000000687c00000, 0x0000000687c00000| Untracked 
|  23|0x0000000688000000, 0x0000000688000000, 0x0000000688400000|  0%| F|  |TAMS 0x0000000688000000, 0x0000000688000000| Untracked 
|  24|0x0000000688400000, 0x0000000688400000, 0x0000000688800000|  0%| F|  |TAMS 0x0000000688400000, 0x0000000688400000| Untracked 
|  25|0x0000000688800000, 0x0000000688800000, 0x0000000688c00000|  0%| F|  |TAMS 0x0000000688800000, 0x0000000688800000| Untracked 
|  26|0x0000000688c00000, 0x0000000688c00000, 0x0000000689000000|  0%| F|  |TAMS 0x0000000688c00000, 0x0000000688c00000| Untracked 
|  27|0x0000000689000000, 0x0000000689000000, 0x0000000689400000|  0%| F|  |TAMS 0x0000000689000000, 0x0000000689000000| Untracked 
|  28|0x0000000689400000, 0x0000000689400000, 0x0000000689800000|  0%| F|  |TAMS 0x0000000689400000, 0x0000000689400000| Untracked 
|  29|0x0000000689800000, 0x0000000689800000, 0x0000000689c00000|  0%| F|  |TAMS 0x0000000689800000, 0x0000000689800000| Untracked 
|  30|0x0000000689c00000, 0x0000000689c00000, 0x000000068a000000|  0%| F|  |TAMS 0x0000000689c00000, 0x0000000689c00000| Untracked 
|  31|0x000000068a000000, 0x000000068a000000, 0x000000068a400000|  0%| F|  |TAMS 0x000000068a000000, 0x000000068a000000| Untracked 
|  32|0x000000068a400000, 0x000000068a400000, 0x000000068a800000|  0%| F|  |TAMS 0x000000068a400000, 0x000000068a400000| Untracked 
|  33|0x000000068a800000, 0x000000068a800000, 0x000000068ac00000|  0%| F|  |TAMS 0x000000068a800000, 0x000000068a800000| Untracked 
|  34|0x000000068ac00000, 0x000000068ac00000, 0x000000068b000000|  0%| F|  |TAMS 0x000000068ac00000, 0x000000068ac00000| Untracked 
|  35|0x000000068b000000, 0x000000068b000000, 0x000000068b400000|  0%| F|  |TAMS 0x000000068b000000, 0x000000068b000000| Untracked 
|  36|0x000000068b400000, 0x000000068b400000, 0x000000068b800000|  0%| F|  |TAMS 0x000000068b400000, 0x000000068b400000| Untracked 
|  37|0x000000068b800000, 0x000000068b800000, 0x000000068bc00000|  0%| F|  |TAMS 0x000000068b800000, 0x000000068b800000| Untracked 
|  38|0x000000068bc00000, 0x000000068bc00000, 0x000000068c000000|  0%| F|  |TAMS 0x000000068bc00000, 0x000000068bc00000| Untracked 
|  39|0x000000068c000000, 0x000000068c000000, 0x000000068c400000|  0%| F|  |TAMS 0x000000068c000000, 0x000000068c000000| Untracked 
|  40|0x000000068c400000, 0x000000068c400000, 0x000000068c800000|  0%| F|  |TAMS 0x000000068c400000, 0x000000068c400000| Untracked 
|  41|0x000000068c800000, 0x000000068c800000, 0x000000068cc00000|  0%| F|  |TAMS 0x000000068c800000, 0x000000068c800000| Untracked 
|  42|0x000000068cc00000, 0x000000068cc00000, 0x000000068d000000|  0%| F|  |TAMS 0x000000068cc00000, 0x000000068cc00000| Untracked 
|  43|0x000000068d000000, 0x000000068d000000, 0x000000068d400000|  0%| F|  |TAMS 0x000000068d000000, 0x000000068d000000| Untracked 
|  44|0x000000068d400000, 0x000000068d400000, 0x000000068d800000|  0%| F|  |TAMS 0x000000068d400000, 0x000000068d400000| Untracked 
|  45|0x000000068d800000, 0x000000068d800000, 0x000000068dc00000|  0%| F|  |TAMS 0x000000068d800000, 0x000000068d800000| Untracked 
|  46|0x000000068dc00000, 0x000000068dc00000, 0x000000068e000000|  0%| F|  |TAMS 0x000000068dc00000, 0x000000068dc00000| Untracked 
|  47|0x000000068e000000, 0x000000068e000000, 0x000000068e400000|  0%| F|  |TAMS 0x000000068e000000, 0x000000068e000000| Untracked 
|  48|0x000000068e400000, 0x000000068e400000, 0x000000068e800000|  0%| F|  |TAMS 0x000000068e400000, 0x000000068e400000| Untracked 
|  49|0x000000068e800000, 0x000000068e800000, 0x000000068ec00000|  0%| F|  |TAMS 0x000000068e800000, 0x000000068e800000| Untracked 
|  50|0x000000068ec00000, 0x000000068ec00000, 0x000000068f000000|  0%| F|  |TAMS 0x000000068ec00000, 0x000000068ec00000| Untracked 
|  51|0x000000068f000000, 0x000000068f000000, 0x000000068f400000|  0%| F|  |TAMS 0x000000068f000000, 0x000000068f000000| Untracked 
|  52|0x000000068f400000, 0x000000068f400000, 0x000000068f800000|  0%| F|  |TAMS 0x000000068f400000, 0x000000068f400000| Untracked 
|  53|0x000000068f800000, 0x000000068f800000, 0x000000068fc00000|  0%| F|  |TAMS 0x000000068f800000, 0x000000068f800000| Untracked 
|  54|0x000000068fc00000, 0x000000068fc00000, 0x0000000690000000|  0%| F|  |TAMS 0x000000068fc00000, 0x000000068fc00000| Untracked 
|  55|0x0000000690000000, 0x0000000690000000, 0x0000000690400000|  0%| F|  |TAMS 0x0000000690000000, 0x0000000690000000| Untracked 
|  56|0x0000000690400000, 0x0000000690400000, 0x0000000690800000|  0%| F|  |TAMS 0x0000000690400000, 0x0000000690400000| Untracked 
|  57|0x0000000690800000, 0x0000000690800000, 0x0000000690c00000|  0%| F|  |TAMS 0x0000000690800000, 0x0000000690800000| Untracked 
|  58|0x0000000690c00000, 0x0000000690c00000, 0x0000000691000000|  0%| F|  |TAMS 0x0000000690c00000, 0x0000000690c00000| Untracked 
|  59|0x0000000691000000, 0x0000000691000000, 0x0000000691400000|  0%| F|  |TAMS 0x0000000691000000, 0x0000000691000000| Untracked 
|  60|0x0000000691400000, 0x0000000691400000, 0x0000000691800000|  0%| F|  |TAMS 0x0000000691400000, 0x0000000691400000| Untracked 
|  61|0x0000000691800000, 0x0000000691800000, 0x0000000691c00000|  0%| F|  |TAMS 0x0000000691800000, 0x0000000691800000| Untracked 
|  62|0x0000000691c00000, 0x0000000691c00000, 0x0000000692000000|  0%| F|  |TAMS 0x0000000691c00000, 0x0000000691c00000| Untracked 
|  63|0x0000000692000000, 0x0000000692000000, 0x0000000692400000|  0%| F|  |TAMS 0x0000000692000000, 0x0000000692000000| Untracked 
|  64|0x0000000692400000, 0x0000000692400000, 0x0000000692800000|  0%| F|  |TAMS 0x0000000692400000, 0x0000000692400000| Untracked 
|  65|0x0000000692800000, 0x0000000692800000, 0x0000000692c00000|  0%| F|  |TAMS 0x0000000692800000, 0x0000000692800000| Untracked 
|  66|0x0000000692c00000, 0x0000000692c00000, 0x0000000693000000|  0%| F|  |TAMS 0x0000000692c00000, 0x0000000692c00000| Untracked 
|  67|0x0000000693000000, 0x0000000693000000, 0x0000000693400000|  0%| F|  |TAMS 0x0000000693000000, 0x0000000693000000| Untracked 
|  68|0x0000000693400000, 0x0000000693400000, 0x0000000693800000|  0%| F|  |TAMS 0x0000000693400000, 0x0000000693400000| Untracked 
|  69|0x0000000693800000, 0x0000000693800000, 0x0000000693c00000|  0%| F|  |TAMS 0x0000000693800000, 0x0000000693800000| Untracked 
|  70|0x0000000693c00000, 0x0000000693c00000, 0x0000000694000000|  0%| F|  |TAMS 0x0000000693c00000, 0x0000000693c00000| Untracked 
|  71|0x0000000694000000, 0x0000000694000000, 0x0000000694400000|  0%| F|  |TAMS 0x0000000694000000, 0x0000000694000000| Untracked 
|  72|0x0000000694400000, 0x0000000694400000, 0x0000000694800000|  0%| F|  |TAMS 0x0000000694400000, 0x0000000694400000| Untracked 
|  73|0x0000000694800000, 0x0000000694800000, 0x0000000694c00000|  0%| F|  |TAMS 0x0000000694800000, 0x0000000694800000| Untracked 
|  74|0x0000000694c00000, 0x0000000694c00000, 0x0000000695000000|  0%| F|  |TAMS 0x0000000694c00000, 0x0000000694c00000| Untracked 
|  75|0x0000000695000000, 0x0000000695000000, 0x0000000695400000|  0%| F|  |TAMS 0x0000000695000000, 0x0000000695000000| Untracked 
|  76|0x0000000695400000, 0x0000000695400000, 0x0000000695800000|  0%| F|  |TAMS 0x0000000695400000, 0x0000000695400000| Untracked 
|  77|0x0000000695800000, 0x0000000695800000, 0x0000000695c00000|  0%| F|  |TAMS 0x0000000695800000, 0x0000000695800000| Untracked 
|  78|0x0000000695c00000, 0x0000000695c00000, 0x0000000696000000|  0%| F|  |TAMS 0x0000000695c00000, 0x0000000695c00000| Untracked 
|  79|0x0000000696000000, 0x0000000696000000, 0x0000000696400000|  0%| F|  |TAMS 0x0000000696000000, 0x0000000696000000| Untracked 
|  80|0x0000000696400000, 0x0000000696492ca8, 0x0000000696800000| 14%| E|  |TAMS 0x0000000696400000, 0x0000000696400000| Complete 
|  81|0x0000000696800000, 0x0000000696c00000, 0x0000000696c00000|100%| E|CS|TAMS 0x0000000696800000, 0x0000000696800000| Complete 
|  82|0x0000000696c00000, 0x0000000697000000, 0x0000000697000000|100%| E|CS|TAMS 0x0000000696c00000, 0x0000000696c00000| Complete 
|  83|0x0000000697000000, 0x0000000697400000, 0x0000000697400000|100%| S|CS|TAMS 0x0000000697000000, 0x0000000697000000| Complete 
|  84|0x0000000697400000, 0x0000000697800000, 0x0000000697800000|100%| S|CS|TAMS 0x0000000697400000, 0x0000000697400000| Complete 
|  85|0x0000000697800000, 0x0000000697c00000, 0x0000000697c00000|100%| E|CS|TAMS 0x0000000697800000, 0x0000000697800000| Complete 
|  86|0x0000000697c00000, 0x0000000698000000, 0x0000000698000000|100%| E|CS|TAMS 0x0000000697c00000, 0x0000000697c00000| Complete 
|  87|0x0000000698000000, 0x0000000698400000, 0x0000000698400000|100%| E|CS|TAMS 0x0000000698000000, 0x0000000698000000| Complete 
|  88|0x0000000698400000, 0x0000000698800000, 0x0000000698800000|100%| E|CS|TAMS 0x0000000698400000, 0x0000000698400000| Complete 
|  89|0x0000000698800000, 0x0000000698c00000, 0x0000000698c00000|100%| E|CS|TAMS 0x0000000698800000, 0x0000000698800000| Complete 
|  90|0x0000000698c00000, 0x0000000699000000, 0x0000000699000000|100%| E|CS|TAMS 0x0000000698c00000, 0x0000000698c00000| Complete 
|  91|0x0000000699000000, 0x0000000699400000, 0x0000000699400000|100%| E|CS|TAMS 0x0000000699000000, 0x0000000699000000| Complete 
|  92|0x0000000699400000, 0x0000000699800000, 0x0000000699800000|100%| E|CS|TAMS 0x0000000699400000, 0x0000000699400000| Complete 
|  93|0x0000000699800000, 0x0000000699c00000, 0x0000000699c00000|100%| E|CS|TAMS 0x0000000699800000, 0x0000000699800000| Complete 
|  94|0x0000000699c00000, 0x000000069a000000, 0x000000069a000000|100%| E|CS|TAMS 0x0000000699c00000, 0x0000000699c00000| Complete 
|  95|0x000000069a000000, 0x000000069a400000, 0x000000069a400000|100%| E|CS|TAMS 0x000000069a000000, 0x000000069a000000| Complete 

Card table byte_map: [0x0000021ffdad0000,0x0000021ffe6c0000] _byte_map_base: 0x0000021ffa6be000

Marking Bits (Prev, Next): (CMBitMap*) 0x0000021ffc5d13c0, (CMBitMap*) 0x0000021ffc5d1400
 Prev Bits: [0x0000021f96780000, 0x0000021f9c6f0000)
 Next Bits: [0x0000021f9c6f0000, 0x0000021fa2660000)

Polling page: 0x0000021ffbd50000

Metaspace:

Usage:
  Non-class:     15.74 MB used.
      Class:      2.61 MB used.
       Both:     18.35 MB used.

Virtual space:
  Non-class space:       24.00 MB reserved,      15.81 MB ( 66%) committed,  3 nodes.
      Class space:        1.00 GB reserved,       2.75 MB ( <1%) committed,  1 nodes.
             Both:        1.02 GB reserved,      18.56 MB (  2%) committed. 

Chunk freelists:
   Non-Class:  3.88 MB
       Class:  1.15 MB
        Both:  5.03 MB

MaxMetaspaceSize: unlimited
CompressedClassSpaceSize: 1.00 GB
Initial GC threshold: 21.00 MB
Current GC threshold: 21.00 MB
CDS: on
MetaspaceReclaimPolicy: balanced
 - commit_granule_bytes: 65536.
 - commit_granule_words: 8192.
 - virtual_space_node_default_size: 1048576.
 - enlarge_chunks_in_place: 1.
 - new_chunks_are_fully_committed: 0.
 - uncommit_free_chunks: 1.
 - use_allocation_guard: 0.
 - handle_deallocations: 1.


Internal statistics:

num_allocs_failed_limit: 0.
num_arena_births: 250.
num_arena_deaths: 0.
num_vsnodes_births: 4.
num_vsnodes_deaths: 0.
num_space_committed: 297.
num_space_uncommitted: 0.
num_chunks_returned_to_freelist: 0.
num_chunks_taken_from_freelist: 912.
num_chunk_merges: 0.
num_chunk_splits: 634.
num_chunks_enlarged: 498.
num_purges: 0.
num_inconsistent_stats: 0.

CodeHeap 'non-profiled nmethods': size=119168Kb used=2584Kb max_used=2584Kb free=116583Kb
 bounds [0x0000021f8f320000, 0x0000021f8f5b0000, 0x0000021f96780000]
CodeHeap 'profiled nmethods': size=119104Kb used=11009Kb max_used=11009Kb free=108095Kb
 bounds [0x0000021f87ed0000, 0x0000021f889a0000, 0x0000021f8f320000]
CodeHeap 'non-nmethods': size=7488Kb used=1432Kb max_used=3194Kb free=6056Kb
 bounds [0x0000021f87780000, 0x0000021f87aa0000, 0x0000021f87ed0000]
 total_blobs=5776 nmethods=4984 adapters=704
 compilation: enabled
              stopped_count=0, restarted_count=0
 full_count=0

Compilation events (20 events):
Event: 69.024 Thread 0x0000021fa4940b40 nmethod 4981 0x0000021f8898f990 code [0x0000021f8898fb80, 0x0000021f889901c8]
Event: 69.024 Thread 0x0000021fa4940b40 4975       1       com.sun.prism.d3d.D3DSwapChain::getPixelScaleFactorX (5 bytes)
Event: 69.024 Thread 0x0000021fa4940b40 nmethod 4975 0x0000021f8f597690 code [0x0000021f8f597820, 0x0000021f8f5978f8]
Event: 69.024 Thread 0x0000021fa4940b40 4976       1       com.sun.prism.d3d.D3DSwapChain::getPixelScaleFactorY (5 bytes)
Event: 69.024 Thread 0x0000021fa4940b40 nmethod 4976 0x0000021f8f597990 code [0x0000021f8f597b20, 0x0000021f8f597bf8]
Event: 69.024 Thread 0x0000021fa4940b40 4982  s    1       com.sun.javafx.tk.quantum.GlassScene::getDoPresent (5 bytes)
Event: 69.025 Thread 0x0000021fa4940b40 nmethod 4982 0x0000021f8f597c90 code [0x0000021f8f597e20, 0x0000021f8f597f98]
Event: 69.106 Thread 0x0000021fa4937170 nmethod 4957 0x0000021f8f598010 code [0x0000021f8f598500, 0x0000021f8f59dc88]
Event: 69.107 Thread 0x0000021fa4937170 4968       4       javafx.scene.control.skin.LabeledSkinBase::getCleanText (64 bytes)
Event: 69.111 Thread 0x0000021fa4937170 nmethod 4968 0x0000021f8f5a0710 code [0x0000021f8f5a0900, 0x0000021f8f5a0f00]
Event: 69.111 Thread 0x0000021fa4937170 4963       4       javafx.beans.property.SimpleObjectProperty::<init> (24 bytes)
Event: 69.112 Thread 0x0000021fa4937170 nmethod 4963 0x0000021f8f5a1390 code [0x0000021f8f5a1500, 0x0000021f8f5a1878]
Event: 69.112 Thread 0x0000021fa4937170 4970       4       com.sun.javafx.text.PrismTextLayout::relayout (46 bytes)
Event: 69.113 Thread 0x0000021fa4937170 nmethod 4970 0x0000021f8f5a1910 code [0x0000021f8f5a1a80, 0x0000021f8f5a1c58]
Event: 69.763 Thread 0x0000021fa4937170 4983       4       com.sun.javafx.scene.input.InputEventUtils::recomputeCoordinates (220 bytes)
Event: 69.776 Thread 0x0000021fa4937170 nmethod 4983 0x0000021f8f5a1d10 code [0x0000021f8f5a1fe0, 0x0000021f8f5a3030]
Event: 69.779 Thread 0x0000021fa4937170 4984       4       com.sun.javafx.event.EventHandlerManager::dispatchCapturingEvent (23 bytes)
Event: 69.786 Thread 0x0000021fa4937170 nmethod 4984 0x0000021f8f5a4010 code [0x0000021f8f5a4240, 0x0000021f8f5a4ad0]
Event: 70.180 Thread 0x0000021fa4937170 4985       4       javafx.scene.Node::intersects (47 bytes)
Event: 70.186 Thread 0x0000021fa4937170 nmethod 4985 0x0000021f8f5a5310 code [0x0000021f8f5a5500, 0x0000021f8f5a5ce0]

GC Heap History (4 events):
Event: 0.298 GC heap before
{Heap before GC invocations=0 (full 0):
 garbage-first heap   total 393216K, used 16384K [0x0000000682400000, 0x0000000800000000)
  region size 4096K, 5 young (20480K), 0 survivors (0K)
 Metaspace       used 4175K, committed 4288K, reserved 1056768K
  class space    used 476K, committed 512K, reserved 1048576K
}
Event: 0.300 GC heap after
{Heap after GC invocations=1 (full 0):
 garbage-first heap   total 393216K, used 2735K [0x0000000682400000, 0x0000000800000000)
  region size 4096K, 1 young (4096K), 1 survivors (4096K)
 Metaspace       used 4175K, committed 4288K, reserved 1056768K
  class space    used 476K, committed 512K, reserved 1048576K
}
Event: 1.627 GC heap before
{Heap before GC invocations=1 (full 0):
 garbage-first heap   total 393216K, used 47791K [0x0000000682400000, 0x0000000800000000)
  region size 4096K, 11 young (45056K), 1 survivors (4096K)
 Metaspace       used 14180K, committed 14400K, reserved 1064960K
  class space    used 2069K, committed 2176K, reserved 1048576K
}
Event: 1.630 GC heap after
{Heap after GC invocations=2 (full 0):
 garbage-first heap   total 393216K, used 16810K [0x0000000682400000, 0x0000000800000000)
  region size 4096K, 2 young (8192K), 2 survivors (8192K)
 Metaspace       used 14180K, committed 14400K, reserved 1064960K
  class space    used 2069K, committed 2176K, reserved 1048576K
}

Deoptimization events (20 events):
Event: 67.780 Thread 0x0000021fa492bb40 Uncommon trap: trap_request=0xffffffbe fr.pc=0x0000021f8f543e0c relative=0x000000000000430c
Event: 67.780 Thread 0x0000021fa492bb40 Uncommon trap: reason=profile_predicate action=maybe_recompile pc=0x0000021f8f543e0c method=javafx.scene.CssStyleHelper$CacheContainer.<init>(Ljavafx/scene/Node;Lcom/sun/javafx/css/StyleMap;I)V @ 164 c2
Event: 67.780 Thread 0x0000021fa492bb40 DEOPT PACKING pc=0x0000021f8f543e0c sp=0x000000a8edcf8b50
Event: 67.780 Thread 0x0000021fa492bb40 DEOPT UNPACKING pc=0x0000021f877d23a3 sp=0x000000a8edcf8a60 mode 2
Event: 67.780 Thread 0x0000021fa492bb40 Uncommon trap: trap_request=0xffffffbe fr.pc=0x0000021f8f54437c relative=0x000000000000487c
Event: 67.780 Thread 0x0000021fa492bb40 Uncommon trap: reason=profile_predicate action=maybe_recompile pc=0x0000021f8f54437c method=javafx.scene.CssStyleHelper.createStyleHelper(Ljavafx/scene/Node;)Ljavafx/scene/CssStyleHelper; @ 168 c2
Event: 67.780 Thread 0x0000021fa492bb40 DEOPT PACKING pc=0x0000021f8f54437c sp=0x000000a8edcf8ad0
Event: 67.780 Thread 0x0000021fa492bb40 DEOPT UNPACKING pc=0x0000021f877d23a3 sp=0x000000a8edcf8aa8 mode 2
Event: 67.780 Thread 0x0000021fa492bb40 Uncommon trap: trap_request=0xffffff45 fr.pc=0x0000021f8f56263c relative=0x000000000000aebc
Event: 67.780 Thread 0x0000021fa492bb40 Uncommon trap: reason=unstable_if action=reinterpret pc=0x0000021f8f56263c method=javafx.scene.CssStyleHelper.transitionToState(Ljavafx/scene/Node;)V @ 4 c2
Event: 67.780 Thread 0x0000021fa492bb40 DEOPT PACKING pc=0x0000021f8f56263c sp=0x000000a8edcf8a00
Event: 67.780 Thread 0x0000021fa492bb40 DEOPT UNPACKING pc=0x0000021f877d23a3 sp=0x000000a8edcf8970 mode 2
Event: 67.780 Thread 0x0000021fa492bb40 Uncommon trap: trap_request=0xffffffc6 fr.pc=0x0000021f8f580210 relative=0x0000000000001db0
Event: 67.780 Thread 0x0000021fa492bb40 Uncommon trap: reason=bimorphic_or_optimized_type_check action=maybe_recompile pc=0x0000021f8f580210 method=javafx.css.CompoundSelector.stateMatches(Ljavafx/css/Styleable;Ljava/util/Set;I)Z @ 160 c2
Event: 67.780 Thread 0x0000021fa492bb40 DEOPT PACKING pc=0x0000021f8f580210 sp=0x000000a8edcf8670
Event: 67.780 Thread 0x0000021fa492bb40 DEOPT UNPACKING pc=0x0000021f877d23a3 sp=0x000000a8edcf8618 mode 2
Event: 67.780 Thread 0x0000021fa492bb40 Uncommon trap: trap_request=0xffffffc6 fr.pc=0x0000021f8f580210 relative=0x0000000000001db0
Event: 67.780 Thread 0x0000021fa492bb40 Uncommon trap: reason=bimorphic_or_optimized_type_check action=maybe_recompile pc=0x0000021f8f580210 method=javafx.css.CompoundSelector.stateMatches(Ljavafx/css/Styleable;Ljava/util/Set;I)Z @ 160 c2
Event: 67.780 Thread 0x0000021fa492bb40 DEOPT PACKING pc=0x0000021f8f580210 sp=0x000000a8edcf8670
Event: 67.780 Thread 0x0000021fa492bb40 DEOPT UNPACKING pc=0x0000021f877d23a3 sp=0x000000a8edcf8618 mode 2

Classes unloaded (0 events):
No events

Classes redefined (0 events):
No events

Internal exceptions (20 events):
Event: 0.622 Thread 0x0000021fa492b1a0 Exception <a 'java/lang/NoSuchMethodError'{0x000000069864d430}: 'int java.lang.invoke.DirectMethodHandle$Holder.invokeStaticInit(java.lang.Object, java.lang.Object)'> (0x000000069864d430) 
thrown [t:\workspace\open\src\hotspot\share\interpreter\linkResolver.cpp, line 766]
Event: 1.453 Thread 0x0000021fa492bb40 Exception <a 'java/lang/NoSuchMethodError'{0x00000006982e5410}: 'long java.lang.invoke.DirectMethodHandle$Holder.invokeStatic(java.lang.Object, java.lang.Object, java.lang.Object)'> (0x00000006982e5410) 
thrown [t:\workspace\open\src\hotspot\share\interpreter\linkResolver.cpp, line 766]
Event: 1.453 Thread 0x0000021fa492bb40 Exception <a 'java/lang/NoSuchMethodError'{0x00000006982e8bb8}: 'long java.lang.invoke.DirectMethodHandle$Holder.invokeStaticInit(java.lang.Object, java.lang.Object, java.lang.Object)'> (0x00000006982e8bb8) 
thrown [t:\workspace\open\src\hotspot\share\interpreter\linkResolver.cpp, line 766]
Event: 1.454 Thread 0x0000021fa492bb40 Exception <a 'java/lang/NoSuchMethodError'{0x00000006983007c0}: 'java.lang.Object java.lang.invoke.DirectMethodHandle$Holder.newInvokeSpecial(java.lang.Object, java.lang.Object, long)'> (0x00000006983007c0) 
thrown [t:\workspace\open\src\hotspot\share\interpreter\linkResolver.cpp, line 766]
Event: 1.455 Thread 0x0000021fa492bb40 Exception <a 'java/lang/NoSuchMethodError'{0x0000000698304330}: 'java.lang.Object java.lang.invoke.Invokers$Holder.linkToTargetMethod(java.lang.Object, long, java.lang.Object)'> (0x0000000698304330) 
thrown [t:\workspace\open\src\hotspot\share\interpreter\linkResolver.cpp, line 766]
Event: 1.575 Thread 0x0000021fa492bb40 Exception <a 'java/lang/ClassNotFoundException'{0x0000000697ee3708}: com/sun/javafx/scene/control/skin/resources/controls> (0x0000000697ee3708) 
thrown [t:\workspace\open\src\hotspot\share\prims\jni.cpp, line 535]
Event: 1.575 Thread 0x0000021fa492bb40 Exception <a 'java/lang/ClassNotFoundException'{0x0000000697ef19a0}: com/sun/javafx/scene/control/skin/resources/controls_es> (0x0000000697ef19a0) 
thrown [t:\workspace\open\src\hotspot\share\prims\jni.cpp, line 535]
Event: 1.576 Thread 0x0000021fa492bb40 Exception <a 'java/lang/ClassNotFoundException'{0x0000000697eff8f8}: com/sun/javafx/scene/control/skin/resources/controls_es_CO> (0x0000000697eff8f8) 
thrown [t:\workspace\open\src\hotspot\share\prims\jni.cpp, line 535]
Event: 2.519 Thread 0x0000021fa492bb40 Exception <a 'java/lang/NoSuchMethodError'{0x0000000699478ad0}: 'void java.lang.invoke.DirectMethodHandle$Holder.invokeSpecial(java.lang.Object, java.lang.Object, java.lang.Object, java.lang.Object, java.lang.Object, java.lang.Object)'> (0x0000000699478ad0) 
thrown [t:\workspace\open\src\hotspot\share\interpreter\linkResolver.cpp, line 766]
Event: 2.541 Thread 0x0000021fa492bb40 Exception <a 'java/lang/NoSuchMethodError'{0x000000069909c6a0}: 'void java.lang.invoke.DirectMethodHandle$Holder.invokeSpecialIFC(java.lang.Object, java.lang.Object, java.lang.Object, java.lang.Object)'> (0x000000069909c6a0) 
thrown [t:\workspace\open\src\hotspot\share\interpreter\linkResolver.cpp, line 766]
Event: 2.550 Thread 0x0000021fa492bb40 Exception <a 'java/lang/NoSuchMethodError'{0x00000006991af3e8}: 'int java.lang.invoke.DirectMethodHandle$Holder.invokeSpecial(java.lang.Object, java.lang.Object, int)'> (0x00000006991af3e8) 
thrown [t:\workspace\open\src\hotspot\share\interpreter\linkResolver.cpp, line 766]
Event: 5.879 Thread 0x0000021fa492bb40 Exception <a 'java/lang/NoSuchMethodError'{0x0000000698d618a8}: 'java.lang.Object java.lang.invoke.DirectMethodHandle$Holder.newInvokeSpecial(java.lang.Object, java.lang.Object, int, int, int, int, int, java.lang.Object)'> (0x0000000698d618a8) 
thrown [t:\workspace\open\src\hotspot\share\interpreter\linkResolver.cpp, line 766]
Event: 5.879 Thread 0x0000021fa492bb40 Exception <a 'java/lang/NoSuchMethodError'{0x0000000698d75328}: 'java.lang.Object java.lang.invoke.DirectMethodHandle$Holder.newInvokeSpecial(java.lang.Object, java.lang.Object, java.lang.Object, int, int, int, int, int)'> (0x0000000698d75328) 
thrown [t:\workspace\open\src\hotspot\share\interpreter\linkResolver.cpp, line 766]
Event: 5.880 Thread 0x0000021fa492bb40 Exception <a 'java/lang/NoSuchMethodError'{0x0000000698d7d628}: 'java.lang.Object java.lang.invoke.Invokers$Holder.linkToTargetMethod(java.lang.Object, java.lang.Object, int, int, int, int, int, java.lang.Object)'> (0x0000000698d7d628) 
thrown [t:\workspace\open\src\hotspot\share\interpreter\linkResolver.cpp, line 766]
Event: 6.136 Thread 0x0000021fa492b1a0 Exception <a 'java/lang/NoSuchMethodError'{0x0000000699cf9138}: 'java.lang.Object java.lang.invoke.DirectMethodHandle$Holder.invokeStaticInit(java.lang.Object, int)'> (0x0000000699cf9138) 
thrown [t:\workspace\open\src\hotspot\share\interpreter\linkResolver.cpp, line 766]
Event: 14.681 Thread 0x0000021fa492bb40 Exception <a 'java/lang/NoSuchMethodError'{0x0000000696cb6d38}: 'int java.lang.invoke.DirectMethodHandle$Holder.invokeVirtual(java.lang.Object, java.lang.Object)'> (0x0000000696cb6d38) 
thrown [t:\workspace\open\src\hotspot\share\interpreter\linkResolver.cpp, line 766]
Event: 14.681 Thread 0x0000021fa492bb40 Exception <a 'java/lang/NoSuchMethodError'{0x0000000696cbd9c0}: 'void java.lang.invoke.DirectMethodHandle$Holder.invokeVirtual(java.lang.Object, java.lang.Object, int)'> (0x0000000696cbd9c0) 
thrown [t:\workspace\open\src\hotspot\share\interpreter\linkResolver.cpp, line 766]
Event: 17.102 Thread 0x0000021fa492bb40 Exception <a 'java/lang/ClassCastException'{0x0000000696fc3c10}: class java.lang.String cannot be cast to class javafx.scene.control.SingleSelectionModel (java.lang.String is in module java.base of loader 'bootstrap'; javafx.scene.control.SingleSelectionModel is in module javafx.controls@18.0.1 of loader 'app')> (0x0000000696fc3c10) 
thrown [t:\workspace\open\src\hotspot\share\interpreter\interpreterRuntime.cpp, line 444]
Event: 17.102 Thread 0x0000021fa492bb40 Exception <a 'java/lang/reflect/InvocationTargetException'{0x0000000696fc46d8}> (0x0000000696fc46d8) 
thrown [t:\workspace\open\src\hotspot\share\runtime\reflection.cpp, line 1121]
Event: 67.780 Thread 0x0000021fa492bb40 Implicit null exception at 0x0000021f8f5577b6 to 0x0000021f8f562620

VM Operations (20 events):
Event: 13.526 Executing VM operation: HandshakeAllThreads done
Event: 13.535 Executing VM operation: ICBufferFull
Event: 13.535 Executing VM operation: ICBufferFull done
Event: 14.535 Executing VM operation: Cleanup
Event: 14.535 Executing VM operation: Cleanup done
Event: 14.683 Executing VM operation: HandshakeAllThreads
Event: 14.683 Executing VM operation: HandshakeAllThreads done
Event: 15.683 Executing VM operation: Cleanup
Event: 15.684 Executing VM operation: Cleanup done
Event: 17.684 Executing VM operation: Cleanup
Event: 17.684 Executing VM operation: Cleanup done
Event: 19.684 Executing VM operation: Cleanup
Event: 19.684 Executing VM operation: Cleanup done
Event: 67.874 Executing VM operation: Cleanup
Event: 67.874 Executing VM operation: Cleanup done
Event: 68.875 Executing VM operation: Cleanup
Event: 68.875 Executing VM operation: Cleanup done
Event: 69.876 Executing VM operation: Cleanup
Event: 69.876 Executing VM operation: Cleanup done
Event: 70.187 Executing VM operation: Exit

Events (20 events):
Event: 14.682 loading class java/util/stream/ReduceOps$CountingSink$OfRef done
Event: 17.041 Thread 0x0000021fb0fed310 Thread exited: 0x0000021fb0fed310
Event: 17.044 Thread 0x0000021fb0fedd30 Thread added: 0x0000021fb0fedd30
Event: 17.044 Thread 0x0000021fb0fef170 Thread added: 0x0000021fb0fef170
Event: 17.090 Thread 0x0000021fb0ff2410 Thread added: 0x0000021fb0ff2410
Event: 17.090 Thread 0x0000021fb0ff1f00 Thread added: 0x0000021fb0ff1f00
Event: 17.090 Thread 0x0000021fb0fee750 Thread added: 0x0000021fb0fee750
Event: 17.102 loading class java/lang/Throwable$WrappedPrintStream
Event: 17.102 loading class java/lang/Throwable$PrintStreamOrWriter
Event: 17.102 loading class java/lang/Throwable$PrintStreamOrWriter done
Event: 17.102 loading class java/lang/Throwable$WrappedPrintStream done
Event: 18.173 Thread 0x0000021fb0fee750 Thread exited: 0x0000021fb0fee750
Event: 18.173 Thread 0x0000021fb0ff1f00 Thread exited: 0x0000021fb0ff1f00
Event: 18.189 Thread 0x0000021fb0ff2410 Thread exited: 0x0000021fb0ff2410
Event: 23.237 Thread 0x0000021fb0fef170 Thread exited: 0x0000021fb0fef170
Event: 28.237 Thread 0x0000021fb0fedd30 Thread exited: 0x0000021fb0fedd30
Event: 70.186 Thread 0x0000021fa5800a70 Thread added: 0x0000021fa5800a70
Event: 70.186 Thread 0x0000021fa5804430 Thread added: 0x0000021fa5804430
Event: 70.186 Thread 0x0000021fa5800a70 Thread exited: 0x0000021fa5800a70
Event: 70.187 Thread 0x0000021fa5804430 Thread exited: 0x0000021fa5804430


Dynamic libraries:
0x00007ff6c38d0000 - 0x00007ff6c38e0000 	C:\Program Files\Java\jdk-17.0.2\bin\java.exe
0x00007ff95ca40000 - 0x00007ff95cc49000 	C:\Windows\SYSTEM32\ntdll.dll
0x00007ff95ada0000 - 0x00007ff95ae5d000 	C:\Windows\System32\KERNEL32.DLL
0x00007ff95a280000 - 0x00007ff95a5f9000 	C:\Windows\System32\KERNELBASE.dll
0x00007ff95a630000 - 0x00007ff95a741000 	C:\Windows\System32\ucrtbase.dll
0x00007ff951430000 - 0x00007ff95144a000 	C:\Program Files\Java\jdk-17.0.2\bin\VCRUNTIME140.dll
0x00007ff92f460000 - 0x00007ff92f478000 	C:\Program Files\Java\jdk-17.0.2\bin\jli.dll
0x00007ff95c5e0000 - 0x00007ff95c68e000 	C:\Windows\System32\ADVAPI32.dll
0x00007ff95c530000 - 0x00007ff95c5d3000 	C:\Windows\System32\msvcrt.dll
0x00007ff95c2b0000 - 0x00007ff95c34e000 	C:\Windows\System32\sechost.dll
0x00007ff95b080000 - 0x00007ff95b1a0000 	C:\Windows\System32\RPCRT4.dll
0x00007ff95c700000 - 0x00007ff95c8ac000 	C:\Windows\System32\USER32.dll
0x00007ff94b670000 - 0x00007ff94b915000 	C:\Windows\WinSxS\amd64_microsoft.windows.common-controls_6595b64144ccf1df_6.0.22000.120_none_9d947278b86cc467\COMCTL32.dll
0x00007ff95a600000 - 0x00007ff95a626000 	C:\Windows\System32\win32u.dll
0x00007ff95b9d0000 - 0x00007ff95b9f9000 	C:\Windows\System32\GDI32.dll
0x00007ff959f30000 - 0x00007ff95a042000 	C:\Windows\System32\gdi32full.dll
0x00007ff95a7c0000 - 0x00007ff95a85d000 	C:\Windows\System32\msvcp_win.dll
0x00007ff9517b0000 - 0x00007ff9517ba000 	C:\Windows\SYSTEM32\VERSION.dll
0x00007ff95a8e0000 - 0x00007ff95a911000 	C:\Windows\System32\IMM32.DLL
0x00007ff930760000 - 0x00007ff93076c000 	C:\Program Files\Java\jdk-17.0.2\bin\vcruntime140_1.dll
0x00007ff8d9b90000 - 0x00007ff8d9c1d000 	C:\Program Files\Java\jdk-17.0.2\bin\msvcp140.dll
0x00007ff8c5e20000 - 0x00007ff8c69e1000 	C:\Program Files\Java\jdk-17.0.2\bin\server\jvm.dll
0x00007ff95b070000 - 0x00007ff95b078000 	C:\Windows\System32\PSAPI.DLL
0x00007ff951450000 - 0x00007ff951459000 	C:\Windows\SYSTEM32\WSOCK32.dll
0x00007ff953440000 - 0x00007ff953473000 	C:\Windows\SYSTEM32\WINMM.dll
0x00007ff95b960000 - 0x00007ff95b9cf000 	C:\Windows\System32\WS2_32.dll
0x00007ff959120000 - 0x00007ff959138000 	C:\Windows\SYSTEM32\kernel.appcore.dll
0x00007ff930750000 - 0x00007ff93075a000 	C:\Program Files\Java\jdk-17.0.2\bin\jimage.dll
0x00007ff9575c0000 - 0x00007ff9577e1000 	C:\Windows\SYSTEM32\DBGHELP.DLL
0x00007ff9435e0000 - 0x00007ff943611000 	C:\Windows\SYSTEM32\dbgcore.DLL
0x00007ff95a860000 - 0x00007ff95a8df000 	C:\Windows\System32\bcryptPrimitives.dll
0x00007ff925c90000 - 0x00007ff925cb5000 	C:\Program Files\Java\jdk-17.0.2\bin\java.dll
0x00007ff8d9c20000 - 0x00007ff8d9cf6000 	C:\Program Files\Java\jdk-17.0.2\bin\jsvml.dll
0x00007ff95ba00000 - 0x00007ff95c1af000 	C:\Windows\System32\SHELL32.dll
0x00007ff9580b0000 - 0x00007ff958918000 	C:\Windows\SYSTEM32\windows.storage.dll
0x00007ff95a9c0000 - 0x00007ff95ad38000 	C:\Windows\System32\combase.dll
0x00007ff957f40000 - 0x00007ff9580a6000 	C:\Windows\SYSTEM32\wintypes.dll
0x00007ff95c1b0000 - 0x00007ff95c29a000 	C:\Windows\System32\SHCORE.dll
0x00007ff95c8b0000 - 0x00007ff95c90d000 	C:\Windows\System32\shlwapi.dll
0x00007ff959e60000 - 0x00007ff959e81000 	C:\Windows\SYSTEM32\profapi.dll
0x00007ff930560000 - 0x00007ff930579000 	C:\Program Files\Java\jdk-17.0.2\bin\net.dll
0x00007ff954670000 - 0x00007ff95477c000 	C:\Windows\SYSTEM32\WINHTTP.dll
0x00007ff959550000 - 0x00007ff9595b7000 	C:\Windows\system32\mswsock.dll
0x00007ff92f4a0000 - 0x00007ff92f4b6000 	C:\Program Files\Java\jdk-17.0.2\bin\nio.dll
0x00007ff929420000 - 0x00007ff929438000 	C:\Program Files\Java\jdk-17.0.2\bin\zip.dll
0x0000021fa4ab0000 - 0x0000021fa4ab3000 	C:\Program Files\Java\javafx-sdk-18.0.1\bin\api-ms-win-core-console-l1-1-0.dll
0x0000021fa4ac0000 - 0x0000021fa4ac3000 	C:\Program Files\Java\javafx-sdk-18.0.1\bin\api-ms-win-core-console-l1-2-0.dll
0x0000021fa4ad0000 - 0x0000021fa4ad3000 	C:\Program Files\Java\javafx-sdk-18.0.1\bin\api-ms-win-core-datetime-l1-1-0.dll
0x0000021fa4ae0000 - 0x0000021fa4ae3000 	C:\Program Files\Java\javafx-sdk-18.0.1\bin\api-ms-win-core-debug-l1-1-0.dll
0x0000021fa4af0000 - 0x0000021fa4af3000 	C:\Program Files\Java\javafx-sdk-18.0.1\bin\api-ms-win-core-errorhandling-l1-1-0.dll
0x0000021fa4b00000 - 0x0000021fa4b04000 	C:\Program Files\Java\javafx-sdk-18.0.1\bin\api-ms-win-core-file-l1-1-0.dll
0x0000021fa4b10000 - 0x0000021fa4b13000 	C:\Program Files\Java\javafx-sdk-18.0.1\bin\api-ms-win-core-file-l1-2-0.dll
0x0000021fa4b20000 - 0x0000021fa4b23000 	C:\Program Files\Java\javafx-sdk-18.0.1\bin\api-ms-win-core-file-l2-1-0.dll
0x0000021fa4b30000 - 0x0000021fa4b33000 	C:\Program Files\Java\javafx-sdk-18.0.1\bin\api-ms-win-core-handle-l1-1-0.dll
0x0000021fa4b40000 - 0x0000021fa4b43000 	C:\Program Files\Java\javafx-sdk-18.0.1\bin\api-ms-win-core-heap-l1-1-0.dll
0x0000021fa4b50000 - 0x0000021fa4b53000 	C:\Program Files\Java\javafx-sdk-18.0.1\bin\api-ms-win-core-interlocked-l1-1-0.dll
0x0000021fa4b60000 - 0x0000021fa4b63000 	C:\Program Files\Java\javafx-sdk-18.0.1\bin\api-ms-win-core-libraryloader-l1-1-0.dll
0x0000021fa4b70000 - 0x0000021fa4b73000 	C:\Program Files\Java\javafx-sdk-18.0.1\bin\api-ms-win-core-localization-l1-2-0.dll
0x0000021fa4b80000 - 0x0000021fa4b83000 	C:\Program Files\Java\javafx-sdk-18.0.1\bin\api-ms-win-core-memory-l1-1-0.dll
0x0000021fa4b90000 - 0x0000021fa4b93000 	C:\Program Files\Java\javafx-sdk-18.0.1\bin\api-ms-win-core-namedpipe-l1-1-0.dll
0x0000021fa4ba0000 - 0x0000021fa4ba3000 	C:\Program Files\Java\javafx-sdk-18.0.1\bin\api-ms-win-core-processenvironment-l1-1-0.dll
0x0000021fa4bb0000 - 0x0000021fa4bb3000 	C:\Program Files\Java\javafx-sdk-18.0.1\bin\api-ms-win-core-processthreads-l1-1-0.dll
0x0000021fa4bc0000 - 0x0000021fa4bc3000 	C:\Program Files\Java\javafx-sdk-18.0.1\bin\api-ms-win-core-processthreads-l1-1-1.dll
0x0000021fa4bd0000 - 0x0000021fa4bd3000 	C:\Program Files\Java\javafx-sdk-18.0.1\bin\api-ms-win-core-profile-l1-1-0.dll
0x0000021fa4be0000 - 0x0000021fa4be3000 	C:\Program Files\Java\javafx-sdk-18.0.1\bin\api-ms-win-core-rtlsupport-l1-1-0.dll
0x0000021fa4bf0000 - 0x0000021fa4bf3000 	C:\Program Files\Java\javafx-sdk-18.0.1\bin\api-ms-win-core-string-l1-1-0.dll
0x0000021fa6fd0000 - 0x0000021fa6fd3000 	C:\Program Files\Java\javafx-sdk-18.0.1\bin\api-ms-win-core-synch-l1-1-0.dll
0x0000021fa6fe0000 - 0x0000021fa6fe3000 	C:\Program Files\Java\javafx-sdk-18.0.1\bin\api-ms-win-core-synch-l1-2-0.dll
0x0000021fa6ff0000 - 0x0000021fa6ff3000 	C:\Program Files\Java\javafx-sdk-18.0.1\bin\api-ms-win-core-sysinfo-l1-1-0.dll
0x0000021fa7000000 - 0x0000021fa7003000 	C:\Program Files\Java\javafx-sdk-18.0.1\bin\api-ms-win-core-timezone-l1-1-0.dll
0x0000021fa7010000 - 0x0000021fa7013000 	C:\Program Files\Java\javafx-sdk-18.0.1\bin\api-ms-win-core-util-l1-1-0.dll
0x0000021fa7020000 - 0x0000021fa7023000 	C:\Program Files\Java\javafx-sdk-18.0.1\bin\api-ms-win-crt-conio-l1-1-0.dll
0x0000021fa7030000 - 0x0000021fa7034000 	C:\Program Files\Java\javafx-sdk-18.0.1\bin\api-ms-win-crt-convert-l1-1-0.dll
0x0000021fa7040000 - 0x0000021fa7043000 	C:\Program Files\Java\javafx-sdk-18.0.1\bin\api-ms-win-crt-environment-l1-1-0.dll
0x0000021fa7050000 - 0x0000021fa7053000 	C:\Program Files\Java\javafx-sdk-18.0.1\bin\api-ms-win-crt-filesystem-l1-1-0.dll
0x0000021fa7060000 - 0x0000021fa7063000 	C:\Program Files\Java\javafx-sdk-18.0.1\bin\api-ms-win-crt-heap-l1-1-0.dll
0x0000021fa7070000 - 0x0000021fa7073000 	C:\Program Files\Java\javafx-sdk-18.0.1\bin\api-ms-win-crt-locale-l1-1-0.dll
0x0000021fa7080000 - 0x0000021fa7085000 	C:\Program Files\Java\javafx-sdk-18.0.1\bin\api-ms-win-crt-math-l1-1-0.dll
0x0000021fa7090000 - 0x0000021fa7095000 	C:\Program Files\Java\javafx-sdk-18.0.1\bin\api-ms-win-crt-multibyte-l1-1-0.dll
0x0000021fa70a0000 - 0x0000021fa70b0000 	C:\Program Files\Java\javafx-sdk-18.0.1\bin\api-ms-win-crt-private-l1-1-0.dll
0x0000021fa70b0000 - 0x0000021fa70b3000 	C:\Program Files\Java\javafx-sdk-18.0.1\bin\api-ms-win-crt-process-l1-1-0.dll
0x0000021fa70c0000 - 0x0000021fa70c4000 	C:\Program Files\Java\javafx-sdk-18.0.1\bin\api-ms-win-crt-runtime-l1-1-0.dll
0x0000021fa70d0000 - 0x0000021fa70d4000 	C:\Program Files\Java\javafx-sdk-18.0.1\bin\api-ms-win-crt-stdio-l1-1-0.dll
0x0000021fa70e0000 - 0x0000021fa70e4000 	C:\Program Files\Java\javafx-sdk-18.0.1\bin\api-ms-win-crt-string-l1-1-0.dll
0x0000021fa70f0000 - 0x0000021fa70f3000 	C:\Program Files\Java\javafx-sdk-18.0.1\bin\api-ms-win-crt-time-l1-1-0.dll
0x0000021fa7100000 - 0x0000021fa7103000 	C:\Program Files\Java\javafx-sdk-18.0.1\bin\api-ms-win-crt-utility-l1-1-0.dll
0x00007ff91b060000 - 0x00007ff91b15c000 	C:\Program Files\Java\javafx-sdk-18.0.1\bin\ucrtbase.dll
0x00007ff92f410000 - 0x00007ff92f42a000 	C:\Program Files\Java\javafx-sdk-18.0.1\bin\vcruntime140.dll
0x00007ff952e60000 - 0x00007ff952e6c000 	C:\Program Files\Java\javafx-sdk-18.0.1\bin\vcruntime140_1.dll
0x00007ff91aed0000 - 0x00007ff91af5d000 	C:\Program Files\Java\javafx-sdk-18.0.1\bin\msvcp140.dll
0x00007ff92bd10000 - 0x00007ff92bd3c000 	C:\Program Files\Java\javafx-sdk-18.0.1\bin\prism_d3d.dll
0x00007ff94ecd0000 - 0x00007ff94ee76000 	C:\Windows\system32\d3d9.dll
0x00007ff957960000 - 0x00007ff95798f000 	C:\Windows\SYSTEM32\dwmapi.dll
0x00007ff9574a0000 - 0x00007ff9574d8000 	C:\Windows\SYSTEM32\dxcore.dll
0x00007ff957180000 - 0x00007ff95722c000 	C:\Windows\system32\uxtheme.dll
0x00007ff94fdc0000 - 0x00007ff94fec7000 	C:\Windows\System32\DriverStore\FileRepository\nvltig.inf_amd64_ce837e92efe9cbc4\nvldumdx.dll
0x00007ff9597f0000 - 0x00007ff959802000 	C:\Windows\SYSTEM32\msasn1.dll
0x00007ff951750000 - 0x00007ff951781000 	C:\Windows\SYSTEM32\cryptnet.dll
0x00007ff95a050000 - 0x00007ff95a1b2000 	C:\Windows\System32\CRYPT32.dll
0x00007ff94f9e0000 - 0x00007ff94fb29000 	C:\Windows\SYSTEM32\drvstore.dll
0x00007ff959c70000 - 0x00007ff959c9c000 	C:\Windows\SYSTEM32\devobj.dll
0x00007ff959c20000 - 0x00007ff959c6c000 	C:\Windows\SYSTEM32\cfgmgr32.dll
0x00007ff959860000 - 0x00007ff95989d000 	C:\Windows\SYSTEM32\wldp.dll
0x00007ff959790000 - 0x00007ff95979c000 	C:\Windows\SYSTEM32\cryptbase.dll
0x00007ff95a750000 - 0x00007ff95a7b7000 	C:\Windows\System32\WINTRUST.DLL
0x00007ff95c4f0000 - 0x00007ff95c50f000 	C:\Windows\System32\imagehlp.dll
0x00007ff9597a0000 - 0x00007ff9597b8000 	C:\Windows\SYSTEM32\CRYPTSP.dll
0x00007ff959080000 - 0x00007ff9590b5000 	C:\Windows\system32\rsaenh.dll
0x00007ff959910000 - 0x00007ff959937000 	C:\Windows\SYSTEM32\bcrypt.dll
0x00007ff8daef0000 - 0x00007ff8dc678000 	C:\Windows\System32\DriverStore\FileRepository\nvltig.inf_amd64_ce837e92efe9cbc4\nvd3dumx.dll
0x00007ff953ac0000 - 0x00007ff953b04000 	C:\Windows\SYSTEM32\directxdatabasehelper.dll
0x00007ff957820000 - 0x00007ff957854000 	C:\Windows\SYSTEM32\ntmarta.dll
0x00007ff91ff10000 - 0x00007ff91ff52000 	C:\Program Files\Java\javafx-sdk-18.0.1\bin\glass.dll
0x00007ff95c910000 - 0x00007ff95c9fc000 	C:\Windows\System32\COMDLG32.dll
0x00007ff95c350000 - 0x00007ff95c4ea000 	C:\Windows\System32\ole32.dll
0x00007ff95b1a0000 - 0x00007ff95b276000 	C:\Windows\System32\OLEAUT32.dll
0x00007ff95af50000 - 0x00007ff95b06e000 	C:\Windows\System32\MSCTF.dll
0x00007ff8dc9a0000 - 0x00007ff8dcc63000 	C:\Windows\system32\nvspcap64.dll
0x00007ff9595e0000 - 0x00007ff959604000 	C:\Windows\SYSTEM32\gpapi.dll
0x00007ff9297a0000 - 0x00007ff9297b4000 	C:\Program Files\Java\javafx-sdk-18.0.1\bin\javafx_font.dll
0x00007ff935810000 - 0x00007ff935a6f000 	C:\Windows\SYSTEM32\dwrite.dll
0x00007ff95b280000 - 0x00007ff95b32f000 	C:\Windows\System32\clbcatq.dll
0x00007ff951860000 - 0x00007ff951a0e000 	C:\Windows\SYSTEM32\WindowsCodecs.dll
0x00007ff933380000 - 0x00007ff9333dd000 	C:\Windows\system32\dataexchange.dll
0x00007ff950bb0000 - 0x00007ff950e16000 	C:\Windows\system32\twinapi.appcore.dll
0x00007ff921c40000 - 0x00007ff921c72000 	C:\Program Files\Common Files\Microsoft Shared\Ink\rtscom.dll
0x00007ff93c230000 - 0x00007ff93c35d000 	C:\Windows\SYSTEM32\textinputframework.dll
0x00007ff956ca0000 - 0x00007ff956dd2000 	C:\Windows\SYSTEM32\CoreMessaging.dll

dbghelp: loaded successfully - version: 4.0.5 - missing functions: none
symbol engine: initialized successfully - sym options: 0x614 - pdb path: .;C:\Program Files\Java\jdk-17.0.2\bin;C:\Windows\SYSTEM32;C:\Windows\WinSxS\amd64_microsoft.windows.common-controls_6595b64144ccf1df_6.0.22000.120_none_9d947278b86cc467;C:\Program Files\Java\jdk-17.0.2\bin\server;C:\Program Files\Java\javafx-sdk-18.0.1\bin;C:\Windows\System32\DriverStore\FileRepository\nvltig.inf_amd64_ce837e92efe9cbc4;C:\Program Files\Common Files\Microsoft Shared\Ink

VM Arguments:
jvm_args: -Dfile.encoding=UTF-8 --add-modules=javafx.controls,javafx.fxml --module-path=C:\Users\juanc\OneDrive\Documentos\Universidad 3\POO\SEATORA\build\classes;C:\Program Files\Java\javafx-sdk-18.0.1\lib\javafx-swt.jar;C:\Program Files\Java\javafx-sdk-18.0.1\lib\javafx.base.jar;C:\Program Files\Java\javafx-sdk-18.0.1\lib\javafx.controls.jar;C:\Program Files\Java\javafx-sdk-18.0.1\lib\javafx.fxml.jar;C:\Program Files\Java\javafx-sdk-18.0.1\lib\javafx.graphics.jar;C:\Program Files\Java\javafx-sdk-18.0.1\lib\javafx.media.jar;C:\Program Files\Java\javafx-sdk-18.0.1\lib\javafx.swing.jar;C:\Program Files\Java\javafx-sdk-18.0.1\lib\javafx.web.jar 
java_command: start.Seatora
java_class_path (initial): C:\Program Files\Java\javafx-sdk-18.0.1\lib\javafx-swt.jar;C:\Program Files\Java\javafx-sdk-18.0.1\lib\javafx.base.jar;C:\Program Files\Java\javafx-sdk-18.0.1\lib\javafx.controls.jar;C:\Program Files\Java\javafx-sdk-18.0.1\lib\javafx.fxml.jar;C:\Program Files\Java\javafx-sdk-18.0.1\lib\javafx.graphics.jar;C:\Program Files\Java\javafx-sdk-18.0.1\lib\javafx.media.jar;C:\Program Files\Java\javafx-sdk-18.0.1\lib\javafx.swing.jar;C:\Program Files\Java\javafx-sdk-18.0.1\lib\javafx.web.jar;C:\Users\juanc\OneDrive\Documentos\Universidad 3\POO\SEATORA\build\classes
Launcher Type: SUN_STANDARD

[Global flags]
     intx CICompilerCount                          = 12                                        {product} {ergonomic}
     uint ConcGCThreads                            = 3                                         {product} {ergonomic}
     uint G1ConcRefinementThreads                  = 13                                        {product} {ergonomic}
   size_t G1HeapRegionSize                         = 4194304                                   {product} {ergonomic}
    uintx GCDrainStackTargetSize                   = 64                                        {product} {ergonomic}
   size_t InitialHeapSize                          = 402653184                                 {product} {ergonomic}
   size_t MarkStackSize                            = 4194304                                   {product} {ergonomic}
   size_t MaxHeapSize                              = 6404702208                                {product} {ergonomic}
   size_t MaxNewSize                               = 3841982464                                {product} {ergonomic}
   size_t MinHeapDeltaBytes                        = 4194304                                   {product} {ergonomic}
   size_t MinHeapSize                              = 8388608                                   {product} {ergonomic}
    uintx NonNMethodCodeHeapSize                   = 7602480                                {pd product} {ergonomic}
    uintx NonProfiledCodeHeapSize                  = 122027880                              {pd product} {ergonomic}
    uintx ProfiledCodeHeapSize                     = 122027880                              {pd product} {ergonomic}
    uintx ReservedCodeCacheSize                    = 251658240                              {pd product} {ergonomic}
     bool SegmentedCodeCache                       = true                                      {product} {ergonomic}
   size_t SoftMaxHeapSize                          = 6404702208                             {manageable} {ergonomic}
     bool UseCompressedClassPointers               = true                           {product lp64_product} {ergonomic}
     bool UseCompressedOops                        = true                           {product lp64_product} {ergonomic}
     bool UseG1GC                                  = true                                      {product} {ergonomic}
     bool UseLargePagesIndividualAllocation        = false                                  {pd product} {ergonomic}

Logging:
Log output configuration:
 #0: stdout all=off uptime,level,tags
 #1: stderr all=off uptime,level,tags

Environment Variables:
PATH=C:\Program Files\Common Files\Oracle\Java\javapath;C:\Program Files (x86)\Common Files\Oracle\Java\javapath;C:\Windows\system32;C:\Windows;C:\Windows\System32\Wbem;C:\Windows\System32\WindowsPowerShell\v1.0\;C:\Windows\System32\OpenSSH\;C:\Program Files (x86)\NVIDIA Corporation\PhysX\Common;C:\Program Files\NVIDIA Corporation\NVIDIA NvDLISR;C:\Users\juanc\AppData\Local\Microsoft\WindowsApps;;C:\Users\juanc\AppData\Local\Programs\Microsoft VS Code\bin
USERNAME=juanc
OS=Windows_NT
PROCESSOR_IDENTIFIER=AMD64 Family 25 Model 80 Stepping 0, AuthenticAMD



---------------  S Y S T E M  ---------------

OS:
 Windows 11 , 64 bit Build 22000 (10.0.22000.675)
OS uptime: 0 days 3:19 hours

CPU: total 16 (initial active 16) (16 cores per cpu, 2 threads per core) family 25 model 80 stepping 0 microcode 0x0, cx8, cmov, fxsr, ht, mmx, 3dnowpref, sse, sse2, sse3, ssse3, sse4a, sse4.1, sse4.2, popcnt, lzcnt, tsc, tscinvbit, avx, avx2, aes, erms, clmul, bmi1, bmi2, adx, sha, fma, vzeroupper, clflush, clflushopt

Memory: 4k page, system-wide physical 24428M (14363M free)
TotalPageFile size 28012M (AvailPageFile size 13876M)
current process WorkingSet (physical memory assigned to process): 210M, peak: 264M
current process commit charge ("private bytes"): 659M, peak: 714M

vm_info: Java HotSpot(TM) 64-Bit Server VM (17.0.2+8-LTS-86) for windows-amd64 JRE (17.0.2+8-LTS-86), built on Dec  7 2021 21:51:03 by "mach5one" with MS VC++ 16.8 / 16.9 (VS2019)

END.
