#
# A fatal error has been detected by the Java Runtime Environment:
#
#  EXCEPTION_ACCESS_VIOLATION (0xc0000005) at pc=0x00007ffd3e966a87, pid=17816, tid=17300
#
# JRE version: Java(TM) SE Runtime Environment (16.0.1+9) (build 16.0.1+9-24)
# Java VM: Java HotSpot(TM) 64-Bit Server VM (16.0.1+9-24, mixed mode, sharing, tiered, compressed oops, compressed class ptrs, g1 gc, windows-amd64)
# Problematic frame:
# C  [glass.dll+0x26a87]
#
# No core dump will be written. Minidumps are not enabled by default on client versions of Windows
#
# If you would like to submit a bug report, please visit:
#   https://bugreport.java.com/bugreport/crash.jsp
#

---------------  S U M M A R Y ------------

Command Line: -Dfile.encoding=UTF-8 --add-modules=javafx.controls,javafx.fxml --module-path=C:\Users\Adames\Music\Universidad\POO\HG_Performance\build\classes;C:\Program Files\Java\javafx-sdk-17.0.1\lib\javafx-swt.jar;C:\Program Files\Java\javafx-sdk-17.0.1\lib\javafx.base.jar;C:\Program Files\Java\javafx-sdk-17.0.1\lib\javafx.controls.jar;C:\Program Files\Java\javafx-sdk-17.0.1\lib\javafx.fxml.jar;C:\Program Files\Java\javafx-sdk-17.0.1\lib\javafx.graphics.jar;C:\Program Files\Java\javafx-sdk-17.0.1\lib\javafx.media.jar;C:\Program Files\Java\javafx-sdk-17.0.1\lib\javafx.swing.jar;C:\Program Files\Java\javafx-sdk-17.0.1\lib\javafx.web.jar start.HG_Performance

Host: Intel(R) Core(TM) i7-6500U CPU @ 2.50GHz, 4 cores, 15G,  Windows 10 , 64 bit Build 22499 (10.0.22499.1000)
Time: Wed Nov 17 06:51:54 2021 Hora est. Pacífico, Sudamérica elapsed time: 26.992014 seconds (0d 0h 0m 26s)

---------------  T H R E A D  ---------------

Current thread (0x0000029cd6179480):  VMThread "VM Thread" [stack: 0x000000ec0fd00000,0x000000ec0fe00000] [id=17300]

Stack: [0x000000ec0fd00000,0x000000ec0fe00000],  sp=0x000000ec0fdfebe0,  free space=1018k
Native frames: (J=compiled Java code, j=interpreted, Vv=VM code, C=native code)
C  [glass.dll+0x26a87]


siginfo: EXCEPTION_ACCESS_VIOLATION (0xc0000005), reading address 0x0000000000000000


Register to memory mapping:

RIP=0x00007ffd3e966a87 glass.dll
RAX=0x0 is NULL
RBX=0x0000029cd618d610 is a global jni handle
RCX=0x0000029cd6179480 points into unknown readable memory: 0x00007ffd1925f628 | 28 f6 25 19 fd 7f 00 00
RDX=0x000000ec0fdfebe0 points into unknown readable memory: 0x0000000000000000 | 00 00 00 00 00 00 00 00
RSP=0x000000ec0fdfebe0 points into unknown readable memory: 0x0000000000000000 | 00 00 00 00 00 00 00 00
RBP=0x0000029cd71ca2a8 points into unknown readable memory: 0x000083b4611ab51a | 1a b5 1a 61 b4 83 00 00
RSI=0x000000ec0fdfece8 points into unknown readable memory: 0x000000ec0fdfecd0 | d0 ec df 0f ec 00 00 00
RDI=0x0000029cd71ca280 points into unknown readable memory: 0xf4fadb4dd11ab4e5 | e5 b4 1a d1 4d db fa f4
R8 =0x0000000000010002 is an unknown value
R9 =0x0000029cd71ca280 points into unknown readable memory: 0xf4fadb4dd11ab4e5 | e5 b4 1a d1 4d db fa f4
R10=0x85f13e9656da4870 is an unknown value
R11=0x000000ec0fdfeb70 points into unknown readable memory: 0x0000029cd71ca280 | 80 a2 1c d7 9c 02 00 00
R12=0x00007ffd3e964354 glass.dll
R13=0x0000029cb3ec6f50 points into unknown readable memory: 0x8000000900000001 | 01 00 00 00 09 00 00 80
R14=0x000083b4611ab51a is an unknown value
R15=0x0000029cd71ca280 points into unknown readable memory: 0xf4fadb4dd11ab4e5 | e5 b4 1a d1 4d db fa f4


Registers:
RAX=0x0000000000000000, RBX=0x0000029cd618d610, RCX=0x0000029cd6179480, RDX=0x000000ec0fdfebe0
RSP=0x000000ec0fdfebe0, RBP=0x0000029cd71ca2a8, RSI=0x000000ec0fdfece8, RDI=0x0000029cd71ca280
R8 =0x0000000000010002, R9 =0x0000029cd71ca280, R10=0x85f13e9656da4870, R11=0x000000ec0fdfeb70
R12=0x00007ffd3e964354, R13=0x0000029cb3ec6f50, R14=0x000083b4611ab51a, R15=0x0000029cd71ca280
RIP=0x00007ffd3e966a87, EFLAGS=0x0000000000010206

Top of Stack: (sp=0x000000ec0fdfebe0)
0x000000ec0fdfebe0:   0000000000000000 000000ec0fdfece8
0x000000ec0fdfebf0:   0000029cb3ec6f50 00007ffd3e964354
0x000000ec0fdfec00:   0000029cd71ca288 00007ffd65773973
0x000000ec0fdfec10:   0000029cd71ca280 0000029c00000000
0x000000ec0fdfec20:   0000029cd71ca2a8 000000ec0fdfece8
0x000000ec0fdfec30:   fffffffffffffffe 0000000000000000
0x000000ec0fdfec40:   0000000000000001 00007ffd3e940000
0x000000ec0fdfec50:   000000ec0fdfecd8 00007ffd65740022
0x000000ec0fdfec60:   0000000000000000 000000ec0fdfece8
0x000000ec0fdfec70:   000000ec0fdfefd0 0000000000000001
0x000000ec0fdfec80:   0000000000000001 00007ffd6573ffdd
0x000000ec0fdfec90:   0000000000000000 00007ffd3e963b4d
0x000000ec0fdfeca0:   000000ec0fdfefd0 000000ec0fdfecd8
0x000000ec0fdfecb0:   fffffffffffffffe 000000ec00000000
0x000000ec0fdfecc0:   0000000000000001 00007ffd3e9641e1
0x000000ec0fdfecd0:   00007ffd3e97a138 00007ffd00000002 

Instructions: (pc=0x00007ffd3e966a87)
0x00007ffd3e966987:   8b 4d 58 e8 01 cf ff ff 48 8b 4d 60 e8 f8 ce ff
0x00007ffd3e966997:   ff 48 8b 95 80 00 00 00 48 8b 8d 18 01 00 00 e8
0x00007ffd3e9669a7:   c6 c3 ff ff 33 d2 33 c9 e8 3c e1 ff ff 90 48 89
0x00007ffd3e9669b7:   54 24 10 55 48 83 ec 20 48 8b ea 48 b8 00 00 00
0x00007ffd3e9669c7:   00 00 00 00 00 48 83 c4 20 5d c3 cc 40 55 48 8b
0x00007ffd3e9669d7:   ea 48 8b 01 33 c9 81 38 05 00 00 c0 0f 94 c1 8b
0x00007ffd3e9669e7:   c1 5d c3 cc 40 55 48 83 ec 20 48 8b ea 8a 4d 40
0x00007ffd3e9669f7:   48 83 c4 20 5d e9 f7 d2 ff ff cc 40 55 48 83 ec
0x00007ffd3e966a07:   20 48 8b ea 8a 4d 20 e8 e5 d2 ff ff 90 48 83 c4
0x00007ffd3e966a17:   20 5d c3 cc 40 55 48 83 ec 20 48 8b ea 48 83 c4
0x00007ffd3e966a27:   20 5d e9 46 d1 ff ff cc 40 55 48 83 ec 30 48 8b
0x00007ffd3e966a37:   ea 48 8b 01 8b 10 48 89 4c 24 28 89 54 24 20 4c
0x00007ffd3e966a47:   8d 0d e7 d5 ff ff 4c 8b 45 70 8b 55 68 48 8b 4d
0x00007ffd3e966a57:   60 e8 87 d0 ff ff 90 48 83 c4 30 5d c3 cc cc cc
0x00007ffd3e966a67:   cc cc cc cc cc cc cc cc cc 40 53 48 83 ec 20 48
0x00007ffd3e966a77:   8b 1d b3 30 01 00 48 85 db 74 16 e8 09 8b ff ff
0x00007ffd3e966a87:   4c 8b 00 48 8b d3 48 8b c8 41 ff 90 b0 00 00 00
0x00007ffd3e966a97:   90 48 83 c4 20 5b c3 cc cc 40 53 48 83 ec 20 48
0x00007ffd3e966aa7:   8b 1d 2b 32 01 00 48 85 db 74 57 b8 ff ff ff ff
0x00007ffd3e966ab7:   f0 0f c1 43 10 83 f8 01 75 3d 48 85 db 74 38 48
0x00007ffd3e966ac7:   8b 0b 48 85 c9 74 0d ff 15 d4 07 00 00 48 c7 03
0x00007ffd3e966ad7:   00 00 00 00 48 8b 4b 08 48 85 c9 74 0d e8 a7 cd
0x00007ffd3e966ae7:   ff ff 48 c7 43 08 00 00 00 00 ba 18 00 00 00 48
0x00007ffd3e966af7:   8b cb e8 92 cd ff ff 48 c7 05 cf 31 01 00 00 00
0x00007ffd3e966b07:   00 00 48 83 c4 20 5b c3 cc 40 53 48 83 ec 20 48
0x00007ffd3e966b17:   8b 1d 9b 31 01 00 48 85 db 74 57 b8 ff ff ff ff
0x00007ffd3e966b27:   f0 0f c1 43 10 83 f8 01 75 3d 48 85 db 74 38 48
0x00007ffd3e966b37:   8b 0b 48 85 c9 74 0d ff 15 64 07 00 00 48 c7 03
0x00007ffd3e966b47:   00 00 00 00 48 8b 4b 08 48 85 c9 74 0d e8 37 cd
0x00007ffd3e966b57:   ff ff 48 c7 43 08 00 00 00 00 ba 18 00 00 00 48
0x00007ffd3e966b67:   8b cb e8 22 cd ff ff 48 c7 05 3f 31 01 00 00 00
0x00007ffd3e966b77:   00 00 48 83 c4 20 5b c3 cc 40 53 48 83 ec 20 48 


Stack slot to memory mapping:
stack at sp + 0 slots: 0x0 is NULL
stack at sp + 1 slots: 0x000000ec0fdfece8 points into unknown readable memory: 0x000000ec0fdfecd0 | d0 ec df 0f ec 00 00 00
stack at sp + 2 slots: 0x0000029cb3ec6f50 points into unknown readable memory: 0x8000000900000001 | 01 00 00 00 09 00 00 80
stack at sp + 3 slots: 0x00007ffd3e964354 glass.dll
stack at sp + 4 slots: 0x0000029cd71ca288 points into unknown readable memory: 0x000083b4611ab51a | 1a b5 1a 61 b4 83 00 00
stack at sp + 5 slots: 0x00007ffd65773973 ucrtbase.dll
stack at sp + 6 slots: 0x0000029cd71ca280 points into unknown readable memory: 0xf4fadb4dd11ab4e5 | e5 b4 1a d1 4d db fa f4
stack at sp + 7 slots: 0x0000029c00000000 is an unknown value

VM_Operation (0x000000ec110f6130): Exit, mode: safepoint, requested by thread 0x0000029cd61908a0


---------------  P R O C E S S  ---------------

Threads class SMR info:
_java_thread_list=0x0000029cdd66d8f0, length=20, elements={
0x0000029cb3e63ed0, 0x0000029cd617c860, 0x0000029cd617dec0, 0x0000029cd6190df0,
0x0000029cd6191890, 0x0000029cd618fe00, 0x0000029cd618e370, 0x0000029cd6198f20,
0x0000029cd61a1f30, 0x0000029cd61a7040, 0x0000029cd618e8c0, 0x0000029cd6190350,
0x0000029cd618f360, 0x0000029cd618f8b0, 0x0000029cd61908a0, 0x0000029cd75a0a70,
0x0000029cd759ea90, 0x0000029cd759efe0, 0x0000029cd75a0fc0, 0x0000029cd759ffd0
}

Java Threads: ( => current thread )
  0x0000029cb3e63ed0 JavaThread "main" [_thread_blocked, id=5292, stack(0x000000ec0f700000,0x000000ec0f800000)]
  0x0000029cd617c860 JavaThread "Reference Handler" daemon [_thread_blocked, id=18548, stack(0x000000ec0fe00000,0x000000ec0ff00000)]
  0x0000029cd617dec0 JavaThread "Finalizer" daemon [_thread_blocked, id=3796, stack(0x000000ec0ff00000,0x000000ec10000000)]
  0x0000029cd6190df0 JavaThread "Signal Dispatcher" daemon [_thread_blocked, id=8512, stack(0x000000ec10000000,0x000000ec10100000)]
  0x0000029cd6191890 JavaThread "Attach Listener" daemon [_thread_blocked, id=17632, stack(0x000000ec10100000,0x000000ec10200000)]
  0x0000029cd618fe00 JavaThread "Service Thread" daemon [_thread_blocked, id=12568, stack(0x000000ec10200000,0x000000ec10300000)]
  0x0000029cd618e370 JavaThread "Monitor Deflation Thread" daemon [_thread_blocked, id=18804, stack(0x000000ec10300000,0x000000ec10400000)]
  0x0000029cd6198f20 JavaThread "C2 CompilerThread0" daemon [_thread_blocked, id=4304, stack(0x000000ec10400000,0x000000ec10500000)]
  0x0000029cd61a1f30 JavaThread "C1 CompilerThread0" daemon [_thread_blocked, id=12452, stack(0x000000ec10500000,0x000000ec10600000)]
  0x0000029cd61a7040 JavaThread "Sweeper thread" daemon [_thread_blocked, id=4072, stack(0x000000ec10600000,0x000000ec10700000)]
  0x0000029cd618e8c0 JavaThread "Common-Cleaner" daemon [_thread_blocked, id=19100, stack(0x000000ec10700000,0x000000ec10800000)]
  0x0000029cd6190350 JavaThread "Notification Thread" daemon [_thread_blocked, id=18312, stack(0x000000ec10900000,0x000000ec10a00000)]
  0x0000029cd618f360 JavaThread "QuantumRenderer-0" daemon [_thread_blocked, id=16856, stack(0x000000ec10b00000,0x000000ec10c00000)]
  0x0000029cd618f8b0 JavaThread "InvokeLaterDispatcher" daemon [_thread_blocked, id=12076, stack(0x000000ec10f00000,0x000000ec11000000)]
  0x0000029cd61908a0 JavaThread "JavaFX Application Thread" [_thread_blocked, id=7680, stack(0x000000ec11000000,0x000000ec11100000)]
  0x0000029cd75a0a70 JavaThread "JavaFX-Launcher" [_thread_blocked, id=7180, stack(0x000000ec11500000,0x000000ec11600000)]
  0x0000029cd759ea90 JavaThread "Thread-2" daemon [_thread_in_native, id=14136, stack(0x000000ec11400000,0x000000ec11500000)]
  0x0000029cd759efe0 JavaThread "Prism Font Disposer" daemon [_thread_blocked, id=17436, stack(0x000000ec11800000,0x000000ec11900000)]
  0x0000029cd75a0fc0 JavaThread "Cleaner-0" daemon [_thread_blocked, id=18440, stack(0x000000ec11a00000,0x000000ec11b00000)]
  0x0000029cd759ffd0 JavaThread "Glass/Prism Shutdown Hook" [_thread_blocked, id=16756, stack(0x000000ec11b00000,0x000000ec11c00000)]

Other Threads:
=>0x0000029cd6179480 VMThread "VM Thread" [stack: 0x000000ec0fd00000,0x000000ec0fe00000] [id=17300]
  0x0000029cb3eb3850 GCTaskThread "GC Thread#0" [stack: 0x000000ec0f800000,0x000000ec0f900000] [id=17428]
  0x0000029cd753bff0 GCTaskThread "GC Thread#1" [stack: 0x000000ec10c00000,0x000000ec10d00000] [id=12996]
  0x0000029cd722d600 GCTaskThread "GC Thread#2" [stack: 0x000000ec10d00000,0x000000ec10e00000] [id=2416]
  0x0000029cd7238330 GCTaskThread "GC Thread#3" [stack: 0x000000ec10e00000,0x000000ec10f00000] [id=17772]
  0x0000029cb3ec48e0 ConcurrentGCThread "G1 Main Marker" terminated
  0x0000029cb3ec5b70 ConcurrentGCThread "G1 Conc#0" [stack: 0x000000ec0fa00000,0x000000ec0fb00000] [id=14896]
  0x0000029cb3f28d30 ConcurrentGCThread "G1 Refine#0" terminated
  0x0000029cb3f29830 ConcurrentGCThread "G1 Service" terminated

Threads with active compile tasks:

VM state: at safepoint (shutting down)

VM Mutex/Monitor currently owned by a thread:  ([mutex/lock_event])
[0x0000029cb3e60320] Threads_lock - owner thread: 0x0000029cd6179480
[0x0000029cb3e5ee50] Heap_lock - owner thread: 0x0000029cd61908a0

Heap address: 0x0000000702000000, size: 4064 MB, Compressed Oops mode: Zero based, Oop shift amount: 3

CDS archive(s) mapped at: [0x0000000800000000-0x0000000800bb0000-0x0000000800bb0000), size 12255232, SharedBaseAddress: 0x0000000800000000, ArchiveRelocationMode: 0.
Compressed class space mapped at: 0x0000000800c00000-0x0000000840c00000, reserved size: 1073741824
Narrow klass base: 0x0000000800000000, Narrow klass shift: 3, Narrow klass range: 0x100000000

GC Precious Log:
 CPUs: 4 total, 4 available
 Memory: 16255M
 Large Page Support: Disabled
 NUMA Support: Disabled
 Compressed Oops: Enabled (Zero based)
 Heap Region Size: 2M
 Heap Min Capacity: 8M
 Heap Initial Capacity: 254M
 Heap Max Capacity: 4064M
 Pre-touch: Disabled
 Parallel Workers: 4
 Concurrent Workers: 1
 Concurrent Refinement Workers: 4
 Periodic GC: Disabled

Heap:
 garbage-first heap   total 260096K, used 55704K [0x0000000702000000, 0x0000000800000000)
  region size 2048K, 28 young (57344K), 2 survivors (4096K)
 Metaspace       used 18340K, committed 18624K, reserved 1064960K
  class space    used 2652K, committed 2816K, reserved 1048576K

Heap Regions: E=young(eden), S=young(survivor), O=old, HS=humongous(starts), HC=humongous(continues), CS=collection set, F=free, OA=open archive, CA=closed archive, TAMS=top-at-mark-start (previous, next)
|   0|0x0000000702000000, 0x0000000702066000, 0x0000000702200000| 19%| O|  |TAMS 0x0000000702000000, 0x0000000702000000| Untracked 
|   1|0x0000000702200000, 0x0000000702400000, 0x0000000702400000|100%|HS|  |TAMS 0x0000000702200000, 0x0000000702200000| Complete 
|   2|0x0000000702400000, 0x0000000702400000, 0x0000000702600000|  0%| F|  |TAMS 0x0000000702400000, 0x0000000702400000| Untracked 
|   3|0x0000000702600000, 0x0000000702600000, 0x0000000702800000|  0%| F|  |TAMS 0x0000000702600000, 0x0000000702600000| Untracked 
|   4|0x0000000702800000, 0x0000000702800000, 0x0000000702a00000|  0%| F|  |TAMS 0x0000000702800000, 0x0000000702800000| Untracked 
|   5|0x0000000702a00000, 0x0000000702a00000, 0x0000000702c00000|  0%| F|  |TAMS 0x0000000702a00000, 0x0000000702a00000| Untracked 
|   6|0x0000000702c00000, 0x0000000702c00000, 0x0000000702e00000|  0%| F|  |TAMS 0x0000000702c00000, 0x0000000702c00000| Untracked 
|   7|0x0000000702e00000, 0x0000000702e00000, 0x0000000703000000|  0%| F|  |TAMS 0x0000000702e00000, 0x0000000702e00000| Untracked 
|   8|0x0000000703000000, 0x0000000703000000, 0x0000000703200000|  0%| F|  |TAMS 0x0000000703000000, 0x0000000703000000| Untracked 
|   9|0x0000000703200000, 0x0000000703200000, 0x0000000703400000|  0%| F|  |TAMS 0x0000000703200000, 0x0000000703200000| Untracked 
|  10|0x0000000703400000, 0x0000000703400000, 0x0000000703600000|  0%| F|  |TAMS 0x0000000703400000, 0x0000000703400000| Untracked 
|  11|0x0000000703600000, 0x0000000703600000, 0x0000000703800000|  0%| F|  |TAMS 0x0000000703600000, 0x0000000703600000| Untracked 
|  12|0x0000000703800000, 0x0000000703800000, 0x0000000703a00000|  0%| F|  |TAMS 0x0000000703800000, 0x0000000703800000| Untracked 
|  13|0x0000000703a00000, 0x0000000703a00000, 0x0000000703c00000|  0%| F|  |TAMS 0x0000000703a00000, 0x0000000703a00000| Untracked 
|  14|0x0000000703c00000, 0x0000000703c00000, 0x0000000703e00000|  0%| F|  |TAMS 0x0000000703c00000, 0x0000000703c00000| Untracked 
|  15|0x0000000703e00000, 0x0000000703e00000, 0x0000000704000000|  0%| F|  |TAMS 0x0000000703e00000, 0x0000000703e00000| Untracked 
|  16|0x0000000704000000, 0x0000000704000000, 0x0000000704200000|  0%| F|  |TAMS 0x0000000704000000, 0x0000000704000000| Untracked 
|  17|0x0000000704200000, 0x0000000704200000, 0x0000000704400000|  0%| F|  |TAMS 0x0000000704200000, 0x0000000704200000| Untracked 
|  18|0x0000000704400000, 0x0000000704400000, 0x0000000704600000|  0%| F|  |TAMS 0x0000000704400000, 0x0000000704400000| Untracked 
|  19|0x0000000704600000, 0x0000000704600000, 0x0000000704800000|  0%| F|  |TAMS 0x0000000704600000, 0x0000000704600000| Untracked 
|  20|0x0000000704800000, 0x0000000704800000, 0x0000000704a00000|  0%| F|  |TAMS 0x0000000704800000, 0x0000000704800000| Untracked 
|  21|0x0000000704a00000, 0x0000000704a00000, 0x0000000704c00000|  0%| F|  |TAMS 0x0000000704a00000, 0x0000000704a00000| Untracked 
|  22|0x0000000704c00000, 0x0000000704c00000, 0x0000000704e00000|  0%| F|  |TAMS 0x0000000704c00000, 0x0000000704c00000| Untracked 
|  23|0x0000000704e00000, 0x0000000704e00000, 0x0000000705000000|  0%| F|  |TAMS 0x0000000704e00000, 0x0000000704e00000| Untracked 
|  24|0x0000000705000000, 0x0000000705000000, 0x0000000705200000|  0%| F|  |TAMS 0x0000000705000000, 0x0000000705000000| Untracked 
|  25|0x0000000705200000, 0x0000000705200000, 0x0000000705400000|  0%| F|  |TAMS 0x0000000705200000, 0x0000000705200000| Untracked 
|  26|0x0000000705400000, 0x0000000705400000, 0x0000000705600000|  0%| F|  |TAMS 0x0000000705400000, 0x0000000705400000| Untracked 
|  27|0x0000000705600000, 0x0000000705600000, 0x0000000705800000|  0%| F|  |TAMS 0x0000000705600000, 0x0000000705600000| Untracked 
|  28|0x0000000705800000, 0x0000000705800000, 0x0000000705a00000|  0%| F|  |TAMS 0x0000000705800000, 0x0000000705800000| Untracked 
|  29|0x0000000705a00000, 0x0000000705a00000, 0x0000000705c00000|  0%| F|  |TAMS 0x0000000705a00000, 0x0000000705a00000| Untracked 
|  30|0x0000000705c00000, 0x0000000705c00000, 0x0000000705e00000|  0%| F|  |TAMS 0x0000000705c00000, 0x0000000705c00000| Untracked 
|  31|0x0000000705e00000, 0x0000000705e00000, 0x0000000706000000|  0%| F|  |TAMS 0x0000000705e00000, 0x0000000705e00000| Untracked 
|  32|0x0000000706000000, 0x0000000706000000, 0x0000000706200000|  0%| F|  |TAMS 0x0000000706000000, 0x0000000706000000| Untracked 
|  33|0x0000000706200000, 0x0000000706200000, 0x0000000706400000|  0%| F|  |TAMS 0x0000000706200000, 0x0000000706200000| Untracked 
|  34|0x0000000706400000, 0x0000000706400000, 0x0000000706600000|  0%| F|  |TAMS 0x0000000706400000, 0x0000000706400000| Untracked 
|  35|0x0000000706600000, 0x0000000706600000, 0x0000000706800000|  0%| F|  |TAMS 0x0000000706600000, 0x0000000706600000| Untracked 
|  36|0x0000000706800000, 0x0000000706800000, 0x0000000706a00000|  0%| F|  |TAMS 0x0000000706800000, 0x0000000706800000| Untracked 
|  37|0x0000000706a00000, 0x0000000706a00000, 0x0000000706c00000|  0%| F|  |TAMS 0x0000000706a00000, 0x0000000706a00000| Untracked 
|  38|0x0000000706c00000, 0x0000000706c00000, 0x0000000706e00000|  0%| F|  |TAMS 0x0000000706c00000, 0x0000000706c00000| Untracked 
|  39|0x0000000706e00000, 0x0000000706e00000, 0x0000000707000000|  0%| F|  |TAMS 0x0000000706e00000, 0x0000000706e00000| Untracked 
|  40|0x0000000707000000, 0x0000000707000000, 0x0000000707200000|  0%| F|  |TAMS 0x0000000707000000, 0x0000000707000000| Untracked 
|  41|0x0000000707200000, 0x0000000707200000, 0x0000000707400000|  0%| F|  |TAMS 0x0000000707200000, 0x0000000707200000| Untracked 
|  42|0x0000000707400000, 0x0000000707400000, 0x0000000707600000|  0%| F|  |TAMS 0x0000000707400000, 0x0000000707400000| Untracked 
|  43|0x0000000707600000, 0x0000000707600000, 0x0000000707800000|  0%| F|  |TAMS 0x0000000707600000, 0x0000000707600000| Untracked 
|  44|0x0000000707800000, 0x0000000707800000, 0x0000000707a00000|  0%| F|  |TAMS 0x0000000707800000, 0x0000000707800000| Untracked 
|  45|0x0000000707a00000, 0x0000000707a00000, 0x0000000707c00000|  0%| F|  |TAMS 0x0000000707a00000, 0x0000000707a00000| Untracked 
|  46|0x0000000707c00000, 0x0000000707c00000, 0x0000000707e00000|  0%| F|  |TAMS 0x0000000707c00000, 0x0000000707c00000| Untracked 
|  47|0x0000000707e00000, 0x0000000707e00000, 0x0000000708000000|  0%| F|  |TAMS 0x0000000707e00000, 0x0000000707e00000| Untracked 
|  48|0x0000000708000000, 0x0000000708000000, 0x0000000708200000|  0%| F|  |TAMS 0x0000000708000000, 0x0000000708000000| Untracked 
|  49|0x0000000708200000, 0x0000000708200000, 0x0000000708400000|  0%| F|  |TAMS 0x0000000708200000, 0x0000000708200000| Untracked 
|  50|0x0000000708400000, 0x0000000708400000, 0x0000000708600000|  0%| F|  |TAMS 0x0000000708400000, 0x0000000708400000| Untracked 
|  51|0x0000000708600000, 0x0000000708600000, 0x0000000708800000|  0%| F|  |TAMS 0x0000000708600000, 0x0000000708600000| Untracked 
|  52|0x0000000708800000, 0x0000000708800000, 0x0000000708a00000|  0%| F|  |TAMS 0x0000000708800000, 0x0000000708800000| Untracked 
|  53|0x0000000708a00000, 0x0000000708a00000, 0x0000000708c00000|  0%| F|  |TAMS 0x0000000708a00000, 0x0000000708a00000| Untracked 
|  54|0x0000000708c00000, 0x0000000708c00000, 0x0000000708e00000|  0%| F|  |TAMS 0x0000000708c00000, 0x0000000708c00000| Untracked 
|  55|0x0000000708e00000, 0x0000000708e00000, 0x0000000709000000|  0%| F|  |TAMS 0x0000000708e00000, 0x0000000708e00000| Untracked 
|  56|0x0000000709000000, 0x0000000709000000, 0x0000000709200000|  0%| F|  |TAMS 0x0000000709000000, 0x0000000709000000| Untracked 
|  57|0x0000000709200000, 0x0000000709200000, 0x0000000709400000|  0%| F|  |TAMS 0x0000000709200000, 0x0000000709200000| Untracked 
|  58|0x0000000709400000, 0x0000000709400000, 0x0000000709600000|  0%| F|  |TAMS 0x0000000709400000, 0x0000000709400000| Untracked 
|  59|0x0000000709600000, 0x0000000709600000, 0x0000000709800000|  0%| F|  |TAMS 0x0000000709600000, 0x0000000709600000| Untracked 
|  60|0x0000000709800000, 0x0000000709800000, 0x0000000709a00000|  0%| F|  |TAMS 0x0000000709800000, 0x0000000709800000| Untracked 
|  61|0x0000000709a00000, 0x0000000709a00000, 0x0000000709c00000|  0%| F|  |TAMS 0x0000000709a00000, 0x0000000709a00000| Untracked 
|  62|0x0000000709c00000, 0x0000000709c00000, 0x0000000709e00000|  0%| F|  |TAMS 0x0000000709c00000, 0x0000000709c00000| Untracked 
|  63|0x0000000709e00000, 0x0000000709e00000, 0x000000070a000000|  0%| F|  |TAMS 0x0000000709e00000, 0x0000000709e00000| Untracked 
|  64|0x000000070a000000, 0x000000070a000000, 0x000000070a200000|  0%| F|  |TAMS 0x000000070a000000, 0x000000070a000000| Untracked 
|  65|0x000000070a200000, 0x000000070a200000, 0x000000070a400000|  0%| F|  |TAMS 0x000000070a200000, 0x000000070a200000| Untracked 
|  66|0x000000070a400000, 0x000000070a400000, 0x000000070a600000|  0%| F|  |TAMS 0x000000070a400000, 0x000000070a400000| Untracked 
|  67|0x000000070a600000, 0x000000070a600000, 0x000000070a800000|  0%| F|  |TAMS 0x000000070a600000, 0x000000070a600000| Untracked 
|  68|0x000000070a800000, 0x000000070a800000, 0x000000070aa00000|  0%| F|  |TAMS 0x000000070a800000, 0x000000070a800000| Untracked 
|  69|0x000000070aa00000, 0x000000070aa00000, 0x000000070ac00000|  0%| F|  |TAMS 0x000000070aa00000, 0x000000070aa00000| Untracked 
|  70|0x000000070ac00000, 0x000000070ac00000, 0x000000070ae00000|  0%| F|  |TAMS 0x000000070ac00000, 0x000000070ac00000| Untracked 
|  71|0x000000070ae00000, 0x000000070ae00000, 0x000000070b000000|  0%| F|  |TAMS 0x000000070ae00000, 0x000000070ae00000| Untracked 
|  72|0x000000070b000000, 0x000000070b000000, 0x000000070b200000|  0%| F|  |TAMS 0x000000070b000000, 0x000000070b000000| Untracked 
|  73|0x000000070b200000, 0x000000070b200000, 0x000000070b400000|  0%| F|  |TAMS 0x000000070b200000, 0x000000070b200000| Untracked 
|  74|0x000000070b400000, 0x000000070b400000, 0x000000070b600000|  0%| F|  |TAMS 0x000000070b400000, 0x000000070b400000| Untracked 
|  75|0x000000070b600000, 0x000000070b600000, 0x000000070b800000|  0%| F|  |TAMS 0x000000070b600000, 0x000000070b600000| Untracked 
|  76|0x000000070b800000, 0x000000070b800000, 0x000000070ba00000|  0%| F|  |TAMS 0x000000070b800000, 0x000000070b800000| Untracked 
|  77|0x000000070ba00000, 0x000000070ba00000, 0x000000070bc00000|  0%| F|  |TAMS 0x000000070ba00000, 0x000000070ba00000| Untracked 
|  78|0x000000070bc00000, 0x000000070bc00000, 0x000000070be00000|  0%| F|  |TAMS 0x000000070bc00000, 0x000000070bc00000| Untracked 
|  79|0x000000070be00000, 0x000000070be00000, 0x000000070c000000|  0%| F|  |TAMS 0x000000070be00000, 0x000000070be00000| Untracked 
|  80|0x000000070c000000, 0x000000070c000000, 0x000000070c200000|  0%| F|  |TAMS 0x000000070c000000, 0x000000070c000000| Untracked 
|  81|0x000000070c200000, 0x000000070c200000, 0x000000070c400000|  0%| F|  |TAMS 0x000000070c200000, 0x000000070c200000| Untracked 
|  82|0x000000070c400000, 0x000000070c400000, 0x000000070c600000|  0%| F|  |TAMS 0x000000070c400000, 0x000000070c400000| Untracked 
|  83|0x000000070c600000, 0x000000070c600000, 0x000000070c800000|  0%| F|  |TAMS 0x000000070c600000, 0x000000070c600000| Untracked 
|  84|0x000000070c800000, 0x000000070c800000, 0x000000070ca00000|  0%| F|  |TAMS 0x000000070c800000, 0x000000070c800000| Untracked 
|  85|0x000000070ca00000, 0x000000070ca00000, 0x000000070cc00000|  0%| F|  |TAMS 0x000000070ca00000, 0x000000070ca00000| Untracked 
|  86|0x000000070cc00000, 0x000000070cc00000, 0x000000070ce00000|  0%| F|  |TAMS 0x000000070cc00000, 0x000000070cc00000| Untracked 
|  87|0x000000070ce00000, 0x000000070ce00000, 0x000000070d000000|  0%| F|  |TAMS 0x000000070ce00000, 0x000000070ce00000| Untracked 
|  88|0x000000070d000000, 0x000000070d000000, 0x000000070d200000|  0%| F|  |TAMS 0x000000070d000000, 0x000000070d000000| Untracked 
|  89|0x000000070d200000, 0x000000070d200000, 0x000000070d400000|  0%| F|  |TAMS 0x000000070d200000, 0x000000070d200000| Untracked 
|  90|0x000000070d400000, 0x000000070d400000, 0x000000070d600000|  0%| F|  |TAMS 0x000000070d400000, 0x000000070d400000| Untracked 
|  91|0x000000070d600000, 0x000000070d600000, 0x000000070d800000|  0%| F|  |TAMS 0x000000070d600000, 0x000000070d600000| Untracked 
|  92|0x000000070d800000, 0x000000070d800000, 0x000000070da00000|  0%| F|  |TAMS 0x000000070d800000, 0x000000070d800000| Untracked 
|  93|0x000000070da00000, 0x000000070da00000, 0x000000070dc00000|  0%| F|  |TAMS 0x000000070da00000, 0x000000070da00000| Untracked 
|  94|0x000000070dc00000, 0x000000070dc00000, 0x000000070de00000|  0%| F|  |TAMS 0x000000070dc00000, 0x000000070dc00000| Untracked 
|  95|0x000000070de00000, 0x000000070de00000, 0x000000070e000000|  0%| F|  |TAMS 0x000000070de00000, 0x000000070de00000| Untracked 
|  96|0x000000070e000000, 0x000000070e000000, 0x000000070e200000|  0%| F|  |TAMS 0x000000070e000000, 0x000000070e000000| Untracked 
|  97|0x000000070e200000, 0x000000070e200000, 0x000000070e400000|  0%| F|  |TAMS 0x000000070e200000, 0x000000070e200000| Untracked 
|  98|0x000000070e400000, 0x000000070e400000, 0x000000070e600000|  0%| F|  |TAMS 0x000000070e400000, 0x000000070e400000| Untracked 
|  99|0x000000070e600000, 0x000000070e66c068, 0x000000070e800000| 21%| E|  |TAMS 0x000000070e600000, 0x000000070e600000| Complete 
| 100|0x000000070e800000, 0x000000070ea00000, 0x000000070ea00000|100%| E|CS|TAMS 0x000000070e800000, 0x000000070e800000| Complete 
| 101|0x000000070ea00000, 0x000000070ec00000, 0x000000070ec00000|100%| E|  |TAMS 0x000000070ea00000, 0x000000070ea00000| Complete 
| 102|0x000000070ec00000, 0x000000070ee00000, 0x000000070ee00000|100%| E|CS|TAMS 0x000000070ec00000, 0x000000070ec00000| Complete 
| 103|0x000000070ee00000, 0x000000070f000000, 0x000000070f000000|100%| E|CS|TAMS 0x000000070ee00000, 0x000000070ee00000| Complete 
| 104|0x000000070f000000, 0x000000070f200000, 0x000000070f200000|100%| E|CS|TAMS 0x000000070f000000, 0x000000070f000000| Complete 
| 105|0x000000070f200000, 0x000000070f400000, 0x000000070f400000|100%| E|CS|TAMS 0x000000070f200000, 0x000000070f200000| Complete 
| 106|0x000000070f400000, 0x000000070f600000, 0x000000070f600000|100%| E|CS|TAMS 0x000000070f400000, 0x000000070f400000| Complete 
| 107|0x000000070f600000, 0x000000070f800000, 0x000000070f800000|100%| E|CS|TAMS 0x000000070f600000, 0x000000070f600000| Complete 
| 108|0x000000070f800000, 0x000000070fa00000, 0x000000070fa00000|100%| E|CS|TAMS 0x000000070f800000, 0x000000070f800000| Complete 
| 109|0x000000070fa00000, 0x000000070fc00000, 0x000000070fc00000|100%| E|CS|TAMS 0x000000070fa00000, 0x000000070fa00000| Complete 
| 110|0x000000070fc00000, 0x000000070fe00000, 0x000000070fe00000|100%| E|CS|TAMS 0x000000070fc00000, 0x000000070fc00000| Complete 
| 111|0x000000070fe00000, 0x0000000710000000, 0x0000000710000000|100%| E|CS|TAMS 0x000000070fe00000, 0x000000070fe00000| Complete 
| 112|0x0000000710000000, 0x0000000710200000, 0x0000000710200000|100%| E|CS|TAMS 0x0000000710000000, 0x0000000710000000| Complete 
| 113|0x0000000710200000, 0x0000000710400000, 0x0000000710400000|100%| E|CS|TAMS 0x0000000710200000, 0x0000000710200000| Complete 
| 114|0x0000000710400000, 0x0000000710600000, 0x0000000710600000|100%| E|CS|TAMS 0x0000000710400000, 0x0000000710400000| Complete 
| 115|0x0000000710600000, 0x0000000710800000, 0x0000000710800000|100%| E|CS|TAMS 0x0000000710600000, 0x0000000710600000| Complete 
| 116|0x0000000710800000, 0x0000000710a00000, 0x0000000710a00000|100%| S|CS|TAMS 0x0000000710800000, 0x0000000710800000| Complete 
| 117|0x0000000710a00000, 0x0000000710c00000, 0x0000000710c00000|100%| S|CS|TAMS 0x0000000710a00000, 0x0000000710a00000| Complete 
| 118|0x0000000710c00000, 0x0000000710e00000, 0x0000000710e00000|100%| E|CS|TAMS 0x0000000710c00000, 0x0000000710c00000| Complete 
| 119|0x0000000710e00000, 0x0000000711000000, 0x0000000711000000|100%| E|CS|TAMS 0x0000000710e00000, 0x0000000710e00000| Complete 
| 120|0x0000000711000000, 0x0000000711200000, 0x0000000711200000|100%| E|CS|TAMS 0x0000000711000000, 0x0000000711000000| Complete 
| 121|0x0000000711200000, 0x0000000711400000, 0x0000000711400000|100%| E|CS|TAMS 0x0000000711200000, 0x0000000711200000| Complete 
| 122|0x0000000711400000, 0x0000000711600000, 0x0000000711600000|100%| E|CS|TAMS 0x0000000711400000, 0x0000000711400000| Complete 
| 123|0x0000000711600000, 0x0000000711800000, 0x0000000711800000|100%| E|CS|TAMS 0x0000000711600000, 0x0000000711600000| Complete 
| 124|0x0000000711800000, 0x0000000711a00000, 0x0000000711a00000|100%| E|CS|TAMS 0x0000000711800000, 0x0000000711800000| Complete 
| 125|0x0000000711a00000, 0x0000000711c00000, 0x0000000711c00000|100%| E|CS|TAMS 0x0000000711a00000, 0x0000000711a00000| Complete 
| 126|0x0000000711c00000, 0x0000000711e00000, 0x0000000711e00000|100%| E|CS|TAMS 0x0000000711c00000, 0x0000000711c00000| Complete 

Card table byte_map: [0x0000029ccadd0000,0x0000029ccb5c0000] _byte_map_base: 0x0000029cc75c0000

Marking Bits (Prev, Next): (CMBitMap*) 0x0000029cb3eb3f40, (CMBitMap*) 0x0000029cb3eb3f80
 Prev Bits: [0x0000029ccbdb0000, 0x0000029ccfd30000)
 Next Bits: [0x0000029ccfd30000, 0x0000029cd3cb0000)

Polling page: 0x0000029cb3640000

Metaspace:

Usage:
  Non-class:     15.32 MB used.
      Class:      2.59 MB used.
       Both:     17.91 MB used.

Virtual space:
  Non-class space:       16.00 MB reserved,      15.44 MB ( 96%) committed,  2 nodes.
      Class space:        1.00 GB reserved,       2.75 MB ( <1%) committed,  1 nodes.
              Both:        1.02 GB reserved,      18.19 MB (  2%) committed. 

Chunk freelists:
   Non-Class:  320.00 KB
       Class:  1.15 MB
        Both:  1.46 MB

MaxMetaspaceSize: 17179869184.00 GB
CompressedClassSpaceSize: 1.00 GB
 - commit_granule_bytes: 65536.
 - commit_granule_words: 8192.
 - virtual_space_node_default_size: 1048576.
 - enlarge_chunks_in_place: 1.
 - new_chunks_are_fully_committed: 0.
 - uncommit_free_chunks: 1.
 - use_allocation_guard: 0.
 - handle_deallocations: 1.


Internal statistics:

num_allocs_failed_limit: 0.
num_arena_births: 238.
num_arena_deaths: 0.
num_vsnodes_births: 3.
num_vsnodes_deaths: 0.
num_space_committed: 291.
num_space_uncommitted: 0.
num_chunks_returned_to_freelist: 0.
num_chunks_taken_from_freelist: 912.
num_chunk_merges: 0.
num_chunk_splits: 615.
num_chunks_enlarged: 468.
num_purges: 0.

CodeHeap 'non-profiled nmethods': size=120000Kb used=1375Kb max_used=1375Kb free=118624Kb
 bounds [0x0000029cc30b0000, 0x0000029cc3320000, 0x0000029cca5e0000]
CodeHeap 'profiled nmethods': size=120000Kb used=7097Kb max_used=7097Kb free=112902Kb
 bounds [0x0000029cbbb80000, 0x0000029cbc270000, 0x0000029cc30b0000]
CodeHeap 'non-nmethods': size=5760Kb used=1454Kb max_used=1538Kb free=4305Kb
 bounds [0x0000029cbb5e0000, 0x0000029cbb850000, 0x0000029cbbb80000]
 total_blobs=4376 nmethods=3560 adapters=728
 compilation: enabled
              stopped_count=0, restarted_count=0
 full_count=0

Compilation events (20 events):
Event: 26.092 Thread 0x0000029cd6198f20 3557   !   4       javafx.scene.Node::pickNode (130 bytes)
Event: 26.101 Thread 0x0000029cd6198f20 nmethod 3557 0x0000029cc3206990 code [0x0000029cc3206b60, 0x0000029cc32070e8]
Event: 26.142 Thread 0x0000029cd6198f20 3558       4       com.sun.glass.ui.Application::checkEventThread (35 bytes)
Event: 26.143 Thread 0x0000029cd6198f20 nmethod 3558 0x0000029cc3207810 code [0x0000029cc32079a0, 0x0000029cc3207a38]
Event: 26.143 Thread 0x0000029cd6198f20 3559       4       com.sun.javafx.geom.RectBounds::isEmpty (30 bytes)
Event: 26.143 Thread 0x0000029cd61a1f30 3560       3       com.sun.prism.d3d.D3DContext::updateClipRect (70 bytes)
Event: 26.143 Thread 0x0000029cd6198f20 nmethod 3559 0x0000029cc3207b10 code [0x0000029cc3207c80, 0x0000029cc3207d18]
Event: 26.143 Thread 0x0000029cd61a1f30 nmethod 3560 0x0000029cbc264b90 code [0x0000029cbc264d60, 0x0000029cbc2650c8]
Event: 26.143 Thread 0x0000029cd61a1f30 3561       3       java.util.ArrayList::checkForComodification (17 bytes)
Event: 26.144 Thread 0x0000029cd61a1f30 nmethod 3561 0x0000029cbc265210 code [0x0000029cbc2653c0, 0x0000029cbc2655e8]
Event: 26.479 Thread 0x0000029cd61a1f30 3565       3       java.util.ArrayList::equalsRange (85 bytes)
Event: 26.479 Thread 0x0000029cd61a1f30 nmethod 3565 0x0000029cbc265710 code [0x0000029cbc265940, 0x0000029cbc266298]
Event: 26.480 Thread 0x0000029cd61a1f30 3562       3       javafx.scene.paint.LinearGradient::equals (119 bytes)
Event: 26.480 Thread 0x0000029cd61a1f30 nmethod 3562 0x0000029cbc266510 code [0x0000029cbc266700, 0x0000029cbc266ee8]
Event: 26.480 Thread 0x0000029cd61a1f30 3563       3       java.util.Collections$UnmodifiableList::equals (24 bytes)
Event: 26.481 Thread 0x0000029cd61a1f30 nmethod 3563 0x0000029cbc267010 code [0x0000029cbc2671c0, 0x0000029cbc267428]
Event: 26.481 Thread 0x0000029cd61a1f30 3564       3       java.util.ArrayList::equals (62 bytes)
Event: 26.481 Thread 0x0000029cd61a1f30 nmethod 3564 0x0000029cbc267510 code [0x0000029cbc267720, 0x0000029cbc267ec8]
Event: 26.481 Thread 0x0000029cd61a1f30 3566       3       com.sun.javafx.sg.prism.NGRegion::renderBackgroundRectangle (1165 bytes)
Event: 26.486 Thread 0x0000029cd61a1f30 nmethod 3566 0x0000029cbc268090 code [0x0000029cbc268740, 0x0000029cbc26c708]

GC Heap History (4 events):
Event: 0.485 GC heap before
{Heap before GC invocations=0 (full 0):
 garbage-first heap   total 260096K, used 10240K [0x0000000702000000, 0x0000000800000000)
  region size 2048K, 6 young (12288K), 0 survivors (0K)
 Metaspace       used 2335K, committed 2496K, reserved 1056768K
  class space    used 234K, committed 320K, reserved 1048576K
}
Event: 0.488 GC heap after
{Heap after GC invocations=1 (full 0):
 garbage-first heap   total 260096K, used 1835K [0x0000000702000000, 0x0000000800000000)
  region size 2048K, 1 young (2048K), 1 survivors (2048K)
 Metaspace       used 2335K, committed 2496K, reserved 1056768K
  class space    used 234K, committed 320K, reserved 1048576K
}
Event: 0.827 GC heap before
{Heap before GC invocations=1 (full 0):
 garbage-first heap   total 260096K, used 16171K [0x0000000702000000, 0x0000000800000000)
  region size 2048K, 9 young (18432K), 1 survivors (2048K)
 Metaspace       used 7604K, committed 7808K, reserved 1064960K
  class space    used 942K, committed 1024K, reserved 1048576K
}
Event: 0.832 GC heap after
{Heap after GC invocations=2 (full 0):
 garbage-first heap   total 260096K, used 4504K [0x0000000702000000, 0x0000000800000000)
  region size 2048K, 2 young (4096K), 2 survivors (4096K)
 Metaspace       used 7604K, committed 7808K, reserved 1064960K
  class space    used 942K, committed 1024K, reserved 1048576K
}

Deoptimization events (20 events):
Event: 20.233 Thread 0x0000029cd61908a0 Uncommon trap: trap_request=0xffffffd6 fr.pc=0x0000029cc31da890 relative=0x0000000000000250
Event: 20.233 Thread 0x0000029cd61908a0 Uncommon trap: reason=array_check action=maybe_recompile pc=0x0000029cc31da890 method=javafx.css.SimpleSelector.applies(Ljavafx/css/Styleable;[Ljava/util/Set;I)Z @ 37 c2
Event: 20.233 Thread 0x0000029cd61908a0 DEOPT PACKING pc=0x0000029cc31da890 sp=0x000000ec110f9a90
Event: 20.233 Thread 0x0000029cd61908a0 DEOPT UNPACKING pc=0x0000029cbb62d72e sp=0x000000ec110f9a38 mode 2
Event: 20.233 Thread 0x0000029cd61908a0 Uncommon trap: trap_request=0xffffffd6 fr.pc=0x0000029cc31da890 relative=0x0000000000000250
Event: 20.233 Thread 0x0000029cd61908a0 Uncommon trap: reason=array_check action=maybe_recompile pc=0x0000029cc31da890 method=javafx.css.SimpleSelector.applies(Ljavafx/css/Styleable;[Ljava/util/Set;I)Z @ 37 c2
Event: 20.233 Thread 0x0000029cd61908a0 DEOPT PACKING pc=0x0000029cc31da890 sp=0x000000ec110f9990
Event: 20.233 Thread 0x0000029cd61908a0 DEOPT UNPACKING pc=0x0000029cbb62d72e sp=0x000000ec110f9938 mode 2
Event: 20.233 Thread 0x0000029cd61908a0 Uncommon trap: trap_request=0xffffffd6 fr.pc=0x0000029cc31da890 relative=0x0000000000000250
Event: 20.233 Thread 0x0000029cd61908a0 Uncommon trap: reason=array_check action=maybe_recompile pc=0x0000029cc31da890 method=javafx.css.SimpleSelector.applies(Ljavafx/css/Styleable;[Ljava/util/Set;I)Z @ 37 c2
Event: 20.233 Thread 0x0000029cd61908a0 DEOPT PACKING pc=0x0000029cc31da890 sp=0x000000ec110f9910
Event: 20.233 Thread 0x0000029cd61908a0 DEOPT UNPACKING pc=0x0000029cbb62d72e sp=0x000000ec110f98b8 mode 2
Event: 20.277 Thread 0x0000029cd61908a0 DEOPT PACKING pc=0x0000029cbbf6f0f4 sp=0x000000ec110fa700
Event: 20.277 Thread 0x0000029cd61908a0 DEOPT UNPACKING pc=0x0000029cbb62dece sp=0x000000ec110f9b88 mode 0
Event: 21.651 Thread 0x0000029cd61908a0 Uncommon trap: trap_request=0xffffffde fr.pc=0x0000029cc31585dc relative=0x000000000000003c
Event: 21.651 Thread 0x0000029cd61908a0 Uncommon trap: reason=class_check action=maybe_recompile pc=0x0000029cc31585dc method=java.lang.StringConcatHelper.stringOf(Ljava/lang/Object;)Ljava/lang/String; @ 5 c2
Event: 21.651 Thread 0x0000029cd61908a0 DEOPT PACKING pc=0x0000029cc31585dc sp=0x000000ec110f9100
Event: 21.651 Thread 0x0000029cd61908a0 DEOPT UNPACKING pc=0x0000029cbb62d72e sp=0x000000ec110f9090 mode 2
Event: 24.256 Thread 0x0000029cd618f360 DEOPT PACKING pc=0x0000029cbbdf5bc2 sp=0x000000ec10bfd930
Event: 24.256 Thread 0x0000029cd618f360 DEOPT UNPACKING pc=0x0000029cbb62dece sp=0x000000ec10bfcdc0 mode 0

Classes unloaded (0 events):
No events

Classes redefined (0 events):
No events

Internal exceptions (20 events):
Event: 2.420 Thread 0x0000029cd61908a0 Exception <a 'java/lang/NoSuchMethodError'{0x00000007110990a0}: 'java.lang.Object java.lang.invoke.DirectMethodHandle$Holder.invokeInterface(java.lang.Object, java.lang.Object, java.lang.Object)'> (0x00000007110990a0) 
thrown [t:\workspace\open\src\hotspot\share\interpreter\linkResolver.cpp, line 790]
Event: 2.420 Thread 0x0000029cd61908a0 Exception <a 'java/lang/IncompatibleClassChangeError'{0x000000071109cc20}: Found class java.lang.Object, but interface was expected> (0x000000071109cc20) 
thrown [t:\workspace\open\src\hotspot\share\interpreter\linkResolver.cpp, line 857]
Event: 2.494 Thread 0x0000029cd61908a0 Exception <a 'java/lang/NoSuchMethodError'{0x0000000710e782e8}: 'java.lang.Object java.lang.invoke.DirectMethodHandle$Holder.newInvokeSpecial(java.lang.Object, java.lang.Object, int)'> (0x0000000710e782e8) 
thrown [t:\workspace\open\src\hotspot\share\interpreter\linkResolver.cpp, line 790]
Event: 2.521 Thread 0x0000029cd618f360 Exception <a 'java/lang/NoSuchMethodError'{0x0000000710fa1510}: 'int java.lang.invoke.DirectMethodHandle$Holder.invokeStaticInit(java.lang.Object, java.lang.Object)'> (0x0000000710fa1510) 
thrown [t:\workspace\open\src\hotspot\share\interpreter\linkResolver.cpp, line 790]
Event: 4.336 Thread 0x0000029cd61908a0 Exception <a 'java/lang/NoSuchMethodError'{0x0000000710743aa0}: 'long java.lang.invoke.DirectMethodHandle$Holder.invokeStatic(java.lang.Object, java.lang.Object, java.lang.Object)'> (0x0000000710743aa0) 
thrown [t:\workspace\open\src\hotspot\share\interpreter\linkResolver.cpp, line 790]
Event: 4.336 Thread 0x0000029cd61908a0 Exception <a 'java/lang/NoSuchMethodError'{0x0000000710747450}: 'long java.lang.invoke.DirectMethodHandle$Holder.invokeStaticInit(java.lang.Object, java.lang.Object, java.lang.Object)'> (0x0000000710747450) 
thrown [t:\workspace\open\src\hotspot\share\interpreter\linkResolver.cpp, line 790]
Event: 4.339 Thread 0x0000029cd61908a0 Exception <a 'java/lang/NoSuchMethodError'{0x000000071075f370}: 'java.lang.Object java.lang.invoke.DirectMethodHandle$Holder.newInvokeSpecial(java.lang.Object, java.lang.Object, long)'> (0x000000071075f370) 
thrown [t:\workspace\open\src\hotspot\share\interpreter\linkResolver.cpp, line 790]
Event: 4.340 Thread 0x0000029cd61908a0 Exception <a 'java/lang/NoSuchMethodError'{0x00000007107661d0}: 'java.lang.Object java.lang.invoke.Invokers$Holder.linkToTargetMethod(java.lang.Object, long, java.lang.Object)'> (0x00000007107661d0) 
thrown [t:\workspace\open\src\hotspot\share\interpreter\linkResolver.cpp, line 790]
Event: 4.464 Thread 0x0000029cd61908a0 Exception <a 'java/io/IOException'{0x00000007102d53b8}> (0x00000007102d53b8) 
thrown [t:\workspace\open\src\hotspot\share\prims\jni.cpp, line 579]
Event: 4.486 Thread 0x0000029cd61908a0 Exception <a 'java/lang/ClassNotFoundException'{0x00000007103e6578}: com/sun/javafx/scene/control/skin/resources/controls> (0x00000007103e6578) 
thrown [t:\workspace\open\src\hotspot\share\prims\jni.cpp, line 600]
Event: 4.488 Thread 0x0000029cd61908a0 Exception <a 'java/lang/ClassNotFoundException'{0x00000007103f4a60}: com/sun/javafx/scene/control/skin/resources/controls_es> (0x00000007103f4a60) 
thrown [t:\workspace\open\src\hotspot\share\prims\jni.cpp, line 600]
Event: 4.490 Thread 0x0000029cd61908a0 Exception <a 'java/lang/ClassNotFoundException'{0x0000000710002e80}: com/sun/javafx/scene/control/skin/resources/controls_es_CO> (0x0000000710002e80) 
thrown [t:\workspace\open\src\hotspot\share\prims\jni.cpp, line 600]
Event: 7.382 Thread 0x0000029cd61908a0 Exception <a 'java/lang/NoSuchMethodError'{0x000000070f80b030}: 'void java.lang.invoke.DirectMethodHandle$Holder.invokeSpecial(java.lang.Object, java.lang.Object, java.lang.Object, java.lang.Object, java.lang.Object, java.lang.Object)'> (0x000000070f80b030) 
thrown [t:\workspace\open\src\hotspot\share\interpreter\linkResolver.cpp, line 790]
Event: 7.475 Thread 0x0000029cd61908a0 Exception <a 'java/lang/NoSuchMethodError'{0x000000070f7a9ef8}: 'void java.lang.invoke.DirectMethodHandle$Holder.invokeSpecialIFC(java.lang.Object, java.lang.Object, java.lang.Object, java.lang.Object)'> (0x000000070f7a9ef8) 
thrown [t:\workspace\open\src\hotspot\share\interpreter\linkResolver.cpp, line 790]
Event: 7.507 Thread 0x0000029cd61908a0 Exception <a 'java/lang/NoSuchMethodError'{0x000000070f4ca450}: 'int java.lang.invoke.DirectMethodHandle$Holder.invokeSpecial(java.lang.Object, java.lang.Object, int)'> (0x000000070f4ca450) 
thrown [t:\workspace\open\src\hotspot\share\interpreter\linkResolver.cpp, line 790]
Event: 18.143 Thread 0x0000029cd618f360 Exception <a 'java/lang/NoSuchMethodError'{0x000000070f055c68}: 'java.lang.Object java.lang.invoke.DirectMethodHandle$Holder.invokeStaticInit(java.lang.Object, int)'> (0x000000070f055c68) 
thrown [t:\workspace\open\src\hotspot\share\interpreter\linkResolver.cpp, line 790]
Event: 21.651 Thread 0x0000029cd61908a0 Exception <a 'java/io/FileNotFoundException'{0x000000070eab4728}> (0x000000070eab4728) 
thrown [t:\workspace\open\src\hotspot\share\prims\jni.cpp, line 579]
Event: 24.706 Thread 0x0000029cd61908a0 Exception <a 'java/lang/NoSuchMethodError'{0x000000070eb7aad8}: 'java.lang.Object java.lang.invoke.DirectMethodHandle$Holder.newInvokeSpecial(java.lang.Object, java.lang.Object, int, int, int, int, int, java.lang.Object)'> (0x000000070eb7aad8) 
thrown [t:\workspace\open\src\hotspot\share\interpreter\linkResolver.cpp, line 790]
Event: 24.708 Thread 0x0000029cd61908a0 Exception <a 'java/lang/NoSuchMethodError'{0x000000070eb8e9e8}: 'java.lang.Object java.lang.invoke.DirectMethodHandle$Holder.newInvokeSpecial(java.lang.Object, java.lang.Object, java.lang.Object, int, int, int, int, int)'> (0x000000070eb8e9e8) 
thrown [t:\workspace\open\src\hotspot\share\interpreter\linkResolver.cpp, line 790]
Event: 24.708 Thread 0x0000029cd61908a0 Exception <a 'java/lang/NoSuchMethodError'{0x000000070eb96aa8}: 'java.lang.Object java.lang.invoke.Invokers$Holder.linkToTargetMethod(java.lang.Object, java.lang.Object, int, int, int, int, int, java.lang.Object)'> (0x000000070eb96aa8) 
thrown [t:\workspace\open\src\hotspot\share\interpreter\linkResolver.cpp, line 790]

Events (20 events):
Event: 19.467 Executing  VM operation: Cleanup
Event: 19.467 Executing  VM operation: Cleanup done
Event: 20.236 Thread 0x0000029cdf0d0210 Thread added: 0x0000029cdf0d0210
Event: 20.809 Thread 0x0000029cdf0d0210 Thread exited: 0x0000029cdf0d0210
Event: 21.468 Executing  VM operation: Cleanup
Event: 21.468 Executing  VM operation: Cleanup done
Event: 22.468 Executing  VM operation: Cleanup
Event: 22.468 Executing  VM operation: Cleanup done
Event: 23.469 Executing  VM operation: Cleanup
Event: 23.469 Executing  VM operation: Cleanup done
Event: 24.469 Executing  VM operation: Cleanup
Event: 24.470 Executing  VM operation: Cleanup done
Event: 24.875 Thread 0x0000029cdf0d0210 Thread added: 0x0000029cdf0d0210
Event: 25.470 Executing  VM operation: Cleanup
Event: 25.470 Executing  VM operation: Cleanup done
Event: 25.641 Thread 0x0000029cdf0d0210 Thread exited: 0x0000029cdf0d0210
Event: 26.601 Thread 0x0000029cd759fa80 Thread added: 0x0000029cd759fa80
Event: 26.601 Thread 0x0000029cd759ffd0 Thread added: 0x0000029cd759ffd0
Event: 26.606 Thread 0x0000029cd759fa80 Thread exited: 0x0000029cd759fa80
Event: 26.608 Executing  VM operation: Exit


Dynamic libraries:
0x00007ff651360000 - 0x00007ff651370000 	C:\Program Files\Java\jdk-16.0.1\bin\java.exe
0x00007ffd67da0000 - 0x00007ffd67faf000 	C:\WINDOWS\SYSTEM32\ntdll.dll
0x00007ffd66b30000 - 0x00007ffd66bed000 	C:\WINDOWS\System32\KERNEL32.DLL
0x00007ffd652c0000 - 0x00007ffd6564c000 	C:\WINDOWS\System32\KERNELBASE.dll
0x00007ffd65720000 - 0x00007ffd65831000 	C:\WINDOWS\System32\ucrtbase.dll
0x00007ffd54670000 - 0x00007ffd54689000 	C:\Program Files\Java\jdk-16.0.1\bin\VCRUNTIME140.dll
0x00007ffd564d0000 - 0x00007ffd564e8000 	C:\Program Files\Java\jdk-16.0.1\bin\jli.dll
0x00007ffd67b10000 - 0x00007ffd67bbe000 	C:\WINDOWS\System32\ADVAPI32.dll
0x00007ffd675d0000 - 0x00007ffd67674000 	C:\WINDOWS\System32\msvcrt.dll
0x00007ffd66bf0000 - 0x00007ffd66c91000 	C:\WINDOWS\System32\sechost.dll
0x00007ffd66ca0000 - 0x00007ffd66dbf000 	C:\WINDOWS\System32\RPCRT4.dll
0x00007ffd66260000 - 0x00007ffd66406000 	C:\WINDOWS\System32\USER32.dll
0x00007ffd65650000 - 0x00007ffd65676000 	C:\WINDOWS\System32\win32u.dll
0x00007ffd5af80000 - 0x00007ffd5b221000 	C:\WINDOWS\WinSxS\amd64_microsoft.windows.common-controls_6595b64144ccf1df_6.0.22499.1000_none_268c46d844651e1d\COMCTL32.dll
0x00007ffd65d10000 - 0x00007ffd65d39000 	C:\WINDOWS\System32\GDI32.dll
0x00007ffd65900000 - 0x00007ffd65a17000 	C:\WINDOWS\System32\gdi32full.dll
0x00007ffd65680000 - 0x00007ffd6571a000 	C:\WINDOWS\System32\msvcp_win.dll
0x00007ffd54780000 - 0x00007ffd5478a000 	C:\WINDOWS\SYSTEM32\VERSION.dll
0x00007ffd67590000 - 0x00007ffd675c1000 	C:\WINDOWS\System32\IMM32.DLL
0x00007ffd53080000 - 0x00007ffd5308c000 	C:\Program Files\Java\jdk-16.0.1\bin\vcruntime140_1.dll
0x00007ffd36820000 - 0x00007ffd368b1000 	C:\Program Files\Java\jdk-16.0.1\bin\msvcp140.dll
0x00007ffd188f0000 - 0x00007ffd1949b000 	C:\Program Files\Java\jdk-16.0.1\bin\server\jvm.dll
0x00007ffd66250000 - 0x00007ffd66258000 	C:\WINDOWS\System32\PSAPI.DLL
0x00007ffd56670000 - 0x00007ffd566a4000 	C:\WINDOWS\SYSTEM32\WINMM.dll
0x00007ffd56f30000 - 0x00007ffd56f39000 	C:\WINDOWS\SYSTEM32\WSOCK32.dll
0x00007ffd65c90000 - 0x00007ffd65d01000 	C:\WINDOWS\System32\WS2_32.dll
0x00007ffd64420000 - 0x00007ffd64438000 	C:\WINDOWS\SYSTEM32\kernel.appcore.dll
0x00007ffd4fdf0000 - 0x00007ffd4fdfa000 	C:\Program Files\Java\jdk-16.0.1\bin\jimage.dll
0x00007ffd5b510000 - 0x00007ffd5b736000 	C:\WINDOWS\SYSTEM32\DBGHELP.DLL
0x00007ffd676a0000 - 0x00007ffd67a1c000 	C:\WINDOWS\System32\combase.dll
0x00007ffd60e50000 - 0x00007ffd60e81000 	C:\WINDOWS\SYSTEM32\dbgcore.DLL
0x00007ffd65b80000 - 0x00007ffd65c00000 	C:\WINDOWS\System32\bcryptPrimitives.dll
0x00007ffd411a0000 - 0x00007ffd411c5000 	C:\Program Files\Java\jdk-16.0.1\bin\java.dll
0x00007ffd66dd0000 - 0x00007ffd67584000 	C:\WINDOWS\System32\SHELL32.dll
0x00007ffd63380000 - 0x00007ffd63bdd000 	C:\WINDOWS\SYSTEM32\windows.storage.dll
0x00007ffd63230000 - 0x00007ffd63379000 	C:\WINDOWS\SYSTEM32\wintypes.dll
0x00007ffd66880000 - 0x00007ffd66971000 	C:\WINDOWS\System32\SHCORE.dll
0x00007ffd65c00000 - 0x00007ffd65c5b000 	C:\WINDOWS\System32\shlwapi.dll
0x00007ffd65190000 - 0x00007ffd651b1000 	C:\WINDOWS\SYSTEM32\profapi.dll
0x00007ffd3b080000 - 0x00007ffd3b099000 	C:\Program Files\Java\jdk-16.0.1\bin\net.dll
0x00007ffd58a80000 - 0x00007ffd58b92000 	C:\WINDOWS\SYSTEM32\WINHTTP.dll
0x00007ffd64860000 - 0x00007ffd648c9000 	C:\WINDOWS\system32\mswsock.dll
0x00007ffd38260000 - 0x00007ffd38273000 	C:\Program Files\Java\jdk-16.0.1\bin\nio.dll
0x00007ffd37de0000 - 0x00007ffd37df8000 	C:\Program Files\Java\jdk-16.0.1\bin\zip.dll
0x0000029cb3e00000 - 0x0000029cb3e03000 	C:\Program Files\Java\javafx-sdk-17.0.1\bin\api-ms-win-core-console-l1-1-0.dll
0x0000029cb3e10000 - 0x0000029cb3e13000 	C:\Program Files\Java\javafx-sdk-17.0.1\bin\api-ms-win-core-console-l1-2-0.dll
0x0000029cb3e20000 - 0x0000029cb3e23000 	C:\Program Files\Java\javafx-sdk-17.0.1\bin\api-ms-win-core-datetime-l1-1-0.dll
0x0000029cb3e30000 - 0x0000029cb3e33000 	C:\Program Files\Java\javafx-sdk-17.0.1\bin\api-ms-win-core-debug-l1-1-0.dll
0x0000029cd6310000 - 0x0000029cd6313000 	C:\Program Files\Java\javafx-sdk-17.0.1\bin\api-ms-win-core-errorhandling-l1-1-0.dll
0x0000029cd6320000 - 0x0000029cd6324000 	C:\Program Files\Java\javafx-sdk-17.0.1\bin\api-ms-win-core-file-l1-1-0.dll
0x0000029cd6330000 - 0x0000029cd6333000 	C:\Program Files\Java\javafx-sdk-17.0.1\bin\api-ms-win-core-file-l1-2-0.dll
0x0000029cd6340000 - 0x0000029cd6343000 	C:\Program Files\Java\javafx-sdk-17.0.1\bin\api-ms-win-core-file-l2-1-0.dll
0x0000029cd6350000 - 0x0000029cd6353000 	C:\Program Files\Java\javafx-sdk-17.0.1\bin\api-ms-win-core-handle-l1-1-0.dll
0x0000029cd6360000 - 0x0000029cd6363000 	C:\Program Files\Java\javafx-sdk-17.0.1\bin\api-ms-win-core-heap-l1-1-0.dll
0x0000029cd6370000 - 0x0000029cd6373000 	C:\Program Files\Java\javafx-sdk-17.0.1\bin\api-ms-win-core-interlocked-l1-1-0.dll
0x0000029cd6380000 - 0x0000029cd6383000 	C:\Program Files\Java\javafx-sdk-17.0.1\bin\api-ms-win-core-libraryloader-l1-1-0.dll
0x0000029cd6390000 - 0x0000029cd6393000 	C:\Program Files\Java\javafx-sdk-17.0.1\bin\api-ms-win-core-localization-l1-2-0.dll
0x0000029cd63a0000 - 0x0000029cd63a3000 	C:\Program Files\Java\javafx-sdk-17.0.1\bin\api-ms-win-core-memory-l1-1-0.dll
0x0000029cd63b0000 - 0x0000029cd63b3000 	C:\Program Files\Java\javafx-sdk-17.0.1\bin\api-ms-win-core-namedpipe-l1-1-0.dll
0x0000029cd63c0000 - 0x0000029cd63c3000 	C:\Program Files\Java\javafx-sdk-17.0.1\bin\api-ms-win-core-processenvironment-l1-1-0.dll
0x0000029cd63d0000 - 0x0000029cd63d3000 	C:\Program Files\Java\javafx-sdk-17.0.1\bin\api-ms-win-core-processthreads-l1-1-0.dll
0x0000029cd63e0000 - 0x0000029cd63e3000 	C:\Program Files\Java\javafx-sdk-17.0.1\bin\api-ms-win-core-processthreads-l1-1-1.dll
0x0000029cd63f0000 - 0x0000029cd63f3000 	C:\Program Files\Java\javafx-sdk-17.0.1\bin\api-ms-win-core-profile-l1-1-0.dll
0x0000029cd7800000 - 0x0000029cd7803000 	C:\Program Files\Java\javafx-sdk-17.0.1\bin\api-ms-win-core-rtlsupport-l1-1-0.dll
0x0000029cd7810000 - 0x0000029cd7813000 	C:\Program Files\Java\javafx-sdk-17.0.1\bin\api-ms-win-core-string-l1-1-0.dll
0x0000029cd7820000 - 0x0000029cd7823000 	C:\Program Files\Java\javafx-sdk-17.0.1\bin\api-ms-win-core-synch-l1-1-0.dll
0x0000029cd7830000 - 0x0000029cd7833000 	C:\Program Files\Java\javafx-sdk-17.0.1\bin\api-ms-win-core-synch-l1-2-0.dll
0x0000029cd7840000 - 0x0000029cd7843000 	C:\Program Files\Java\javafx-sdk-17.0.1\bin\api-ms-win-core-sysinfo-l1-1-0.dll
0x0000029cd7850000 - 0x0000029cd7853000 	C:\Program Files\Java\javafx-sdk-17.0.1\bin\api-ms-win-core-timezone-l1-1-0.dll
0x0000029cd7860000 - 0x0000029cd7863000 	C:\Program Files\Java\javafx-sdk-17.0.1\bin\api-ms-win-core-util-l1-1-0.dll
0x0000029cd7870000 - 0x0000029cd7873000 	C:\Program Files\Java\javafx-sdk-17.0.1\bin\api-ms-win-crt-conio-l1-1-0.dll
0x0000029cd7880000 - 0x0000029cd7884000 	C:\Program Files\Java\javafx-sdk-17.0.1\bin\api-ms-win-crt-convert-l1-1-0.dll
0x0000029cd7890000 - 0x0000029cd7893000 	C:\Program Files\Java\javafx-sdk-17.0.1\bin\api-ms-win-crt-environment-l1-1-0.dll
0x0000029cd78a0000 - 0x0000029cd78a3000 	C:\Program Files\Java\javafx-sdk-17.0.1\bin\api-ms-win-crt-filesystem-l1-1-0.dll
0x0000029cd78b0000 - 0x0000029cd78b3000 	C:\Program Files\Java\javafx-sdk-17.0.1\bin\api-ms-win-crt-heap-l1-1-0.dll
0x0000029cd78c0000 - 0x0000029cd78c3000 	C:\Program Files\Java\javafx-sdk-17.0.1\bin\api-ms-win-crt-locale-l1-1-0.dll
0x0000029cd78d0000 - 0x0000029cd78d5000 	C:\Program Files\Java\javafx-sdk-17.0.1\bin\api-ms-win-crt-math-l1-1-0.dll
0x0000029cd78e0000 - 0x0000029cd78e5000 	C:\Program Files\Java\javafx-sdk-17.0.1\bin\api-ms-win-crt-multibyte-l1-1-0.dll
0x0000029cd78f0000 - 0x0000029cd7900000 	C:\Program Files\Java\javafx-sdk-17.0.1\bin\api-ms-win-crt-private-l1-1-0.dll
0x0000029cd7900000 - 0x0000029cd7903000 	C:\Program Files\Java\javafx-sdk-17.0.1\bin\api-ms-win-crt-process-l1-1-0.dll
0x0000029cd7910000 - 0x0000029cd7914000 	C:\Program Files\Java\javafx-sdk-17.0.1\bin\api-ms-win-crt-runtime-l1-1-0.dll
0x0000029cd7920000 - 0x0000029cd7924000 	C:\Program Files\Java\javafx-sdk-17.0.1\bin\api-ms-win-crt-stdio-l1-1-0.dll
0x0000029cd7930000 - 0x0000029cd7934000 	C:\Program Files\Java\javafx-sdk-17.0.1\bin\api-ms-win-crt-string-l1-1-0.dll
0x0000029cd7940000 - 0x0000029cd7943000 	C:\Program Files\Java\javafx-sdk-17.0.1\bin\api-ms-win-crt-time-l1-1-0.dll
0x0000029cd7950000 - 0x0000029cd7953000 	C:\Program Files\Java\javafx-sdk-17.0.1\bin\api-ms-win-crt-utility-l1-1-0.dll
0x00007ffd31420000 - 0x00007ffd3151c000 	C:\Program Files\Java\javafx-sdk-17.0.1\bin\ucrtbase.dll
0x00007ffd51b10000 - 0x00007ffd51b2a000 	C:\Program Files\Java\javafx-sdk-17.0.1\bin\vcruntime140.dll
0x00007ffd59c20000 - 0x00007ffd59c2c000 	C:\Program Files\Java\javafx-sdk-17.0.1\bin\vcruntime140_1.dll
0x00007ffd3b3b0000 - 0x00007ffd3b43d000 	C:\Program Files\Java\javafx-sdk-17.0.1\bin\msvcp140.dll
0x00007ffd4acd0000 - 0x00007ffd4acfa000 	C:\Program Files\Java\javafx-sdk-17.0.1\bin\prism_d3d.dll
0x00007ffd27f70000 - 0x00007ffd28116000 	C:\WINDOWS\system32\d3d9.dll
0x00007ffd62e50000 - 0x00007ffd62e80000 	C:\WINDOWS\SYSTEM32\dwmapi.dll
0x00007ffd62d00000 - 0x00007ffd62d38000 	C:\WINDOWS\SYSTEM32\dxcore.dll
0x00007ffd62c20000 - 0x00007ffd62ccb000 	C:\WINDOWS\system32\uxtheme.dll
0x00007ffd17b90000 - 0x00007ffd17d67000 	C:\WINDOWS\System32\DriverStore\FileRepository\igdlh64.inf_amd64_4645af5c659ae51a\igdumdim64.dll
0x00007ffcff220000 - 0x00007ffd0221d000 	C:\WINDOWS\System32\DriverStore\FileRepository\igdlh64.inf_amd64_4645af5c659ae51a\igd9dxva64.dll
0x00007ffd67bc0000 - 0x00007ffd67d5a000 	C:\WINDOWS\System32\ole32.dll
0x00007ffd65d40000 - 0x00007ffd65e17000 	C:\WINDOWS\System32\OLEAUT32.dll
0x00007ffd60dc0000 - 0x00007ffd60e04000 	C:\WINDOWS\SYSTEM32\directxdatabasehelper.dll
0x00007ffd3e940000 - 0x00007ffd3e982000 	C:\Program Files\Java\javafx-sdk-17.0.1\bin\glass.dll
0x00007ffd66980000 - 0x00007ffd66a6a000 	C:\WINDOWS\System32\COMDLG32.dll
0x00007ffd65e20000 - 0x00007ffd65f3d000 	C:\WINDOWS\System32\MSCTF.dll
0x00007ffd5b770000 - 0x00007ffd5d505000 	C:\WINDOWS\System32\DriverStore\FileRepository\igdlh64.inf_amd64_4645af5c659ae51a\igc64.dll
0x00007ffd47010000 - 0x00007ffd4703d000 	C:\Program Files\Java\javafx-sdk-17.0.1\bin\javafx_iio.dll
0x00007ffd4c0c0000 - 0x00007ffd4c0d4000 	C:\Program Files\Java\javafx-sdk-17.0.1\bin\javafx_font.dll
0x00007ffd486e0000 - 0x00007ffd48946000 	C:\WINDOWS\SYSTEM32\dwrite.dll
0x00007ffd66100000 - 0x00007ffd661af000 	C:\WINDOWS\System32\clbcatq.dll
0x00007ffd5fc10000 - 0x00007ffd5fdbe000 	C:\WINDOWS\SYSTEM32\WindowsCodecs.dll
0x00007ffd37160000 - 0x00007ffd371bd000 	C:\WINDOWS\system32\dataexchange.dll
0x00007ffd5f2b0000 - 0x00007ffd5f51c000 	C:\WINDOWS\system32\twinapi.appcore.dll
0x00007ffd402e0000 - 0x00007ffd40312000 	C:\Program Files\Common Files\Microsoft Shared\Ink\rtscom.dll
0x00007ffd4e610000 - 0x00007ffd4e73c000 	C:\WINDOWS\SYSTEM32\textinputframework.dll
0x00007ffd62410000 - 0x00007ffd6253d000 	C:\WINDOWS\SYSTEM32\CoreMessaging.dll
0x00007ffd60760000 - 0x00007ffd60acb000 	C:\WINDOWS\SYSTEM32\CoreUIComponents.dll
0x00007ffd64ad0000 - 0x00007ffd64adc000 	C:\WINDOWS\SYSTEM32\CRYPTBASE.DLL

dbghelp: loaded successfully - version: 4.0.5 - missing functions: none
symbol engine: initialized successfully - sym options: 0x614 - pdb path: .;C:\Program Files\Java\jdk-16.0.1\bin;C:\WINDOWS\SYSTEM32;C:\WINDOWS\WinSxS\amd64_microsoft.windows.common-controls_6595b64144ccf1df_6.0.22499.1000_none_268c46d844651e1d;C:\Program Files\Java\jdk-16.0.1\bin\server;C:\Program Files\Java\javafx-sdk-17.0.1\bin;C:\WINDOWS\System32\DriverStore\FileRepository\igdlh64.inf_amd64_4645af5c659ae51a;C:\Program Files\Common Files\Microsoft Shared\Ink

VM Arguments:
jvm_args: -Dfile.encoding=UTF-8 --add-modules=javafx.controls,javafx.fxml --module-path=C:\Users\Adames\Music\Universidad\POO\HG_Performance\build\classes;C:\Program Files\Java\javafx-sdk-17.0.1\lib\javafx-swt.jar;C:\Program Files\Java\javafx-sdk-17.0.1\lib\javafx.base.jar;C:\Program Files\Java\javafx-sdk-17.0.1\lib\javafx.controls.jar;C:\Program Files\Java\javafx-sdk-17.0.1\lib\javafx.fxml.jar;C:\Program Files\Java\javafx-sdk-17.0.1\lib\javafx.graphics.jar;C:\Program Files\Java\javafx-sdk-17.0.1\lib\javafx.media.jar;C:\Program Files\Java\javafx-sdk-17.0.1\lib\javafx.swing.jar;C:\Program Files\Java\javafx-sdk-17.0.1\lib\javafx.web.jar 
java_command: start.HG_Performance
java_class_path (initial): C:\Program Files\Java\javafx-sdk-17.0.1\lib\javafx-swt.jar;C:\Program Files\Java\javafx-sdk-17.0.1\lib\javafx.base.jar;C:\Program Files\Java\javafx-sdk-17.0.1\lib\javafx.controls.jar;C:\Program Files\Java\javafx-sdk-17.0.1\lib\javafx.fxml.jar;C:\Program Files\Java\javafx-sdk-17.0.1\lib\javafx.graphics.jar;C:\Program Files\Java\javafx-sdk-17.0.1\lib\javafx.media.jar;C:\Program Files\Java\javafx-sdk-17.0.1\lib\javafx.swing.jar;C:\Program Files\Java\javafx-sdk-17.0.1\lib\javafx.web.jar;C:\Users\Adames\Music\Universidad\POO\HG_Performance\build\classes
Launcher Type: SUN_STANDARD

[Global flags]
     intx CICompilerCount                          = 3                                         {product} {ergonomic}
     uint ConcGCThreads                            = 1                                         {product} {ergonomic}
     uint G1ConcRefinementThreads                  = 4                                         {product} {ergonomic}
   size_t G1HeapRegionSize                         = 2097152                                   {product} {ergonomic}
    uintx GCDrainStackTargetSize                   = 64                                        {product} {ergonomic}
   size_t InitialHeapSize                          = 266338304                                 {product} {ergonomic}
   size_t MarkStackSize                            = 4194304                                   {product} {ergonomic}
   size_t MaxHeapSize                              = 4261412864                                {product} {ergonomic}
   size_t MaxNewSize                               = 2556428288                                {product} {ergonomic}
   size_t MinHeapDeltaBytes                        = 2097152                                   {product} {ergonomic}
   size_t MinHeapSize                              = 8388608                                   {product} {ergonomic}
    uintx NonNMethodCodeHeapSize                   = 5832780                                {pd product} {ergonomic}
    uintx NonProfiledCodeHeapSize                  = 122912730                              {pd product} {ergonomic}
    uintx ProfiledCodeHeapSize                     = 122912730                              {pd product} {ergonomic}
    uintx ReservedCodeCacheSize                    = 251658240                              {pd product} {ergonomic}
     bool SegmentedCodeCache                       = true                                      {product} {ergonomic}
   size_t SoftMaxHeapSize                          = 4261412864                             {manageable} {ergonomic}
     bool UseCompressedClassPointers               = true                           {product lp64_product} {ergonomic}
     bool UseCompressedOops                        = true                           {product lp64_product} {ergonomic}
     bool UseG1GC                                  = true                                      {product} {ergonomic}
     bool UseLargePagesIndividualAllocation        = false                                  {pd product} {ergonomic}

Logging:
Log output configuration:
 #0: stdout all=off uptime,level,tags
 #1: stderr all=off uptime,level,tags

Environment Variables:
PATH=C:\ProgramData\Oracle\Java\javapath;C:\Program Files\Common Files\Oracle\Java\javapath;C:\Program Files (x86)\Common Files\Oracle\Java\javapath;C:\WINDOWS\system32;C:\WINDOWS;C:\WINDOWS\System32\Wbem;C:\WINDOWS\System32\WindowsPowerShell\v1.0\;C:\WINDOWS\System32\OpenSSH\;C:\Program Files\Huawei QuickApp IDE\resources\app\extensions\deveco-debug\lib\toolkit\nodeTool;C:\Program Files\Huawei QuickApp IDE\resources\app\extensions\deveco-debug\lib\toolkit;C:\Program Files\Microsoft SQL Server\130\Tools\Binn\;C:\ProgramData\chocolatey\bin;C:\Program Files\Git\cmd;C:\Users\Adames\AppData\Local\Programs\Python\Python39\Scripts\;C:\Users\Adames\AppData\Local\Programs\Python\Python39\;C:\Users\Adames\AppData\Local\Microsoft\WindowsApps;C:\Users\Adames\AppData\Local\GitHubDesktop\bin;C:\Users\Adames\AppData\Local\Programs\Microsoft VS Code\bin;
USERNAME=Adames
OS=Windows_NT
PROCESSOR_IDENTIFIER=Intel64 Family 6 Model 78 Stepping 3, GenuineIntel



---------------  S Y S T E M  ---------------

OS:
 Windows 10 , 64 bit Build 22499 (10.0.22499.1000)
OS uptime: 0 days 21:23 hours

CPU: total 4 (initial active 4) (2 cores per cpu, 2 threads per core) family 6 model 78 stepping 3 microcode 0xea, cx8, cmov, fxsr, ht, mmx, 3dnowpref, sse, sse2, sse3, ssse3, sse4.1, sse4.2, popcnt, lzcnt, tsc, tscinvbit, avx, avx2, aes, erms, clmul, bmi1, bmi2, adx, fma, vzeroupper, clflush, clflushopt

Memory: 4k page, system-wide physical 16255M (7844M free)
TotalPageFile size 20095M (AvailPageFile size 8284M)
current process WorkingSet (physical memory assigned to process): 175M, peak: 180M
current process commit charge ("private bytes"): 413M, peak: 429M

vm_info: Java HotSpot(TM) 64-Bit Server VM (16.0.1+9-24) for windows-amd64 JRE (16.0.1+9-24), built on Mar 26 2021 19:31:42 by "mach5one" with MS VC++ 16.7 (VS2019)

END.
