#
# A fatal error has been detected by the Java Runtime Environment:
#
#  EXCEPTION_ACCESS_VIOLATION (0xc0000005) at pc=0x00007ffe736962d7, pid=19224, tid=14744
#
# JRE version: Java(TM) SE Runtime Environment (17.0.2+8) (build 17.0.2+8-LTS-86)
# Java VM: Java HotSpot(TM) 64-Bit Server VM (17.0.2+8-LTS-86, mixed mode, sharing, tiered, compressed oops, compressed class ptrs, g1 gc, windows-amd64)
# Problematic frame:
# C  [glass.dll+0x262d7]
#
# No core dump will be written. Minidumps are not enabled by default on client versions of Windows
#
# If you would like to submit a bug report, please visit:
#   https://bugreport.java.com/bugreport/crash.jsp
#

---------------  S U M M A R Y ------------

Command Line: -Dfile.encoding=UTF-8 --add-modules=javafx.controls,javafx.fxml --module-path=C:\Users\juanc\OneDrive\Documentos\Universidad 3\POO\SEATORA\build\classes;C:\Program Files\Java\javafx-sdk-18.0.1\lib\javafx-swt.jar;C:\Program Files\Java\javafx-sdk-18.0.1\lib\javafx.base.jar;C:\Program Files\Java\javafx-sdk-18.0.1\lib\javafx.controls.jar;C:\Program Files\Java\javafx-sdk-18.0.1\lib\javafx.fxml.jar;C:\Program Files\Java\javafx-sdk-18.0.1\lib\javafx.graphics.jar;C:\Program Files\Java\javafx-sdk-18.0.1\lib\javafx.media.jar;C:\Program Files\Java\javafx-sdk-18.0.1\lib\javafx.swing.jar;C:\Program Files\Java\javafx-sdk-18.0.1\lib\javafx.web.jar start.Seatora

Host: AMD Ryzen 7 5800H with Radeon Graphics         , 16 cores, 23G,  Windows 11 , 64 bit Build 22000 (10.0.22000.675)
Time: Thu May 26 08:15:53 2022 Hora est. Pacífico, Sudamérica elapsed time: 26.604742 seconds (0d 0h 0m 26s)

---------------  T H R E A D  ---------------

Current thread (0x000001984558e660):  VMThread "VM Thread" [stack: 0x0000003794600000,0x0000003794700000] [id=14744]

Stack: [0x0000003794600000,0x0000003794700000],  sp=0x00000037946ff3b0,  free space=1020k
Native frames: (J=compiled Java code, j=interpreted, Vv=VM code, C=native code)
C  [glass.dll+0x262d7]


siginfo: EXCEPTION_ACCESS_VIOLATION (0xc0000005), reading address 0x0000000000000000


Register to memory mapping:

RIP=0x00007ffe736962d7 glass.dll
RAX=0x0 is NULL
RBX=0x00000198549db480 is a global jni handle
RCX=0x000001984558e660 points into unknown readable memory: 0x00007ffe0739e890 | 90 e8 39 07 fe 7f 00 00
RDX=0x00000037946ff3b0 points into unknown readable memory: 0x0000000000000000 | 00 00 00 00 00 00 00 00
RSP=0x00000037946ff3b0 points into unknown readable memory: 0x0000000000000000 | 00 00 00 00 00 00 00 00
RBP=0x0000019847026098 points into unknown readable memory: 0x0000165058b541d1 | d1 41 b5 58 50 16 00 00
RSI=0x0000019847026070 points into unknown readable memory: 0xfffcf082350d41d1 | d1 41 0d 35 82 f0 fc ff
RDI=0x0000165058b541d1 is an unknown value
R8 =0x0000000000010002 is an unknown value
R9 =0x0000165058b541d1 is an unknown value
R10=0x85f13e9656da4870 is an unknown value
R11=0x00000037946ff340 points into unknown readable memory: 0x0000019847026070 | 70 60 02 47 98 01 00 00
R12=0x00007ffe73693bc4 glass.dll
R13=0x00007ffe075449d0 jvm.dll
R14=0x00000037946ff4b8 points into unknown readable memory: 0x00000037946ff4a0 | a0 f4 6f 94 37 00 00 00
R15=0x0000019847026070 points into unknown readable memory: 0xfffcf082350d41d1 | d1 41 0d 35 82 f0 fc ff


Registers:
RAX=0x0000000000000000, RBX=0x00000198549db480, RCX=0x000001984558e660, RDX=0x00000037946ff3b0
RSP=0x00000037946ff3b0, RBP=0x0000019847026098, RSI=0x0000019847026070, RDI=0x0000165058b541d1
R8 =0x0000000000010002, R9 =0x0000165058b541d1, R10=0x85f13e9656da4870, R11=0x00000037946ff340
R12=0x00007ffe73693bc4, R13=0x00007ffe075449d0, R14=0x00000037946ff4b8, R15=0x0000019847026070
RIP=0x00007ffe736962d7, EFLAGS=0x0000000000010202

Top of Stack: (sp=0x00000037946ff3b0)
0x00000037946ff3b0:   0000000000000000 0000019847026070
0x00000037946ff3c0:   00007ffe075449d0 00007ffe73693bc4
0x00000037946ff3d0:   0000019847026078 00007ffe99cdbea0
0x00000037946ff3e0:   0000165058b541d1 0000019800000000
0x00000037946ff3f0:   0000019847026098 0000019847026070
0x00000037946ff400:   fffffffffffffffe 0000000000000000
0x00000037946ff410:   0000000000000001 00007ffe73670000
0x00000037946ff420:   00000037946ff4a8 00007ffe99cdbdb7
0x00000037946ff430:   0000000000000000 00000037946ff4b8
0x00000037946ff440:   00000037946ff790 00007ffe99dc12b0
0x00000037946ff450:   0000000000000001 00007ffe99cdbd6d
0x00000037946ff460:   0000000000000000 0000000000000001
0x00000037946ff470:   0000000000000000 00000037946ff4a8
0x00000037946ff480:   fffffffffffffffe 0000003700000000
0x00000037946ff490:   ffffffff00000001 00007ffe73693a51
0x00000037946ff4a0:   00007ffe736a9f88 00007ffe00000002 

Instructions: (pc=0x00007ffe736962d7)
0x00007ffe736961d7:   8b 4d 58 e8 2d cf ff ff 48 8b 4d 60 e8 24 cf ff
0x00007ffe736961e7:   ff 48 8b 95 80 00 00 00 48 8b 8d 18 01 00 00 e8
0x00007ffe736961f7:   16 c4 ff ff 33 d2 33 c9 e8 5c e1 ff ff 90 48 89
0x00007ffe73696207:   54 24 10 55 48 83 ec 20 48 8b ea 48 b8 00 00 00
0x00007ffe73696217:   00 00 00 00 00 48 83 c4 20 5d c3 cc 40 55 48 8b
0x00007ffe73696227:   ea 48 8b 01 33 c9 81 38 05 00 00 c0 0f 94 c1 8b
0x00007ffe73696237:   c1 5d c3 cc 40 55 48 83 ec 20 48 8b ea 8a 4d 40
0x00007ffe73696247:   48 83 c4 20 5d e9 17 d3 ff ff cc 40 55 48 83 ec
0x00007ffe73696257:   20 48 8b ea 8a 4d 20 e8 05 d3 ff ff 90 48 83 c4
0x00007ffe73696267:   20 5d c3 cc 40 55 48 83 ec 20 48 8b ea 48 83 c4
0x00007ffe73696277:   20 5d e9 66 d1 ff ff cc 40 55 48 83 ec 30 48 8b
0x00007ffe73696287:   ea 48 8b 01 8b 10 48 89 4c 24 28 89 54 24 20 4c
0x00007ffe73696297:   8d 0d 07 d6 ff ff 4c 8b 45 70 8b 55 68 48 8b 4d
0x00007ffe736962a7:   60 e8 a7 d0 ff ff 90 48 83 c4 30 5d c3 cc cc cc
0x00007ffe736962b7:   cc cc cc cc cc cc cc cc cc 40 53 48 83 ec 20 48
0x00007ffe736962c7:   8b 1d bb 36 01 00 48 85 db 74 16 e8 59 8b ff ff
0x00007ffe736962d7:   4c 8b 00 48 8b d3 48 8b c8 41 ff 90 b0 00 00 00
0x00007ffe736962e7:   90 48 83 c4 20 5b c3 cc cc 40 53 48 83 ec 20 48
0x00007ffe736962f7:   8b 1d 2b 38 01 00 48 85 db 74 57 b8 ff ff ff ff
0x00007ffe73696307:   f0 0f c1 43 10 83 f8 01 75 3d 48 85 db 74 38 48
0x00007ffe73696317:   8b 0b 48 85 c9 74 0d ff 15 84 0f 00 00 48 c7 03
0x00007ffe73696327:   00 00 00 00 48 8b 4b 08 48 85 c9 74 0d e8 d3 cd
0x00007ffe73696337:   ff ff 48 c7 43 08 00 00 00 00 ba 18 00 00 00 48
0x00007ffe73696347:   8b cb e8 be cd ff ff 48 c7 05 cf 37 01 00 00 00
0x00007ffe73696357:   00 00 48 83 c4 20 5b c3 cc 40 53 48 83 ec 20 48
0x00007ffe73696367:   8b 1d 9b 37 01 00 48 85 db 74 57 b8 ff ff ff ff
0x00007ffe73696377:   f0 0f c1 43 10 83 f8 01 75 3d 48 85 db 74 38 48
0x00007ffe73696387:   8b 0b 48 85 c9 74 0d ff 15 14 0f 00 00 48 c7 03
0x00007ffe73696397:   00 00 00 00 48 8b 4b 08 48 85 c9 74 0d e8 63 cd
0x00007ffe736963a7:   ff ff 48 c7 43 08 00 00 00 00 ba 18 00 00 00 48
0x00007ffe736963b7:   8b cb e8 4e cd ff ff 48 c7 05 3f 37 01 00 00 00
0x00007ffe736963c7:   00 00 48 83 c4 20 5b c3 cc 40 53 48 83 ec 20 48 


Stack slot to memory mapping:
stack at sp + 0 slots: 0x0 is NULL
stack at sp + 1 slots: 0x0000019847026070 points into unknown readable memory: 0xfffcf082350d41d1 | d1 41 0d 35 82 f0 fc ff
stack at sp + 2 slots: 0x00007ffe075449d0 jvm.dll
stack at sp + 3 slots: 0x00007ffe73693bc4 glass.dll
stack at sp + 4 slots: 0x0000019847026078 points into unknown readable memory: 0x0000165058b541d1 | d1 41 b5 58 50 16 00 00
stack at sp + 5 slots: 0x00007ffe99cdbea0 ucrtbase.dll
stack at sp + 6 slots: 0x0000165058b541d1 is an unknown value
stack at sp + 7 slots: 0x0000019800000000 is an unknown value

VM_Operation (0x0000003795ff6020): Exit, mode: safepoint, requested by thread 0x0000019846d8a770


---------------  P R O C E S S  ---------------

Threads class SMR info:
_java_thread_list=0x0000019850987c50, length=20, elements={
0x000001981d26e150, 0x0000019845592150, 0x0000019845594dd0, 0x00000198455a8130,
0x00000198455a8ae0, 0x00000198455a9490, 0x00000198455a9e40, 0x00000198455b53a0,
0x00000198455b7ae0, 0x00000198455c3cc0, 0x000001984557ebc0, 0x0000019846e5a680,
0x0000019846b13820, 0x0000019846d8a770, 0x0000019847769020, 0x000001984777afd0,
0x000001984f332ee0, 0x00000198526e3e00, 0x00000198526e47a0, 0x0000019846d76370
}

Java Threads: ( => current thread )
  0x000001981d26e150 JavaThread "main" [_thread_blocked, id=11272, stack(0x0000003794000000,0x0000003794100000)]
  0x0000019845592150 JavaThread "Reference Handler" daemon [_thread_blocked, id=13980, stack(0x0000003794700000,0x0000003794800000)]
  0x0000019845594dd0 JavaThread "Finalizer" daemon [_thread_blocked, id=7008, stack(0x0000003794800000,0x0000003794900000)]
  0x00000198455a8130 JavaThread "Signal Dispatcher" daemon [_thread_blocked, id=9264, stack(0x0000003794900000,0x0000003794a00000)]
  0x00000198455a8ae0 JavaThread "Attach Listener" daemon [_thread_blocked, id=10304, stack(0x0000003794a00000,0x0000003794b00000)]
  0x00000198455a9490 JavaThread "Service Thread" daemon [_thread_blocked, id=6760, stack(0x0000003794b00000,0x0000003794c00000)]
  0x00000198455a9e40 JavaThread "Monitor Deflation Thread" daemon [_thread_blocked, id=17352, stack(0x0000003794c00000,0x0000003794d00000)]
  0x00000198455b53a0 JavaThread "C2 CompilerThread0" daemon [_thread_blocked, id=3108, stack(0x0000003794d00000,0x0000003794e00000)]
  0x00000198455b7ae0 JavaThread "C1 CompilerThread0" daemon [_thread_blocked, id=12664, stack(0x0000003794e00000,0x0000003794f00000)]
  0x00000198455c3cc0 JavaThread "Sweeper thread" daemon [_thread_blocked, id=10728, stack(0x0000003794f00000,0x0000003795000000)]
  0x000001984557ebc0 JavaThread "Common-Cleaner" daemon [_thread_blocked, id=1792, stack(0x0000003795100000,0x0000003795200000)]
  0x0000019846e5a680 JavaThread "Notification Thread" daemon [_thread_blocked, id=13644, stack(0x0000003795a00000,0x0000003795b00000)]
  0x0000019846b13820 JavaThread "InvokeLaterDispatcher" daemon [_thread_blocked, id=18168, stack(0x0000003795e00000,0x0000003795f00000)]
  0x0000019846d8a770 JavaThread "JavaFX Application Thread" [_thread_blocked, id=9736, stack(0x0000003795f00000,0x0000003796000000)]
  0x0000019847769020 JavaThread "JavaFX-Launcher" [_thread_blocked, id=13648, stack(0x0000003795900000,0x0000003795a00000)]
  0x000001984777afd0 JavaThread "Thread-2" daemon [_thread_in_native, id=19256, stack(0x0000003795800000,0x0000003795900000)]
  0x000001984f332ee0 JavaThread "Prism Font Disposer" daemon [_thread_blocked, id=10696, stack(0x0000003796910000,0x0000003796a10000)]
  0x00000198526e3e00 JavaThread "Cleaner-0" daemon [_thread_blocked, id=14272, stack(0x0000003796e10000,0x0000003796f10000)]
  0x00000198526e47a0 JavaThread "Java2D Disposer" daemon [_thread_blocked, id=5804, stack(0x0000003795500000,0x0000003795600000)]
  0x0000019846d76370 JavaThread "AWT-Shutdown" [_thread_blocked, id=9356, stack(0x0000003795200000,0x0000003795300000)]

Other Threads:
=>0x000001984558e660 VMThread "VM Thread" [stack: 0x0000003794600000,0x0000003794700000] [id=14744]
  0x000001981d2cfe50 GCTaskThread "GC Thread#0" [stack: 0x0000003794100000,0x0000003794200000] [id=3008]
  0x000001984776b230 GCTaskThread "GC Thread#1" [stack: 0x0000003796110000,0x0000003796210000] [id=4336]
  0x000001984777b4a0 GCTaskThread "GC Thread#2" [stack: 0x0000003796210000,0x0000003796310000] [id=4216]
  0x000001984755cf50 GCTaskThread "GC Thread#3" [stack: 0x0000003796310000,0x0000003796410000] [id=1944]
  0x00000198475754a0 GCTaskThread "GC Thread#4" [stack: 0x0000003796410000,0x0000003796510000] [id=20360]
  0x0000019847575750 GCTaskThread "GC Thread#5" [stack: 0x0000003796510000,0x0000003796610000] [id=7540]
  0x0000019847576210 GCTaskThread "GC Thread#6" [stack: 0x0000003796610000,0x0000003796710000] [id=20472]
  0x00000198475764c0 GCTaskThread "GC Thread#7" [stack: 0x0000003796710000,0x0000003796810000] [id=8392]
  0x000001984755da20 GCTaskThread "GC Thread#8" [stack: 0x0000003796810000,0x0000003796910000] [id=7712]
  0x000001984781fa00 GCTaskThread "GC Thread#9" [stack: 0x0000003795600000,0x0000003795700000] [id=16456]
  0x000001984781e730 GCTaskThread "GC Thread#10" [stack: 0x0000003797620000,0x0000003797720000] [id=10264]
  0x000001984781ec90 GCTaskThread "GC Thread#11" [stack: 0x0000003797720000,0x0000003797820000] [id=11600]
  0x0000019846daf210 GCTaskThread "GC Thread#12" [stack: 0x0000003797820000,0x0000003797920000] [id=16196]
  0x000001981d2dcb60 ConcurrentGCThread "G1 Main Marker" terminated
  0x000001981d2dd470 ConcurrentGCThread "G1 Conc#0" [stack: 0x0000003794300000,0x0000003794400000] [id=8804]
  0x0000019846dad480 ConcurrentGCThread "G1 Conc#1" [stack: 0x0000003797920000,0x0000003797a20000] [id=3268]
  0x0000019846dad730 ConcurrentGCThread "G1 Conc#2" [stack: 0x0000003797a20000,0x0000003797b20000] [id=15648]
  0x00000198454514c0 ConcurrentGCThread "G1 Refine#0" terminated
  0x0000019845451de0 ConcurrentGCThread "G1 Service" terminated

Threads with active compile tasks:

VM state: at safepoint (shutting down)

VM Mutex/Monitor currently owned by a thread:  ([mutex/lock_event])
[0x000001981d26a6f0] Threads_lock - owner thread: 0x000001984558e660
[0x000001981d26b230] Heap_lock - owner thread: 0x0000019846d8a770

Heap address: 0x0000000682400000, size: 6108 MB, Compressed Oops mode: Zero based, Oop shift amount: 3

CDS archive(s) mapped at: [0x0000000800000000-0x0000000800bc0000-0x0000000800bc0000), size 12320768, SharedBaseAddress: 0x0000000800000000, ArchiveRelocationMode: 0.
Compressed class space mapped at: 0x0000000800c00000-0x0000000840c00000, reserved size: 1073741824
Narrow klass base: 0x0000000800000000, Narrow klass shift: 0, Narrow klass range: 0x100000000

GC Precious Log:
 CPUs: 16 total, 16 available
 Memory: 24428M
 Large Page Support: Disabled
 NUMA Support: Disabled
 Compressed Oops: Enabled (Zero based)
 Heap Region Size: 4M
 Heap Min Capacity: 8M
 Heap Initial Capacity: 384M
 Heap Max Capacity: 6108M
 Pre-touch: Disabled
 Parallel Workers: 13
 Concurrent Workers: 3
 Concurrent Refinement Workers: 13
 Periodic GC: Disabled

Heap:
 garbage-first heap   total 122880K, used 61152K [0x0000000682400000, 0x0000000800000000)
  region size 4096K, 9 young (36864K), 3 survivors (12288K)
 Metaspace       used 24836K, committed 25152K, reserved 1073152K
  class space    used 3419K, committed 3520K, reserved 1048576K

Heap Regions: E=young(eden), S=young(survivor), O=old, HS=humongous(starts), HC=humongous(continues), CS=collection set, F=free, OA=open archive, CA=closed archive, TAMS=top-at-mark-start (previous, next)
|   0|0x0000000682400000, 0x0000000682800000, 0x0000000682800000|100%|HS|  |TAMS 0x0000000682800000, 0x0000000682400000| Complete 
|   1|0x0000000682800000, 0x0000000682c00000, 0x0000000682c00000|100%|HS|  |TAMS 0x0000000682c00000, 0x0000000682800000| Complete 
|   2|0x0000000682c00000, 0x0000000683000000, 0x0000000683000000|100%|HS|  |TAMS 0x0000000683000000, 0x0000000682c00000| Complete 
|   3|0x0000000683000000, 0x0000000683053000, 0x0000000683400000|  8%| O|  |TAMS 0x0000000683053000, 0x0000000683000000| Complete 
|   4|0x0000000683400000, 0x0000000683800000, 0x0000000683800000|100%|HS|  |TAMS 0x0000000683800000, 0x0000000683400000| Complete 
|   5|0x0000000683800000, 0x0000000683c00000, 0x0000000683c00000|100%|HS|  |TAMS 0x0000000683800000, 0x0000000683800000| Complete 
|   6|0x0000000683c00000, 0x0000000684000000, 0x0000000684000000|100%|HS|  |TAMS 0x0000000683c00000, 0x0000000683c00000| Complete 
|   7|0x0000000684000000, 0x0000000684400000, 0x0000000684400000|100%|HS|  |TAMS 0x0000000684000000, 0x0000000684000000| Complete 
|   8|0x0000000684400000, 0x0000000684400000, 0x0000000684800000|  0%| F|  |TAMS 0x0000000684400000, 0x0000000684400000| Untracked 
|   9|0x0000000684800000, 0x0000000684800000, 0x0000000684c00000|  0%| F|  |TAMS 0x0000000684800000, 0x0000000684800000| Untracked 
|  10|0x0000000684c00000, 0x0000000684c00000, 0x0000000685000000|  0%| F|  |TAMS 0x0000000684c00000, 0x0000000684c00000| Untracked 
|  11|0x0000000685000000, 0x0000000685000000, 0x0000000685400000|  0%| F|  |TAMS 0x0000000685000000, 0x0000000685000000| Untracked 
|  12|0x0000000685400000, 0x0000000685400000, 0x0000000685800000|  0%| F|  |TAMS 0x0000000685400000, 0x0000000685400000| Untracked 
|  13|0x0000000685800000, 0x0000000685800000, 0x0000000685c00000|  0%| F|  |TAMS 0x0000000685800000, 0x0000000685800000| Untracked 
|  14|0x0000000685c00000, 0x0000000685c00000, 0x0000000686000000|  0%| F|  |TAMS 0x0000000685c00000, 0x0000000685c00000| Untracked 
|  15|0x0000000686000000, 0x0000000686000000, 0x0000000686400000|  0%| F|  |TAMS 0x0000000686000000, 0x0000000686000000| Untracked 
|  16|0x0000000686400000, 0x0000000686400000, 0x0000000686800000|  0%| F|  |TAMS 0x0000000686400000, 0x0000000686400000| Untracked 
|  17|0x0000000686800000, 0x0000000686800000, 0x0000000686c00000|  0%| F|  |TAMS 0x0000000686800000, 0x0000000686800000| Untracked 
|  18|0x0000000686c00000, 0x0000000686c00000, 0x0000000687000000|  0%| F|  |TAMS 0x0000000686c00000, 0x0000000686c00000| Untracked 
|  19|0x0000000687000000, 0x0000000687000000, 0x0000000687400000|  0%| F|  |TAMS 0x0000000687000000, 0x0000000687000000| Untracked 
|  20|0x0000000687400000, 0x0000000687400000, 0x0000000687800000|  0%| F|  |TAMS 0x0000000687400000, 0x0000000687400000| Untracked 
|  21|0x0000000687800000, 0x0000000687b29398, 0x0000000687c00000| 79%| E|  |TAMS 0x0000000687800000, 0x0000000687800000| Complete 
|  22|0x0000000687c00000, 0x0000000688000000, 0x0000000688000000|100%| E|CS|TAMS 0x0000000687c00000, 0x0000000687c00000| Complete 
|  23|0x0000000688000000, 0x0000000688400000, 0x0000000688400000|100%| E|CS|TAMS 0x0000000688000000, 0x0000000688000000| Complete 
|  24|0x0000000688400000, 0x0000000688800000, 0x0000000688800000|100%| E|CS|TAMS 0x0000000688400000, 0x0000000688400000| Complete 
|  25|0x0000000688800000, 0x0000000688c00000, 0x0000000688c00000|100%| E|CS|TAMS 0x0000000688800000, 0x0000000688800000| Complete 
|  82|0x0000000696c00000, 0x0000000696f652b0, 0x0000000697000000| 84%| S|CS|TAMS 0x0000000696c00000, 0x0000000696c00000| Complete 
|  85|0x0000000697800000, 0x0000000697c00000, 0x0000000697c00000|100%| S|CS|TAMS 0x0000000697800000, 0x0000000697800000| Complete 
|  86|0x0000000697c00000, 0x0000000698000000, 0x0000000698000000|100%| S|CS|TAMS 0x0000000697c00000, 0x0000000697c00000| Complete 
|  95|0x000000069a000000, 0x000000069a400000, 0x000000069a400000|100%| E|CS|TAMS 0x000000069a000000, 0x000000069a000000| Complete 

Card table byte_map: [0x0000019834f60000,0x0000019835b50000] _byte_map_base: 0x0000019831b4e000

Marking Bits (Prev, Next): (CMBitMap*) 0x000001981d2d03a0, (CMBitMap*) 0x000001981d2d0360
 Prev Bits: [0x000001983c6b0000, 0x0000019842620000)
 Next Bits: [0x0000019836740000, 0x000001983c6b0000)

Polling page: 0x000001981ca50000

Metaspace:

Usage:
  Non-class:     20.91 MB used.
      Class:      3.34 MB used.
       Both:     24.25 MB used.

Virtual space:
  Non-class space:       24.00 MB reserved,      21.12 MB ( 88%) committed,  3 nodes.
      Class space:        1.00 GB reserved,       3.44 MB ( <1%) committed,  1 nodes.
             Both:        1.02 GB reserved,      24.56 MB (  2%) committed. 

Chunk freelists:
   Non-Class:  2.43 MB
       Class:  577.00 KB
        Both:  3.00 MB

MaxMetaspaceSize: unlimited
CompressedClassSpaceSize: 1.00 GB
Initial GC threshold: 21.00 MB
Current GC threshold: 35.25 MB
CDS: on
MetaspaceReclaimPolicy: balanced
 - commit_granule_bytes: 65536.
 - commit_granule_words: 8192.
 - virtual_space_node_default_size: 1048576.
 - enlarge_chunks_in_place: 1.
 - new_chunks_are_fully_committed: 0.
 - uncommit_free_chunks: 1.
 - use_allocation_guard: 0.
 - handle_deallocations: 1.


Internal statistics:

num_allocs_failed_limit: 3.
num_arena_births: 314.
num_arena_deaths: 0.
num_vsnodes_births: 4.
num_vsnodes_deaths: 0.
num_space_committed: 393.
num_space_uncommitted: 0.
num_chunks_returned_to_freelist: 3.
num_chunks_taken_from_freelist: 1000.
num_chunk_merges: 3.
num_chunk_splits: 690.
num_chunks_enlarged: 525.
num_purges: 0.
num_inconsistent_stats: 0.

CodeHeap 'non-profiled nmethods': size=119168Kb used=2364Kb max_used=2364Kb free=116803Kb
 bounds [0x000001982c670000, 0x000001982c8e0000, 0x0000019833ad0000]
CodeHeap 'profiled nmethods': size=119104Kb used=10499Kb max_used=10499Kb free=108605Kb
 bounds [0x0000019825220000, 0x0000019825c70000, 0x000001982c670000]
CodeHeap 'non-nmethods': size=7488Kb used=1543Kb max_used=3297Kb free=5944Kb
 bounds [0x0000019824ad0000, 0x0000019824e20000, 0x0000019825220000]
 total_blobs=5824 nmethods=4888 adapters=848
 compilation: enabled
              stopped_count=0, restarted_count=0
 full_count=0

Compilation events (20 events):
Event: 24.883 Thread 0x00000198455b7ae0 4881       3       com.sun.javafx.text.TextRun::isComplex (16 bytes)
Event: 24.883 Thread 0x00000198455b7ae0 nmethod 4881 0x0000019825c60410 code [0x0000019825c605a0, 0x0000019825c60718]
Event: 25.304 Thread 0x00000198455b53a0 4882       4       com.sun.javafx.geom.transform.Identity::transform (20 bytes)
Event: 25.305 Thread 0x00000198455b53a0 nmethod 4882 0x000001982c8bda10 code [0x000001982c8bdb80, 0x000001982c8bdc58]
Event: 25.591 Thread 0x00000198455b53a0 4883       4       com.sun.javafx.event.BasicEventDispatcher::dispatchCapturingEvent (2 bytes)
Event: 25.591 Thread 0x00000198455b53a0 nmethod 4883 0x000001982c8bdd10 code [0x000001982c8bde80, 0x000001982c8bdef8]
Event: 25.835 Thread 0x00000198455b7ae0 4884       1       com.sun.javafx.tk.quantum.GlassScene::getLights (5 bytes)
Event: 25.835 Thread 0x00000198455b7ae0 nmethod 4884 0x000001982c8be010 code [0x000001982c8be1a0, 0x000001982c8be278]
Event: 25.835 Thread 0x00000198455b7ae0 4885       1       com.sun.prism.impl.ps.BaseShaderGraphics::setLights (6 bytes)
Event: 25.835 Thread 0x00000198455b7ae0 nmethod 4885 0x000001982c8be310 code [0x000001982c8be4a0, 0x000001982c8be5b8]
Event: 25.835 Thread 0x00000198455b7ae0 4886       1       com.sun.prism.impl.BaseGraphics::setDepthBuffer (6 bytes)
Event: 25.835 Thread 0x00000198455b7ae0 nmethod 4886 0x000001982c8be610 code [0x000001982c8be7a0, 0x000001982c8be878]
Event: 25.835 Thread 0x00000198455b7ae0 4887       1       com.sun.javafx.tk.quantum.SceneState::getClearColor (5 bytes)
Event: 25.836 Thread 0x00000198455b7ae0 nmethod 4887 0x000001982c8be910 code [0x000001982c8beaa0, 0x000001982c8beb78]
Event: 25.836 Thread 0x00000198455b7ae0 4888       1       com.sun.javafx.tk.quantum.SceneState::getCurrentPaint (5 bytes)
Event: 25.836 Thread 0x00000198455b7ae0 nmethod 4888 0x000001982c8bec10 code [0x000001982c8beda0, 0x000001982c8bee78]
Event: 25.836 Thread 0x00000198455b7ae0 4889       1       com.sun.prism.impl.BaseGraphics::setCamera (6 bytes)
Event: 25.836 Thread 0x00000198455b7ae0 nmethod 4889 0x000001982c8bef10 code [0x000001982c8bf0a0, 0x000001982c8bf1b8]
Event: 25.928 Thread 0x00000198455b7ae0 4890       3       com.sun.glass.ui.Window::checkNotClosed (20 bytes)
Event: 25.928 Thread 0x00000198455b7ae0 nmethod 4890 0x0000019825c60790 code [0x0000019825c60940, 0x0000019825c60b68]

GC Heap History (6 events):
Event: 0.314 GC heap before
{Heap before GC invocations=0 (full 0):
 garbage-first heap   total 393216K, used 16384K [0x0000000682400000, 0x0000000800000000)
  region size 4096K, 5 young (20480K), 0 survivors (0K)
 Metaspace       used 4526K, committed 4672K, reserved 1056768K
  class space    used 514K, committed 576K, reserved 1048576K
}
Event: 0.316 GC heap after
{Heap after GC invocations=1 (full 0):
 garbage-first heap   total 393216K, used 2765K [0x0000000682400000, 0x0000000800000000)
  region size 4096K, 1 young (4096K), 1 survivors (4096K)
 Metaspace       used 4526K, committed 4672K, reserved 1056768K
  class space    used 514K, committed 576K, reserved 1048576K
}
Event: 1.883 GC heap before
{Heap before GC invocations=1 (full 0):
 garbage-first heap   total 393216K, used 51917K [0x0000000682400000, 0x0000000800000000)
  region size 4096K, 11 young (45056K), 1 survivors (4096K)
 Metaspace       used 13989K, committed 14208K, reserved 1064960K
  class space    used 2012K, committed 2112K, reserved 1048576K
}
Event: 1.886 GC heap after
{Heap after GC invocations=2 (full 0):
 garbage-first heap   total 393216K, used 20812K [0x0000000682400000, 0x0000000800000000)
  region size 4096K, 2 young (8192K), 2 survivors (8192K)
 Metaspace       used 13989K, committed 14208K, reserved 1064960K
  class space    used 2012K, committed 2112K, reserved 1048576K
}
Event: 15.108 GC heap before
{Heap before GC invocations=2 (full 0):
 garbage-first heap   total 393216K, used 57676K [0x0000000682400000, 0x0000000800000000)
  region size 4096K, 11 young (45056K), 2 survivors (8192K)
 Metaspace       used 21284K, committed 21504K, reserved 1073152K
  class space    used 3001K, committed 3072K, reserved 1048576K
}
Event: 15.112 GC heap after
{Heap after GC invocations=3 (full 0):
 garbage-first heap   total 393216K, used 28384K [0x0000000682400000, 0x0000000800000000)
  region size 4096K, 3 young (12288K), 3 survivors (12288K)
 Metaspace       used 21284K, committed 21504K, reserved 1073152K
  class space    used 3001K, committed 3072K, reserved 1048576K
}

Deoptimization events (20 events):
Event: 24.053 Thread 0x0000019846d8a770 Uncommon trap: trap_request=0xffffff45 fr.pc=0x000001982c8a0858 relative=0x0000000000006dd8
Event: 24.053 Thread 0x0000019846d8a770 Uncommon trap: reason=unstable_if action=reinterpret pc=0x000001982c8a0858 method=javafx.scene.CssStyleHelper.transitionToState(Ljavafx/scene/Node;)V @ 4 c2
Event: 24.053 Thread 0x0000019846d8a770 DEOPT PACKING pc=0x000001982c8a0858 sp=0x0000003795ff8920
Event: 24.053 Thread 0x0000019846d8a770 DEOPT UNPACKING pc=0x0000019824b223a3 sp=0x0000003795ff88a0 mode 2
Event: 24.053 Thread 0x0000019846d8a770 Uncommon trap: trap_request=0xffffffc6 fr.pc=0x000001982c8828ec relative=0x000000000000296c
Event: 24.053 Thread 0x0000019846d8a770 Uncommon trap: reason=bimorphic_or_optimized_type_check action=maybe_recompile pc=0x000001982c8828ec method=javafx.css.CompoundSelector.stateMatches(Ljavafx/css/Styleable;Ljava/util/Set;I)Z @ 160 c2
Event: 24.053 Thread 0x0000019846d8a770 DEOPT PACKING pc=0x000001982c8828ec sp=0x0000003795ff8560
Event: 24.053 Thread 0x0000019846d8a770 DEOPT UNPACKING pc=0x0000019824b223a3 sp=0x0000003795ff8508 mode 2
Event: 24.053 Thread 0x0000019846d8a770 Uncommon trap: trap_request=0xffffffc6 fr.pc=0x000001982c8828ec relative=0x000000000000296c
Event: 24.053 Thread 0x0000019846d8a770 Uncommon trap: reason=bimorphic_or_optimized_type_check action=maybe_recompile pc=0x000001982c8828ec method=javafx.css.CompoundSelector.stateMatches(Ljavafx/css/Styleable;Ljava/util/Set;I)Z @ 160 c2
Event: 24.053 Thread 0x0000019846d8a770 DEOPT PACKING pc=0x000001982c8828ec sp=0x0000003795ff8560
Event: 24.053 Thread 0x0000019846d8a770 DEOPT UNPACKING pc=0x0000019824b223a3 sp=0x0000003795ff8508 mode 2
Event: 24.053 Thread 0x0000019846d8a770 Uncommon trap: trap_request=0xffffffc6 fr.pc=0x000001982c8828ec relative=0x000000000000296c
Event: 24.053 Thread 0x0000019846d8a770 Uncommon trap: reason=bimorphic_or_optimized_type_check action=maybe_recompile pc=0x000001982c8828ec method=javafx.css.CompoundSelector.stateMatches(Ljavafx/css/Styleable;Ljava/util/Set;I)Z @ 160 c2
Event: 24.053 Thread 0x0000019846d8a770 DEOPT PACKING pc=0x000001982c8828ec sp=0x0000003795ff8560
Event: 24.053 Thread 0x0000019846d8a770 DEOPT UNPACKING pc=0x0000019824b223a3 sp=0x0000003795ff8508 mode 2
Event: 24.053 Thread 0x0000019846d8a770 Uncommon trap: trap_request=0xffffffc6 fr.pc=0x000001982c8828ec relative=0x000000000000296c
Event: 24.053 Thread 0x0000019846d8a770 Uncommon trap: reason=bimorphic_or_optimized_type_check action=maybe_recompile pc=0x000001982c8828ec method=javafx.css.CompoundSelector.stateMatches(Ljavafx/css/Styleable;Ljava/util/Set;I)Z @ 160 c2
Event: 24.053 Thread 0x0000019846d8a770 DEOPT PACKING pc=0x000001982c8828ec sp=0x0000003795ff8560
Event: 24.053 Thread 0x0000019846d8a770 DEOPT UNPACKING pc=0x0000019824b223a3 sp=0x0000003795ff8508 mode 2

Classes unloaded (0 events):
No events

Classes redefined (0 events):
No events

Internal exceptions (20 events):
Event: 15.052 Thread 0x0000019846d8a770 Exception <a 'java/lang/NoSuchMethodError'{0x0000000698759fa0}: 'java.lang.Object java.lang.invoke.Invokers$Holder.linkToTargetMethod(java.lang.Object, java.lang.Object, java.lang.Object, java.lang.Object, java.lang.Object, java.lang.Object, java.lang.Object)'> (0x0000000698759fa0) 
thrown [t:\workspace\open\src\hotspot\share\interpreter\linkResolver.cpp, line 766]
Event: 15.057 Thread 0x0000019846d8a770 Exception <a 'java/lang/ClassNotFoundException'{0x00000006987659e0}: sun/awt/resources/spi/awtProvider> (0x00000006987659e0) 
thrown [t:\workspace\open\src\hotspot\share\classfile\systemDictionary.cpp, line 256]
Event: 15.060 Thread 0x0000019846d8a770 Exception <a 'java/io/FileNotFoundException'{0x0000000698769780}> (0x0000000698769780) 
thrown [t:\workspace\open\src\hotspot\share\prims\jni.cpp, line 516]
Event: 15.060 Thread 0x0000019846d8a770 Exception <a 'java/io/FileNotFoundException'{0x000000069876ba28}> (0x000000069876ba28) 
thrown [t:\workspace\open\src\hotspot\share\prims\jni.cpp, line 516]
Event: 15.083 Thread 0x0000019846d8a770 Exception <a 'java/lang/NoSuchMethodError'{0x00000006987f16b0}: 'java.lang.Object java.lang.invoke.DirectMethodHandle$Holder.invokeStatic(java.lang.Object, int, java.lang.Object, java.lang.Object, java.lang.Object, java.lang.Object)'> (0x00000006987f16b0) 
thrown [t:\workspace\open\src\hotspot\share\interpreter\linkResolver.cpp, line 766]
Event: 15.084 Thread 0x0000019846d8a770 Exception <a 'java/lang/NoSuchMethodError'{0x00000006980b6a18}: 'java.lang.Object java.lang.invoke.DirectMethodHandle$Holder.invokeStatic(java.lang.Object, int, java.lang.Object)'> (0x00000006980b6a18) 
thrown [t:\workspace\open\src\hotspot\share\interpreter\linkResolver.cpp, line 766]
Event: 15.094 Thread 0x0000019846d8a770 Exception <a 'java/lang/ClassNotFoundException'{0x0000000698174a18}: com/sun/swing/internal/plaf/metal/resources/spi/metalProvider> (0x0000000698174a18) 
thrown [t:\workspace\open\src\hotspot\share\classfile\systemDictionary.cpp, line 256]
Event: 15.094 Thread 0x0000019846d8a770 Exception <a 'java/lang/ClassNotFoundException'{0x0000000698179750}: com/sun/swing/internal/plaf/basic/resources/spi/basicProvider> (0x0000000698179750) 
thrown [t:\workspace\open\src\hotspot\share\classfile\systemDictionary.cpp, line 256]
Event: 15.101 Thread 0x00000198526e6e20 Exception <a 'java/lang/NoSuchMethodError'{0x00000006982ab300}: 'java.lang.Object java.lang.invoke.DirectMethodHandle$Holder.newInvokeSpecial(java.lang.Object, java.lang.Object, java.lang.Object, int, int, int, int, int)'> (0x00000006982ab300) 
thrown [t:\workspace\open\src\hotspot\share\interpreter\linkResolver.cpp, line 766]
Event: 15.188 Thread 0x00000198526e5140 Exception <a 'java/lang/NoSuchMethodError'{0x000000069a2082a8}: 'void java.lang.invoke.DirectMethodHandle$Holder.invokeVirtual(java.lang.Object, java.lang.Object)'> (0x000000069a2082a8) 
thrown [t:\workspace\open\src\hotspot\share\interpreter\linkResolver.cpp, line 766]
Event: 15.217 Thread 0x0000019846d8a770 Exception <a 'java/lang/NoSuchMethodError'{0x000000069a0a4548}: 'int java.lang.invoke.DirectMethodHandle$Holder.invokeStatic(java.lang.Object)'> (0x000000069a0a4548) 
thrown [t:\workspace\open\src\hotspot\share\interpreter\linkResolver.cpp, line 766]
Event: 20.881 Thread 0x0000019846d8a770 Exception <a 'java/lang/NoSuchMethodError'{0x00000006881a5478}: 'int java.lang.invoke.DirectMethodHandle$Holder.invokeVirtual(java.lang.Object, java.lang.Object)'> (0x00000006881a5478) 
thrown [t:\workspace\open\src\hotspot\share\interpreter\linkResolver.cpp, line 766]
Event: 20.882 Thread 0x0000019846d8a770 Exception <a 'java/lang/NoSuchMethodError'{0x00000006881ac100}: 'void java.lang.invoke.DirectMethodHandle$Holder.invokeVirtual(java.lang.Object, java.lang.Object, int)'> (0x00000006881ac100) 
thrown [t:\workspace\open\src\hotspot\share\interpreter\linkResolver.cpp, line 766]
Event: 21.781 Thread 0x0000019846d8a770 Exception <a 'java/lang/ClassCastException'{0x0000000687e39488}: class control.AddPatientController cannot be cast to class control.AddEmployeeController (control.AddPatientController and control.AddEmployeeController are in unnamed module of loader 'app')> (0x0000000687e39488) 
thrown [t:\workspace\open\src\hotspot\share\interpreter\interpreterRuntime.cpp, line 444]
Event: 21.781 Thread 0x0000019846d8a770 Exception <a 'java/lang/reflect/InvocationTargetException'{0x0000000687e39f50}> (0x0000000687e39f50) 
thrown [t:\workspace\open\src\hotspot\share\runtime\reflection.cpp, line 1121]
Event: 23.083 Thread 0x0000019846d8a770 Exception <a 'java/lang/ClassCastException'{0x0000000687eea4e8}: class control.AddPatientController cannot be cast to class control.AddEmployeeController (control.AddPatientController and control.AddEmployeeController are in unnamed module of loader 'app')> (0x0000000687eea4e8) 
thrown [t:\workspace\open\src\hotspot\share\interpreter\interpreterRuntime.cpp, line 444]
Event: 23.084 Thread 0x0000019846d8a770 Exception <a 'java/lang/reflect/InvocationTargetException'{0x0000000687eeafb0}> (0x0000000687eeafb0) 
thrown [t:\workspace\open\src\hotspot\share\runtime\reflection.cpp, line 1121]
Event: 23.769 Thread 0x0000019846d8a770 Exception <a 'java/lang/NoSuchMethodError'{0x0000000687f34620}: 'java.lang.Object java.lang.invoke.DirectMethodHandle$Holder.invokeSpecial(java.lang.Object, java.lang.Object, int, int, int, int, int, java.lang.Object)'> (0x0000000687f34620) 
thrown [t:\workspace\open\src\hotspot\share\interpreter\linkResolver.cpp, line 766]
Event: 23.770 Thread 0x0000019846d8a770 Exception <a 'java/lang/NoSuchMethodError'{0x0000000687f3c4c8}: 'java.lang.Object java.lang.invoke.DirectMethodHandle$Holder.newInvokeSpecial(java.lang.Object, java.lang.Object, int, int, int, int, int, java.lang.Object)'> (0x0000000687f3c4c8) 
thrown [t:\workspace\open\src\hotspot\share\interpreter\linkResolver.cpp, line 766]
Event: 23.770 Thread 0x0000019846d8a770 Exception <a 'java/lang/NoSuchMethodError'{0x0000000687f47ca0}: 'java.lang.Object java.lang.invoke.DirectMethodHandle$Holder.invokeSpecial(java.lang.Object, java.lang.Object, java.lang.Object, int, int, int, int, int)'> (0x0000000687f47ca0) 
thrown [t:\workspace\open\src\hotspot\share\interpreter\linkResolver.cpp, line 766]

VM Operations (20 events):
Event: 15.174 Executing VM operation: HandshakeAllThreads done
Event: 16.173 Executing VM operation: Cleanup
Event: 16.174 Executing VM operation: Cleanup done
Event: 16.218 Executing VM operation: HandshakeAllThreads
Event: 16.218 Executing VM operation: HandshakeAllThreads done
Event: 17.217 Executing VM operation: Cleanup
Event: 17.218 Executing VM operation: Cleanup done
Event: 20.218 Executing VM operation: Cleanup
Event: 20.218 Executing VM operation: Cleanup done
Event: 20.883 Executing VM operation: HandshakeAllThreads
Event: 20.883 Executing VM operation: HandshakeAllThreads done
Event: 21.884 Executing VM operation: Cleanup
Event: 21.884 Executing VM operation: Cleanup done
Event: 22.884 Executing VM operation: Cleanup
Event: 22.884 Executing VM operation: Cleanup done
Event: 23.884 Executing VM operation: Cleanup
Event: 23.884 Executing VM operation: Cleanup done
Event: 24.884 Executing VM operation: Cleanup
Event: 24.884 Executing VM operation: Cleanup done
Event: 26.036 Executing VM operation: Exit

Events (20 events):
Event: 21.684 Thread 0x000001984fb798d0 Thread added: 0x000001984fb798d0
Event: 21.767 Thread 0x000001984fb77a70 Thread added: 0x000001984fb77a70
Event: 21.781 loading class java/lang/Throwable$WrappedPrintStream
Event: 21.781 loading class java/lang/Throwable$PrintStreamOrWriter
Event: 21.781 loading class java/lang/Throwable$PrintStreamOrWriter done
Event: 21.782 loading class java/lang/Throwable$WrappedPrintStream done
Event: 22.303 Thread 0x000001984fb798d0 Thread exited: 0x000001984fb798d0
Event: 23.784 Thread 0x000001984fb77a70 Thread exited: 0x000001984fb77a70
Event: 25.935 Thread 0x0000019846d74b60 Thread added: 0x0000019846d74b60
Event: 25.935 Thread 0x0000019846d711a0 Thread added: 0x0000019846d711a0
Event: 25.935 Thread 0x0000019846d75030 Thread added: 0x0000019846d75030
Event: 25.935 Thread 0x0000019846d70cd0 Thread added: 0x0000019846d70cd0
Event: 25.935 Thread 0x0000019846d74b60 Thread exited: 0x0000019846d74b60
Event: 25.935 Thread 0x0000019846d70cd0 Thread exited: 0x0000019846d70cd0
Event: 25.935 Thread 0x0000019846d72e80 Thread exited: 0x0000019846d72e80
Event: 25.935 Thread 0x0000019846d76370 Thread added: 0x0000019846d76370
Event: 25.936 Thread 0x0000019846d711a0 Thread exited: 0x0000019846d711a0
Event: 25.951 Thread 0x00000198472fe3d0 Thread exited: 0x00000198472fe3d0
Event: 25.953 Thread 0x00000198526e5140 Thread exited: 0x00000198526e5140
Event: 26.036 Thread 0x0000019846d75030 Thread exited: 0x0000019846d75030


Dynamic libraries:
0x00007ff62ea40000 - 0x00007ff62ea50000 	C:\Program Files\Java\jdk-17.0.2\bin\java.exe
0x00007ffe9c380000 - 0x00007ffe9c589000 	C:\Windows\SYSTEM32\ntdll.dll
0x00007ffe9acd0000 - 0x00007ffe9ad8d000 	C:\Windows\System32\KERNEL32.DLL
0x00007ffe99de0000 - 0x00007ffe9a159000 	C:\Windows\System32\KERNELBASE.dll
0x00007ffe99cc0000 - 0x00007ffe99dd1000 	C:\Windows\System32\ucrtbase.dll
0x00007ffe93dd0000 - 0x00007ffe93dea000 	C:\Program Files\Java\jdk-17.0.2\bin\VCRUNTIME140.dll
0x00007ffe96950000 - 0x00007ffe96968000 	C:\Program Files\Java\jdk-17.0.2\bin\jli.dll
0x00007ffe9b9c0000 - 0x00007ffe9ba6e000 	C:\Windows\System32\ADVAPI32.dll
0x00007ffe9bfe0000 - 0x00007ffe9c083000 	C:\Windows\System32\msvcrt.dll
0x00007ffe9a510000 - 0x00007ffe9a5ae000 	C:\Windows\System32\sechost.dll
0x00007ffe9b540000 - 0x00007ffe9b660000 	C:\Windows\System32\RPCRT4.dll
0x00007ffe9a5b0000 - 0x00007ffe9a75c000 	C:\Windows\System32\USER32.dll
0x00007ffe8b040000 - 0x00007ffe8b2e5000 	C:\Windows\WinSxS\amd64_microsoft.windows.common-controls_6595b64144ccf1df_6.0.22000.120_none_9d947278b86cc467\COMCTL32.dll
0x00007ffe99b20000 - 0x00007ffe99b46000 	C:\Windows\System32\win32u.dll
0x00007ffe9b780000 - 0x00007ffe9b7a9000 	C:\Windows\System32\GDI32.dll
0x00007ffe99a00000 - 0x00007ffe99b12000 	C:\Windows\System32\gdi32full.dll
0x00007ffe99870000 - 0x00007ffe9990d000 	C:\Windows\System32\msvcp_win.dll
0x00007ffe92d20000 - 0x00007ffe92d2a000 	C:\Windows\SYSTEM32\VERSION.dll
0x00007ffe9b890000 - 0x00007ffe9b8c1000 	C:\Windows\System32\IMM32.DLL
0x00007ffe77680000 - 0x00007ffe7768c000 	C:\Program Files\Java\jdk-17.0.2\bin\vcruntime140_1.dll
0x00007ffe15110000 - 0x00007ffe1519d000 	C:\Program Files\Java\jdk-17.0.2\bin\msvcp140.dll
0x00007ffe06a20000 - 0x00007ffe075e1000 	C:\Program Files\Java\jdk-17.0.2\bin\server\jvm.dll
0x00007ffe9ba70000 - 0x00007ffe9ba78000 	C:\Windows\System32\PSAPI.DLL
0x00007ffe96650000 - 0x00007ffe96659000 	C:\Windows\SYSTEM32\WSOCK32.dll
0x00007ffe92d50000 - 0x00007ffe92d83000 	C:\Windows\SYSTEM32\WINMM.dll
0x00007ffe9a230000 - 0x00007ffe9a29f000 	C:\Windows\System32\WS2_32.dll
0x00007ffe98a60000 - 0x00007ffe98a78000 	C:\Windows\SYSTEM32\kernel.appcore.dll
0x00007ffe77670000 - 0x00007ffe7767a000 	C:\Program Files\Java\jdk-17.0.2\bin\jimage.dll
0x00007ffe96e60000 - 0x00007ffe97081000 	C:\Windows\SYSTEM32\DBGHELP.DLL
0x00007ffe822a0000 - 0x00007ffe822d1000 	C:\Windows\SYSTEM32\dbgcore.DLL
0x00007ffe99910000 - 0x00007ffe9998f000 	C:\Windows\System32\bcryptPrimitives.dll
0x00007ffe6fac0000 - 0x00007ffe6fae5000 	C:\Program Files\Java\jdk-17.0.2\bin\java.dll
0x00007ffe4b880000 - 0x00007ffe4b956000 	C:\Program Files\Java\jdk-17.0.2\bin\jsvml.dll
0x00007ffe9ad90000 - 0x00007ffe9b53f000 	C:\Windows\System32\SHELL32.dll
0x00007ffe979f0000 - 0x00007ffe98258000 	C:\Windows\SYSTEM32\windows.storage.dll
0x00007ffe9a830000 - 0x00007ffe9aba8000 	C:\Windows\System32\combase.dll
0x00007ffe97880000 - 0x00007ffe979e6000 	C:\Windows\SYSTEM32\wintypes.dll
0x00007ffe9bef0000 - 0x00007ffe9bfda000 	C:\Windows\System32\SHCORE.dll
0x00007ffe9a760000 - 0x00007ffe9a7bd000 	C:\Windows\System32\shlwapi.dll
0x00007ffe997a0000 - 0x00007ffe997c1000 	C:\Windows\SYSTEM32\profapi.dll
0x00007ffe6ef70000 - 0x00007ffe6ef89000 	C:\Program Files\Java\jdk-17.0.2\bin\net.dll
0x00007ffe93fb0000 - 0x00007ffe940bc000 	C:\Windows\SYSTEM32\WINHTTP.dll
0x00007ffe98e90000 - 0x00007ffe98ef7000 	C:\Windows\system32\mswsock.dll
0x00007ffe6ede0000 - 0x00007ffe6edf6000 	C:\Program Files\Java\jdk-17.0.2\bin\nio.dll
0x00007ffe658c0000 - 0x00007ffe658d8000 	C:\Program Files\Java\jdk-17.0.2\bin\zip.dll
0x0000019845730000 - 0x0000019845733000 	C:\Program Files\Java\javafx-sdk-18.0.1\bin\api-ms-win-core-console-l1-1-0.dll
0x0000019845740000 - 0x0000019845743000 	C:\Program Files\Java\javafx-sdk-18.0.1\bin\api-ms-win-core-console-l1-2-0.dll
0x0000019845750000 - 0x0000019845753000 	C:\Program Files\Java\javafx-sdk-18.0.1\bin\api-ms-win-core-datetime-l1-1-0.dll
0x0000019845760000 - 0x0000019845763000 	C:\Program Files\Java\javafx-sdk-18.0.1\bin\api-ms-win-core-debug-l1-1-0.dll
0x0000019845770000 - 0x0000019845773000 	C:\Program Files\Java\javafx-sdk-18.0.1\bin\api-ms-win-core-errorhandling-l1-1-0.dll
0x0000019845780000 - 0x0000019845784000 	C:\Program Files\Java\javafx-sdk-18.0.1\bin\api-ms-win-core-file-l1-1-0.dll
0x0000019845790000 - 0x0000019845793000 	C:\Program Files\Java\javafx-sdk-18.0.1\bin\api-ms-win-core-file-l1-2-0.dll
0x00000198457a0000 - 0x00000198457a3000 	C:\Program Files\Java\javafx-sdk-18.0.1\bin\api-ms-win-core-file-l2-1-0.dll
0x00000198457b0000 - 0x00000198457b3000 	C:\Program Files\Java\javafx-sdk-18.0.1\bin\api-ms-win-core-handle-l1-1-0.dll
0x00000198457c0000 - 0x00000198457c3000 	C:\Program Files\Java\javafx-sdk-18.0.1\bin\api-ms-win-core-heap-l1-1-0.dll
0x00000198457d0000 - 0x00000198457d3000 	C:\Program Files\Java\javafx-sdk-18.0.1\bin\api-ms-win-core-interlocked-l1-1-0.dll
0x00000198457e0000 - 0x00000198457e3000 	C:\Program Files\Java\javafx-sdk-18.0.1\bin\api-ms-win-core-libraryloader-l1-1-0.dll
0x00000198457f0000 - 0x00000198457f3000 	C:\Program Files\Java\javafx-sdk-18.0.1\bin\api-ms-win-core-localization-l1-2-0.dll
0x0000019847bd0000 - 0x0000019847bd3000 	C:\Program Files\Java\javafx-sdk-18.0.1\bin\api-ms-win-core-memory-l1-1-0.dll
0x0000019847be0000 - 0x0000019847be3000 	C:\Program Files\Java\javafx-sdk-18.0.1\bin\api-ms-win-core-namedpipe-l1-1-0.dll
0x0000019847bf0000 - 0x0000019847bf3000 	C:\Program Files\Java\javafx-sdk-18.0.1\bin\api-ms-win-core-processenvironment-l1-1-0.dll
0x0000019847c00000 - 0x0000019847c03000 	C:\Program Files\Java\javafx-sdk-18.0.1\bin\api-ms-win-core-processthreads-l1-1-0.dll
0x0000019847c10000 - 0x0000019847c13000 	C:\Program Files\Java\javafx-sdk-18.0.1\bin\api-ms-win-core-processthreads-l1-1-1.dll
0x0000019847c20000 - 0x0000019847c23000 	C:\Program Files\Java\javafx-sdk-18.0.1\bin\api-ms-win-core-profile-l1-1-0.dll
0x0000019847c30000 - 0x0000019847c33000 	C:\Program Files\Java\javafx-sdk-18.0.1\bin\api-ms-win-core-rtlsupport-l1-1-0.dll
0x0000019847c40000 - 0x0000019847c43000 	C:\Program Files\Java\javafx-sdk-18.0.1\bin\api-ms-win-core-string-l1-1-0.dll
0x0000019847c50000 - 0x0000019847c53000 	C:\Program Files\Java\javafx-sdk-18.0.1\bin\api-ms-win-core-synch-l1-1-0.dll
0x0000019847c60000 - 0x0000019847c63000 	C:\Program Files\Java\javafx-sdk-18.0.1\bin\api-ms-win-core-synch-l1-2-0.dll
0x0000019847c70000 - 0x0000019847c73000 	C:\Program Files\Java\javafx-sdk-18.0.1\bin\api-ms-win-core-sysinfo-l1-1-0.dll
0x0000019847c80000 - 0x0000019847c83000 	C:\Program Files\Java\javafx-sdk-18.0.1\bin\api-ms-win-core-timezone-l1-1-0.dll
0x0000019847c90000 - 0x0000019847c93000 	C:\Program Files\Java\javafx-sdk-18.0.1\bin\api-ms-win-core-util-l1-1-0.dll
0x0000019847ca0000 - 0x0000019847ca3000 	C:\Program Files\Java\javafx-sdk-18.0.1\bin\api-ms-win-crt-conio-l1-1-0.dll
0x0000019847cb0000 - 0x0000019847cb4000 	C:\Program Files\Java\javafx-sdk-18.0.1\bin\api-ms-win-crt-convert-l1-1-0.dll
0x0000019847cc0000 - 0x0000019847cc3000 	C:\Program Files\Java\javafx-sdk-18.0.1\bin\api-ms-win-crt-environment-l1-1-0.dll
0x0000019847cd0000 - 0x0000019847cd3000 	C:\Program Files\Java\javafx-sdk-18.0.1\bin\api-ms-win-crt-filesystem-l1-1-0.dll
0x0000019847ce0000 - 0x0000019847ce3000 	C:\Program Files\Java\javafx-sdk-18.0.1\bin\api-ms-win-crt-heap-l1-1-0.dll
0x0000019847cf0000 - 0x0000019847cf3000 	C:\Program Files\Java\javafx-sdk-18.0.1\bin\api-ms-win-crt-locale-l1-1-0.dll
0x0000019847d00000 - 0x0000019847d05000 	C:\Program Files\Java\javafx-sdk-18.0.1\bin\api-ms-win-crt-math-l1-1-0.dll
0x0000019847d10000 - 0x0000019847d15000 	C:\Program Files\Java\javafx-sdk-18.0.1\bin\api-ms-win-crt-multibyte-l1-1-0.dll
0x0000019847d20000 - 0x0000019847d30000 	C:\Program Files\Java\javafx-sdk-18.0.1\bin\api-ms-win-crt-private-l1-1-0.dll
0x0000019847d30000 - 0x0000019847d33000 	C:\Program Files\Java\javafx-sdk-18.0.1\bin\api-ms-win-crt-process-l1-1-0.dll
0x0000019847d40000 - 0x0000019847d44000 	C:\Program Files\Java\javafx-sdk-18.0.1\bin\api-ms-win-crt-runtime-l1-1-0.dll
0x0000019847d50000 - 0x0000019847d54000 	C:\Program Files\Java\javafx-sdk-18.0.1\bin\api-ms-win-crt-stdio-l1-1-0.dll
0x0000019847d60000 - 0x0000019847d64000 	C:\Program Files\Java\javafx-sdk-18.0.1\bin\api-ms-win-crt-string-l1-1-0.dll
0x0000019847d70000 - 0x0000019847d73000 	C:\Program Files\Java\javafx-sdk-18.0.1\bin\api-ms-win-crt-time-l1-1-0.dll
0x0000019847d80000 - 0x0000019847d83000 	C:\Program Files\Java\javafx-sdk-18.0.1\bin\api-ms-win-crt-utility-l1-1-0.dll
0x00007ffe95610000 - 0x00007ffe9570c000 	C:\Program Files\Java\javafx-sdk-18.0.1\bin\ucrtbase.dll
0x00007ffe94bf0000 - 0x00007ffe94c0a000 	C:\Program Files\Java\javafx-sdk-18.0.1\bin\vcruntime140.dll
0x00007ffe96940000 - 0x00007ffe9694c000 	C:\Program Files\Java\javafx-sdk-18.0.1\bin\vcruntime140_1.dll
0x00007ffe82de0000 - 0x00007ffe82e6d000 	C:\Program Files\Java\javafx-sdk-18.0.1\bin\msvcp140.dll
0x00007ffe82db0000 - 0x00007ffe82ddc000 	C:\Program Files\Java\javafx-sdk-18.0.1\bin\prism_d3d.dll
0x00007ffe8e9e0000 - 0x00007ffe8eb86000 	C:\Windows\system32\d3d9.dll
0x00007ffe97340000 - 0x00007ffe9736f000 	C:\Windows\SYSTEM32\dwmapi.dll
0x00007ffe970e0000 - 0x00007ffe97118000 	C:\Windows\SYSTEM32\dxcore.dll
0x00007ffe96ac0000 - 0x00007ffe96b6c000 	C:\Windows\system32\uxtheme.dll
0x00007ffe99130000 - 0x00007ffe99142000 	C:\Windows\SYSTEM32\msasn1.dll
0x00007ffe910a0000 - 0x00007ffe910d1000 	C:\Windows\SYSTEM32\cryptnet.dll
0x00007ffe99b50000 - 0x00007ffe99cb2000 	C:\Windows\System32\CRYPT32.dll
0x00007ffe8f470000 - 0x00007ffe8f5b9000 	C:\Windows\SYSTEM32\drvstore.dll
0x00007ffe99590000 - 0x00007ffe995bc000 	C:\Windows\SYSTEM32\devobj.dll
0x00007ffe99540000 - 0x00007ffe9958c000 	C:\Windows\SYSTEM32\cfgmgr32.dll
0x00007ffe991a0000 - 0x00007ffe991dd000 	C:\Windows\SYSTEM32\wldp.dll
0x00007ffe990d0000 - 0x00007ffe990dc000 	C:\Windows\SYSTEM32\cryptbase.dll
0x00007ffe99990000 - 0x00007ffe999f7000 	C:\Windows\System32\WINTRUST.DLL
0x00007ffe9b870000 - 0x00007ffe9b88f000 	C:\Windows\System32\imagehlp.dll
0x00007ffe990e0000 - 0x00007ffe990f8000 	C:\Windows\SYSTEM32\CRYPTSP.dll
0x00007ffe989c0000 - 0x00007ffe989f5000 	C:\Windows\system32\rsaenh.dll
0x00007ffe99250000 - 0x00007ffe99277000 	C:\Windows\SYSTEM32\bcrypt.dll
0x00007ffe93380000 - 0x00007ffe933c4000 	C:\Windows\SYSTEM32\directxdatabasehelper.dll
0x00007ffe97160000 - 0x00007ffe97194000 	C:\Windows\SYSTEM32\ntmarta.dll
0x00007ffe73670000 - 0x00007ffe736b2000 	C:\Program Files\Java\javafx-sdk-18.0.1\bin\glass.dll
0x00007ffe9c090000 - 0x00007ffe9c17c000 	C:\Windows\System32\COMDLG32.dll
0x00007ffe9a350000 - 0x00007ffe9a4ea000 	C:\Windows\System32\ole32.dll
0x00007ffe9b8e0000 - 0x00007ffe9b9b6000 	C:\Windows\System32\OLEAUT32.dll
0x00007ffe9abb0000 - 0x00007ffe9acce000 	C:\Windows\System32\MSCTF.dll
0x00007ffe2aad0000 - 0x00007ffe2ad93000 	C:\Windows\system32\nvspcap64.dll
0x00007ffe98f20000 - 0x00007ffe98f44000 	C:\Windows\SYSTEM32\gpapi.dll
0x00007ffe82d90000 - 0x00007ffe82da4000 	C:\Program Files\Java\javafx-sdk-18.0.1\bin\javafx_font.dll
0x00007ffe732c0000 - 0x00007ffe7351f000 	C:\Windows\SYSTEM32\dwrite.dll
0x00007ffe9a2a0000 - 0x00007ffe9a34f000 	C:\Windows\System32\clbcatq.dll
0x00007ffe91120000 - 0x00007ffe912ce000 	C:\Windows\SYSTEM32\WindowsCodecs.dll
0x00007ffe71060000 - 0x00007ffe710bd000 	C:\Windows\system32\dataexchange.dll
0x00007ffe90580000 - 0x00007ffe907e6000 	C:\Windows\system32\twinapi.appcore.dll
0x00007ffe6efa0000 - 0x00007ffe6efd2000 	C:\Program Files\Common Files\Microsoft Shared\Ink\rtscom.dll
0x00007ffe7dd60000 - 0x00007ffe7de8d000 	C:\Windows\SYSTEM32\textinputframework.dll
0x00007ffe96510000 - 0x00007ffe96642000 	C:\Windows\SYSTEM32\CoreMessaging.dll
0x00007ffe92550000 - 0x00007ffe928bd000 	C:\Windows\SYSTEM32\CoreUIComponents.dll
0x00007ffe77910000 - 0x00007ffe7793d000 	C:\Program Files\Java\javafx-sdk-18.0.1\bin\javafx_iio.dll

dbghelp: loaded successfully - version: 4.0.5 - missing functions: none
symbol engine: initialized successfully - sym options: 0x614 - pdb path: .;C:\Program Files\Java\jdk-17.0.2\bin;C:\Windows\SYSTEM32;C:\Windows\WinSxS\amd64_microsoft.windows.common-controls_6595b64144ccf1df_6.0.22000.120_none_9d947278b86cc467;C:\Program Files\Java\jdk-17.0.2\bin\server;C:\Program Files\Java\javafx-sdk-18.0.1\bin;C:\Windows\System32\DriverStore\FileRepository\nvltig.inf_amd64_ce837e92efe9cbc4;C:\Program Files\Common Files\Microsoft Shared\Ink

VM Arguments:
jvm_args: -Dfile.encoding=UTF-8 --add-modules=javafx.controls,javafx.fxml --module-path=C:\Users\juanc\OneDrive\Documentos\Universidad 3\POO\SEATORA\build\classes;C:\Program Files\Java\javafx-sdk-18.0.1\lib\javafx-swt.jar;C:\Program Files\Java\javafx-sdk-18.0.1\lib\javafx.base.jar;C:\Program Files\Java\javafx-sdk-18.0.1\lib\javafx.controls.jar;C:\Program Files\Java\javafx-sdk-18.0.1\lib\javafx.fxml.jar;C:\Program Files\Java\javafx-sdk-18.0.1\lib\javafx.graphics.jar;C:\Program Files\Java\javafx-sdk-18.0.1\lib\javafx.media.jar;C:\Program Files\Java\javafx-sdk-18.0.1\lib\javafx.swing.jar;C:\Program Files\Java\javafx-sdk-18.0.1\lib\javafx.web.jar 
java_command: start.Seatora
java_class_path (initial): C:\Program Files\Java\javafx-sdk-18.0.1\lib\javafx-swt.jar;C:\Program Files\Java\javafx-sdk-18.0.1\lib\javafx.base.jar;C:\Program Files\Java\javafx-sdk-18.0.1\lib\javafx.controls.jar;C:\Program Files\Java\javafx-sdk-18.0.1\lib\javafx.fxml.jar;C:\Program Files\Java\javafx-sdk-18.0.1\lib\javafx.graphics.jar;C:\Program Files\Java\javafx-sdk-18.0.1\lib\javafx.media.jar;C:\Program Files\Java\javafx-sdk-18.0.1\lib\javafx.swing.jar;C:\Program Files\Java\javafx-sdk-18.0.1\lib\javafx.web.jar;C:\Users\juanc\OneDrive\Documentos\Universidad 3\POO\SEATORA\build\classes
Launcher Type: SUN_STANDARD

[Global flags]
     intx CICompilerCount                          = 12                                        {product} {ergonomic}
     uint ConcGCThreads                            = 3                                         {product} {ergonomic}
     uint G1ConcRefinementThreads                  = 13                                        {product} {ergonomic}
   size_t G1HeapRegionSize                         = 4194304                                   {product} {ergonomic}
    uintx GCDrainStackTargetSize                   = 64                                        {product} {ergonomic}
   size_t InitialHeapSize                          = 402653184                                 {product} {ergonomic}
   size_t MarkStackSize                            = 4194304                                   {product} {ergonomic}
   size_t MaxHeapSize                              = 6404702208                                {product} {ergonomic}
   size_t MaxNewSize                               = 3841982464                                {product} {ergonomic}
   size_t MinHeapDeltaBytes                        = 4194304                                   {product} {ergonomic}
   size_t MinHeapSize                              = 8388608                                   {product} {ergonomic}
    uintx NonNMethodCodeHeapSize                   = 7602480                                {pd product} {ergonomic}
    uintx NonProfiledCodeHeapSize                  = 122027880                              {pd product} {ergonomic}
    uintx ProfiledCodeHeapSize                     = 122027880                              {pd product} {ergonomic}
    uintx ReservedCodeCacheSize                    = 251658240                              {pd product} {ergonomic}
     bool SegmentedCodeCache                       = true                                      {product} {ergonomic}
   size_t SoftMaxHeapSize                          = 6404702208                             {manageable} {ergonomic}
     bool UseCompressedClassPointers               = true                           {product lp64_product} {ergonomic}
     bool UseCompressedOops                        = true                           {product lp64_product} {ergonomic}
     bool UseG1GC                                  = true                                      {product} {ergonomic}
     bool UseLargePagesIndividualAllocation        = false                                  {pd product} {ergonomic}

Logging:
Log output configuration:
 #0: stdout all=off uptime,level,tags
 #1: stderr all=off uptime,level,tags

Environment Variables:
PATH=C:\Program Files\Common Files\Oracle\Java\javapath;C:\Program Files (x86)\Common Files\Oracle\Java\javapath;C:\Windows\system32;C:\Windows;C:\Windows\System32\Wbem;C:\Windows\System32\WindowsPowerShell\v1.0\;C:\Windows\System32\OpenSSH\;C:\Program Files (x86)\NVIDIA Corporation\PhysX\Common;C:\Program Files\NVIDIA Corporation\NVIDIA NvDLISR;C:\Users\juanc\AppData\Local\Microsoft\WindowsApps;;C:\Users\juanc\AppData\Local\Programs\Microsoft VS Code\bin
USERNAME=juanc
OS=Windows_NT
PROCESSOR_IDENTIFIER=AMD64 Family 25 Model 80 Stepping 0, AuthenticAMD



---------------  S Y S T E M  ---------------

OS:
 Windows 11 , 64 bit Build 22000 (10.0.22000.675)
OS uptime: 0 days 1:22 hours

CPU: total 16 (initial active 16) (16 cores per cpu, 2 threads per core) family 25 model 80 stepping 0 microcode 0x0, cx8, cmov, fxsr, ht, mmx, 3dnowpref, sse, sse2, sse3, ssse3, sse4a, sse4.1, sse4.2, popcnt, lzcnt, tsc, tscinvbit, avx, avx2, aes, erms, clmul, bmi1, bmi2, adx, sha, fma, vzeroupper, clflush, clflushopt

Memory: 4k page, system-wide physical 24428M (16793M free)
TotalPageFile size 28012M (AvailPageFile size 17368M)
current process WorkingSet (physical memory assigned to process): 176M, peak: 269M
current process commit charge ("private bytes"): 379M, peak: 716M

vm_info: Java HotSpot(TM) 64-Bit Server VM (17.0.2+8-LTS-86) for windows-amd64 JRE (17.0.2+8-LTS-86), built on Dec  7 2021 21:51:03 by "mach5one" with MS VC++ 16.8 / 16.9 (VS2019)

END.
