#
# A fatal error has been detected by the Java Runtime Environment:
#
#  EXCEPTION_ACCESS_VIOLATION (0xc0000005) at pc=0x00007ffec5f762d7, pid=16796, tid=12900
#
# JRE version: Java(TM) SE Runtime Environment (17.0.2+8) (build 17.0.2+8-LTS-86)
# Java VM: Java HotSpot(TM) 64-Bit Server VM (17.0.2+8-LTS-86, mixed mode, sharing, tiered, compressed oops, compressed class ptrs, g1 gc, windows-amd64)
# Problematic frame:
# C  [glass.dll+0x262d7]
#
# No core dump will be written. Minidumps are not enabled by default on client versions of Windows
#
# If you would like to submit a bug report, please visit:
#   https://bugreport.java.com/bugreport/crash.jsp
#

---------------  S U M M A R Y ------------

Command Line: -Dfile.encoding=UTF-8 --add-modules=javafx.controls,javafx.fxml --module-path=C:\Users\juanc\OneDrive\Documentos\Universidad 3\POO\SEATORA\build\classes;C:\Program Files\Java\javafx-sdk-18.0.1\lib\javafx-swt.jar;C:\Program Files\Java\javafx-sdk-18.0.1\lib\javafx.base.jar;C:\Program Files\Java\javafx-sdk-18.0.1\lib\javafx.controls.jar;C:\Program Files\Java\javafx-sdk-18.0.1\lib\javafx.fxml.jar;C:\Program Files\Java\javafx-sdk-18.0.1\lib\javafx.graphics.jar;C:\Program Files\Java\javafx-sdk-18.0.1\lib\javafx.media.jar;C:\Program Files\Java\javafx-sdk-18.0.1\lib\javafx.swing.jar;C:\Program Files\Java\javafx-sdk-18.0.1\lib\javafx.web.jar start.Seatora

Host: AMD Ryzen 7 5800H with Radeon Graphics         , 16 cores, 23G,  Windows 11 , 64 bit Build 22000 (10.0.22000.675)
Time: Wed May 25 14:01:13 2022 Hora est. Pacífico, Sudamérica elapsed time: 11.680875 seconds (0d 0h 0m 11s)

---------------  T H R E A D  ---------------

Current thread (0x0000022b27121ce0):  VMThread "VM Thread" [stack: 0x0000006bc1a00000,0x0000006bc1b00000] [id=12900]

Stack: [0x0000006bc1a00000,0x0000006bc1b00000],  sp=0x0000006bc1afee10,  free space=1019k
Native frames: (J=compiled Java code, j=interpreted, Vv=VM code, C=native code)
C  [glass.dll+0x262d7]


siginfo: EXCEPTION_ACCESS_VIOLATION (0xc0000005), reading address 0x0000000000000000


Register to memory mapping:

RIP=0x00007ffec5f762d7 glass.dll
RAX=0x0 is NULL
RBX=0x0000022b27133af8 is a global jni handle
RCX=0x0000022b27121ce0 points into unknown readable memory: 0x00007ffec878e890 | 90 e8 78 c8 fe 7f 00 00
RDX=0x0000006bc1afee10 points into unknown readable memory: 0x0000000000000000 | 00 00 00 00 00 00 00 00
RSP=0x0000006bc1afee10 points into unknown readable memory: 0x0000000000000000 | 00 00 00 00 00 00 00 00
RBP=0x0000022b28ee1738 points into unknown readable memory: 0x0000760a4ce190b4 | b4 90 e1 4c 0a 76 00 00
RSI=0x0000022b28ee1710 points into unknown readable memory: 0x6dc0760db30dcfc7 | c7 cf 0d b3 0d 76 c0 6d
RDI=0x0000760a4ce190b4 is an unknown value
R8 =0x0000000000010002 is an unknown value
R9 =0x0000760a4ce190b4 is an unknown value
R10=0x85f13e9656da4870 is an unknown value
R11=0x0000006bc1afeda0 points into unknown readable memory: 0x0000022b28ee1710 | 10 17 ee 28 2b 02 00 00
R12=0x00007ffec5f73bc4 glass.dll
R13=0x00007ffec89349d0 jvm.dll
R14=0x0000006bc1afef18 points into unknown readable memory: 0x0000006bc1afef00 | 00 ef af c1 6b 00 00 00
R15=0x0000022b28ee1710 points into unknown readable memory: 0x6dc0760db30dcfc7 | c7 cf 0d b3 0d 76 c0 6d


Registers:
RAX=0x0000000000000000, RBX=0x0000022b27133af8, RCX=0x0000022b27121ce0, RDX=0x0000006bc1afee10
RSP=0x0000006bc1afee10, RBP=0x0000022b28ee1738, RSI=0x0000022b28ee1710, RDI=0x0000760a4ce190b4
R8 =0x0000000000010002, R9 =0x0000760a4ce190b4, R10=0x85f13e9656da4870, R11=0x0000006bc1afeda0
R12=0x00007ffec5f73bc4, R13=0x00007ffec89349d0, R14=0x0000006bc1afef18, R15=0x0000022b28ee1710
RIP=0x00007ffec5f762d7, EFLAGS=0x0000000000010202

Top of Stack: (sp=0x0000006bc1afee10)
0x0000006bc1afee10:   0000000000000000 0000022b28ee1710
0x0000006bc1afee20:   00007ffec89349d0 00007ffec5f73bc4
0x0000006bc1afee30:   0000022b28ee1718 00007fff5d93bea0
0x0000006bc1afee40:   0000760a4ce190b4 0000022b00000000
0x0000006bc1afee50:   0000022b28ee1738 0000022b28ee1710
0x0000006bc1afee60:   fffffffffffffffe 0000000000000000
0x0000006bc1afee70:   0000000000000001 00007ffec5f50000
0x0000006bc1afee80:   0000006bc1afef08 00007fff5d93bdb7
0x0000006bc1afee90:   0000000000000000 0000006bc1afef18
0x0000006bc1afeea0:   0000006bc1aff1f0 00007fff5da212b0
0x0000006bc1afeeb0:   0000000000000001 00007fff5d93bd6d
0x0000006bc1afeec0:   0000000000000000 0000000000000001
0x0000006bc1afeed0:   0000000000000000 0000006bc1afef08
0x0000006bc1afeee0:   fffffffffffffffe 0000006b00000000
0x0000006bc1afeef0:   ffffffff00000001 00007ffec5f73a51
0x0000006bc1afef00:   00007ffec5f89f88 00007ffe00000002 

Instructions: (pc=0x00007ffec5f762d7)
0x00007ffec5f761d7:   8b 4d 58 e8 2d cf ff ff 48 8b 4d 60 e8 24 cf ff
0x00007ffec5f761e7:   ff 48 8b 95 80 00 00 00 48 8b 8d 18 01 00 00 e8
0x00007ffec5f761f7:   16 c4 ff ff 33 d2 33 c9 e8 5c e1 ff ff 90 48 89
0x00007ffec5f76207:   54 24 10 55 48 83 ec 20 48 8b ea 48 b8 00 00 00
0x00007ffec5f76217:   00 00 00 00 00 48 83 c4 20 5d c3 cc 40 55 48 8b
0x00007ffec5f76227:   ea 48 8b 01 33 c9 81 38 05 00 00 c0 0f 94 c1 8b
0x00007ffec5f76237:   c1 5d c3 cc 40 55 48 83 ec 20 48 8b ea 8a 4d 40
0x00007ffec5f76247:   48 83 c4 20 5d e9 17 d3 ff ff cc 40 55 48 83 ec
0x00007ffec5f76257:   20 48 8b ea 8a 4d 20 e8 05 d3 ff ff 90 48 83 c4
0x00007ffec5f76267:   20 5d c3 cc 40 55 48 83 ec 20 48 8b ea 48 83 c4
0x00007ffec5f76277:   20 5d e9 66 d1 ff ff cc 40 55 48 83 ec 30 48 8b
0x00007ffec5f76287:   ea 48 8b 01 8b 10 48 89 4c 24 28 89 54 24 20 4c
0x00007ffec5f76297:   8d 0d 07 d6 ff ff 4c 8b 45 70 8b 55 68 48 8b 4d
0x00007ffec5f762a7:   60 e8 a7 d0 ff ff 90 48 83 c4 30 5d c3 cc cc cc
0x00007ffec5f762b7:   cc cc cc cc cc cc cc cc cc 40 53 48 83 ec 20 48
0x00007ffec5f762c7:   8b 1d bb 36 01 00 48 85 db 74 16 e8 59 8b ff ff
0x00007ffec5f762d7:   4c 8b 00 48 8b d3 48 8b c8 41 ff 90 b0 00 00 00
0x00007ffec5f762e7:   90 48 83 c4 20 5b c3 cc cc 40 53 48 83 ec 20 48
0x00007ffec5f762f7:   8b 1d 2b 38 01 00 48 85 db 74 57 b8 ff ff ff ff
0x00007ffec5f76307:   f0 0f c1 43 10 83 f8 01 75 3d 48 85 db 74 38 48
0x00007ffec5f76317:   8b 0b 48 85 c9 74 0d ff 15 84 0f 00 00 48 c7 03
0x00007ffec5f76327:   00 00 00 00 48 8b 4b 08 48 85 c9 74 0d e8 d3 cd
0x00007ffec5f76337:   ff ff 48 c7 43 08 00 00 00 00 ba 18 00 00 00 48
0x00007ffec5f76347:   8b cb e8 be cd ff ff 48 c7 05 cf 37 01 00 00 00
0x00007ffec5f76357:   00 00 48 83 c4 20 5b c3 cc 40 53 48 83 ec 20 48
0x00007ffec5f76367:   8b 1d 9b 37 01 00 48 85 db 74 57 b8 ff ff ff ff
0x00007ffec5f76377:   f0 0f c1 43 10 83 f8 01 75 3d 48 85 db 74 38 48
0x00007ffec5f76387:   8b 0b 48 85 c9 74 0d ff 15 14 0f 00 00 48 c7 03
0x00007ffec5f76397:   00 00 00 00 48 8b 4b 08 48 85 c9 74 0d e8 63 cd
0x00007ffec5f763a7:   ff ff 48 c7 43 08 00 00 00 00 ba 18 00 00 00 48
0x00007ffec5f763b7:   8b cb e8 4e cd ff ff 48 c7 05 3f 37 01 00 00 00
0x00007ffec5f763c7:   00 00 48 83 c4 20 5b c3 cc 40 53 48 83 ec 20 48 


Stack slot to memory mapping:
stack at sp + 0 slots: 0x0 is NULL
stack at sp + 1 slots: 0x0000022b28ee1710 points into unknown readable memory: 0x6dc0760db30dcfc7 | c7 cf 0d b3 0d 76 c0 6d
stack at sp + 2 slots: 0x00007ffec89349d0 jvm.dll
stack at sp + 3 slots: 0x00007ffec5f73bc4 glass.dll
stack at sp + 4 slots: 0x0000022b28ee1718 points into unknown readable memory: 0x0000760a4ce190b4 | b4 90 e1 4c 0a 76 00 00
stack at sp + 5 slots: 0x00007fff5d93bea0 ucrtbase.dll
stack at sp + 6 slots: 0x0000760a4ce190b4 is an unknown value
stack at sp + 7 slots: 0x0000022b00000000 points into unknown readable memory: 0x00010000cafedada | da da fe ca 00 00 01 00

VM_Operation (0x0000006bc33f63d0): Exit, mode: safepoint, requested by thread 0x0000022b2713e190


---------------  P R O C E S S  ---------------

Threads class SMR info:
_java_thread_list=0x0000022b292182e0, length=20, elements={
0x0000022b7cdcdc60, 0x0000022b27125bd0, 0x0000022b27126840, 0x0000022b271397b0,
0x0000022b2713a770, 0x0000022b2713dcc0, 0x0000022b2713eb30, 0x0000022b271435b0,
0x0000022b2714bfb0, 0x0000022b27157cc0, 0x0000022b2713ce50, 0x0000022b2713b170,
0x0000022b2713bb10, 0x0000022b2713d320, 0x0000022b2713e190, 0x0000022b2713d7f0,
0x0000022b2713bfe0, 0x0000022b2713c4b0, 0x0000022b2713c980, 0x0000022b29073d20
}

Java Threads: ( => current thread )
  0x0000022b7cdcdc60 JavaThread "main" [_thread_blocked, id=15652, stack(0x0000006bc1400000,0x0000006bc1500000)]
  0x0000022b27125bd0 JavaThread "Reference Handler" daemon [_thread_blocked, id=10296, stack(0x0000006bc1b00000,0x0000006bc1c00000)]
  0x0000022b27126840 JavaThread "Finalizer" daemon [_thread_blocked, id=7512, stack(0x0000006bc1c00000,0x0000006bc1d00000)]
  0x0000022b271397b0 JavaThread "Signal Dispatcher" daemon [_thread_blocked, id=6416, stack(0x0000006bc1d00000,0x0000006bc1e00000)]
  0x0000022b2713a770 JavaThread "Attach Listener" daemon [_thread_blocked, id=4120, stack(0x0000006bc1e00000,0x0000006bc1f00000)]
  0x0000022b2713dcc0 JavaThread "Service Thread" daemon [_thread_blocked, id=9160, stack(0x0000006bc1f00000,0x0000006bc2000000)]
  0x0000022b2713eb30 JavaThread "Monitor Deflation Thread" daemon [_thread_blocked, id=6208, stack(0x0000006bc2000000,0x0000006bc2100000)]
  0x0000022b271435b0 JavaThread "C2 CompilerThread0" daemon [_thread_blocked, id=3244, stack(0x0000006bc2100000,0x0000006bc2200000)]
  0x0000022b2714bfb0 JavaThread "C1 CompilerThread0" daemon [_thread_blocked, id=6220, stack(0x0000006bc2200000,0x0000006bc2300000)]
  0x0000022b27157cc0 JavaThread "Sweeper thread" daemon [_thread_blocked, id=11616, stack(0x0000006bc2300000,0x0000006bc2400000)]
  0x0000022b2713ce50 JavaThread "Common-Cleaner" daemon [_thread_blocked, id=4628, stack(0x0000006bc2500000,0x0000006bc2600000)]
  0x0000022b2713b170 JavaThread "Notification Thread" daemon [_thread_blocked, id=18176, stack(0x0000006bc2e00000,0x0000006bc2f00000)]
  0x0000022b2713bb10 JavaThread "QuantumRenderer-0" daemon [_thread_blocked, id=14132, stack(0x0000006bc3000000,0x0000006bc3100000)]
  0x0000022b2713d320 JavaThread "InvokeLaterDispatcher" daemon [_thread_blocked, id=4636, stack(0x0000006bc3200000,0x0000006bc3300000)]
  0x0000022b2713e190 JavaThread "JavaFX Application Thread" [_thread_blocked, id=17728, stack(0x0000006bc3300000,0x0000006bc3400000)]
  0x0000022b2713d7f0 JavaThread "JavaFX-Launcher" [_thread_blocked, id=16404, stack(0x0000006bc2d00000,0x0000006bc2e00000)]
  0x0000022b2713bfe0 JavaThread "Thread-2" daemon [_thread_in_native, id=13536, stack(0x0000006bc2c00000,0x0000006bc2d00000)]
  0x0000022b2713c4b0 JavaThread "Prism Font Disposer" daemon [_thread_blocked, id=9932, stack(0x0000006bc3d00000,0x0000006bc3e00000)]
  0x0000022b2713c980 JavaThread "Cleaner-0" daemon [_thread_blocked, id=7644, stack(0x0000006bc41a0000,0x0000006bc42a0000)]
  0x0000022b29073d20 JavaThread "C1 CompilerThread1" daemon [_thread_blocked, id=16864, stack(0x0000006bc2400000,0x0000006bc2500000)]

Other Threads:
=>0x0000022b27121ce0 VMThread "VM Thread" [stack: 0x0000006bc1a00000,0x0000006bc1b00000] [id=12900]
  0x0000022b7ce2e9f0 GCTaskThread "GC Thread#0" [stack: 0x0000006bc1500000,0x0000006bc1600000] [id=17908]
  0x0000022b28fb7750 GCTaskThread "GC Thread#1" [stack: 0x0000006bc3500000,0x0000006bc3600000] [id=11368]
  0x0000022b28fc4a00 GCTaskThread "GC Thread#2" [stack: 0x0000006bc3600000,0x0000006bc3700000] [id=11596]
  0x0000022b2920c390 GCTaskThread "GC Thread#3" [stack: 0x0000006bc3700000,0x0000006bc3800000] [id=11468]
  0x0000022b29212bd0 GCTaskThread "GC Thread#4" [stack: 0x0000006bc3800000,0x0000006bc3900000] [id=19892]
  0x0000022b2922fc20 GCTaskThread "GC Thread#5" [stack: 0x0000006bc3900000,0x0000006bc3a00000] [id=17616]
  0x0000022b28ffb9e0 GCTaskThread "GC Thread#6" [stack: 0x0000006bc3a00000,0x0000006bc3b00000] [id=10052]
  0x0000022b28ffc8c0 GCTaskThread "GC Thread#7" [stack: 0x0000006bc3b00000,0x0000006bc3c00000] [id=13700]
  0x0000022b28ffd7a0 GCTaskThread "GC Thread#8" [stack: 0x0000006bc3c00000,0x0000006bc3d00000] [id=17064]
  0x0000022b293bc5f0 GCTaskThread "GC Thread#9" [stack: 0x0000006bc2a00000,0x0000006bc2b00000] [id=19388]
  0x0000022b7ce3b700 ConcurrentGCThread "G1 Main Marker" terminated
  0x0000022b7ce3c7b0 ConcurrentGCThread "G1 Conc#0" [stack: 0x0000006bc1700000,0x0000006bc1800000] [id=19308]
  0x0000022b7cea6eb0 ConcurrentGCThread "G1 Refine#0" terminated
  0x0000022b7cea77d0 ConcurrentGCThread "G1 Service" terminated

Threads with active compile tasks:

VM state: at safepoint (shutting down)

VM Mutex/Monitor currently owned by a thread:  ([mutex/lock_event])
[0x0000022b7cdca550] Threads_lock - owner thread: 0x0000022b27121ce0
[0x0000022b7cdcaf70] Heap_lock - owner thread: 0x0000022b2713e190

Heap address: 0x0000000682400000, size: 6108 MB, Compressed Oops mode: Zero based, Oop shift amount: 3

CDS archive(s) mapped at: [0x0000000800000000-0x0000000800bc0000-0x0000000800bc0000), size 12320768, SharedBaseAddress: 0x0000000800000000, ArchiveRelocationMode: 0.
Compressed class space mapped at: 0x0000000800c00000-0x0000000840c00000, reserved size: 1073741824
Narrow klass base: 0x0000000800000000, Narrow klass shift: 0, Narrow klass range: 0x100000000

GC Precious Log:
 CPUs: 16 total, 16 available
 Memory: 24428M
 Large Page Support: Disabled
 NUMA Support: Disabled
 Compressed Oops: Enabled (Zero based)
 Heap Region Size: 4M
 Heap Min Capacity: 8M
 Heap Initial Capacity: 384M
 Heap Max Capacity: 6108M
 Pre-touch: Disabled
 Parallel Workers: 13
 Concurrent Workers: 3
 Concurrent Refinement Workers: 13
 Periodic GC: Disabled

Heap:
 garbage-first heap   total 393216K, used 33395K [0x0000000682400000, 0x0000000800000000)
  region size 4096K, 6 young (24576K), 2 survivors (8192K)
 Metaspace       used 15668K, committed 15872K, reserved 1064960K
  class space    used 2267K, committed 2368K, reserved 1048576K

Heap Regions: E=young(eden), S=young(survivor), O=old, HS=humongous(starts), HC=humongous(continues), CS=collection set, F=free, OA=open archive, CA=closed archive, TAMS=top-at-mark-start (previous, next)
|   0|0x0000000682400000, 0x0000000682800000, 0x0000000682800000|100%|HS|  |TAMS 0x0000000682400000, 0x0000000682400000| Complete 
|   1|0x0000000682800000, 0x0000000682c00000, 0x0000000682c00000|100%|HS|  |TAMS 0x0000000682800000, 0x0000000682800000| Complete 
|   2|0x0000000682c00000, 0x0000000682c9cc00, 0x0000000683000000| 15%| O|  |TAMS 0x0000000682c00000, 0x0000000682c00000| Untracked 
|   3|0x0000000683000000, 0x0000000683400000, 0x0000000683400000|100%|HS|  |TAMS 0x0000000683000000, 0x0000000683000000| Complete 
|   4|0x0000000683400000, 0x0000000683400000, 0x0000000683800000|  0%| F|  |TAMS 0x0000000683400000, 0x0000000683400000| Untracked 
|   5|0x0000000683800000, 0x0000000683800000, 0x0000000683c00000|  0%| F|  |TAMS 0x0000000683800000, 0x0000000683800000| Untracked 
|   6|0x0000000683c00000, 0x0000000683c00000, 0x0000000684000000|  0%| F|  |TAMS 0x0000000683c00000, 0x0000000683c00000| Untracked 
|   7|0x0000000684000000, 0x0000000684000000, 0x0000000684400000|  0%| F|  |TAMS 0x0000000684000000, 0x0000000684000000| Untracked 
|   8|0x0000000684400000, 0x0000000684400000, 0x0000000684800000|  0%| F|  |TAMS 0x0000000684400000, 0x0000000684400000| Untracked 
|   9|0x0000000684800000, 0x0000000684800000, 0x0000000684c00000|  0%| F|  |TAMS 0x0000000684800000, 0x0000000684800000| Untracked 
|  10|0x0000000684c00000, 0x0000000684c00000, 0x0000000685000000|  0%| F|  |TAMS 0x0000000684c00000, 0x0000000684c00000| Untracked 
|  11|0x0000000685000000, 0x0000000685000000, 0x0000000685400000|  0%| F|  |TAMS 0x0000000685000000, 0x0000000685000000| Untracked 
|  12|0x0000000685400000, 0x0000000685400000, 0x0000000685800000|  0%| F|  |TAMS 0x0000000685400000, 0x0000000685400000| Untracked 
|  13|0x0000000685800000, 0x0000000685800000, 0x0000000685c00000|  0%| F|  |TAMS 0x0000000685800000, 0x0000000685800000| Untracked 
|  14|0x0000000685c00000, 0x0000000685c00000, 0x0000000686000000|  0%| F|  |TAMS 0x0000000685c00000, 0x0000000685c00000| Untracked 
|  15|0x0000000686000000, 0x0000000686000000, 0x0000000686400000|  0%| F|  |TAMS 0x0000000686000000, 0x0000000686000000| Untracked 
|  16|0x0000000686400000, 0x0000000686400000, 0x0000000686800000|  0%| F|  |TAMS 0x0000000686400000, 0x0000000686400000| Untracked 
|  17|0x0000000686800000, 0x0000000686800000, 0x0000000686c00000|  0%| F|  |TAMS 0x0000000686800000, 0x0000000686800000| Untracked 
|  18|0x0000000686c00000, 0x0000000686c00000, 0x0000000687000000|  0%| F|  |TAMS 0x0000000686c00000, 0x0000000686c00000| Untracked 
|  19|0x0000000687000000, 0x0000000687000000, 0x0000000687400000|  0%| F|  |TAMS 0x0000000687000000, 0x0000000687000000| Untracked 
|  20|0x0000000687400000, 0x0000000687400000, 0x0000000687800000|  0%| F|  |TAMS 0x0000000687400000, 0x0000000687400000| Untracked 
|  21|0x0000000687800000, 0x0000000687800000, 0x0000000687c00000|  0%| F|  |TAMS 0x0000000687800000, 0x0000000687800000| Untracked 
|  22|0x0000000687c00000, 0x0000000687c00000, 0x0000000688000000|  0%| F|  |TAMS 0x0000000687c00000, 0x0000000687c00000| Untracked 
|  23|0x0000000688000000, 0x0000000688000000, 0x0000000688400000|  0%| F|  |TAMS 0x0000000688000000, 0x0000000688000000| Untracked 
|  24|0x0000000688400000, 0x0000000688400000, 0x0000000688800000|  0%| F|  |TAMS 0x0000000688400000, 0x0000000688400000| Untracked 
|  25|0x0000000688800000, 0x0000000688800000, 0x0000000688c00000|  0%| F|  |TAMS 0x0000000688800000, 0x0000000688800000| Untracked 
|  26|0x0000000688c00000, 0x0000000688c00000, 0x0000000689000000|  0%| F|  |TAMS 0x0000000688c00000, 0x0000000688c00000| Untracked 
|  27|0x0000000689000000, 0x0000000689000000, 0x0000000689400000|  0%| F|  |TAMS 0x0000000689000000, 0x0000000689000000| Untracked 
|  28|0x0000000689400000, 0x0000000689400000, 0x0000000689800000|  0%| F|  |TAMS 0x0000000689400000, 0x0000000689400000| Untracked 
|  29|0x0000000689800000, 0x0000000689800000, 0x0000000689c00000|  0%| F|  |TAMS 0x0000000689800000, 0x0000000689800000| Untracked 
|  30|0x0000000689c00000, 0x0000000689c00000, 0x000000068a000000|  0%| F|  |TAMS 0x0000000689c00000, 0x0000000689c00000| Untracked 
|  31|0x000000068a000000, 0x000000068a000000, 0x000000068a400000|  0%| F|  |TAMS 0x000000068a000000, 0x000000068a000000| Untracked 
|  32|0x000000068a400000, 0x000000068a400000, 0x000000068a800000|  0%| F|  |TAMS 0x000000068a400000, 0x000000068a400000| Untracked 
|  33|0x000000068a800000, 0x000000068a800000, 0x000000068ac00000|  0%| F|  |TAMS 0x000000068a800000, 0x000000068a800000| Untracked 
|  34|0x000000068ac00000, 0x000000068ac00000, 0x000000068b000000|  0%| F|  |TAMS 0x000000068ac00000, 0x000000068ac00000| Untracked 
|  35|0x000000068b000000, 0x000000068b000000, 0x000000068b400000|  0%| F|  |TAMS 0x000000068b000000, 0x000000068b000000| Untracked 
|  36|0x000000068b400000, 0x000000068b400000, 0x000000068b800000|  0%| F|  |TAMS 0x000000068b400000, 0x000000068b400000| Untracked 
|  37|0x000000068b800000, 0x000000068b800000, 0x000000068bc00000|  0%| F|  |TAMS 0x000000068b800000, 0x000000068b800000| Untracked 
|  38|0x000000068bc00000, 0x000000068bc00000, 0x000000068c000000|  0%| F|  |TAMS 0x000000068bc00000, 0x000000068bc00000| Untracked 
|  39|0x000000068c000000, 0x000000068c000000, 0x000000068c400000|  0%| F|  |TAMS 0x000000068c000000, 0x000000068c000000| Untracked 
|  40|0x000000068c400000, 0x000000068c400000, 0x000000068c800000|  0%| F|  |TAMS 0x000000068c400000, 0x000000068c400000| Untracked 
|  41|0x000000068c800000, 0x000000068c800000, 0x000000068cc00000|  0%| F|  |TAMS 0x000000068c800000, 0x000000068c800000| Untracked 
|  42|0x000000068cc00000, 0x000000068cc00000, 0x000000068d000000|  0%| F|  |TAMS 0x000000068cc00000, 0x000000068cc00000| Untracked 
|  43|0x000000068d000000, 0x000000068d000000, 0x000000068d400000|  0%| F|  |TAMS 0x000000068d000000, 0x000000068d000000| Untracked 
|  44|0x000000068d400000, 0x000000068d400000, 0x000000068d800000|  0%| F|  |TAMS 0x000000068d400000, 0x000000068d400000| Untracked 
|  45|0x000000068d800000, 0x000000068d800000, 0x000000068dc00000|  0%| F|  |TAMS 0x000000068d800000, 0x000000068d800000| Untracked 
|  46|0x000000068dc00000, 0x000000068dc00000, 0x000000068e000000|  0%| F|  |TAMS 0x000000068dc00000, 0x000000068dc00000| Untracked 
|  47|0x000000068e000000, 0x000000068e000000, 0x000000068e400000|  0%| F|  |TAMS 0x000000068e000000, 0x000000068e000000| Untracked 
|  48|0x000000068e400000, 0x000000068e400000, 0x000000068e800000|  0%| F|  |TAMS 0x000000068e400000, 0x000000068e400000| Untracked 
|  49|0x000000068e800000, 0x000000068e800000, 0x000000068ec00000|  0%| F|  |TAMS 0x000000068e800000, 0x000000068e800000| Untracked 
|  50|0x000000068ec00000, 0x000000068ec00000, 0x000000068f000000|  0%| F|  |TAMS 0x000000068ec00000, 0x000000068ec00000| Untracked 
|  51|0x000000068f000000, 0x000000068f000000, 0x000000068f400000|  0%| F|  |TAMS 0x000000068f000000, 0x000000068f000000| Untracked 
|  52|0x000000068f400000, 0x000000068f400000, 0x000000068f800000|  0%| F|  |TAMS 0x000000068f400000, 0x000000068f400000| Untracked 
|  53|0x000000068f800000, 0x000000068f800000, 0x000000068fc00000|  0%| F|  |TAMS 0x000000068f800000, 0x000000068f800000| Untracked 
|  54|0x000000068fc00000, 0x000000068fc00000, 0x0000000690000000|  0%| F|  |TAMS 0x000000068fc00000, 0x000000068fc00000| Untracked 
|  55|0x0000000690000000, 0x0000000690000000, 0x0000000690400000|  0%| F|  |TAMS 0x0000000690000000, 0x0000000690000000| Untracked 
|  56|0x0000000690400000, 0x0000000690400000, 0x0000000690800000|  0%| F|  |TAMS 0x0000000690400000, 0x0000000690400000| Untracked 
|  57|0x0000000690800000, 0x0000000690800000, 0x0000000690c00000|  0%| F|  |TAMS 0x0000000690800000, 0x0000000690800000| Untracked 
|  58|0x0000000690c00000, 0x0000000690c00000, 0x0000000691000000|  0%| F|  |TAMS 0x0000000690c00000, 0x0000000690c00000| Untracked 
|  59|0x0000000691000000, 0x0000000691000000, 0x0000000691400000|  0%| F|  |TAMS 0x0000000691000000, 0x0000000691000000| Untracked 
|  60|0x0000000691400000, 0x0000000691400000, 0x0000000691800000|  0%| F|  |TAMS 0x0000000691400000, 0x0000000691400000| Untracked 
|  61|0x0000000691800000, 0x0000000691800000, 0x0000000691c00000|  0%| F|  |TAMS 0x0000000691800000, 0x0000000691800000| Untracked 
|  62|0x0000000691c00000, 0x0000000691c00000, 0x0000000692000000|  0%| F|  |TAMS 0x0000000691c00000, 0x0000000691c00000| Untracked 
|  63|0x0000000692000000, 0x0000000692000000, 0x0000000692400000|  0%| F|  |TAMS 0x0000000692000000, 0x0000000692000000| Untracked 
|  64|0x0000000692400000, 0x0000000692400000, 0x0000000692800000|  0%| F|  |TAMS 0x0000000692400000, 0x0000000692400000| Untracked 
|  65|0x0000000692800000, 0x0000000692800000, 0x0000000692c00000|  0%| F|  |TAMS 0x0000000692800000, 0x0000000692800000| Untracked 
|  66|0x0000000692c00000, 0x0000000692c00000, 0x0000000693000000|  0%| F|  |TAMS 0x0000000692c00000, 0x0000000692c00000| Untracked 
|  67|0x0000000693000000, 0x0000000693000000, 0x0000000693400000|  0%| F|  |TAMS 0x0000000693000000, 0x0000000693000000| Untracked 
|  68|0x0000000693400000, 0x0000000693400000, 0x0000000693800000|  0%| F|  |TAMS 0x0000000693400000, 0x0000000693400000| Untracked 
|  69|0x0000000693800000, 0x0000000693800000, 0x0000000693c00000|  0%| F|  |TAMS 0x0000000693800000, 0x0000000693800000| Untracked 
|  70|0x0000000693c00000, 0x0000000693c00000, 0x0000000694000000|  0%| F|  |TAMS 0x0000000693c00000, 0x0000000693c00000| Untracked 
|  71|0x0000000694000000, 0x0000000694000000, 0x0000000694400000|  0%| F|  |TAMS 0x0000000694000000, 0x0000000694000000| Untracked 
|  72|0x0000000694400000, 0x0000000694400000, 0x0000000694800000|  0%| F|  |TAMS 0x0000000694400000, 0x0000000694400000| Untracked 
|  73|0x0000000694800000, 0x0000000694800000, 0x0000000694c00000|  0%| F|  |TAMS 0x0000000694800000, 0x0000000694800000| Untracked 
|  74|0x0000000694c00000, 0x0000000694c00000, 0x0000000695000000|  0%| F|  |TAMS 0x0000000694c00000, 0x0000000694c00000| Untracked 
|  75|0x0000000695000000, 0x0000000695000000, 0x0000000695400000|  0%| F|  |TAMS 0x0000000695000000, 0x0000000695000000| Untracked 
|  76|0x0000000695400000, 0x0000000695400000, 0x0000000695800000|  0%| F|  |TAMS 0x0000000695400000, 0x0000000695400000| Untracked 
|  77|0x0000000695800000, 0x0000000695800000, 0x0000000695c00000|  0%| F|  |TAMS 0x0000000695800000, 0x0000000695800000| Untracked 
|  78|0x0000000695c00000, 0x0000000695c00000, 0x0000000696000000|  0%| F|  |TAMS 0x0000000695c00000, 0x0000000695c00000| Untracked 
|  79|0x0000000696000000, 0x0000000696000000, 0x0000000696400000|  0%| F|  |TAMS 0x0000000696000000, 0x0000000696000000| Untracked 
|  80|0x0000000696400000, 0x0000000696400000, 0x0000000696800000|  0%| F|  |TAMS 0x0000000696400000, 0x0000000696400000| Untracked 
|  81|0x0000000696800000, 0x0000000696800000, 0x0000000696c00000|  0%| F|  |TAMS 0x0000000696800000, 0x0000000696800000| Untracked 
|  82|0x0000000696c00000, 0x0000000696c00000, 0x0000000697000000|  0%| F|  |TAMS 0x0000000696c00000, 0x0000000696c00000| Untracked 
|  83|0x0000000697000000, 0x0000000697400000, 0x0000000697400000|100%| S|CS|TAMS 0x0000000697000000, 0x0000000697000000| Complete 
|  84|0x0000000697400000, 0x0000000697800000, 0x0000000697800000|100%| S|CS|TAMS 0x0000000697400000, 0x0000000697400000| Complete 
|  85|0x0000000697800000, 0x0000000697800000, 0x0000000697c00000|  0%| F|  |TAMS 0x0000000697800000, 0x0000000697800000| Untracked 
|  86|0x0000000697c00000, 0x0000000697c00000, 0x0000000698000000|  0%| F|  |TAMS 0x0000000697c00000, 0x0000000697c00000| Untracked 
|  87|0x0000000698000000, 0x0000000698000000, 0x0000000698400000|  0%| F|  |TAMS 0x0000000698000000, 0x0000000698000000| Untracked 
|  88|0x0000000698400000, 0x0000000698400000, 0x0000000698800000|  0%| F|  |TAMS 0x0000000698400000, 0x0000000698400000| Untracked 
|  89|0x0000000698800000, 0x0000000698800000, 0x0000000698c00000|  0%| F|  |TAMS 0x0000000698800000, 0x0000000698800000| Untracked 
|  90|0x0000000698c00000, 0x0000000698c00000, 0x0000000699000000|  0%| F|  |TAMS 0x0000000698c00000, 0x0000000698c00000| Untracked 
|  91|0x0000000699000000, 0x0000000699000000, 0x0000000699400000|  0%| F|  |TAMS 0x0000000699000000, 0x0000000699000000| Untracked 
|  92|0x0000000699400000, 0x0000000699719630, 0x0000000699800000| 77%| E|  |TAMS 0x0000000699400000, 0x0000000699400000| Complete 
|  93|0x0000000699800000, 0x0000000699c00000, 0x0000000699c00000|100%| E|CS|TAMS 0x0000000699800000, 0x0000000699800000| Complete 
|  94|0x0000000699c00000, 0x000000069a000000, 0x000000069a000000|100%| E|CS|TAMS 0x0000000699c00000, 0x0000000699c00000| Complete 
|  95|0x000000069a000000, 0x000000069a400000, 0x000000069a400000|100%| E|CS|TAMS 0x000000069a000000, 0x000000069a000000| Complete 

Card table byte_map: [0x0000022b17370000,0x0000022b17f60000] _byte_map_base: 0x0000022b13f5e000

Marking Bits (Prev, Next): (CMBitMap*) 0x0000022b7ce2ef00, (CMBitMap*) 0x0000022b7ce2ef40
 Prev Bits: [0x0000022b18b50000, 0x0000022b1eac0000)
 Next Bits: [0x0000022b1eac0000, 0x0000022b24a30000)

Polling page: 0x0000022b7e660000

Metaspace:

Usage:
  Non-class:     13.09 MB used.
      Class:      2.21 MB used.
       Both:     15.30 MB used.

Virtual space:
  Non-class space:       16.00 MB reserved,      13.19 MB ( 82%) committed,  2 nodes.
      Class space:        1.00 GB reserved,       2.31 MB ( <1%) committed,  1 nodes.
             Both:        1.02 GB reserved,      15.50 MB (  1%) committed. 

Chunk freelists:
   Non-Class:  2.33 MB
       Class:  1.54 MB
        Both:  3.87 MB

MaxMetaspaceSize: unlimited
CompressedClassSpaceSize: 1.00 GB
Initial GC threshold: 21.00 MB
Current GC threshold: 21.00 MB
CDS: on
MetaspaceReclaimPolicy: balanced
 - commit_granule_bytes: 65536.
 - commit_granule_words: 8192.
 - virtual_space_node_default_size: 1048576.
 - enlarge_chunks_in_place: 1.
 - new_chunks_are_fully_committed: 0.
 - uncommit_free_chunks: 1.
 - use_allocation_guard: 0.
 - handle_deallocations: 1.


Internal statistics:

num_allocs_failed_limit: 0.
num_arena_births: 184.
num_arena_deaths: 0.
num_vsnodes_births: 3.
num_vsnodes_deaths: 0.
num_space_committed: 248.
num_space_uncommitted: 0.
num_chunks_returned_to_freelist: 0.
num_chunks_taken_from_freelist: 696.
num_chunk_merges: 0.
num_chunk_splits: 501.
num_chunks_enlarged: 402.
num_purges: 0.
num_inconsistent_stats: 0.

CodeHeap 'non-profiled nmethods': size=119168Kb used=1380Kb max_used=1380Kb free=117787Kb
 bounds [0x0000022b0f320000, 0x0000022b0f590000, 0x0000022b16780000]
CodeHeap 'profiled nmethods': size=119104Kb used=5733Kb max_used=5733Kb free=113370Kb
 bounds [0x0000022b07ed0000, 0x0000022b08470000, 0x0000022b0f320000]
CodeHeap 'non-nmethods': size=7488Kb used=1986Kb max_used=3181Kb free=5501Kb
 bounds [0x0000022b07780000, 0x0000022b07aa0000, 0x0000022b07ed0000]
 total_blobs=3835 nmethods=3055 adapters=691
 compilation: enabled
              stopped_count=0, restarted_count=0
 full_count=0

Compilation events (20 events):
Event: 11.315 Thread 0x0000022b29073d20 nmethod 3046 0x0000022b0845dc10 code [0x0000022b0845de40, 0x0000022b0845e4a8]
Event: 11.315 Thread 0x0000022b29073d20 3047   !   3       com.sun.javafx.tk.quantum.QuantumToolkit::pulseFromQueue (19 bytes)
Event: 11.315 Thread 0x0000022b29073d20 nmethod 3047 0x0000022b0845e790 code [0x0000022b0845e9c0, 0x0000022b0845efa8]
Event: 11.315 Thread 0x0000022b29073d20 3048       3       com.sun.javafx.tk.quantum.QuantumToolkit::pulse (6 bytes)
Event: 11.315 Thread 0x0000022b29073d20 nmethod 3048 0x0000022b0845f210 code [0x0000022b0845f3a0, 0x0000022b0845f4e8]
Event: 11.315 Thread 0x0000022b29073d20 3049   !   3       com.sun.javafx.tk.quantum.QuantumToolkit::pulse (152 bytes)
Event: 11.316 Thread 0x0000022b2714bfb0 nmethod 3050 0x0000022b0845f590 code [0x0000022b0845f920, 0x0000022b084617d8]
Event: 11.316 Thread 0x0000022b2714bfb0 3051       3       com.sun.javafx.tk.quantum.QuantumToolkit::endPulseRunning (29 bytes)
Event: 11.316 Thread 0x0000022b29073d20 nmethod 3049 0x0000022b08462190 code [0x0000022b08462480, 0x0000022b08463ac8]
Event: 11.316 Thread 0x0000022b2714bfb0 nmethod 3051 0x0000022b08464310 code [0x0000022b084644e0, 0x0000022b08464778]
Event: 11.347 Thread 0x0000022b271435b0 3052       4       jdk.internal.misc.Unsafe::weakCompareAndSetInt (11 bytes)
Event: 11.347 Thread 0x0000022b271435b0 nmethod 3052 0x0000022b0f478b90 code [0x0000022b0f478d00, 0x0000022b0f478d98]
Event: 11.348 Thread 0x0000022b29073d20 3053       3       com.sun.javafx.css.StyleManager$Cache::getStyleMap (400 bytes)
Event: 11.349 Thread 0x0000022b2714bfb0 3054       3       com.sun.javafx.stage.WindowCloseRequestHandler::dispatchBubblingEvent (23 bytes)
Event: 11.349 Thread 0x0000022b2714bfb0 nmethod 3054 0x0000022b08464890 code [0x0000022b08464a60, 0x0000022b08464e38]
Event: 11.349 Thread 0x0000022b2714bfb0 3055       3       com.sun.javafx.event.BasicEventDispatcher::dispatchBubblingEvent (2 bytes)
Event: 11.349 Thread 0x0000022b2714bfb0 nmethod 3055 0x0000022b08464f90 code [0x0000022b08465120, 0x0000022b08465238]
Event: 11.349 Thread 0x0000022b271435b0 3056       4       javafx.scene.Node::getScene (11 bytes)
Event: 11.350 Thread 0x0000022b271435b0 nmethod 3056 0x0000022b0f478e90 code [0x0000022b0f479020, 0x0000022b0f479138]
Event: 11.350 Thread 0x0000022b29073d20 nmethod 3053 0x0000022b08465310 code [0x0000022b084657c0, 0x0000022b08468638]

GC Heap History (4 events):
Event: 0.304 GC heap before
{Heap before GC invocations=0 (full 0):
 garbage-first heap   total 393216K, used 16384K [0x0000000682400000, 0x0000000800000000)
  region size 4096K, 5 young (20480K), 0 survivors (0K)
 Metaspace       used 4512K, committed 4608K, reserved 1056768K
  class space    used 513K, committed 576K, reserved 1048576K
}
Event: 0.305 GC heap after
{Heap after GC invocations=1 (full 0):
 garbage-first heap   total 393216K, used 2735K [0x0000000682400000, 0x0000000800000000)
  region size 4096K, 1 young (4096K), 1 survivors (4096K)
 Metaspace       used 4512K, committed 4608K, reserved 1056768K
  class space    used 513K, committed 576K, reserved 1048576K
}
Event: 1.530 GC heap before
{Heap before GC invocations=1 (full 0):
 garbage-first heap   total 393216K, used 47791K [0x0000000682400000, 0x0000000800000000)
  region size 4096K, 11 young (45056K), 1 survivors (4096K)
 Metaspace       used 14353K, committed 14528K, reserved 1064960K
  class space    used 2131K, committed 2240K, reserved 1048576K
}
Event: 1.533 GC heap after
{Heap after GC invocations=2 (full 0):
 garbage-first heap   total 393216K, used 17011K [0x0000000682400000, 0x0000000800000000)
  region size 4096K, 2 young (8192K), 2 survivors (8192K)
 Metaspace       used 14353K, committed 14528K, reserved 1064960K
  class space    used 2131K, committed 2240K, reserved 1048576K
}

Deoptimization events (20 events):
Event: 10.143 Thread 0x0000022b2713e190 DEOPT PACKING pc=0x0000022b0f402320 sp=0x0000006bc33f4ff0
Event: 10.143 Thread 0x0000022b2713e190 DEOPT UNPACKING pc=0x0000022b077d23a3 sp=0x0000006bc33f4fc0 mode 2
Event: 10.147 Thread 0x0000022b2713e190 Uncommon trap: trap_request=0xffffff45 fr.pc=0x0000022b0f4371fc relative=0x000000000000515c
Event: 10.147 Thread 0x0000022b2713e190 Uncommon trap: reason=unstable_if action=reinterpret pc=0x0000022b0f4371fc method=java.util.HashMap.removeNode(ILjava/lang/Object;Ljava/lang/Object;ZZ)Ljava/util/HashMap$Node; @ 46 c2
Event: 10.147 Thread 0x0000022b2713e190 DEOPT PACKING pc=0x0000022b0f4371fc sp=0x0000006bc33f4a20
Event: 10.147 Thread 0x0000022b2713e190 DEOPT UNPACKING pc=0x0000022b077d23a3 sp=0x0000006bc33f4880 mode 2
Event: 10.149 Thread 0x0000022b2713e190 Uncommon trap: trap_request=0xffffff45 fr.pc=0x0000022b0f447c5c relative=0x000000000000005c
Event: 10.149 Thread 0x0000022b2713e190 Uncommon trap: reason=unstable_if action=reinterpret pc=0x0000022b0f447c5c method=java.util.Objects.equals(Ljava/lang/Object;Ljava/lang/Object;)Z @ 6 c2
Event: 10.149 Thread 0x0000022b2713e190 DEOPT PACKING pc=0x0000022b0f447c5c sp=0x0000006bc33f53d0
Event: 10.149 Thread 0x0000022b2713e190 DEOPT UNPACKING pc=0x0000022b077d23a3 sp=0x0000006bc33f5370 mode 2
Event: 10.153 Thread 0x0000022b2713e190 Uncommon trap: trap_request=0xffffff45 fr.pc=0x0000022b0f3c1bfc relative=0x0000000000000edc
Event: 10.153 Thread 0x0000022b2713e190 Uncommon trap: reason=unstable_if action=reinterpret pc=0x0000022b0f3c1bfc method=java.util.concurrent.ConcurrentHashMap.putVal(Ljava/lang/Object;Ljava/lang/Object;Z)Ljava/lang/Object; @ 148 c2
Event: 10.153 Thread 0x0000022b2713e190 DEOPT PACKING pc=0x0000022b0f3c1bfc sp=0x0000006bc33f45f0
Event: 10.153 Thread 0x0000022b2713e190 DEOPT UNPACKING pc=0x0000022b077d23a3 sp=0x0000006bc33f4570 mode 2
Event: 10.155 Thread 0x0000022b2713e190 Uncommon trap: trap_request=0xffffff45 fr.pc=0x0000022b0f330218 relative=0x00000000000000f8
Event: 10.155 Thread 0x0000022b2713e190 Uncommon trap: reason=unstable_if action=reinterpret pc=0x0000022b0f330218 method=java.lang.StringLatin1.lastIndexOf([BI[BII)I @ 86 c2
Event: 10.155 Thread 0x0000022b2713e190 DEOPT PACKING pc=0x0000022b0f330218 sp=0x0000006bc33f44d0
Event: 10.155 Thread 0x0000022b2713e190 DEOPT UNPACKING pc=0x0000022b077d23a3 sp=0x0000006bc33f4428 mode 2
Event: 11.284 Thread 0x0000022b2713bb10 DEOPT PACKING pc=0x0000022b08160442 sp=0x0000006bc30fd7d0
Event: 11.284 Thread 0x0000022b2713bb10 DEOPT UNPACKING pc=0x0000022b077d2b43 sp=0x0000006bc30fcc60 mode 0

Classes unloaded (0 events):
No events

Classes redefined (0 events):
No events

Internal exceptions (20 events):
Event: 0.407 Thread 0x0000022b2713e190 Exception <a 'java/lang/ClassNotFoundException'{0x0000000699fac118}: com/sun/glass/ui/win/themes_es_CO> (0x0000000699fac118) 
thrown [t:\workspace\open\src\hotspot\share\prims\jni.cpp, line 535]
Event: 0.447 Thread 0x0000022b2713e190 Exception <a 'java/lang/NoSuchMethodError'{0x00000006994fc2f0}: 'void java.lang.invoke.DirectMethodHandle$Holder.invokeStaticInit(java.lang.Object, java.lang.Object)'> (0x00000006994fc2f0) 
thrown [t:\workspace\open\src\hotspot\share\interpreter\linkResolver.cpp, line 766]
Event: 0.510 Thread 0x0000022b2713e190 Implicit null exception at 0x0000022b0f389890 to 0x0000022b0f389cc4
Event: 0.571 Thread 0x0000022b2713e190 Exception <a 'java/lang/NoSuchMethodError'{0x00000006989e4c10}: 'void java.lang.invoke.DirectMethodHandle$Holder.invokeSpecial(java.lang.Object, java.lang.Object, java.lang.Object, java.lang.Object, java.lang.Object)'> (0x00000006989e4c10) 
thrown [t:\workspace\open\src\hotspot\share\interpreter\linkResolver.cpp, line 766]
Event: 0.572 Thread 0x0000022b2713e190 Exception <a 'java/lang/NoSuchMethodError'{0x00000006989f9698}: 'java.lang.Object java.lang.invoke.DirectMethodHandle$Holder.invokeInterface(java.lang.Object, java.lang.Object, java.lang.Object)'> (0x00000006989f9698) 
thrown [t:\workspace\open\src\hotspot\share\interpreter\linkResolver.cpp, line 766]
Event: 0.573 Thread 0x0000022b2713e190 Exception <a 'java/lang/IncompatibleClassChangeError'{0x00000006989fd020}: Found class java.lang.Object, but interface was expected> (0x00000006989fd020) 
thrown [t:\workspace\open\src\hotspot\share\interpreter\linkResolver.cpp, line 833]
Event: 0.609 Thread 0x0000022b2713e190 Exception <a 'java/lang/NoSuchMethodError'{0x0000000698bed790}: 'java.lang.Object java.lang.invoke.DirectMethodHandle$Holder.newInvokeSpecial(java.lang.Object, java.lang.Object, int)'> (0x0000000698bed790) 
thrown [t:\workspace\open\src\hotspot\share\interpreter\linkResolver.cpp, line 766]
Event: 0.624 Thread 0x0000022b2713bb10 Exception <a 'java/lang/NoSuchMethodError'{0x00000006984f9448}: 'int java.lang.invoke.DirectMethodHandle$Holder.invokeStaticInit(java.lang.Object, java.lang.Object)'> (0x00000006984f9448) 
thrown [t:\workspace\open\src\hotspot\share\interpreter\linkResolver.cpp, line 766]
Event: 1.332 Thread 0x0000022b2713e190 Exception <a 'java/lang/NoSuchMethodError'{0x00000006981ae810}: 'long java.lang.invoke.DirectMethodHandle$Holder.invokeStatic(java.lang.Object, java.lang.Object, java.lang.Object)'> (0x00000006981ae810) 
thrown [t:\workspace\open\src\hotspot\share\interpreter\linkResolver.cpp, line 766]
Event: 1.332 Thread 0x0000022b2713e190 Exception <a 'java/lang/NoSuchMethodError'{0x00000006981b1fb8}: 'long java.lang.invoke.DirectMethodHandle$Holder.invokeStaticInit(java.lang.Object, java.lang.Object, java.lang.Object)'> (0x00000006981b1fb8) 
thrown [t:\workspace\open\src\hotspot\share\interpreter\linkResolver.cpp, line 766]
Event: 1.333 Thread 0x0000022b2713e190 Exception <a 'java/lang/NoSuchMethodError'{0x00000006981c9bc0}: 'java.lang.Object java.lang.invoke.DirectMethodHandle$Holder.newInvokeSpecial(java.lang.Object, java.lang.Object, long)'> (0x00000006981c9bc0) 
thrown [t:\workspace\open\src\hotspot\share\interpreter\linkResolver.cpp, line 766]
Event: 1.333 Thread 0x0000022b2713e190 Exception <a 'java/lang/NoSuchMethodError'{0x00000006981cd730}: 'java.lang.Object java.lang.invoke.Invokers$Holder.linkToTargetMethod(java.lang.Object, long, java.lang.Object)'> (0x00000006981cd730) 
thrown [t:\workspace\open\src\hotspot\share\interpreter\linkResolver.cpp, line 766]
Event: 1.471 Thread 0x0000022b2713e190 Exception <a 'java/lang/ClassNotFoundException'{0x0000000697e01ce8}: com/sun/javafx/scene/control/skin/resources/controls> (0x0000000697e01ce8) 
thrown [t:\workspace\open\src\hotspot\share\prims\jni.cpp, line 535]
Event: 1.472 Thread 0x0000022b2713e190 Exception <a 'java/lang/ClassNotFoundException'{0x0000000697e0ff80}: com/sun/javafx/scene/control/skin/resources/controls_es> (0x0000000697e0ff80) 
thrown [t:\workspace\open\src\hotspot\share\prims\jni.cpp, line 535]
Event: 1.472 Thread 0x0000022b2713e190 Exception <a 'java/lang/ClassNotFoundException'{0x0000000697e1ded8}: com/sun/javafx/scene/control/skin/resources/controls_es_CO> (0x0000000697e1ded8) 
thrown [t:\workspace\open\src\hotspot\share\prims\jni.cpp, line 535]
Event: 2.304 Thread 0x0000022b2713e190 Exception <a 'java/lang/reflect/InvocationTargetException'{0x000000069a0fded0}> (0x000000069a0fded0) 
thrown [t:\workspace\open\src\hotspot\share\runtime\reflection.cpp, line 1121]
Event: 3.671 Thread 0x0000022b2713e190 Exception <a 'java/lang/reflect/InvocationTargetException'{0x000000069a15d3b8}> (0x000000069a15d3b8) 
thrown [t:\workspace\open\src\hotspot\share\runtime\reflection.cpp, line 1121]
Event: 3.942 Thread 0x0000022b2713e190 Exception <a 'java/lang/reflect/InvocationTargetException'{0x000000069a195cd8}> (0x000000069a195cd8) 
thrown [t:\workspace\open\src\hotspot\share\runtime\reflection.cpp, line 1121]
Event: 4.151 Thread 0x0000022b2713e190 Exception <a 'java/lang/reflect/InvocationTargetException'{0x000000069a1cd558}> (0x000000069a1cd558) 
thrown [t:\workspace\open\src\hotspot\share\runtime\reflection.cpp, line 1121]
Event: 6.048 Thread 0x0000022b2713e190 Exception <a 'java/lang/reflect/InvocationTargetException'{0x000000069983f308}> (0x000000069983f308) 
thrown [t:\workspace\open\src\hotspot\share\runtime\reflection.cpp, line 1121]

VM Operations (20 events):
Event: 1.533 Executing VM operation: G1CollectForAllocation done
Event: 2.533 Executing VM operation: Cleanup
Event: 2.533 Executing VM operation: Cleanup done
Event: 3.534 Executing VM operation: Cleanup
Event: 3.534 Executing VM operation: Cleanup done
Event: 4.534 Executing VM operation: Cleanup
Event: 4.534 Executing VM operation: Cleanup done
Event: 5.534 Executing VM operation: Cleanup
Event: 5.534 Executing VM operation: Cleanup done
Event: 6.535 Executing VM operation: Cleanup
Event: 6.535 Executing VM operation: Cleanup done
Event: 7.535 Executing VM operation: Cleanup
Event: 7.535 Executing VM operation: Cleanup done
Event: 9.536 Executing VM operation: Cleanup
Event: 9.536 Executing VM operation: Cleanup done
Event: 10.142 Executing VM operation: HandshakeAllThreads
Event: 10.142 Executing VM operation: HandshakeAllThreads done
Event: 11.142 Executing VM operation: Cleanup
Event: 11.142 Executing VM operation: Cleanup done
Event: 11.353 Executing VM operation: Exit

Events (20 events):
Event: 10.154 loading class sun/text/resources/BreakIteratorInfo done
Event: 10.154 loading class sun/text/resources/BreakIteratorResources
Event: 10.154 loading class sun/util/resources/BreakIteratorResourceBundle
Event: 10.154 loading class sun/util/resources/BreakIteratorResourceBundle done
Event: 10.154 loading class sun/text/resources/BreakIteratorResources done
Event: 10.154 loading class sun/util/resources/Bundles$2
Event: 10.154 loading class sun/util/resources/Bundles$2 done
Event: 10.155 loading class sun/text/RuleBasedBreakIterator
Event: 10.155 loading class sun/text/RuleBasedBreakIterator done
Event: 10.156 loading class sun/text/CompactByteArray
Event: 10.156 loading class sun/text/CompactByteArray done
Event: 10.156 loading class sun/text/SupplementaryCharacterData
Event: 10.156 loading class sun/text/SupplementaryCharacterData done
Event: 10.156 loading class java/text/BreakIterator$BreakIteratorCache
Event: 10.156 loading class java/text/BreakIterator$BreakIteratorCache done
Event: 10.900 Thread 0x0000022b290723d0 Thread exited: 0x0000022b290723d0
Event: 11.352 Thread 0x0000022b327537b0 Thread added: 0x0000022b327537b0
Event: 11.353 Thread 0x0000022b3274dc40 Thread added: 0x0000022b3274dc40
Event: 11.353 Thread 0x0000022b327537b0 Thread exited: 0x0000022b327537b0
Event: 11.353 Thread 0x0000022b3274dc40 Thread exited: 0x0000022b3274dc40


Dynamic libraries:
0x00007ff74bcd0000 - 0x00007ff74bce0000 	C:\Program Files\Java\jdk-17.0.2\bin\java.exe
0x00007fff5fc40000 - 0x00007fff5fe49000 	C:\Windows\SYSTEM32\ntdll.dll
0x00007fff5ee00000 - 0x00007fff5eebd000 	C:\Windows\System32\KERNEL32.DLL
0x00007fff5d3f0000 - 0x00007fff5d769000 	C:\Windows\System32\KERNELBASE.dll
0x00007fff5d920000 - 0x00007fff5da31000 	C:\Windows\System32\ucrtbase.dll
0x00007fff59390000 - 0x00007fff593aa000 	C:\Program Files\Java\jdk-17.0.2\bin\VCRUNTIME140.dll
0x00007fff22340000 - 0x00007fff22358000 	C:\Program Files\Java\jdk-17.0.2\bin\jli.dll
0x00007fff5ec50000 - 0x00007fff5ecfe000 	C:\Windows\System32\ADVAPI32.dll
0x00007fff5eb10000 - 0x00007fff5ebb3000 	C:\Windows\System32\msvcrt.dll
0x00007fff5dd90000 - 0x00007fff5de2e000 	C:\Windows\System32\sechost.dll
0x00007fff5fa30000 - 0x00007fff5fb50000 	C:\Windows\System32\RPCRT4.dll
0x00007fff5de30000 - 0x00007fff5dfdc000 	C:\Windows\System32\USER32.dll
0x00007fff4b610000 - 0x00007fff4b8b5000 	C:\Windows\WinSxS\amd64_microsoft.windows.common-controls_6595b64144ccf1df_6.0.22000.120_none_9d947278b86cc467\COMCTL32.dll
0x00007fff5d130000 - 0x00007fff5d156000 	C:\Windows\System32\win32u.dll
0x00007fff5ea10000 - 0x00007fff5ea39000 	C:\Windows\System32\GDI32.dll
0x00007fff5d2d0000 - 0x00007fff5d3e2000 	C:\Windows\System32\gdi32full.dll
0x00007fff5da40000 - 0x00007fff5dadd000 	C:\Windows\System32\msvcp_win.dll
0x00007fff54ae0000 - 0x00007fff54aea000 	C:\Windows\SYSTEM32\VERSION.dll
0x00007fff5fbc0000 - 0x00007fff5fbf1000 	C:\Windows\System32\IMM32.DLL
0x00007fff59380000 - 0x00007fff5938c000 	C:\Program Files\Java\jdk-17.0.2\bin\vcruntime140_1.dll
0x00007fff49810000 - 0x00007fff4989d000 	C:\Program Files\Java\jdk-17.0.2\bin\msvcp140.dll
0x00007ffec7e10000 - 0x00007ffec89d1000 	C:\Program Files\Java\jdk-17.0.2\bin\server\jvm.dll
0x00007fff5f540000 - 0x00007fff5f548000 	C:\Windows\System32\PSAPI.DLL
0x00007fff55c20000 - 0x00007fff55c53000 	C:\Windows\SYSTEM32\WINMM.dll
0x00007fff59680000 - 0x00007fff59689000 	C:\Windows\SYSTEM32\WSOCK32.dll
0x00007fff5eec0000 - 0x00007fff5ef2f000 	C:\Windows\System32\WS2_32.dll
0x00007fff5c320000 - 0x00007fff5c338000 	C:\Windows\SYSTEM32\kernel.appcore.dll
0x00007fff592c0000 - 0x00007fff592ca000 	C:\Program Files\Java\jdk-17.0.2\bin\jimage.dll
0x00007fff5a7c0000 - 0x00007fff5a9e1000 	C:\Windows\SYSTEM32\DBGHELP.DLL
0x00007fff44ba0000 - 0x00007fff44bd1000 	C:\Windows\SYSTEM32\dbgcore.DLL
0x00007fff5d770000 - 0x00007fff5d7ef000 	C:\Windows\System32\bcryptPrimitives.dll
0x00007fff59310000 - 0x00007fff59335000 	C:\Program Files\Java\jdk-17.0.2\bin\java.dll
0x00007fff498a0000 - 0x00007fff49976000 	C:\Program Files\Java\jdk-17.0.2\bin\jsvml.dll
0x00007fff5e260000 - 0x00007fff5ea0f000 	C:\Windows\System32\SHELL32.dll
0x00007fff5b2b0000 - 0x00007fff5bb18000 	C:\Windows\SYSTEM32\windows.storage.dll
0x00007fff5f6b0000 - 0x00007fff5fa28000 	C:\Windows\System32\combase.dll
0x00007fff5b140000 - 0x00007fff5b2a6000 	C:\Windows\SYSTEM32\wintypes.dll
0x00007fff5dae0000 - 0x00007fff5dbca000 	C:\Windows\System32\SHCORE.dll
0x00007fff5dfe0000 - 0x00007fff5e03d000 	C:\Windows\System32\shlwapi.dll
0x00007fff5d060000 - 0x00007fff5d081000 	C:\Windows\SYSTEM32\profapi.dll
0x00007fff49fc0000 - 0x00007fff49fd9000 	C:\Program Files\Java\jdk-17.0.2\bin\net.dll
0x00007fff57820000 - 0x00007fff5792c000 	C:\Windows\SYSTEM32\WINHTTP.dll
0x00007fff5c750000 - 0x00007fff5c7b7000 	C:\Windows\system32\mswsock.dll
0x00007fff49fa0000 - 0x00007fff49fb6000 	C:\Program Files\Java\jdk-17.0.2\bin\nio.dll
0x00007fff49f80000 - 0x00007fff49f98000 	C:\Program Files\Java\jdk-17.0.2\bin\zip.dll
0x0000022b272c0000 - 0x0000022b272c3000 	C:\Program Files\Java\javafx-sdk-18.0.1\bin\api-ms-win-core-console-l1-1-0.dll
0x0000022b272d0000 - 0x0000022b272d3000 	C:\Program Files\Java\javafx-sdk-18.0.1\bin\api-ms-win-core-console-l1-2-0.dll
0x0000022b272e0000 - 0x0000022b272e3000 	C:\Program Files\Java\javafx-sdk-18.0.1\bin\api-ms-win-core-datetime-l1-1-0.dll
0x0000022b272f0000 - 0x0000022b272f3000 	C:\Program Files\Java\javafx-sdk-18.0.1\bin\api-ms-win-core-debug-l1-1-0.dll
0x0000022b27300000 - 0x0000022b27303000 	C:\Program Files\Java\javafx-sdk-18.0.1\bin\api-ms-win-core-errorhandling-l1-1-0.dll
0x0000022b27310000 - 0x0000022b27314000 	C:\Program Files\Java\javafx-sdk-18.0.1\bin\api-ms-win-core-file-l1-1-0.dll
0x0000022b27320000 - 0x0000022b27323000 	C:\Program Files\Java\javafx-sdk-18.0.1\bin\api-ms-win-core-file-l1-2-0.dll
0x0000022b27330000 - 0x0000022b27333000 	C:\Program Files\Java\javafx-sdk-18.0.1\bin\api-ms-win-core-file-l2-1-0.dll
0x0000022b27340000 - 0x0000022b27343000 	C:\Program Files\Java\javafx-sdk-18.0.1\bin\api-ms-win-core-handle-l1-1-0.dll
0x0000022b27350000 - 0x0000022b27353000 	C:\Program Files\Java\javafx-sdk-18.0.1\bin\api-ms-win-core-heap-l1-1-0.dll
0x0000022b27360000 - 0x0000022b27363000 	C:\Program Files\Java\javafx-sdk-18.0.1\bin\api-ms-win-core-interlocked-l1-1-0.dll
0x0000022b27370000 - 0x0000022b27373000 	C:\Program Files\Java\javafx-sdk-18.0.1\bin\api-ms-win-core-libraryloader-l1-1-0.dll
0x0000022b27380000 - 0x0000022b27383000 	C:\Program Files\Java\javafx-sdk-18.0.1\bin\api-ms-win-core-localization-l1-2-0.dll
0x0000022b27390000 - 0x0000022b27393000 	C:\Program Files\Java\javafx-sdk-18.0.1\bin\api-ms-win-core-memory-l1-1-0.dll
0x0000022b273a0000 - 0x0000022b273a3000 	C:\Program Files\Java\javafx-sdk-18.0.1\bin\api-ms-win-core-namedpipe-l1-1-0.dll
0x0000022b273b0000 - 0x0000022b273b3000 	C:\Program Files\Java\javafx-sdk-18.0.1\bin\api-ms-win-core-processenvironment-l1-1-0.dll
0x0000022b273c0000 - 0x0000022b273c3000 	C:\Program Files\Java\javafx-sdk-18.0.1\bin\api-ms-win-core-processthreads-l1-1-0.dll
0x0000022b273d0000 - 0x0000022b273d3000 	C:\Program Files\Java\javafx-sdk-18.0.1\bin\api-ms-win-core-processthreads-l1-1-1.dll
0x0000022b273e0000 - 0x0000022b273e3000 	C:\Program Files\Java\javafx-sdk-18.0.1\bin\api-ms-win-core-profile-l1-1-0.dll
0x0000022b273f0000 - 0x0000022b273f3000 	C:\Program Files\Java\javafx-sdk-18.0.1\bin\api-ms-win-core-rtlsupport-l1-1-0.dll
0x0000022b297d0000 - 0x0000022b297d3000 	C:\Program Files\Java\javafx-sdk-18.0.1\bin\api-ms-win-core-string-l1-1-0.dll
0x0000022b297e0000 - 0x0000022b297e3000 	C:\Program Files\Java\javafx-sdk-18.0.1\bin\api-ms-win-core-synch-l1-1-0.dll
0x0000022b297f0000 - 0x0000022b297f3000 	C:\Program Files\Java\javafx-sdk-18.0.1\bin\api-ms-win-core-synch-l1-2-0.dll
0x0000022b29800000 - 0x0000022b29803000 	C:\Program Files\Java\javafx-sdk-18.0.1\bin\api-ms-win-core-sysinfo-l1-1-0.dll
0x0000022b29810000 - 0x0000022b29813000 	C:\Program Files\Java\javafx-sdk-18.0.1\bin\api-ms-win-core-timezone-l1-1-0.dll
0x0000022b29820000 - 0x0000022b29823000 	C:\Program Files\Java\javafx-sdk-18.0.1\bin\api-ms-win-core-util-l1-1-0.dll
0x0000022b29830000 - 0x0000022b29833000 	C:\Program Files\Java\javafx-sdk-18.0.1\bin\api-ms-win-crt-conio-l1-1-0.dll
0x0000022b29840000 - 0x0000022b29844000 	C:\Program Files\Java\javafx-sdk-18.0.1\bin\api-ms-win-crt-convert-l1-1-0.dll
0x0000022b29850000 - 0x0000022b29853000 	C:\Program Files\Java\javafx-sdk-18.0.1\bin\api-ms-win-crt-environment-l1-1-0.dll
0x0000022b29860000 - 0x0000022b29863000 	C:\Program Files\Java\javafx-sdk-18.0.1\bin\api-ms-win-crt-filesystem-l1-1-0.dll
0x0000022b29870000 - 0x0000022b29873000 	C:\Program Files\Java\javafx-sdk-18.0.1\bin\api-ms-win-crt-heap-l1-1-0.dll
0x0000022b29880000 - 0x0000022b29883000 	C:\Program Files\Java\javafx-sdk-18.0.1\bin\api-ms-win-crt-locale-l1-1-0.dll
0x0000022b29890000 - 0x0000022b29895000 	C:\Program Files\Java\javafx-sdk-18.0.1\bin\api-ms-win-crt-math-l1-1-0.dll
0x0000022b298a0000 - 0x0000022b298a5000 	C:\Program Files\Java\javafx-sdk-18.0.1\bin\api-ms-win-crt-multibyte-l1-1-0.dll
0x0000022b298b0000 - 0x0000022b298c0000 	C:\Program Files\Java\javafx-sdk-18.0.1\bin\api-ms-win-crt-private-l1-1-0.dll
0x0000022b298c0000 - 0x0000022b298c3000 	C:\Program Files\Java\javafx-sdk-18.0.1\bin\api-ms-win-crt-process-l1-1-0.dll
0x0000022b298d0000 - 0x0000022b298d4000 	C:\Program Files\Java\javafx-sdk-18.0.1\bin\api-ms-win-crt-runtime-l1-1-0.dll
0x0000022b298e0000 - 0x0000022b298e4000 	C:\Program Files\Java\javafx-sdk-18.0.1\bin\api-ms-win-crt-stdio-l1-1-0.dll
0x0000022b298f0000 - 0x0000022b298f4000 	C:\Program Files\Java\javafx-sdk-18.0.1\bin\api-ms-win-crt-string-l1-1-0.dll
0x0000022b29900000 - 0x0000022b29903000 	C:\Program Files\Java\javafx-sdk-18.0.1\bin\api-ms-win-crt-time-l1-1-0.dll
0x0000022b29910000 - 0x0000022b29913000 	C:\Program Files\Java\javafx-sdk-18.0.1\bin\api-ms-win-crt-utility-l1-1-0.dll
0x00007ffebf610000 - 0x00007ffebf70c000 	C:\Program Files\Java\javafx-sdk-18.0.1\bin\ucrtbase.dll
0x00007ffedf7b0000 - 0x00007ffedf7ca000 	C:\Program Files\Java\javafx-sdk-18.0.1\bin\vcruntime140.dll
0x00007fff497e0000 - 0x00007fff497ec000 	C:\Program Files\Java\javafx-sdk-18.0.1\bin\vcruntime140_1.dll
0x00007ffec70b0000 - 0x00007ffec713d000 	C:\Program Files\Java\javafx-sdk-18.0.1\bin\msvcp140.dll
0x00007ffec6bc0000 - 0x00007ffec6bec000 	C:\Program Files\Java\javafx-sdk-18.0.1\bin\prism_d3d.dll
0x00007fff521e0000 - 0x00007fff52386000 	C:\Windows\system32\d3d9.dll
0x00007fff5ad70000 - 0x00007fff5ad9f000 	C:\Windows\SYSTEM32\dwmapi.dll
0x00007fff5a6a0000 - 0x00007fff5a6d8000 	C:\Windows\SYSTEM32\dxcore.dll
0x00007fff5a380000 - 0x00007fff5a42c000 	C:\Windows\system32\uxtheme.dll
0x00007fff532b0000 - 0x00007fff533b7000 	C:\Windows\System32\DriverStore\FileRepository\nvltig.inf_amd64_ce837e92efe9cbc4\nvldumdx.dll
0x00007fff5c9f0000 - 0x00007fff5ca02000 	C:\Windows\SYSTEM32\msasn1.dll
0x00007fff54980000 - 0x00007fff549b1000 	C:\Windows\SYSTEM32\cryptnet.dll
0x00007fff5d160000 - 0x00007fff5d2c2000 	C:\Windows\System32\CRYPT32.dll
0x00007fff52f50000 - 0x00007fff53099000 	C:\Windows\SYSTEM32\drvstore.dll
0x00007fff5ce50000 - 0x00007fff5ce7c000 	C:\Windows\SYSTEM32\devobj.dll
0x00007fff5ce00000 - 0x00007fff5ce4c000 	C:\Windows\SYSTEM32\cfgmgr32.dll
0x00007fff5ca60000 - 0x00007fff5ca9d000 	C:\Windows\SYSTEM32\wldp.dll
0x00007fff5c990000 - 0x00007fff5c99c000 	C:\Windows\SYSTEM32\cryptbase.dll
0x00007fff5d8b0000 - 0x00007fff5d917000 	C:\Windows\System32\WINTRUST.DLL
0x00007fff5eaf0000 - 0x00007fff5eb0f000 	C:\Windows\System32\imagehlp.dll
0x00007fff5c9a0000 - 0x00007fff5c9b8000 	C:\Windows\SYSTEM32\CRYPTSP.dll
0x00007fff5c280000 - 0x00007fff5c2b5000 	C:\Windows\system32\rsaenh.dll
0x00007fff5cb10000 - 0x00007fff5cb37000 	C:\Windows\SYSTEM32\bcrypt.dll
0x00007ffee0330000 - 0x00007ffee1ab8000 	C:\Windows\System32\DriverStore\FileRepository\nvltig.inf_amd64_ce837e92efe9cbc4\nvd3dumx.dll
0x00007fff56f80000 - 0x00007fff56fc4000 	C:\Windows\SYSTEM32\directxdatabasehelper.dll
0x00007fff5aa10000 - 0x00007fff5aa44000 	C:\Windows\SYSTEM32\ntmarta.dll
0x00007ffec5f50000 - 0x00007ffec5f92000 	C:\Program Files\Java\javafx-sdk-18.0.1\bin\glass.dll
0x00007fff5ed00000 - 0x00007fff5edec000 	C:\Windows\System32\COMDLG32.dll
0x00007fff5ef30000 - 0x00007fff5f0ca000 	C:\Windows\System32\ole32.dll
0x00007fff5f550000 - 0x00007fff5f626000 	C:\Windows\System32\OLEAUT32.dll
0x00007fff5dc10000 - 0x00007fff5dd2e000 	C:\Windows\System32\MSCTF.dll
0x00007ffee2240000 - 0x00007ffee2503000 	C:\Windows\system32\nvspcap64.dll
0x00007fff5c7e0000 - 0x00007fff5c804000 	C:\Windows\SYSTEM32\gpapi.dll
0x00007ffed75b0000 - 0x00007ffed75c4000 	C:\Program Files\Java\javafx-sdk-18.0.1\bin\javafx_font.dll
0x00007fff37e10000 - 0x00007fff3806f000 	C:\Windows\SYSTEM32\dwrite.dll
0x00007fff5ea40000 - 0x00007fff5eaef000 	C:\Windows\System32\clbcatq.dll
0x00007fff54af0000 - 0x00007fff54c9e000 	C:\Windows\SYSTEM32\WindowsCodecs.dll
0x00007fff36300000 - 0x00007fff3635d000 	C:\Windows\system32\dataexchange.dll
0x00007fff53ce0000 - 0x00007fff53f46000 	C:\Windows\system32\twinapi.appcore.dll
0x00007fff35fe0000 - 0x00007fff36012000 	C:\Program Files\Common Files\Microsoft Shared\Ink\rtscom.dll
0x00007fff3f140000 - 0x00007fff3f26d000 	C:\Windows\SYSTEM32\textinputframework.dll
0x00007fff59fa0000 - 0x00007fff5a0d2000 	C:\Windows\SYSTEM32\CoreMessaging.dll

dbghelp: loaded successfully - version: 4.0.5 - missing functions: none
symbol engine: initialized successfully - sym options: 0x614 - pdb path: .;C:\Program Files\Java\jdk-17.0.2\bin;C:\Windows\SYSTEM32;C:\Windows\WinSxS\amd64_microsoft.windows.common-controls_6595b64144ccf1df_6.0.22000.120_none_9d947278b86cc467;C:\Program Files\Java\jdk-17.0.2\bin\server;C:\Program Files\Java\javafx-sdk-18.0.1\bin;C:\Windows\System32\DriverStore\FileRepository\nvltig.inf_amd64_ce837e92efe9cbc4;C:\Program Files\Common Files\Microsoft Shared\Ink

VM Arguments:
jvm_args: -Dfile.encoding=UTF-8 --add-modules=javafx.controls,javafx.fxml --module-path=C:\Users\juanc\OneDrive\Documentos\Universidad 3\POO\SEATORA\build\classes;C:\Program Files\Java\javafx-sdk-18.0.1\lib\javafx-swt.jar;C:\Program Files\Java\javafx-sdk-18.0.1\lib\javafx.base.jar;C:\Program Files\Java\javafx-sdk-18.0.1\lib\javafx.controls.jar;C:\Program Files\Java\javafx-sdk-18.0.1\lib\javafx.fxml.jar;C:\Program Files\Java\javafx-sdk-18.0.1\lib\javafx.graphics.jar;C:\Program Files\Java\javafx-sdk-18.0.1\lib\javafx.media.jar;C:\Program Files\Java\javafx-sdk-18.0.1\lib\javafx.swing.jar;C:\Program Files\Java\javafx-sdk-18.0.1\lib\javafx.web.jar 
java_command: start.Seatora
java_class_path (initial): C:\Program Files\Java\javafx-sdk-18.0.1\lib\javafx-swt.jar;C:\Program Files\Java\javafx-sdk-18.0.1\lib\javafx.base.jar;C:\Program Files\Java\javafx-sdk-18.0.1\lib\javafx.controls.jar;C:\Program Files\Java\javafx-sdk-18.0.1\lib\javafx.fxml.jar;C:\Program Files\Java\javafx-sdk-18.0.1\lib\javafx.graphics.jar;C:\Program Files\Java\javafx-sdk-18.0.1\lib\javafx.media.jar;C:\Program Files\Java\javafx-sdk-18.0.1\lib\javafx.swing.jar;C:\Program Files\Java\javafx-sdk-18.0.1\lib\javafx.web.jar;C:\Users\juanc\OneDrive\Documentos\Universidad 3\POO\SEATORA\build\classes
Launcher Type: SUN_STANDARD

[Global flags]
     intx CICompilerCount                          = 12                                        {product} {ergonomic}
     uint ConcGCThreads                            = 3                                         {product} {ergonomic}
     uint G1ConcRefinementThreads                  = 13                                        {product} {ergonomic}
   size_t G1HeapRegionSize                         = 4194304                                   {product} {ergonomic}
    uintx GCDrainStackTargetSize                   = 64                                        {product} {ergonomic}
   size_t InitialHeapSize                          = 402653184                                 {product} {ergonomic}
   size_t MarkStackSize                            = 4194304                                   {product} {ergonomic}
   size_t MaxHeapSize                              = 6404702208                                {product} {ergonomic}
   size_t MaxNewSize                               = 3841982464                                {product} {ergonomic}
   size_t MinHeapDeltaBytes                        = 4194304                                   {product} {ergonomic}
   size_t MinHeapSize                              = 8388608                                   {product} {ergonomic}
    uintx NonNMethodCodeHeapSize                   = 7602480                                {pd product} {ergonomic}
    uintx NonProfiledCodeHeapSize                  = 122027880                              {pd product} {ergonomic}
    uintx ProfiledCodeHeapSize                     = 122027880                              {pd product} {ergonomic}
    uintx ReservedCodeCacheSize                    = 251658240                              {pd product} {ergonomic}
     bool SegmentedCodeCache                       = true                                      {product} {ergonomic}
   size_t SoftMaxHeapSize                          = 6404702208                             {manageable} {ergonomic}
     bool UseCompressedClassPointers               = true                           {product lp64_product} {ergonomic}
     bool UseCompressedOops                        = true                           {product lp64_product} {ergonomic}
     bool UseG1GC                                  = true                                      {product} {ergonomic}
     bool UseLargePagesIndividualAllocation        = false                                  {pd product} {ergonomic}

Logging:
Log output configuration:
 #0: stdout all=off uptime,level,tags
 #1: stderr all=off uptime,level,tags

Environment Variables:
PATH=C:\Program Files\Common Files\Oracle\Java\javapath;C:\Program Files (x86)\Common Files\Oracle\Java\javapath;C:\Windows\system32;C:\Windows;C:\Windows\System32\Wbem;C:\Windows\System32\WindowsPowerShell\v1.0\;C:\Windows\System32\OpenSSH\;C:\Program Files (x86)\NVIDIA Corporation\PhysX\Common;C:\Program Files\NVIDIA Corporation\NVIDIA NvDLISR;C:\Users\juanc\AppData\Local\Microsoft\WindowsApps;;C:\Users\juanc\AppData\Local\Programs\Microsoft VS Code\bin
USERNAME=juanc
OS=Windows_NT
PROCESSOR_IDENTIFIER=AMD64 Family 25 Model 80 Stepping 0, AuthenticAMD



---------------  S Y S T E M  ---------------

OS:
 Windows 11 , 64 bit Build 22000 (10.0.22000.675)
OS uptime: 0 days 7:21 hours

CPU: total 16 (initial active 16) (16 cores per cpu, 2 threads per core) family 25 model 80 stepping 0 microcode 0x0, cx8, cmov, fxsr, ht, mmx, 3dnowpref, sse, sse2, sse3, ssse3, sse4a, sse4.1, sse4.2, popcnt, lzcnt, tsc, tscinvbit, avx, avx2, aes, erms, clmul, bmi1, bmi2, adx, sha, fma, vzeroupper, clflush, clflushopt

Memory: 4k page, system-wide physical 24428M (13125M free)
TotalPageFile size 28012M (AvailPageFile size 10852M)
current process WorkingSet (physical memory assigned to process): 164M, peak: 253M
current process commit charge ("private bytes"): 619M, peak: 699M

vm_info: Java HotSpot(TM) 64-Bit Server VM (17.0.2+8-LTS-86) for windows-amd64 JRE (17.0.2+8-LTS-86), built on Dec  7 2021 21:51:03 by "mach5one" with MS VC++ 16.8 / 16.9 (VS2019)

END.
