#
# A fatal error has been detected by the Java Runtime Environment:
#
#  EXCEPTION_ACCESS_VIOLATION (0xc0000005) at pc=0x00007ff91b6e62d7, pid=19656, tid=6996
#
# JRE version: Java(TM) SE Runtime Environment (17.0.2+8) (build 17.0.2+8-LTS-86)
# Java VM: Java HotSpot(TM) 64-Bit Server VM (17.0.2+8-LTS-86, mixed mode, sharing, tiered, compressed oops, compressed class ptrs, g1 gc, windows-amd64)
# Problematic frame:
# C  [glass.dll+0x262d7]
#
# No core dump will be written. Minidumps are not enabled by default on client versions of Windows
#
# If you would like to submit a bug report, please visit:
#   https://bugreport.java.com/bugreport/crash.jsp
#

---------------  S U M M A R Y ------------

Command Line: -Dfile.encoding=UTF-8 --add-modules=javafx.controls,javafx.fxml --module-path=C:\Users\juanc\OneDrive\Documentos\Universidad 3\POO\SEATORA\build\classes;C:\Program Files\Java\javafx-sdk-18.0.1\lib\javafx-swt.jar;C:\Program Files\Java\javafx-sdk-18.0.1\lib\javafx.base.jar;C:\Program Files\Java\javafx-sdk-18.0.1\lib\javafx.controls.jar;C:\Program Files\Java\javafx-sdk-18.0.1\lib\javafx.fxml.jar;C:\Program Files\Java\javafx-sdk-18.0.1\lib\javafx.graphics.jar;C:\Program Files\Java\javafx-sdk-18.0.1\lib\javafx.media.jar;C:\Program Files\Java\javafx-sdk-18.0.1\lib\javafx.swing.jar;C:\Program Files\Java\javafx-sdk-18.0.1\lib\javafx.web.jar start.Seatora

Host: AMD Ryzen 7 5800H with Radeon Graphics         , 16 cores, 23G,  Windows 11 , 64 bit Build 22000 (10.0.22000.675)
Time: Wed May 25 22:14:13 2022 Hora est. Pacífico, Sudamérica elapsed time: 59.366482 seconds (0d 0h 0m 59s)

---------------  T H R E A D  ---------------

Current thread (0x000001dab101ee30):  VMThread "VM Thread" [stack: 0x000000a5f8900000,0x000000a5f8a00000] [id=6996]

Stack: [0x000000a5f8900000,0x000000a5f8a00000],  sp=0x000000a5f89ff310,  free space=1020k
Native frames: (J=compiled Java code, j=interpreted, Vv=VM code, C=native code)
C  [glass.dll+0x262d7]


siginfo: EXCEPTION_ACCESS_VIOLATION (0xc0000005), reading address 0x0000000000000000


Register to memory mapping:

RIP=0x00007ff91b6e62d7 glass.dll
RAX=0x0 is NULL
RBX=0x000001dab1032af8 is a global jni handle
RCX=0x000001dab101ee30 points into unknown readable memory: 0x00007ff8c679e890 | 90 e8 79 c6 f8 7f 00 00
RDX=0x000000a5f89ff310 points into unknown readable memory: 0x0000000000000000 | 00 00 00 00 00 00 00 00
RSP=0x000000a5f89ff310 points into unknown readable memory: 0x0000000000000000 | 00 00 00 00 00 00 00 00
RBP=0x000001dab2b5cbc8 points into unknown readable memory: 0x0000c1482e4fe679 | 79 e6 4f 2e 48 c1 00 00
RSI=0x000001dab2b5cba0 points into unknown readable memory: 0xb800c1b7dc793a14 | 14 3a 79 dc b7 c1 00 b8
RDI=0x0000c1482e4fe679 is an unknown value
R8 =0x0000000000010002 is an unknown value
R9 =0x0000c1482e4fe679 is an unknown value
R10=0x85f13e9656da4870 is an unknown value
R11=0x000000a5f89ff2a0 points into unknown readable memory: 0x000001dab2b5cba0 | a0 cb b5 b2 da 01 00 00
R12=0x00007ff91b6e3bc4 glass.dll
R13=0x00007ff8c69449d0 jvm.dll
R14=0x000000a5f89ff418 points into unknown readable memory: 0x000000a5f89ff400 | 00 f4 9f f8 a5 00 00 00
R15=0x000001dab2b5cba0 points into unknown readable memory: 0xb800c1b7dc793a14 | 14 3a 79 dc b7 c1 00 b8


Registers:
RAX=0x0000000000000000, RBX=0x000001dab1032af8, RCX=0x000001dab101ee30, RDX=0x000000a5f89ff310
RSP=0x000000a5f89ff310, RBP=0x000001dab2b5cbc8, RSI=0x000001dab2b5cba0, RDI=0x0000c1482e4fe679
R8 =0x0000000000010002, R9 =0x0000c1482e4fe679, R10=0x85f13e9656da4870, R11=0x000000a5f89ff2a0
R12=0x00007ff91b6e3bc4, R13=0x00007ff8c69449d0, R14=0x000000a5f89ff418, R15=0x000001dab2b5cba0
RIP=0x00007ff91b6e62d7, EFLAGS=0x0000000000010202

Top of Stack: (sp=0x000000a5f89ff310)
0x000000a5f89ff310:   0000000000000000 000001dab2b5cba0
0x000000a5f89ff320:   00007ff8c69449d0 00007ff91b6e3bc4
0x000000a5f89ff330:   000001dab2b5cba8 00007ff95a64bea0
0x000000a5f89ff340:   0000c1482e4fe679 000001da00000000
0x000000a5f89ff350:   000001dab2b5cbc8 000001dab2b5cba0
0x000000a5f89ff360:   fffffffffffffffe 0000000000000000
0x000000a5f89ff370:   0000000000000001 00007ff91b6c0000
0x000000a5f89ff380:   000000a5f89ff408 00007ff95a64bdb7
0x000000a5f89ff390:   0000000000000000 000000a5f89ff418
0x000000a5f89ff3a0:   000000a5f89ff6f0 00007ff95a7312b0
0x000000a5f89ff3b0:   0000000000000001 00007ff95a64bd6d
0x000000a5f89ff3c0:   0000000000000000 0000000000000001
0x000000a5f89ff3d0:   0000000000000000 000000a5f89ff408
0x000000a5f89ff3e0:   fffffffffffffffe 000000a500000000
0x000000a5f89ff3f0:   ffffffff00000001 00007ff91b6e3a51
0x000000a5f89ff400:   00007ff91b6f9f88 00007ff800000002 

Instructions: (pc=0x00007ff91b6e62d7)
0x00007ff91b6e61d7:   8b 4d 58 e8 2d cf ff ff 48 8b 4d 60 e8 24 cf ff
0x00007ff91b6e61e7:   ff 48 8b 95 80 00 00 00 48 8b 8d 18 01 00 00 e8
0x00007ff91b6e61f7:   16 c4 ff ff 33 d2 33 c9 e8 5c e1 ff ff 90 48 89
0x00007ff91b6e6207:   54 24 10 55 48 83 ec 20 48 8b ea 48 b8 00 00 00
0x00007ff91b6e6217:   00 00 00 00 00 48 83 c4 20 5d c3 cc 40 55 48 8b
0x00007ff91b6e6227:   ea 48 8b 01 33 c9 81 38 05 00 00 c0 0f 94 c1 8b
0x00007ff91b6e6237:   c1 5d c3 cc 40 55 48 83 ec 20 48 8b ea 8a 4d 40
0x00007ff91b6e6247:   48 83 c4 20 5d e9 17 d3 ff ff cc 40 55 48 83 ec
0x00007ff91b6e6257:   20 48 8b ea 8a 4d 20 e8 05 d3 ff ff 90 48 83 c4
0x00007ff91b6e6267:   20 5d c3 cc 40 55 48 83 ec 20 48 8b ea 48 83 c4
0x00007ff91b6e6277:   20 5d e9 66 d1 ff ff cc 40 55 48 83 ec 30 48 8b
0x00007ff91b6e6287:   ea 48 8b 01 8b 10 48 89 4c 24 28 89 54 24 20 4c
0x00007ff91b6e6297:   8d 0d 07 d6 ff ff 4c 8b 45 70 8b 55 68 48 8b 4d
0x00007ff91b6e62a7:   60 e8 a7 d0 ff ff 90 48 83 c4 30 5d c3 cc cc cc
0x00007ff91b6e62b7:   cc cc cc cc cc cc cc cc cc 40 53 48 83 ec 20 48
0x00007ff91b6e62c7:   8b 1d bb 36 01 00 48 85 db 74 16 e8 59 8b ff ff
0x00007ff91b6e62d7:   4c 8b 00 48 8b d3 48 8b c8 41 ff 90 b0 00 00 00
0x00007ff91b6e62e7:   90 48 83 c4 20 5b c3 cc cc 40 53 48 83 ec 20 48
0x00007ff91b6e62f7:   8b 1d 2b 38 01 00 48 85 db 74 57 b8 ff ff ff ff
0x00007ff91b6e6307:   f0 0f c1 43 10 83 f8 01 75 3d 48 85 db 74 38 48
0x00007ff91b6e6317:   8b 0b 48 85 c9 74 0d ff 15 84 0f 00 00 48 c7 03
0x00007ff91b6e6327:   00 00 00 00 48 8b 4b 08 48 85 c9 74 0d e8 d3 cd
0x00007ff91b6e6337:   ff ff 48 c7 43 08 00 00 00 00 ba 18 00 00 00 48
0x00007ff91b6e6347:   8b cb e8 be cd ff ff 48 c7 05 cf 37 01 00 00 00
0x00007ff91b6e6357:   00 00 48 83 c4 20 5b c3 cc 40 53 48 83 ec 20 48
0x00007ff91b6e6367:   8b 1d 9b 37 01 00 48 85 db 74 57 b8 ff ff ff ff
0x00007ff91b6e6377:   f0 0f c1 43 10 83 f8 01 75 3d 48 85 db 74 38 48
0x00007ff91b6e6387:   8b 0b 48 85 c9 74 0d ff 15 14 0f 00 00 48 c7 03
0x00007ff91b6e6397:   00 00 00 00 48 8b 4b 08 48 85 c9 74 0d e8 63 cd
0x00007ff91b6e63a7:   ff ff 48 c7 43 08 00 00 00 00 ba 18 00 00 00 48
0x00007ff91b6e63b7:   8b cb e8 4e cd ff ff 48 c7 05 3f 37 01 00 00 00
0x00007ff91b6e63c7:   00 00 48 83 c4 20 5b c3 cc 40 53 48 83 ec 20 48 


Stack slot to memory mapping:
stack at sp + 0 slots: 0x0 is NULL
stack at sp + 1 slots: 0x000001dab2b5cba0 points into unknown readable memory: 0xb800c1b7dc793a14 | 14 3a 79 dc b7 c1 00 b8
stack at sp + 2 slots: 0x00007ff8c69449d0 jvm.dll
stack at sp + 3 slots: 0x00007ff91b6e3bc4 glass.dll
stack at sp + 4 slots: 0x000001dab2b5cba8 points into unknown readable memory: 0x0000c1482e4fe679 | 79 e6 4f 2e 48 c1 00 00
stack at sp + 5 slots: 0x00007ff95a64bea0 ucrtbase.dll
stack at sp + 6 slots: 0x0000c1482e4fe679 is an unknown value
stack at sp + 7 slots: 0x000001da00000000 is an unknown value

VM_Operation (0x000000a5fa2f68c0): Exit, mode: safepoint, requested by thread 0x000001dab103afd0


---------------  P R O C E S S  ---------------

Threads class SMR info:
_java_thread_list=0x000001dab1ec2580, length=19, elements={
0x000001da86d3e150, 0x000001dab1022920, 0x000001dab10255a0, 0x000001dab1038950,
0x000001dab1039c90, 0x000001dab103a160, 0x000001dab103b4a0, 0x000001dab103e070,
0x000001dab104a020, 0x000001dab1078220, 0x000001dab103ab00, 0x000001dab103a630,
0x000001dab103b970, 0x000001dab103be40, 0x000001dab103afd0, 0x000001dab1038e20,
0x000001dab10392f0, 0x000001dabd19be10, 0x000001dabd19cc80
}

Java Threads: ( => current thread )
  0x000001da86d3e150 JavaThread "main" [_thread_blocked, id=20572, stack(0x000000a5f8300000,0x000000a5f8400000)]
  0x000001dab1022920 JavaThread "Reference Handler" daemon [_thread_blocked, id=13512, stack(0x000000a5f8a00000,0x000000a5f8b00000)]
  0x000001dab10255a0 JavaThread "Finalizer" daemon [_thread_blocked, id=14556, stack(0x000000a5f8b00000,0x000000a5f8c00000)]
  0x000001dab1038950 JavaThread "Signal Dispatcher" daemon [_thread_blocked, id=18596, stack(0x000000a5f8c00000,0x000000a5f8d00000)]
  0x000001dab1039c90 JavaThread "Attach Listener" daemon [_thread_blocked, id=20652, stack(0x000000a5f8d00000,0x000000a5f8e00000)]
  0x000001dab103a160 JavaThread "Service Thread" daemon [_thread_blocked, id=18352, stack(0x000000a5f8e00000,0x000000a5f8f00000)]
  0x000001dab103b4a0 JavaThread "Monitor Deflation Thread" daemon [_thread_blocked, id=21064, stack(0x000000a5f8f00000,0x000000a5f9000000)]
  0x000001dab103e070 JavaThread "C2 CompilerThread0" daemon [_thread_blocked, id=7852, stack(0x000000a5f9000000,0x000000a5f9100000)]
  0x000001dab104a020 JavaThread "C1 CompilerThread0" daemon [_thread_blocked, id=10244, stack(0x000000a5f9100000,0x000000a5f9200000)]
  0x000001dab1078220 JavaThread "Sweeper thread" daemon [_thread_blocked, id=20816, stack(0x000000a5f9200000,0x000000a5f9300000)]
  0x000001dab103ab00 JavaThread "Common-Cleaner" daemon [_thread_blocked, id=11000, stack(0x000000a5f9400000,0x000000a5f9500000)]
  0x000001dab103a630 JavaThread "Notification Thread" daemon [_thread_blocked, id=6584, stack(0x000000a5f9d00000,0x000000a5f9e00000)]
  0x000001dab103b970 JavaThread "QuantumRenderer-0" daemon [_thread_blocked, id=7956, stack(0x000000a5f9f00000,0x000000a5fa000000)]
  0x000001dab103be40 JavaThread "InvokeLaterDispatcher" daemon [_thread_blocked, id=6568, stack(0x000000a5fa100000,0x000000a5fa200000)]
  0x000001dab103afd0 JavaThread "JavaFX Application Thread" [_thread_blocked, id=2700, stack(0x000000a5fa200000,0x000000a5fa300000)]
  0x000001dab1038e20 JavaThread "JavaFX-Launcher" [_thread_blocked, id=3028, stack(0x000000a5fa400000,0x000000a5fa500000)]
  0x000001dab10392f0 JavaThread "Thread-2" daemon [_thread_in_native, id=21652, stack(0x000000a5f9c00000,0x000000a5f9d00000)]
  0x000001dabd19be10 JavaThread "Prism Font Disposer" daemon [_thread_blocked, id=4340, stack(0x000000a5fad00000,0x000000a5fae00000)]
  0x000001dabd19cc80 JavaThread "Cleaner-0" daemon [_thread_blocked, id=1480, stack(0x000000a5fb1a0000,0x000000a5fb2a0000)]

Other Threads:
=>0x000001dab101ee30 VMThread "VM Thread" [stack: 0x000000a5f8900000,0x000000a5f8a00000] [id=6996]
  0x000001da86d9fe50 GCTaskThread "GC Thread#0" [stack: 0x000000a5f8400000,0x000000a5f8500000] [id=22472]
  0x000001dab2ef4b60 GCTaskThread "GC Thread#1" [stack: 0x000000a5fa500000,0x000000a5fa600000] [id=19436]
  0x000001dab2ef4e10 GCTaskThread "GC Thread#2" [stack: 0x000000a5fa600000,0x000000a5fa700000] [id=20716]
  0x000001dab2ef54d0 GCTaskThread "GC Thread#3" [stack: 0x000000a5fa700000,0x000000a5fa800000] [id=14868]
  0x000001dab3020c40 GCTaskThread "GC Thread#4" [stack: 0x000000a5fa800000,0x000000a5fa900000] [id=13180]
  0x000001dab3029310 GCTaskThread "GC Thread#5" [stack: 0x000000a5fa900000,0x000000a5faa00000] [id=12872]
  0x000001dab30295c0 GCTaskThread "GC Thread#6" [stack: 0x000000a5faa00000,0x000000a5fab00000] [id=20520]
  0x000001dab302a090 GCTaskThread "GC Thread#7" [stack: 0x000000a5fab00000,0x000000a5fac00000] [id=7816]
  0x000001dab302af70 GCTaskThread "GC Thread#8" [stack: 0x000000a5fac00000,0x000000a5fad00000] [id=3460]
  0x000001dabcf96560 GCTaskThread "GC Thread#9" [stack: 0x000000a5f9900000,0x000000a5f9a00000] [id=3256]
  0x000001da86dacb60 ConcurrentGCThread "G1 Main Marker" terminated
  0x000001da86dadc10 ConcurrentGCThread "G1 Conc#0" [stack: 0x000000a5f8600000,0x000000a5f8700000] [id=21060]
  0x000001da86e16c80 ConcurrentGCThread "G1 Refine#0" terminated
  0x000001dab0ee2b00 ConcurrentGCThread "G1 Service" terminated

Threads with active compile tasks:

VM state: at safepoint (shutting down)

VM Mutex/Monitor currently owned by a thread:  ([mutex/lock_event])
[0x000001da86d3a300] Threads_lock - owner thread: 0x000001dab101ee30
[0x000001da86d3b2c0] Heap_lock - owner thread: 0x000001dab103afd0

Heap address: 0x0000000682400000, size: 6108 MB, Compressed Oops mode: Zero based, Oop shift amount: 3

CDS archive(s) mapped at: [0x0000000800000000-0x0000000800bc0000-0x0000000800bc0000), size 12320768, SharedBaseAddress: 0x0000000800000000, ArchiveRelocationMode: 0.
Compressed class space mapped at: 0x0000000800c00000-0x0000000840c00000, reserved size: 1073741824
Narrow klass base: 0x0000000800000000, Narrow klass shift: 0, Narrow klass range: 0x100000000

GC Precious Log:
 CPUs: 16 total, 16 available
 Memory: 24428M
 Large Page Support: Disabled
 NUMA Support: Disabled
 Compressed Oops: Enabled (Zero based)
 Heap Region Size: 4M
 Heap Min Capacity: 8M
 Heap Initial Capacity: 384M
 Heap Max Capacity: 6108M
 Pre-touch: Disabled
 Parallel Workers: 13
 Concurrent Workers: 3
 Concurrent Refinement Workers: 13
 Periodic GC: Disabled

Heap:
 garbage-first heap   total 393216K, used 90857K [0x0000000682400000, 0x0000000800000000)
  region size 4096K, 18 young (73728K), 2 survivors (8192K)
 Metaspace       used 18839K, committed 19136K, reserved 1073152K
  class space    used 2674K, committed 2816K, reserved 1048576K

Heap Regions: E=young(eden), S=young(survivor), O=old, HS=humongous(starts), HC=humongous(continues), CS=collection set, F=free, OA=open archive, CA=closed archive, TAMS=top-at-mark-start (previous, next)
|   0|0x0000000682400000, 0x0000000682800000, 0x0000000682800000|100%|HS|  |TAMS 0x0000000682400000, 0x0000000682400000| Complete 
|   1|0x0000000682800000, 0x0000000682c00000, 0x0000000682c00000|100%|HS|  |TAMS 0x0000000682800000, 0x0000000682800000| Complete 
|   2|0x0000000682c00000, 0x0000000682cba400, 0x0000000683000000| 18%| O|  |TAMS 0x0000000682c00000, 0x0000000682c00000| Untracked 
|   3|0x0000000683000000, 0x0000000683400000, 0x0000000683400000|100%|HS|  |TAMS 0x0000000683000000, 0x0000000683000000| Complete 
|   4|0x0000000683400000, 0x0000000683800000, 0x0000000683800000|100%|HS|  |TAMS 0x0000000683400000, 0x0000000683400000| Complete 
|   5|0x0000000683800000, 0x0000000683c00000, 0x0000000683c00000|100%|HS|  |TAMS 0x0000000683800000, 0x0000000683800000| Complete 
|   6|0x0000000683c00000, 0x0000000683c00000, 0x0000000684000000|  0%| F|  |TAMS 0x0000000683c00000, 0x0000000683c00000| Untracked 
|   7|0x0000000684000000, 0x0000000684000000, 0x0000000684400000|  0%| F|  |TAMS 0x0000000684000000, 0x0000000684000000| Untracked 
|   8|0x0000000684400000, 0x0000000684400000, 0x0000000684800000|  0%| F|  |TAMS 0x0000000684400000, 0x0000000684400000| Untracked 
|   9|0x0000000684800000, 0x0000000684800000, 0x0000000684c00000|  0%| F|  |TAMS 0x0000000684800000, 0x0000000684800000| Untracked 
|  10|0x0000000684c00000, 0x0000000684c00000, 0x0000000685000000|  0%| F|  |TAMS 0x0000000684c00000, 0x0000000684c00000| Untracked 
|  11|0x0000000685000000, 0x0000000685000000, 0x0000000685400000|  0%| F|  |TAMS 0x0000000685000000, 0x0000000685000000| Untracked 
|  12|0x0000000685400000, 0x0000000685400000, 0x0000000685800000|  0%| F|  |TAMS 0x0000000685400000, 0x0000000685400000| Untracked 
|  13|0x0000000685800000, 0x0000000685800000, 0x0000000685c00000|  0%| F|  |TAMS 0x0000000685800000, 0x0000000685800000| Untracked 
|  14|0x0000000685c00000, 0x0000000685c00000, 0x0000000686000000|  0%| F|  |TAMS 0x0000000685c00000, 0x0000000685c00000| Untracked 
|  15|0x0000000686000000, 0x0000000686000000, 0x0000000686400000|  0%| F|  |TAMS 0x0000000686000000, 0x0000000686000000| Untracked 
|  16|0x0000000686400000, 0x0000000686400000, 0x0000000686800000|  0%| F|  |TAMS 0x0000000686400000, 0x0000000686400000| Untracked 
|  17|0x0000000686800000, 0x0000000686800000, 0x0000000686c00000|  0%| F|  |TAMS 0x0000000686800000, 0x0000000686800000| Untracked 
|  18|0x0000000686c00000, 0x0000000686c00000, 0x0000000687000000|  0%| F|  |TAMS 0x0000000686c00000, 0x0000000686c00000| Untracked 
|  19|0x0000000687000000, 0x0000000687000000, 0x0000000687400000|  0%| F|  |TAMS 0x0000000687000000, 0x0000000687000000| Untracked 
|  20|0x0000000687400000, 0x0000000687400000, 0x0000000687800000|  0%| F|  |TAMS 0x0000000687400000, 0x0000000687400000| Untracked 
|  21|0x0000000687800000, 0x0000000687800000, 0x0000000687c00000|  0%| F|  |TAMS 0x0000000687800000, 0x0000000687800000| Untracked 
|  22|0x0000000687c00000, 0x0000000687c00000, 0x0000000688000000|  0%| F|  |TAMS 0x0000000687c00000, 0x0000000687c00000| Untracked 
|  23|0x0000000688000000, 0x0000000688000000, 0x0000000688400000|  0%| F|  |TAMS 0x0000000688000000, 0x0000000688000000| Untracked 
|  24|0x0000000688400000, 0x0000000688400000, 0x0000000688800000|  0%| F|  |TAMS 0x0000000688400000, 0x0000000688400000| Untracked 
|  25|0x0000000688800000, 0x0000000688800000, 0x0000000688c00000|  0%| F|  |TAMS 0x0000000688800000, 0x0000000688800000| Untracked 
|  26|0x0000000688c00000, 0x0000000688c00000, 0x0000000689000000|  0%| F|  |TAMS 0x0000000688c00000, 0x0000000688c00000| Untracked 
|  27|0x0000000689000000, 0x0000000689000000, 0x0000000689400000|  0%| F|  |TAMS 0x0000000689000000, 0x0000000689000000| Untracked 
|  28|0x0000000689400000, 0x0000000689400000, 0x0000000689800000|  0%| F|  |TAMS 0x0000000689400000, 0x0000000689400000| Untracked 
|  29|0x0000000689800000, 0x0000000689800000, 0x0000000689c00000|  0%| F|  |TAMS 0x0000000689800000, 0x0000000689800000| Untracked 
|  30|0x0000000689c00000, 0x0000000689c00000, 0x000000068a000000|  0%| F|  |TAMS 0x0000000689c00000, 0x0000000689c00000| Untracked 
|  31|0x000000068a000000, 0x000000068a000000, 0x000000068a400000|  0%| F|  |TAMS 0x000000068a000000, 0x000000068a000000| Untracked 
|  32|0x000000068a400000, 0x000000068a400000, 0x000000068a800000|  0%| F|  |TAMS 0x000000068a400000, 0x000000068a400000| Untracked 
|  33|0x000000068a800000, 0x000000068a800000, 0x000000068ac00000|  0%| F|  |TAMS 0x000000068a800000, 0x000000068a800000| Untracked 
|  34|0x000000068ac00000, 0x000000068ac00000, 0x000000068b000000|  0%| F|  |TAMS 0x000000068ac00000, 0x000000068ac00000| Untracked 
|  35|0x000000068b000000, 0x000000068b000000, 0x000000068b400000|  0%| F|  |TAMS 0x000000068b000000, 0x000000068b000000| Untracked 
|  36|0x000000068b400000, 0x000000068b400000, 0x000000068b800000|  0%| F|  |TAMS 0x000000068b400000, 0x000000068b400000| Untracked 
|  37|0x000000068b800000, 0x000000068b800000, 0x000000068bc00000|  0%| F|  |TAMS 0x000000068b800000, 0x000000068b800000| Untracked 
|  38|0x000000068bc00000, 0x000000068bc00000, 0x000000068c000000|  0%| F|  |TAMS 0x000000068bc00000, 0x000000068bc00000| Untracked 
|  39|0x000000068c000000, 0x000000068c000000, 0x000000068c400000|  0%| F|  |TAMS 0x000000068c000000, 0x000000068c000000| Untracked 
|  40|0x000000068c400000, 0x000000068c400000, 0x000000068c800000|  0%| F|  |TAMS 0x000000068c400000, 0x000000068c400000| Untracked 
|  41|0x000000068c800000, 0x000000068c800000, 0x000000068cc00000|  0%| F|  |TAMS 0x000000068c800000, 0x000000068c800000| Untracked 
|  42|0x000000068cc00000, 0x000000068cc00000, 0x000000068d000000|  0%| F|  |TAMS 0x000000068cc00000, 0x000000068cc00000| Untracked 
|  43|0x000000068d000000, 0x000000068d000000, 0x000000068d400000|  0%| F|  |TAMS 0x000000068d000000, 0x000000068d000000| Untracked 
|  44|0x000000068d400000, 0x000000068d400000, 0x000000068d800000|  0%| F|  |TAMS 0x000000068d400000, 0x000000068d400000| Untracked 
|  45|0x000000068d800000, 0x000000068d800000, 0x000000068dc00000|  0%| F|  |TAMS 0x000000068d800000, 0x000000068d800000| Untracked 
|  46|0x000000068dc00000, 0x000000068dc00000, 0x000000068e000000|  0%| F|  |TAMS 0x000000068dc00000, 0x000000068dc00000| Untracked 
|  47|0x000000068e000000, 0x000000068e000000, 0x000000068e400000|  0%| F|  |TAMS 0x000000068e000000, 0x000000068e000000| Untracked 
|  48|0x000000068e400000, 0x000000068e400000, 0x000000068e800000|  0%| F|  |TAMS 0x000000068e400000, 0x000000068e400000| Untracked 
|  49|0x000000068e800000, 0x000000068e800000, 0x000000068ec00000|  0%| F|  |TAMS 0x000000068e800000, 0x000000068e800000| Untracked 
|  50|0x000000068ec00000, 0x000000068ec00000, 0x000000068f000000|  0%| F|  |TAMS 0x000000068ec00000, 0x000000068ec00000| Untracked 
|  51|0x000000068f000000, 0x000000068f000000, 0x000000068f400000|  0%| F|  |TAMS 0x000000068f000000, 0x000000068f000000| Untracked 
|  52|0x000000068f400000, 0x000000068f400000, 0x000000068f800000|  0%| F|  |TAMS 0x000000068f400000, 0x000000068f400000| Untracked 
|  53|0x000000068f800000, 0x000000068f800000, 0x000000068fc00000|  0%| F|  |TAMS 0x000000068f800000, 0x000000068f800000| Untracked 
|  54|0x000000068fc00000, 0x000000068fc00000, 0x0000000690000000|  0%| F|  |TAMS 0x000000068fc00000, 0x000000068fc00000| Untracked 
|  55|0x0000000690000000, 0x0000000690000000, 0x0000000690400000|  0%| F|  |TAMS 0x0000000690000000, 0x0000000690000000| Untracked 
|  56|0x0000000690400000, 0x0000000690400000, 0x0000000690800000|  0%| F|  |TAMS 0x0000000690400000, 0x0000000690400000| Untracked 
|  57|0x0000000690800000, 0x0000000690800000, 0x0000000690c00000|  0%| F|  |TAMS 0x0000000690800000, 0x0000000690800000| Untracked 
|  58|0x0000000690c00000, 0x0000000690c00000, 0x0000000691000000|  0%| F|  |TAMS 0x0000000690c00000, 0x0000000690c00000| Untracked 
|  59|0x0000000691000000, 0x0000000691000000, 0x0000000691400000|  0%| F|  |TAMS 0x0000000691000000, 0x0000000691000000| Untracked 
|  60|0x0000000691400000, 0x0000000691400000, 0x0000000691800000|  0%| F|  |TAMS 0x0000000691400000, 0x0000000691400000| Untracked 
|  61|0x0000000691800000, 0x0000000691800000, 0x0000000691c00000|  0%| F|  |TAMS 0x0000000691800000, 0x0000000691800000| Untracked 
|  62|0x0000000691c00000, 0x0000000691c00000, 0x0000000692000000|  0%| F|  |TAMS 0x0000000691c00000, 0x0000000691c00000| Untracked 
|  63|0x0000000692000000, 0x0000000692000000, 0x0000000692400000|  0%| F|  |TAMS 0x0000000692000000, 0x0000000692000000| Untracked 
|  64|0x0000000692400000, 0x0000000692400000, 0x0000000692800000|  0%| F|  |TAMS 0x0000000692400000, 0x0000000692400000| Untracked 
|  65|0x0000000692800000, 0x0000000692800000, 0x0000000692c00000|  0%| F|  |TAMS 0x0000000692800000, 0x0000000692800000| Untracked 
|  66|0x0000000692c00000, 0x0000000692c00000, 0x0000000693000000|  0%| F|  |TAMS 0x0000000692c00000, 0x0000000692c00000| Untracked 
|  67|0x0000000693000000, 0x0000000693000000, 0x0000000693400000|  0%| F|  |TAMS 0x0000000693000000, 0x0000000693000000| Untracked 
|  68|0x0000000693400000, 0x0000000693400000, 0x0000000693800000|  0%| F|  |TAMS 0x0000000693400000, 0x0000000693400000| Untracked 
|  69|0x0000000693800000, 0x0000000693800000, 0x0000000693c00000|  0%| F|  |TAMS 0x0000000693800000, 0x0000000693800000| Untracked 
|  70|0x0000000693c00000, 0x0000000693c00000, 0x0000000694000000|  0%| F|  |TAMS 0x0000000693c00000, 0x0000000693c00000| Untracked 
|  71|0x0000000694000000, 0x0000000694000000, 0x0000000694400000|  0%| F|  |TAMS 0x0000000694000000, 0x0000000694000000| Untracked 
|  72|0x0000000694400000, 0x0000000694400000, 0x0000000694800000|  0%| F|  |TAMS 0x0000000694400000, 0x0000000694400000| Untracked 
|  73|0x0000000694800000, 0x0000000694800000, 0x0000000694c00000|  0%| F|  |TAMS 0x0000000694800000, 0x0000000694800000| Untracked 
|  74|0x0000000694c00000, 0x0000000694c00000, 0x0000000695000000|  0%| F|  |TAMS 0x0000000694c00000, 0x0000000694c00000| Untracked 
|  75|0x0000000695000000, 0x0000000695000000, 0x0000000695400000|  0%| F|  |TAMS 0x0000000695000000, 0x0000000695000000| Untracked 
|  76|0x0000000695400000, 0x0000000695400000, 0x0000000695800000|  0%| F|  |TAMS 0x0000000695400000, 0x0000000695400000| Untracked 
|  77|0x0000000695800000, 0x0000000695800000, 0x0000000695c00000|  0%| F|  |TAMS 0x0000000695800000, 0x0000000695800000| Untracked 
|  78|0x0000000695c00000, 0x0000000695c95b78, 0x0000000696000000| 14%| E|  |TAMS 0x0000000695c00000, 0x0000000695c00000| Complete 
|  79|0x0000000696000000, 0x0000000696400000, 0x0000000696400000|100%| E|CS|TAMS 0x0000000696000000, 0x0000000696000000| Complete 
|  80|0x0000000696400000, 0x0000000696800000, 0x0000000696800000|100%| E|CS|TAMS 0x0000000696400000, 0x0000000696400000| Complete 
|  81|0x0000000696800000, 0x0000000696c00000, 0x0000000696c00000|100%| E|CS|TAMS 0x0000000696800000, 0x0000000696800000| Complete 
|  82|0x0000000696c00000, 0x0000000697000000, 0x0000000697000000|100%| E|CS|TAMS 0x0000000696c00000, 0x0000000696c00000| Complete 
|  83|0x0000000697000000, 0x0000000697400000, 0x0000000697400000|100%| S|CS|TAMS 0x0000000697000000, 0x0000000697000000| Complete 
|  84|0x0000000697400000, 0x0000000697800000, 0x0000000697800000|100%| S|CS|TAMS 0x0000000697400000, 0x0000000697400000| Complete 
|  85|0x0000000697800000, 0x0000000697c00000, 0x0000000697c00000|100%| E|CS|TAMS 0x0000000697800000, 0x0000000697800000| Complete 
|  86|0x0000000697c00000, 0x0000000698000000, 0x0000000698000000|100%| E|CS|TAMS 0x0000000697c00000, 0x0000000697c00000| Complete 
|  87|0x0000000698000000, 0x0000000698400000, 0x0000000698400000|100%| E|CS|TAMS 0x0000000698000000, 0x0000000698000000| Complete 
|  88|0x0000000698400000, 0x0000000698800000, 0x0000000698800000|100%| E|CS|TAMS 0x0000000698400000, 0x0000000698400000| Complete 
|  89|0x0000000698800000, 0x0000000698c00000, 0x0000000698c00000|100%| E|CS|TAMS 0x0000000698800000, 0x0000000698800000| Complete 
|  90|0x0000000698c00000, 0x0000000699000000, 0x0000000699000000|100%| E|CS|TAMS 0x0000000698c00000, 0x0000000698c00000| Complete 
|  91|0x0000000699000000, 0x0000000699400000, 0x0000000699400000|100%| E|CS|TAMS 0x0000000699000000, 0x0000000699000000| Complete 
|  92|0x0000000699400000, 0x0000000699800000, 0x0000000699800000|100%| E|CS|TAMS 0x0000000699400000, 0x0000000699400000| Complete 
|  93|0x0000000699800000, 0x0000000699c00000, 0x0000000699c00000|100%| E|CS|TAMS 0x0000000699800000, 0x0000000699800000| Complete 
|  94|0x0000000699c00000, 0x000000069a000000, 0x000000069a000000|100%| E|CS|TAMS 0x0000000699c00000, 0x0000000699c00000| Complete 
|  95|0x000000069a000000, 0x000000069a400000, 0x000000069a400000|100%| E|CS|TAMS 0x000000069a000000, 0x000000069a000000| Complete 

Card table byte_map: [0x000001daa0950000,0x000001daa1540000] _byte_map_base: 0x000001da9d53e000

Marking Bits (Prev, Next): (CMBitMap*) 0x000001da86da0360, (CMBitMap*) 0x000001da86da03a0
 Prev Bits: [0x000001daa2130000, 0x000001daa80a0000)
 Next Bits: [0x000001daa80a0000, 0x000001daae010000)

Polling page: 0x000001da86e20000

Metaspace:

Usage:
  Non-class:     15.79 MB used.
      Class:      2.61 MB used.
       Both:     18.40 MB used.

Virtual space:
  Non-class space:       24.00 MB reserved,      15.94 MB ( 66%) committed,  3 nodes.
      Class space:        1.00 GB reserved,       2.75 MB ( <1%) committed,  1 nodes.
             Both:        1.02 GB reserved,      18.69 MB (  2%) committed. 

Chunk freelists:
   Non-Class:  3.83 MB
       Class:  1.13 MB
        Both:  4.96 MB

MaxMetaspaceSize: unlimited
CompressedClassSpaceSize: 1.00 GB
Initial GC threshold: 21.00 MB
Current GC threshold: 21.00 MB
CDS: on
MetaspaceReclaimPolicy: balanced
 - commit_granule_bytes: 65536.
 - commit_granule_words: 8192.
 - virtual_space_node_default_size: 1048576.
 - enlarge_chunks_in_place: 1.
 - new_chunks_are_fully_committed: 0.
 - uncommit_free_chunks: 1.
 - use_allocation_guard: 0.
 - handle_deallocations: 1.


Internal statistics:

num_allocs_failed_limit: 0.
num_arena_births: 254.
num_arena_deaths: 0.
num_vsnodes_births: 4.
num_vsnodes_deaths: 0.
num_space_committed: 299.
num_space_uncommitted: 0.
num_chunks_returned_to_freelist: 0.
num_chunks_taken_from_freelist: 914.
num_chunk_merges: 0.
num_chunk_splits: 641.
num_chunks_enlarged: 503.
num_purges: 0.
num_inconsistent_stats: 0.

CodeHeap 'non-profiled nmethods': size=119168Kb used=2951Kb max_used=2951Kb free=116216Kb
 bounds [0x000001da97940000, 0x000001da97c30000, 0x000001da9eda0000]
CodeHeap 'profiled nmethods': size=119104Kb used=11243Kb max_used=11243Kb free=107860Kb
 bounds [0x000001da904f0000, 0x000001da90ff0000, 0x000001da97940000]
CodeHeap 'non-nmethods': size=7488Kb used=1435Kb max_used=3196Kb free=6052Kb
 bounds [0x000001da8fda0000, 0x000001da900c0000, 0x000001da904f0000]
 total_blobs=5915 nmethods=5123 adapters=704
 compilation: enabled
              stopped_count=0, restarted_count=0
 full_count=0

Compilation events (20 events):
Event: 56.752 Thread 0x000001dab103e070 5111       4       com.sun.javafx.css.StyleManager::getInstance (4 bytes)
Event: 56.752 Thread 0x000001dab103e070 nmethod 5111 0x000001da97c1ef90 code [0x000001da97c1f100, 0x000001da97c1f158]
Event: 56.752 Thread 0x000001dab103e070 5112       4       java.security.AccessController::doPrivileged (17 bytes)
Event: 56.753 Thread 0x000001dab103e070 nmethod 5112 0x000001da97c1f290 code [0x000001da97c1f420, 0x000001da97c1f518]
Event: 56.939 Thread 0x000001dab103e070 5119       4       javafx.scene.Parent::layout (160 bytes)
Event: 56.948 Thread 0x000001dab103e070 nmethod 5119 0x000001da97c1f690 code [0x000001da97c1f8c0, 0x000001da97c20748]
Event: 57.035 Thread 0x000001dab103e070 5120       4       java.util.concurrent.locks.ReentrantLock$Sync::tryRelease (51 bytes)
Event: 57.036 Thread 0x000001dab103e070 nmethod 5120 0x000001da97c21090 code [0x000001da97c21200, 0x000001da97c21338]
Event: 58.157 Thread 0x000001dab103e070 5121       4       javafx.event.Event::copyFor (45 bytes)
Event: 58.159 Thread 0x000001dab103e070 nmethod 5121 0x000001da97c21410 code [0x000001da97c215a0, 0x000001da97c21968]
Event: 58.940 Thread 0x000001dab104a020 5122       3       com.sun.javafx.tk.quantum.PaintCollector::addDirtyScene (92 bytes)
Event: 58.940 Thread 0x000001dab104a020 nmethod 5122 0x000001da90fe8c10 code [0x000001da90fe8e40, 0x000001da90fe9828]
Event: 59.031 Thread 0x000001dab104a020 5123       1       com.sun.glass.ui.Window::getRawHandle (5 bytes)
Event: 59.031 Thread 0x000001dab104a020 nmethod 5123 0x000001da97c21b10 code [0x000001da97c21ca0, 0x000001da97c21d78]
Event: 59.031 Thread 0x000001dab104a020 5124       3       java.util.stream.Collectors$CollectorImpl::<init> (13 bytes)
Event: 59.031 Thread 0x000001dab104a020 nmethod 5124 0x000001da90fe9b90 code [0x000001da90fe9d60, 0x000001da90fea318]
Event: 59.031 Thread 0x000001dab104a020 5125       3       java.util.stream.Collectors::castingIdentity (6 bytes)
Event: 59.031 Thread 0x000001dab104a020 nmethod 5125 0x000001da90fea490 code [0x000001da90fea640, 0x000001da90fea8b8]
Event: 59.031 Thread 0x000001dab104a020 5126       3       java.util.stream.Collectors$CollectorImpl::<init> (32 bytes)
Event: 59.031 Thread 0x000001dab104a020 nmethod 5126 0x000001da90fea990 code [0x000001da90feab40, 0x000001da90feae98]

GC Heap History (4 events):
Event: 0.343 GC heap before
{Heap before GC invocations=0 (full 0):
 garbage-first heap   total 393216K, used 16384K [0x0000000682400000, 0x0000000800000000)
  region size 4096K, 5 young (20480K), 0 survivors (0K)
 Metaspace       used 4075K, committed 4160K, reserved 1056768K
  class space    used 470K, committed 512K, reserved 1048576K
}
Event: 0.345 GC heap after
{Heap after GC invocations=1 (full 0):
 garbage-first heap   total 393216K, used 2681K [0x0000000682400000, 0x0000000800000000)
  region size 4096K, 1 young (4096K), 1 survivors (4096K)
 Metaspace       used 4075K, committed 4160K, reserved 1056768K
  class space    used 470K, committed 512K, reserved 1048576K
}
Event: 4.143 GC heap before
{Heap before GC invocations=1 (full 0):
 garbage-first heap   total 393216K, used 47737K [0x0000000682400000, 0x0000000800000000)
  region size 4096K, 11 young (45056K), 1 survivors (4096K)
 Metaspace       used 14024K, committed 14208K, reserved 1064960K
  class space    used 2015K, committed 2112K, reserved 1048576K
}
Event: 4.146 GC heap after
{Heap after GC invocations=2 (full 0):
 garbage-first heap   total 393216K, used 17129K [0x0000000682400000, 0x0000000800000000)
  region size 4096K, 2 young (8192K), 2 survivors (8192K)
 Metaspace       used 14024K, committed 14208K, reserved 1064960K
  class space    used 2015K, committed 2112K, reserved 1048576K
}

Deoptimization events (20 events):
Event: 54.136 Thread 0x000001dab103afd0 Uncommon trap: trap_request=0xffffff45 fr.pc=0x000001da97bfd908 relative=0x000000000000a488
Event: 54.136 Thread 0x000001dab103afd0 Uncommon trap: reason=unstable_if action=reinterpret pc=0x000001da97bfd908 method=javafx.scene.CssStyleHelper.getCachedFont(Ljavafx/css/Styleable;)Lcom/sun/javafx/css/CalculatedValue; @ 32 c2
Event: 54.136 Thread 0x000001dab103afd0 DEOPT PACKING pc=0x000001da97bfd908 sp=0x000000a5fa2f8d70
Event: 54.136 Thread 0x000001dab103afd0 DEOPT UNPACKING pc=0x000001da8fdf23a3 sp=0x000000a5fa2f8cd8 mode 2
Event: 54.136 Thread 0x000001dab103afd0 Uncommon trap: trap_request=0xffffffc6 fr.pc=0x000001da97bc6a18 relative=0x0000000000001db8
Event: 54.136 Thread 0x000001dab103afd0 Uncommon trap: reason=bimorphic_or_optimized_type_check action=maybe_recompile pc=0x000001da97bc6a18 method=javafx.css.CompoundSelector.stateMatches(Ljavafx/css/Styleable;Ljava/util/Set;I)Z @ 160 c2
Event: 54.136 Thread 0x000001dab103afd0 DEOPT PACKING pc=0x000001da97bc6a18 sp=0x000000a5fa2f8c40
Event: 54.136 Thread 0x000001dab103afd0 DEOPT UNPACKING pc=0x000001da8fdf23a3 sp=0x000000a5fa2f8be8 mode 2
Event: 54.136 Thread 0x000001dab103afd0 Uncommon trap: trap_request=0xffffffc6 fr.pc=0x000001da97bc6a18 relative=0x0000000000001db8
Event: 54.136 Thread 0x000001dab103afd0 Uncommon trap: reason=bimorphic_or_optimized_type_check action=maybe_recompile pc=0x000001da97bc6a18 method=javafx.css.CompoundSelector.stateMatches(Ljavafx/css/Styleable;Ljava/util/Set;I)Z @ 160 c2
Event: 54.136 Thread 0x000001dab103afd0 DEOPT PACKING pc=0x000001da97bc6a18 sp=0x000000a5fa2f8c40
Event: 54.136 Thread 0x000001dab103afd0 DEOPT UNPACKING pc=0x000001da8fdf23a3 sp=0x000000a5fa2f8be8 mode 2
Event: 54.136 Thread 0x000001dab103afd0 Uncommon trap: trap_request=0xffffffbe fr.pc=0x000001da97be4c48 relative=0x0000000000001128
Event: 54.136 Thread 0x000001dab103afd0 Uncommon trap: reason=profile_predicate action=maybe_recompile pc=0x000001da97be4c48 method=javafx.scene.CssStyleHelper$CacheContainer.<init>(Ljavafx/scene/Node;Lcom/sun/javafx/css/StyleMap;I)V @ 164 c2
Event: 54.136 Thread 0x000001dab103afd0 DEOPT PACKING pc=0x000001da97be4c48 sp=0x000000a5fa2f8400
Event: 54.136 Thread 0x000001dab103afd0 DEOPT UNPACKING pc=0x000001da8fdf23a3 sp=0x000000a5fa2f83a8 mode 2
Event: 59.035 Thread 0x000001dabd19f300 Uncommon trap: trap_request=0xffffff45 fr.pc=0x000001da97c212c8 relative=0x00000000000000c8
Event: 59.035 Thread 0x000001dabd19f300 Uncommon trap: reason=unstable_if action=reinterpret pc=0x000001da97c212c8 method=java.util.concurrent.locks.ReentrantLock$Sync.tryRelease(I)Z @ 26 c2
Event: 59.035 Thread 0x000001dabd19f300 DEOPT PACKING pc=0x000001da97c212c8 sp=0x000000a5f95fee70
Event: 59.035 Thread 0x000001dabd19f300 DEOPT UNPACKING pc=0x000001da8fdf23a3 sp=0x000000a5f95fee10 mode 2

Classes unloaded (0 events):
No events

Classes redefined (0 events):
No events

Internal exceptions (20 events):
Event: 0.803 Thread 0x000001dab103b970 Exception <a 'java/lang/NoSuchMethodError'{0x000000069864b5d8}: 'int java.lang.invoke.DirectMethodHandle$Holder.invokeStaticInit(java.lang.Object, java.lang.Object)'> (0x000000069864b5d8) 
thrown [t:\workspace\open\src\hotspot\share\interpreter\linkResolver.cpp, line 766]
Event: 3.980 Thread 0x000001dab103afd0 Exception <a 'java/lang/NoSuchMethodError'{0x00000006982fe398}: 'long java.lang.invoke.DirectMethodHandle$Holder.invokeStatic(java.lang.Object, java.lang.Object, java.lang.Object)'> (0x00000006982fe398) 
thrown [t:\workspace\open\src\hotspot\share\interpreter\linkResolver.cpp, line 766]
Event: 3.980 Thread 0x000001dab103afd0 Exception <a 'java/lang/NoSuchMethodError'{0x0000000698301b40}: 'long java.lang.invoke.DirectMethodHandle$Holder.invokeStaticInit(java.lang.Object, java.lang.Object, java.lang.Object)'> (0x0000000698301b40) 
thrown [t:\workspace\open\src\hotspot\share\interpreter\linkResolver.cpp, line 766]
Event: 3.982 Thread 0x000001dab103afd0 Exception <a 'java/lang/NoSuchMethodError'{0x0000000698319748}: 'java.lang.Object java.lang.invoke.DirectMethodHandle$Holder.newInvokeSpecial(java.lang.Object, java.lang.Object, long)'> (0x0000000698319748) 
thrown [t:\workspace\open\src\hotspot\share\interpreter\linkResolver.cpp, line 766]
Event: 3.982 Thread 0x000001dab103afd0 Exception <a 'java/lang/NoSuchMethodError'{0x000000069831d2b8}: 'java.lang.Object java.lang.invoke.Invokers$Holder.linkToTargetMethod(java.lang.Object, long, java.lang.Object)'> (0x000000069831d2b8) 
thrown [t:\workspace\open\src\hotspot\share\interpreter\linkResolver.cpp, line 766]
Event: 4.093 Thread 0x000001dab103afd0 Exception <a 'java/lang/ClassNotFoundException'{0x0000000697eeb440}: com/sun/javafx/scene/control/skin/resources/controls> (0x0000000697eeb440) 
thrown [t:\workspace\open\src\hotspot\share\prims\jni.cpp, line 535]
Event: 4.093 Thread 0x000001dab103afd0 Exception <a 'java/lang/ClassNotFoundException'{0x0000000697ef96d8}: com/sun/javafx/scene/control/skin/resources/controls_es> (0x0000000697ef96d8) 
thrown [t:\workspace\open\src\hotspot\share\prims\jni.cpp, line 535]
Event: 4.094 Thread 0x000001dab103afd0 Exception <a 'java/lang/ClassNotFoundException'{0x0000000697f07630}: com/sun/javafx/scene/control/skin/resources/controls_es_CO> (0x0000000697f07630) 
thrown [t:\workspace\open\src\hotspot\share\prims\jni.cpp, line 535]
Event: 5.134 Thread 0x000001dab103afd0 Exception <a 'java/lang/NoSuchMethodError'{0x0000000699498ba0}: 'void java.lang.invoke.DirectMethodHandle$Holder.invokeSpecial(java.lang.Object, java.lang.Object, java.lang.Object, java.lang.Object, java.lang.Object, java.lang.Object)'> (0x0000000699498ba0) 
thrown [t:\workspace\open\src\hotspot\share\interpreter\linkResolver.cpp, line 766]
Event: 5.156 Thread 0x000001dab103afd0 Exception <a 'java/lang/NoSuchMethodError'{0x00000006996bcd38}: 'void java.lang.invoke.DirectMethodHandle$Holder.invokeSpecialIFC(java.lang.Object, java.lang.Object, java.lang.Object, java.lang.Object)'> (0x00000006996bcd38) 
thrown [t:\workspace\open\src\hotspot\share\interpreter\linkResolver.cpp, line 766]
Event: 5.165 Thread 0x000001dab103afd0 Exception <a 'java/lang/NoSuchMethodError'{0x00000006997cfa80}: 'int java.lang.invoke.DirectMethodHandle$Holder.invokeSpecial(java.lang.Object, java.lang.Object, int)'> (0x00000006997cfa80) 
thrown [t:\workspace\open\src\hotspot\share\interpreter\linkResolver.cpp, line 766]
Event: 11.071 Thread 0x000001dab103afd0 Exception <a 'java/lang/NoSuchMethodError'{0x0000000698e18b40}: 'java.lang.Object java.lang.invoke.DirectMethodHandle$Holder.newInvokeSpecial(java.lang.Object, java.lang.Object, int, int, int, int, int, java.lang.Object)'> (0x0000000698e18b40) 
thrown [t:\workspace\open\src\hotspot\share\interpreter\linkResolver.cpp, line 766]
Event: 11.072 Thread 0x000001dab103afd0 Exception <a 'java/lang/NoSuchMethodError'{0x0000000698e2c5c0}: 'java.lang.Object java.lang.invoke.DirectMethodHandle$Holder.newInvokeSpecial(java.lang.Object, java.lang.Object, java.lang.Object, int, int, int, int, int)'> (0x0000000698e2c5c0) 
thrown [t:\workspace\open\src\hotspot\share\interpreter\linkResolver.cpp, line 766]
Event: 11.072 Thread 0x000001dab103afd0 Exception <a 'java/lang/NoSuchMethodError'{0x0000000698e348c0}: 'java.lang.Object java.lang.invoke.Invokers$Holder.linkToTargetMethod(java.lang.Object, java.lang.Object, int, int, int, int, int, java.lang.Object)'> (0x0000000698e348c0) 
thrown [t:\workspace\open\src\hotspot\share\interpreter\linkResolver.cpp, line 766]
Event: 11.882 Thread 0x000001dab103b970 Exception <a 'java/lang/NoSuchMethodError'{0x0000000699f04388}: 'java.lang.Object java.lang.invoke.DirectMethodHandle$Holder.invokeStaticInit(java.lang.Object, int)'> (0x0000000699f04388) 
thrown [t:\workspace\open\src\hotspot\share\interpreter\linkResolver.cpp, line 766]
Event: 21.923 Thread 0x000001dab103afd0 Exception <a 'java/lang/NoSuchMethodError'{0x0000000696ccffe8}: 'int java.lang.invoke.DirectMethodHandle$Holder.invokeVirtual(java.lang.Object, java.lang.Object)'> (0x0000000696ccffe8) 
thrown [t:\workspace\open\src\hotspot\share\interpreter\linkResolver.cpp, line 766]
Event: 21.924 Thread 0x000001dab103afd0 Exception <a 'java/lang/NoSuchMethodError'{0x0000000696cd6c70}: 'void java.lang.invoke.DirectMethodHandle$Holder.invokeVirtual(java.lang.Object, java.lang.Object, int)'> (0x0000000696cd6c70) 
thrown [t:\workspace\open\src\hotspot\share\interpreter\linkResolver.cpp, line 766]
Event: 39.356 Thread 0x000001dab103afd0 Exception <a 'java/lang/NoSuchMethodError'{0x00000006969185d0}: 'java.lang.Object java.lang.invoke.Invokers$Holder.invokeExact_MT(java.lang.Object, java.lang.Object, java.lang.Object, java.lang.Object, java.lang.Object, java.lang.Object)'> (0x00000006969185d0) 
thrown [t:\workspace\open\src\hotspot\share\interpreter\linkResolver.cpp, line 766]
Event: 54.136 Thread 0x000001dab103afd0 Implicit null exception at 0x000001da97b8eb56 to 0x000001da97b99690
Event: 54.136 Thread 0x000001dab103afd0 Implicit null exception at 0x000001da97bf3d68 to 0x000001da97bfd888

VM Operations (20 events):
Event: 34.930 Executing VM operation: Cleanup done
Event: 37.931 Executing VM operation: Cleanup
Event: 37.931 Executing VM operation: Cleanup done
Event: 39.931 Executing VM operation: Cleanup
Event: 39.931 Executing VM operation: Cleanup done
Event: 40.931 Executing VM operation: Cleanup
Event: 40.931 Executing VM operation: Cleanup done
Event: 41.931 Executing VM operation: Cleanup
Event: 41.931 Executing VM operation: Cleanup done
Event: 43.932 Executing VM operation: Cleanup
Event: 43.932 Executing VM operation: Cleanup done
Event: 44.932 Executing VM operation: Cleanup
Event: 44.932 Executing VM operation: Cleanup done
Event: 53.934 Executing VM operation: Cleanup
Event: 53.934 Executing VM operation: Cleanup done
Event: 55.934 Executing VM operation: Cleanup
Event: 55.934 Executing VM operation: Cleanup done
Event: 57.934 Executing VM operation: Cleanup
Event: 57.934 Executing VM operation: Cleanup done
Event: 59.036 Executing VM operation: Exit

Events (20 events):
Event: 39.357 loading class java/util/ArrayList$SubList$2
Event: 39.357 loading class java/util/ArrayList$SubList$2 done
Event: 39.357 Thread 0x000001dabceead60 Thread added: 0x000001dabceead60
Event: 40.515 Thread 0x000001dabceead60 Thread exited: 0x000001dabceead60
Event: 43.266 Thread 0x000001dabceeb780 Thread added: 0x000001dabceeb780
Event: 43.267 Thread 0x000001dabcee84e0 Thread added: 0x000001dabcee84e0
Event: 43.267 Thread 0x000001dabcee70a0 Thread added: 0x000001dabcee70a0
Event: 43.293 Thread 0x000001dabceea340 Thread added: 0x000001dabceea340
Event: 43.297 Thread 0x000001dabceead60 Thread added: 0x000001dabceead60
Event: 44.035 Thread 0x000001dabcee70a0 Thread exited: 0x000001dabcee70a0
Event: 44.035 Thread 0x000001dabceead60 Thread exited: 0x000001dabceead60
Event: 44.444 Thread 0x000001dabceea340 Thread exited: 0x000001dabceea340
Event: 44.540 Thread 0x000001dabceeb780 Thread exited: 0x000001dabceeb780
Event: 44.540 Thread 0x000001dabcee84e0 Thread exited: 0x000001dabcee84e0
Event: 54.136 Thread 0x000001dabcee9e30 Thread added: 0x000001dabcee9e30
Event: 56.332 Thread 0x000001dabcee9e30 Thread exited: 0x000001dabcee9e30
Event: 59.035 Thread 0x000001dabd1a27f0 Thread added: 0x000001dabd1a27f0
Event: 59.035 Thread 0x000001dabd19f300 Thread added: 0x000001dabd19f300
Event: 59.035 Thread 0x000001dabd1a27f0 Thread exited: 0x000001dabd1a27f0
Event: 59.036 Thread 0x000001dabd19f300 Thread exited: 0x000001dabd19f300


Dynamic libraries:
0x00007ff6c38d0000 - 0x00007ff6c38e0000 	C:\Program Files\Java\jdk-17.0.2\bin\java.exe
0x00007ff95ca40000 - 0x00007ff95cc49000 	C:\Windows\SYSTEM32\ntdll.dll
0x00007ff95ada0000 - 0x00007ff95ae5d000 	C:\Windows\System32\KERNEL32.DLL
0x00007ff95a280000 - 0x00007ff95a5f9000 	C:\Windows\System32\KERNELBASE.dll
0x00007ff95a630000 - 0x00007ff95a741000 	C:\Windows\System32\ucrtbase.dll
0x00007ff951430000 - 0x00007ff95144a000 	C:\Program Files\Java\jdk-17.0.2\bin\VCRUNTIME140.dll
0x00007ff9334b0000 - 0x00007ff9334c8000 	C:\Program Files\Java\jdk-17.0.2\bin\jli.dll
0x00007ff95c5e0000 - 0x00007ff95c68e000 	C:\Windows\System32\ADVAPI32.dll
0x00007ff95c530000 - 0x00007ff95c5d3000 	C:\Windows\System32\msvcrt.dll
0x00007ff95c2b0000 - 0x00007ff95c34e000 	C:\Windows\System32\sechost.dll
0x00007ff95b080000 - 0x00007ff95b1a0000 	C:\Windows\System32\RPCRT4.dll
0x00007ff95c700000 - 0x00007ff95c8ac000 	C:\Windows\System32\USER32.dll
0x00007ff94b670000 - 0x00007ff94b915000 	C:\Windows\WinSxS\amd64_microsoft.windows.common-controls_6595b64144ccf1df_6.0.22000.120_none_9d947278b86cc467\COMCTL32.dll
0x00007ff95a600000 - 0x00007ff95a626000 	C:\Windows\System32\win32u.dll
0x00007ff95b9d0000 - 0x00007ff95b9f9000 	C:\Windows\System32\GDI32.dll
0x00007ff959f30000 - 0x00007ff95a042000 	C:\Windows\System32\gdi32full.dll
0x00007ff95a7c0000 - 0x00007ff95a85d000 	C:\Windows\System32\msvcp_win.dll
0x00007ff9517b0000 - 0x00007ff9517ba000 	C:\Windows\SYSTEM32\VERSION.dll
0x00007ff95a8e0000 - 0x00007ff95a911000 	C:\Windows\System32\IMM32.DLL
0x00007ff930760000 - 0x00007ff93076c000 	C:\Program Files\Java\jdk-17.0.2\bin\vcruntime140_1.dll
0x00007ff8d9b90000 - 0x00007ff8d9c1d000 	C:\Program Files\Java\jdk-17.0.2\bin\msvcp140.dll
0x00007ff8c5e20000 - 0x00007ff8c69e1000 	C:\Program Files\Java\jdk-17.0.2\bin\server\jvm.dll
0x00007ff95b070000 - 0x00007ff95b078000 	C:\Windows\System32\PSAPI.DLL
0x00007ff951450000 - 0x00007ff951459000 	C:\Windows\SYSTEM32\WSOCK32.dll
0x00007ff953440000 - 0x00007ff953473000 	C:\Windows\SYSTEM32\WINMM.dll
0x00007ff95b960000 - 0x00007ff95b9cf000 	C:\Windows\System32\WS2_32.dll
0x00007ff959120000 - 0x00007ff959138000 	C:\Windows\SYSTEM32\kernel.appcore.dll
0x00007ff930750000 - 0x00007ff93075a000 	C:\Program Files\Java\jdk-17.0.2\bin\jimage.dll
0x00007ff9575c0000 - 0x00007ff9577e1000 	C:\Windows\SYSTEM32\DBGHELP.DLL
0x00007ff9435e0000 - 0x00007ff943611000 	C:\Windows\SYSTEM32\dbgcore.DLL
0x00007ff95a860000 - 0x00007ff95a8df000 	C:\Windows\System32\bcryptPrimitives.dll
0x00007ff925c90000 - 0x00007ff925cb5000 	C:\Program Files\Java\jdk-17.0.2\bin\java.dll
0x00007ff8d9c20000 - 0x00007ff8d9cf6000 	C:\Program Files\Java\jdk-17.0.2\bin\jsvml.dll
0x00007ff95ba00000 - 0x00007ff95c1af000 	C:\Windows\System32\SHELL32.dll
0x00007ff9580b0000 - 0x00007ff958918000 	C:\Windows\SYSTEM32\windows.storage.dll
0x00007ff95a9c0000 - 0x00007ff95ad38000 	C:\Windows\System32\combase.dll
0x00007ff957f40000 - 0x00007ff9580a6000 	C:\Windows\SYSTEM32\wintypes.dll
0x00007ff95c1b0000 - 0x00007ff95c29a000 	C:\Windows\System32\SHCORE.dll
0x00007ff95c8b0000 - 0x00007ff95c90d000 	C:\Windows\System32\shlwapi.dll
0x00007ff959e60000 - 0x00007ff959e81000 	C:\Windows\SYSTEM32\profapi.dll
0x00007ff930560000 - 0x00007ff930579000 	C:\Program Files\Java\jdk-17.0.2\bin\net.dll
0x00007ff954670000 - 0x00007ff95477c000 	C:\Windows\SYSTEM32\WINHTTP.dll
0x00007ff959550000 - 0x00007ff9595b7000 	C:\Windows\system32\mswsock.dll
0x00007ff92f4a0000 - 0x00007ff92f4b6000 	C:\Program Files\Java\jdk-17.0.2\bin\nio.dll
0x00007ff929420000 - 0x00007ff929438000 	C:\Program Files\Java\jdk-17.0.2\bin\zip.dll
0x000001da86e60000 - 0x000001da86e63000 	C:\Program Files\Java\javafx-sdk-18.0.1\bin\api-ms-win-core-console-l1-1-0.dll
0x000001dab11b0000 - 0x000001dab11b3000 	C:\Program Files\Java\javafx-sdk-18.0.1\bin\api-ms-win-core-console-l1-2-0.dll
0x000001dab11c0000 - 0x000001dab11c3000 	C:\Program Files\Java\javafx-sdk-18.0.1\bin\api-ms-win-core-datetime-l1-1-0.dll
0x000001dab11d0000 - 0x000001dab11d3000 	C:\Program Files\Java\javafx-sdk-18.0.1\bin\api-ms-win-core-debug-l1-1-0.dll
0x000001dab11e0000 - 0x000001dab11e3000 	C:\Program Files\Java\javafx-sdk-18.0.1\bin\api-ms-win-core-errorhandling-l1-1-0.dll
0x000001dab11f0000 - 0x000001dab11f4000 	C:\Program Files\Java\javafx-sdk-18.0.1\bin\api-ms-win-core-file-l1-1-0.dll
0x000001dab1200000 - 0x000001dab1203000 	C:\Program Files\Java\javafx-sdk-18.0.1\bin\api-ms-win-core-file-l1-2-0.dll
0x000001dab1210000 - 0x000001dab1213000 	C:\Program Files\Java\javafx-sdk-18.0.1\bin\api-ms-win-core-file-l2-1-0.dll
0x000001dab1220000 - 0x000001dab1223000 	C:\Program Files\Java\javafx-sdk-18.0.1\bin\api-ms-win-core-handle-l1-1-0.dll
0x000001dab1230000 - 0x000001dab1233000 	C:\Program Files\Java\javafx-sdk-18.0.1\bin\api-ms-win-core-heap-l1-1-0.dll
0x000001dab1240000 - 0x000001dab1243000 	C:\Program Files\Java\javafx-sdk-18.0.1\bin\api-ms-win-core-interlocked-l1-1-0.dll
0x000001dab1250000 - 0x000001dab1253000 	C:\Program Files\Java\javafx-sdk-18.0.1\bin\api-ms-win-core-libraryloader-l1-1-0.dll
0x000001dab1260000 - 0x000001dab1263000 	C:\Program Files\Java\javafx-sdk-18.0.1\bin\api-ms-win-core-localization-l1-2-0.dll
0x000001dab1270000 - 0x000001dab1273000 	C:\Program Files\Java\javafx-sdk-18.0.1\bin\api-ms-win-core-memory-l1-1-0.dll
0x000001dab1280000 - 0x000001dab1283000 	C:\Program Files\Java\javafx-sdk-18.0.1\bin\api-ms-win-core-namedpipe-l1-1-0.dll
0x000001dab1290000 - 0x000001dab1293000 	C:\Program Files\Java\javafx-sdk-18.0.1\bin\api-ms-win-core-processenvironment-l1-1-0.dll
0x000001dab12a0000 - 0x000001dab12a3000 	C:\Program Files\Java\javafx-sdk-18.0.1\bin\api-ms-win-core-processthreads-l1-1-0.dll
0x000001dab12b0000 - 0x000001dab12b3000 	C:\Program Files\Java\javafx-sdk-18.0.1\bin\api-ms-win-core-processthreads-l1-1-1.dll
0x000001dab12c0000 - 0x000001dab12c3000 	C:\Program Files\Java\javafx-sdk-18.0.1\bin\api-ms-win-core-profile-l1-1-0.dll
0x000001dab12d0000 - 0x000001dab12d3000 	C:\Program Files\Java\javafx-sdk-18.0.1\bin\api-ms-win-core-rtlsupport-l1-1-0.dll
0x000001dab12e0000 - 0x000001dab12e3000 	C:\Program Files\Java\javafx-sdk-18.0.1\bin\api-ms-win-core-string-l1-1-0.dll
0x000001dab12f0000 - 0x000001dab12f3000 	C:\Program Files\Java\javafx-sdk-18.0.1\bin\api-ms-win-core-synch-l1-1-0.dll
0x000001dab1300000 - 0x000001dab1303000 	C:\Program Files\Java\javafx-sdk-18.0.1\bin\api-ms-win-core-synch-l1-2-0.dll
0x000001dab1310000 - 0x000001dab1313000 	C:\Program Files\Java\javafx-sdk-18.0.1\bin\api-ms-win-core-sysinfo-l1-1-0.dll
0x000001dab1320000 - 0x000001dab1323000 	C:\Program Files\Java\javafx-sdk-18.0.1\bin\api-ms-win-core-timezone-l1-1-0.dll
0x000001dab1330000 - 0x000001dab1333000 	C:\Program Files\Java\javafx-sdk-18.0.1\bin\api-ms-win-core-util-l1-1-0.dll
0x000001dab1340000 - 0x000001dab1343000 	C:\Program Files\Java\javafx-sdk-18.0.1\bin\api-ms-win-crt-conio-l1-1-0.dll
0x000001dab1350000 - 0x000001dab1354000 	C:\Program Files\Java\javafx-sdk-18.0.1\bin\api-ms-win-crt-convert-l1-1-0.dll
0x000001dab1360000 - 0x000001dab1363000 	C:\Program Files\Java\javafx-sdk-18.0.1\bin\api-ms-win-crt-environment-l1-1-0.dll
0x000001dab1370000 - 0x000001dab1373000 	C:\Program Files\Java\javafx-sdk-18.0.1\bin\api-ms-win-crt-filesystem-l1-1-0.dll
0x000001dab1380000 - 0x000001dab1383000 	C:\Program Files\Java\javafx-sdk-18.0.1\bin\api-ms-win-crt-heap-l1-1-0.dll
0x000001dab1390000 - 0x000001dab1393000 	C:\Program Files\Java\javafx-sdk-18.0.1\bin\api-ms-win-crt-locale-l1-1-0.dll
0x000001dab13a0000 - 0x000001dab13a5000 	C:\Program Files\Java\javafx-sdk-18.0.1\bin\api-ms-win-crt-math-l1-1-0.dll
0x000001dab13b0000 - 0x000001dab13b5000 	C:\Program Files\Java\javafx-sdk-18.0.1\bin\api-ms-win-crt-multibyte-l1-1-0.dll
0x000001dab13c0000 - 0x000001dab13d0000 	C:\Program Files\Java\javafx-sdk-18.0.1\bin\api-ms-win-crt-private-l1-1-0.dll
0x000001dab13d0000 - 0x000001dab13d3000 	C:\Program Files\Java\javafx-sdk-18.0.1\bin\api-ms-win-crt-process-l1-1-0.dll
0x000001dab13e0000 - 0x000001dab13e4000 	C:\Program Files\Java\javafx-sdk-18.0.1\bin\api-ms-win-crt-runtime-l1-1-0.dll
0x000001dab13f0000 - 0x000001dab13f4000 	C:\Program Files\Java\javafx-sdk-18.0.1\bin\api-ms-win-crt-stdio-l1-1-0.dll
0x000001dab37d0000 - 0x000001dab37d4000 	C:\Program Files\Java\javafx-sdk-18.0.1\bin\api-ms-win-crt-string-l1-1-0.dll
0x000001dab37e0000 - 0x000001dab37e3000 	C:\Program Files\Java\javafx-sdk-18.0.1\bin\api-ms-win-crt-time-l1-1-0.dll
0x000001dab37f0000 - 0x000001dab37f3000 	C:\Program Files\Java\javafx-sdk-18.0.1\bin\api-ms-win-crt-utility-l1-1-0.dll
0x00007ff8f6db0000 - 0x00007ff8f6eac000 	C:\Program Files\Java\javafx-sdk-18.0.1\bin\ucrtbase.dll
0x00007ff92bd30000 - 0x00007ff92bd4a000 	C:\Program Files\Java\javafx-sdk-18.0.1\bin\vcruntime140.dll
0x00007ff9552f0000 - 0x00007ff9552fc000 	C:\Program Files\Java\javafx-sdk-18.0.1\bin\vcruntime140_1.dll
0x00007ff91b1d0000 - 0x00007ff91b25d000 	C:\Program Files\Java\javafx-sdk-18.0.1\bin\msvcp140.dll
0x00007ff920b10000 - 0x00007ff920b3c000 	C:\Program Files\Java\javafx-sdk-18.0.1\bin\prism_d3d.dll
0x00007ff94ecd0000 - 0x00007ff94ee76000 	C:\Windows\system32\d3d9.dll
0x00007ff957960000 - 0x00007ff95798f000 	C:\Windows\SYSTEM32\dwmapi.dll
0x00007ff9574a0000 - 0x00007ff9574d8000 	C:\Windows\SYSTEM32\dxcore.dll
0x00007ff957180000 - 0x00007ff95722c000 	C:\Windows\system32\uxtheme.dll
0x00007ff94fdc0000 - 0x00007ff94fec7000 	C:\Windows\System32\DriverStore\FileRepository\nvltig.inf_amd64_ce837e92efe9cbc4\nvldumdx.dll
0x00007ff9597f0000 - 0x00007ff959802000 	C:\Windows\SYSTEM32\msasn1.dll
0x00007ff951750000 - 0x00007ff951781000 	C:\Windows\SYSTEM32\cryptnet.dll
0x00007ff95a050000 - 0x00007ff95a1b2000 	C:\Windows\System32\CRYPT32.dll
0x00007ff94f9e0000 - 0x00007ff94fb29000 	C:\Windows\SYSTEM32\drvstore.dll
0x00007ff959c70000 - 0x00007ff959c9c000 	C:\Windows\SYSTEM32\devobj.dll
0x00007ff959c20000 - 0x00007ff959c6c000 	C:\Windows\SYSTEM32\cfgmgr32.dll
0x00007ff959860000 - 0x00007ff95989d000 	C:\Windows\SYSTEM32\wldp.dll
0x00007ff959790000 - 0x00007ff95979c000 	C:\Windows\SYSTEM32\cryptbase.dll
0x00007ff95a750000 - 0x00007ff95a7b7000 	C:\Windows\System32\WINTRUST.DLL
0x00007ff95c4f0000 - 0x00007ff95c50f000 	C:\Windows\System32\imagehlp.dll
0x00007ff9597a0000 - 0x00007ff9597b8000 	C:\Windows\SYSTEM32\CRYPTSP.dll
0x00007ff959080000 - 0x00007ff9590b5000 	C:\Windows\system32\rsaenh.dll
0x00007ff959910000 - 0x00007ff959937000 	C:\Windows\SYSTEM32\bcrypt.dll
0x00007ff8daef0000 - 0x00007ff8dc678000 	C:\Windows\System32\DriverStore\FileRepository\nvltig.inf_amd64_ce837e92efe9cbc4\nvd3dumx.dll
0x00007ff953ac0000 - 0x00007ff953b04000 	C:\Windows\SYSTEM32\directxdatabasehelper.dll
0x00007ff957820000 - 0x00007ff957854000 	C:\Windows\SYSTEM32\ntmarta.dll
0x00007ff91b6c0000 - 0x00007ff91b702000 	C:\Program Files\Java\javafx-sdk-18.0.1\bin\glass.dll
0x00007ff95c910000 - 0x00007ff95c9fc000 	C:\Windows\System32\COMDLG32.dll
0x00007ff95c350000 - 0x00007ff95c4ea000 	C:\Windows\System32\ole32.dll
0x00007ff95b1a0000 - 0x00007ff95b276000 	C:\Windows\System32\OLEAUT32.dll
0x00007ff95af50000 - 0x00007ff95b06e000 	C:\Windows\System32\MSCTF.dll
0x00007ff8dc9a0000 - 0x00007ff8dcc63000 	C:\Windows\system32\nvspcap64.dll
0x00007ff9595e0000 - 0x00007ff959604000 	C:\Windows\SYSTEM32\gpapi.dll
0x00007ff92bd10000 - 0x00007ff92bd24000 	C:\Program Files\Java\javafx-sdk-18.0.1\bin\javafx_font.dll
0x00007ff935810000 - 0x00007ff935a6f000 	C:\Windows\SYSTEM32\dwrite.dll
0x00007ff95b280000 - 0x00007ff95b32f000 	C:\Windows\System32\clbcatq.dll
0x00007ff951860000 - 0x00007ff951a0e000 	C:\Windows\SYSTEM32\WindowsCodecs.dll
0x00007ff933380000 - 0x00007ff9333dd000 	C:\Windows\system32\dataexchange.dll
0x00007ff950bb0000 - 0x00007ff950e16000 	C:\Windows\system32\twinapi.appcore.dll
0x00007ff91b7a0000 - 0x00007ff91b7d2000 	C:\Program Files\Common Files\Microsoft Shared\Ink\rtscom.dll
0x00007ff93c230000 - 0x00007ff93c35d000 	C:\Windows\SYSTEM32\textinputframework.dll
0x00007ff956ca0000 - 0x00007ff956dd2000 	C:\Windows\SYSTEM32\CoreMessaging.dll

dbghelp: loaded successfully - version: 4.0.5 - missing functions: none
symbol engine: initialized successfully - sym options: 0x614 - pdb path: .;C:\Program Files\Java\jdk-17.0.2\bin;C:\Windows\SYSTEM32;C:\Windows\WinSxS\amd64_microsoft.windows.common-controls_6595b64144ccf1df_6.0.22000.120_none_9d947278b86cc467;C:\Program Files\Java\jdk-17.0.2\bin\server;C:\Program Files\Java\javafx-sdk-18.0.1\bin;C:\Windows\System32\DriverStore\FileRepository\nvltig.inf_amd64_ce837e92efe9cbc4;C:\Program Files\Common Files\Microsoft Shared\Ink

VM Arguments:
jvm_args: -Dfile.encoding=UTF-8 --add-modules=javafx.controls,javafx.fxml --module-path=C:\Users\juanc\OneDrive\Documentos\Universidad 3\POO\SEATORA\build\classes;C:\Program Files\Java\javafx-sdk-18.0.1\lib\javafx-swt.jar;C:\Program Files\Java\javafx-sdk-18.0.1\lib\javafx.base.jar;C:\Program Files\Java\javafx-sdk-18.0.1\lib\javafx.controls.jar;C:\Program Files\Java\javafx-sdk-18.0.1\lib\javafx.fxml.jar;C:\Program Files\Java\javafx-sdk-18.0.1\lib\javafx.graphics.jar;C:\Program Files\Java\javafx-sdk-18.0.1\lib\javafx.media.jar;C:\Program Files\Java\javafx-sdk-18.0.1\lib\javafx.swing.jar;C:\Program Files\Java\javafx-sdk-18.0.1\lib\javafx.web.jar 
java_command: start.Seatora
java_class_path (initial): C:\Program Files\Java\javafx-sdk-18.0.1\lib\javafx-swt.jar;C:\Program Files\Java\javafx-sdk-18.0.1\lib\javafx.base.jar;C:\Program Files\Java\javafx-sdk-18.0.1\lib\javafx.controls.jar;C:\Program Files\Java\javafx-sdk-18.0.1\lib\javafx.fxml.jar;C:\Program Files\Java\javafx-sdk-18.0.1\lib\javafx.graphics.jar;C:\Program Files\Java\javafx-sdk-18.0.1\lib\javafx.media.jar;C:\Program Files\Java\javafx-sdk-18.0.1\lib\javafx.swing.jar;C:\Program Files\Java\javafx-sdk-18.0.1\lib\javafx.web.jar;C:\Users\juanc\OneDrive\Documentos\Universidad 3\POO\SEATORA\build\classes
Launcher Type: SUN_STANDARD

[Global flags]
     intx CICompilerCount                          = 12                                        {product} {ergonomic}
     uint ConcGCThreads                            = 3                                         {product} {ergonomic}
     uint G1ConcRefinementThreads                  = 13                                        {product} {ergonomic}
   size_t G1HeapRegionSize                         = 4194304                                   {product} {ergonomic}
    uintx GCDrainStackTargetSize                   = 64                                        {product} {ergonomic}
   size_t InitialHeapSize                          = 402653184                                 {product} {ergonomic}
   size_t MarkStackSize                            = 4194304                                   {product} {ergonomic}
   size_t MaxHeapSize                              = 6404702208                                {product} {ergonomic}
   size_t MaxNewSize                               = 3841982464                                {product} {ergonomic}
   size_t MinHeapDeltaBytes                        = 4194304                                   {product} {ergonomic}
   size_t MinHeapSize                              = 8388608                                   {product} {ergonomic}
    uintx NonNMethodCodeHeapSize                   = 7602480                                {pd product} {ergonomic}
    uintx NonProfiledCodeHeapSize                  = 122027880                              {pd product} {ergonomic}
    uintx ProfiledCodeHeapSize                     = 122027880                              {pd product} {ergonomic}
    uintx ReservedCodeCacheSize                    = 251658240                              {pd product} {ergonomic}
     bool SegmentedCodeCache                       = true                                      {product} {ergonomic}
   size_t SoftMaxHeapSize                          = 6404702208                             {manageable} {ergonomic}
     bool UseCompressedClassPointers               = true                           {product lp64_product} {ergonomic}
     bool UseCompressedOops                        = true                           {product lp64_product} {ergonomic}
     bool UseG1GC                                  = true                                      {product} {ergonomic}
     bool UseLargePagesIndividualAllocation        = false                                  {pd product} {ergonomic}

Logging:
Log output configuration:
 #0: stdout all=off uptime,level,tags
 #1: stderr all=off uptime,level,tags

Environment Variables:
PATH=C:\Program Files\Common Files\Oracle\Java\javapath;C:\Program Files (x86)\Common Files\Oracle\Java\javapath;C:\Windows\system32;C:\Windows;C:\Windows\System32\Wbem;C:\Windows\System32\WindowsPowerShell\v1.0\;C:\Windows\System32\OpenSSH\;C:\Program Files (x86)\NVIDIA Corporation\PhysX\Common;C:\Program Files\NVIDIA Corporation\NVIDIA NvDLISR;C:\Users\juanc\AppData\Local\Microsoft\WindowsApps;;C:\Users\juanc\AppData\Local\Programs\Microsoft VS Code\bin
USERNAME=juanc
OS=Windows_NT
PROCESSOR_IDENTIFIER=AMD64 Family 25 Model 80 Stepping 0, AuthenticAMD



---------------  S Y S T E M  ---------------

OS:
 Windows 11 , 64 bit Build 22000 (10.0.22000.675)
OS uptime: 0 days 0:52 hours

CPU: total 16 (initial active 16) (16 cores per cpu, 2 threads per core) family 25 model 80 stepping 0 microcode 0x0, cx8, cmov, fxsr, ht, mmx, 3dnowpref, sse, sse2, sse3, ssse3, sse4a, sse4.1, sse4.2, popcnt, lzcnt, tsc, tscinvbit, avx, avx2, aes, erms, clmul, bmi1, bmi2, adx, sha, fma, vzeroupper, clflush, clflushopt

Memory: 4k page, system-wide physical 24428M (15978M free)
TotalPageFile size 28012M (AvailPageFile size 15747M)
current process WorkingSet (physical memory assigned to process): 219M, peak: 257M
current process commit charge ("private bytes"): 659M, peak: 699M

vm_info: Java HotSpot(TM) 64-Bit Server VM (17.0.2+8-LTS-86) for windows-amd64 JRE (17.0.2+8-LTS-86), built on Dec  7 2021 21:51:03 by "mach5one" with MS VC++ 16.8 / 16.9 (VS2019)

END.
