#
# A fatal error has been detected by the Java Runtime Environment:
#
#  EXCEPTION_ACCESS_VIOLATION (0xc0000005) at pc=0x00007ffec5f562d7, pid=1936, tid=9332
#
# JRE version: Java(TM) SE Runtime Environment (17.0.2+8) (build 17.0.2+8-LTS-86)
# Java VM: Java HotSpot(TM) 64-Bit Server VM (17.0.2+8-LTS-86, mixed mode, sharing, tiered, compressed oops, compressed class ptrs, g1 gc, windows-amd64)
# Problematic frame:
# C  [glass.dll+0x262d7]
#
# No core dump will be written. Minidumps are not enabled by default on client versions of Windows
#
# If you would like to submit a bug report, please visit:
#   https://bugreport.java.com/bugreport/crash.jsp
#

---------------  S U M M A R Y ------------

Command Line: -Dfile.encoding=UTF-8 --add-modules=javafx.controls,javafx.fxml --module-path=C:\Users\juanc\OneDrive\Documentos\Universidad 3\POO\SEATORA\build\classes;C:\Program Files\Java\javafx-sdk-18.0.1\lib\javafx-swt.jar;C:\Program Files\Java\javafx-sdk-18.0.1\lib\javafx.base.jar;C:\Program Files\Java\javafx-sdk-18.0.1\lib\javafx.controls.jar;C:\Program Files\Java\javafx-sdk-18.0.1\lib\javafx.fxml.jar;C:\Program Files\Java\javafx-sdk-18.0.1\lib\javafx.graphics.jar;C:\Program Files\Java\javafx-sdk-18.0.1\lib\javafx.media.jar;C:\Program Files\Java\javafx-sdk-18.0.1\lib\javafx.swing.jar;C:\Program Files\Java\javafx-sdk-18.0.1\lib\javafx.web.jar start.Seatora

Host: AMD Ryzen 7 5800H with Radeon Graphics         , 16 cores, 23G,  Windows 11 , 64 bit Build 22000 (10.0.22000.675)
Time: Wed May 25 11:09:19 2022 Hora est. Pacífico, Sudamérica elapsed time: 59.728994 seconds (0d 0h 0m 59s)

---------------  T H R E A D  ---------------

Current thread (0x000002af234d0070):  VMThread "VM Thread" [stack: 0x000000cfda400000,0x000000cfda500000] [id=9332]

Stack: [0x000000cfda400000,0x000000cfda500000],  sp=0x000000cfda4fed50,  free space=1019k
Native frames: (J=compiled Java code, j=interpreted, Vv=VM code, C=native code)
C  [glass.dll+0x262d7]


siginfo: EXCEPTION_ACCESS_VIOLATION (0xc0000005), reading address 0x0000000000000000


Register to memory mapping:

RIP=0x00007ffec5f562d7 glass.dll
RAX=0x0 is NULL
RBX=0x000002af234dba50 is a global jni handle
RCX=0x000002af234d0070 points into unknown readable memory: 0x00007ffec878e890 | 90 e8 78 c8 fe 7f 00 00
RDX=0x000000cfda4fed50 points into unknown readable memory: 0x0000000000000000 | 00 00 00 00 00 00 00 00
RSP=0x000000cfda4fed50 points into unknown readable memory: 0x0000000000000000 | 00 00 00 00 00 00 00 00
RBP=0x000002af252741b8 points into unknown readable memory: 0x00001733c7c31854 | 54 18 c3 c7 33 17 00 00
RSI=0x000002af25274190 points into unknown readable memory: 0xffec4860aa031853 | 53 18 03 aa 60 48 ec ff
RDI=0x00001733c7c31854 is an unknown value
R8 =0x0000000000010002 is an unknown value
R9 =0x00001733c7c31854 is an unknown value
R10=0x85f13e9656da4870 is an unknown value
R11=0x000000cfda4fece0 points into unknown readable memory: 0x000002af25274190 | 90 41 27 25 af 02 00 00
R12=0x00007ffec5f53bc4 glass.dll
R13=0x00007ffec89349d0 jvm.dll
R14=0x000000cfda4fee58 points into unknown readable memory: 0x000000cfda4fee40 | 40 ee 4f da cf 00 00 00
R15=0x000002af25274190 points into unknown readable memory: 0xffec4860aa031853 | 53 18 03 aa 60 48 ec ff


Registers:
RAX=0x0000000000000000, RBX=0x000002af234dba50, RCX=0x000002af234d0070, RDX=0x000000cfda4fed50
RSP=0x000000cfda4fed50, RBP=0x000002af252741b8, RSI=0x000002af25274190, RDI=0x00001733c7c31854
R8 =0x0000000000010002, R9 =0x00001733c7c31854, R10=0x85f13e9656da4870, R11=0x000000cfda4fece0
R12=0x00007ffec5f53bc4, R13=0x00007ffec89349d0, R14=0x000000cfda4fee58, R15=0x000002af25274190
RIP=0x00007ffec5f562d7, EFLAGS=0x0000000000010206

Top of Stack: (sp=0x000000cfda4fed50)
0x000000cfda4fed50:   0000000000000000 000002af25274190
0x000000cfda4fed60:   00007ffec89349d0 00007ffec5f53bc4
0x000000cfda4fed70:   000002af25274198 00007fff5d93bea0
0x000000cfda4fed80:   00001733c7c31854 000002af00000000
0x000000cfda4fed90:   000002af252741b8 000002af25274190
0x000000cfda4feda0:   fffffffffffffffe 0000000000000000
0x000000cfda4fedb0:   0000000000000001 00007ffec5f30000
0x000000cfda4fedc0:   000000cfda4fee48 00007fff5d93bdb7
0x000000cfda4fedd0:   0000000000000000 000000cfda4fee58
0x000000cfda4fede0:   000000cfda4ff130 00007fff5da212b0
0x000000cfda4fedf0:   0000000000000001 00007fff5d93bd6d
0x000000cfda4fee00:   0000000000000000 0000000000000001
0x000000cfda4fee10:   0000000000000000 000000cfda4fee48
0x000000cfda4fee20:   fffffffffffffffe 000000cf00000000
0x000000cfda4fee30:   ffffffff00000001 00007ffec5f53a51
0x000000cfda4fee40:   00007ffec5f69f88 00007ffe00000002 

Instructions: (pc=0x00007ffec5f562d7)
0x00007ffec5f561d7:   8b 4d 58 e8 2d cf ff ff 48 8b 4d 60 e8 24 cf ff
0x00007ffec5f561e7:   ff 48 8b 95 80 00 00 00 48 8b 8d 18 01 00 00 e8
0x00007ffec5f561f7:   16 c4 ff ff 33 d2 33 c9 e8 5c e1 ff ff 90 48 89
0x00007ffec5f56207:   54 24 10 55 48 83 ec 20 48 8b ea 48 b8 00 00 00
0x00007ffec5f56217:   00 00 00 00 00 48 83 c4 20 5d c3 cc 40 55 48 8b
0x00007ffec5f56227:   ea 48 8b 01 33 c9 81 38 05 00 00 c0 0f 94 c1 8b
0x00007ffec5f56237:   c1 5d c3 cc 40 55 48 83 ec 20 48 8b ea 8a 4d 40
0x00007ffec5f56247:   48 83 c4 20 5d e9 17 d3 ff ff cc 40 55 48 83 ec
0x00007ffec5f56257:   20 48 8b ea 8a 4d 20 e8 05 d3 ff ff 90 48 83 c4
0x00007ffec5f56267:   20 5d c3 cc 40 55 48 83 ec 20 48 8b ea 48 83 c4
0x00007ffec5f56277:   20 5d e9 66 d1 ff ff cc 40 55 48 83 ec 30 48 8b
0x00007ffec5f56287:   ea 48 8b 01 8b 10 48 89 4c 24 28 89 54 24 20 4c
0x00007ffec5f56297:   8d 0d 07 d6 ff ff 4c 8b 45 70 8b 55 68 48 8b 4d
0x00007ffec5f562a7:   60 e8 a7 d0 ff ff 90 48 83 c4 30 5d c3 cc cc cc
0x00007ffec5f562b7:   cc cc cc cc cc cc cc cc cc 40 53 48 83 ec 20 48
0x00007ffec5f562c7:   8b 1d bb 36 01 00 48 85 db 74 16 e8 59 8b ff ff
0x00007ffec5f562d7:   4c 8b 00 48 8b d3 48 8b c8 41 ff 90 b0 00 00 00
0x00007ffec5f562e7:   90 48 83 c4 20 5b c3 cc cc 40 53 48 83 ec 20 48
0x00007ffec5f562f7:   8b 1d 2b 38 01 00 48 85 db 74 57 b8 ff ff ff ff
0x00007ffec5f56307:   f0 0f c1 43 10 83 f8 01 75 3d 48 85 db 74 38 48
0x00007ffec5f56317:   8b 0b 48 85 c9 74 0d ff 15 84 0f 00 00 48 c7 03
0x00007ffec5f56327:   00 00 00 00 48 8b 4b 08 48 85 c9 74 0d e8 d3 cd
0x00007ffec5f56337:   ff ff 48 c7 43 08 00 00 00 00 ba 18 00 00 00 48
0x00007ffec5f56347:   8b cb e8 be cd ff ff 48 c7 05 cf 37 01 00 00 00
0x00007ffec5f56357:   00 00 48 83 c4 20 5b c3 cc 40 53 48 83 ec 20 48
0x00007ffec5f56367:   8b 1d 9b 37 01 00 48 85 db 74 57 b8 ff ff ff ff
0x00007ffec5f56377:   f0 0f c1 43 10 83 f8 01 75 3d 48 85 db 74 38 48
0x00007ffec5f56387:   8b 0b 48 85 c9 74 0d ff 15 14 0f 00 00 48 c7 03
0x00007ffec5f56397:   00 00 00 00 48 8b 4b 08 48 85 c9 74 0d e8 63 cd
0x00007ffec5f563a7:   ff ff 48 c7 43 08 00 00 00 00 ba 18 00 00 00 48
0x00007ffec5f563b7:   8b cb e8 4e cd ff ff 48 c7 05 3f 37 01 00 00 00
0x00007ffec5f563c7:   00 00 48 83 c4 20 5b c3 cc 40 53 48 83 ec 20 48 


Stack slot to memory mapping:
stack at sp + 0 slots: 0x0 is NULL
stack at sp + 1 slots: 0x000002af25274190 points into unknown readable memory: 0xffec4860aa031853 | 53 18 03 aa 60 48 ec ff
stack at sp + 2 slots: 0x00007ffec89349d0 jvm.dll
stack at sp + 3 slots: 0x00007ffec5f53bc4 glass.dll
stack at sp + 4 slots: 0x000002af25274198 points into unknown readable memory: 0x00001733c7c31854 | 54 18 c3 c7 33 17 00 00
stack at sp + 5 slots: 0x00007fff5d93bea0 ucrtbase.dll
stack at sp + 6 slots: 0x00001733c7c31854 is an unknown value
stack at sp + 7 slots: 0x000002af00000000 points into unknown readable memory: 0x00010000cafedada | da da fe ca 00 00 01 00

VM_Operation (0x000000cfdbdf0610): Exit, mode: safepoint, requested by thread 0x000002af24a99650


---------------  P R O C E S S  ---------------

Threads class SMR info:
_java_thread_list=0x000002af24cb0700, length=19, elements={
0x000002af7912ef60, 0x000002af234d3a70, 0x000002af234d6600, 0x000002af234e83f0,
0x000002af234e8cb0, 0x000002af234e9570, 0x000002af234ea640, 0x000002af234f0350,
0x000002af234fa540, 0x000002af23504a50, 0x000002af234bf830, 0x000002af251cd380,
0x000002af244c95f0, 0x000002af25276850, 0x000002af24a99650, 0x000002af256a2770,
0x000002af256a05c0, 0x000002af256a1900, 0x000002af256a1dd0
}

Java Threads: ( => current thread )
  0x000002af7912ef60 JavaThread "main" [_thread_blocked, id=7820, stack(0x000000cfd9e00000,0x000000cfd9f00000)]
  0x000002af234d3a70 JavaThread "Reference Handler" daemon [_thread_blocked, id=12124, stack(0x000000cfda500000,0x000000cfda600000)]
  0x000002af234d6600 JavaThread "Finalizer" daemon [_thread_blocked, id=19884, stack(0x000000cfda600000,0x000000cfda700000)]
  0x000002af234e83f0 JavaThread "Signal Dispatcher" daemon [_thread_blocked, id=12064, stack(0x000000cfda700000,0x000000cfda800000)]
  0x000002af234e8cb0 JavaThread "Attach Listener" daemon [_thread_blocked, id=14184, stack(0x000000cfda800000,0x000000cfda900000)]
  0x000002af234e9570 JavaThread "Service Thread" daemon [_thread_blocked, id=20332, stack(0x000000cfda900000,0x000000cfdaa00000)]
  0x000002af234ea640 JavaThread "Monitor Deflation Thread" daemon [_thread_blocked, id=17908, stack(0x000000cfdaa00000,0x000000cfdab00000)]
  0x000002af234f0350 JavaThread "C2 CompilerThread0" daemon [_thread_blocked, id=14908, stack(0x000000cfdab00000,0x000000cfdac00000)]
  0x000002af234fa540 JavaThread "C1 CompilerThread0" daemon [_thread_blocked, id=12348, stack(0x000000cfdac00000,0x000000cfdad00000)]
  0x000002af23504a50 JavaThread "Sweeper thread" daemon [_thread_blocked, id=18512, stack(0x000000cfdad00000,0x000000cfdae00000)]
  0x000002af234bf830 JavaThread "Common-Cleaner" daemon [_thread_blocked, id=4424, stack(0x000000cfdaf00000,0x000000cfdb000000)]
  0x000002af251cd380 JavaThread "Notification Thread" daemon [_thread_blocked, id=5676, stack(0x000000cfdb800000,0x000000cfdb900000)]
  0x000002af244c95f0 JavaThread "QuantumRenderer-0" daemon [_thread_blocked, id=6520, stack(0x000000cfdba00000,0x000000cfdbb00000)]
  0x000002af25276850 JavaThread "InvokeLaterDispatcher" daemon [_thread_blocked, id=1560, stack(0x000000cfdbc00000,0x000000cfdbd00000)]
  0x000002af24a99650 JavaThread "JavaFX Application Thread" [_thread_blocked, id=13680, stack(0x000000cfdbd00000,0x000000cfdbe00000)]
  0x000002af256a2770 JavaThread "JavaFX-Launcher" [_thread_blocked, id=2892, stack(0x000000cfdb500000,0x000000cfdb600000)]
  0x000002af256a05c0 JavaThread "Thread-2" daemon [_thread_in_native, id=16264, stack(0x000000cfdb400000,0x000000cfdb500000)]
  0x000002af256a1900 JavaThread "Prism Font Disposer" daemon [_thread_blocked, id=16416, stack(0x000000cfdc500000,0x000000cfdc600000)]
  0x000002af256a1dd0 JavaThread "Cleaner-0" daemon [_thread_blocked, id=11964, stack(0x000000cfdca90000,0x000000cfdcb90000)]

Other Threads:
=>0x000002af234d0070 VMThread "VM Thread" [stack: 0x000000cfda400000,0x000000cfda500000] [id=9332]
  0x000002af79191580 GCTaskThread "GC Thread#0" [stack: 0x000000cfd9f00000,0x000000cfda000000] [id=14424]
  0x000002af253bffd0 GCTaskThread "GC Thread#1" [stack: 0x000000cfdb600000,0x000000cfdb700000] [id=10884]
  0x000002af253c0280 GCTaskThread "GC Thread#2" [stack: 0x000000cfdb700000,0x000000cfdb800000] [id=12916]
  0x000002af253e2ca0 GCTaskThread "GC Thread#3" [stack: 0x000000cfdbf00000,0x000000cfdc000000] [id=10524]
  0x000002af253e2f50 GCTaskThread "GC Thread#4" [stack: 0x000000cfdc000000,0x000000cfdc100000] [id=16780]
  0x000002af253e3610 GCTaskThread "GC Thread#5" [stack: 0x000000cfdc100000,0x000000cfdc200000] [id=7952]
  0x000002af253f2590 GCTaskThread "GC Thread#6" [stack: 0x000000cfdc200000,0x000000cfdc300000] [id=13996]
  0x000002af253f2840 GCTaskThread "GC Thread#7" [stack: 0x000000cfdc300000,0x000000cfdc400000] [id=9688]
  0x000002af253f3700 GCTaskThread "GC Thread#8" [stack: 0x000000cfdc400000,0x000000cfdc500000] [id=19104]
  0x000002af255696b0 GCTaskThread "GC Thread#9" [stack: 0x000000cfdb100000,0x000000cfdb200000] [id=4324]
  0x000002af7919e1a0 ConcurrentGCThread "G1 Main Marker" terminated
  0x000002af7919f160 ConcurrentGCThread "G1 Conc#0" [stack: 0x000000cfda100000,0x000000cfda200000] [id=2204]
  0x000002af79208940 ConcurrentGCThread "G1 Refine#0" terminated
  0x000002af79209170 ConcurrentGCThread "G1 Service" terminated

Threads with active compile tasks:
C1 CompilerThread0  
[error occurred during error reporting (printing all threads), id 0xc0000005, EXCEPTION_ACCESS_VIOLATION (0xc0000005) at pc=0x00007ffec859e683]

VM state: at safepoint (shutting down)

VM Mutex/Monitor currently owned by a thread:  ([mutex/lock_event])
[0x000002af7912b1a0] Threads_lock - owner thread: 0x000002af234d0070
[0x000002af7912b8f0] Heap_lock - owner thread: 0x000002af24a99650

Heap address: 0x0000000682400000, size: 6108 MB, Compressed Oops mode: Zero based, Oop shift amount: 3

CDS archive(s) mapped at: [0x0000000800000000-0x0000000800bc0000-0x0000000800bc0000), size 12320768, SharedBaseAddress: 0x0000000800000000, ArchiveRelocationMode: 0.
Compressed class space mapped at: 0x0000000800c00000-0x0000000840c00000, reserved size: 1073741824
Narrow klass base: 0x0000000800000000, Narrow klass shift: 0, Narrow klass range: 0x100000000

GC Precious Log:
 CPUs: 16 total, 16 available
 Memory: 24428M
 Large Page Support: Disabled
 NUMA Support: Disabled
 Compressed Oops: Enabled (Zero based)
 Heap Region Size: 4M
 Heap Min Capacity: 8M
 Heap Initial Capacity: 384M
 Heap Max Capacity: 6108M
 Pre-touch: Disabled
 Parallel Workers: 13
 Concurrent Workers: 3
 Concurrent Refinement Workers: 13
 Periodic GC: Disabled

Heap:
 garbage-first heap   total 393216K, used 61640K [0x0000000682400000, 0x0000000800000000)
  region size 4096K, 11 young (45056K), 2 survivors (8192K)
 Metaspace       used 18129K, committed 18368K, reserved 1064960K
  class space    used 2629K, committed 2752K, reserved 1048576K

Heap Regions: E=young(eden), S=young(survivor), O=old, HS=humongous(starts), HC=humongous(continues), CS=collection set, F=free, OA=open archive, CA=closed archive, TAMS=top-at-mark-start (previous, next)
|   0|0x0000000682400000, 0x0000000682800000, 0x0000000682800000|100%|HS|  |TAMS 0x0000000682400000, 0x0000000682400000| Complete 
|   1|0x0000000682800000, 0x0000000682c00000, 0x0000000682c00000|100%|HS|  |TAMS 0x0000000682800000, 0x0000000682800000| Complete 
|   2|0x0000000682c00000, 0x0000000682c32200, 0x0000000683000000|  4%| O|  |TAMS 0x0000000682c00000, 0x0000000682c00000| Untracked 
|   3|0x0000000683000000, 0x0000000683400000, 0x0000000683400000|100%|HS|  |TAMS 0x0000000683000000, 0x0000000683000000| Complete 
|   4|0x0000000683400000, 0x0000000683800000, 0x0000000683800000|100%|HS|  |TAMS 0x0000000683400000, 0x0000000683400000| Complete 
|   5|0x0000000683800000, 0x0000000683c00000, 0x0000000683c00000|100%|HS|  |TAMS 0x0000000683800000, 0x0000000683800000| Complete 
|   6|0x0000000683c00000, 0x0000000683c00000, 0x0000000684000000|  0%| F|  |TAMS 0x0000000683c00000, 0x0000000683c00000| Untracked 
|   7|0x0000000684000000, 0x0000000684000000, 0x0000000684400000|  0%| F|  |TAMS 0x0000000684000000, 0x0000000684000000| Untracked 
|   8|0x0000000684400000, 0x0000000684400000, 0x0000000684800000|  0%| F|  |TAMS 0x0000000684400000, 0x0000000684400000| Untracked 
|   9|0x0000000684800000, 0x0000000684800000, 0x0000000684c00000|  0%| F|  |TAMS 0x0000000684800000, 0x0000000684800000| Untracked 
|  10|0x0000000684c00000, 0x0000000684c00000, 0x0000000685000000|  0%| F|  |TAMS 0x0000000684c00000, 0x0000000684c00000| Untracked 
|  11|0x0000000685000000, 0x0000000685000000, 0x0000000685400000|  0%| F|  |TAMS 0x0000000685000000, 0x0000000685000000| Untracked 
|  12|0x0000000685400000, 0x0000000685400000, 0x0000000685800000|  0%| F|  |TAMS 0x0000000685400000, 0x0000000685400000| Untracked 
|  13|0x0000000685800000, 0x0000000685800000, 0x0000000685c00000|  0%| F|  |TAMS 0x0000000685800000, 0x0000000685800000| Untracked 
|  14|0x0000000685c00000, 0x0000000685c00000, 0x0000000686000000|  0%| F|  |TAMS 0x0000000685c00000, 0x0000000685c00000| Untracked 
|  15|0x0000000686000000, 0x0000000686000000, 0x0000000686400000|  0%| F|  |TAMS 0x0000000686000000, 0x0000000686000000| Untracked 
|  16|0x0000000686400000, 0x0000000686400000, 0x0000000686800000|  0%| F|  |TAMS 0x0000000686400000, 0x0000000686400000| Untracked 
|  17|0x0000000686800000, 0x0000000686800000, 0x0000000686c00000|  0%| F|  |TAMS 0x0000000686800000, 0x0000000686800000| Untracked 
|  18|0x0000000686c00000, 0x0000000686c00000, 0x0000000687000000|  0%| F|  |TAMS 0x0000000686c00000, 0x0000000686c00000| Untracked 
|  19|0x0000000687000000, 0x0000000687000000, 0x0000000687400000|  0%| F|  |TAMS 0x0000000687000000, 0x0000000687000000| Untracked 
|  20|0x0000000687400000, 0x0000000687400000, 0x0000000687800000|  0%| F|  |TAMS 0x0000000687400000, 0x0000000687400000| Untracked 
|  21|0x0000000687800000, 0x0000000687800000, 0x0000000687c00000|  0%| F|  |TAMS 0x0000000687800000, 0x0000000687800000| Untracked 
|  22|0x0000000687c00000, 0x0000000687c00000, 0x0000000688000000|  0%| F|  |TAMS 0x0000000687c00000, 0x0000000687c00000| Untracked 
|  23|0x0000000688000000, 0x0000000688000000, 0x0000000688400000|  0%| F|  |TAMS 0x0000000688000000, 0x0000000688000000| Untracked 
|  24|0x0000000688400000, 0x0000000688400000, 0x0000000688800000|  0%| F|  |TAMS 0x0000000688400000, 0x0000000688400000| Untracked 
|  25|0x0000000688800000, 0x0000000688800000, 0x0000000688c00000|  0%| F|  |TAMS 0x0000000688800000, 0x0000000688800000| Untracked 
|  26|0x0000000688c00000, 0x0000000688c00000, 0x0000000689000000|  0%| F|  |TAMS 0x0000000688c00000, 0x0000000688c00000| Untracked 
|  27|0x0000000689000000, 0x0000000689000000, 0x0000000689400000|  0%| F|  |TAMS 0x0000000689000000, 0x0000000689000000| Untracked 
|  28|0x0000000689400000, 0x0000000689400000, 0x0000000689800000|  0%| F|  |TAMS 0x0000000689400000, 0x0000000689400000| Untracked 
|  29|0x0000000689800000, 0x0000000689800000, 0x0000000689c00000|  0%| F|  |TAMS 0x0000000689800000, 0x0000000689800000| Untracked 
|  30|0x0000000689c00000, 0x0000000689c00000, 0x000000068a000000|  0%| F|  |TAMS 0x0000000689c00000, 0x0000000689c00000| Untracked 
|  31|0x000000068a000000, 0x000000068a000000, 0x000000068a400000|  0%| F|  |TAMS 0x000000068a000000, 0x000000068a000000| Untracked 
|  32|0x000000068a400000, 0x000000068a400000, 0x000000068a800000|  0%| F|  |TAMS 0x000000068a400000, 0x000000068a400000| Untracked 
|  33|0x000000068a800000, 0x000000068a800000, 0x000000068ac00000|  0%| F|  |TAMS 0x000000068a800000, 0x000000068a800000| Untracked 
|  34|0x000000068ac00000, 0x000000068ac00000, 0x000000068b000000|  0%| F|  |TAMS 0x000000068ac00000, 0x000000068ac00000| Untracked 
|  35|0x000000068b000000, 0x000000068b000000, 0x000000068b400000|  0%| F|  |TAMS 0x000000068b000000, 0x000000068b000000| Untracked 
|  36|0x000000068b400000, 0x000000068b400000, 0x000000068b800000|  0%| F|  |TAMS 0x000000068b400000, 0x000000068b400000| Untracked 
|  37|0x000000068b800000, 0x000000068b800000, 0x000000068bc00000|  0%| F|  |TAMS 0x000000068b800000, 0x000000068b800000| Untracked 
|  38|0x000000068bc00000, 0x000000068bc00000, 0x000000068c000000|  0%| F|  |TAMS 0x000000068bc00000, 0x000000068bc00000| Untracked 
|  39|0x000000068c000000, 0x000000068c000000, 0x000000068c400000|  0%| F|  |TAMS 0x000000068c000000, 0x000000068c000000| Untracked 
|  40|0x000000068c400000, 0x000000068c400000, 0x000000068c800000|  0%| F|  |TAMS 0x000000068c400000, 0x000000068c400000| Untracked 
|  41|0x000000068c800000, 0x000000068c800000, 0x000000068cc00000|  0%| F|  |TAMS 0x000000068c800000, 0x000000068c800000| Untracked 
|  42|0x000000068cc00000, 0x000000068cc00000, 0x000000068d000000|  0%| F|  |TAMS 0x000000068cc00000, 0x000000068cc00000| Untracked 
|  43|0x000000068d000000, 0x000000068d000000, 0x000000068d400000|  0%| F|  |TAMS 0x000000068d000000, 0x000000068d000000| Untracked 
|  44|0x000000068d400000, 0x000000068d400000, 0x000000068d800000|  0%| F|  |TAMS 0x000000068d400000, 0x000000068d400000| Untracked 
|  45|0x000000068d800000, 0x000000068d800000, 0x000000068dc00000|  0%| F|  |TAMS 0x000000068d800000, 0x000000068d800000| Untracked 
|  46|0x000000068dc00000, 0x000000068dc00000, 0x000000068e000000|  0%| F|  |TAMS 0x000000068dc00000, 0x000000068dc00000| Untracked 
|  47|0x000000068e000000, 0x000000068e000000, 0x000000068e400000|  0%| F|  |TAMS 0x000000068e000000, 0x000000068e000000| Untracked 
|  48|0x000000068e400000, 0x000000068e400000, 0x000000068e800000|  0%| F|  |TAMS 0x000000068e400000, 0x000000068e400000| Untracked 
|  49|0x000000068e800000, 0x000000068e800000, 0x000000068ec00000|  0%| F|  |TAMS 0x000000068e800000, 0x000000068e800000| Untracked 
|  50|0x000000068ec00000, 0x000000068ec00000, 0x000000068f000000|  0%| F|  |TAMS 0x000000068ec00000, 0x000000068ec00000| Untracked 
|  51|0x000000068f000000, 0x000000068f000000, 0x000000068f400000|  0%| F|  |TAMS 0x000000068f000000, 0x000000068f000000| Untracked 
|  52|0x000000068f400000, 0x000000068f400000, 0x000000068f800000|  0%| F|  |TAMS 0x000000068f400000, 0x000000068f400000| Untracked 
|  53|0x000000068f800000, 0x000000068f800000, 0x000000068fc00000|  0%| F|  |TAMS 0x000000068f800000, 0x000000068f800000| Untracked 
|  54|0x000000068fc00000, 0x000000068fc00000, 0x0000000690000000|  0%| F|  |TAMS 0x000000068fc00000, 0x000000068fc00000| Untracked 
|  55|0x0000000690000000, 0x0000000690000000, 0x0000000690400000|  0%| F|  |TAMS 0x0000000690000000, 0x0000000690000000| Untracked 
|  56|0x0000000690400000, 0x0000000690400000, 0x0000000690800000|  0%| F|  |TAMS 0x0000000690400000, 0x0000000690400000| Untracked 
|  57|0x0000000690800000, 0x0000000690800000, 0x0000000690c00000|  0%| F|  |TAMS 0x0000000690800000, 0x0000000690800000| Untracked 
|  58|0x0000000690c00000, 0x0000000690c00000, 0x0000000691000000|  0%| F|  |TAMS 0x0000000690c00000, 0x0000000690c00000| Untracked 
|  59|0x0000000691000000, 0x0000000691000000, 0x0000000691400000|  0%| F|  |TAMS 0x0000000691000000, 0x0000000691000000| Untracked 
|  60|0x0000000691400000, 0x0000000691400000, 0x0000000691800000|  0%| F|  |TAMS 0x0000000691400000, 0x0000000691400000| Untracked 
|  61|0x0000000691800000, 0x0000000691800000, 0x0000000691c00000|  0%| F|  |TAMS 0x0000000691800000, 0x0000000691800000| Untracked 
|  62|0x0000000691c00000, 0x0000000691c00000, 0x0000000692000000|  0%| F|  |TAMS 0x0000000691c00000, 0x0000000691c00000| Untracked 
|  63|0x0000000692000000, 0x0000000692000000, 0x0000000692400000|  0%| F|  |TAMS 0x0000000692000000, 0x0000000692000000| Untracked 
|  64|0x0000000692400000, 0x0000000692400000, 0x0000000692800000|  0%| F|  |TAMS 0x0000000692400000, 0x0000000692400000| Untracked 
|  65|0x0000000692800000, 0x0000000692800000, 0x0000000692c00000|  0%| F|  |TAMS 0x0000000692800000, 0x0000000692800000| Untracked 
|  66|0x0000000692c00000, 0x0000000692c00000, 0x0000000693000000|  0%| F|  |TAMS 0x0000000692c00000, 0x0000000692c00000| Untracked 
|  67|0x0000000693000000, 0x0000000693000000, 0x0000000693400000|  0%| F|  |TAMS 0x0000000693000000, 0x0000000693000000| Untracked 
|  68|0x0000000693400000, 0x0000000693400000, 0x0000000693800000|  0%| F|  |TAMS 0x0000000693400000, 0x0000000693400000| Untracked 
|  69|0x0000000693800000, 0x0000000693800000, 0x0000000693c00000|  0%| F|  |TAMS 0x0000000693800000, 0x0000000693800000| Untracked 
|  70|0x0000000693c00000, 0x0000000693c00000, 0x0000000694000000|  0%| F|  |TAMS 0x0000000693c00000, 0x0000000693c00000| Untracked 
|  71|0x0000000694000000, 0x0000000694000000, 0x0000000694400000|  0%| F|  |TAMS 0x0000000694000000, 0x0000000694000000| Untracked 
|  72|0x0000000694400000, 0x0000000694400000, 0x0000000694800000|  0%| F|  |TAMS 0x0000000694400000, 0x0000000694400000| Untracked 
|  73|0x0000000694800000, 0x0000000694800000, 0x0000000694c00000|  0%| F|  |TAMS 0x0000000694800000, 0x0000000694800000| Untracked 
|  74|0x0000000694c00000, 0x0000000694c00000, 0x0000000695000000|  0%| F|  |TAMS 0x0000000694c00000, 0x0000000694c00000| Untracked 
|  75|0x0000000695000000, 0x0000000695000000, 0x0000000695400000|  0%| F|  |TAMS 0x0000000695000000, 0x0000000695000000| Untracked 
|  76|0x0000000695400000, 0x0000000695400000, 0x0000000695800000|  0%| F|  |TAMS 0x0000000695400000, 0x0000000695400000| Untracked 
|  77|0x0000000695800000, 0x0000000695800000, 0x0000000695c00000|  0%| F|  |TAMS 0x0000000695800000, 0x0000000695800000| Untracked 
|  78|0x0000000695c00000, 0x0000000695c00000, 0x0000000696000000|  0%| F|  |TAMS 0x0000000695c00000, 0x0000000695c00000| Untracked 
|  79|0x0000000696000000, 0x0000000696000000, 0x0000000696400000|  0%| F|  |TAMS 0x0000000696000000, 0x0000000696000000| Untracked 
|  80|0x0000000696400000, 0x0000000696400000, 0x0000000696800000|  0%| F|  |TAMS 0x0000000696400000, 0x0000000696400000| Untracked 
|  81|0x0000000696800000, 0x0000000696800000, 0x0000000696c00000|  0%| F|  |TAMS 0x0000000696800000, 0x0000000696800000| Untracked 
|  82|0x0000000696c00000, 0x0000000696c00000, 0x0000000697000000|  0%| F|  |TAMS 0x0000000696c00000, 0x0000000696c00000| Untracked 
|  83|0x0000000697000000, 0x0000000697400000, 0x0000000697400000|100%| S|CS|TAMS 0x0000000697000000, 0x0000000697000000| Complete 
|  84|0x0000000697400000, 0x0000000697800000, 0x0000000697800000|100%| S|CS|TAMS 0x0000000697400000, 0x0000000697400000| Complete 
|  85|0x0000000697800000, 0x0000000697800000, 0x0000000697c00000|  0%| F|  |TAMS 0x0000000697800000, 0x0000000697800000| Untracked 
|  86|0x0000000697c00000, 0x0000000697c00000, 0x0000000698000000|  0%| F|  |TAMS 0x0000000697c00000, 0x0000000697c00000| Untracked 
|  87|0x0000000698000000, 0x000000069807b628, 0x0000000698400000| 12%| E|  |TAMS 0x0000000698000000, 0x0000000698000000| Complete 
|  88|0x0000000698400000, 0x0000000698800000, 0x0000000698800000|100%| E|CS|TAMS 0x0000000698400000, 0x0000000698400000| Complete 
|  89|0x0000000698800000, 0x0000000698c00000, 0x0000000698c00000|100%| E|CS|TAMS 0x0000000698800000, 0x0000000698800000| Complete 
|  90|0x0000000698c00000, 0x0000000699000000, 0x0000000699000000|100%| E|CS|TAMS 0x0000000698c00000, 0x0000000698c00000| Complete 
|  91|0x0000000699000000, 0x0000000699400000, 0x0000000699400000|100%| E|CS|TAMS 0x0000000699000000, 0x0000000699000000| Complete 
|  92|0x0000000699400000, 0x0000000699800000, 0x0000000699800000|100%| E|CS|TAMS 0x0000000699400000, 0x0000000699400000| Complete 
|  93|0x0000000699800000, 0x0000000699c00000, 0x0000000699c00000|100%| E|CS|TAMS 0x0000000699800000, 0x0000000699800000| Complete 
|  94|0x0000000699c00000, 0x000000069a000000, 0x000000069a000000|100%| E|CS|TAMS 0x0000000699c00000, 0x0000000699c00000| Complete 
|  95|0x000000069a000000, 0x000000069a400000, 0x000000069a400000|100%| E|CS|TAMS 0x000000069a000000, 0x000000069a000000| Complete 

Card table byte_map: [0x000002af7c5a0000,0x000002af7d190000] _byte_map_base: 0x000002af7918e000

Marking Bits (Prev, Next): (CMBitMap*) 0x000002af791919a0, (CMBitMap*) 0x000002af791919e0
 Prev Bits: [0x000002af16780000, 0x000002af1c6f0000)
 Next Bits: [0x000002af1c6f0000, 0x000002af22660000)

Polling page: 0x000002af79210000

Metaspace:

Usage:
  Non-class:     15.14 MB used.
      Class:      2.57 MB used.
       Both:     17.70 MB used.

Virtual space:
  Non-class space:       16.00 MB reserved,      15.25 MB ( 95%) committed,  2 nodes.
      Class space:        1.00 GB reserved,       2.69 MB ( <1%) committed,  1 nodes.
             Both:        1.02 GB reserved,      17.94 MB (  2%) committed. 

Chunk freelists:
   Non-Class:  400.00 KB
       Class:  1.19 MB
        Both:  1.58 MB

MaxMetaspaceSize: unlimited
CompressedClassSpaceSize: 1.00 GB
Initial GC threshold: 21.00 MB
Current GC threshold: 21.00 MB
CDS: on
MetaspaceReclaimPolicy: balanced
 - commit_granule_bytes: 65536.
 - commit_granule_words: 8192.
 - virtual_space_node_default_size: 1048576.
 - enlarge_chunks_in_place: 1.
 - new_chunks_are_fully_committed: 0.
 - uncommit_free_chunks: 1.
 - use_allocation_guard: 0.
 - handle_deallocations: 1.


Internal statistics:

num_allocs_failed_limit: 0.
num_arena_births: 232.
num_arena_deaths: 0.
num_vsnodes_births: 3.
num_vsnodes_deaths: 0.
num_space_committed: 287.
num_space_uncommitted: 0.
num_chunks_returned_to_freelist: 0.
num_chunks_taken_from_freelist: 877.
num_chunk_merges: 0.
num_chunk_splits: 608.
num_chunks_enlarged: 471.
num_purges: 0.
num_inconsistent_stats: 0.

CodeHeap 'non-profiled nmethods': size=119168Kb used=2190Kb max_used=2190Kb free=116977Kb
 bounds [0x000002af0f320000, 0x000002af0f590000, 0x000002af16780000]
CodeHeap 'profiled nmethods': size=119104Kb used=8786Kb max_used=8786Kb free=110317Kb
 bounds [0x000002af07ed0000, 0x000002af08770000, 0x000002af0f320000]
CodeHeap 'non-nmethods': size=7488Kb used=1431Kb max_used=3180Kb free=6056Kb
 bounds [0x000002af07780000, 0x000002af07aa0000, 0x000002af07ed0000]
 total_blobs=5033 nmethods=4243 adapters=702
 compilation: enabled
              stopped_count=0, restarted_count=0
 full_count=0

Compilation events (20 events):
Event: 59.335 Thread 0x000002af234fa540 4237       1       com.sun.prism.impl.ps.BaseShaderGraphics::setLights (6 bytes)
Event: 59.335 Thread 0x000002af234fa540 nmethod 4237 0x000002af0f541a90 code [0x000002af0f541c20, 0x000002af0f541d38]
Event: 59.335 Thread 0x000002af234fa540 4238       1       com.sun.prism.impl.BaseGraphics::setDepthBuffer (6 bytes)
Event: 59.335 Thread 0x000002af234fa540 nmethod 4238 0x000002af0f541d90 code [0x000002af0f541f20, 0x000002af0f541ff8]
Event: 59.335 Thread 0x000002af234fa540 4239       1       com.sun.javafx.tk.quantum.SceneState::getClearColor (5 bytes)
Event: 59.335 Thread 0x000002af234fa540 nmethod 4239 0x000002af0f542090 code [0x000002af0f542220, 0x000002af0f5422f8]
Event: 59.335 Thread 0x000002af234fa540 4240       1       com.sun.javafx.tk.quantum.SceneState::getCurrentPaint (5 bytes)
Event: 59.335 Thread 0x000002af234fa540 nmethod 4240 0x000002af0f542390 code [0x000002af0f542520, 0x000002af0f5425f8]
Event: 59.335 Thread 0x000002af234fa540 4241       1       com.sun.prism.impl.BaseGraphics::setCamera (6 bytes)
Event: 59.335 Thread 0x000002af234fa540 nmethod 4241 0x000002af0f542690 code [0x000002af0f542820, 0x000002af0f542938]
Event: 59.336 Thread 0x000002af234fa540 4242       3       com.sun.prism.impl.BaseResourcePool::freeDisposalRequestedAndCheckResources (156 bytes)
Event: 59.337 Thread 0x000002af234fa540 nmethod 4242 0x000002af08763090 code [0x000002af087632e0, 0x000002af08763e48]
Event: 59.393 Thread 0x000002af234fa540 4243       3       javafx.scene.Node$FocusedProperty::get (10 bytes)
Event: 59.394 Thread 0x000002af234fa540 nmethod 4243 0x000002af08764210 code [0x000002af087643a0, 0x000002af087644b8]
Event: 59.396 Thread 0x000002af234f0350 4244       4       java.lang.StringConcatHelper::simpleConcat (94 bytes)
Event: 59.401 Thread 0x000002af234f0350 nmethod 4244 0x000002af0f542990 code [0x000002af0f542b60, 0x000002af0f5431d8]
Event: 59.401 Thread 0x000002af234fa540 4245       3       java.util.concurrent.ThreadPoolExecutor::runStateAtLeast (11 bytes)
Event: 59.401 Thread 0x000002af234fa540 nmethod 4245 0x000002af08764590 code [0x000002af08764720, 0x000002af08764878]
Event: 59.401 Thread 0x000002af234fa540 4246       1       com.sun.prism.d3d.D3DContext::getResourceFactory (5 bytes)
Event: 59.401 Thread 0x000002af234fa540 nmethod 4246 0x000002af0f543790 code [0x000002af0f543920, 0x000002af0f5439f8]

GC Heap History (4 events):
Event: 0.303 GC heap before
{Heap before GC invocations=0 (full 0):
 garbage-first heap   total 393216K, used 16384K [0x0000000682400000, 0x0000000800000000)
  region size 4096K, 5 young (20480K), 0 survivors (0K)
 Metaspace       used 4009K, committed 4096K, reserved 1056768K
  class space    used 460K, committed 512K, reserved 1048576K
}
Event: 0.305 GC heap after
{Heap after GC invocations=1 (full 0):
 garbage-first heap   total 393216K, used 2711K [0x0000000682400000, 0x0000000800000000)
  region size 4096K, 1 young (4096K), 1 survivors (4096K)
 Metaspace       used 4009K, committed 4096K, reserved 1056768K
  class space    used 460K, committed 512K, reserved 1048576K
}
Event: 4.496 GC heap before
{Heap before GC invocations=1 (full 0):
 garbage-first heap   total 393216K, used 51863K [0x0000000682400000, 0x0000000800000000)
  region size 4096K, 11 young (45056K), 1 survivors (4096K)
 Metaspace       used 14223K, committed 14400K, reserved 1064960K
  class space    used 2098K, committed 2176K, reserved 1048576K
}
Event: 4.500 GC heap after
{Heap after GC invocations=2 (full 0):
 garbage-first heap   total 393216K, used 16584K [0x0000000682400000, 0x0000000800000000)
  region size 4096K, 2 young (8192K), 2 survivors (8192K)
 Metaspace       used 14223K, committed 14400K, reserved 1064960K
  class space    used 2098K, committed 2176K, reserved 1048576K
}

Deoptimization events (20 events):
Event: 58.321 Thread 0x000002af24a99650 Uncommon trap: trap_request=0xffffffd6 fr.pc=0x000002af0f52e1b8 relative=0x0000000000000358
Event: 58.321 Thread 0x000002af24a99650 Uncommon trap: reason=array_check action=maybe_recompile pc=0x000002af0f52e1b8 method=javafx.css.CompoundSelector.applies(Ljavafx/css/Styleable;[Ljava/util/Set;I)Z @ 128 c2
Event: 58.321 Thread 0x000002af24a99650 DEOPT PACKING pc=0x000002af0f52e1b8 sp=0x000000cfdbdef800
Event: 58.321 Thread 0x000002af24a99650 DEOPT UNPACKING pc=0x000002af077d23a3 sp=0x000000cfdbdef788 mode 2
Event: 58.329 Thread 0x000002af24a99650 Uncommon trap: trap_request=0xffffff45 fr.pc=0x000002af0f425748 relative=0x0000000000004f28
Event: 58.329 Thread 0x000002af24a99650 Uncommon trap: reason=unstable_if action=reinterpret pc=0x000002af0f425748 method=java.util.HashMap.removeNode(ILjava/lang/Object;Ljava/lang/Object;ZZ)Ljava/util/HashMap$Node; @ 46 c2
Event: 58.329 Thread 0x000002af24a99650 DEOPT PACKING pc=0x000002af0f425748 sp=0x000000cfdbdef3f0
Event: 58.329 Thread 0x000002af24a99650 DEOPT UNPACKING pc=0x000002af077d23a3 sp=0x000000cfdbdef250 mode 2
Event: 58.331 Thread 0x000002af24a99650 Uncommon trap: trap_request=0xffffff45 fr.pc=0x000002af0f441adc relative=0x000000000000005c
Event: 58.331 Thread 0x000002af24a99650 Uncommon trap: reason=unstable_if action=reinterpret pc=0x000002af0f441adc method=java.util.Objects.equals(Ljava/lang/Object;Ljava/lang/Object;)Z @ 6 c2
Event: 58.331 Thread 0x000002af24a99650 DEOPT PACKING pc=0x000002af0f441adc sp=0x000000cfdbdef4d0
Event: 58.331 Thread 0x000002af24a99650 DEOPT UNPACKING pc=0x000002af077d23a3 sp=0x000000cfdbdef470 mode 2
Event: 58.334 Thread 0x000002af24a99650 Uncommon trap: trap_request=0xffffff45 fr.pc=0x000002af0f3ad9bc relative=0x0000000000000f1c
Event: 58.334 Thread 0x000002af24a99650 Uncommon trap: reason=unstable_if action=reinterpret pc=0x000002af0f3ad9bc method=java.util.concurrent.ConcurrentHashMap.putVal(Ljava/lang/Object;Ljava/lang/Object;Z)Ljava/lang/Object; @ 148 c2
Event: 58.334 Thread 0x000002af24a99650 DEOPT PACKING pc=0x000002af0f3ad9bc sp=0x000000cfdbdee830
Event: 58.334 Thread 0x000002af24a99650 DEOPT UNPACKING pc=0x000002af077d23a3 sp=0x000000cfdbdee7b0 mode 2
Event: 58.336 Thread 0x000002af24a99650 Uncommon trap: trap_request=0xffffff45 fr.pc=0x000002af0f330b98 relative=0x00000000000000f8
Event: 58.336 Thread 0x000002af24a99650 Uncommon trap: reason=unstable_if action=reinterpret pc=0x000002af0f330b98 method=java.lang.StringLatin1.lastIndexOf([BI[BII)I @ 86 c2
Event: 58.336 Thread 0x000002af24a99650 DEOPT PACKING pc=0x000002af0f330b98 sp=0x000000cfdbdee710
Event: 58.336 Thread 0x000002af24a99650 DEOPT UNPACKING pc=0x000002af077d23a3 sp=0x000000cfdbdee668 mode 2

Classes unloaded (0 events):
No events

Classes redefined (0 events):
No events

Internal exceptions (20 events):
Event: 0.571 Thread 0x000002af24a99650 Exception <a 'java/lang/IncompatibleClassChangeError'{0x0000000698a75e40}: Found class java.lang.Object, but interface was expected> (0x0000000698a75e40) 
thrown [t:\workspace\open\src\hotspot\share\interpreter\linkResolver.cpp, line 833]
Event: 0.606 Thread 0x000002af24a99650 Exception <a 'java/lang/NoSuchMethodError'{0x0000000698467170}: 'java.lang.Object java.lang.invoke.DirectMethodHandle$Holder.newInvokeSpecial(java.lang.Object, java.lang.Object, int)'> (0x0000000698467170) 
thrown [t:\workspace\open\src\hotspot\share\interpreter\linkResolver.cpp, line 766]
Event: 0.622 Thread 0x000002af244c95f0 Exception <a 'java/lang/NoSuchMethodError'{0x00000006985d4838}: 'int java.lang.invoke.DirectMethodHandle$Holder.invokeStaticInit(java.lang.Object, java.lang.Object)'> (0x00000006985d4838) 
thrown [t:\workspace\open\src\hotspot\share\interpreter\linkResolver.cpp, line 766]
Event: 4.327 Thread 0x000002af24a99650 Exception <a 'java/lang/NoSuchMethodError'{0x00000006982b4dd0}: 'long java.lang.invoke.DirectMethodHandle$Holder.invokeStatic(java.lang.Object, java.lang.Object, java.lang.Object)'> (0x00000006982b4dd0) 
thrown [t:\workspace\open\src\hotspot\share\interpreter\linkResolver.cpp, line 766]
Event: 4.327 Thread 0x000002af24a99650 Exception <a 'java/lang/NoSuchMethodError'{0x00000006982b8578}: 'long java.lang.invoke.DirectMethodHandle$Holder.invokeStaticInit(java.lang.Object, java.lang.Object, java.lang.Object)'> (0x00000006982b8578) 
thrown [t:\workspace\open\src\hotspot\share\interpreter\linkResolver.cpp, line 766]
Event: 4.329 Thread 0x000002af24a99650 Exception <a 'java/lang/NoSuchMethodError'{0x00000006982d0180}: 'java.lang.Object java.lang.invoke.DirectMethodHandle$Holder.newInvokeSpecial(java.lang.Object, java.lang.Object, long)'> (0x00000006982d0180) 
thrown [t:\workspace\open\src\hotspot\share\interpreter\linkResolver.cpp, line 766]
Event: 4.329 Thread 0x000002af24a99650 Exception <a 'java/lang/NoSuchMethodError'{0x00000006982d3cf0}: 'java.lang.Object java.lang.invoke.Invokers$Holder.linkToTargetMethod(java.lang.Object, long, java.lang.Object)'> (0x00000006982d3cf0) 
thrown [t:\workspace\open\src\hotspot\share\interpreter\linkResolver.cpp, line 766]
Event: 4.444 Thread 0x000002af24a99650 Exception <a 'java/lang/ClassNotFoundException'{0x0000000697e9e608}: com/sun/javafx/scene/control/skin/resources/controls> (0x0000000697e9e608) 
thrown [t:\workspace\open\src\hotspot\share\prims\jni.cpp, line 535]
Event: 4.445 Thread 0x000002af24a99650 Exception <a 'java/lang/ClassNotFoundException'{0x0000000697eac8a0}: com/sun/javafx/scene/control/skin/resources/controls_es> (0x0000000697eac8a0) 
thrown [t:\workspace\open\src\hotspot\share\prims\jni.cpp, line 535]
Event: 4.446 Thread 0x000002af24a99650 Exception <a 'java/lang/ClassNotFoundException'{0x0000000697eba7f8}: com/sun/javafx/scene/control/skin/resources/controls_es_CO> (0x0000000697eba7f8) 
thrown [t:\workspace\open\src\hotspot\share\prims\jni.cpp, line 535]
Event: 5.337 Thread 0x000002af24a99650 Exception <a 'java/lang/NoSuchMethodError'{0x0000000699ab6dd8}: 'void java.lang.invoke.DirectMethodHandle$Holder.invokeSpecial(java.lang.Object, java.lang.Object, java.lang.Object, java.lang.Object, java.lang.Object, java.lang.Object)'> (0x0000000699ab6dd8) 
thrown [t:\workspace\open\src\hotspot\share\interpreter\linkResolver.cpp, line 766]
Event: 5.364 Thread 0x000002af24a99650 Exception <a 'java/lang/NoSuchMethodError'{0x00000006994db718}: 'void java.lang.invoke.DirectMethodHandle$Holder.invokeSpecialIFC(java.lang.Object, java.lang.Object, java.lang.Object, java.lang.Object)'> (0x00000006994db718) 
thrown [t:\workspace\open\src\hotspot\share\interpreter\linkResolver.cpp, line 766]
Event: 5.374 Thread 0x000002af24a99650 Exception <a 'java/lang/NoSuchMethodError'{0x00000006995ee430}: 'int java.lang.invoke.DirectMethodHandle$Holder.invokeSpecial(java.lang.Object, java.lang.Object, int)'> (0x00000006995ee430) 
thrown [t:\workspace\open\src\hotspot\share\interpreter\linkResolver.cpp, line 766]
Event: 6.839 Thread 0x000002af244c95f0 Exception <a 'java/lang/NoSuchMethodError'{0x0000000699cee1e0}: 'java.lang.Object java.lang.invoke.DirectMethodHandle$Holder.invokeStaticInit(java.lang.Object, int)'> (0x0000000699cee1e0) 
thrown [t:\workspace\open\src\hotspot\share\interpreter\linkResolver.cpp, line 766]
Event: 43.658 Thread 0x000002af24a99650 Implicit null exception at 0x000002af0f48489f to 0x000002af0f4853a8
Event: 43.658 Thread 0x000002af24a99650 Implicit null exception at 0x000002af0f48bea2 to 0x000002af0f48befc
Event: 55.108 Thread 0x000002af24a99650 Implicit null exception at 0x000002af0f4cb158 to 0x000002af0f4d579c
Event: 56.888 Thread 0x000002af24a99650 Exception <a 'java/lang/NoSuchMethodError'{0x00000006984656c8}: 'java.lang.Object java.lang.invoke.DirectMethodHandle$Holder.newInvokeSpecial(java.lang.Object, java.lang.Object, int, int, int, int, int, java.lang.Object)'> (0x00000006984656c8) 
thrown [t:\workspace\open\src\hotspot\share\interpreter\linkResolver.cpp, line 766]
Event: 56.889 Thread 0x000002af24a99650 Exception <a 'java/lang/NoSuchMethodError'{0x0000000698479be8}: 'java.lang.Object java.lang.invoke.DirectMethodHandle$Holder.newInvokeSpecial(java.lang.Object, java.lang.Object, java.lang.Object, int, int, int, int, int)'> (0x0000000698479be8) 
thrown [t:\workspace\open\src\hotspot\share\interpreter\linkResolver.cpp, line 766]
Event: 56.890 Thread 0x000002af24a99650 Exception <a 'java/lang/NoSuchMethodError'{0x0000000698482988}: 'java.lang.Object java.lang.invoke.Invokers$Holder.linkToTargetMethod(java.lang.Object, java.lang.Object, int, int, int, int, int, java.lang.Object)'> (0x0000000698482988) 
thrown [t:\workspace\open\src\hotspot\share\interpreter\linkResolver.cpp, line 766]

VM Operations (20 events):
Event: 47.844 Executing VM operation: Cleanup done
Event: 48.844 Executing VM operation: Cleanup
Event: 48.844 Executing VM operation: Cleanup done
Event: 50.844 Executing VM operation: Cleanup
Event: 50.844 Executing VM operation: Cleanup done
Event: 54.845 Executing VM operation: Cleanup
Event: 54.845 Executing VM operation: Cleanup done
Event: 56.082 Executing VM operation: HandshakeAllThreads
Event: 56.082 Executing VM operation: HandshakeAllThreads done
Event: 56.082 Executing VM operation: Cleanup
Event: 56.082 Executing VM operation: Cleanup done
Event: 57.082 Executing VM operation: Cleanup
Event: 57.082 Executing VM operation: Cleanup done
Event: 58.325 Executing VM operation: HandshakeAllThreads
Event: 58.325 Executing VM operation: HandshakeAllThreads done
Event: 58.325 Executing VM operation: Cleanup
Event: 58.325 Executing VM operation: Cleanup done
Event: 59.326 Executing VM operation: Cleanup
Event: 59.326 Executing VM operation: Cleanup done
Event: 59.401 Executing VM operation: Exit

Events (20 events):
Event: 58.335 loading class sun/text/resources/BreakIteratorInfo done
Event: 58.335 loading class sun/text/resources/BreakIteratorResources
Event: 58.335 loading class sun/util/resources/BreakIteratorResourceBundle
Event: 58.335 loading class sun/util/resources/BreakIteratorResourceBundle done
Event: 58.335 loading class sun/text/resources/BreakIteratorResources done
Event: 58.335 loading class sun/util/resources/Bundles$2
Event: 58.336 loading class sun/util/resources/Bundles$2 done
Event: 58.336 loading class sun/text/RuleBasedBreakIterator
Event: 58.336 loading class sun/text/RuleBasedBreakIterator done
Event: 58.337 loading class sun/text/CompactByteArray
Event: 58.337 loading class sun/text/CompactByteArray done
Event: 58.337 loading class sun/text/SupplementaryCharacterData
Event: 58.337 loading class sun/text/SupplementaryCharacterData done
Event: 58.337 loading class java/text/BreakIterator$BreakIteratorCache
Event: 58.337 loading class java/text/BreakIterator$BreakIteratorCache done
Event: 58.729 Thread 0x000002af25677220 Thread exited: 0x000002af25677220
Event: 59.401 Thread 0x000002af256a22a0 Thread added: 0x000002af256a22a0
Event: 59.401 Thread 0x000002af256a0f60 Thread added: 0x000002af256a0f60
Event: 59.401 Thread 0x000002af256a22a0 Thread exited: 0x000002af256a22a0
Event: 59.401 Thread 0x000002af256a0f60 Thread exited: 0x000002af256a0f60


Dynamic libraries:
0x00007ff74bcd0000 - 0x00007ff74bce0000 	C:\Program Files\Java\jdk-17.0.2\bin\java.exe
0x00007fff5fc40000 - 0x00007fff5fe49000 	C:\Windows\SYSTEM32\ntdll.dll
0x00007fff5ee00000 - 0x00007fff5eebd000 	C:\Windows\System32\KERNEL32.DLL
0x00007fff5d3f0000 - 0x00007fff5d769000 	C:\Windows\System32\KERNELBASE.dll
0x00007fff5d920000 - 0x00007fff5da31000 	C:\Windows\System32\ucrtbase.dll
0x00007fff59390000 - 0x00007fff593aa000 	C:\Program Files\Java\jdk-17.0.2\bin\VCRUNTIME140.dll
0x00007fff32930000 - 0x00007fff32948000 	C:\Program Files\Java\jdk-17.0.2\bin\jli.dll
0x00007fff5ec50000 - 0x00007fff5ecfe000 	C:\Windows\System32\ADVAPI32.dll
0x00007fff5eb10000 - 0x00007fff5ebb3000 	C:\Windows\System32\msvcrt.dll
0x00007fff5dd90000 - 0x00007fff5de2e000 	C:\Windows\System32\sechost.dll
0x00007fff5fa30000 - 0x00007fff5fb50000 	C:\Windows\System32\RPCRT4.dll
0x00007fff5de30000 - 0x00007fff5dfdc000 	C:\Windows\System32\USER32.dll
0x00007fff4b610000 - 0x00007fff4b8b5000 	C:\Windows\WinSxS\amd64_microsoft.windows.common-controls_6595b64144ccf1df_6.0.22000.120_none_9d947278b86cc467\COMCTL32.dll
0x00007fff5d130000 - 0x00007fff5d156000 	C:\Windows\System32\win32u.dll
0x00007fff5ea10000 - 0x00007fff5ea39000 	C:\Windows\System32\GDI32.dll
0x00007fff5d2d0000 - 0x00007fff5d3e2000 	C:\Windows\System32\gdi32full.dll
0x00007fff5da40000 - 0x00007fff5dadd000 	C:\Windows\System32\msvcp_win.dll
0x00007fff54ae0000 - 0x00007fff54aea000 	C:\Windows\SYSTEM32\VERSION.dll
0x00007fff5fbc0000 - 0x00007fff5fbf1000 	C:\Windows\System32\IMM32.DLL
0x00007fff59380000 - 0x00007fff5938c000 	C:\Program Files\Java\jdk-17.0.2\bin\vcruntime140_1.dll
0x00007fff497f0000 - 0x00007fff4987d000 	C:\Program Files\Java\jdk-17.0.2\bin\msvcp140.dll
0x00007ffec7e10000 - 0x00007ffec89d1000 	C:\Program Files\Java\jdk-17.0.2\bin\server\jvm.dll
0x00007fff5f540000 - 0x00007fff5f548000 	C:\Windows\System32\PSAPI.DLL
0x00007fff59680000 - 0x00007fff59689000 	C:\Windows\SYSTEM32\WSOCK32.dll
0x00007fff55c20000 - 0x00007fff55c53000 	C:\Windows\SYSTEM32\WINMM.dll
0x00007fff5eec0000 - 0x00007fff5ef2f000 	C:\Windows\System32\WS2_32.dll
0x00007fff5c320000 - 0x00007fff5c338000 	C:\Windows\SYSTEM32\kernel.appcore.dll
0x00007fff59370000 - 0x00007fff5937a000 	C:\Program Files\Java\jdk-17.0.2\bin\jimage.dll
0x00007fff5a7c0000 - 0x00007fff5a9e1000 	C:\Windows\SYSTEM32\DBGHELP.DLL
0x00007fff44ba0000 - 0x00007fff44bd1000 	C:\Windows\SYSTEM32\dbgcore.DLL
0x00007fff5d770000 - 0x00007fff5d7ef000 	C:\Windows\System32\bcryptPrimitives.dll
0x00007fff49fb0000 - 0x00007fff49fd5000 	C:\Program Files\Java\jdk-17.0.2\bin\java.dll
0x00007fff498a0000 - 0x00007fff49976000 	C:\Program Files\Java\jdk-17.0.2\bin\jsvml.dll
0x00007fff5e260000 - 0x00007fff5ea0f000 	C:\Windows\System32\SHELL32.dll
0x00007fff5b2b0000 - 0x00007fff5bb18000 	C:\Windows\SYSTEM32\windows.storage.dll
0x00007fff5f6b0000 - 0x00007fff5fa28000 	C:\Windows\System32\combase.dll
0x00007fff5b140000 - 0x00007fff5b2a6000 	C:\Windows\SYSTEM32\wintypes.dll
0x00007fff5dae0000 - 0x00007fff5dbca000 	C:\Windows\System32\SHCORE.dll
0x00007fff5dfe0000 - 0x00007fff5e03d000 	C:\Windows\System32\shlwapi.dll
0x00007fff5d060000 - 0x00007fff5d081000 	C:\Windows\SYSTEM32\profapi.dll
0x00007fff59310000 - 0x00007fff59329000 	C:\Program Files\Java\jdk-17.0.2\bin\net.dll
0x00007fff57820000 - 0x00007fff5792c000 	C:\Windows\SYSTEM32\WINHTTP.dll
0x00007fff5c750000 - 0x00007fff5c7b7000 	C:\Windows\system32\mswsock.dll
0x00007fff49f90000 - 0x00007fff49fa6000 	C:\Program Files\Java\jdk-17.0.2\bin\nio.dll
0x00007fff49880000 - 0x00007fff49898000 	C:\Program Files\Java\jdk-17.0.2\bin\zip.dll
0x000002af23670000 - 0x000002af23673000 	C:\Program Files\Java\javafx-sdk-18.0.1\bin\api-ms-win-core-console-l1-1-0.dll
0x000002af23680000 - 0x000002af23683000 	C:\Program Files\Java\javafx-sdk-18.0.1\bin\api-ms-win-core-console-l1-2-0.dll
0x000002af23690000 - 0x000002af23693000 	C:\Program Files\Java\javafx-sdk-18.0.1\bin\api-ms-win-core-datetime-l1-1-0.dll
0x000002af236a0000 - 0x000002af236a3000 	C:\Program Files\Java\javafx-sdk-18.0.1\bin\api-ms-win-core-debug-l1-1-0.dll
0x000002af236b0000 - 0x000002af236b3000 	C:\Program Files\Java\javafx-sdk-18.0.1\bin\api-ms-win-core-errorhandling-l1-1-0.dll
0x000002af236c0000 - 0x000002af236c4000 	C:\Program Files\Java\javafx-sdk-18.0.1\bin\api-ms-win-core-file-l1-1-0.dll
0x000002af236d0000 - 0x000002af236d3000 	C:\Program Files\Java\javafx-sdk-18.0.1\bin\api-ms-win-core-file-l1-2-0.dll
0x000002af236e0000 - 0x000002af236e3000 	C:\Program Files\Java\javafx-sdk-18.0.1\bin\api-ms-win-core-file-l2-1-0.dll
0x000002af236f0000 - 0x000002af236f3000 	C:\Program Files\Java\javafx-sdk-18.0.1\bin\api-ms-win-core-handle-l1-1-0.dll
0x000002af23700000 - 0x000002af23703000 	C:\Program Files\Java\javafx-sdk-18.0.1\bin\api-ms-win-core-heap-l1-1-0.dll
0x000002af23710000 - 0x000002af23713000 	C:\Program Files\Java\javafx-sdk-18.0.1\bin\api-ms-win-core-interlocked-l1-1-0.dll
0x000002af23720000 - 0x000002af23723000 	C:\Program Files\Java\javafx-sdk-18.0.1\bin\api-ms-win-core-libraryloader-l1-1-0.dll
0x000002af23730000 - 0x000002af23733000 	C:\Program Files\Java\javafx-sdk-18.0.1\bin\api-ms-win-core-localization-l1-2-0.dll
0x000002af23740000 - 0x000002af23743000 	C:\Program Files\Java\javafx-sdk-18.0.1\bin\api-ms-win-core-memory-l1-1-0.dll
0x000002af23750000 - 0x000002af23753000 	C:\Program Files\Java\javafx-sdk-18.0.1\bin\api-ms-win-core-namedpipe-l1-1-0.dll
0x000002af23760000 - 0x000002af23763000 	C:\Program Files\Java\javafx-sdk-18.0.1\bin\api-ms-win-core-processenvironment-l1-1-0.dll
0x000002af23770000 - 0x000002af23773000 	C:\Program Files\Java\javafx-sdk-18.0.1\bin\api-ms-win-core-processthreads-l1-1-0.dll
0x000002af23780000 - 0x000002af23783000 	C:\Program Files\Java\javafx-sdk-18.0.1\bin\api-ms-win-core-processthreads-l1-1-1.dll
0x000002af23790000 - 0x000002af23793000 	C:\Program Files\Java\javafx-sdk-18.0.1\bin\api-ms-win-core-profile-l1-1-0.dll
0x000002af237a0000 - 0x000002af237a3000 	C:\Program Files\Java\javafx-sdk-18.0.1\bin\api-ms-win-core-rtlsupport-l1-1-0.dll
0x000002af237b0000 - 0x000002af237b3000 	C:\Program Files\Java\javafx-sdk-18.0.1\bin\api-ms-win-core-string-l1-1-0.dll
0x000002af237c0000 - 0x000002af237c3000 	C:\Program Files\Java\javafx-sdk-18.0.1\bin\api-ms-win-core-synch-l1-1-0.dll
0x000002af237d0000 - 0x000002af237d3000 	C:\Program Files\Java\javafx-sdk-18.0.1\bin\api-ms-win-core-synch-l1-2-0.dll
0x000002af237e0000 - 0x000002af237e3000 	C:\Program Files\Java\javafx-sdk-18.0.1\bin\api-ms-win-core-sysinfo-l1-1-0.dll
0x000002af237f0000 - 0x000002af237f3000 	C:\Program Files\Java\javafx-sdk-18.0.1\bin\api-ms-win-core-timezone-l1-1-0.dll
0x000002af25bd0000 - 0x000002af25bd3000 	C:\Program Files\Java\javafx-sdk-18.0.1\bin\api-ms-win-core-util-l1-1-0.dll
0x000002af25be0000 - 0x000002af25be3000 	C:\Program Files\Java\javafx-sdk-18.0.1\bin\api-ms-win-crt-conio-l1-1-0.dll
0x000002af25bf0000 - 0x000002af25bf4000 	C:\Program Files\Java\javafx-sdk-18.0.1\bin\api-ms-win-crt-convert-l1-1-0.dll
0x000002af25c00000 - 0x000002af25c03000 	C:\Program Files\Java\javafx-sdk-18.0.1\bin\api-ms-win-crt-environment-l1-1-0.dll
0x000002af25c10000 - 0x000002af25c13000 	C:\Program Files\Java\javafx-sdk-18.0.1\bin\api-ms-win-crt-filesystem-l1-1-0.dll
0x000002af25c20000 - 0x000002af25c23000 	C:\Program Files\Java\javafx-sdk-18.0.1\bin\api-ms-win-crt-heap-l1-1-0.dll
0x000002af25c30000 - 0x000002af25c33000 	C:\Program Files\Java\javafx-sdk-18.0.1\bin\api-ms-win-crt-locale-l1-1-0.dll
0x000002af25c40000 - 0x000002af25c45000 	C:\Program Files\Java\javafx-sdk-18.0.1\bin\api-ms-win-crt-math-l1-1-0.dll
0x000002af25c50000 - 0x000002af25c55000 	C:\Program Files\Java\javafx-sdk-18.0.1\bin\api-ms-win-crt-multibyte-l1-1-0.dll
0x000002af25c60000 - 0x000002af25c70000 	C:\Program Files\Java\javafx-sdk-18.0.1\bin\api-ms-win-crt-private-l1-1-0.dll
0x000002af25c70000 - 0x000002af25c73000 	C:\Program Files\Java\javafx-sdk-18.0.1\bin\api-ms-win-crt-process-l1-1-0.dll
0x000002af25c80000 - 0x000002af25c84000 	C:\Program Files\Java\javafx-sdk-18.0.1\bin\api-ms-win-crt-runtime-l1-1-0.dll
0x000002af25c90000 - 0x000002af25c94000 	C:\Program Files\Java\javafx-sdk-18.0.1\bin\api-ms-win-crt-stdio-l1-1-0.dll
0x000002af25ca0000 - 0x000002af25ca4000 	C:\Program Files\Java\javafx-sdk-18.0.1\bin\api-ms-win-crt-string-l1-1-0.dll
0x000002af25cb0000 - 0x000002af25cb3000 	C:\Program Files\Java\javafx-sdk-18.0.1\bin\api-ms-win-crt-time-l1-1-0.dll
0x000002af25cc0000 - 0x000002af25cc3000 	C:\Program Files\Java\javafx-sdk-18.0.1\bin\api-ms-win-crt-utility-l1-1-0.dll
0x00007ffec5f80000 - 0x00007ffec607c000 	C:\Program Files\Java\javafx-sdk-18.0.1\bin\ucrtbase.dll
0x00007fff2b5f0000 - 0x00007fff2b60a000 	C:\Program Files\Java\javafx-sdk-18.0.1\bin\vcruntime140.dll
0x00007fff497d0000 - 0x00007fff497dc000 	C:\Program Files\Java\javafx-sdk-18.0.1\bin\vcruntime140_1.dll
0x00007ffec70b0000 - 0x00007ffec713d000 	C:\Program Files\Java\javafx-sdk-18.0.1\bin\msvcp140.dll
0x00007ffee1ba0000 - 0x00007ffee1bcc000 	C:\Program Files\Java\javafx-sdk-18.0.1\bin\prism_d3d.dll
0x00007fff521e0000 - 0x00007fff52386000 	C:\Windows\system32\d3d9.dll
0x00007fff5ad70000 - 0x00007fff5ad9f000 	C:\Windows\SYSTEM32\dwmapi.dll
0x00007fff5a6a0000 - 0x00007fff5a6d8000 	C:\Windows\SYSTEM32\dxcore.dll
0x00007fff5a380000 - 0x00007fff5a42c000 	C:\Windows\system32\uxtheme.dll
0x00007fff532b0000 - 0x00007fff533b7000 	C:\Windows\System32\DriverStore\FileRepository\nvltig.inf_amd64_ce837e92efe9cbc4\nvldumdx.dll
0x00007fff5c9f0000 - 0x00007fff5ca02000 	C:\Windows\SYSTEM32\msasn1.dll
0x00007fff54980000 - 0x00007fff549b1000 	C:\Windows\SYSTEM32\cryptnet.dll
0x00007fff5d160000 - 0x00007fff5d2c2000 	C:\Windows\System32\CRYPT32.dll
0x00007fff52f50000 - 0x00007fff53099000 	C:\Windows\SYSTEM32\drvstore.dll
0x00007fff5ce50000 - 0x00007fff5ce7c000 	C:\Windows\SYSTEM32\devobj.dll
0x00007fff5ce00000 - 0x00007fff5ce4c000 	C:\Windows\SYSTEM32\cfgmgr32.dll
0x00007fff5ca60000 - 0x00007fff5ca9d000 	C:\Windows\SYSTEM32\wldp.dll
0x00007fff5c990000 - 0x00007fff5c99c000 	C:\Windows\SYSTEM32\cryptbase.dll
0x00007fff5d8b0000 - 0x00007fff5d917000 	C:\Windows\System32\WINTRUST.DLL
0x00007fff5eaf0000 - 0x00007fff5eb0f000 	C:\Windows\System32\imagehlp.dll
0x00007fff5c9a0000 - 0x00007fff5c9b8000 	C:\Windows\SYSTEM32\CRYPTSP.dll
0x00007fff5c280000 - 0x00007fff5c2b5000 	C:\Windows\system32\rsaenh.dll
0x00007fff5cb10000 - 0x00007fff5cb37000 	C:\Windows\SYSTEM32\bcrypt.dll
0x00007ffee0330000 - 0x00007ffee1ab8000 	C:\Windows\System32\DriverStore\FileRepository\nvltig.inf_amd64_ce837e92efe9cbc4\nvd3dumx.dll
0x00007fff56f80000 - 0x00007fff56fc4000 	C:\Windows\SYSTEM32\directxdatabasehelper.dll
0x00007fff5aa10000 - 0x00007fff5aa44000 	C:\Windows\SYSTEM32\ntmarta.dll
0x00007ffec5f30000 - 0x00007ffec5f72000 	C:\Program Files\Java\javafx-sdk-18.0.1\bin\glass.dll
0x00007fff5ed00000 - 0x00007fff5edec000 	C:\Windows\System32\COMDLG32.dll
0x00007fff5ef30000 - 0x00007fff5f0ca000 	C:\Windows\System32\ole32.dll
0x00007fff5f550000 - 0x00007fff5f626000 	C:\Windows\System32\OLEAUT32.dll
0x00007fff5dc10000 - 0x00007fff5dd2e000 	C:\Windows\System32\MSCTF.dll
0x00007ffee2240000 - 0x00007ffee2503000 	C:\Windows\system32\nvspcap64.dll
0x00007fff5c7e0000 - 0x00007fff5c804000 	C:\Windows\SYSTEM32\gpapi.dll
0x00007fff22340000 - 0x00007fff22354000 	C:\Program Files\Java\javafx-sdk-18.0.1\bin\javafx_font.dll
0x00007fff37e10000 - 0x00007fff3806f000 	C:\Windows\SYSTEM32\dwrite.dll
0x00007fff5ea40000 - 0x00007fff5eaef000 	C:\Windows\System32\clbcatq.dll
0x00007fff54af0000 - 0x00007fff54c9e000 	C:\Windows\SYSTEM32\WindowsCodecs.dll
0x00007fff36300000 - 0x00007fff3635d000 	C:\Windows\system32\dataexchange.dll
0x00007fff53ce0000 - 0x00007fff53f46000 	C:\Windows\system32\twinapi.appcore.dll
0x00007fff35fe0000 - 0x00007fff36012000 	C:\Program Files\Common Files\Microsoft Shared\Ink\rtscom.dll
0x00007fff3f140000 - 0x00007fff3f26d000 	C:\Windows\SYSTEM32\textinputframework.dll
0x00007fff59fa0000 - 0x00007fff5a0d2000 	C:\Windows\SYSTEM32\CoreMessaging.dll

dbghelp: loaded successfully - version: 4.0.5 - missing functions: none
symbol engine: initialized successfully - sym options: 0x614 - pdb path: .;C:\Program Files\Java\jdk-17.0.2\bin;C:\Windows\SYSTEM32;C:\Windows\WinSxS\amd64_microsoft.windows.common-controls_6595b64144ccf1df_6.0.22000.120_none_9d947278b86cc467;C:\Program Files\Java\jdk-17.0.2\bin\server;C:\Program Files\Java\javafx-sdk-18.0.1\bin;C:\Windows\System32\DriverStore\FileRepository\nvltig.inf_amd64_ce837e92efe9cbc4;C:\Program Files\Common Files\Microsoft Shared\Ink

VM Arguments:
jvm_args: -Dfile.encoding=UTF-8 --add-modules=javafx.controls,javafx.fxml --module-path=C:\Users\juanc\OneDrive\Documentos\Universidad 3\POO\SEATORA\build\classes;C:\Program Files\Java\javafx-sdk-18.0.1\lib\javafx-swt.jar;C:\Program Files\Java\javafx-sdk-18.0.1\lib\javafx.base.jar;C:\Program Files\Java\javafx-sdk-18.0.1\lib\javafx.controls.jar;C:\Program Files\Java\javafx-sdk-18.0.1\lib\javafx.fxml.jar;C:\Program Files\Java\javafx-sdk-18.0.1\lib\javafx.graphics.jar;C:\Program Files\Java\javafx-sdk-18.0.1\lib\javafx.media.jar;C:\Program Files\Java\javafx-sdk-18.0.1\lib\javafx.swing.jar;C:\Program Files\Java\javafx-sdk-18.0.1\lib\javafx.web.jar 
java_command: start.Seatora
java_class_path (initial): C:\Program Files\Java\javafx-sdk-18.0.1\lib\javafx-swt.jar;C:\Program Files\Java\javafx-sdk-18.0.1\lib\javafx.base.jar;C:\Program Files\Java\javafx-sdk-18.0.1\lib\javafx.controls.jar;C:\Program Files\Java\javafx-sdk-18.0.1\lib\javafx.fxml.jar;C:\Program Files\Java\javafx-sdk-18.0.1\lib\javafx.graphics.jar;C:\Program Files\Java\javafx-sdk-18.0.1\lib\javafx.media.jar;C:\Program Files\Java\javafx-sdk-18.0.1\lib\javafx.swing.jar;C:\Program Files\Java\javafx-sdk-18.0.1\lib\javafx.web.jar;C:\Users\juanc\OneDrive\Documentos\Universidad 3\POO\SEATORA\build\classes
Launcher Type: SUN_STANDARD

[Global flags]
     intx CICompilerCount                          = 12                                        {product} {ergonomic}
     uint ConcGCThreads                            = 3                                         {product} {ergonomic}
     uint G1ConcRefinementThreads                  = 13                                        {product} {ergonomic}
   size_t G1HeapRegionSize                         = 4194304                                   {product} {ergonomic}
    uintx GCDrainStackTargetSize                   = 64                                        {product} {ergonomic}
   size_t InitialHeapSize                          = 402653184                                 {product} {ergonomic}
   size_t MarkStackSize                            = 4194304                                   {product} {ergonomic}
   size_t MaxHeapSize                              = 6404702208                                {product} {ergonomic}
   size_t MaxNewSize                               = 3841982464                                {product} {ergonomic}
   size_t MinHeapDeltaBytes                        = 4194304                                   {product} {ergonomic}
   size_t MinHeapSize                              = 8388608                                   {product} {ergonomic}
    uintx NonNMethodCodeHeapSize                   = 7602480                                {pd product} {ergonomic}
    uintx NonProfiledCodeHeapSize                  = 122027880                              {pd product} {ergonomic}
    uintx ProfiledCodeHeapSize                     = 122027880                              {pd product} {ergonomic}
    uintx ReservedCodeCacheSize                    = 251658240                              {pd product} {ergonomic}
     bool SegmentedCodeCache                       = true                                      {product} {ergonomic}
   size_t SoftMaxHeapSize                          = 6404702208                             {manageable} {ergonomic}
     bool UseCompressedClassPointers               = true                           {product lp64_product} {ergonomic}
     bool UseCompressedOops                        = true                           {product lp64_product} {ergonomic}
     bool UseG1GC                                  = true                                      {product} {ergonomic}
     bool UseLargePagesIndividualAllocation        = false                                  {pd product} {ergonomic}

Logging:
Log output configuration:
 #0: stdout all=off uptime,level,tags
 #1: stderr all=off uptime,level,tags

Environment Variables:
PATH=C:\Program Files\Common Files\Oracle\Java\javapath;C:\Program Files (x86)\Common Files\Oracle\Java\javapath;C:\Windows\system32;C:\Windows;C:\Windows\System32\Wbem;C:\Windows\System32\WindowsPowerShell\v1.0\;C:\Windows\System32\OpenSSH\;C:\Program Files (x86)\NVIDIA Corporation\PhysX\Common;C:\Program Files\NVIDIA Corporation\NVIDIA NvDLISR;C:\Users\juanc\AppData\Local\Microsoft\WindowsApps;;C:\Users\juanc\AppData\Local\Programs\Microsoft VS Code\bin
USERNAME=juanc
OS=Windows_NT
PROCESSOR_IDENTIFIER=AMD64 Family 25 Model 80 Stepping 0, AuthenticAMD



---------------  S Y S T E M  ---------------

OS:
 Windows 11 , 64 bit Build 22000 (10.0.22000.675)
OS uptime: 0 days 4:29 hours

CPU: total 16 (initial active 16) (16 cores per cpu, 2 threads per core) family 25 model 80 stepping 0 microcode 0x0, cx8, cmov, fxsr, ht, mmx, 3dnowpref, sse, sse2, sse3, ssse3, sse4a, sse4.1, sse4.2, popcnt, lzcnt, tsc, tscinvbit, avx, avx2, aes, erms, clmul, bmi1, bmi2, adx, sha, fma, vzeroupper, clflush, clflushopt

Memory: 4k page, system-wide physical 24428M (13814M free)
TotalPageFile size 28012M (AvailPageFile size 13105M)
current process WorkingSet (physical memory assigned to process): 190M, peak: 253M
current process commit charge ("private bytes"): 659M, peak: 696M

vm_info: Java HotSpot(TM) 64-Bit Server VM (17.0.2+8-LTS-86) for windows-amd64 JRE (17.0.2+8-LTS-86), built on Dec  7 2021 21:51:03 by "mach5one" with MS VC++ 16.8 / 16.9 (VS2019)

END.
