#
# A fatal error has been detected by the Java Runtime Environment:
#
#  EXCEPTION_ACCESS_VIOLATION (0xc0000005) at pc=0x00007ff91fc962d7, pid=5068, tid=21612
#
# JRE version: Java(TM) SE Runtime Environment (17.0.2+8) (build 17.0.2+8-LTS-86)
# Java VM: Java HotSpot(TM) 64-Bit Server VM (17.0.2+8-LTS-86, mixed mode, sharing, tiered, compressed oops, compressed class ptrs, g1 gc, windows-amd64)
# Problematic frame:
# C  [glass.dll+0x262d7]
#
# No core dump will be written. Minidumps are not enabled by default on client versions of Windows
#
# If you would like to submit a bug report, please visit:
#   https://bugreport.java.com/bugreport/crash.jsp
#

---------------  S U M M A R Y ------------

Command Line: -Dfile.encoding=UTF-8 --add-modules=javafx.controls,javafx.fxml --module-path=C:\Users\juanc\OneDrive\Documentos\Universidad 3\POO\SEATORA\build\classes;C:\Program Files\Java\javafx-sdk-18.0.1\lib\javafx-swt.jar;C:\Program Files\Java\javafx-sdk-18.0.1\lib\javafx.base.jar;C:\Program Files\Java\javafx-sdk-18.0.1\lib\javafx.controls.jar;C:\Program Files\Java\javafx-sdk-18.0.1\lib\javafx.fxml.jar;C:\Program Files\Java\javafx-sdk-18.0.1\lib\javafx.graphics.jar;C:\Program Files\Java\javafx-sdk-18.0.1\lib\javafx.media.jar;C:\Program Files\Java\javafx-sdk-18.0.1\lib\javafx.swing.jar;C:\Program Files\Java\javafx-sdk-18.0.1\lib\javafx.web.jar start.Seatora

Host: AMD Ryzen 7 5800H with Radeon Graphics         , 16 cores, 23G,  Windows 11 , 64 bit Build 22000 (10.0.22000.675)
Time: Thu May 26 02:41:31 2022 Hora est. Pacífico, Sudamérica elapsed time: 26.184093 seconds (0d 0h 0m 26s)

---------------  T H R E A D  ---------------

Current thread (0x00000176328df4f0):  VMThread "VM Thread" [stack: 0x0000002f16900000,0x0000002f16a00000] [id=21612]

Stack: [0x0000002f16900000,0x0000002f16a00000],  sp=0x0000002f169ff460,  free space=1021k
Native frames: (J=compiled Java code, j=interpreted, Vv=VM code, C=native code)
C  [glass.dll+0x262d7]


siginfo: EXCEPTION_ACCESS_VIOLATION (0xc0000005), reading address 0x0000000000000000


Register to memory mapping:

RIP=0x00007ff91fc962d7 glass.dll
RAX=0x0 is NULL
RBX=0x00000176328eb280 is a global jni handle
RCX=0x00000176328df4f0 points into unknown readable memory: 0x00007ff8c679e890 | 90 e8 79 c6 f8 7f 00 00
RDX=0x0000002f169ff460 points into unknown readable memory: 0x0000000000000000 | 00 00 00 00 00 00 00 00
RSP=0x0000002f169ff460 points into unknown readable memory: 0x0000000000000000 | 00 00 00 00 00 00 00 00
RBP=0x0000017633cf7098 points into unknown readable memory: 0x0000ed92ebe56e8a | 8a 6e e5 eb 92 ed 00 00
RSI=0x0000017633cf7070 points into unknown readable memory: 0x01ff09edcf3e1e8a | 8a 1e 3e cf ed 09 ff 01
RDI=0x0000ed92ebe56e8a is an unknown value
R8 =0x0000000000010002 is an unknown value
R9 =0x0000ed92ebe56e8a is an unknown value
R10=0x85f13e9656da4870 is an unknown value
R11=0x0000002f169ff3f0 points into unknown readable memory: 0x0000017633cf7070 | 70 70 cf 33 76 01 00 00
R12=0x00007ff91fc93bc4 glass.dll
R13=0x00007ff8c69449d0 jvm.dll
R14=0x0000002f169ff568 points into unknown readable memory: 0x0000002f169ff550 | 50 f5 9f 16 2f 00 00 00
R15=0x0000017633cf7070 points into unknown readable memory: 0x01ff09edcf3e1e8a | 8a 1e 3e cf ed 09 ff 01


Registers:
RAX=0x0000000000000000, RBX=0x00000176328eb280, RCX=0x00000176328df4f0, RDX=0x0000002f169ff460
RSP=0x0000002f169ff460, RBP=0x0000017633cf7098, RSI=0x0000017633cf7070, RDI=0x0000ed92ebe56e8a
R8 =0x0000000000010002, R9 =0x0000ed92ebe56e8a, R10=0x85f13e9656da4870, R11=0x0000002f169ff3f0
R12=0x00007ff91fc93bc4, R13=0x00007ff8c69449d0, R14=0x0000002f169ff568, R15=0x0000017633cf7070
RIP=0x00007ff91fc962d7, EFLAGS=0x0000000000010202

Top of Stack: (sp=0x0000002f169ff460)
0x0000002f169ff460:   0000000000000000 0000017633cf7070
0x0000002f169ff470:   00007ff8c69449d0 00007ff91fc93bc4
0x0000002f169ff480:   0000017633cf7078 00007ff95a64bea0
0x0000002f169ff490:   0000ed92ebe56e8a 0000017600000000
0x0000002f169ff4a0:   0000017633cf7098 0000017633cf7070
0x0000002f169ff4b0:   fffffffffffffffe 0000000000000000
0x0000002f169ff4c0:   0000000000000001 00007ff91fc70000
0x0000002f169ff4d0:   0000002f169ff558 00007ff95a64bdb7
0x0000002f169ff4e0:   0000000000000000 0000002f169ff568
0x0000002f169ff4f0:   0000002f169ff840 00007ff95a7312b0
0x0000002f169ff500:   0000000000000001 00007ff95a64bd6d
0x0000002f169ff510:   0000000000000000 0000000000000001
0x0000002f169ff520:   0000000000000000 0000002f169ff558
0x0000002f169ff530:   fffffffffffffffe 0000002f00000000
0x0000002f169ff540:   ffffffff00000001 00007ff91fc93a51
0x0000002f169ff550:   00007ff91fca9f88 00007ff800000002 

Instructions: (pc=0x00007ff91fc962d7)
0x00007ff91fc961d7:   8b 4d 58 e8 2d cf ff ff 48 8b 4d 60 e8 24 cf ff
0x00007ff91fc961e7:   ff 48 8b 95 80 00 00 00 48 8b 8d 18 01 00 00 e8
0x00007ff91fc961f7:   16 c4 ff ff 33 d2 33 c9 e8 5c e1 ff ff 90 48 89
0x00007ff91fc96207:   54 24 10 55 48 83 ec 20 48 8b ea 48 b8 00 00 00
0x00007ff91fc96217:   00 00 00 00 00 48 83 c4 20 5d c3 cc 40 55 48 8b
0x00007ff91fc96227:   ea 48 8b 01 33 c9 81 38 05 00 00 c0 0f 94 c1 8b
0x00007ff91fc96237:   c1 5d c3 cc 40 55 48 83 ec 20 48 8b ea 8a 4d 40
0x00007ff91fc96247:   48 83 c4 20 5d e9 17 d3 ff ff cc 40 55 48 83 ec
0x00007ff91fc96257:   20 48 8b ea 8a 4d 20 e8 05 d3 ff ff 90 48 83 c4
0x00007ff91fc96267:   20 5d c3 cc 40 55 48 83 ec 20 48 8b ea 48 83 c4
0x00007ff91fc96277:   20 5d e9 66 d1 ff ff cc 40 55 48 83 ec 30 48 8b
0x00007ff91fc96287:   ea 48 8b 01 8b 10 48 89 4c 24 28 89 54 24 20 4c
0x00007ff91fc96297:   8d 0d 07 d6 ff ff 4c 8b 45 70 8b 55 68 48 8b 4d
0x00007ff91fc962a7:   60 e8 a7 d0 ff ff 90 48 83 c4 30 5d c3 cc cc cc
0x00007ff91fc962b7:   cc cc cc cc cc cc cc cc cc 40 53 48 83 ec 20 48
0x00007ff91fc962c7:   8b 1d bb 36 01 00 48 85 db 74 16 e8 59 8b ff ff
0x00007ff91fc962d7:   4c 8b 00 48 8b d3 48 8b c8 41 ff 90 b0 00 00 00
0x00007ff91fc962e7:   90 48 83 c4 20 5b c3 cc cc 40 53 48 83 ec 20 48
0x00007ff91fc962f7:   8b 1d 2b 38 01 00 48 85 db 74 57 b8 ff ff ff ff
0x00007ff91fc96307:   f0 0f c1 43 10 83 f8 01 75 3d 48 85 db 74 38 48
0x00007ff91fc96317:   8b 0b 48 85 c9 74 0d ff 15 84 0f 00 00 48 c7 03
0x00007ff91fc96327:   00 00 00 00 48 8b 4b 08 48 85 c9 74 0d e8 d3 cd
0x00007ff91fc96337:   ff ff 48 c7 43 08 00 00 00 00 ba 18 00 00 00 48
0x00007ff91fc96347:   8b cb e8 be cd ff ff 48 c7 05 cf 37 01 00 00 00
0x00007ff91fc96357:   00 00 48 83 c4 20 5b c3 cc 40 53 48 83 ec 20 48
0x00007ff91fc96367:   8b 1d 9b 37 01 00 48 85 db 74 57 b8 ff ff ff ff
0x00007ff91fc96377:   f0 0f c1 43 10 83 f8 01 75 3d 48 85 db 74 38 48
0x00007ff91fc96387:   8b 0b 48 85 c9 74 0d ff 15 14 0f 00 00 48 c7 03
0x00007ff91fc96397:   00 00 00 00 48 8b 4b 08 48 85 c9 74 0d e8 63 cd
0x00007ff91fc963a7:   ff ff 48 c7 43 08 00 00 00 00 ba 18 00 00 00 48
0x00007ff91fc963b7:   8b cb e8 4e cd ff ff 48 c7 05 3f 37 01 00 00 00
0x00007ff91fc963c7:   00 00 48 83 c4 20 5b c3 cc 40 53 48 83 ec 20 48 


Stack slot to memory mapping:
stack at sp + 0 slots: 0x0 is NULL
stack at sp + 1 slots: 0x0000017633cf7070 points into unknown readable memory: 0x01ff09edcf3e1e8a | 8a 1e 3e cf ed 09 ff 01
stack at sp + 2 slots: 0x00007ff8c69449d0 jvm.dll
stack at sp + 3 slots: 0x00007ff91fc93bc4 glass.dll
stack at sp + 4 slots: 0x0000017633cf7078 points into unknown readable memory: 0x0000ed92ebe56e8a | 8a 6e e5 eb 92 ed 00 00
stack at sp + 5 slots: 0x00007ff95a64bea0 ucrtbase.dll
stack at sp + 6 slots: 0x0000ed92ebe56e8a is an unknown value
stack at sp + 7 slots: 0x0000017600000000 is an unknown value

VM_Operation (0x0000002f183f5d70): Exit, mode: safepoint, requested by thread 0x0000017634345880


---------------  P R O C E S S  ---------------

Threads class SMR info:
_java_thread_list=0x00000176347d7100, length=19, elements={
0x000001760a5cef60, 0x00000176328e2ef0, 0x00000176328e5e80, 0x00000176328f8c20,
0x00000176328f94e0, 0x00000176328f9da0, 0x00000176328fa660, 0x00000176328fe800,
0x00000176329071c0, 0x00000176329132b0, 0x00000176334e2860, 0x0000017633a2f6d0,
0x00000176343f8f00, 0x0000017633606d70, 0x0000017634345880, 0x00000176347a1c20,
0x00000176334f7fa0, 0x000001763d66a650, 0x000001763cb438a0
}

Java Threads: ( => current thread )
  0x000001760a5cef60 JavaThread "main" [_thread_blocked, id=18320, stack(0x0000002f16300000,0x0000002f16400000)]
  0x00000176328e2ef0 JavaThread "Reference Handler" daemon [_thread_blocked, id=4156, stack(0x0000002f16a00000,0x0000002f16b00000)]
  0x00000176328e5e80 JavaThread "Finalizer" daemon [_thread_blocked, id=15452, stack(0x0000002f16b00000,0x0000002f16c00000)]
  0x00000176328f8c20 JavaThread "Signal Dispatcher" daemon [_thread_blocked, id=13736, stack(0x0000002f16c00000,0x0000002f16d00000)]
  0x00000176328f94e0 JavaThread "Attach Listener" daemon [_thread_blocked, id=20988, stack(0x0000002f16d00000,0x0000002f16e00000)]
  0x00000176328f9da0 JavaThread "Service Thread" daemon [_thread_blocked, id=17196, stack(0x0000002f16e00000,0x0000002f16f00000)]
  0x00000176328fa660 JavaThread "Monitor Deflation Thread" daemon [_thread_blocked, id=6152, stack(0x0000002f16f00000,0x0000002f17000000)]
  0x00000176328fe800 JavaThread "C2 CompilerThread0" daemon [_thread_blocked, id=20800, stack(0x0000002f17000000,0x0000002f17100000)]
  0x00000176329071c0 JavaThread "C1 CompilerThread0" daemon [_thread_blocked, id=2492, stack(0x0000002f17100000,0x0000002f17200000)]
  0x00000176329132b0 JavaThread "Sweeper thread" daemon [_thread_blocked, id=21308, stack(0x0000002f17200000,0x0000002f17300000)]
  0x00000176334e2860 JavaThread "Common-Cleaner" daemon [_thread_blocked, id=348, stack(0x0000002f17400000,0x0000002f17500000)]
  0x0000017633a2f6d0 JavaThread "Notification Thread" daemon [_thread_blocked, id=21364, stack(0x0000002f17e00000,0x0000002f17f00000)]
  0x00000176343f8f00 JavaThread "QuantumRenderer-0" daemon [_thread_blocked, id=18108, stack(0x0000002f18000000,0x0000002f18100000)]
  0x0000017633606d70 JavaThread "InvokeLaterDispatcher" daemon [_thread_blocked, id=12340, stack(0x0000002f18200000,0x0000002f18300000)]
  0x0000017634345880 JavaThread "JavaFX Application Thread" [_thread_blocked, id=20532, stack(0x0000002f18300000,0x0000002f18400000)]
  0x00000176347a1c20 JavaThread "JavaFX-Launcher" [_thread_blocked, id=14624, stack(0x0000002f18500000,0x0000002f18600000)]
  0x00000176334f7fa0 JavaThread "Thread-2" daemon [_thread_in_native, id=11680, stack(0x0000002f18400000,0x0000002f18500000)]
  0x000001763d66a650 JavaThread "Prism Font Disposer" daemon [_thread_blocked, id=6316, stack(0x0000002f18c00000,0x0000002f18d00000)]
  0x000001763cb438a0 JavaThread "Cleaner-0" daemon [_thread_blocked, id=12020, stack(0x0000002f190c0000,0x0000002f191c0000)]

Other Threads:
=>0x00000176328df4f0 VMThread "VM Thread" [stack: 0x0000002f16900000,0x0000002f16a00000] [id=21612]
  0x000001760a630b80 GCTaskThread "GC Thread#0" [stack: 0x0000002f16400000,0x0000002f16500000] [id=4132]
  0x00000176340faf60 GCTaskThread "GC Thread#1" [stack: 0x0000002f17b00000,0x0000002f17c00000] [id=1352]
  0x00000176340fbcd0 GCTaskThread "GC Thread#2" [stack: 0x0000002f17c00000,0x0000002f17d00000] [id=14700]
  0x00000176340fb4c0 GCTaskThread "GC Thread#3" [stack: 0x0000002f18600000,0x0000002f18700000] [id=1016]
  0x00000176340fb770 GCTaskThread "GC Thread#4" [stack: 0x0000002f18700000,0x0000002f18800000] [id=19988]
  0x000001763480cd60 GCTaskThread "GC Thread#5" [stack: 0x0000002f18800000,0x0000002f18900000] [id=13996]
  0x000001763480bd40 GCTaskThread "GC Thread#6" [stack: 0x0000002f18900000,0x0000002f18a00000] [id=17776]
  0x000001763480bff0 GCTaskThread "GC Thread#7" [stack: 0x0000002f18a00000,0x0000002f18b00000] [id=7000]
  0x000001763480aa70 GCTaskThread "GC Thread#8" [stack: 0x0000002f18b00000,0x0000002f18c00000] [id=6680]
  0x000001763480c2a0 GCTaskThread "GC Thread#9" [stack: 0x0000002f17900000,0x0000002f17a00000] [id=5872]
  0x000001760a63d7a0 ConcurrentGCThread "G1 Main Marker" terminated
  0x000001760a63e770 ConcurrentGCThread "G1 Conc#0" [stack: 0x0000002f16600000,0x0000002f16700000] [id=8380]
  0x00000176327a24c0 ConcurrentGCThread "G1 Refine#0" terminated
  0x00000176327a2cf0 ConcurrentGCThread "G1 Service" terminated

Threads with active compile tasks:

VM state: at safepoint (shutting down)

VM Mutex/Monitor currently owned by a thread:  ([mutex/lock_event])
[0x000001760a5ca780] Threads_lock - owner thread: 0x00000176328df4f0
[0x000001760a5cb3e0] Heap_lock - owner thread: 0x0000017634345880

Heap address: 0x0000000682400000, size: 6108 MB, Compressed Oops mode: Zero based, Oop shift amount: 3

CDS archive(s) mapped at: [0x0000000800000000-0x0000000800bc0000-0x0000000800bc0000), size 12320768, SharedBaseAddress: 0x0000000800000000, ArchiveRelocationMode: 0.
Compressed class space mapped at: 0x0000000800c00000-0x0000000840c00000, reserved size: 1073741824
Narrow klass base: 0x0000000800000000, Narrow klass shift: 0, Narrow klass range: 0x100000000

GC Precious Log:
 CPUs: 16 total, 16 available
 Memory: 24428M
 Large Page Support: Disabled
 NUMA Support: Disabled
 Compressed Oops: Enabled (Zero based)
 Heap Region Size: 4M
 Heap Min Capacity: 8M
 Heap Initial Capacity: 384M
 Heap Max Capacity: 6108M
 Pre-touch: Disabled
 Parallel Workers: 13
 Concurrent Workers: 3
 Concurrent Refinement Workers: 13
 Periodic GC: Disabled

Heap:
 garbage-first heap   total 393216K, used 50127K [0x0000000682400000, 0x0000000800000000)
  region size 4096K, 9 young (36864K), 2 survivors (8192K)
 Metaspace       used 17478K, committed 17792K, reserved 1064960K
  class space    used 2587K, committed 2752K, reserved 1048576K

Heap Regions: E=young(eden), S=young(survivor), O=old, HS=humongous(starts), HC=humongous(continues), CS=collection set, F=free, OA=open archive, CA=closed archive, TAMS=top-at-mark-start (previous, next)
|   0|0x0000000682400000, 0x0000000682800000, 0x0000000682800000|100%|HS|  |TAMS 0x0000000682400000, 0x0000000682400000| Complete 
|   1|0x0000000682800000, 0x0000000682c00000, 0x0000000682c00000|100%|HS|  |TAMS 0x0000000682800000, 0x0000000682800000| Complete 
|   2|0x0000000682c00000, 0x0000000682cf3e00, 0x0000000683000000| 23%| O|  |TAMS 0x0000000682c00000, 0x0000000682c00000| Untracked 
|   3|0x0000000683000000, 0x0000000683400000, 0x0000000683400000|100%|HS|  |TAMS 0x0000000683000000, 0x0000000683000000| Complete 
|   4|0x0000000683400000, 0x0000000683800000, 0x0000000683800000|100%|HS|  |TAMS 0x0000000683400000, 0x0000000683400000| Complete 
|   5|0x0000000683800000, 0x0000000683800000, 0x0000000683c00000|  0%| F|  |TAMS 0x0000000683800000, 0x0000000683800000| Untracked 
|   6|0x0000000683c00000, 0x0000000683c00000, 0x0000000684000000|  0%| F|  |TAMS 0x0000000683c00000, 0x0000000683c00000| Untracked 
|   7|0x0000000684000000, 0x0000000684000000, 0x0000000684400000|  0%| F|  |TAMS 0x0000000684000000, 0x0000000684000000| Untracked 
|   8|0x0000000684400000, 0x0000000684400000, 0x0000000684800000|  0%| F|  |TAMS 0x0000000684400000, 0x0000000684400000| Untracked 
|   9|0x0000000684800000, 0x0000000684800000, 0x0000000684c00000|  0%| F|  |TAMS 0x0000000684800000, 0x0000000684800000| Untracked 
|  10|0x0000000684c00000, 0x0000000684c00000, 0x0000000685000000|  0%| F|  |TAMS 0x0000000684c00000, 0x0000000684c00000| Untracked 
|  11|0x0000000685000000, 0x0000000685000000, 0x0000000685400000|  0%| F|  |TAMS 0x0000000685000000, 0x0000000685000000| Untracked 
|  12|0x0000000685400000, 0x0000000685400000, 0x0000000685800000|  0%| F|  |TAMS 0x0000000685400000, 0x0000000685400000| Untracked 
|  13|0x0000000685800000, 0x0000000685800000, 0x0000000685c00000|  0%| F|  |TAMS 0x0000000685800000, 0x0000000685800000| Untracked 
|  14|0x0000000685c00000, 0x0000000685c00000, 0x0000000686000000|  0%| F|  |TAMS 0x0000000685c00000, 0x0000000685c00000| Untracked 
|  15|0x0000000686000000, 0x0000000686000000, 0x0000000686400000|  0%| F|  |TAMS 0x0000000686000000, 0x0000000686000000| Untracked 
|  16|0x0000000686400000, 0x0000000686400000, 0x0000000686800000|  0%| F|  |TAMS 0x0000000686400000, 0x0000000686400000| Untracked 
|  17|0x0000000686800000, 0x0000000686800000, 0x0000000686c00000|  0%| F|  |TAMS 0x0000000686800000, 0x0000000686800000| Untracked 
|  18|0x0000000686c00000, 0x0000000686c00000, 0x0000000687000000|  0%| F|  |TAMS 0x0000000686c00000, 0x0000000686c00000| Untracked 
|  19|0x0000000687000000, 0x0000000687000000, 0x0000000687400000|  0%| F|  |TAMS 0x0000000687000000, 0x0000000687000000| Untracked 
|  20|0x0000000687400000, 0x0000000687400000, 0x0000000687800000|  0%| F|  |TAMS 0x0000000687400000, 0x0000000687400000| Untracked 
|  21|0x0000000687800000, 0x0000000687800000, 0x0000000687c00000|  0%| F|  |TAMS 0x0000000687800000, 0x0000000687800000| Untracked 
|  22|0x0000000687c00000, 0x0000000687c00000, 0x0000000688000000|  0%| F|  |TAMS 0x0000000687c00000, 0x0000000687c00000| Untracked 
|  23|0x0000000688000000, 0x0000000688000000, 0x0000000688400000|  0%| F|  |TAMS 0x0000000688000000, 0x0000000688000000| Untracked 
|  24|0x0000000688400000, 0x0000000688400000, 0x0000000688800000|  0%| F|  |TAMS 0x0000000688400000, 0x0000000688400000| Untracked 
|  25|0x0000000688800000, 0x0000000688800000, 0x0000000688c00000|  0%| F|  |TAMS 0x0000000688800000, 0x0000000688800000| Untracked 
|  26|0x0000000688c00000, 0x0000000688c00000, 0x0000000689000000|  0%| F|  |TAMS 0x0000000688c00000, 0x0000000688c00000| Untracked 
|  27|0x0000000689000000, 0x0000000689000000, 0x0000000689400000|  0%| F|  |TAMS 0x0000000689000000, 0x0000000689000000| Untracked 
|  28|0x0000000689400000, 0x0000000689400000, 0x0000000689800000|  0%| F|  |TAMS 0x0000000689400000, 0x0000000689400000| Untracked 
|  29|0x0000000689800000, 0x0000000689800000, 0x0000000689c00000|  0%| F|  |TAMS 0x0000000689800000, 0x0000000689800000| Untracked 
|  30|0x0000000689c00000, 0x0000000689c00000, 0x000000068a000000|  0%| F|  |TAMS 0x0000000689c00000, 0x0000000689c00000| Untracked 
|  31|0x000000068a000000, 0x000000068a000000, 0x000000068a400000|  0%| F|  |TAMS 0x000000068a000000, 0x000000068a000000| Untracked 
|  32|0x000000068a400000, 0x000000068a400000, 0x000000068a800000|  0%| F|  |TAMS 0x000000068a400000, 0x000000068a400000| Untracked 
|  33|0x000000068a800000, 0x000000068a800000, 0x000000068ac00000|  0%| F|  |TAMS 0x000000068a800000, 0x000000068a800000| Untracked 
|  34|0x000000068ac00000, 0x000000068ac00000, 0x000000068b000000|  0%| F|  |TAMS 0x000000068ac00000, 0x000000068ac00000| Untracked 
|  35|0x000000068b000000, 0x000000068b000000, 0x000000068b400000|  0%| F|  |TAMS 0x000000068b000000, 0x000000068b000000| Untracked 
|  36|0x000000068b400000, 0x000000068b400000, 0x000000068b800000|  0%| F|  |TAMS 0x000000068b400000, 0x000000068b400000| Untracked 
|  37|0x000000068b800000, 0x000000068b800000, 0x000000068bc00000|  0%| F|  |TAMS 0x000000068b800000, 0x000000068b800000| Untracked 
|  38|0x000000068bc00000, 0x000000068bc00000, 0x000000068c000000|  0%| F|  |TAMS 0x000000068bc00000, 0x000000068bc00000| Untracked 
|  39|0x000000068c000000, 0x000000068c000000, 0x000000068c400000|  0%| F|  |TAMS 0x000000068c000000, 0x000000068c000000| Untracked 
|  40|0x000000068c400000, 0x000000068c400000, 0x000000068c800000|  0%| F|  |TAMS 0x000000068c400000, 0x000000068c400000| Untracked 
|  41|0x000000068c800000, 0x000000068c800000, 0x000000068cc00000|  0%| F|  |TAMS 0x000000068c800000, 0x000000068c800000| Untracked 
|  42|0x000000068cc00000, 0x000000068cc00000, 0x000000068d000000|  0%| F|  |TAMS 0x000000068cc00000, 0x000000068cc00000| Untracked 
|  43|0x000000068d000000, 0x000000068d000000, 0x000000068d400000|  0%| F|  |TAMS 0x000000068d000000, 0x000000068d000000| Untracked 
|  44|0x000000068d400000, 0x000000068d400000, 0x000000068d800000|  0%| F|  |TAMS 0x000000068d400000, 0x000000068d400000| Untracked 
|  45|0x000000068d800000, 0x000000068d800000, 0x000000068dc00000|  0%| F|  |TAMS 0x000000068d800000, 0x000000068d800000| Untracked 
|  46|0x000000068dc00000, 0x000000068dc00000, 0x000000068e000000|  0%| F|  |TAMS 0x000000068dc00000, 0x000000068dc00000| Untracked 
|  47|0x000000068e000000, 0x000000068e000000, 0x000000068e400000|  0%| F|  |TAMS 0x000000068e000000, 0x000000068e000000| Untracked 
|  48|0x000000068e400000, 0x000000068e400000, 0x000000068e800000|  0%| F|  |TAMS 0x000000068e400000, 0x000000068e400000| Untracked 
|  49|0x000000068e800000, 0x000000068e800000, 0x000000068ec00000|  0%| F|  |TAMS 0x000000068e800000, 0x000000068e800000| Untracked 
|  50|0x000000068ec00000, 0x000000068ec00000, 0x000000068f000000|  0%| F|  |TAMS 0x000000068ec00000, 0x000000068ec00000| Untracked 
|  51|0x000000068f000000, 0x000000068f000000, 0x000000068f400000|  0%| F|  |TAMS 0x000000068f000000, 0x000000068f000000| Untracked 
|  52|0x000000068f400000, 0x000000068f400000, 0x000000068f800000|  0%| F|  |TAMS 0x000000068f400000, 0x000000068f400000| Untracked 
|  53|0x000000068f800000, 0x000000068f800000, 0x000000068fc00000|  0%| F|  |TAMS 0x000000068f800000, 0x000000068f800000| Untracked 
|  54|0x000000068fc00000, 0x000000068fc00000, 0x0000000690000000|  0%| F|  |TAMS 0x000000068fc00000, 0x000000068fc00000| Untracked 
|  55|0x0000000690000000, 0x0000000690000000, 0x0000000690400000|  0%| F|  |TAMS 0x0000000690000000, 0x0000000690000000| Untracked 
|  56|0x0000000690400000, 0x0000000690400000, 0x0000000690800000|  0%| F|  |TAMS 0x0000000690400000, 0x0000000690400000| Untracked 
|  57|0x0000000690800000, 0x0000000690800000, 0x0000000690c00000|  0%| F|  |TAMS 0x0000000690800000, 0x0000000690800000| Untracked 
|  58|0x0000000690c00000, 0x0000000690c00000, 0x0000000691000000|  0%| F|  |TAMS 0x0000000690c00000, 0x0000000690c00000| Untracked 
|  59|0x0000000691000000, 0x0000000691000000, 0x0000000691400000|  0%| F|  |TAMS 0x0000000691000000, 0x0000000691000000| Untracked 
|  60|0x0000000691400000, 0x0000000691400000, 0x0000000691800000|  0%| F|  |TAMS 0x0000000691400000, 0x0000000691400000| Untracked 
|  61|0x0000000691800000, 0x0000000691800000, 0x0000000691c00000|  0%| F|  |TAMS 0x0000000691800000, 0x0000000691800000| Untracked 
|  62|0x0000000691c00000, 0x0000000691c00000, 0x0000000692000000|  0%| F|  |TAMS 0x0000000691c00000, 0x0000000691c00000| Untracked 
|  63|0x0000000692000000, 0x0000000692000000, 0x0000000692400000|  0%| F|  |TAMS 0x0000000692000000, 0x0000000692000000| Untracked 
|  64|0x0000000692400000, 0x0000000692400000, 0x0000000692800000|  0%| F|  |TAMS 0x0000000692400000, 0x0000000692400000| Untracked 
|  65|0x0000000692800000, 0x0000000692800000, 0x0000000692c00000|  0%| F|  |TAMS 0x0000000692800000, 0x0000000692800000| Untracked 
|  66|0x0000000692c00000, 0x0000000692c00000, 0x0000000693000000|  0%| F|  |TAMS 0x0000000692c00000, 0x0000000692c00000| Untracked 
|  67|0x0000000693000000, 0x0000000693000000, 0x0000000693400000|  0%| F|  |TAMS 0x0000000693000000, 0x0000000693000000| Untracked 
|  68|0x0000000693400000, 0x0000000693400000, 0x0000000693800000|  0%| F|  |TAMS 0x0000000693400000, 0x0000000693400000| Untracked 
|  69|0x0000000693800000, 0x0000000693800000, 0x0000000693c00000|  0%| F|  |TAMS 0x0000000693800000, 0x0000000693800000| Untracked 
|  70|0x0000000693c00000, 0x0000000693c00000, 0x0000000694000000|  0%| F|  |TAMS 0x0000000693c00000, 0x0000000693c00000| Untracked 
|  71|0x0000000694000000, 0x0000000694000000, 0x0000000694400000|  0%| F|  |TAMS 0x0000000694000000, 0x0000000694000000| Untracked 
|  72|0x0000000694400000, 0x0000000694400000, 0x0000000694800000|  0%| F|  |TAMS 0x0000000694400000, 0x0000000694400000| Untracked 
|  73|0x0000000694800000, 0x0000000694800000, 0x0000000694c00000|  0%| F|  |TAMS 0x0000000694800000, 0x0000000694800000| Untracked 
|  74|0x0000000694c00000, 0x0000000694c00000, 0x0000000695000000|  0%| F|  |TAMS 0x0000000694c00000, 0x0000000694c00000| Untracked 
|  75|0x0000000695000000, 0x0000000695000000, 0x0000000695400000|  0%| F|  |TAMS 0x0000000695000000, 0x0000000695000000| Untracked 
|  76|0x0000000695400000, 0x0000000695400000, 0x0000000695800000|  0%| F|  |TAMS 0x0000000695400000, 0x0000000695400000| Untracked 
|  77|0x0000000695800000, 0x0000000695800000, 0x0000000695c00000|  0%| F|  |TAMS 0x0000000695800000, 0x0000000695800000| Untracked 
|  78|0x0000000695c00000, 0x0000000695c00000, 0x0000000696000000|  0%| F|  |TAMS 0x0000000695c00000, 0x0000000695c00000| Untracked 
|  79|0x0000000696000000, 0x0000000696000000, 0x0000000696400000|  0%| F|  |TAMS 0x0000000696000000, 0x0000000696000000| Untracked 
|  80|0x0000000696400000, 0x0000000696400000, 0x0000000696800000|  0%| F|  |TAMS 0x0000000696400000, 0x0000000696400000| Untracked 
|  81|0x0000000696800000, 0x0000000696800000, 0x0000000696c00000|  0%| F|  |TAMS 0x0000000696800000, 0x0000000696800000| Untracked 
|  82|0x0000000696c00000, 0x0000000696c00000, 0x0000000697000000|  0%| F|  |TAMS 0x0000000696c00000, 0x0000000696c00000| Untracked 
|  83|0x0000000697000000, 0x0000000697400000, 0x0000000697400000|100%| S|CS|TAMS 0x0000000697000000, 0x0000000697000000| Complete 
|  84|0x0000000697400000, 0x0000000697800000, 0x0000000697800000|100%| S|CS|TAMS 0x0000000697400000, 0x0000000697400000| Complete 
|  85|0x0000000697800000, 0x0000000697800000, 0x0000000697c00000|  0%| F|  |TAMS 0x0000000697800000, 0x0000000697800000| Untracked 
|  86|0x0000000697c00000, 0x0000000697c00000, 0x0000000698000000|  0%| F|  |TAMS 0x0000000697c00000, 0x0000000697c00000| Untracked 
|  87|0x0000000698000000, 0x0000000698000000, 0x0000000698400000|  0%| F|  |TAMS 0x0000000698000000, 0x0000000698000000| Untracked 
|  88|0x0000000698400000, 0x0000000698400000, 0x0000000698800000|  0%| F|  |TAMS 0x0000000698400000, 0x0000000698400000| Untracked 
|  89|0x0000000698800000, 0x000000069886fae8, 0x0000000698c00000| 10%| E|  |TAMS 0x0000000698800000, 0x0000000698800000| Complete 
|  90|0x0000000698c00000, 0x0000000699000000, 0x0000000699000000|100%| E|CS|TAMS 0x0000000698c00000, 0x0000000698c00000| Complete 
|  91|0x0000000699000000, 0x0000000699400000, 0x0000000699400000|100%| E|CS|TAMS 0x0000000699000000, 0x0000000699000000| Complete 
|  92|0x0000000699400000, 0x0000000699800000, 0x0000000699800000|100%| E|CS|TAMS 0x0000000699400000, 0x0000000699400000| Complete 
|  93|0x0000000699800000, 0x0000000699c00000, 0x0000000699c00000|100%| E|CS|TAMS 0x0000000699800000, 0x0000000699800000| Complete 
|  94|0x0000000699c00000, 0x000000069a000000, 0x000000069a000000|100%| E|CS|TAMS 0x0000000699c00000, 0x0000000699c00000| Complete 
|  95|0x000000069a000000, 0x000000069a400000, 0x000000069a400000|100%| E|CS|TAMS 0x000000069a000000, 0x000000069a000000| Complete 

Card table byte_map: [0x00000176222a0000,0x0000017622e90000] _byte_map_base: 0x000001761ee8e000

Marking Bits (Prev, Next): (CMBitMap*) 0x000001760a630fa0, (CMBitMap*) 0x000001760a630fe0
 Prev Bits: [0x0000017623a80000, 0x00000176299f0000)
 Next Bits: [0x00000176299f0000, 0x000001762f960000)

Polling page: 0x0000017609db0000

Metaspace:

Usage:
  Non-class:     14.54 MB used.
      Class:      2.53 MB used.
       Both:     17.07 MB used.

Virtual space:
  Non-class space:       16.00 MB reserved,      14.69 MB ( 92%) committed,  2 nodes.
      Class space:        1.00 GB reserved,       2.69 MB ( <1%) committed,  1 nodes.
             Both:        1.02 GB reserved,      17.38 MB (  2%) committed. 

Chunk freelists:
   Non-Class:  944.00 KB
       Class:  1.23 MB
        Both:  2.15 MB

MaxMetaspaceSize: unlimited
CompressedClassSpaceSize: 1.00 GB
Initial GC threshold: 21.00 MB
Current GC threshold: 21.00 MB
CDS: on
MetaspaceReclaimPolicy: balanced
 - commit_granule_bytes: 65536.
 - commit_granule_words: 8192.
 - virtual_space_node_default_size: 1048576.
 - enlarge_chunks_in_place: 1.
 - new_chunks_are_fully_committed: 0.
 - uncommit_free_chunks: 1.
 - use_allocation_guard: 0.
 - handle_deallocations: 1.


Internal statistics:

num_allocs_failed_limit: 0.
num_arena_births: 210.
num_arena_deaths: 0.
num_vsnodes_births: 3.
num_vsnodes_deaths: 0.
num_space_committed: 278.
num_space_uncommitted: 0.
num_chunks_returned_to_freelist: 0.
num_chunks_taken_from_freelist: 811.
num_chunk_merges: 0.
num_chunk_splits: 573.
num_chunks_enlarged: 455.
num_purges: 0.
num_inconsistent_stats: 0.

CodeHeap 'non-profiled nmethods': size=119168Kb used=1573Kb max_used=1573Kb free=117594Kb
 bounds [0x00000176199d0000, 0x0000017619c40000, 0x0000017620e30000]
CodeHeap 'profiled nmethods': size=119104Kb used=7439Kb max_used=7439Kb free=111664Kb
 bounds [0x0000017612580000, 0x0000017612cd0000, 0x00000176199d0000]
CodeHeap 'non-nmethods': size=7488Kb used=1429Kb max_used=3184Kb free=6058Kb
 bounds [0x0000017611e30000, 0x0000017612160000, 0x0000017612580000]
 total_blobs=4382 nmethods=3594 adapters=700
 compilation: enabled
              stopped_count=0, restarted_count=0
 full_count=0

Compilation events (20 events):
Event: 25.782 Thread 0x00000176329071c0 3586       3       java.util.Collection::stream (11 bytes)
Event: 25.782 Thread 0x00000176329071c0 nmethod 3586 0x0000017612cbe510 code [0x0000017612cbe6c0, 0x0000017612cbe8b8]
Event: 25.783 Thread 0x00000176328fe800 3587       4       javafx.scene.paint.Color::checkSB (53 bytes)
Event: 25.783 Thread 0x00000176328fe800 nmethod 3587 0x0000017619b58090 code [0x0000017619b58240, 0x0000017619b58398]
Event: 25.783 Thread 0x00000176329071c0 3589       3       com.sun.prism.paint.Color::isOpaque (15 bytes)
Event: 25.783 Thread 0x00000176328fe800 3588       4       com.sun.javafx.util.Utils::HSBtoRGB (257 bytes)
Event: 25.783 Thread 0x00000176329071c0 nmethod 3589 0x0000017612cbe990 code [0x0000017612cbeb40, 0x0000017612cbecd8]
Event: 25.784 Thread 0x00000176329071c0 3590       3       com.sun.prism.impl.ps.BaseShaderContext::validatePaintOp (321 bytes)
Event: 25.784 Thread 0x00000176328fe800 nmethod 3588 0x0000017619b58490 code [0x0000017619b58640, 0x0000017619b58858]
Event: 25.785 Thread 0x00000176329071c0 nmethod 3590 0x0000017612cbed90 code [0x0000017612cbf1a0, 0x0000017612cc14b8]
Event: 25.785 Thread 0x00000176329071c0 3592       3       java.util.Objects::equals (23 bytes)
Event: 25.785 Thread 0x00000176329071c0 nmethod 3592 0x0000017612cc1f90 code [0x0000017612cc2140, 0x0000017612cc23c8]
Event: 25.785 Thread 0x00000176329071c0 3591       3       com.sun.prism.impl.ps.BaseShaderContext::updatePaintShader (165 bytes)
Event: 25.786 Thread 0x00000176329071c0 nmethod 3591 0x0000017612cc2490 code [0x0000017612cc26e0, 0x0000017612cc3028]
Event: 25.799 Thread 0x00000176329071c0 3593       3       java.util.concurrent.locks.AbstractQueuedSynchronizer::enqueue (60 bytes)
Event: 25.799 Thread 0x00000176329071c0 nmethod 3593 0x0000017612cc3290 code [0x0000017612cc3480, 0x0000017612cc3938]
Event: 25.848 Thread 0x00000176328fe800 3594       4       javafx.scene.Node::localToScene (21 bytes)
Event: 25.850 Thread 0x00000176329071c0 3595       3       java.util.HashMap::getOrDefault (19 bytes)
Event: 25.850 Thread 0x00000176329071c0 nmethod 3595 0x0000017612cc3b10 code [0x0000017612cc3cc0, 0x0000017612cc3e68]
Event: 25.852 Thread 0x00000176328fe800 nmethod 3594 0x0000017619b58990 code [0x0000017619b58b80, 0x0000017619b59008]

GC Heap History (4 events):
Event: 0.309 GC heap before
{Heap before GC invocations=0 (full 0):
 garbage-first heap   total 393216K, used 16384K [0x0000000682400000, 0x0000000800000000)
  region size 4096K, 5 young (20480K), 0 survivors (0K)
 Metaspace       used 4359K, committed 4480K, reserved 1056768K
  class space    used 499K, committed 576K, reserved 1048576K
}
Event: 0.310 GC heap after
{Heap after GC invocations=1 (full 0):
 garbage-first heap   total 393216K, used 2724K [0x0000000682400000, 0x0000000800000000)
  region size 4096K, 1 young (4096K), 1 survivors (4096K)
 Metaspace       used 4359K, committed 4480K, reserved 1056768K
  class space    used 499K, committed 576K, reserved 1048576K
}
Event: 1.474 GC heap before
{Heap before GC invocations=1 (full 0):
 garbage-first heap   total 393216K, used 47780K [0x0000000682400000, 0x0000000800000000)
  region size 4096K, 11 young (45056K), 1 survivors (4096K)
 Metaspace       used 14094K, committed 14272K, reserved 1064960K
  class space    used 2038K, committed 2112K, reserved 1048576K
}
Event: 1.478 GC heap after
{Heap after GC invocations=2 (full 0):
 garbage-first heap   total 393216K, used 17359K [0x0000000682400000, 0x0000000800000000)
  region size 4096K, 2 young (8192K), 2 survivors (8192K)
 Metaspace       used 14094K, committed 14272K, reserved 1064960K
  class space    used 2038K, committed 2112K, reserved 1048576K
}

Deoptimization events (20 events):
Event: 24.793 Thread 0x0000017634345880 Uncommon trap: trap_request=0xffffff45 fr.pc=0x0000017619b48c88 relative=0x0000000000000068
Event: 24.793 Thread 0x0000017634345880 Uncommon trap: reason=unstable_if action=reinterpret pc=0x0000017619b48c88 method=java.lang.Math.max(DD)D @ 28 c2
Event: 24.793 Thread 0x0000017634345880 DEOPT PACKING pc=0x0000017619b48c88 sp=0x0000002f183f5b00
Event: 24.793 Thread 0x0000017634345880 DEOPT UNPACKING pc=0x0000017611e823a3 sp=0x0000002f183f5aa0 mode 2
Event: 24.804 Thread 0x0000017634345880 Uncommon trap: trap_request=0xffffff45 fr.pc=0x0000017619af0d70 relative=0x0000000000003270
Event: 24.804 Thread 0x0000017634345880 Uncommon trap: reason=unstable_if action=reinterpret pc=0x0000017619af0d70 method=java.util.HashMap.removeNode(ILjava/lang/Object;Ljava/lang/Object;ZZ)Ljava/util/HashMap$Node; @ 46 c2
Event: 24.804 Thread 0x0000017634345880 DEOPT PACKING pc=0x0000017619af0d70 sp=0x0000002f183f48a0
Event: 24.804 Thread 0x0000017634345880 DEOPT UNPACKING pc=0x0000017611e823a3 sp=0x0000002f183f46f0 mode 2
Event: 24.806 Thread 0x0000017634345880 Uncommon trap: trap_request=0xffffff45 fr.pc=0x0000017619b4ba5c relative=0x000000000000005c
Event: 24.806 Thread 0x0000017634345880 Uncommon trap: reason=unstable_if action=reinterpret pc=0x0000017619b4ba5c method=java.util.Objects.equals(Ljava/lang/Object;Ljava/lang/Object;)Z @ 6 c2
Event: 24.806 Thread 0x0000017634345880 DEOPT PACKING pc=0x0000017619b4ba5c sp=0x0000002f183f4bd0
Event: 24.806 Thread 0x0000017634345880 DEOPT UNPACKING pc=0x0000017611e823a3 sp=0x0000002f183f4b70 mode 2
Event: 24.809 Thread 0x0000017634345880 Uncommon trap: trap_request=0xffffff45 fr.pc=0x0000017619a6eb74 relative=0x0000000000000fd4
Event: 24.809 Thread 0x0000017634345880 Uncommon trap: reason=unstable_if action=reinterpret pc=0x0000017619a6eb74 method=java.util.concurrent.ConcurrentHashMap.putVal(Ljava/lang/Object;Ljava/lang/Object;Z)Ljava/lang/Object; @ 148 c2
Event: 24.809 Thread 0x0000017634345880 DEOPT PACKING pc=0x0000017619a6eb74 sp=0x0000002f183f3f90
Event: 24.809 Thread 0x0000017634345880 DEOPT UNPACKING pc=0x0000017611e823a3 sp=0x0000002f183f3f10 mode 2
Event: 24.811 Thread 0x0000017634345880 Uncommon trap: trap_request=0xffffff45 fr.pc=0x00000176199e0518 relative=0x00000000000000f8
Event: 24.811 Thread 0x0000017634345880 Uncommon trap: reason=unstable_if action=reinterpret pc=0x00000176199e0518 method=java.lang.StringLatin1.lastIndexOf([BI[BII)I @ 86 c2
Event: 24.811 Thread 0x0000017634345880 DEOPT PACKING pc=0x00000176199e0518 sp=0x0000002f183f3e70
Event: 24.811 Thread 0x0000017634345880 DEOPT UNPACKING pc=0x0000017611e823a3 sp=0x0000002f183f3dc8 mode 2

Classes unloaded (0 events):
No events

Classes redefined (0 events):
No events

Internal exceptions (20 events):
Event: 0.587 Thread 0x0000017634345880 Exception <a 'java/lang/NoSuchMethodError'{0x00000006989eb3b0}: 'void java.lang.invoke.DirectMethodHandle$Holder.invokeSpecial(java.lang.Object, java.lang.Object, java.lang.Object, java.lang.Object, java.lang.Object)'> (0x00000006989eb3b0) 
thrown [t:\workspace\open\src\hotspot\share\interpreter\linkResolver.cpp, line 766]
Event: 0.589 Thread 0x0000017634345880 Exception <a 'java/lang/NoSuchMethodError'{0x00000006989ffe38}: 'java.lang.Object java.lang.invoke.DirectMethodHandle$Holder.invokeInterface(java.lang.Object, java.lang.Object, java.lang.Object)'> (0x00000006989ffe38) 
thrown [t:\workspace\open\src\hotspot\share\interpreter\linkResolver.cpp, line 766]
Event: 0.589 Thread 0x0000017634345880 Exception <a 'java/lang/IncompatibleClassChangeError'{0x0000000698a037c0}: Found class java.lang.Object, but interface was expected> (0x0000000698a037c0) 
thrown [t:\workspace\open\src\hotspot\share\interpreter\linkResolver.cpp, line 833]
Event: 0.628 Thread 0x0000017634345880 Exception <a 'java/lang/NoSuchMethodError'{0x0000000698bf55d8}: 'java.lang.Object java.lang.invoke.DirectMethodHandle$Holder.newInvokeSpecial(java.lang.Object, java.lang.Object, int)'> (0x0000000698bf55d8) 
thrown [t:\workspace\open\src\hotspot\share\interpreter\linkResolver.cpp, line 766]
Event: 0.645 Thread 0x00000176343f8f00 Exception <a 'java/lang/NoSuchMethodError'{0x000000069855da10}: 'int java.lang.invoke.DirectMethodHandle$Holder.invokeStaticInit(java.lang.Object, java.lang.Object)'> (0x000000069855da10) 
thrown [t:\workspace\open\src\hotspot\share\interpreter\linkResolver.cpp, line 766]
Event: 1.288 Thread 0x0000017634345880 Exception <a 'java/lang/NoSuchMethodError'{0x00000006982a1b38}: 'long java.lang.invoke.DirectMethodHandle$Holder.invokeStatic(java.lang.Object, java.lang.Object, java.lang.Object)'> (0x00000006982a1b38) 
thrown [t:\workspace\open\src\hotspot\share\interpreter\linkResolver.cpp, line 766]
Event: 1.288 Thread 0x0000017634345880 Exception <a 'java/lang/NoSuchMethodError'{0x00000006982a52e0}: 'long java.lang.invoke.DirectMethodHandle$Holder.invokeStaticInit(java.lang.Object, java.lang.Object, java.lang.Object)'> (0x00000006982a52e0) 
thrown [t:\workspace\open\src\hotspot\share\interpreter\linkResolver.cpp, line 766]
Event: 1.289 Thread 0x0000017634345880 Exception <a 'java/lang/NoSuchMethodError'{0x00000006982bcee8}: 'java.lang.Object java.lang.invoke.DirectMethodHandle$Holder.newInvokeSpecial(java.lang.Object, java.lang.Object, long)'> (0x00000006982bcee8) 
thrown [t:\workspace\open\src\hotspot\share\interpreter\linkResolver.cpp, line 766]
Event: 1.290 Thread 0x0000017634345880 Exception <a 'java/lang/NoSuchMethodError'{0x00000006982c0a58}: 'java.lang.Object java.lang.invoke.Invokers$Holder.linkToTargetMethod(java.lang.Object, long, java.lang.Object)'> (0x00000006982c0a58) 
thrown [t:\workspace\open\src\hotspot\share\interpreter\linkResolver.cpp, line 766]
Event: 1.426 Thread 0x0000017634345880 Exception <a 'java/lang/ClassNotFoundException'{0x0000000697ea1210}: com/sun/javafx/scene/control/skin/resources/controls> (0x0000000697ea1210) 
thrown [t:\workspace\open\src\hotspot\share\prims\jni.cpp, line 535]
Event: 1.426 Thread 0x0000017634345880 Exception <a 'java/lang/ClassNotFoundException'{0x0000000697eaf4a8}: com/sun/javafx/scene/control/skin/resources/controls_es> (0x0000000697eaf4a8) 
thrown [t:\workspace\open\src\hotspot\share\prims\jni.cpp, line 535]
Event: 1.427 Thread 0x0000017634345880 Exception <a 'java/lang/ClassNotFoundException'{0x0000000697ebd400}: com/sun/javafx/scene/control/skin/resources/controls_es_CO> (0x0000000697ebd400) 
thrown [t:\workspace\open\src\hotspot\share\prims\jni.cpp, line 535]
Event: 2.248 Thread 0x0000017634345880 Exception <a 'java/lang/NoSuchMethodError'{0x000000069940d6d0}: 'void java.lang.invoke.DirectMethodHandle$Holder.invokeSpecial(java.lang.Object, java.lang.Object, java.lang.Object, java.lang.Object, java.lang.Object, java.lang.Object)'> (0x000000069940d6d0) 
thrown [t:\workspace\open\src\hotspot\share\interpreter\linkResolver.cpp, line 766]
Event: 2.270 Thread 0x0000017634345880 Exception <a 'java/lang/NoSuchMethodError'{0x00000006996a0c40}: 'void java.lang.invoke.DirectMethodHandle$Holder.invokeSpecialIFC(java.lang.Object, java.lang.Object, java.lang.Object, java.lang.Object)'> (0x00000006996a0c40) 
thrown [t:\workspace\open\src\hotspot\share\interpreter\linkResolver.cpp, line 766]
Event: 2.278 Thread 0x0000017634345880 Exception <a 'java/lang/NoSuchMethodError'{0x00000006997b3958}: 'int java.lang.invoke.DirectMethodHandle$Holder.invokeSpecial(java.lang.Object, java.lang.Object, int)'> (0x00000006997b3958) 
thrown [t:\workspace\open\src\hotspot\share\interpreter\linkResolver.cpp, line 766]
Event: 10.081 Thread 0x0000017634345880 Exception <a 'java/io/FileNotFoundException'{0x00000006992f2268}> (0x00000006992f2268) 
thrown [t:\workspace\open\src\hotspot\share\prims\jni.cpp, line 516]
Event: 16.031 Thread 0x0000017634345880 Exception <a 'java/io/FileNotFoundException'{0x000000069933f530}> (0x000000069933f530) 
thrown [t:\workspace\open\src\hotspot\share\prims\jni.cpp, line 516]
Event: 18.702 Thread 0x0000017634345880 Exception <a 'java/lang/NoSuchMethodError'{0x00000006993781b0}: 'java.lang.Object java.lang.invoke.DirectMethodHandle$Holder.newInvokeSpecial(java.lang.Object, java.lang.Object, int, int, int, int, int, java.lang.Object)'> (0x00000006993781b0) 
thrown [t:\workspace\open\src\hotspot\share\interpreter\linkResolver.cpp, line 766]
Event: 18.703 Thread 0x0000017634345880 Exception <a 'java/lang/NoSuchMethodError'{0x000000069938bc30}: 'java.lang.Object java.lang.invoke.DirectMethodHandle$Holder.newInvokeSpecial(java.lang.Object, java.lang.Object, java.lang.Object, int, int, int, int, int)'> (0x000000069938bc30) 
thrown [t:\workspace\open\src\hotspot\share\interpreter\linkResolver.cpp, line 766]
Event: 18.703 Thread 0x0000017634345880 Exception <a 'java/lang/NoSuchMethodError'{0x0000000699393f30}: 'java.lang.Object java.lang.invoke.Invokers$Holder.linkToTargetMethod(java.lang.Object, java.lang.Object, int, int, int, int, int, java.lang.Object)'> (0x0000000699393f30) 
thrown [t:\workspace\open\src\hotspot\share\interpreter\linkResolver.cpp, line 766]

VM Operations (20 events):
Event: 12.345 Executing VM operation: Cleanup done
Event: 14.345 Executing VM operation: Cleanup
Event: 14.345 Executing VM operation: Cleanup done
Event: 17.346 Executing VM operation: Cleanup
Event: 17.346 Executing VM operation: Cleanup done
Event: 19.346 Executing VM operation: Cleanup
Event: 19.346 Executing VM operation: Cleanup done
Event: 20.346 Executing VM operation: Cleanup
Event: 20.346 Executing VM operation: Cleanup done
Event: 21.347 Executing VM operation: Cleanup
Event: 21.347 Executing VM operation: Cleanup done
Event: 23.347 Executing VM operation: Cleanup
Event: 23.347 Executing VM operation: Cleanup done
Event: 24.799 Executing VM operation: HandshakeAllThreads
Event: 24.799 Executing VM operation: HandshakeAllThreads done
Event: 24.799 Executing VM operation: Cleanup
Event: 24.800 Executing VM operation: Cleanup done
Event: 25.800 Executing VM operation: Cleanup
Event: 25.800 Executing VM operation: Cleanup done
Event: 25.855 Executing VM operation: Exit

Events (20 events):
Event: 24.810 loading class sun/text/resources/BreakIteratorInfo
Event: 24.810 loading class sun/text/resources/BreakIteratorInfo done
Event: 24.810 loading class sun/text/resources/BreakIteratorResources
Event: 24.810 loading class sun/util/resources/BreakIteratorResourceBundle
Event: 24.810 loading class sun/util/resources/BreakIteratorResourceBundle done
Event: 24.810 loading class sun/text/resources/BreakIteratorResources done
Event: 24.810 loading class sun/util/resources/Bundles$2
Event: 24.810 loading class sun/util/resources/Bundles$2 done
Event: 24.811 loading class sun/text/RuleBasedBreakIterator
Event: 24.811 loading class sun/text/RuleBasedBreakIterator done
Event: 24.811 loading class sun/text/CompactByteArray
Event: 24.811 loading class sun/text/CompactByteArray done
Event: 24.812 loading class sun/text/SupplementaryCharacterData
Event: 24.812 loading class sun/text/SupplementaryCharacterData done
Event: 24.812 loading class java/text/BreakIterator$BreakIteratorCache
Event: 24.812 loading class java/text/BreakIterator$BreakIteratorCache done
Event: 25.854 Thread 0x000001763f4f2580 Thread added: 0x000001763f4f2580
Event: 25.854 Thread 0x000001763f4f2f20 Thread added: 0x000001763f4f2f20
Event: 25.854 Thread 0x000001763f4f2580 Thread exited: 0x000001763f4f2580
Event: 25.855 Thread 0x000001763f4f2f20 Thread exited: 0x000001763f4f2f20


Dynamic libraries:
0x00007ff6c38d0000 - 0x00007ff6c38e0000 	C:\Program Files\Java\jdk-17.0.2\bin\java.exe
0x00007ff95ca40000 - 0x00007ff95cc49000 	C:\Windows\SYSTEM32\ntdll.dll
0x00007ff95ada0000 - 0x00007ff95ae5d000 	C:\Windows\System32\KERNEL32.DLL
0x00007ff95a280000 - 0x00007ff95a5f9000 	C:\Windows\System32\KERNELBASE.dll
0x00007ff95a630000 - 0x00007ff95a741000 	C:\Windows\System32\ucrtbase.dll
0x00007ff951430000 - 0x00007ff95144a000 	C:\Program Files\Java\jdk-17.0.2\bin\VCRUNTIME140.dll
0x00007ff92f410000 - 0x00007ff92f428000 	C:\Program Files\Java\jdk-17.0.2\bin\jli.dll
0x00007ff95c5e0000 - 0x00007ff95c68e000 	C:\Windows\System32\ADVAPI32.dll
0x00007ff95c530000 - 0x00007ff95c5d3000 	C:\Windows\System32\msvcrt.dll
0x00007ff95c2b0000 - 0x00007ff95c34e000 	C:\Windows\System32\sechost.dll
0x00007ff95b080000 - 0x00007ff95b1a0000 	C:\Windows\System32\RPCRT4.dll
0x00007ff95c700000 - 0x00007ff95c8ac000 	C:\Windows\System32\USER32.dll
0x00007ff94b670000 - 0x00007ff94b915000 	C:\Windows\WinSxS\amd64_microsoft.windows.common-controls_6595b64144ccf1df_6.0.22000.120_none_9d947278b86cc467\COMCTL32.dll
0x00007ff95a600000 - 0x00007ff95a626000 	C:\Windows\System32\win32u.dll
0x00007ff95b9d0000 - 0x00007ff95b9f9000 	C:\Windows\System32\GDI32.dll
0x00007ff959f30000 - 0x00007ff95a042000 	C:\Windows\System32\gdi32full.dll
0x00007ff95a7c0000 - 0x00007ff95a85d000 	C:\Windows\System32\msvcp_win.dll
0x00007ff9517b0000 - 0x00007ff9517ba000 	C:\Windows\SYSTEM32\VERSION.dll
0x00007ff95a8e0000 - 0x00007ff95a911000 	C:\Windows\System32\IMM32.DLL
0x00007ff930760000 - 0x00007ff93076c000 	C:\Program Files\Java\jdk-17.0.2\bin\vcruntime140_1.dll
0x00007ff8d9b90000 - 0x00007ff8d9c1d000 	C:\Program Files\Java\jdk-17.0.2\bin\msvcp140.dll
0x00007ff8c5e20000 - 0x00007ff8c69e1000 	C:\Program Files\Java\jdk-17.0.2\bin\server\jvm.dll
0x00007ff95b070000 - 0x00007ff95b078000 	C:\Windows\System32\PSAPI.DLL
0x00007ff953440000 - 0x00007ff953473000 	C:\Windows\SYSTEM32\WINMM.dll
0x00007ff951450000 - 0x00007ff951459000 	C:\Windows\SYSTEM32\WSOCK32.dll
0x00007ff95b960000 - 0x00007ff95b9cf000 	C:\Windows\System32\WS2_32.dll
0x00007ff959120000 - 0x00007ff959138000 	C:\Windows\SYSTEM32\kernel.appcore.dll
0x00007ff930750000 - 0x00007ff93075a000 	C:\Program Files\Java\jdk-17.0.2\bin\jimage.dll
0x00007ff9575c0000 - 0x00007ff9577e1000 	C:\Windows\SYSTEM32\DBGHELP.DLL
0x00007ff9435e0000 - 0x00007ff943611000 	C:\Windows\SYSTEM32\dbgcore.DLL
0x00007ff95a860000 - 0x00007ff95a8df000 	C:\Windows\System32\bcryptPrimitives.dll
0x00007ff925c90000 - 0x00007ff925cb5000 	C:\Program Files\Java\jdk-17.0.2\bin\java.dll
0x00007ff8d9c20000 - 0x00007ff8d9cf6000 	C:\Program Files\Java\jdk-17.0.2\bin\jsvml.dll
0x00007ff95ba00000 - 0x00007ff95c1af000 	C:\Windows\System32\SHELL32.dll
0x00007ff9580b0000 - 0x00007ff958918000 	C:\Windows\SYSTEM32\windows.storage.dll
0x00007ff95a9c0000 - 0x00007ff95ad38000 	C:\Windows\System32\combase.dll
0x00007ff957f40000 - 0x00007ff9580a6000 	C:\Windows\SYSTEM32\wintypes.dll
0x00007ff95c1b0000 - 0x00007ff95c29a000 	C:\Windows\System32\SHCORE.dll
0x00007ff95c8b0000 - 0x00007ff95c90d000 	C:\Windows\System32\shlwapi.dll
0x00007ff959e60000 - 0x00007ff959e81000 	C:\Windows\SYSTEM32\profapi.dll
0x00007ff930560000 - 0x00007ff930579000 	C:\Program Files\Java\jdk-17.0.2\bin\net.dll
0x00007ff954670000 - 0x00007ff95477c000 	C:\Windows\SYSTEM32\WINHTTP.dll
0x00007ff959550000 - 0x00007ff9595b7000 	C:\Windows\system32\mswsock.dll
0x00007ff92f4a0000 - 0x00007ff92f4b6000 	C:\Program Files\Java\jdk-17.0.2\bin\nio.dll
0x00007ff929420000 - 0x00007ff929438000 	C:\Program Files\Java\jdk-17.0.2\bin\zip.dll
0x0000017632a80000 - 0x0000017632a83000 	C:\Program Files\Java\javafx-sdk-18.0.1\bin\api-ms-win-core-console-l1-1-0.dll
0x0000017632a90000 - 0x0000017632a93000 	C:\Program Files\Java\javafx-sdk-18.0.1\bin\api-ms-win-core-console-l1-2-0.dll
0x0000017632aa0000 - 0x0000017632aa3000 	C:\Program Files\Java\javafx-sdk-18.0.1\bin\api-ms-win-core-datetime-l1-1-0.dll
0x0000017632ab0000 - 0x0000017632ab3000 	C:\Program Files\Java\javafx-sdk-18.0.1\bin\api-ms-win-core-debug-l1-1-0.dll
0x0000017632ac0000 - 0x0000017632ac3000 	C:\Program Files\Java\javafx-sdk-18.0.1\bin\api-ms-win-core-errorhandling-l1-1-0.dll
0x0000017632ad0000 - 0x0000017632ad4000 	C:\Program Files\Java\javafx-sdk-18.0.1\bin\api-ms-win-core-file-l1-1-0.dll
0x0000017632ae0000 - 0x0000017632ae3000 	C:\Program Files\Java\javafx-sdk-18.0.1\bin\api-ms-win-core-file-l1-2-0.dll
0x0000017632af0000 - 0x0000017632af3000 	C:\Program Files\Java\javafx-sdk-18.0.1\bin\api-ms-win-core-file-l2-1-0.dll
0x0000017632b00000 - 0x0000017632b03000 	C:\Program Files\Java\javafx-sdk-18.0.1\bin\api-ms-win-core-handle-l1-1-0.dll
0x0000017632b10000 - 0x0000017632b13000 	C:\Program Files\Java\javafx-sdk-18.0.1\bin\api-ms-win-core-heap-l1-1-0.dll
0x0000017632b20000 - 0x0000017632b23000 	C:\Program Files\Java\javafx-sdk-18.0.1\bin\api-ms-win-core-interlocked-l1-1-0.dll
0x0000017632b30000 - 0x0000017632b33000 	C:\Program Files\Java\javafx-sdk-18.0.1\bin\api-ms-win-core-libraryloader-l1-1-0.dll
0x0000017632b40000 - 0x0000017632b43000 	C:\Program Files\Java\javafx-sdk-18.0.1\bin\api-ms-win-core-localization-l1-2-0.dll
0x0000017632b50000 - 0x0000017632b53000 	C:\Program Files\Java\javafx-sdk-18.0.1\bin\api-ms-win-core-memory-l1-1-0.dll
0x0000017632b60000 - 0x0000017632b63000 	C:\Program Files\Java\javafx-sdk-18.0.1\bin\api-ms-win-core-namedpipe-l1-1-0.dll
0x0000017632b70000 - 0x0000017632b73000 	C:\Program Files\Java\javafx-sdk-18.0.1\bin\api-ms-win-core-processenvironment-l1-1-0.dll
0x0000017632b80000 - 0x0000017632b83000 	C:\Program Files\Java\javafx-sdk-18.0.1\bin\api-ms-win-core-processthreads-l1-1-0.dll
0x0000017632b90000 - 0x0000017632b93000 	C:\Program Files\Java\javafx-sdk-18.0.1\bin\api-ms-win-core-processthreads-l1-1-1.dll
0x0000017632ba0000 - 0x0000017632ba3000 	C:\Program Files\Java\javafx-sdk-18.0.1\bin\api-ms-win-core-profile-l1-1-0.dll
0x0000017632bb0000 - 0x0000017632bb3000 	C:\Program Files\Java\javafx-sdk-18.0.1\bin\api-ms-win-core-rtlsupport-l1-1-0.dll
0x0000017632bc0000 - 0x0000017632bc3000 	C:\Program Files\Java\javafx-sdk-18.0.1\bin\api-ms-win-core-string-l1-1-0.dll
0x0000017632bd0000 - 0x0000017632bd3000 	C:\Program Files\Java\javafx-sdk-18.0.1\bin\api-ms-win-core-synch-l1-1-0.dll
0x0000017632be0000 - 0x0000017632be3000 	C:\Program Files\Java\javafx-sdk-18.0.1\bin\api-ms-win-core-synch-l1-2-0.dll
0x0000017632bf0000 - 0x0000017632bf3000 	C:\Program Files\Java\javafx-sdk-18.0.1\bin\api-ms-win-core-sysinfo-l1-1-0.dll
0x0000017634fd0000 - 0x0000017634fd3000 	C:\Program Files\Java\javafx-sdk-18.0.1\bin\api-ms-win-core-timezone-l1-1-0.dll
0x0000017634fe0000 - 0x0000017634fe3000 	C:\Program Files\Java\javafx-sdk-18.0.1\bin\api-ms-win-core-util-l1-1-0.dll
0x0000017634ff0000 - 0x0000017634ff3000 	C:\Program Files\Java\javafx-sdk-18.0.1\bin\api-ms-win-crt-conio-l1-1-0.dll
0x0000017635000000 - 0x0000017635004000 	C:\Program Files\Java\javafx-sdk-18.0.1\bin\api-ms-win-crt-convert-l1-1-0.dll
0x0000017635010000 - 0x0000017635013000 	C:\Program Files\Java\javafx-sdk-18.0.1\bin\api-ms-win-crt-environment-l1-1-0.dll
0x0000017635020000 - 0x0000017635023000 	C:\Program Files\Java\javafx-sdk-18.0.1\bin\api-ms-win-crt-filesystem-l1-1-0.dll
0x0000017635030000 - 0x0000017635033000 	C:\Program Files\Java\javafx-sdk-18.0.1\bin\api-ms-win-crt-heap-l1-1-0.dll
0x0000017635040000 - 0x0000017635043000 	C:\Program Files\Java\javafx-sdk-18.0.1\bin\api-ms-win-crt-locale-l1-1-0.dll
0x0000017635050000 - 0x0000017635055000 	C:\Program Files\Java\javafx-sdk-18.0.1\bin\api-ms-win-crt-math-l1-1-0.dll
0x0000017635060000 - 0x0000017635065000 	C:\Program Files\Java\javafx-sdk-18.0.1\bin\api-ms-win-crt-multibyte-l1-1-0.dll
0x0000017635070000 - 0x0000017635080000 	C:\Program Files\Java\javafx-sdk-18.0.1\bin\api-ms-win-crt-private-l1-1-0.dll
0x0000017635080000 - 0x0000017635083000 	C:\Program Files\Java\javafx-sdk-18.0.1\bin\api-ms-win-crt-process-l1-1-0.dll
0x0000017635090000 - 0x0000017635094000 	C:\Program Files\Java\javafx-sdk-18.0.1\bin\api-ms-win-crt-runtime-l1-1-0.dll
0x00000176350a0000 - 0x00000176350a4000 	C:\Program Files\Java\javafx-sdk-18.0.1\bin\api-ms-win-crt-stdio-l1-1-0.dll
0x00000176350b0000 - 0x00000176350b4000 	C:\Program Files\Java\javafx-sdk-18.0.1\bin\api-ms-win-crt-string-l1-1-0.dll
0x00000176350c0000 - 0x00000176350c3000 	C:\Program Files\Java\javafx-sdk-18.0.1\bin\api-ms-win-crt-time-l1-1-0.dll
0x00000176350d0000 - 0x00000176350d3000 	C:\Program Files\Java\javafx-sdk-18.0.1\bin\api-ms-win-crt-utility-l1-1-0.dll
0x00007ff91b060000 - 0x00007ff91b15c000 	C:\Program Files\Java\javafx-sdk-18.0.1\bin\ucrtbase.dll
0x00007ff92bd20000 - 0x00007ff92bd3a000 	C:\Program Files\Java\javafx-sdk-18.0.1\bin\vcruntime140.dll
0x00007ff94ce80000 - 0x00007ff94ce8c000 	C:\Program Files\Java\javafx-sdk-18.0.1\bin\vcruntime140_1.dll
0x00007ff91b3e0000 - 0x00007ff91b46d000 	C:\Program Files\Java\javafx-sdk-18.0.1\bin\msvcp140.dll
0x00007ff921c10000 - 0x00007ff921c3c000 	C:\Program Files\Java\javafx-sdk-18.0.1\bin\prism_d3d.dll
0x00007ff94ecd0000 - 0x00007ff94ee76000 	C:\Windows\system32\d3d9.dll
0x00007ff957960000 - 0x00007ff95798f000 	C:\Windows\SYSTEM32\dwmapi.dll
0x00007ff9574a0000 - 0x00007ff9574d8000 	C:\Windows\SYSTEM32\dxcore.dll
0x00007ff957180000 - 0x00007ff95722c000 	C:\Windows\system32\uxtheme.dll
0x00007ff94fdc0000 - 0x00007ff94fec7000 	C:\Windows\System32\DriverStore\FileRepository\nvltig.inf_amd64_ce837e92efe9cbc4\nvldumdx.dll
0x00007ff9597f0000 - 0x00007ff959802000 	C:\Windows\SYSTEM32\msasn1.dll
0x00007ff951750000 - 0x00007ff951781000 	C:\Windows\SYSTEM32\cryptnet.dll
0x00007ff95a050000 - 0x00007ff95a1b2000 	C:\Windows\System32\CRYPT32.dll
0x00007ff94f9e0000 - 0x00007ff94fb29000 	C:\Windows\SYSTEM32\drvstore.dll
0x00007ff959c70000 - 0x00007ff959c9c000 	C:\Windows\SYSTEM32\devobj.dll
0x00007ff959c20000 - 0x00007ff959c6c000 	C:\Windows\SYSTEM32\cfgmgr32.dll
0x00007ff959860000 - 0x00007ff95989d000 	C:\Windows\SYSTEM32\wldp.dll
0x00007ff959790000 - 0x00007ff95979c000 	C:\Windows\SYSTEM32\cryptbase.dll
0x00007ff95a750000 - 0x00007ff95a7b7000 	C:\Windows\System32\WINTRUST.DLL
0x00007ff95c4f0000 - 0x00007ff95c50f000 	C:\Windows\System32\imagehlp.dll
0x00007ff9597a0000 - 0x00007ff9597b8000 	C:\Windows\SYSTEM32\CRYPTSP.dll
0x00007ff959080000 - 0x00007ff9590b5000 	C:\Windows\system32\rsaenh.dll
0x00007ff959910000 - 0x00007ff959937000 	C:\Windows\SYSTEM32\bcrypt.dll
0x00007ff8daef0000 - 0x00007ff8dc678000 	C:\Windows\System32\DriverStore\FileRepository\nvltig.inf_amd64_ce837e92efe9cbc4\nvd3dumx.dll
0x00007ff953ac0000 - 0x00007ff953b04000 	C:\Windows\SYSTEM32\directxdatabasehelper.dll
0x00007ff957820000 - 0x00007ff957854000 	C:\Windows\SYSTEM32\ntmarta.dll
0x00007ff91fc70000 - 0x00007ff91fcb2000 	C:\Program Files\Java\javafx-sdk-18.0.1\bin\glass.dll
0x00007ff95c910000 - 0x00007ff95c9fc000 	C:\Windows\System32\COMDLG32.dll
0x00007ff95c350000 - 0x00007ff95c4ea000 	C:\Windows\System32\ole32.dll
0x00007ff95b1a0000 - 0x00007ff95b276000 	C:\Windows\System32\OLEAUT32.dll
0x00007ff95af50000 - 0x00007ff95b06e000 	C:\Windows\System32\MSCTF.dll
0x00007ff8dc9a0000 - 0x00007ff8dcc63000 	C:\Windows\system32\nvspcap64.dll
0x00007ff9595e0000 - 0x00007ff959604000 	C:\Windows\SYSTEM32\gpapi.dll
0x00007ff9297a0000 - 0x00007ff9297b4000 	C:\Program Files\Java\javafx-sdk-18.0.1\bin\javafx_font.dll
0x00007ff935810000 - 0x00007ff935a6f000 	C:\Windows\SYSTEM32\dwrite.dll
0x00007ff95b280000 - 0x00007ff95b32f000 	C:\Windows\System32\clbcatq.dll
0x00007ff951860000 - 0x00007ff951a0e000 	C:\Windows\SYSTEM32\WindowsCodecs.dll
0x00007ff933380000 - 0x00007ff9333dd000 	C:\Windows\system32\dataexchange.dll
0x00007ff950bb0000 - 0x00007ff950e16000 	C:\Windows\system32\twinapi.appcore.dll
0x00007ff921c40000 - 0x00007ff921c72000 	C:\Program Files\Common Files\Microsoft Shared\Ink\rtscom.dll
0x00007ff93c230000 - 0x00007ff93c35d000 	C:\Windows\SYSTEM32\textinputframework.dll
0x00007ff956ca0000 - 0x00007ff956dd2000 	C:\Windows\SYSTEM32\CoreMessaging.dll

dbghelp: loaded successfully - version: 4.0.5 - missing functions: none
symbol engine: initialized successfully - sym options: 0x614 - pdb path: .;C:\Program Files\Java\jdk-17.0.2\bin;C:\Windows\SYSTEM32;C:\Windows\WinSxS\amd64_microsoft.windows.common-controls_6595b64144ccf1df_6.0.22000.120_none_9d947278b86cc467;C:\Program Files\Java\jdk-17.0.2\bin\server;C:\Program Files\Java\javafx-sdk-18.0.1\bin;C:\Windows\System32\DriverStore\FileRepository\nvltig.inf_amd64_ce837e92efe9cbc4;C:\Program Files\Common Files\Microsoft Shared\Ink;C:\Program Files (x86)\Common Files\Adobe\CoreSyncExtension

VM Arguments:
jvm_args: -Dfile.encoding=UTF-8 --add-modules=javafx.controls,javafx.fxml --module-path=C:\Users\juanc\OneDrive\Documentos\Universidad 3\POO\SEATORA\build\classes;C:\Program Files\Java\javafx-sdk-18.0.1\lib\javafx-swt.jar;C:\Program Files\Java\javafx-sdk-18.0.1\lib\javafx.base.jar;C:\Program Files\Java\javafx-sdk-18.0.1\lib\javafx.controls.jar;C:\Program Files\Java\javafx-sdk-18.0.1\lib\javafx.fxml.jar;C:\Program Files\Java\javafx-sdk-18.0.1\lib\javafx.graphics.jar;C:\Program Files\Java\javafx-sdk-18.0.1\lib\javafx.media.jar;C:\Program Files\Java\javafx-sdk-18.0.1\lib\javafx.swing.jar;C:\Program Files\Java\javafx-sdk-18.0.1\lib\javafx.web.jar 
java_command: start.Seatora
java_class_path (initial): C:\Program Files\Java\javafx-sdk-18.0.1\lib\javafx-swt.jar;C:\Program Files\Java\javafx-sdk-18.0.1\lib\javafx.base.jar;C:\Program Files\Java\javafx-sdk-18.0.1\lib\javafx.controls.jar;C:\Program Files\Java\javafx-sdk-18.0.1\lib\javafx.fxml.jar;C:\Program Files\Java\javafx-sdk-18.0.1\lib\javafx.graphics.jar;C:\Program Files\Java\javafx-sdk-18.0.1\lib\javafx.media.jar;C:\Program Files\Java\javafx-sdk-18.0.1\lib\javafx.swing.jar;C:\Program Files\Java\javafx-sdk-18.0.1\lib\javafx.web.jar;C:\Users\juanc\OneDrive\Documentos\Universidad 3\POO\SEATORA\build\classes
Launcher Type: SUN_STANDARD

[Global flags]
     intx CICompilerCount                          = 12                                        {product} {ergonomic}
     uint ConcGCThreads                            = 3                                         {product} {ergonomic}
     uint G1ConcRefinementThreads                  = 13                                        {product} {ergonomic}
   size_t G1HeapRegionSize                         = 4194304                                   {product} {ergonomic}
    uintx GCDrainStackTargetSize                   = 64                                        {product} {ergonomic}
   size_t InitialHeapSize                          = 402653184                                 {product} {ergonomic}
   size_t MarkStackSize                            = 4194304                                   {product} {ergonomic}
   size_t MaxHeapSize                              = 6404702208                                {product} {ergonomic}
   size_t MaxNewSize                               = 3841982464                                {product} {ergonomic}
   size_t MinHeapDeltaBytes                        = 4194304                                   {product} {ergonomic}
   size_t MinHeapSize                              = 8388608                                   {product} {ergonomic}
    uintx NonNMethodCodeHeapSize                   = 7602480                                {pd product} {ergonomic}
    uintx NonProfiledCodeHeapSize                  = 122027880                              {pd product} {ergonomic}
    uintx ProfiledCodeHeapSize                     = 122027880                              {pd product} {ergonomic}
    uintx ReservedCodeCacheSize                    = 251658240                              {pd product} {ergonomic}
     bool SegmentedCodeCache                       = true                                      {product} {ergonomic}
   size_t SoftMaxHeapSize                          = 6404702208                             {manageable} {ergonomic}
     bool UseCompressedClassPointers               = true                           {product lp64_product} {ergonomic}
     bool UseCompressedOops                        = true                           {product lp64_product} {ergonomic}
     bool UseG1GC                                  = true                                      {product} {ergonomic}
     bool UseLargePagesIndividualAllocation        = false                                  {pd product} {ergonomic}

Logging:
Log output configuration:
 #0: stdout all=off uptime,level,tags
 #1: stderr all=off uptime,level,tags

Environment Variables:
PATH=C:\Program Files\Common Files\Oracle\Java\javapath;C:\Program Files (x86)\Common Files\Oracle\Java\javapath;C:\Windows\system32;C:\Windows;C:\Windows\System32\Wbem;C:\Windows\System32\WindowsPowerShell\v1.0\;C:\Windows\System32\OpenSSH\;C:\Program Files (x86)\NVIDIA Corporation\PhysX\Common;C:\Program Files\NVIDIA Corporation\NVIDIA NvDLISR;C:\Users\juanc\AppData\Local\Microsoft\WindowsApps;;C:\Users\juanc\AppData\Local\Programs\Microsoft VS Code\bin
USERNAME=juanc
OS=Windows_NT
PROCESSOR_IDENTIFIER=AMD64 Family 25 Model 80 Stepping 0, AuthenticAMD



---------------  S Y S T E M  ---------------

OS:
 Windows 11 , 64 bit Build 22000 (10.0.22000.675)
OS uptime: 0 days 5:20 hours

CPU: total 16 (initial active 16) (16 cores per cpu, 2 threads per core) family 25 model 80 stepping 0 microcode 0x0, cx8, cmov, fxsr, ht, mmx, 3dnowpref, sse, sse2, sse3, ssse3, sse4a, sse4.1, sse4.2, popcnt, lzcnt, tsc, tscinvbit, avx, avx2, aes, erms, clmul, bmi1, bmi2, adx, sha, fma, vzeroupper, clflush, clflushopt

Memory: 4k page, system-wide physical 24428M (13700M free)
TotalPageFile size 28012M (AvailPageFile size 13128M)
current process WorkingSet (physical memory assigned to process): 208M, peak: 289M
current process commit charge ("private bytes"): 646M, peak: 734M

vm_info: Java HotSpot(TM) 64-Bit Server VM (17.0.2+8-LTS-86) for windows-amd64 JRE (17.0.2+8-LTS-86), built on Dec  7 2021 21:51:03 by "mach5one" with MS VC++ 16.8 / 16.9 (VS2019)

END.
