#
# A fatal error has been detected by the Java Runtime Environment:
#
#  EXCEPTION_ACCESS_VIOLATION (0xc0000005) at pc=0x00007ff96eec6a87, pid=1344, tid=35640
#
# JRE version: Java(TM) SE Runtime Environment (16.0.1+9) (build 16.0.1+9-24)
# Java VM: Java HotSpot(TM) 64-Bit Server VM (16.0.1+9-24, mixed mode, sharing, tiered, compressed oops, compressed class ptrs, g1 gc, windows-amd64)
# Problematic frame:
# C  [glass.dll+0x26a87]
#
# No core dump will be written. Minidumps are not enabled by default on client versions of Windows
#
# If you would like to submit a bug report, please visit:
#   https://bugreport.java.com/bugreport/crash.jsp
#

---------------  S U M M A R Y ------------

Command Line: -Dfile.encoding=UTF-8 --add-modules=javafx.controls,javafx.fxml --module-path=C:\Users\Adames\Music\Universidad\POO\HG_Performance\build\classes;C:\Program Files\Java\javafx-sdk-17.0.1\lib\javafx-swt.jar;C:\Program Files\Java\javafx-sdk-17.0.1\lib\javafx.base.jar;C:\Program Files\Java\javafx-sdk-17.0.1\lib\javafx.controls.jar;C:\Program Files\Java\javafx-sdk-17.0.1\lib\javafx.fxml.jar;C:\Program Files\Java\javafx-sdk-17.0.1\lib\javafx.graphics.jar;C:\Program Files\Java\javafx-sdk-17.0.1\lib\javafx.media.jar;C:\Program Files\Java\javafx-sdk-17.0.1\lib\javafx.swing.jar;C:\Program Files\Java\javafx-sdk-17.0.1\lib\javafx.web.jar start.HG_Performance

Host: Intel(R) Core(TM) i7-6500U CPU @ 2.50GHz, 4 cores, 15G,  Windows 10 , 64 bit Build 22494 (10.0.22494.1000)
Time: Tue Nov 16 01:54:35 2021 Hora est. Pacífico, Sudamérica elapsed time: 49.650039 seconds (0d 0h 0m 49s)

---------------  T H R E A D  ---------------

Current thread (0x000001adfd53ba60):  VMThread "VM Thread" [stack: 0x0000007a89600000,0x0000007a89700000] [id=35640]

Stack: [0x0000007a89600000,0x0000007a89700000],  sp=0x0000007a896febc0,  free space=1018k
Native frames: (J=compiled Java code, j=interpreted, Vv=VM code, C=native code)
C  [glass.dll+0x26a87]


siginfo: EXCEPTION_ACCESS_VIOLATION (0xc0000005), reading address 0x0000000000000000


Register to memory mapping:

RIP=0x00007ff96eec6a87 glass.dll
RAX=0x0 is NULL
RBX=0x000001adfd54e620 is a global jni handle
RCX=0x000001adfd53ba60 points into unknown readable memory: 0x00007ff928fef628 | 28 f6 fe 28 f9 7f 00 00
RDX=0x0000007a896febc0 points into unknown readable memory: 0x0000000000000000 | 00 00 00 00 00 00 00 00
RSP=0x0000007a896febc0 points into unknown readable memory: 0x0000000000000000 | 00 00 00 00 00 00 00 00
RBP=0x000001adfe7ba938 points into unknown readable memory: 0x00002cd492ce53b3 | b3 53 ce 92 d4 2c 00 00
RSI=0x0000007a896fecc8 points into unknown readable memory: 0x0000007a896fecb0 | b0 ec 6f 89 7a 00 00 00
RDI=0x000001adfe7ba910 points into unknown readable memory: 0xf3602cd76d0524d2 | d2 24 05 6d d7 2c 60 f3
R8 =0x0000000000010002 is an unknown value
R9 =0x000001adfe7ba910 points into unknown readable memory: 0xf3602cd76d0524d2 | d2 24 05 6d d7 2c 60 f3
R10=0x85f13e9656da4870 is an unknown value
R11=0x0000007a896feb50 points into unknown readable memory: 0x000001adfe7ba910 | 10 a9 7b fe ad 01 00 00
R12=0x00007ff96eec4354 glass.dll
R13=0x000001addb287fd0 points into unknown readable memory: 0x8000000900000001 | 01 00 00 00 09 00 00 80
R14=0x00002cd492ce53b3 is an unknown value
R15=0x000001adfe7ba910 points into unknown readable memory: 0xf3602cd76d0524d2 | d2 24 05 6d d7 2c 60 f3


Registers:
RAX=0x0000000000000000, RBX=0x000001adfd54e620, RCX=0x000001adfd53ba60, RDX=0x0000007a896febc0
RSP=0x0000007a896febc0, RBP=0x000001adfe7ba938, RSI=0x0000007a896fecc8, RDI=0x000001adfe7ba910
R8 =0x0000000000010002, R9 =0x000001adfe7ba910, R10=0x85f13e9656da4870, R11=0x0000007a896feb50
R12=0x00007ff96eec4354, R13=0x000001addb287fd0, R14=0x00002cd492ce53b3, R15=0x000001adfe7ba910
RIP=0x00007ff96eec6a87, EFLAGS=0x0000000000010206

Top of Stack: (sp=0x0000007a896febc0)
0x0000007a896febc0:   0000000000000000 0000007a896fecc8
0x0000007a896febd0:   000001addb287fd0 00007ff96eec4354
0x0000007a896febe0:   000001adfe7ba918 00007ff989163973
0x0000007a896febf0:   000001adfe7ba910 000001ad00000000
0x0000007a896fec00:   000001adfe7ba938 0000007a896fecc8
0x0000007a896fec10:   fffffffffffffffe 0000000000000000
0x0000007a896fec20:   0000000000000001 00007ff96eea0000
0x0000007a896fec30:   0000007a896fecb8 00007ff989130022
0x0000007a896fec40:   0000000000000000 0000007a896fecc8
0x0000007a896fec50:   0000007a896fefb0 0000000000000001
0x0000007a896fec60:   0000000000000001 00007ff98912ffdd
0x0000007a896fec70:   0000000000000000 00007ff96eec3b4d
0x0000007a896fec80:   00007ff980163ee0 0000007a896fecb8
0x0000007a896fec90:   fffffffffffffffe 0000007a896fec80
0x0000007a896feca0:   0000000000000000 00007ff96eec41e1
0x0000007a896fecb0:   00007ff96eeda138 00007ff900000002 

Instructions: (pc=0x00007ff96eec6a87)
0x00007ff96eec6987:   8b 4d 58 e8 01 cf ff ff 48 8b 4d 60 e8 f8 ce ff
0x00007ff96eec6997:   ff 48 8b 95 80 00 00 00 48 8b 8d 18 01 00 00 e8
0x00007ff96eec69a7:   c6 c3 ff ff 33 d2 33 c9 e8 3c e1 ff ff 90 48 89
0x00007ff96eec69b7:   54 24 10 55 48 83 ec 20 48 8b ea 48 b8 00 00 00
0x00007ff96eec69c7:   00 00 00 00 00 48 83 c4 20 5d c3 cc 40 55 48 8b
0x00007ff96eec69d7:   ea 48 8b 01 33 c9 81 38 05 00 00 c0 0f 94 c1 8b
0x00007ff96eec69e7:   c1 5d c3 cc 40 55 48 83 ec 20 48 8b ea 8a 4d 40
0x00007ff96eec69f7:   48 83 c4 20 5d e9 f7 d2 ff ff cc 40 55 48 83 ec
0x00007ff96eec6a07:   20 48 8b ea 8a 4d 20 e8 e5 d2 ff ff 90 48 83 c4
0x00007ff96eec6a17:   20 5d c3 cc 40 55 48 83 ec 20 48 8b ea 48 83 c4
0x00007ff96eec6a27:   20 5d e9 46 d1 ff ff cc 40 55 48 83 ec 30 48 8b
0x00007ff96eec6a37:   ea 48 8b 01 8b 10 48 89 4c 24 28 89 54 24 20 4c
0x00007ff96eec6a47:   8d 0d e7 d5 ff ff 4c 8b 45 70 8b 55 68 48 8b 4d
0x00007ff96eec6a57:   60 e8 87 d0 ff ff 90 48 83 c4 30 5d c3 cc cc cc
0x00007ff96eec6a67:   cc cc cc cc cc cc cc cc cc 40 53 48 83 ec 20 48
0x00007ff96eec6a77:   8b 1d b3 30 01 00 48 85 db 74 16 e8 09 8b ff ff
0x00007ff96eec6a87:   4c 8b 00 48 8b d3 48 8b c8 41 ff 90 b0 00 00 00
0x00007ff96eec6a97:   90 48 83 c4 20 5b c3 cc cc 40 53 48 83 ec 20 48
0x00007ff96eec6aa7:   8b 1d 2b 32 01 00 48 85 db 74 57 b8 ff ff ff ff
0x00007ff96eec6ab7:   f0 0f c1 43 10 83 f8 01 75 3d 48 85 db 74 38 48
0x00007ff96eec6ac7:   8b 0b 48 85 c9 74 0d ff 15 d4 07 00 00 48 c7 03
0x00007ff96eec6ad7:   00 00 00 00 48 8b 4b 08 48 85 c9 74 0d e8 a7 cd
0x00007ff96eec6ae7:   ff ff 48 c7 43 08 00 00 00 00 ba 18 00 00 00 48
0x00007ff96eec6af7:   8b cb e8 92 cd ff ff 48 c7 05 cf 31 01 00 00 00
0x00007ff96eec6b07:   00 00 48 83 c4 20 5b c3 cc 40 53 48 83 ec 20 48
0x00007ff96eec6b17:   8b 1d 9b 31 01 00 48 85 db 74 57 b8 ff ff ff ff
0x00007ff96eec6b27:   f0 0f c1 43 10 83 f8 01 75 3d 48 85 db 74 38 48
0x00007ff96eec6b37:   8b 0b 48 85 c9 74 0d ff 15 64 07 00 00 48 c7 03
0x00007ff96eec6b47:   00 00 00 00 48 8b 4b 08 48 85 c9 74 0d e8 37 cd
0x00007ff96eec6b57:   ff ff 48 c7 43 08 00 00 00 00 ba 18 00 00 00 48
0x00007ff96eec6b67:   8b cb e8 22 cd ff ff 48 c7 05 3f 31 01 00 00 00
0x00007ff96eec6b77:   00 00 48 83 c4 20 5b c3 cc 40 53 48 83 ec 20 48 


Stack slot to memory mapping:
stack at sp + 0 slots: 0x0 is NULL
stack at sp + 1 slots: 0x0000007a896fecc8 points into unknown readable memory: 0x0000007a896fecb0 | b0 ec 6f 89 7a 00 00 00
stack at sp + 2 slots: 0x000001addb287fd0 points into unknown readable memory: 0x8000000900000001 | 01 00 00 00 09 00 00 80
stack at sp + 3 slots: 0x00007ff96eec4354 glass.dll
stack at sp + 4 slots: 0x000001adfe7ba918 points into unknown readable memory: 0x00002cd492ce53b3 | b3 53 ce 92 d4 2c 00 00
stack at sp + 5 slots: 0x00007ff989163973 ucrtbase.dll
stack at sp + 6 slots: 0x000001adfe7ba910 points into unknown readable memory: 0xf3602cd76d0524d2 | d2 24 05 6d d7 2c 60 f3
stack at sp + 7 slots: 0x000001ad00000000 is an unknown value

VM_Operation (0x0000007a8aaefd20): Exit, mode: safepoint, requested by thread 0x000001adfe6b2030


---------------  P R O C E S S  ---------------

Threads class SMR info:
_java_thread_list=0x000001ad8912a580, length=18, elements={
0x000001addb226470, 0x000001adfd53ed60, 0x000001adfd5402d0, 0x000001adfd551be0,
0x000001adfd552c90, 0x000001adfd553d40, 0x000001adfd564a00, 0x000001adfd585fb0,
0x000001adfd595c50, 0x000001addb2fd700, 0x000001adfe14f5b0, 0x000001adfe40d460,
0x000001adfe6f4c60, 0x000001adfe6b2030, 0x000001adfea34780, 0x000001adfea668e0,
0x000001adfeb99930, 0x000001adfeb97400
}

Java Threads: ( => current thread )
  0x000001addb226470 JavaThread "main" [_thread_blocked, id=36624, stack(0x0000007a89000000,0x0000007a89100000)]
  0x000001adfd53ed60 JavaThread "Reference Handler" daemon [_thread_blocked, id=32796, stack(0x0000007a89700000,0x0000007a89800000)]
  0x000001adfd5402d0 JavaThread "Finalizer" daemon [_thread_blocked, id=30536, stack(0x0000007a89800000,0x0000007a89900000)]
  0x000001adfd551be0 JavaThread "Attach Listener" daemon [_thread_blocked, id=31724, stack(0x0000007a89a00000,0x0000007a89b00000)]
  0x000001adfd552c90 JavaThread "Service Thread" daemon [_thread_blocked, id=32348, stack(0x0000007a89b00000,0x0000007a89c00000)]
  0x000001adfd553d40 JavaThread "Monitor Deflation Thread" daemon [_thread_blocked, id=16836, stack(0x0000007a89c00000,0x0000007a89d00000)]
  0x000001adfd564a00 JavaThread "C2 CompilerThread0" daemon [_thread_blocked, id=36456, stack(0x0000007a89d00000,0x0000007a89e00000)]
  0x000001adfd585fb0 JavaThread "C1 CompilerThread0" daemon [_thread_blocked, id=35828, stack(0x0000007a89e00000,0x0000007a89f00000)]
  0x000001adfd595c50 JavaThread "Sweeper thread" daemon [_thread_blocked, id=33020, stack(0x0000007a89f00000,0x0000007a8a000000)]
  0x000001addb2fd700 JavaThread "Common-Cleaner" daemon [_thread_blocked, id=38564, stack(0x0000007a8a000000,0x0000007a8a100000)]
  0x000001adfe14f5b0 JavaThread "Notification Thread" daemon [_thread_blocked, id=37792, stack(0x0000007a8a200000,0x0000007a8a300000)]
  0x000001adfe40d460 JavaThread "QuantumRenderer-0" daemon [_thread_blocked, id=16932, stack(0x0000007a8a100000,0x0000007a8a200000)]
  0x000001adfe6f4c60 JavaThread "InvokeLaterDispatcher" daemon [_thread_blocked, id=101560, stack(0x0000007a8a900000,0x0000007a8aa00000)]
  0x000001adfe6b2030 JavaThread "JavaFX Application Thread" [_thread_blocked, id=37972, stack(0x0000007a8aa00000,0x0000007a8ab00000)]
  0x000001adfea34780 JavaThread "JavaFX-Launcher" [_thread_blocked, id=26632, stack(0x0000007a8b100000,0x0000007a8b200000)]
  0x000001adfea668e0 JavaThread "Thread-2" daemon [_thread_in_native, id=32024, stack(0x0000007a8b000000,0x0000007a8b100000)]
  0x000001adfeb99930 JavaThread "Prism Font Disposer" daemon [_thread_blocked, id=30204, stack(0x0000007a8b400000,0x0000007a8b500000)]
  0x000001adfeb97400 JavaThread "Cleaner-0" daemon [_thread_blocked, id=120400, stack(0x0000007a8b500000,0x0000007a8b600000)]

Other Threads:
=>0x000001adfd53ba60 VMThread "VM Thread" [stack: 0x0000007a89600000,0x0000007a89700000] [id=35640]
  0x000001addb274b80 GCTaskThread "GC Thread#0" [stack: 0x0000007a89100000,0x0000007a89200000] [id=33680]
  0x000001adfe707980 GCTaskThread "GC Thread#1" [stack: 0x0000007a8a600000,0x0000007a8a700000] [id=37436]
  0x000001adfe7c5640 GCTaskThread "GC Thread#2" [stack: 0x0000007a8a700000,0x0000007a8a800000] [id=37220]
  0x000001adfe789590 GCTaskThread "GC Thread#3" [stack: 0x0000007a8a800000,0x0000007a8a900000] [id=35668]
  0x000001addb285a20 ConcurrentGCThread "G1 Main Marker" terminated
  0x000001addb286b40 ConcurrentGCThread "G1 Conc#0" [stack: 0x0000007a89300000,0x0000007a89400000] [id=30632]
  0x000001addb2ed400 ConcurrentGCThread "G1 Refine#0" terminated
  0x000001addb2edd90 ConcurrentGCThread "G1 Service" terminated

Threads with active compile tasks:

VM state: at safepoint (shutting down)

VM Mutex/Monitor currently owned by a thread:  ([mutex/lock_event])
[0x000001addb2224e0] Threads_lock - owner thread: 0x000001adfd53ba60
[0x000001addb222cc0] Heap_lock - owner thread: 0x000001adfe6b2030

Heap address: 0x0000000702000000, size: 4064 MB, Compressed Oops mode: Zero based, Oop shift amount: 3

CDS archive(s) mapped at: [0x0000000800000000-0x0000000800bb0000-0x0000000800bb0000), size 12255232, SharedBaseAddress: 0x0000000800000000, ArchiveRelocationMode: 0.
Compressed class space mapped at: 0x0000000800c00000-0x0000000840c00000, reserved size: 1073741824
Narrow klass base: 0x0000000800000000, Narrow klass shift: 3, Narrow klass range: 0x100000000

GC Precious Log:
 CPUs: 4 total, 4 available
 Memory: 16255M
 Large Page Support: Disabled
 NUMA Support: Disabled
 Compressed Oops: Enabled (Zero based)
 Heap Region Size: 2M
 Heap Min Capacity: 8M
 Heap Initial Capacity: 254M
 Heap Max Capacity: 4064M
 Pre-touch: Disabled
 Parallel Workers: 4
 Concurrent Workers: 1
 Concurrent Refinement Workers: 4
 Periodic GC: Disabled

Heap:
 garbage-first heap   total 260096K, used 49572K [0x0000000702000000, 0x0000000800000000)
  region size 2048K, 24 young (49152K), 2 survivors (4096K)
 Metaspace       used 16703K, committed 16896K, reserved 1064960K
  class space    used 2344K, committed 2432K, reserved 1048576K

Heap Regions: E=young(eden), S=young(survivor), O=old, HS=humongous(starts), HC=humongous(continues), CS=collection set, F=free, OA=open archive, CA=closed archive, TAMS=top-at-mark-start (previous, next)
|   0|0x0000000702000000, 0x0000000702069200, 0x0000000702200000| 20%| O|  |TAMS 0x0000000702000000, 0x0000000702000000| Untracked 
|   1|0x0000000702200000, 0x0000000702400000, 0x0000000702400000|100%|HS|  |TAMS 0x0000000702200000, 0x0000000702200000| Complete 
|   2|0x0000000702400000, 0x0000000702400000, 0x0000000702600000|  0%| F|  |TAMS 0x0000000702400000, 0x0000000702400000| Untracked 
|   3|0x0000000702600000, 0x0000000702600000, 0x0000000702800000|  0%| F|  |TAMS 0x0000000702600000, 0x0000000702600000| Untracked 
|   4|0x0000000702800000, 0x0000000702800000, 0x0000000702a00000|  0%| F|  |TAMS 0x0000000702800000, 0x0000000702800000| Untracked 
|   5|0x0000000702a00000, 0x0000000702a00000, 0x0000000702c00000|  0%| F|  |TAMS 0x0000000702a00000, 0x0000000702a00000| Untracked 
|   6|0x0000000702c00000, 0x0000000702c00000, 0x0000000702e00000|  0%| F|  |TAMS 0x0000000702c00000, 0x0000000702c00000| Untracked 
|   7|0x0000000702e00000, 0x0000000702e00000, 0x0000000703000000|  0%| F|  |TAMS 0x0000000702e00000, 0x0000000702e00000| Untracked 
|   8|0x0000000703000000, 0x0000000703000000, 0x0000000703200000|  0%| F|  |TAMS 0x0000000703000000, 0x0000000703000000| Untracked 
|   9|0x0000000703200000, 0x0000000703200000, 0x0000000703400000|  0%| F|  |TAMS 0x0000000703200000, 0x0000000703200000| Untracked 
|  10|0x0000000703400000, 0x0000000703400000, 0x0000000703600000|  0%| F|  |TAMS 0x0000000703400000, 0x0000000703400000| Untracked 
|  11|0x0000000703600000, 0x0000000703600000, 0x0000000703800000|  0%| F|  |TAMS 0x0000000703600000, 0x0000000703600000| Untracked 
|  12|0x0000000703800000, 0x0000000703800000, 0x0000000703a00000|  0%| F|  |TAMS 0x0000000703800000, 0x0000000703800000| Untracked 
|  13|0x0000000703a00000, 0x0000000703a00000, 0x0000000703c00000|  0%| F|  |TAMS 0x0000000703a00000, 0x0000000703a00000| Untracked 
|  14|0x0000000703c00000, 0x0000000703c00000, 0x0000000703e00000|  0%| F|  |TAMS 0x0000000703c00000, 0x0000000703c00000| Untracked 
|  15|0x0000000703e00000, 0x0000000703e00000, 0x0000000704000000|  0%| F|  |TAMS 0x0000000703e00000, 0x0000000703e00000| Untracked 
|  16|0x0000000704000000, 0x0000000704000000, 0x0000000704200000|  0%| F|  |TAMS 0x0000000704000000, 0x0000000704000000| Untracked 
|  17|0x0000000704200000, 0x0000000704200000, 0x0000000704400000|  0%| F|  |TAMS 0x0000000704200000, 0x0000000704200000| Untracked 
|  18|0x0000000704400000, 0x0000000704400000, 0x0000000704600000|  0%| F|  |TAMS 0x0000000704400000, 0x0000000704400000| Untracked 
|  19|0x0000000704600000, 0x0000000704600000, 0x0000000704800000|  0%| F|  |TAMS 0x0000000704600000, 0x0000000704600000| Untracked 
|  20|0x0000000704800000, 0x0000000704800000, 0x0000000704a00000|  0%| F|  |TAMS 0x0000000704800000, 0x0000000704800000| Untracked 
|  21|0x0000000704a00000, 0x0000000704a00000, 0x0000000704c00000|  0%| F|  |TAMS 0x0000000704a00000, 0x0000000704a00000| Untracked 
|  22|0x0000000704c00000, 0x0000000704c00000, 0x0000000704e00000|  0%| F|  |TAMS 0x0000000704c00000, 0x0000000704c00000| Untracked 
|  23|0x0000000704e00000, 0x0000000704e00000, 0x0000000705000000|  0%| F|  |TAMS 0x0000000704e00000, 0x0000000704e00000| Untracked 
|  24|0x0000000705000000, 0x0000000705000000, 0x0000000705200000|  0%| F|  |TAMS 0x0000000705000000, 0x0000000705000000| Untracked 
|  25|0x0000000705200000, 0x0000000705200000, 0x0000000705400000|  0%| F|  |TAMS 0x0000000705200000, 0x0000000705200000| Untracked 
|  26|0x0000000705400000, 0x0000000705400000, 0x0000000705600000|  0%| F|  |TAMS 0x0000000705400000, 0x0000000705400000| Untracked 
|  27|0x0000000705600000, 0x0000000705600000, 0x0000000705800000|  0%| F|  |TAMS 0x0000000705600000, 0x0000000705600000| Untracked 
|  28|0x0000000705800000, 0x0000000705800000, 0x0000000705a00000|  0%| F|  |TAMS 0x0000000705800000, 0x0000000705800000| Untracked 
|  29|0x0000000705a00000, 0x0000000705a00000, 0x0000000705c00000|  0%| F|  |TAMS 0x0000000705a00000, 0x0000000705a00000| Untracked 
|  30|0x0000000705c00000, 0x0000000705c00000, 0x0000000705e00000|  0%| F|  |TAMS 0x0000000705c00000, 0x0000000705c00000| Untracked 
|  31|0x0000000705e00000, 0x0000000705e00000, 0x0000000706000000|  0%| F|  |TAMS 0x0000000705e00000, 0x0000000705e00000| Untracked 
|  32|0x0000000706000000, 0x0000000706000000, 0x0000000706200000|  0%| F|  |TAMS 0x0000000706000000, 0x0000000706000000| Untracked 
|  33|0x0000000706200000, 0x0000000706200000, 0x0000000706400000|  0%| F|  |TAMS 0x0000000706200000, 0x0000000706200000| Untracked 
|  34|0x0000000706400000, 0x0000000706400000, 0x0000000706600000|  0%| F|  |TAMS 0x0000000706400000, 0x0000000706400000| Untracked 
|  35|0x0000000706600000, 0x0000000706600000, 0x0000000706800000|  0%| F|  |TAMS 0x0000000706600000, 0x0000000706600000| Untracked 
|  36|0x0000000706800000, 0x0000000706800000, 0x0000000706a00000|  0%| F|  |TAMS 0x0000000706800000, 0x0000000706800000| Untracked 
|  37|0x0000000706a00000, 0x0000000706a00000, 0x0000000706c00000|  0%| F|  |TAMS 0x0000000706a00000, 0x0000000706a00000| Untracked 
|  38|0x0000000706c00000, 0x0000000706c00000, 0x0000000706e00000|  0%| F|  |TAMS 0x0000000706c00000, 0x0000000706c00000| Untracked 
|  39|0x0000000706e00000, 0x0000000706e00000, 0x0000000707000000|  0%| F|  |TAMS 0x0000000706e00000, 0x0000000706e00000| Untracked 
|  40|0x0000000707000000, 0x0000000707000000, 0x0000000707200000|  0%| F|  |TAMS 0x0000000707000000, 0x0000000707000000| Untracked 
|  41|0x0000000707200000, 0x0000000707200000, 0x0000000707400000|  0%| F|  |TAMS 0x0000000707200000, 0x0000000707200000| Untracked 
|  42|0x0000000707400000, 0x0000000707400000, 0x0000000707600000|  0%| F|  |TAMS 0x0000000707400000, 0x0000000707400000| Untracked 
|  43|0x0000000707600000, 0x0000000707600000, 0x0000000707800000|  0%| F|  |TAMS 0x0000000707600000, 0x0000000707600000| Untracked 
|  44|0x0000000707800000, 0x0000000707800000, 0x0000000707a00000|  0%| F|  |TAMS 0x0000000707800000, 0x0000000707800000| Untracked 
|  45|0x0000000707a00000, 0x0000000707a00000, 0x0000000707c00000|  0%| F|  |TAMS 0x0000000707a00000, 0x0000000707a00000| Untracked 
|  46|0x0000000707c00000, 0x0000000707c00000, 0x0000000707e00000|  0%| F|  |TAMS 0x0000000707c00000, 0x0000000707c00000| Untracked 
|  47|0x0000000707e00000, 0x0000000707e00000, 0x0000000708000000|  0%| F|  |TAMS 0x0000000707e00000, 0x0000000707e00000| Untracked 
|  48|0x0000000708000000, 0x0000000708000000, 0x0000000708200000|  0%| F|  |TAMS 0x0000000708000000, 0x0000000708000000| Untracked 
|  49|0x0000000708200000, 0x0000000708200000, 0x0000000708400000|  0%| F|  |TAMS 0x0000000708200000, 0x0000000708200000| Untracked 
|  50|0x0000000708400000, 0x0000000708400000, 0x0000000708600000|  0%| F|  |TAMS 0x0000000708400000, 0x0000000708400000| Untracked 
|  51|0x0000000708600000, 0x0000000708600000, 0x0000000708800000|  0%| F|  |TAMS 0x0000000708600000, 0x0000000708600000| Untracked 
|  52|0x0000000708800000, 0x0000000708800000, 0x0000000708a00000|  0%| F|  |TAMS 0x0000000708800000, 0x0000000708800000| Untracked 
|  53|0x0000000708a00000, 0x0000000708a00000, 0x0000000708c00000|  0%| F|  |TAMS 0x0000000708a00000, 0x0000000708a00000| Untracked 
|  54|0x0000000708c00000, 0x0000000708c00000, 0x0000000708e00000|  0%| F|  |TAMS 0x0000000708c00000, 0x0000000708c00000| Untracked 
|  55|0x0000000708e00000, 0x0000000708e00000, 0x0000000709000000|  0%| F|  |TAMS 0x0000000708e00000, 0x0000000708e00000| Untracked 
|  56|0x0000000709000000, 0x0000000709000000, 0x0000000709200000|  0%| F|  |TAMS 0x0000000709000000, 0x0000000709000000| Untracked 
|  57|0x0000000709200000, 0x0000000709200000, 0x0000000709400000|  0%| F|  |TAMS 0x0000000709200000, 0x0000000709200000| Untracked 
|  58|0x0000000709400000, 0x0000000709400000, 0x0000000709600000|  0%| F|  |TAMS 0x0000000709400000, 0x0000000709400000| Untracked 
|  59|0x0000000709600000, 0x0000000709600000, 0x0000000709800000|  0%| F|  |TAMS 0x0000000709600000, 0x0000000709600000| Untracked 
|  60|0x0000000709800000, 0x0000000709800000, 0x0000000709a00000|  0%| F|  |TAMS 0x0000000709800000, 0x0000000709800000| Untracked 
|  61|0x0000000709a00000, 0x0000000709a00000, 0x0000000709c00000|  0%| F|  |TAMS 0x0000000709a00000, 0x0000000709a00000| Untracked 
|  62|0x0000000709c00000, 0x0000000709c00000, 0x0000000709e00000|  0%| F|  |TAMS 0x0000000709c00000, 0x0000000709c00000| Untracked 
|  63|0x0000000709e00000, 0x0000000709e00000, 0x000000070a000000|  0%| F|  |TAMS 0x0000000709e00000, 0x0000000709e00000| Untracked 
|  64|0x000000070a000000, 0x000000070a000000, 0x000000070a200000|  0%| F|  |TAMS 0x000000070a000000, 0x000000070a000000| Untracked 
|  65|0x000000070a200000, 0x000000070a200000, 0x000000070a400000|  0%| F|  |TAMS 0x000000070a200000, 0x000000070a200000| Untracked 
|  66|0x000000070a400000, 0x000000070a400000, 0x000000070a600000|  0%| F|  |TAMS 0x000000070a400000, 0x000000070a400000| Untracked 
|  67|0x000000070a600000, 0x000000070a600000, 0x000000070a800000|  0%| F|  |TAMS 0x000000070a600000, 0x000000070a600000| Untracked 
|  68|0x000000070a800000, 0x000000070a800000, 0x000000070aa00000|  0%| F|  |TAMS 0x000000070a800000, 0x000000070a800000| Untracked 
|  69|0x000000070aa00000, 0x000000070aa00000, 0x000000070ac00000|  0%| F|  |TAMS 0x000000070aa00000, 0x000000070aa00000| Untracked 
|  70|0x000000070ac00000, 0x000000070ac00000, 0x000000070ae00000|  0%| F|  |TAMS 0x000000070ac00000, 0x000000070ac00000| Untracked 
|  71|0x000000070ae00000, 0x000000070ae00000, 0x000000070b000000|  0%| F|  |TAMS 0x000000070ae00000, 0x000000070ae00000| Untracked 
|  72|0x000000070b000000, 0x000000070b000000, 0x000000070b200000|  0%| F|  |TAMS 0x000000070b000000, 0x000000070b000000| Untracked 
|  73|0x000000070b200000, 0x000000070b200000, 0x000000070b400000|  0%| F|  |TAMS 0x000000070b200000, 0x000000070b200000| Untracked 
|  74|0x000000070b400000, 0x000000070b400000, 0x000000070b600000|  0%| F|  |TAMS 0x000000070b400000, 0x000000070b400000| Untracked 
|  75|0x000000070b600000, 0x000000070b600000, 0x000000070b800000|  0%| F|  |TAMS 0x000000070b600000, 0x000000070b600000| Untracked 
|  76|0x000000070b800000, 0x000000070b800000, 0x000000070ba00000|  0%| F|  |TAMS 0x000000070b800000, 0x000000070b800000| Untracked 
|  77|0x000000070ba00000, 0x000000070ba00000, 0x000000070bc00000|  0%| F|  |TAMS 0x000000070ba00000, 0x000000070ba00000| Untracked 
|  78|0x000000070bc00000, 0x000000070bc00000, 0x000000070be00000|  0%| F|  |TAMS 0x000000070bc00000, 0x000000070bc00000| Untracked 
|  79|0x000000070be00000, 0x000000070be00000, 0x000000070c000000|  0%| F|  |TAMS 0x000000070be00000, 0x000000070be00000| Untracked 
|  80|0x000000070c000000, 0x000000070c000000, 0x000000070c200000|  0%| F|  |TAMS 0x000000070c000000, 0x000000070c000000| Untracked 
|  81|0x000000070c200000, 0x000000070c200000, 0x000000070c400000|  0%| F|  |TAMS 0x000000070c200000, 0x000000070c200000| Untracked 
|  82|0x000000070c400000, 0x000000070c400000, 0x000000070c600000|  0%| F|  |TAMS 0x000000070c400000, 0x000000070c400000| Untracked 
|  83|0x000000070c600000, 0x000000070c600000, 0x000000070c800000|  0%| F|  |TAMS 0x000000070c600000, 0x000000070c600000| Untracked 
|  84|0x000000070c800000, 0x000000070c800000, 0x000000070ca00000|  0%| F|  |TAMS 0x000000070c800000, 0x000000070c800000| Untracked 
|  85|0x000000070ca00000, 0x000000070ca00000, 0x000000070cc00000|  0%| F|  |TAMS 0x000000070ca00000, 0x000000070ca00000| Untracked 
|  86|0x000000070cc00000, 0x000000070cc00000, 0x000000070ce00000|  0%| F|  |TAMS 0x000000070cc00000, 0x000000070cc00000| Untracked 
|  87|0x000000070ce00000, 0x000000070ce00000, 0x000000070d000000|  0%| F|  |TAMS 0x000000070ce00000, 0x000000070ce00000| Untracked 
|  88|0x000000070d000000, 0x000000070d000000, 0x000000070d200000|  0%| F|  |TAMS 0x000000070d000000, 0x000000070d000000| Untracked 
|  89|0x000000070d200000, 0x000000070d200000, 0x000000070d400000|  0%| F|  |TAMS 0x000000070d200000, 0x000000070d200000| Untracked 
|  90|0x000000070d400000, 0x000000070d400000, 0x000000070d600000|  0%| F|  |TAMS 0x000000070d400000, 0x000000070d400000| Untracked 
|  91|0x000000070d600000, 0x000000070d600000, 0x000000070d800000|  0%| F|  |TAMS 0x000000070d600000, 0x000000070d600000| Untracked 
|  92|0x000000070d800000, 0x000000070d800000, 0x000000070da00000|  0%| F|  |TAMS 0x000000070d800000, 0x000000070d800000| Untracked 
|  93|0x000000070da00000, 0x000000070da00000, 0x000000070dc00000|  0%| F|  |TAMS 0x000000070da00000, 0x000000070da00000| Untracked 
|  94|0x000000070dc00000, 0x000000070dc00000, 0x000000070de00000|  0%| F|  |TAMS 0x000000070dc00000, 0x000000070dc00000| Untracked 
|  95|0x000000070de00000, 0x000000070de00000, 0x000000070e000000|  0%| F|  |TAMS 0x000000070de00000, 0x000000070de00000| Untracked 
|  96|0x000000070e000000, 0x000000070e000000, 0x000000070e200000|  0%| F|  |TAMS 0x000000070e000000, 0x000000070e000000| Untracked 
|  97|0x000000070e200000, 0x000000070e200000, 0x000000070e400000|  0%| F|  |TAMS 0x000000070e200000, 0x000000070e200000| Untracked 
|  98|0x000000070e400000, 0x000000070e400000, 0x000000070e600000|  0%| F|  |TAMS 0x000000070e400000, 0x000000070e400000| Untracked 
|  99|0x000000070e600000, 0x000000070e600000, 0x000000070e800000|  0%| F|  |TAMS 0x000000070e600000, 0x000000070e600000| Untracked 
| 100|0x000000070e800000, 0x000000070e800000, 0x000000070ea00000|  0%| F|  |TAMS 0x000000070e800000, 0x000000070e800000| Untracked 
| 101|0x000000070ea00000, 0x000000070ea00000, 0x000000070ec00000|  0%| F|  |TAMS 0x000000070ea00000, 0x000000070ea00000| Untracked 
| 102|0x000000070ec00000, 0x000000070ec00000, 0x000000070ee00000|  0%| F|  |TAMS 0x000000070ec00000, 0x000000070ec00000| Untracked 
| 103|0x000000070ee00000, 0x000000070efc3b98, 0x000000070f000000| 88%| E|  |TAMS 0x000000070ee00000, 0x000000070ee00000| Complete 
| 104|0x000000070f000000, 0x000000070f200000, 0x000000070f200000|100%| E|CS|TAMS 0x000000070f000000, 0x000000070f000000| Complete 
| 105|0x000000070f200000, 0x000000070f400000, 0x000000070f400000|100%| E|CS|TAMS 0x000000070f200000, 0x000000070f200000| Complete 
| 106|0x000000070f400000, 0x000000070f600000, 0x000000070f600000|100%| E|CS|TAMS 0x000000070f400000, 0x000000070f400000| Complete 
| 107|0x000000070f600000, 0x000000070f800000, 0x000000070f800000|100%| E|CS|TAMS 0x000000070f600000, 0x000000070f600000| Complete 
| 108|0x000000070f800000, 0x000000070fa00000, 0x000000070fa00000|100%| E|CS|TAMS 0x000000070f800000, 0x000000070f800000| Complete 
| 109|0x000000070fa00000, 0x000000070fc00000, 0x000000070fc00000|100%| E|CS|TAMS 0x000000070fa00000, 0x000000070fa00000| Complete 
| 110|0x000000070fc00000, 0x000000070fe00000, 0x000000070fe00000|100%| E|CS|TAMS 0x000000070fc00000, 0x000000070fc00000| Complete 
| 111|0x000000070fe00000, 0x0000000710000000, 0x0000000710000000|100%| E|CS|TAMS 0x000000070fe00000, 0x000000070fe00000| Complete 
| 112|0x0000000710000000, 0x0000000710200000, 0x0000000710200000|100%| E|CS|TAMS 0x0000000710000000, 0x0000000710000000| Complete 
| 113|0x0000000710200000, 0x0000000710400000, 0x0000000710400000|100%| E|CS|TAMS 0x0000000710200000, 0x0000000710200000| Complete 
| 114|0x0000000710400000, 0x0000000710600000, 0x0000000710600000|100%| E|CS|TAMS 0x0000000710400000, 0x0000000710400000| Complete 
| 115|0x0000000710600000, 0x0000000710800000, 0x0000000710800000|100%| E|CS|TAMS 0x0000000710600000, 0x0000000710600000| Complete 
| 116|0x0000000710800000, 0x0000000710a00000, 0x0000000710a00000|100%| S|CS|TAMS 0x0000000710800000, 0x0000000710800000| Complete 
| 117|0x0000000710a00000, 0x0000000710c00000, 0x0000000710c00000|100%| S|CS|TAMS 0x0000000710a00000, 0x0000000710a00000| Complete 
| 118|0x0000000710c00000, 0x0000000710e00000, 0x0000000710e00000|100%| E|CS|TAMS 0x0000000710c00000, 0x0000000710c00000| Complete 
| 119|0x0000000710e00000, 0x0000000711000000, 0x0000000711000000|100%| E|CS|TAMS 0x0000000710e00000, 0x0000000710e00000| Complete 
| 120|0x0000000711000000, 0x0000000711200000, 0x0000000711200000|100%| E|CS|TAMS 0x0000000711000000, 0x0000000711000000| Complete 
| 121|0x0000000711200000, 0x0000000711400000, 0x0000000711400000|100%| E|CS|TAMS 0x0000000711200000, 0x0000000711200000| Complete 
| 122|0x0000000711400000, 0x0000000711600000, 0x0000000711600000|100%| E|CS|TAMS 0x0000000711400000, 0x0000000711400000| Complete 
| 123|0x0000000711600000, 0x0000000711800000, 0x0000000711800000|100%| E|CS|TAMS 0x0000000711600000, 0x0000000711600000| Complete 
| 124|0x0000000711800000, 0x0000000711a00000, 0x0000000711a00000|100%| E|CS|TAMS 0x0000000711800000, 0x0000000711800000| Complete 
| 125|0x0000000711a00000, 0x0000000711c00000, 0x0000000711c00000|100%| E|CS|TAMS 0x0000000711a00000, 0x0000000711a00000| Complete 
| 126|0x0000000711c00000, 0x0000000711e00000, 0x0000000711e00000|100%| E|CS|TAMS 0x0000000711c00000, 0x0000000711c00000| Complete 

Card table byte_map: [0x000001adf2190000,0x000001adf2980000] _byte_map_base: 0x000001adee980000

Marking Bits (Prev, Next): (CMBitMap*) 0x000001addb275100, (CMBitMap*) 0x000001addb275140
 Prev Bits: [0x000001adf3170000, 0x000001adf70f0000)
 Next Bits: [0x000001adf70f0000, 0x000001adfb070000)

Polling page: 0x000001add93d0000

Metaspace:

Usage:
  Non-class:     14.02 MB used.
      Class:      2.29 MB used.
       Both:     16.31 MB used.

Virtual space:
  Non-class space:       16.00 MB reserved,      14.12 MB ( 88%) committed,  2 nodes.
      Class space:        1.00 GB reserved,       2.38 MB ( <1%) committed,  1 nodes.
              Both:        1.02 GB reserved,      16.50 MB (  2%) committed. 

Chunk freelists:
   Non-Class:  1.59 MB
       Class:  1.45 MB
        Both:  3.05 MB

MaxMetaspaceSize: 17179869184.00 GB
CompressedClassSpaceSize: 1.00 GB
 - commit_granule_bytes: 65536.
 - commit_granule_words: 8192.
 - virtual_space_node_default_size: 1048576.
 - enlarge_chunks_in_place: 1.
 - new_chunks_are_fully_committed: 0.
 - uncommit_free_chunks: 1.
 - use_allocation_guard: 0.
 - handle_deallocations: 1.


Internal statistics:

num_allocs_failed_limit: 0.
num_arena_births: 216.
num_arena_deaths: 0.
num_vsnodes_births: 3.
num_vsnodes_deaths: 0.
num_space_committed: 264.
num_space_uncommitted: 0.
num_chunks_returned_to_freelist: 0.
num_chunks_taken_from_freelist: 824.
num_chunk_merges: 0.
num_chunk_splits: 554.
num_chunks_enlarged: 413.
num_purges: 0.

CodeHeap 'non-profiled nmethods': size=120000Kb used=1306Kb max_used=1306Kb free=118693Kb
 bounds [0x000001adea470000, 0x000001adea6e0000, 0x000001adf19a0000]
CodeHeap 'profiled nmethods': size=120000Kb used=6354Kb max_used=6354Kb free=113646Kb
 bounds [0x000001ade2f40000, 0x000001ade3580000, 0x000001adea470000]
CodeHeap 'non-nmethods': size=5760Kb used=1449Kb max_used=1509Kb free=4311Kb
 bounds [0x000001ade29a0000, 0x000001ade2c10000, 0x000001ade2f40000]
 total_blobs=4125 nmethods=3317 adapters=718
 compilation: enabled
              stopped_count=0, restarted_count=0
 full_count=0

Compilation events (20 events):
Event: 48.268 Thread 0x000001adfd564a00 nmethod 3304 0x000001adea5b5e10 code [0x000001adea5b5fe0, 0x000001adea5b6338]
Event: 48.268 Thread 0x000001adfd585fb0 nmethod 3308 0x000001ade356cc90 code [0x000001ade356ce40, 0x000001ade356d018]
Event: 48.283 Thread 0x000001adfd585fb0 3309       3       javafx.scene.paint.Color::acc_getPlatformPaint (23 bytes)
Event: 48.283 Thread 0x000001adfd585fb0 nmethod 3309 0x000001ade356d090 code [0x000001ade356d240, 0x000001ade356d4d8]
Event: 48.283 Thread 0x000001adfd585fb0 3310       3       com.sun.marlin.Renderer::closePath (61 bytes)
Event: 48.283 Thread 0x000001adfd585fb0 nmethod 3310 0x000001ade356d610 code [0x000001ade356d7c0, 0x000001ade356d9e8]
Event: 48.285 Thread 0x000001adfd585fb0 3311       3       java.nio.Buffer::clear (20 bytes)
Event: 48.285 Thread 0x000001adfd585fb0 nmethod 3311 0x000001ade356da90 code [0x000001ade356dc20, 0x000001ade356dd38]
Event: 48.285 Thread 0x000001adfd585fb0 3312       3       com.sun.javafx.sg.prism.NGShape::renderContent (458 bytes)
Event: 48.288 Thread 0x000001adfd585fb0 nmethod 3312 0x000001ade356de10 code [0x000001ade356e360, 0x000001ade3571ac8]
Event: 48.976 Thread 0x000001adfd585fb0 3313       3       java.util.HashMap::values (25 bytes)
Event: 48.976 Thread 0x000001adfd585fb0 nmethod 3313 0x000001ade3572b90 code [0x000001ade3572d40, 0x000001ade35730d8]
Event: 48.987 Thread 0x000001adfd585fb0 3314       3       com.sun.javafx.geom.DirtyRegionContainer::addDirtyRegion (172 bytes)
Event: 48.988 Thread 0x000001adfd585fb0 nmethod 3314 0x000001ade3573210 code [0x000001ade3573480, 0x000001ade3574038]
Event: 48.988 Thread 0x000001adfd585fb0 3315       3       com.sun.javafx.geom.DirtyRegionContainer::hasSpace (18 bytes)
Event: 48.989 Thread 0x000001adfd585fb0 nmethod 3315 0x000001ade3574410 code [0x000001ade35745a0, 0x000001ade3574718]
Event: 49.072 Thread 0x000001adfd564a00 3316       4       java.util.stream.ReferencePipeline$3$1::accept (23 bytes)
Event: 49.072 Thread 0x000001adfd585fb0 3317       1       java.lang.reflect.Method::getRoot (5 bytes)
Event: 49.072 Thread 0x000001adfd585fb0 nmethod 3317 0x000001adea5b6490 code [0x000001adea5b6620, 0x000001adea5b66f8]
Event: 49.073 Thread 0x000001adfd564a00 nmethod 3316 0x000001adea5b6790 code [0x000001adea5b6920, 0x000001adea5b69f8]

GC Heap History (4 events):
Event: 0.589 GC heap before
{Heap before GC invocations=0 (full 0):
 garbage-first heap   total 260096K, used 10240K [0x0000000702000000, 0x0000000800000000)
  region size 2048K, 6 young (12288K), 0 survivors (0K)
 Metaspace       used 2362K, committed 2560K, reserved 1056768K
  class space    used 235K, committed 320K, reserved 1048576K
}
Event: 0.595 GC heap after
{Heap after GC invocations=1 (full 0):
 garbage-first heap   total 260096K, used 1812K [0x0000000702000000, 0x0000000800000000)
  region size 2048K, 1 young (2048K), 1 survivors (2048K)
 Metaspace       used 2362K, committed 2560K, reserved 1056768K
  class space    used 235K, committed 320K, reserved 1048576K
}
Event: 1.096 GC heap before
{Heap before GC invocations=1 (full 0):
 garbage-first heap   total 260096K, used 16148K [0x0000000702000000, 0x0000000800000000)
  region size 2048K, 9 young (18432K), 1 survivors (2048K)
 Metaspace       used 7619K, committed 7808K, reserved 1064960K
  class space    used 944K, committed 1024K, reserved 1048576K
}
Event: 1.101 GC heap after
{Heap after GC invocations=2 (full 0):
 garbage-first heap   total 260096K, used 4516K [0x0000000702000000, 0x0000000800000000)
  region size 2048K, 2 young (4096K), 2 survivors (4096K)
 Metaspace       used 7619K, committed 7808K, reserved 1064960K
  class space    used 944K, committed 1024K, reserved 1048576K
}

Deoptimization events (20 events):
Event: 47.340 Thread 0x000001adfe6b2030 Uncommon trap: trap_request=0xffffffd6 fr.pc=0x000001adea5a2d44 relative=0x0000000000000b64
Event: 47.340 Thread 0x000001adfe6b2030 Uncommon trap: reason=array_check action=maybe_recompile pc=0x000001adea5a2d44 method=javafx.css.SimpleSelector.applies(Ljavafx/css/Styleable;[Ljava/util/Set;I)Z @ 37 c2
Event: 47.340 Thread 0x000001adfe6b2030 DEOPT PACKING pc=0x000001adea5a2d44 sp=0x0000007a8aaf2400
Event: 47.340 Thread 0x000001adfe6b2030 DEOPT UNPACKING pc=0x000001ade29ed72e sp=0x0000007a8aaf23f8 mode 2
Event: 47.340 Thread 0x000001adfe6b2030 Uncommon trap: trap_request=0xffffffd6 fr.pc=0x000001adea5a2d44 relative=0x0000000000000b64
Event: 47.340 Thread 0x000001adfe6b2030 Uncommon trap: reason=array_check action=maybe_recompile pc=0x000001adea5a2d44 method=javafx.css.SimpleSelector.applies(Ljavafx/css/Styleable;[Ljava/util/Set;I)Z @ 37 c2
Event: 47.340 Thread 0x000001adfe6b2030 DEOPT PACKING pc=0x000001adea5a2d44 sp=0x0000007a8aaf2300
Event: 47.340 Thread 0x000001adfe6b2030 DEOPT UNPACKING pc=0x000001ade29ed72e sp=0x0000007a8aaf22f8 mode 2
Event: 47.340 Thread 0x000001adfe6b2030 Uncommon trap: trap_request=0xffffffd6 fr.pc=0x000001adea5a2d44 relative=0x0000000000000b64
Event: 47.340 Thread 0x000001adfe6b2030 Uncommon trap: reason=array_check action=maybe_recompile pc=0x000001adea5a2d44 method=javafx.css.SimpleSelector.applies(Ljavafx/css/Styleable;[Ljava/util/Set;I)Z @ 37 c2
Event: 47.340 Thread 0x000001adfe6b2030 DEOPT PACKING pc=0x000001adea5a2d44 sp=0x0000007a8aaf2300
Event: 47.340 Thread 0x000001adfe6b2030 DEOPT UNPACKING pc=0x000001ade29ed72e sp=0x0000007a8aaf22f8 mode 2
Event: 49.088 Thread 0x000001adfeb97ea0 Uncommon trap: trap_request=0xffffff45 fr.pc=0x000001adea59258c relative=0x000000000000016c
Event: 49.088 Thread 0x000001adfeb97ea0 Uncommon trap: reason=unstable_if action=reinterpret pc=0x000001adea59258c method=java.util.concurrent.locks.ReentrantLock$NonfairSync.initialTryLock()Z @ 10 c2
Event: 49.088 Thread 0x000001adfeb97ea0 DEOPT PACKING pc=0x000001adea59258c sp=0x0000007a8b8fef50
Event: 49.088 Thread 0x000001adfeb97ea0 DEOPT UNPACKING pc=0x000001ade29ed72e sp=0x0000007a8b8feef8 mode 2
Event: 49.088 Thread 0x000001adfeb97ea0 Uncommon trap: trap_request=0xffffff45 fr.pc=0x000001adea5878f4 relative=0x00000000000000d4
Event: 49.088 Thread 0x000001adfeb97ea0 Uncommon trap: reason=unstable_if action=reinterpret pc=0x000001adea5878f4 method=java.util.concurrent.locks.ReentrantLock$Sync.tryRelease(I)Z @ 26 c2
Event: 49.088 Thread 0x000001adfeb97ea0 DEOPT PACKING pc=0x000001adea5878f4 sp=0x0000007a8b8fef50
Event: 49.088 Thread 0x000001adfeb97ea0 DEOPT UNPACKING pc=0x000001ade29ed72e sp=0x0000007a8b8feef0 mode 2

Classes unloaded (0 events):
No events

Classes redefined (0 events):
No events

Internal exceptions (20 events):
Event: 1.170 Thread 0x000001adfe6b2030 Exception <a 'java/lang/NoSuchMethodError'{0x0000000711bc43e0}: 'void java.lang.invoke.DirectMethodHandle$Holder.invokeSpecial(java.lang.Object, java.lang.Object, java.lang.Object, java.lang.Object, java.lang.Object)'> (0x0000000711bc43e0) 
thrown [t:\workspace\open\src\hotspot\share\interpreter\linkResolver.cpp, line 790]
Event: 1.252 Thread 0x000001adfe6b2030 Exception <a 'java/io/FileNotFoundException'{0x00000007119202c0}> (0x00000007119202c0) 
thrown [t:\workspace\open\src\hotspot\share\prims\jni.cpp, line 579]
Event: 1.261 Thread 0x000001adfe6b2030 Exception <a 'java/io/FileNotFoundException'{0x000000071193ac08}> (0x000000071193ac08) 
thrown [t:\workspace\open\src\hotspot\share\prims\jni.cpp, line 579]
Event: 1.339 Thread 0x000001adfe6b2030 Implicit null exception at 0x000001adea4ca994 to 0x000001adea4cab84
Event: 1.497 Thread 0x000001adfe6b2030 Exception <a 'java/lang/NoSuchMethodError'{0x000000071104e8a8}: 'java.lang.Object java.lang.invoke.DirectMethodHandle$Holder.invokeInterface(java.lang.Object, java.lang.Object, java.lang.Object)'> (0x000000071104e8a8) 
thrown [t:\workspace\open\src\hotspot\share\interpreter\linkResolver.cpp, line 790]
Event: 1.498 Thread 0x000001adfe6b2030 Exception <a 'java/lang/IncompatibleClassChangeError'{0x0000000711052428}: Found class java.lang.Object, but interface was expected> (0x0000000711052428) 
thrown [t:\workspace\open\src\hotspot\share\interpreter\linkResolver.cpp, line 857]
Event: 1.585 Thread 0x000001adfe6b2030 Exception <a 'java/lang/NoSuchMethodError'{0x0000000710e2da88}: 'java.lang.Object java.lang.invoke.DirectMethodHandle$Holder.newInvokeSpecial(java.lang.Object, java.lang.Object, int)'> (0x0000000710e2da88) 
thrown [t:\workspace\open\src\hotspot\share\interpreter\linkResolver.cpp, line 790]
Event: 1.627 Thread 0x000001adfe40d460 Exception <a 'java/lang/NoSuchMethodError'{0x0000000710f9a150}: 'int java.lang.invoke.DirectMethodHandle$Holder.invokeStaticInit(java.lang.Object, java.lang.Object)'> (0x0000000710f9a150) 
thrown [t:\workspace\open\src\hotspot\share\interpreter\linkResolver.cpp, line 790]
Event: 2.700 Thread 0x000001adfe6b2030 Exception <a 'java/lang/NoSuchMethodError'{0x0000000710706ee8}: 'long java.lang.invoke.DirectMethodHandle$Holder.invokeStatic(java.lang.Object, java.lang.Object, java.lang.Object)'> (0x0000000710706ee8) 
thrown [t:\workspace\open\src\hotspot\share\interpreter\linkResolver.cpp, line 790]
Event: 2.701 Thread 0x000001adfe6b2030 Exception <a 'java/lang/NoSuchMethodError'{0x000000071070a898}: 'long java.lang.invoke.DirectMethodHandle$Holder.invokeStaticInit(java.lang.Object, java.lang.Object, java.lang.Object)'> (0x000000071070a898) 
thrown [t:\workspace\open\src\hotspot\share\interpreter\linkResolver.cpp, line 790]
Event: 2.704 Thread 0x000001adfe6b2030 Exception <a 'java/lang/NoSuchMethodError'{0x00000007107227b8}: 'java.lang.Object java.lang.invoke.DirectMethodHandle$Holder.newInvokeSpecial(java.lang.Object, java.lang.Object, long)'> (0x00000007107227b8) 
thrown [t:\workspace\open\src\hotspot\share\interpreter\linkResolver.cpp, line 790]
Event: 2.705 Thread 0x000001adfe6b2030 Exception <a 'java/lang/NoSuchMethodError'{0x0000000710729618}: 'java.lang.Object java.lang.invoke.Invokers$Holder.linkToTargetMethod(java.lang.Object, long, java.lang.Object)'> (0x0000000710729618) 
thrown [t:\workspace\open\src\hotspot\share\interpreter\linkResolver.cpp, line 790]
Event: 2.876 Thread 0x000001adfe6b2030 Exception <a 'java/lang/ClassNotFoundException'{0x000000071029c4e0}: com/sun/javafx/scene/control/skin/resources/controls> (0x000000071029c4e0) 
thrown [t:\workspace\open\src\hotspot\share\prims\jni.cpp, line 600]
Event: 2.877 Thread 0x000001adfe6b2030 Exception <a 'java/lang/ClassNotFoundException'{0x00000007102aa778}: com/sun/javafx/scene/control/skin/resources/controls_es> (0x00000007102aa778) 
thrown [t:\workspace\open\src\hotspot\share\prims\jni.cpp, line 600]
Event: 2.879 Thread 0x000001adfe6b2030 Exception <a 'java/lang/ClassNotFoundException'{0x00000007102b86d0}: com/sun/javafx/scene/control/skin/resources/controls_es_CO> (0x00000007102b86d0) 
thrown [t:\workspace\open\src\hotspot\share\prims\jni.cpp, line 600]
Event: 4.701 Thread 0x000001adfe6b2030 Exception <a 'java/lang/NoSuchMethodError'{0x000000070f89d7e0}: 'void java.lang.invoke.DirectMethodHandle$Holder.invokeSpecial(java.lang.Object, java.lang.Object, java.lang.Object, java.lang.Object, java.lang.Object, java.lang.Object)'> (0x000000070f89d7e0) 
thrown [t:\workspace\open\src\hotspot\share\interpreter\linkResolver.cpp, line 790]
Event: 4.704 Thread 0x000001adfe6b2030 Implicit null exception at 0x000001adea562871 to 0x000001adea562f3c
Event: 40.485 Thread 0x000001adfe6b2030 Exception <a 'java/lang/NoSuchMethodError'{0x000000070f2999f8}: 'java.lang.Object java.lang.invoke.DirectMethodHandle$Holder.newInvokeSpecial(java.lang.Object, java.lang.Object, int, int, int, int, int, java.lang.Object)'> (0x000000070f2999f8) 
thrown [t:\workspace\open\src\hotspot\share\interpreter\linkResolver.cpp, line 790]
Event: 40.487 Thread 0x000001adfe6b2030 Exception <a 'java/lang/NoSuchMethodError'{0x000000070f2ade58}: 'java.lang.Object java.lang.invoke.DirectMethodHandle$Holder.newInvokeSpecial(java.lang.Object, java.lang.Object, java.lang.Object, int, int, int, int, int)'> (0x000000070f2ade58) 
thrown [t:\workspace\open\src\hotspot\share\interpreter\linkResolver.cpp, line 790]
Event: 40.487 Thread 0x000001adfe6b2030 Exception <a 'java/lang/NoSuchMethodError'{0x000000070f2b6468}: 'java.lang.Object java.lang.invoke.Invokers$Holder.linkToTargetMethod(java.lang.Object, java.lang.Object, int, int, int, int, int, java.lang.Object)'> (0x000000070f2b6468) 
thrown [t:\workspace\open\src\hotspot\share\interpreter\linkResolver.cpp, line 790]

Events (20 events):
Event: 39.668 Executing  VM operation: Cleanup
Event: 39.668 Executing  VM operation: Cleanup done
Event: 40.614 Thread 0x000001adfe7c1920 Thread added: 0x000001adfe7c1920
Event: 40.810 Thread 0x000001adfe7c1920 Thread exited: 0x000001adfe7c1920
Event: 41.669 Executing  VM operation: Cleanup
Event: 41.669 Executing  VM operation: Cleanup done
Event: 43.669 Executing  VM operation: Cleanup
Event: 43.669 Executing  VM operation: Cleanup done
Event: 46.670 Executing  VM operation: Cleanup
Event: 46.670 Executing  VM operation: Cleanup done
Event: 47.670 Executing  VM operation: Cleanup
Event: 47.671 Executing  VM operation: Cleanup done
Event: 48.671 Executing  VM operation: Cleanup
Event: 48.671 Executing  VM operation: Cleanup done
Event: 49.085 Thread 0x000001adfeb98e90 Thread added: 0x000001adfeb98e90
Event: 49.085 Thread 0x000001adfeb97ea0 Thread added: 0x000001adfeb97ea0
Event: 49.088 Thread 0x000001adfeb97ea0 Thread exited: 0x000001adfeb97ea0
Event: 49.089 Thread 0x000001adfeb98e90 Thread exited: 0x000001adfeb98e90
Event: 49.089 Thread 0x000001adfd54f2c0 Thread exited: 0x000001adfd54f2c0
Event: 49.089 Executing  VM operation: Exit


Dynamic libraries:
0x00007ff77b940000 - 0x00007ff77b950000 	C:\Program Files\Java\jdk-16.0.1\bin\java.exe
0x00007ff98b520000 - 0x00007ff98b72f000 	C:\WINDOWS\SYSTEM32\ntdll.dll
0x00007ff98a740000 - 0x00007ff98a7fd000 	C:\WINDOWS\System32\KERNEL32.DLL
0x00007ff988ae0000 - 0x00007ff988e6c000 	C:\WINDOWS\System32\KERNELBASE.dll
0x00007ff989110000 - 0x00007ff989221000 	C:\WINDOWS\System32\ucrtbase.dll
0x00007ff979a10000 - 0x00007ff979a29000 	C:\Program Files\Java\jdk-16.0.1\bin\VCRUNTIME140.dll
0x00007ff977330000 - 0x00007ff977348000 	C:\Program Files\Java\jdk-16.0.1\bin\jli.dll
0x00007ff98b1b0000 - 0x00007ff98b25e000 	C:\WINDOWS\System32\ADVAPI32.dll
0x00007ff98ab00000 - 0x00007ff98aba4000 	C:\WINDOWS\System32\msvcrt.dll
0x00007ff98a450000 - 0x00007ff98a4f1000 	C:\WINDOWS\System32\sechost.dll
0x00007ff98a5e0000 - 0x00007ff98a6ff000 	C:\WINDOWS\System32\RPCRT4.dll
0x00007ff98a950000 - 0x00007ff98aaf6000 	C:\WINDOWS\System32\USER32.dll
0x00007ff988f00000 - 0x00007ff988f26000 	C:\WINDOWS\System32\win32u.dll
0x00007ff98a420000 - 0x00007ff98a449000 	C:\WINDOWS\System32\GDI32.dll
0x00007ff9789a0000 - 0x00007ff978c41000 	C:\WINDOWS\WinSxS\amd64_microsoft.windows.common-controls_6595b64144ccf1df_6.0.22494.1000_none_23deebcec6cdf010\COMCTL32.dll
0x00007ff988ff0000 - 0x00007ff989107000 	C:\WINDOWS\System32\gdi32full.dll
0x00007ff988a40000 - 0x00007ff988ada000 	C:\WINDOWS\System32\msvcp_win.dll
0x00007ff981090000 - 0x00007ff98109a000 	C:\WINDOWS\SYSTEM32\VERSION.dll
0x00007ff98a700000 - 0x00007ff98a731000 	C:\WINDOWS\System32\IMM32.DLL
0x00007ff979a00000 - 0x00007ff979a0c000 	C:\Program Files\Java\jdk-16.0.1\bin\vcruntime140_1.dll
0x00007ff96eb20000 - 0x00007ff96ebb1000 	C:\Program Files\Java\jdk-16.0.1\bin\msvcp140.dll
0x00007ff928680000 - 0x00007ff92922b000 	C:\Program Files\Java\jdk-16.0.1\bin\server\jvm.dll
0x00007ff98b0b0000 - 0x00007ff98b0b8000 	C:\WINDOWS\System32\PSAPI.DLL
0x00007ff975c20000 - 0x00007ff975c29000 	C:\WINDOWS\SYSTEM32\WSOCK32.dll
0x00007ff98a560000 - 0x00007ff98a5d1000 	C:\WINDOWS\System32\WS2_32.dll
0x00007ff981780000 - 0x00007ff9817b4000 	C:\WINDOWS\SYSTEM32\WINMM.dll
0x00007ff987ba0000 - 0x00007ff987bb8000 	C:\WINDOWS\SYSTEM32\kernel.appcore.dll
0x00007ff977c30000 - 0x00007ff977c3a000 	C:\Program Files\Java\jdk-16.0.1\bin\jimage.dll
0x00007ff982300000 - 0x00007ff982526000 	C:\WINDOWS\SYSTEM32\DBGHELP.DLL
0x00007ff98abb0000 - 0x00007ff98af2b000 	C:\WINDOWS\System32\combase.dll
0x00007ff976ba0000 - 0x00007ff976bd1000 	C:\WINDOWS\SYSTEM32\dbgcore.DLL
0x00007ff988e70000 - 0x00007ff988ef1000 	C:\WINDOWS\System32\bcryptPrimitives.dll
0x00007ff974550000 - 0x00007ff974575000 	C:\Program Files\Java\jdk-16.0.1\bin\java.dll
0x00007ff989650000 - 0x00007ff989e04000 	C:\WINDOWS\System32\SHELL32.dll
0x00007ff986a80000 - 0x00007ff9872dd000 	C:\WINDOWS\SYSTEM32\windows.storage.dll
0x00007ff986900000 - 0x00007ff986a49000 	C:\WINDOWS\SYSTEM32\wintypes.dll
0x00007ff98b260000 - 0x00007ff98b350000 	C:\WINDOWS\System32\SHCORE.dll
0x00007ff98b360000 - 0x00007ff98b3bb000 	C:\WINDOWS\System32\shlwapi.dll
0x00007ff988910000 - 0x00007ff988931000 	C:\WINDOWS\SYSTEM32\profapi.dll
0x00007ff976f40000 - 0x00007ff976f59000 	C:\Program Files\Java\jdk-16.0.1\bin\net.dll
0x00007ff97fcb0000 - 0x00007ff97fdc2000 	C:\WINDOWS\SYSTEM32\WINHTTP.dll
0x00007ff987fe0000 - 0x00007ff988049000 	C:\WINDOWS\system32\mswsock.dll
0x00007ff975000000 - 0x00007ff975013000 	C:\Program Files\Java\jdk-16.0.1\bin\nio.dll
0x00007ff974530000 - 0x00007ff974548000 	C:\Program Files\Java\jdk-16.0.1\bin\zip.dll
0x000001addb1b0000 - 0x000001addb1b3000 	C:\Program Files\Java\javafx-sdk-17.0.1\bin\api-ms-win-core-console-l1-1-0.dll
0x000001addb1c0000 - 0x000001addb1c3000 	C:\Program Files\Java\javafx-sdk-17.0.1\bin\api-ms-win-core-console-l1-2-0.dll
0x000001addb1d0000 - 0x000001addb1d3000 	C:\Program Files\Java\javafx-sdk-17.0.1\bin\api-ms-win-core-datetime-l1-1-0.dll
0x000001addb1e0000 - 0x000001addb1e3000 	C:\Program Files\Java\javafx-sdk-17.0.1\bin\api-ms-win-core-debug-l1-1-0.dll
0x000001addb1f0000 - 0x000001addb1f3000 	C:\Program Files\Java\javafx-sdk-17.0.1\bin\api-ms-win-core-errorhandling-l1-1-0.dll
0x000001adfd6d0000 - 0x000001adfd6d4000 	C:\Program Files\Java\javafx-sdk-17.0.1\bin\api-ms-win-core-file-l1-1-0.dll
0x000001adfd6e0000 - 0x000001adfd6e3000 	C:\Program Files\Java\javafx-sdk-17.0.1\bin\api-ms-win-core-file-l1-2-0.dll
0x000001adfd6f0000 - 0x000001adfd6f3000 	C:\Program Files\Java\javafx-sdk-17.0.1\bin\api-ms-win-core-file-l2-1-0.dll
0x000001adfd700000 - 0x000001adfd703000 	C:\Program Files\Java\javafx-sdk-17.0.1\bin\api-ms-win-core-handle-l1-1-0.dll
0x000001adfd710000 - 0x000001adfd713000 	C:\Program Files\Java\javafx-sdk-17.0.1\bin\api-ms-win-core-heap-l1-1-0.dll
0x000001adfd720000 - 0x000001adfd723000 	C:\Program Files\Java\javafx-sdk-17.0.1\bin\api-ms-win-core-interlocked-l1-1-0.dll
0x000001adfd730000 - 0x000001adfd733000 	C:\Program Files\Java\javafx-sdk-17.0.1\bin\api-ms-win-core-libraryloader-l1-1-0.dll
0x000001adfd740000 - 0x000001adfd743000 	C:\Program Files\Java\javafx-sdk-17.0.1\bin\api-ms-win-core-localization-l1-2-0.dll
0x000001adfd750000 - 0x000001adfd753000 	C:\Program Files\Java\javafx-sdk-17.0.1\bin\api-ms-win-core-memory-l1-1-0.dll
0x000001adfd760000 - 0x000001adfd763000 	C:\Program Files\Java\javafx-sdk-17.0.1\bin\api-ms-win-core-namedpipe-l1-1-0.dll
0x000001adfd770000 - 0x000001adfd773000 	C:\Program Files\Java\javafx-sdk-17.0.1\bin\api-ms-win-core-processenvironment-l1-1-0.dll
0x000001adfd780000 - 0x000001adfd783000 	C:\Program Files\Java\javafx-sdk-17.0.1\bin\api-ms-win-core-processthreads-l1-1-0.dll
0x000001adfd790000 - 0x000001adfd793000 	C:\Program Files\Java\javafx-sdk-17.0.1\bin\api-ms-win-core-processthreads-l1-1-1.dll
0x000001adfd7a0000 - 0x000001adfd7a3000 	C:\Program Files\Java\javafx-sdk-17.0.1\bin\api-ms-win-core-profile-l1-1-0.dll
0x000001adfd7b0000 - 0x000001adfd7b3000 	C:\Program Files\Java\javafx-sdk-17.0.1\bin\api-ms-win-core-rtlsupport-l1-1-0.dll
0x000001adfd7c0000 - 0x000001adfd7c3000 	C:\Program Files\Java\javafx-sdk-17.0.1\bin\api-ms-win-core-string-l1-1-0.dll
0x000001adfd7d0000 - 0x000001adfd7d3000 	C:\Program Files\Java\javafx-sdk-17.0.1\bin\api-ms-win-core-synch-l1-1-0.dll
0x000001adfd7e0000 - 0x000001adfd7e3000 	C:\Program Files\Java\javafx-sdk-17.0.1\bin\api-ms-win-core-synch-l1-2-0.dll
0x000001adfd7f0000 - 0x000001adfd7f3000 	C:\Program Files\Java\javafx-sdk-17.0.1\bin\api-ms-win-core-sysinfo-l1-1-0.dll
0x000001adfec00000 - 0x000001adfec03000 	C:\Program Files\Java\javafx-sdk-17.0.1\bin\api-ms-win-core-timezone-l1-1-0.dll
0x000001adfec10000 - 0x000001adfec13000 	C:\Program Files\Java\javafx-sdk-17.0.1\bin\api-ms-win-core-util-l1-1-0.dll
0x000001adfec20000 - 0x000001adfec23000 	C:\Program Files\Java\javafx-sdk-17.0.1\bin\api-ms-win-crt-conio-l1-1-0.dll
0x000001adfec30000 - 0x000001adfec34000 	C:\Program Files\Java\javafx-sdk-17.0.1\bin\api-ms-win-crt-convert-l1-1-0.dll
0x000001adfec40000 - 0x000001adfec43000 	C:\Program Files\Java\javafx-sdk-17.0.1\bin\api-ms-win-crt-environment-l1-1-0.dll
0x000001adfec50000 - 0x000001adfec53000 	C:\Program Files\Java\javafx-sdk-17.0.1\bin\api-ms-win-crt-filesystem-l1-1-0.dll
0x000001adfec60000 - 0x000001adfec63000 	C:\Program Files\Java\javafx-sdk-17.0.1\bin\api-ms-win-crt-heap-l1-1-0.dll
0x000001adfec70000 - 0x000001adfec73000 	C:\Program Files\Java\javafx-sdk-17.0.1\bin\api-ms-win-crt-locale-l1-1-0.dll
0x000001adfec80000 - 0x000001adfec85000 	C:\Program Files\Java\javafx-sdk-17.0.1\bin\api-ms-win-crt-math-l1-1-0.dll
0x000001adfec90000 - 0x000001adfec95000 	C:\Program Files\Java\javafx-sdk-17.0.1\bin\api-ms-win-crt-multibyte-l1-1-0.dll
0x000001adfeca0000 - 0x000001adfecb0000 	C:\Program Files\Java\javafx-sdk-17.0.1\bin\api-ms-win-crt-private-l1-1-0.dll
0x000001adfecb0000 - 0x000001adfecb3000 	C:\Program Files\Java\javafx-sdk-17.0.1\bin\api-ms-win-crt-process-l1-1-0.dll
0x000001adfecc0000 - 0x000001adfecc4000 	C:\Program Files\Java\javafx-sdk-17.0.1\bin\api-ms-win-crt-runtime-l1-1-0.dll
0x000001adfecd0000 - 0x000001adfecd4000 	C:\Program Files\Java\javafx-sdk-17.0.1\bin\api-ms-win-crt-stdio-l1-1-0.dll
0x000001adfece0000 - 0x000001adfece4000 	C:\Program Files\Java\javafx-sdk-17.0.1\bin\api-ms-win-crt-string-l1-1-0.dll
0x000001adfecf0000 - 0x000001adfecf3000 	C:\Program Files\Java\javafx-sdk-17.0.1\bin\api-ms-win-crt-time-l1-1-0.dll
0x000001adfed00000 - 0x000001adfed03000 	C:\Program Files\Java\javafx-sdk-17.0.1\bin\api-ms-win-crt-utility-l1-1-0.dll
0x00007ff9453f0000 - 0x00007ff9454ec000 	C:\Program Files\Java\javafx-sdk-17.0.1\bin\ucrtbase.dll
0x00007ff976ce0000 - 0x00007ff976cfa000 	C:\Program Files\Java\javafx-sdk-17.0.1\bin\vcruntime140.dll
0x00007ff979920000 - 0x00007ff97992c000 	C:\Program Files\Java\javafx-sdk-17.0.1\bin\vcruntime140_1.dll
0x00007ff970990000 - 0x00007ff970a1d000 	C:\Program Files\Java\javafx-sdk-17.0.1\bin\msvcp140.dll
0x00007ff976130000 - 0x00007ff97615a000 	C:\Program Files\Java\javafx-sdk-17.0.1\bin\prism_d3d.dll
0x00007ff96ad20000 - 0x00007ff96aec6000 	C:\WINDOWS\system32\d3d9.dll
0x00007ff9863a0000 - 0x00007ff9863d0000 	C:\WINDOWS\SYSTEM32\dwmapi.dll
0x00007ff986250000 - 0x00007ff986288000 	C:\WINDOWS\SYSTEM32\dxcore.dll
0x00007ff985f90000 - 0x00007ff98603b000 	C:\WINDOWS\system32\uxtheme.dll
0x00007ff937ec0000 - 0x00007ff93aebd000 	C:\WINDOWS\System32\DriverStore\FileRepository\igdlh64.inf_amd64_4645af5c659ae51a\igd9dxva64.dll
0x00007ff98a280000 - 0x00007ff98a41a000 	C:\WINDOWS\System32\ole32.dll
0x00007ff989550000 - 0x00007ff989627000 	C:\WINDOWS\System32\OLEAUT32.dll
0x00007ff981310000 - 0x00007ff981354000 	C:\WINDOWS\SYSTEM32\directxdatabasehelper.dll
0x00007ff96eea0000 - 0x00007ff96eee2000 	C:\Program Files\Java\javafx-sdk-17.0.1\bin\glass.dll
0x00007ff98b0c0000 - 0x00007ff98b1aa000 	C:\WINDOWS\System32\COMDLG32.dll
0x00007ff98b3c0000 - 0x00007ff98b4db000 	C:\WINDOWS\System32\MSCTF.dll
0x00007ff9757a0000 - 0x00007ff9757cd000 	C:\Program Files\Java\javafx-sdk-17.0.1\bin\javafx_iio.dll
0x00007ff976b10000 - 0x00007ff976b24000 	C:\Program Files\Java\javafx-sdk-17.0.1\bin\javafx_font.dll
0x00007ff972070000 - 0x00007ff9722d6000 	C:\WINDOWS\SYSTEM32\dwrite.dll
0x00007ff98a8a0000 - 0x00007ff98a94f000 	C:\WINDOWS\System32\clbcatq.dll
0x00007ff97ffd0000 - 0x00007ff98017e000 	C:\WINDOWS\SYSTEM32\WindowsCodecs.dll
0x00007ff952710000 - 0x00007ff95276d000 	C:\WINDOWS\system32\dataexchange.dll
0x00007ff9830a0000 - 0x00007ff983306000 	C:\WINDOWS\system32\twinapi.appcore.dll
0x00007ff976b60000 - 0x00007ff976b92000 	C:\Program Files\Common Files\Microsoft Shared\Ink\rtscom.dll
0x00007ff97a190000 - 0x00007ff97a2bc000 	C:\WINDOWS\SYSTEM32\textinputframework.dll
0x00007ff9859d0000 - 0x00007ff985afd000 	C:\WINDOWS\SYSTEM32\CoreMessaging.dll
0x00007ff980d20000 - 0x00007ff98108b000 	C:\WINDOWS\SYSTEM32\CoreUIComponents.dll
0x00007ff988250000 - 0x00007ff98825c000 	C:\WINDOWS\SYSTEM32\CRYPTBASE.DLL

dbghelp: loaded successfully - version: 4.0.5 - missing functions: none
symbol engine: initialized successfully - sym options: 0x614 - pdb path: .;C:\Program Files\Java\jdk-16.0.1\bin;C:\WINDOWS\SYSTEM32;C:\WINDOWS\WinSxS\amd64_microsoft.windows.common-controls_6595b64144ccf1df_6.0.22494.1000_none_23deebcec6cdf010;C:\Program Files\Java\jdk-16.0.1\bin\server;C:\Program Files\Java\javafx-sdk-17.0.1\bin;C:\WINDOWS\System32\DriverStore\FileRepository\igdlh64.inf_amd64_4645af5c659ae51a;C:\WINDOWS\System32\DriverStore\FileRepository\u0369231.inf_amd64_e53bde106fa4d818\B369238;C:\Program Files\Common Files\Microsoft Shared\Ink

VM Arguments:
jvm_args: -Dfile.encoding=UTF-8 --add-modules=javafx.controls,javafx.fxml --module-path=C:\Users\Adames\Music\Universidad\POO\HG_Performance\build\classes;C:\Program Files\Java\javafx-sdk-17.0.1\lib\javafx-swt.jar;C:\Program Files\Java\javafx-sdk-17.0.1\lib\javafx.base.jar;C:\Program Files\Java\javafx-sdk-17.0.1\lib\javafx.controls.jar;C:\Program Files\Java\javafx-sdk-17.0.1\lib\javafx.fxml.jar;C:\Program Files\Java\javafx-sdk-17.0.1\lib\javafx.graphics.jar;C:\Program Files\Java\javafx-sdk-17.0.1\lib\javafx.media.jar;C:\Program Files\Java\javafx-sdk-17.0.1\lib\javafx.swing.jar;C:\Program Files\Java\javafx-sdk-17.0.1\lib\javafx.web.jar 
java_command: start.HG_Performance
java_class_path (initial): C:\Program Files\Java\javafx-sdk-17.0.1\lib\javafx-swt.jar;C:\Program Files\Java\javafx-sdk-17.0.1\lib\javafx.base.jar;C:\Program Files\Java\javafx-sdk-17.0.1\lib\javafx.controls.jar;C:\Program Files\Java\javafx-sdk-17.0.1\lib\javafx.fxml.jar;C:\Program Files\Java\javafx-sdk-17.0.1\lib\javafx.graphics.jar;C:\Program Files\Java\javafx-sdk-17.0.1\lib\javafx.media.jar;C:\Program Files\Java\javafx-sdk-17.0.1\lib\javafx.swing.jar;C:\Program Files\Java\javafx-sdk-17.0.1\lib\javafx.web.jar;C:\Users\Adames\Music\Universidad\POO\HG_Performance\build\classes
Launcher Type: SUN_STANDARD

[Global flags]
     intx CICompilerCount                          = 3                                         {product} {ergonomic}
     uint ConcGCThreads                            = 1                                         {product} {ergonomic}
     uint G1ConcRefinementThreads                  = 4                                         {product} {ergonomic}
   size_t G1HeapRegionSize                         = 2097152                                   {product} {ergonomic}
    uintx GCDrainStackTargetSize                   = 64                                        {product} {ergonomic}
   size_t InitialHeapSize                          = 266338304                                 {product} {ergonomic}
   size_t MarkStackSize                            = 4194304                                   {product} {ergonomic}
   size_t MaxHeapSize                              = 4261412864                                {product} {ergonomic}
   size_t MaxNewSize                               = 2556428288                                {product} {ergonomic}
   size_t MinHeapDeltaBytes                        = 2097152                                   {product} {ergonomic}
   size_t MinHeapSize                              = 8388608                                   {product} {ergonomic}
    uintx NonNMethodCodeHeapSize                   = 5832780                                {pd product} {ergonomic}
    uintx NonProfiledCodeHeapSize                  = 122912730                              {pd product} {ergonomic}
    uintx ProfiledCodeHeapSize                     = 122912730                              {pd product} {ergonomic}
    uintx ReservedCodeCacheSize                    = 251658240                              {pd product} {ergonomic}
     bool SegmentedCodeCache                       = true                                      {product} {ergonomic}
   size_t SoftMaxHeapSize                          = 4261412864                             {manageable} {ergonomic}
     bool UseCompressedClassPointers               = true                           {product lp64_product} {ergonomic}
     bool UseCompressedOops                        = true                           {product lp64_product} {ergonomic}
     bool UseG1GC                                  = true                                      {product} {ergonomic}
     bool UseLargePagesIndividualAllocation        = false                                  {pd product} {ergonomic}

Logging:
Log output configuration:
 #0: stdout all=off uptime,level,tags
 #1: stderr all=off uptime,level,tags

Environment Variables:
PATH=C:\ProgramData\Oracle\Java\javapath;C:\Program Files\Common Files\Oracle\Java\javapath;C:\Program Files (x86)\Common Files\Oracle\Java\javapath;C:\WINDOWS\system32;C:\WINDOWS;C:\WINDOWS\System32\Wbem;C:\WINDOWS\System32\WindowsPowerShell\v1.0\;C:\WINDOWS\System32\OpenSSH\;C:\Program Files\Huawei QuickApp IDE\resources\app\extensions\deveco-debug\lib\toolkit\nodeTool;C:\Program Files\Huawei QuickApp IDE\resources\app\extensions\deveco-debug\lib\toolkit;C:\Program Files\Microsoft SQL Server\130\Tools\Binn\;C:\ProgramData\chocolatey\bin;C:\Program Files\Git\cmd;C:\Users\Adames\AppData\Local\Programs\Python\Python39\Scripts\;C:\Users\Adames\AppData\Local\Programs\Python\Python39\;C:\Users\Adames\AppData\Local\Microsoft\WindowsApps;C:\Users\Adames\AppData\Local\GitHubDesktop\bin;C:\Users\Adames\AppData\Local\Programs\Microsoft VS Code\bin;
USERNAME=Adames
OS=Windows_NT
PROCESSOR_IDENTIFIER=Intel64 Family 6 Model 78 Stepping 3, GenuineIntel



---------------  S Y S T E M  ---------------

OS:
 Windows 10 , 64 bit Build 22494 (10.0.22494.1000)
OS uptime: 3 days 5:30 hours

CPU: total 4 (initial active 4) (2 cores per cpu, 2 threads per core) family 6 model 78 stepping 3 microcode 0xea, cx8, cmov, fxsr, ht, mmx, 3dnowpref, sse, sse2, sse3, ssse3, sse4.1, sse4.2, popcnt, lzcnt, tsc, tscinvbit, avx, avx2, aes, erms, clmul, bmi1, bmi2, adx, fma, vzeroupper, clflush, clflushopt

Memory: 4k page, system-wide physical 16255M (6018M free)
TotalPageFile size 25212M (AvailPageFile size 10903M)
current process WorkingSet (physical memory assigned to process): 133M, peak: 157M
current process commit charge ("private bytes"): 411M, peak: 442M

vm_info: Java HotSpot(TM) 64-Bit Server VM (16.0.1+9-24) for windows-amd64 JRE (16.0.1+9-24), built on Mar 26 2021 19:31:42 by "mach5one" with MS VC++ 16.7 (VS2019)

END.
