#
# A fatal error has been detected by the Java Runtime Environment:
#
#  EXCEPTION_ACCESS_VIOLATION (0xc0000005) at pc=0x00007ffe736962d7, pid=17480, tid=3588
#
# JRE version: Java(TM) SE Runtime Environment (17.0.2+8) (build 17.0.2+8-LTS-86)
# Java VM: Java HotSpot(TM) 64-Bit Server VM (17.0.2+8-LTS-86, mixed mode, sharing, tiered, compressed oops, compressed class ptrs, g1 gc, windows-amd64)
# Problematic frame:
# C  [glass.dll+0x262d7]
#
# No core dump will be written. Minidumps are not enabled by default on client versions of Windows
#
# If you would like to submit a bug report, please visit:
#   https://bugreport.java.com/bugreport/crash.jsp
#

---------------  S U M M A R Y ------------

Command Line: -Dfile.encoding=UTF-8 --add-modules=javafx.controls,javafx.fxml --module-path=C:\Users\juanc\OneDrive\Documentos\Universidad 3\POO\SEATORA\build\classes;C:\Program Files\Java\javafx-sdk-18.0.1\lib\javafx-swt.jar;C:\Program Files\Java\javafx-sdk-18.0.1\lib\javafx.base.jar;C:\Program Files\Java\javafx-sdk-18.0.1\lib\javafx.controls.jar;C:\Program Files\Java\javafx-sdk-18.0.1\lib\javafx.fxml.jar;C:\Program Files\Java\javafx-sdk-18.0.1\lib\javafx.graphics.jar;C:\Program Files\Java\javafx-sdk-18.0.1\lib\javafx.media.jar;C:\Program Files\Java\javafx-sdk-18.0.1\lib\javafx.swing.jar;C:\Program Files\Java\javafx-sdk-18.0.1\lib\javafx.web.jar start.Seatora

Host: AMD Ryzen 7 5800H with Radeon Graphics         , 16 cores, 23G,  Windows 11 , 64 bit Build 22000 (10.0.22000.675)
Time: Thu May 26 08:18:28 2022 Hora est. Pacífico, Sudamérica elapsed time: 43.269867 seconds (0d 0h 0m 43s)

---------------  T H R E A D  ---------------

Current thread (0x0000023372a81860):  VMThread "VM Thread" [stack: 0x000000ce23700000,0x000000ce23800000] [id=3588]

Stack: [0x000000ce23700000,0x000000ce23800000],  sp=0x000000ce237ff180,  free space=1020k
Native frames: (J=compiled Java code, j=interpreted, Vv=VM code, C=native code)
C  [glass.dll+0x262d7]


siginfo: EXCEPTION_ACCESS_VIOLATION (0xc0000005), reading address 0x0000000000000000


Register to memory mapping:

RIP=0x00007ffe736962d7 glass.dll
RAX=0x0 is NULL
RBX=0x0000023372a8f1e8 is a global jni handle
RCX=0x0000023372a81860 points into unknown readable memory: 0x00007ffe0739e890 | 90 e8 39 07 fe 7f 00 00
RDX=0x000000ce237ff180 points into unknown readable memory: 0x0000000000000000 | 00 00 00 00 00 00 00 00
RSP=0x000000ce237ff180 points into unknown readable memory: 0x0000000000000000 | 00 00 00 00 00 00 00 00
RBP=0x0000023373a01428 points into unknown readable memory: 0x0000e1e64e4e13ef | ef 13 4e 4e e6 e1 00 00
RSI=0x0000023373a01400 points into unknown readable memory: 0x9b6ee1e671b12a5b | 5b 2a b1 71 e6 e1 6e 9b
RDI=0x0000e1e64e4e13ef is an unknown value
R8 =0x0000000000010002 is an unknown value
R9 =0x0000e1e64e4e13ef is an unknown value
R10=0x85f13e9656da4870 is an unknown value
R11=0x000000ce237ff110 points into unknown readable memory: 0x0000023373a01400 | 00 14 a0 73 33 02 00 00
R12=0x00007ffe73693bc4 glass.dll
R13=0x00007ffe075449d0 jvm.dll
R14=0x000000ce237ff288 points into unknown readable memory: 0x000000ce237ff270 | 70 f2 7f 23 ce 00 00 00
R15=0x0000023373a01400 points into unknown readable memory: 0x9b6ee1e671b12a5b | 5b 2a b1 71 e6 e1 6e 9b


Registers:
RAX=0x0000000000000000, RBX=0x0000023372a8f1e8, RCX=0x0000023372a81860, RDX=0x000000ce237ff180
RSP=0x000000ce237ff180, RBP=0x0000023373a01428, RSI=0x0000023373a01400, RDI=0x0000e1e64e4e13ef
R8 =0x0000000000010002, R9 =0x0000e1e64e4e13ef, R10=0x85f13e9656da4870, R11=0x000000ce237ff110
R12=0x00007ffe73693bc4, R13=0x00007ffe075449d0, R14=0x000000ce237ff288, R15=0x0000023373a01400
RIP=0x00007ffe736962d7, EFLAGS=0x0000000000010206

Top of Stack: (sp=0x000000ce237ff180)
0x000000ce237ff180:   0000000000000000 0000023373a01400
0x000000ce237ff190:   00007ffe075449d0 00007ffe73693bc4
0x000000ce237ff1a0:   0000023373a01408 00007ffe99cdbea0
0x000000ce237ff1b0:   0000e1e64e4e13ef 0000023300000000
0x000000ce237ff1c0:   0000023373a01428 0000023373a01400
0x000000ce237ff1d0:   fffffffffffffffe 0000000000000000
0x000000ce237ff1e0:   0000000000000001 00007ffe73670000
0x000000ce237ff1f0:   000000ce237ff278 00007ffe99cdbdb7
0x000000ce237ff200:   0000000000000000 000000ce237ff288
0x000000ce237ff210:   000000ce237ff560 00007ffe99dc12b0
0x000000ce237ff220:   0000000000000001 00007ffe99cdbd6d
0x000000ce237ff230:   0000000000000000 0000000000000001
0x000000ce237ff240:   0000000000000000 000000ce237ff278
0x000000ce237ff250:   fffffffffffffffe 000000ce00000000
0x000000ce237ff260:   ffffffff00000001 00007ffe73693a51
0x000000ce237ff270:   00007ffe736a9f88 00007ffe00000002 

Instructions: (pc=0x00007ffe736962d7)
0x00007ffe736961d7:   8b 4d 58 e8 2d cf ff ff 48 8b 4d 60 e8 24 cf ff
0x00007ffe736961e7:   ff 48 8b 95 80 00 00 00 48 8b 8d 18 01 00 00 e8
0x00007ffe736961f7:   16 c4 ff ff 33 d2 33 c9 e8 5c e1 ff ff 90 48 89
0x00007ffe73696207:   54 24 10 55 48 83 ec 20 48 8b ea 48 b8 00 00 00
0x00007ffe73696217:   00 00 00 00 00 48 83 c4 20 5d c3 cc 40 55 48 8b
0x00007ffe73696227:   ea 48 8b 01 33 c9 81 38 05 00 00 c0 0f 94 c1 8b
0x00007ffe73696237:   c1 5d c3 cc 40 55 48 83 ec 20 48 8b ea 8a 4d 40
0x00007ffe73696247:   48 83 c4 20 5d e9 17 d3 ff ff cc 40 55 48 83 ec
0x00007ffe73696257:   20 48 8b ea 8a 4d 20 e8 05 d3 ff ff 90 48 83 c4
0x00007ffe73696267:   20 5d c3 cc 40 55 48 83 ec 20 48 8b ea 48 83 c4
0x00007ffe73696277:   20 5d e9 66 d1 ff ff cc 40 55 48 83 ec 30 48 8b
0x00007ffe73696287:   ea 48 8b 01 8b 10 48 89 4c 24 28 89 54 24 20 4c
0x00007ffe73696297:   8d 0d 07 d6 ff ff 4c 8b 45 70 8b 55 68 48 8b 4d
0x00007ffe736962a7:   60 e8 a7 d0 ff ff 90 48 83 c4 30 5d c3 cc cc cc
0x00007ffe736962b7:   cc cc cc cc cc cc cc cc cc 40 53 48 83 ec 20 48
0x00007ffe736962c7:   8b 1d bb 36 01 00 48 85 db 74 16 e8 59 8b ff ff
0x00007ffe736962d7:   4c 8b 00 48 8b d3 48 8b c8 41 ff 90 b0 00 00 00
0x00007ffe736962e7:   90 48 83 c4 20 5b c3 cc cc 40 53 48 83 ec 20 48
0x00007ffe736962f7:   8b 1d 2b 38 01 00 48 85 db 74 57 b8 ff ff ff ff
0x00007ffe73696307:   f0 0f c1 43 10 83 f8 01 75 3d 48 85 db 74 38 48
0x00007ffe73696317:   8b 0b 48 85 c9 74 0d ff 15 84 0f 00 00 48 c7 03
0x00007ffe73696327:   00 00 00 00 48 8b 4b 08 48 85 c9 74 0d e8 d3 cd
0x00007ffe73696337:   ff ff 48 c7 43 08 00 00 00 00 ba 18 00 00 00 48
0x00007ffe73696347:   8b cb e8 be cd ff ff 48 c7 05 cf 37 01 00 00 00
0x00007ffe73696357:   00 00 48 83 c4 20 5b c3 cc 40 53 48 83 ec 20 48
0x00007ffe73696367:   8b 1d 9b 37 01 00 48 85 db 74 57 b8 ff ff ff ff
0x00007ffe73696377:   f0 0f c1 43 10 83 f8 01 75 3d 48 85 db 74 38 48
0x00007ffe73696387:   8b 0b 48 85 c9 74 0d ff 15 14 0f 00 00 48 c7 03
0x00007ffe73696397:   00 00 00 00 48 8b 4b 08 48 85 c9 74 0d e8 63 cd
0x00007ffe736963a7:   ff ff 48 c7 43 08 00 00 00 00 ba 18 00 00 00 48
0x00007ffe736963b7:   8b cb e8 4e cd ff ff 48 c7 05 3f 37 01 00 00 00
0x00007ffe736963c7:   00 00 48 83 c4 20 5b c3 cc 40 53 48 83 ec 20 48 


Stack slot to memory mapping:
stack at sp + 0 slots: 0x0 is NULL
stack at sp + 1 slots: 0x0000023373a01400 points into unknown readable memory: 0x9b6ee1e671b12a5b | 5b 2a b1 71 e6 e1 6e 9b
stack at sp + 2 slots: 0x00007ffe075449d0 jvm.dll
stack at sp + 3 slots: 0x00007ffe73693bc4 glass.dll
stack at sp + 4 slots: 0x0000023373a01408 points into unknown readable memory: 0x0000e1e64e4e13ef | ef 13 4e 4e e6 e1 00 00
stack at sp + 5 slots: 0x00007ffe99cdbea0 ucrtbase.dll
stack at sp + 6 slots: 0x0000e1e64e4e13ef is an unknown value
stack at sp + 7 slots: 0x0000023300000000 points into unknown readable memory: 0x0000000000000000 | 00 00 00 00 00 00 00 00

VM_Operation (0x000000ce250f6930): Exit, mode: safepoint, requested by thread 0x00000233747f0260


---------------  P R O C E S S  ---------------

Threads class SMR info:
_java_thread_list=0x000002330058a020, length=19, elements={
0x000002334a780bb0, 0x0000023372a87270, 0x0000023372a89e00, 0x0000023372a9ab90,
0x0000023372a9b450, 0x0000023372a9bd10, 0x0000023372a9c5d0, 0x0000023372a9e280,
0x0000023372aac180, 0x0000023372ace680, 0x0000023372a6f230, 0x00000233745f1a50,
0x0000023374225cb0, 0x0000023374544260, 0x00000233747f0260, 0x000002337495bd10,
0x00000233749754f0, 0x000002337c973410, 0x000002337c873b70
}

Java Threads: ( => current thread )
  0x000002334a780bb0 JavaThread "main" [_thread_blocked, id=19532, stack(0x000000ce23100000,0x000000ce23200000)]
  0x0000023372a87270 JavaThread "Reference Handler" daemon [_thread_blocked, id=13136, stack(0x000000ce23800000,0x000000ce23900000)]
  0x0000023372a89e00 JavaThread "Finalizer" daemon [_thread_blocked, id=19792, stack(0x000000ce23900000,0x000000ce23a00000)]
  0x0000023372a9ab90 JavaThread "Signal Dispatcher" daemon [_thread_blocked, id=256, stack(0x000000ce23a00000,0x000000ce23b00000)]
  0x0000023372a9b450 JavaThread "Attach Listener" daemon [_thread_blocked, id=16996, stack(0x000000ce23b00000,0x000000ce23c00000)]
  0x0000023372a9bd10 JavaThread "Service Thread" daemon [_thread_blocked, id=18720, stack(0x000000ce23c00000,0x000000ce23d00000)]
  0x0000023372a9c5d0 JavaThread "Monitor Deflation Thread" daemon [_thread_blocked, id=17952, stack(0x000000ce23d00000,0x000000ce23e00000)]
  0x0000023372a9e280 JavaThread "C2 CompilerThread0" daemon [_thread_blocked, id=16512, stack(0x000000ce23e00000,0x000000ce23f00000)]
  0x0000023372aac180 JavaThread "C1 CompilerThread0" daemon [_thread_blocked, id=18104, stack(0x000000ce23f00000,0x000000ce24000000)]
  0x0000023372ace680 JavaThread "Sweeper thread" daemon [_thread_blocked, id=8012, stack(0x000000ce24000000,0x000000ce24100000)]
  0x0000023372a6f230 JavaThread "Common-Cleaner" daemon [_thread_blocked, id=19088, stack(0x000000ce24200000,0x000000ce24300000)]
  0x00000233745f1a50 JavaThread "Notification Thread" daemon [_thread_blocked, id=16368, stack(0x000000ce24b00000,0x000000ce24c00000)]
  0x0000023374225cb0 JavaThread "QuantumRenderer-0" daemon [_thread_blocked, id=20420, stack(0x000000ce24d00000,0x000000ce24e00000)]
  0x0000023374544260 JavaThread "InvokeLaterDispatcher" daemon [_thread_blocked, id=776, stack(0x000000ce24f00000,0x000000ce25000000)]
  0x00000233747f0260 JavaThread "JavaFX Application Thread" [_thread_blocked, id=18712, stack(0x000000ce25000000,0x000000ce25100000)]
  0x000002337495bd10 JavaThread "JavaFX-Launcher" [_thread_blocked, id=1228, stack(0x000000ce24a00000,0x000000ce24b00000)]
  0x00000233749754f0 JavaThread "Thread-2" daemon [_thread_in_native, id=3272, stack(0x000000ce24900000,0x000000ce24a00000)]
  0x000002337c973410 JavaThread "Prism Font Disposer" daemon [_thread_blocked, id=7112, stack(0x000000ce25900000,0x000000ce25a00000)]
  0x000002337c873b70 JavaThread "Cleaner-0" daemon [_thread_blocked, id=19484, stack(0x000000ce25df0000,0x000000ce25ef0000)]

Other Threads:
=>0x0000023372a81860 VMThread "VM Thread" [stack: 0x000000ce23700000,0x000000ce23800000] [id=3588]
  0x000002334a7e0140 GCTaskThread "GC Thread#0" [stack: 0x000000ce23200000,0x000000ce23300000] [id=14584]
  0x00000233749711c0 GCTaskThread "GC Thread#1" [stack: 0x000000ce24800000,0x000000ce24900000] [id=4780]
  0x0000023374b92c60 GCTaskThread "GC Thread#2" [stack: 0x000000ce25200000,0x000000ce25300000] [id=2340]
  0x0000023374962e70 GCTaskThread "GC Thread#3" [stack: 0x000000ce25300000,0x000000ce25400000] [id=12712]
  0x0000023374976370 GCTaskThread "GC Thread#4" [stack: 0x000000ce25400000,0x000000ce25500000] [id=14016]
  0x0000023374976620 GCTaskThread "GC Thread#5" [stack: 0x000000ce25500000,0x000000ce25600000] [id=19744]
  0x0000023374b88840 GCTaskThread "GC Thread#6" [stack: 0x000000ce25600000,0x000000ce25700000] [id=11096]
  0x00000233749a4d40 GCTaskThread "GC Thread#7" [stack: 0x000000ce25700000,0x000000ce25800000] [id=19112]
  0x00000233749a5400 GCTaskThread "GC Thread#8" [stack: 0x000000ce25800000,0x000000ce25900000] [id=12148]
  0x0000023374cb7250 GCTaskThread "GC Thread#9" [stack: 0x000000ce24600000,0x000000ce24700000] [id=7692]
  0x000002334a7ecd60 ConcurrentGCThread "G1 Main Marker" terminated
  0x000002334a7edd20 ConcurrentGCThread "G1 Conc#0" [stack: 0x000000ce23400000,0x000000ce23500000] [id=2012]
  0x000002334a857860 ConcurrentGCThread "G1 Refine#0" terminated
  0x0000023372942220 ConcurrentGCThread "G1 Service" terminated

Threads with active compile tasks:

VM state: at safepoint (shutting down)

VM Mutex/Monitor currently owned by a thread:  ([mutex/lock_event])
[0x000002334a77ca00] Threads_lock - owner thread: 0x0000023372a81860
[0x000002334a77dc00] Heap_lock - owner thread: 0x00000233747f0260

Heap address: 0x0000000682400000, size: 6108 MB, Compressed Oops mode: Zero based, Oop shift amount: 3

CDS archive(s) mapped at: [0x0000000800000000-0x0000000800bc0000-0x0000000800bc0000), size 12320768, SharedBaseAddress: 0x0000000800000000, ArchiveRelocationMode: 0.
Compressed class space mapped at: 0x0000000800c00000-0x0000000840c00000, reserved size: 1073741824
Narrow klass base: 0x0000000800000000, Narrow klass shift: 0, Narrow klass range: 0x100000000

GC Precious Log:
 CPUs: 16 total, 16 available
 Memory: 24428M
 Large Page Support: Disabled
 NUMA Support: Disabled
 Compressed Oops: Enabled (Zero based)
 Heap Region Size: 4M
 Heap Min Capacity: 8M
 Heap Initial Capacity: 384M
 Heap Max Capacity: 6108M
 Pre-touch: Disabled
 Parallel Workers: 13
 Concurrent Workers: 3
 Concurrent Refinement Workers: 13
 Periodic GC: Disabled

Heap:
 garbage-first heap   total 393216K, used 86337K [0x0000000682400000, 0x0000000800000000)
  region size 4096K, 17 young (69632K), 2 survivors (8192K)
 Metaspace       used 18915K, committed 19200K, reserved 1073152K
  class space    used 2671K, committed 2816K, reserved 1048576K

Heap Regions: E=young(eden), S=young(survivor), O=old, HS=humongous(starts), HC=humongous(continues), CS=collection set, F=free, OA=open archive, CA=closed archive, TAMS=top-at-mark-start (previous, next)
|   0|0x0000000682400000, 0x0000000682800000, 0x0000000682800000|100%|HS|  |TAMS 0x0000000682400000, 0x0000000682400000| Complete 
|   1|0x0000000682800000, 0x0000000682c00000, 0x0000000682c00000|100%|HS|  |TAMS 0x0000000682800000, 0x0000000682800000| Complete 
|   2|0x0000000682c00000, 0x0000000683000000, 0x0000000683000000|100%|HS|  |TAMS 0x0000000682c00000, 0x0000000682c00000| Complete 
|   3|0x0000000683000000, 0x0000000683050400, 0x0000000683400000|  7%| O|  |TAMS 0x0000000683000000, 0x0000000683000000| Untracked 
|   4|0x0000000683400000, 0x0000000683800000, 0x0000000683800000|100%|HS|  |TAMS 0x0000000683400000, 0x0000000683400000| Complete 
|   5|0x0000000683800000, 0x0000000683c00000, 0x0000000683c00000|100%|HS|  |TAMS 0x0000000683800000, 0x0000000683800000| Complete 
|   6|0x0000000683c00000, 0x0000000683c00000, 0x0000000684000000|  0%| F|  |TAMS 0x0000000683c00000, 0x0000000683c00000| Untracked 
|   7|0x0000000684000000, 0x0000000684000000, 0x0000000684400000|  0%| F|  |TAMS 0x0000000684000000, 0x0000000684000000| Untracked 
|   8|0x0000000684400000, 0x0000000684400000, 0x0000000684800000|  0%| F|  |TAMS 0x0000000684400000, 0x0000000684400000| Untracked 
|   9|0x0000000684800000, 0x0000000684800000, 0x0000000684c00000|  0%| F|  |TAMS 0x0000000684800000, 0x0000000684800000| Untracked 
|  10|0x0000000684c00000, 0x0000000684c00000, 0x0000000685000000|  0%| F|  |TAMS 0x0000000684c00000, 0x0000000684c00000| Untracked 
|  11|0x0000000685000000, 0x0000000685000000, 0x0000000685400000|  0%| F|  |TAMS 0x0000000685000000, 0x0000000685000000| Untracked 
|  12|0x0000000685400000, 0x0000000685400000, 0x0000000685800000|  0%| F|  |TAMS 0x0000000685400000, 0x0000000685400000| Untracked 
|  13|0x0000000685800000, 0x0000000685800000, 0x0000000685c00000|  0%| F|  |TAMS 0x0000000685800000, 0x0000000685800000| Untracked 
|  14|0x0000000685c00000, 0x0000000685c00000, 0x0000000686000000|  0%| F|  |TAMS 0x0000000685c00000, 0x0000000685c00000| Untracked 
|  15|0x0000000686000000, 0x0000000686000000, 0x0000000686400000|  0%| F|  |TAMS 0x0000000686000000, 0x0000000686000000| Untracked 
|  16|0x0000000686400000, 0x0000000686400000, 0x0000000686800000|  0%| F|  |TAMS 0x0000000686400000, 0x0000000686400000| Untracked 
|  17|0x0000000686800000, 0x0000000686800000, 0x0000000686c00000|  0%| F|  |TAMS 0x0000000686800000, 0x0000000686800000| Untracked 
|  18|0x0000000686c00000, 0x0000000686c00000, 0x0000000687000000|  0%| F|  |TAMS 0x0000000686c00000, 0x0000000686c00000| Untracked 
|  19|0x0000000687000000, 0x0000000687000000, 0x0000000687400000|  0%| F|  |TAMS 0x0000000687000000, 0x0000000687000000| Untracked 
|  20|0x0000000687400000, 0x0000000687400000, 0x0000000687800000|  0%| F|  |TAMS 0x0000000687400000, 0x0000000687400000| Untracked 
|  21|0x0000000687800000, 0x0000000687800000, 0x0000000687c00000|  0%| F|  |TAMS 0x0000000687800000, 0x0000000687800000| Untracked 
|  22|0x0000000687c00000, 0x0000000687c00000, 0x0000000688000000|  0%| F|  |TAMS 0x0000000687c00000, 0x0000000687c00000| Untracked 
|  23|0x0000000688000000, 0x0000000688000000, 0x0000000688400000|  0%| F|  |TAMS 0x0000000688000000, 0x0000000688000000| Untracked 
|  24|0x0000000688400000, 0x0000000688400000, 0x0000000688800000|  0%| F|  |TAMS 0x0000000688400000, 0x0000000688400000| Untracked 
|  25|0x0000000688800000, 0x0000000688800000, 0x0000000688c00000|  0%| F|  |TAMS 0x0000000688800000, 0x0000000688800000| Untracked 
|  26|0x0000000688c00000, 0x0000000688c00000, 0x0000000689000000|  0%| F|  |TAMS 0x0000000688c00000, 0x0000000688c00000| Untracked 
|  27|0x0000000689000000, 0x0000000689000000, 0x0000000689400000|  0%| F|  |TAMS 0x0000000689000000, 0x0000000689000000| Untracked 
|  28|0x0000000689400000, 0x0000000689400000, 0x0000000689800000|  0%| F|  |TAMS 0x0000000689400000, 0x0000000689400000| Untracked 
|  29|0x0000000689800000, 0x0000000689800000, 0x0000000689c00000|  0%| F|  |TAMS 0x0000000689800000, 0x0000000689800000| Untracked 
|  30|0x0000000689c00000, 0x0000000689c00000, 0x000000068a000000|  0%| F|  |TAMS 0x0000000689c00000, 0x0000000689c00000| Untracked 
|  31|0x000000068a000000, 0x000000068a000000, 0x000000068a400000|  0%| F|  |TAMS 0x000000068a000000, 0x000000068a000000| Untracked 
|  32|0x000000068a400000, 0x000000068a400000, 0x000000068a800000|  0%| F|  |TAMS 0x000000068a400000, 0x000000068a400000| Untracked 
|  33|0x000000068a800000, 0x000000068a800000, 0x000000068ac00000|  0%| F|  |TAMS 0x000000068a800000, 0x000000068a800000| Untracked 
|  34|0x000000068ac00000, 0x000000068ac00000, 0x000000068b000000|  0%| F|  |TAMS 0x000000068ac00000, 0x000000068ac00000| Untracked 
|  35|0x000000068b000000, 0x000000068b000000, 0x000000068b400000|  0%| F|  |TAMS 0x000000068b000000, 0x000000068b000000| Untracked 
|  36|0x000000068b400000, 0x000000068b400000, 0x000000068b800000|  0%| F|  |TAMS 0x000000068b400000, 0x000000068b400000| Untracked 
|  37|0x000000068b800000, 0x000000068b800000, 0x000000068bc00000|  0%| F|  |TAMS 0x000000068b800000, 0x000000068b800000| Untracked 
|  38|0x000000068bc00000, 0x000000068bc00000, 0x000000068c000000|  0%| F|  |TAMS 0x000000068bc00000, 0x000000068bc00000| Untracked 
|  39|0x000000068c000000, 0x000000068c000000, 0x000000068c400000|  0%| F|  |TAMS 0x000000068c000000, 0x000000068c000000| Untracked 
|  40|0x000000068c400000, 0x000000068c400000, 0x000000068c800000|  0%| F|  |TAMS 0x000000068c400000, 0x000000068c400000| Untracked 
|  41|0x000000068c800000, 0x000000068c800000, 0x000000068cc00000|  0%| F|  |TAMS 0x000000068c800000, 0x000000068c800000| Untracked 
|  42|0x000000068cc00000, 0x000000068cc00000, 0x000000068d000000|  0%| F|  |TAMS 0x000000068cc00000, 0x000000068cc00000| Untracked 
|  43|0x000000068d000000, 0x000000068d000000, 0x000000068d400000|  0%| F|  |TAMS 0x000000068d000000, 0x000000068d000000| Untracked 
|  44|0x000000068d400000, 0x000000068d400000, 0x000000068d800000|  0%| F|  |TAMS 0x000000068d400000, 0x000000068d400000| Untracked 
|  45|0x000000068d800000, 0x000000068d800000, 0x000000068dc00000|  0%| F|  |TAMS 0x000000068d800000, 0x000000068d800000| Untracked 
|  46|0x000000068dc00000, 0x000000068dc00000, 0x000000068e000000|  0%| F|  |TAMS 0x000000068dc00000, 0x000000068dc00000| Untracked 
|  47|0x000000068e000000, 0x000000068e000000, 0x000000068e400000|  0%| F|  |TAMS 0x000000068e000000, 0x000000068e000000| Untracked 
|  48|0x000000068e400000, 0x000000068e400000, 0x000000068e800000|  0%| F|  |TAMS 0x000000068e400000, 0x000000068e400000| Untracked 
|  49|0x000000068e800000, 0x000000068e800000, 0x000000068ec00000|  0%| F|  |TAMS 0x000000068e800000, 0x000000068e800000| Untracked 
|  50|0x000000068ec00000, 0x000000068ec00000, 0x000000068f000000|  0%| F|  |TAMS 0x000000068ec00000, 0x000000068ec00000| Untracked 
|  51|0x000000068f000000, 0x000000068f000000, 0x000000068f400000|  0%| F|  |TAMS 0x000000068f000000, 0x000000068f000000| Untracked 
|  52|0x000000068f400000, 0x000000068f400000, 0x000000068f800000|  0%| F|  |TAMS 0x000000068f400000, 0x000000068f400000| Untracked 
|  53|0x000000068f800000, 0x000000068f800000, 0x000000068fc00000|  0%| F|  |TAMS 0x000000068f800000, 0x000000068f800000| Untracked 
|  54|0x000000068fc00000, 0x000000068fc00000, 0x0000000690000000|  0%| F|  |TAMS 0x000000068fc00000, 0x000000068fc00000| Untracked 
|  55|0x0000000690000000, 0x0000000690000000, 0x0000000690400000|  0%| F|  |TAMS 0x0000000690000000, 0x0000000690000000| Untracked 
|  56|0x0000000690400000, 0x0000000690400000, 0x0000000690800000|  0%| F|  |TAMS 0x0000000690400000, 0x0000000690400000| Untracked 
|  57|0x0000000690800000, 0x0000000690800000, 0x0000000690c00000|  0%| F|  |TAMS 0x0000000690800000, 0x0000000690800000| Untracked 
|  58|0x0000000690c00000, 0x0000000690c00000, 0x0000000691000000|  0%| F|  |TAMS 0x0000000690c00000, 0x0000000690c00000| Untracked 
|  59|0x0000000691000000, 0x0000000691000000, 0x0000000691400000|  0%| F|  |TAMS 0x0000000691000000, 0x0000000691000000| Untracked 
|  60|0x0000000691400000, 0x0000000691400000, 0x0000000691800000|  0%| F|  |TAMS 0x0000000691400000, 0x0000000691400000| Untracked 
|  61|0x0000000691800000, 0x0000000691800000, 0x0000000691c00000|  0%| F|  |TAMS 0x0000000691800000, 0x0000000691800000| Untracked 
|  62|0x0000000691c00000, 0x0000000691c00000, 0x0000000692000000|  0%| F|  |TAMS 0x0000000691c00000, 0x0000000691c00000| Untracked 
|  63|0x0000000692000000, 0x0000000692000000, 0x0000000692400000|  0%| F|  |TAMS 0x0000000692000000, 0x0000000692000000| Untracked 
|  64|0x0000000692400000, 0x0000000692400000, 0x0000000692800000|  0%| F|  |TAMS 0x0000000692400000, 0x0000000692400000| Untracked 
|  65|0x0000000692800000, 0x0000000692800000, 0x0000000692c00000|  0%| F|  |TAMS 0x0000000692800000, 0x0000000692800000| Untracked 
|  66|0x0000000692c00000, 0x0000000692c00000, 0x0000000693000000|  0%| F|  |TAMS 0x0000000692c00000, 0x0000000692c00000| Untracked 
|  67|0x0000000693000000, 0x0000000693000000, 0x0000000693400000|  0%| F|  |TAMS 0x0000000693000000, 0x0000000693000000| Untracked 
|  68|0x0000000693400000, 0x0000000693400000, 0x0000000693800000|  0%| F|  |TAMS 0x0000000693400000, 0x0000000693400000| Untracked 
|  69|0x0000000693800000, 0x0000000693800000, 0x0000000693c00000|  0%| F|  |TAMS 0x0000000693800000, 0x0000000693800000| Untracked 
|  70|0x0000000693c00000, 0x0000000693c00000, 0x0000000694000000|  0%| F|  |TAMS 0x0000000693c00000, 0x0000000693c00000| Untracked 
|  71|0x0000000694000000, 0x0000000694000000, 0x0000000694400000|  0%| F|  |TAMS 0x0000000694000000, 0x0000000694000000| Untracked 
|  72|0x0000000694400000, 0x0000000694400000, 0x0000000694800000|  0%| F|  |TAMS 0x0000000694400000, 0x0000000694400000| Untracked 
|  73|0x0000000694800000, 0x0000000694800000, 0x0000000694c00000|  0%| F|  |TAMS 0x0000000694800000, 0x0000000694800000| Untracked 
|  74|0x0000000694c00000, 0x0000000694c00000, 0x0000000695000000|  0%| F|  |TAMS 0x0000000694c00000, 0x0000000694c00000| Untracked 
|  75|0x0000000695000000, 0x0000000695000000, 0x0000000695400000|  0%| F|  |TAMS 0x0000000695000000, 0x0000000695000000| Untracked 
|  76|0x0000000695400000, 0x0000000695400000, 0x0000000695800000|  0%| F|  |TAMS 0x0000000695400000, 0x0000000695400000| Untracked 
|  77|0x0000000695800000, 0x0000000695800000, 0x0000000695c00000|  0%| F|  |TAMS 0x0000000695800000, 0x0000000695800000| Untracked 
|  78|0x0000000695c00000, 0x0000000695c00000, 0x0000000696000000|  0%| F|  |TAMS 0x0000000695c00000, 0x0000000695c00000| Untracked 
|  79|0x0000000696000000, 0x0000000696095b78, 0x0000000696400000| 14%| E|  |TAMS 0x0000000696000000, 0x0000000696000000| Complete 
|  80|0x0000000696400000, 0x0000000696800000, 0x0000000696800000|100%| E|CS|TAMS 0x0000000696400000, 0x0000000696400000| Complete 
|  81|0x0000000696800000, 0x0000000696c00000, 0x0000000696c00000|100%| E|CS|TAMS 0x0000000696800000, 0x0000000696800000| Complete 
|  82|0x0000000696c00000, 0x0000000697000000, 0x0000000697000000|100%| E|CS|TAMS 0x0000000696c00000, 0x0000000696c00000| Complete 
|  83|0x0000000697000000, 0x0000000697400000, 0x0000000697400000|100%| S|CS|TAMS 0x0000000697000000, 0x0000000697000000| Complete 
|  84|0x0000000697400000, 0x0000000697800000, 0x0000000697800000|100%| S|CS|TAMS 0x0000000697400000, 0x0000000697400000| Complete 
|  85|0x0000000697800000, 0x0000000697c00000, 0x0000000697c00000|100%| E|CS|TAMS 0x0000000697800000, 0x0000000697800000| Complete 
|  86|0x0000000697c00000, 0x0000000698000000, 0x0000000698000000|100%| E|CS|TAMS 0x0000000697c00000, 0x0000000697c00000| Complete 
|  87|0x0000000698000000, 0x0000000698400000, 0x0000000698400000|100%| E|CS|TAMS 0x0000000698000000, 0x0000000698000000| Complete 
|  88|0x0000000698400000, 0x0000000698800000, 0x0000000698800000|100%| E|CS|TAMS 0x0000000698400000, 0x0000000698400000| Complete 
|  89|0x0000000698800000, 0x0000000698c00000, 0x0000000698c00000|100%| E|CS|TAMS 0x0000000698800000, 0x0000000698800000| Complete 
|  90|0x0000000698c00000, 0x0000000699000000, 0x0000000699000000|100%| E|CS|TAMS 0x0000000698c00000, 0x0000000698c00000| Complete 
|  91|0x0000000699000000, 0x0000000699400000, 0x0000000699400000|100%| E|CS|TAMS 0x0000000699000000, 0x0000000699000000| Complete 
|  92|0x0000000699400000, 0x0000000699800000, 0x0000000699800000|100%| E|CS|TAMS 0x0000000699400000, 0x0000000699400000| Complete 
|  93|0x0000000699800000, 0x0000000699c00000, 0x0000000699c00000|100%| E|CS|TAMS 0x0000000699800000, 0x0000000699800000| Complete 
|  94|0x0000000699c00000, 0x000000069a000000, 0x000000069a000000|100%| E|CS|TAMS 0x0000000699c00000, 0x0000000699c00000| Complete 
|  95|0x000000069a000000, 0x000000069a400000, 0x000000069a400000|100%| E|CS|TAMS 0x000000069a000000, 0x000000069a000000| Complete 

Card table byte_map: [0x0000023362450000,0x0000023363040000] _byte_map_base: 0x000002335f03e000

Marking Bits (Prev, Next): (CMBitMap*) 0x000002334a7e0560, (CMBitMap*) 0x000002334a7e05a0
 Prev Bits: [0x0000023363c30000, 0x0000023369ba0000)
 Next Bits: [0x0000023369ba0000, 0x000002336fb10000)

Polling page: 0x0000023349f60000

Metaspace:

Usage:
  Non-class:     15.86 MB used.
      Class:      2.61 MB used.
       Both:     18.47 MB used.

Virtual space:
  Non-class space:       24.00 MB reserved,      16.00 MB ( 67%) committed,  3 nodes.
      Class space:        1.00 GB reserved,       2.75 MB ( <1%) committed,  1 nodes.
             Both:        1.02 GB reserved,      18.75 MB (  2%) committed. 

Chunk freelists:
   Non-Class:  3.80 MB
       Class:  1.14 MB
        Both:  4.94 MB

MaxMetaspaceSize: unlimited
CompressedClassSpaceSize: 1.00 GB
Initial GC threshold: 21.00 MB
Current GC threshold: 21.00 MB
CDS: on
MetaspaceReclaimPolicy: balanced
 - commit_granule_bytes: 65536.
 - commit_granule_words: 8192.
 - virtual_space_node_default_size: 1048576.
 - enlarge_chunks_in_place: 1.
 - new_chunks_are_fully_committed: 0.
 - uncommit_free_chunks: 1.
 - use_allocation_guard: 0.
 - handle_deallocations: 1.


Internal statistics:

num_allocs_failed_limit: 0.
num_arena_births: 232.
num_arena_deaths: 0.
num_vsnodes_births: 4.
num_vsnodes_deaths: 0.
num_space_committed: 300.
num_space_uncommitted: 0.
num_chunks_returned_to_freelist: 0.
num_chunks_taken_from_freelist: 895.
num_chunk_merges: 0.
num_chunk_splits: 626.
num_chunks_enlarged: 498.
num_purges: 0.
num_inconsistent_stats: 0.

CodeHeap 'non-profiled nmethods': size=119168Kb used=2773Kb max_used=2773Kb free=116394Kb
 bounds [0x0000023359b80000, 0x0000023359e40000, 0x0000023360fe0000]
CodeHeap 'profiled nmethods': size=119104Kb used=11362Kb max_used=11362Kb free=107741Kb
 bounds [0x0000023352730000, 0x0000023353250000, 0x0000023359b80000]
CodeHeap 'non-nmethods': size=7488Kb used=1434Kb max_used=3185Kb free=6053Kb
 bounds [0x0000023351fe0000, 0x0000023352300000, 0x0000023352730000]
 total_blobs=5945 nmethods=5154 adapters=703
 compilation: enabled
              stopped_count=0, restarted_count=0
 full_count=0

Compilation events (20 events):
Event: 42.862 Thread 0x0000023372aac180 5152       3       javafx.animation.Animation$CurrentRateProperty::set (10 bytes)
Event: 42.862 Thread 0x0000023372aac180 nmethod 5152 0x0000023353241710 code [0x00000233532418c0, 0x0000023353241c08]
Event: 42.875 Thread 0x0000023372a9e280 5153       4       com.sun.marlin.FloatMath::ceil_int (29 bytes)
Event: 42.875 Thread 0x0000023372aac180 5154       3       com.sun.prism.impl.ps.BaseShaderGraphics::renderShape (255 bytes)
Event: 42.876 Thread 0x0000023372a9e280 nmethod 5153 0x0000023359e35290 code [0x0000023359e35400, 0x0000023359e354b8]
Event: 42.876 Thread 0x0000023372aac180 nmethod 5154 0x0000023353241d10 code [0x0000023353241f40, 0x0000023353242928]
Event: 42.876 Thread 0x0000023372aac180 5155       3       com.sun.prism.impl.BaseContext::validateMaskTexture (274 bytes)
Event: 42.877 Thread 0x0000023372aac180 nmethod 5155 0x0000023353242d10 code [0x0000023353242fe0, 0x0000023353244298]
Event: 42.877 Thread 0x0000023372aac180 5156       3       com.sun.prism.impl.BaseContext::updateMaskTexture (465 bytes)
Event: 42.877 Thread 0x0000023372aac180 nmethod 5156 0x0000023353244810 code [0x0000023353244ae0, 0x0000023353245fc8]
Event: 42.877 Thread 0x0000023372aac180 5157       3       com.sun.javafx.image.impl.ByteGray::ToByteGrayConverter (19 bytes)
Event: 42.877 Thread 0x0000023372aac180 nmethod 5157 0x0000023353246610 code [0x00000233532467c0, 0x0000023353246ae8]
Event: 42.877 Thread 0x0000023372aac180 5158       3       com.sun.javafx.image.impl.BaseByteToByteConverter$ByteAnyToSameConverter::convert (24 bytes)
Event: 42.877 Thread 0x0000023372aac180 nmethod 5158 0x0000023353246c10 code [0x0000023353246dc0, 0x0000023353247108]
Event: 42.877 Thread 0x0000023372aac180 5159       3       com.sun.prism.impl.VertexBuffer::addQuad (132 bytes)
Event: 42.878 Thread 0x0000023372aac180 nmethod 5159 0x0000023353247210 code [0x00000233532473e0, 0x0000023353247928]
Event: 42.938 Thread 0x0000023372aac180 5160       3       javafx.scene.Scene::getFocusOwner (11 bytes)
Event: 42.938 Thread 0x0000023372aac180 nmethod 5160 0x0000023353247b10 code [0x0000023353247cc0, 0x00000233532480e8]
Event: 42.940 Thread 0x0000023372aac180 5161       3       com.sun.glass.ui.View::getHeight (8 bytes)
Event: 42.940 Thread 0x0000023372aac180 nmethod 5161 0x0000023353248210 code [0x00000233532483e0, 0x0000023353248738]

GC Heap History (4 events):
Event: 0.313 GC heap before
{Heap before GC invocations=0 (full 0):
 garbage-first heap   total 393216K, used 16384K [0x0000000682400000, 0x0000000800000000)
  region size 4096K, 5 young (20480K), 0 survivors (0K)
 Metaspace       used 4369K, committed 4480K, reserved 1056768K
  class space    used 501K, committed 576K, reserved 1048576K
}
Event: 0.315 GC heap after
{Heap after GC invocations=1 (full 0):
 garbage-first heap   total 393216K, used 2795K [0x0000000682400000, 0x0000000800000000)
  region size 4096K, 1 young (4096K), 1 survivors (4096K)
 Metaspace       used 4369K, committed 4480K, reserved 1056768K
  class space    used 501K, committed 576K, reserved 1048576K
}
Event: 1.665 GC heap before
{Heap before GC invocations=1 (full 0):
 garbage-first heap   total 393216K, used 56043K [0x0000000682400000, 0x0000000800000000)
  region size 4096K, 11 young (45056K), 1 survivors (4096K)
 Metaspace       used 14009K, committed 14272K, reserved 1064960K
  class space    used 2020K, committed 2112K, reserved 1048576K
}
Event: 1.669 GC heap after
{Heap after GC invocations=2 (full 0):
 garbage-first heap   total 393216K, used 20801K [0x0000000682400000, 0x0000000800000000)
  region size 4096K, 2 young (8192K), 2 survivors (8192K)
 Metaspace       used 14009K, committed 14272K, reserved 1064960K
  class space    used 2020K, committed 2112K, reserved 1048576K
}

Deoptimization events (20 events):
Event: 41.961 Thread 0x00000233747f0260 Uncommon trap: trap_request=0xffffffde fr.pc=0x0000023359d93dac relative=0x00000000000043cc
Event: 41.961 Thread 0x00000233747f0260 Uncommon trap: reason=class_check action=maybe_recompile pc=0x0000023359d93dac method=javafx.scene.CssStyleHelper.createStyleHelper(Ljavafx/scene/Node;)Ljavafx/scene/CssStyleHelper; @ 150 c2
Event: 41.961 Thread 0x00000233747f0260 DEOPT PACKING pc=0x0000023359d93dac sp=0x000000ce250f5f10
Event: 41.961 Thread 0x00000233747f0260 DEOPT UNPACKING pc=0x00000233520323a3 sp=0x000000ce250f5ef0 mode 2
Event: 41.962 Thread 0x00000233747f0260 Uncommon trap: trap_request=0xffffff45 fr.pc=0x0000023359d20888 relative=0x0000000000000068
Event: 41.962 Thread 0x00000233747f0260 Uncommon trap: reason=unstable_if action=reinterpret pc=0x0000023359d20888 method=java.lang.Math.max(DD)D @ 28 c2
Event: 41.962 Thread 0x00000233747f0260 DEOPT PACKING pc=0x0000023359d20888 sp=0x000000ce250f66e0
Event: 41.962 Thread 0x00000233747f0260 DEOPT UNPACKING pc=0x00000233520323a3 sp=0x000000ce250f6680 mode 2
Event: 41.973 Thread 0x00000233747f0260 Uncommon trap: trap_request=0xffffff45 fr.pc=0x0000023359ca1e1c relative=0x0000000000004efc
Event: 41.973 Thread 0x00000233747f0260 Uncommon trap: reason=unstable_if action=reinterpret pc=0x0000023359ca1e1c method=java.util.HashMap.removeNode(ILjava/lang/Object;Ljava/lang/Object;ZZ)Ljava/util/HashMap$Node; @ 46 c2
Event: 41.973 Thread 0x00000233747f0260 DEOPT PACKING pc=0x0000023359ca1e1c sp=0x000000ce250f5750
Event: 41.973 Thread 0x00000233747f0260 DEOPT UNPACKING pc=0x00000233520323a3 sp=0x000000ce250f55b0 mode 2
Event: 41.974 Thread 0x00000233747f0260 Uncommon trap: trap_request=0xffffff45 fr.pc=0x0000023359dfff5c relative=0x000000000000005c
Event: 41.974 Thread 0x00000233747f0260 Uncommon trap: reason=unstable_if action=reinterpret pc=0x0000023359dfff5c method=java.util.Objects.equals(Ljava/lang/Object;Ljava/lang/Object;)Z @ 6 c2
Event: 41.974 Thread 0x00000233747f0260 DEOPT PACKING pc=0x0000023359dfff5c sp=0x000000ce250f56a0
Event: 41.974 Thread 0x00000233747f0260 DEOPT UNPACKING pc=0x00000233520323a3 sp=0x000000ce250f5640 mode 2
Event: 42.941 Thread 0x000002337c872d00 Uncommon trap: trap_request=0xffffff45 fr.pc=0x0000023359dec348 relative=0x00000000000000c8
Event: 42.941 Thread 0x000002337c872d00 Uncommon trap: reason=unstable_if action=reinterpret pc=0x0000023359dec348 method=java.util.concurrent.locks.ReentrantLock$Sync.tryRelease(I)Z @ 26 c2
Event: 42.941 Thread 0x000002337c872d00 DEOPT PACKING pc=0x0000023359dec348 sp=0x000000ce243ff000
Event: 42.941 Thread 0x000002337c872d00 DEOPT UNPACKING pc=0x00000233520323a3 sp=0x000000ce243fefa0 mode 2

Classes unloaded (0 events):
No events

Classes redefined (0 events):
No events

Internal exceptions (20 events):
Event: 1.453 Thread 0x00000233747f0260 Exception <a 'java/lang/NoSuchMethodError'{0x0000000698302a98}: 'java.lang.Object java.lang.invoke.Invokers$Holder.linkToTargetMethod(java.lang.Object, long, java.lang.Object)'> (0x0000000698302a98) 
thrown [t:\workspace\open\src\hotspot\share\interpreter\linkResolver.cpp, line 766]
Event: 1.618 Thread 0x00000233747f0260 Exception <a 'java/lang/ClassNotFoundException'{0x0000000697f301b0}: com/sun/javafx/scene/control/skin/resources/controls> (0x0000000697f301b0) 
thrown [t:\workspace\open\src\hotspot\share\prims\jni.cpp, line 535]
Event: 1.618 Thread 0x00000233747f0260 Exception <a 'java/lang/ClassNotFoundException'{0x0000000697f3e448}: com/sun/javafx/scene/control/skin/resources/controls_es> (0x0000000697f3e448) 
thrown [t:\workspace\open\src\hotspot\share\prims\jni.cpp, line 535]
Event: 1.619 Thread 0x00000233747f0260 Exception <a 'java/lang/ClassNotFoundException'{0x0000000697f4c5f0}: com/sun/javafx/scene/control/skin/resources/controls_es_CO> (0x0000000697f4c5f0) 
thrown [t:\workspace\open\src\hotspot\share\prims\jni.cpp, line 535]
Event: 2.852 Thread 0x0000023374225cb0 Exception <a 'java/lang/NoSuchMethodError'{0x0000000699d9c990}: 'java.lang.Object java.lang.invoke.DirectMethodHandle$Holder.invokeStaticInit(java.lang.Object, int)'> (0x0000000699d9c990) 
thrown [t:\workspace\open\src\hotspot\share\interpreter\linkResolver.cpp, line 766]
Event: 4.250 Thread 0x00000233747f0260 Exception <a 'java/lang/NoSuchMethodError'{0x0000000698c2ab80}: 'int java.lang.invoke.DirectMethodHandle$Holder.invokeVirtual(java.lang.Object, java.lang.Object)'> (0x0000000698c2ab80) 
thrown [t:\workspace\open\src\hotspot\share\interpreter\linkResolver.cpp, line 766]
Event: 4.251 Thread 0x00000233747f0260 Exception <a 'java/lang/NoSuchMethodError'{0x0000000698c31808}: 'void java.lang.invoke.DirectMethodHandle$Holder.invokeVirtual(java.lang.Object, java.lang.Object, int)'> (0x0000000698c31808) 
thrown [t:\workspace\open\src\hotspot\share\interpreter\linkResolver.cpp, line 766]
Event: 5.077 Thread 0x00000233747f0260 Exception <a 'java/lang/NoSuchMethodError'{0x000000069894fd48}: 'void java.lang.invoke.DirectMethodHandle$Holder.invokeSpecial(java.lang.Object, java.lang.Object, java.lang.Object, java.lang.Object, java.lang.Object, java.lang.Object)'> (0x000000069894fd48) 
thrown [t:\workspace\open\src\hotspot\share\interpreter\linkResolver.cpp, line 766]
Event: 5.097 Thread 0x00000233747f0260 Exception <a 'java/lang/NoSuchMethodError'{0x000000069848e370}: 'void java.lang.invoke.DirectMethodHandle$Holder.invokeSpecialIFC(java.lang.Object, java.lang.Object, java.lang.Object, java.lang.Object)'> (0x000000069848e370) 
thrown [t:\workspace\open\src\hotspot\share\interpreter\linkResolver.cpp, line 766]
Event: 5.106 Thread 0x00000233747f0260 Exception <a 'java/lang/NoSuchMethodError'{0x00000006985a1020}: 'int java.lang.invoke.DirectMethodHandle$Holder.invokeSpecial(java.lang.Object, java.lang.Object, int)'> (0x00000006985a1020) 
thrown [t:\workspace\open\src\hotspot\share\interpreter\linkResolver.cpp, line 766]
Event: 6.473 Thread 0x00000233747f0260 Exception <a 'java/lang/NoSuchMethodError'{0x00000006981b0138}: 'java.lang.Object java.lang.invoke.DirectMethodHandle$Holder.newInvokeSpecial(java.lang.Object, java.lang.Object, int, int, int, int, int, java.lang.Object)'> (0x00000006981b0138) 
thrown [t:\workspace\open\src\hotspot\share\interpreter\linkResolver.cpp, line 766]
Event: 6.474 Thread 0x00000233747f0260 Exception <a 'java/lang/NoSuchMethodError'{0x00000006981c3bb8}: 'java.lang.Object java.lang.invoke.DirectMethodHandle$Holder.newInvokeSpecial(java.lang.Object, java.lang.Object, java.lang.Object, int, int, int, int, int)'> (0x00000006981c3bb8) 
thrown [t:\workspace\open\src\hotspot\share\interpreter\linkResolver.cpp, line 766]
Event: 6.474 Thread 0x00000233747f0260 Exception <a 'java/lang/NoSuchMethodError'{0x00000006981cbeb8}: 'java.lang.Object java.lang.invoke.Invokers$Holder.linkToTargetMethod(java.lang.Object, java.lang.Object, int, int, int, int, int, java.lang.Object)'> (0x00000006981cbeb8) 
thrown [t:\workspace\open\src\hotspot\share\interpreter\linkResolver.cpp, line 766]
Event: 6.571 Thread 0x00000233747f0260 Implicit null exception at 0x0000023359d23183 to 0x0000023359d23200
Event: 29.480 Thread 0x00000233747f0260 Implicit null exception at 0x0000023359db2a22 to 0x0000023359db3664
Event: 31.269 Thread 0x00000233747f0260 Exception <a 'java/lang/NullPointerException'{0x0000000697b085a8}> (0x0000000697b085a8) 
thrown [t:\workspace\open\src\hotspot\share\interpreter\linkResolver.cpp, line 1440]
Event: 31.269 Thread 0x00000233747f0260 Exception <a 'java/lang/reflect/InvocationTargetException'{0x0000000697b095c8}> (0x0000000697b095c8) 
thrown [t:\workspace\open\src\hotspot\share\runtime\reflection.cpp, line 1121]
Event: 32.573 Thread 0x00000233747f0260 Exception <a 'java/lang/NullPointerException'{0x0000000697b65b40}> (0x0000000697b65b40) 
thrown [t:\workspace\open\src\hotspot\share\interpreter\linkResolver.cpp, line 1440]
Event: 32.573 Thread 0x00000233747f0260 Exception <a 'java/lang/reflect/InvocationTargetException'{0x0000000697b66b60}> (0x0000000697b66b60) 
thrown [t:\workspace\open\src\hotspot\share\runtime\reflection.cpp, line 1121]
Event: 40.875 Thread 0x00000233747f0260 Implicit null exception at 0x0000023359dcb3d6 to 0x0000023359dd5364

VM Operations (20 events):
Event: 30.227 Executing VM operation: Cleanup done
Event: 31.227 Executing VM operation: Cleanup
Event: 31.227 Executing VM operation: Cleanup done
Event: 33.228 Executing VM operation: Cleanup
Event: 33.228 Executing VM operation: Cleanup done
Event: 35.228 Executing VM operation: Cleanup
Event: 35.228 Executing VM operation: Cleanup done
Event: 36.228 Executing VM operation: Cleanup
Event: 36.229 Executing VM operation: Cleanup done
Event: 37.229 Executing VM operation: Cleanup
Event: 37.229 Executing VM operation: Cleanup done
Event: 38.229 Executing VM operation: Cleanup
Event: 38.229 Executing VM operation: Cleanup done
Event: 39.229 Executing VM operation: Cleanup
Event: 39.230 Executing VM operation: Cleanup done
Event: 41.230 Executing VM operation: Cleanup
Event: 41.231 Executing VM operation: Cleanup done
Event: 41.968 Executing VM operation: HandshakeAllThreads
Event: 41.968 Executing VM operation: HandshakeAllThreads done
Event: 42.941 Executing VM operation: Exit

Events (20 events):
Event: 29.481 Thread 0x0000023374646f50 Thread added: 0x0000023374646f50
Event: 31.270 loading class java/lang/Throwable$WrappedPrintStream
Event: 31.270 loading class java/lang/Throwable$PrintStreamOrWriter
Event: 31.270 loading class java/lang/Throwable$PrintStreamOrWriter done
Event: 31.270 loading class java/lang/Throwable$WrappedPrintStream done
Event: 35.300 Thread 0x0000023374646f50 Thread exited: 0x0000023374646f50
Event: 36.562 Thread 0x0000023374646a40 Thread added: 0x0000023374646a40
Event: 36.572 Thread 0x0000023374648db0 Thread added: 0x0000023374648db0
Event: 36.576 Thread 0x0000023374645b10 Thread added: 0x0000023374645b10
Event: 36.589 Thread 0x0000023374646530 Thread added: 0x0000023374646530
Event: 36.589 Thread 0x0000023374646f50 Thread added: 0x0000023374646f50
Event: 37.140 Thread 0x0000023374646f50 Thread exited: 0x0000023374646f50
Event: 37.147 Thread 0x0000023374646530 Thread exited: 0x0000023374646530
Event: 37.147 Thread 0x0000023374648db0 Thread exited: 0x0000023374648db0
Event: 37.988 Thread 0x0000023374645b10 Thread exited: 0x0000023374645b10
Event: 38.268 Thread 0x0000023374646a40 Thread exited: 0x0000023374646a40
Event: 42.941 Thread 0x000002337c874040 Thread added: 0x000002337c874040
Event: 42.941 Thread 0x000002337c872d00 Thread added: 0x000002337c872d00
Event: 42.941 Thread 0x000002337c874040 Thread exited: 0x000002337c874040
Event: 42.941 Thread 0x000002337c872d00 Thread exited: 0x000002337c872d00


Dynamic libraries:
0x00007ff62ea40000 - 0x00007ff62ea50000 	C:\Program Files\Java\jdk-17.0.2\bin\java.exe
0x00007ffe9c380000 - 0x00007ffe9c589000 	C:\Windows\SYSTEM32\ntdll.dll
0x00007ffe9acd0000 - 0x00007ffe9ad8d000 	C:\Windows\System32\KERNEL32.DLL
0x00007ffe99de0000 - 0x00007ffe9a159000 	C:\Windows\System32\KERNELBASE.dll
0x00007ffe99cc0000 - 0x00007ffe99dd1000 	C:\Windows\System32\ucrtbase.dll
0x00007ffe93dd0000 - 0x00007ffe93dea000 	C:\Program Files\Java\jdk-17.0.2\bin\VCRUNTIME140.dll
0x00007ffe96940000 - 0x00007ffe96958000 	C:\Program Files\Java\jdk-17.0.2\bin\jli.dll
0x00007ffe9b9c0000 - 0x00007ffe9ba6e000 	C:\Windows\System32\ADVAPI32.dll
0x00007ffe9bfe0000 - 0x00007ffe9c083000 	C:\Windows\System32\msvcrt.dll
0x00007ffe9a510000 - 0x00007ffe9a5ae000 	C:\Windows\System32\sechost.dll
0x00007ffe9b540000 - 0x00007ffe9b660000 	C:\Windows\System32\RPCRT4.dll
0x00007ffe9a5b0000 - 0x00007ffe9a75c000 	C:\Windows\System32\USER32.dll
0x00007ffe8b040000 - 0x00007ffe8b2e5000 	C:\Windows\WinSxS\amd64_microsoft.windows.common-controls_6595b64144ccf1df_6.0.22000.120_none_9d947278b86cc467\COMCTL32.dll
0x00007ffe99b20000 - 0x00007ffe99b46000 	C:\Windows\System32\win32u.dll
0x00007ffe9b780000 - 0x00007ffe9b7a9000 	C:\Windows\System32\GDI32.dll
0x00007ffe99a00000 - 0x00007ffe99b12000 	C:\Windows\System32\gdi32full.dll
0x00007ffe99870000 - 0x00007ffe9990d000 	C:\Windows\System32\msvcp_win.dll
0x00007ffe92d20000 - 0x00007ffe92d2a000 	C:\Windows\SYSTEM32\VERSION.dll
0x00007ffe9b890000 - 0x00007ffe9b8c1000 	C:\Windows\System32\IMM32.DLL
0x00007ffe77680000 - 0x00007ffe7768c000 	C:\Program Files\Java\jdk-17.0.2\bin\vcruntime140_1.dll
0x00007ffe15110000 - 0x00007ffe1519d000 	C:\Program Files\Java\jdk-17.0.2\bin\msvcp140.dll
0x00007ffe06a20000 - 0x00007ffe075e1000 	C:\Program Files\Java\jdk-17.0.2\bin\server\jvm.dll
0x00007ffe9ba70000 - 0x00007ffe9ba78000 	C:\Windows\System32\PSAPI.DLL
0x00007ffe96650000 - 0x00007ffe96659000 	C:\Windows\SYSTEM32\WSOCK32.dll
0x00007ffe92d50000 - 0x00007ffe92d83000 	C:\Windows\SYSTEM32\WINMM.dll
0x00007ffe9a230000 - 0x00007ffe9a29f000 	C:\Windows\System32\WS2_32.dll
0x00007ffe98a60000 - 0x00007ffe98a78000 	C:\Windows\SYSTEM32\kernel.appcore.dll
0x00007ffe77670000 - 0x00007ffe7767a000 	C:\Program Files\Java\jdk-17.0.2\bin\jimage.dll
0x00007ffe96e60000 - 0x00007ffe97081000 	C:\Windows\SYSTEM32\DBGHELP.DLL
0x00007ffe822a0000 - 0x00007ffe822d1000 	C:\Windows\SYSTEM32\dbgcore.DLL
0x00007ffe99910000 - 0x00007ffe9998f000 	C:\Windows\System32\bcryptPrimitives.dll
0x00007ffe6fac0000 - 0x00007ffe6fae5000 	C:\Program Files\Java\jdk-17.0.2\bin\java.dll
0x00007ffe4b880000 - 0x00007ffe4b956000 	C:\Program Files\Java\jdk-17.0.2\bin\jsvml.dll
0x00007ffe9ad90000 - 0x00007ffe9b53f000 	C:\Windows\System32\SHELL32.dll
0x00007ffe979f0000 - 0x00007ffe98258000 	C:\Windows\SYSTEM32\windows.storage.dll
0x00007ffe9a830000 - 0x00007ffe9aba8000 	C:\Windows\System32\combase.dll
0x00007ffe97880000 - 0x00007ffe979e6000 	C:\Windows\SYSTEM32\wintypes.dll
0x00007ffe9bef0000 - 0x00007ffe9bfda000 	C:\Windows\System32\SHCORE.dll
0x00007ffe9a760000 - 0x00007ffe9a7bd000 	C:\Windows\System32\shlwapi.dll
0x00007ffe997a0000 - 0x00007ffe997c1000 	C:\Windows\SYSTEM32\profapi.dll
0x00007ffe6ef70000 - 0x00007ffe6ef89000 	C:\Program Files\Java\jdk-17.0.2\bin\net.dll
0x00007ffe93fb0000 - 0x00007ffe940bc000 	C:\Windows\SYSTEM32\WINHTTP.dll
0x00007ffe98e90000 - 0x00007ffe98ef7000 	C:\Windows\system32\mswsock.dll
0x00007ffe6ede0000 - 0x00007ffe6edf6000 	C:\Program Files\Java\jdk-17.0.2\bin\nio.dll
0x00007ffe658c0000 - 0x00007ffe658d8000 	C:\Program Files\Java\jdk-17.0.2\bin\zip.dll
0x0000023372af0000 - 0x0000023372af3000 	C:\Program Files\Java\javafx-sdk-18.0.1\bin\api-ms-win-core-console-l1-1-0.dll
0x0000023372b00000 - 0x0000023372b03000 	C:\Program Files\Java\javafx-sdk-18.0.1\bin\api-ms-win-core-console-l1-2-0.dll
0x0000023372b10000 - 0x0000023372b13000 	C:\Program Files\Java\javafx-sdk-18.0.1\bin\api-ms-win-core-datetime-l1-1-0.dll
0x0000023372b20000 - 0x0000023372b23000 	C:\Program Files\Java\javafx-sdk-18.0.1\bin\api-ms-win-core-debug-l1-1-0.dll
0x0000023372b30000 - 0x0000023372b33000 	C:\Program Files\Java\javafx-sdk-18.0.1\bin\api-ms-win-core-errorhandling-l1-1-0.dll
0x0000023372b40000 - 0x0000023372b44000 	C:\Program Files\Java\javafx-sdk-18.0.1\bin\api-ms-win-core-file-l1-1-0.dll
0x0000023372b50000 - 0x0000023372b53000 	C:\Program Files\Java\javafx-sdk-18.0.1\bin\api-ms-win-core-file-l1-2-0.dll
0x0000023372b60000 - 0x0000023372b63000 	C:\Program Files\Java\javafx-sdk-18.0.1\bin\api-ms-win-core-file-l2-1-0.dll
0x0000023372b70000 - 0x0000023372b73000 	C:\Program Files\Java\javafx-sdk-18.0.1\bin\api-ms-win-core-handle-l1-1-0.dll
0x0000023372b80000 - 0x0000023372b83000 	C:\Program Files\Java\javafx-sdk-18.0.1\bin\api-ms-win-core-heap-l1-1-0.dll
0x0000023372b90000 - 0x0000023372b93000 	C:\Program Files\Java\javafx-sdk-18.0.1\bin\api-ms-win-core-interlocked-l1-1-0.dll
0x0000023372ba0000 - 0x0000023372ba3000 	C:\Program Files\Java\javafx-sdk-18.0.1\bin\api-ms-win-core-libraryloader-l1-1-0.dll
0x0000023372bb0000 - 0x0000023372bb3000 	C:\Program Files\Java\javafx-sdk-18.0.1\bin\api-ms-win-core-localization-l1-2-0.dll
0x0000023372bc0000 - 0x0000023372bc3000 	C:\Program Files\Java\javafx-sdk-18.0.1\bin\api-ms-win-core-memory-l1-1-0.dll
0x0000023372bd0000 - 0x0000023372bd3000 	C:\Program Files\Java\javafx-sdk-18.0.1\bin\api-ms-win-core-namedpipe-l1-1-0.dll
0x0000023372be0000 - 0x0000023372be3000 	C:\Program Files\Java\javafx-sdk-18.0.1\bin\api-ms-win-core-processenvironment-l1-1-0.dll
0x0000023372bf0000 - 0x0000023372bf3000 	C:\Program Files\Java\javafx-sdk-18.0.1\bin\api-ms-win-core-processthreads-l1-1-0.dll
0x0000023375100000 - 0x0000023375103000 	C:\Program Files\Java\javafx-sdk-18.0.1\bin\api-ms-win-core-processthreads-l1-1-1.dll
0x0000023375110000 - 0x0000023375113000 	C:\Program Files\Java\javafx-sdk-18.0.1\bin\api-ms-win-core-profile-l1-1-0.dll
0x0000023375120000 - 0x0000023375123000 	C:\Program Files\Java\javafx-sdk-18.0.1\bin\api-ms-win-core-rtlsupport-l1-1-0.dll
0x0000023375130000 - 0x0000023375133000 	C:\Program Files\Java\javafx-sdk-18.0.1\bin\api-ms-win-core-string-l1-1-0.dll
0x0000023375140000 - 0x0000023375143000 	C:\Program Files\Java\javafx-sdk-18.0.1\bin\api-ms-win-core-synch-l1-1-0.dll
0x0000023375150000 - 0x0000023375153000 	C:\Program Files\Java\javafx-sdk-18.0.1\bin\api-ms-win-core-synch-l1-2-0.dll
0x0000023375160000 - 0x0000023375163000 	C:\Program Files\Java\javafx-sdk-18.0.1\bin\api-ms-win-core-sysinfo-l1-1-0.dll
0x0000023375170000 - 0x0000023375173000 	C:\Program Files\Java\javafx-sdk-18.0.1\bin\api-ms-win-core-timezone-l1-1-0.dll
0x0000023375180000 - 0x0000023375183000 	C:\Program Files\Java\javafx-sdk-18.0.1\bin\api-ms-win-core-util-l1-1-0.dll
0x0000023375190000 - 0x0000023375193000 	C:\Program Files\Java\javafx-sdk-18.0.1\bin\api-ms-win-crt-conio-l1-1-0.dll
0x00000233751a0000 - 0x00000233751a4000 	C:\Program Files\Java\javafx-sdk-18.0.1\bin\api-ms-win-crt-convert-l1-1-0.dll
0x00000233751b0000 - 0x00000233751b3000 	C:\Program Files\Java\javafx-sdk-18.0.1\bin\api-ms-win-crt-environment-l1-1-0.dll
0x00000233751c0000 - 0x00000233751c3000 	C:\Program Files\Java\javafx-sdk-18.0.1\bin\api-ms-win-crt-filesystem-l1-1-0.dll
0x00000233751d0000 - 0x00000233751d3000 	C:\Program Files\Java\javafx-sdk-18.0.1\bin\api-ms-win-crt-heap-l1-1-0.dll
0x00000233751e0000 - 0x00000233751e3000 	C:\Program Files\Java\javafx-sdk-18.0.1\bin\api-ms-win-crt-locale-l1-1-0.dll
0x00000233751f0000 - 0x00000233751f5000 	C:\Program Files\Java\javafx-sdk-18.0.1\bin\api-ms-win-crt-math-l1-1-0.dll
0x0000023375200000 - 0x0000023375205000 	C:\Program Files\Java\javafx-sdk-18.0.1\bin\api-ms-win-crt-multibyte-l1-1-0.dll
0x0000023375210000 - 0x0000023375220000 	C:\Program Files\Java\javafx-sdk-18.0.1\bin\api-ms-win-crt-private-l1-1-0.dll
0x0000023375220000 - 0x0000023375223000 	C:\Program Files\Java\javafx-sdk-18.0.1\bin\api-ms-win-crt-process-l1-1-0.dll
0x0000023375230000 - 0x0000023375234000 	C:\Program Files\Java\javafx-sdk-18.0.1\bin\api-ms-win-crt-runtime-l1-1-0.dll
0x0000023375240000 - 0x0000023375244000 	C:\Program Files\Java\javafx-sdk-18.0.1\bin\api-ms-win-crt-stdio-l1-1-0.dll
0x0000023375250000 - 0x0000023375254000 	C:\Program Files\Java\javafx-sdk-18.0.1\bin\api-ms-win-crt-string-l1-1-0.dll
0x0000023375260000 - 0x0000023375263000 	C:\Program Files\Java\javafx-sdk-18.0.1\bin\api-ms-win-crt-time-l1-1-0.dll
0x0000023375270000 - 0x0000023375273000 	C:\Program Files\Java\javafx-sdk-18.0.1\bin\api-ms-win-crt-utility-l1-1-0.dll
0x00007ffe95610000 - 0x00007ffe9570c000 	C:\Program Files\Java\javafx-sdk-18.0.1\bin\ucrtbase.dll
0x00007ffe94bf0000 - 0x00007ffe94c0a000 	C:\Program Files\Java\javafx-sdk-18.0.1\bin\vcruntime140.dll
0x00007ffe96900000 - 0x00007ffe9690c000 	C:\Program Files\Java\javafx-sdk-18.0.1\bin\vcruntime140_1.dll
0x00007ffe82de0000 - 0x00007ffe82e6d000 	C:\Program Files\Java\javafx-sdk-18.0.1\bin\msvcp140.dll
0x00007ffe82db0000 - 0x00007ffe82ddc000 	C:\Program Files\Java\javafx-sdk-18.0.1\bin\prism_d3d.dll
0x00007ffe8e9e0000 - 0x00007ffe8eb86000 	C:\Windows\system32\d3d9.dll
0x00007ffe97340000 - 0x00007ffe9736f000 	C:\Windows\SYSTEM32\dwmapi.dll
0x00007ffe970e0000 - 0x00007ffe97118000 	C:\Windows\SYSTEM32\dxcore.dll
0x00007ffe96ac0000 - 0x00007ffe96b6c000 	C:\Windows\system32\uxtheme.dll
0x00007ffe8f850000 - 0x00007ffe8f957000 	C:\Windows\System32\DriverStore\FileRepository\nvltig.inf_amd64_ce837e92efe9cbc4\nvldumdx.dll
0x00007ffe99130000 - 0x00007ffe99142000 	C:\Windows\SYSTEM32\msasn1.dll
0x00007ffe910a0000 - 0x00007ffe910d1000 	C:\Windows\SYSTEM32\cryptnet.dll
0x00007ffe99b50000 - 0x00007ffe99cb2000 	C:\Windows\System32\CRYPT32.dll
0x00007ffe8f470000 - 0x00007ffe8f5b9000 	C:\Windows\SYSTEM32\drvstore.dll
0x00007ffe99590000 - 0x00007ffe995bc000 	C:\Windows\SYSTEM32\devobj.dll
0x00007ffe99540000 - 0x00007ffe9958c000 	C:\Windows\SYSTEM32\cfgmgr32.dll
0x00007ffe991a0000 - 0x00007ffe991dd000 	C:\Windows\SYSTEM32\wldp.dll
0x00007ffe990d0000 - 0x00007ffe990dc000 	C:\Windows\SYSTEM32\cryptbase.dll
0x00007ffe99990000 - 0x00007ffe999f7000 	C:\Windows\System32\WINTRUST.DLL
0x00007ffe9b870000 - 0x00007ffe9b88f000 	C:\Windows\System32\imagehlp.dll
0x00007ffe990e0000 - 0x00007ffe990f8000 	C:\Windows\SYSTEM32\CRYPTSP.dll
0x00007ffe989c0000 - 0x00007ffe989f5000 	C:\Windows\system32\rsaenh.dll
0x00007ffe99250000 - 0x00007ffe99277000 	C:\Windows\SYSTEM32\bcrypt.dll
0x00007ffe1daa0000 - 0x00007ffe1f228000 	C:\Windows\System32\DriverStore\FileRepository\nvltig.inf_amd64_ce837e92efe9cbc4\nvd3dumx.dll
0x00007ffe93380000 - 0x00007ffe933c4000 	C:\Windows\SYSTEM32\directxdatabasehelper.dll
0x00007ffe97160000 - 0x00007ffe97194000 	C:\Windows\SYSTEM32\ntmarta.dll
0x00007ffe73670000 - 0x00007ffe736b2000 	C:\Program Files\Java\javafx-sdk-18.0.1\bin\glass.dll
0x00007ffe9c090000 - 0x00007ffe9c17c000 	C:\Windows\System32\COMDLG32.dll
0x00007ffe9a350000 - 0x00007ffe9a4ea000 	C:\Windows\System32\ole32.dll
0x00007ffe9b8e0000 - 0x00007ffe9b9b6000 	C:\Windows\System32\OLEAUT32.dll
0x00007ffe9abb0000 - 0x00007ffe9acce000 	C:\Windows\System32\MSCTF.dll
0x00007ffe2aad0000 - 0x00007ffe2ad93000 	C:\Windows\system32\nvspcap64.dll
0x00007ffe98f20000 - 0x00007ffe98f44000 	C:\Windows\SYSTEM32\gpapi.dll
0x00007ffe82d90000 - 0x00007ffe82da4000 	C:\Program Files\Java\javafx-sdk-18.0.1\bin\javafx_font.dll
0x00007ffe732c0000 - 0x00007ffe7351f000 	C:\Windows\SYSTEM32\dwrite.dll
0x00007ffe9a2a0000 - 0x00007ffe9a34f000 	C:\Windows\System32\clbcatq.dll
0x00007ffe91120000 - 0x00007ffe912ce000 	C:\Windows\SYSTEM32\WindowsCodecs.dll
0x00007ffe71060000 - 0x00007ffe710bd000 	C:\Windows\system32\dataexchange.dll
0x00007ffe90580000 - 0x00007ffe907e6000 	C:\Windows\system32\twinapi.appcore.dll
0x00007ffe6efa0000 - 0x00007ffe6efd2000 	C:\Program Files\Common Files\Microsoft Shared\Ink\rtscom.dll
0x00007ffe7dd60000 - 0x00007ffe7de8d000 	C:\Windows\SYSTEM32\textinputframework.dll
0x00007ffe96510000 - 0x00007ffe96642000 	C:\Windows\SYSTEM32\CoreMessaging.dll

dbghelp: loaded successfully - version: 4.0.5 - missing functions: none
symbol engine: initialized successfully - sym options: 0x614 - pdb path: .;C:\Program Files\Java\jdk-17.0.2\bin;C:\Windows\SYSTEM32;C:\Windows\WinSxS\amd64_microsoft.windows.common-controls_6595b64144ccf1df_6.0.22000.120_none_9d947278b86cc467;C:\Program Files\Java\jdk-17.0.2\bin\server;C:\Program Files\Java\javafx-sdk-18.0.1\bin;C:\Windows\System32\DriverStore\FileRepository\nvltig.inf_amd64_ce837e92efe9cbc4;C:\Program Files\Common Files\Microsoft Shared\Ink

VM Arguments:
jvm_args: -Dfile.encoding=UTF-8 --add-modules=javafx.controls,javafx.fxml --module-path=C:\Users\juanc\OneDrive\Documentos\Universidad 3\POO\SEATORA\build\classes;C:\Program Files\Java\javafx-sdk-18.0.1\lib\javafx-swt.jar;C:\Program Files\Java\javafx-sdk-18.0.1\lib\javafx.base.jar;C:\Program Files\Java\javafx-sdk-18.0.1\lib\javafx.controls.jar;C:\Program Files\Java\javafx-sdk-18.0.1\lib\javafx.fxml.jar;C:\Program Files\Java\javafx-sdk-18.0.1\lib\javafx.graphics.jar;C:\Program Files\Java\javafx-sdk-18.0.1\lib\javafx.media.jar;C:\Program Files\Java\javafx-sdk-18.0.1\lib\javafx.swing.jar;C:\Program Files\Java\javafx-sdk-18.0.1\lib\javafx.web.jar 
java_command: start.Seatora
java_class_path (initial): C:\Program Files\Java\javafx-sdk-18.0.1\lib\javafx-swt.jar;C:\Program Files\Java\javafx-sdk-18.0.1\lib\javafx.base.jar;C:\Program Files\Java\javafx-sdk-18.0.1\lib\javafx.controls.jar;C:\Program Files\Java\javafx-sdk-18.0.1\lib\javafx.fxml.jar;C:\Program Files\Java\javafx-sdk-18.0.1\lib\javafx.graphics.jar;C:\Program Files\Java\javafx-sdk-18.0.1\lib\javafx.media.jar;C:\Program Files\Java\javafx-sdk-18.0.1\lib\javafx.swing.jar;C:\Program Files\Java\javafx-sdk-18.0.1\lib\javafx.web.jar;C:\Users\juanc\OneDrive\Documentos\Universidad 3\POO\SEATORA\build\classes
Launcher Type: SUN_STANDARD

[Global flags]
     intx CICompilerCount                          = 12                                        {product} {ergonomic}
     uint ConcGCThreads                            = 3                                         {product} {ergonomic}
     uint G1ConcRefinementThreads                  = 13                                        {product} {ergonomic}
   size_t G1HeapRegionSize                         = 4194304                                   {product} {ergonomic}
    uintx GCDrainStackTargetSize                   = 64                                        {product} {ergonomic}
   size_t InitialHeapSize                          = 402653184                                 {product} {ergonomic}
   size_t MarkStackSize                            = 4194304                                   {product} {ergonomic}
   size_t MaxHeapSize                              = 6404702208                                {product} {ergonomic}
   size_t MaxNewSize                               = 3841982464                                {product} {ergonomic}
   size_t MinHeapDeltaBytes                        = 4194304                                   {product} {ergonomic}
   size_t MinHeapSize                              = 8388608                                   {product} {ergonomic}
    uintx NonNMethodCodeHeapSize                   = 7602480                                {pd product} {ergonomic}
    uintx NonProfiledCodeHeapSize                  = 122027880                              {pd product} {ergonomic}
    uintx ProfiledCodeHeapSize                     = 122027880                              {pd product} {ergonomic}
    uintx ReservedCodeCacheSize                    = 251658240                              {pd product} {ergonomic}
     bool SegmentedCodeCache                       = true                                      {product} {ergonomic}
   size_t SoftMaxHeapSize                          = 6404702208                             {manageable} {ergonomic}
     bool UseCompressedClassPointers               = true                           {product lp64_product} {ergonomic}
     bool UseCompressedOops                        = true                           {product lp64_product} {ergonomic}
     bool UseG1GC                                  = true                                      {product} {ergonomic}
     bool UseLargePagesIndividualAllocation        = false                                  {pd product} {ergonomic}

Logging:
Log output configuration:
 #0: stdout all=off uptime,level,tags
 #1: stderr all=off uptime,level,tags

Environment Variables:
PATH=C:\Program Files\Common Files\Oracle\Java\javapath;C:\Program Files (x86)\Common Files\Oracle\Java\javapath;C:\Windows\system32;C:\Windows;C:\Windows\System32\Wbem;C:\Windows\System32\WindowsPowerShell\v1.0\;C:\Windows\System32\OpenSSH\;C:\Program Files (x86)\NVIDIA Corporation\PhysX\Common;C:\Program Files\NVIDIA Corporation\NVIDIA NvDLISR;C:\Users\juanc\AppData\Local\Microsoft\WindowsApps;;C:\Users\juanc\AppData\Local\Programs\Microsoft VS Code\bin
USERNAME=juanc
OS=Windows_NT
PROCESSOR_IDENTIFIER=AMD64 Family 25 Model 80 Stepping 0, AuthenticAMD



---------------  S Y S T E M  ---------------

OS:
 Windows 11 , 64 bit Build 22000 (10.0.22000.675)
OS uptime: 0 days 1:25 hours

CPU: total 16 (initial active 16) (16 cores per cpu, 2 threads per core) family 25 model 80 stepping 0 microcode 0x0, cx8, cmov, fxsr, ht, mmx, 3dnowpref, sse, sse2, sse3, ssse3, sse4a, sse4.1, sse4.2, popcnt, lzcnt, tsc, tscinvbit, avx, avx2, aes, erms, clmul, bmi1, bmi2, adx, sha, fma, vzeroupper, clflush, clflushopt

Memory: 4k page, system-wide physical 24428M (16758M free)
TotalPageFile size 28012M (AvailPageFile size 17096M)
current process WorkingSet (physical memory assigned to process): 213M, peak: 270M
current process commit charge ("private bytes"): 655M, peak: 716M

vm_info: Java HotSpot(TM) 64-Bit Server VM (17.0.2+8-LTS-86) for windows-amd64 JRE (17.0.2+8-LTS-86), built on Dec  7 2021 21:51:03 by "mach5one" with MS VC++ 16.8 / 16.9 (VS2019)

END.
