#
# A fatal error has been detected by the Java Runtime Environment:
#
#  EXCEPTION_ACCESS_VIOLATION (0xc0000005) at pc=0x00007ffed98762d7, pid=16736, tid=12612
#
# JRE version: Java(TM) SE Runtime Environment (17.0.2+8) (build 17.0.2+8-LTS-86)
# Java VM: Java HotSpot(TM) 64-Bit Server VM (17.0.2+8-LTS-86, mixed mode, sharing, tiered, compressed oops, compressed class ptrs, g1 gc, windows-amd64)
# Problematic frame:
# C  [glass.dll+0x262d7]
#
# No core dump will be written. Minidumps are not enabled by default on client versions of Windows
#
# If you would like to submit a bug report, please visit:
#   https://bugreport.java.com/bugreport/crash.jsp
#

---------------  S U M M A R Y ------------

Command Line: -Dfile.encoding=UTF-8 --add-modules=javafx.controls,javafx.fxml --module-path=C:\Users\juanc\OneDrive\Documentos\Universidad 3\POO\SEATORA\build\classes;C:\Program Files\Java\javafx-sdk-18.0.1\lib\javafx-swt.jar;C:\Program Files\Java\javafx-sdk-18.0.1\lib\javafx.base.jar;C:\Program Files\Java\javafx-sdk-18.0.1\lib\javafx.controls.jar;C:\Program Files\Java\javafx-sdk-18.0.1\lib\javafx.fxml.jar;C:\Program Files\Java\javafx-sdk-18.0.1\lib\javafx.graphics.jar;C:\Program Files\Java\javafx-sdk-18.0.1\lib\javafx.media.jar;C:\Program Files\Java\javafx-sdk-18.0.1\lib\javafx.swing.jar;C:\Program Files\Java\javafx-sdk-18.0.1\lib\javafx.web.jar start.Seatora

Host: AMD Ryzen 7 5800H with Radeon Graphics         , 16 cores, 23G,  Windows 11 , 64 bit Build 22000 (10.0.22000.675)
Time: Wed May 25 09:42:57 2022 Hora est. Pacífico, Sudamérica elapsed time: 17.048289 seconds (0d 0h 0m 17s)

---------------  T H R E A D  ---------------

Current thread (0x00000266f81cd660):  VMThread "VM Thread" [stack: 0x000000b870000000,0x000000b870100000] [id=12612]

Stack: [0x000000b870000000,0x000000b870100000],  sp=0x000000b8700ff380,  free space=1020k
Native frames: (J=compiled Java code, j=interpreted, Vv=VM code, C=native code)
C  [glass.dll+0x262d7]


siginfo: EXCEPTION_ACCESS_VIOLATION (0xc0000005), reading address 0x0000000000000000


Register to memory mapping:

RIP=0x00007ffed98762d7 glass.dll
RAX=0x0 is NULL
RBX=0x00000266f81e2e80 is a global jni handle
RCX=0x00000266f81cd660 points into unknown readable memory: 0x00007ffec878e890 | 90 e8 78 c8 fe 7f 00 00
RDX=0x000000b8700ff380 points into unknown readable memory: 0x0000000000000000 | 00 00 00 00 00 00 00 00
RSP=0x000000b8700ff380 points into unknown readable memory: 0x0000000000000000 | 00 00 00 00 00 00 00 00
RBP=0x00000266f9ad11b8 points into unknown readable memory: 0x0000217208c41e67 | 67 1e c4 08 72 21 00 00
RSI=0x00000266f9ad1190 points into unknown readable memory: 0xc39b4f7208fbe10b | 0b e1 fb 08 72 4f 9b c3
RDI=0x0000217208c41e67 is an unknown value
R8 =0x0000000000010002 is an unknown value
R9 =0x0000217208c41e67 is an unknown value
R10=0x85f13e9656da4870 is an unknown value
R11=0x000000b8700ff310 points into unknown readable memory: 0x00000266f9ad1190 | 90 11 ad f9 66 02 00 00
R12=0x00007ffed9873bc4 glass.dll
R13=0x00007ffec89349d0 jvm.dll
R14=0x000000b8700ff488 points into unknown readable memory: 0x000000b8700ff470 | 70 f4 0f 70 b8 00 00 00
R15=0x00000266f9ad1190 points into unknown readable memory: 0xc39b4f7208fbe10b | 0b e1 fb 08 72 4f 9b c3


Registers:
RAX=0x0000000000000000, RBX=0x00000266f81e2e80, RCX=0x00000266f81cd660, RDX=0x000000b8700ff380
RSP=0x000000b8700ff380, RBP=0x00000266f9ad11b8, RSI=0x00000266f9ad1190, RDI=0x0000217208c41e67
R8 =0x0000000000010002, R9 =0x0000217208c41e67, R10=0x85f13e9656da4870, R11=0x000000b8700ff310
R12=0x00007ffed9873bc4, R13=0x00007ffec89349d0, R14=0x000000b8700ff488, R15=0x00000266f9ad1190
RIP=0x00007ffed98762d7, EFLAGS=0x0000000000010206

Top of Stack: (sp=0x000000b8700ff380)
0x000000b8700ff380:   0000000000000000 00000266f9ad1190
0x000000b8700ff390:   00007ffec89349d0 00007ffed9873bc4
0x000000b8700ff3a0:   00000266f9ad1198 00007fff5d93bea0
0x000000b8700ff3b0:   0000217208c41e67 0000026600000000
0x000000b8700ff3c0:   00000266f9ad11b8 00000266f9ad1190
0x000000b8700ff3d0:   fffffffffffffffe 0000000000000000
0x000000b8700ff3e0:   0000000000000001 00007ffed9850000
0x000000b8700ff3f0:   000000b8700ff478 00007fff5d93bdb7
0x000000b8700ff400:   0000000000000000 000000b8700ff488
0x000000b8700ff410:   000000b8700ff760 00007fff5da212b0
0x000000b8700ff420:   0000000000000001 00007fff5d93bd6d
0x000000b8700ff430:   0000000000000000 0000000000000001
0x000000b8700ff440:   0000000000000000 000000b8700ff478
0x000000b8700ff450:   fffffffffffffffe 000000b800000000
0x000000b8700ff460:   ffffffff00000001 00007ffed9873a51
0x000000b8700ff470:   00007ffed9889f88 00007ffe00000002 

Instructions: (pc=0x00007ffed98762d7)
0x00007ffed98761d7:   8b 4d 58 e8 2d cf ff ff 48 8b 4d 60 e8 24 cf ff
0x00007ffed98761e7:   ff 48 8b 95 80 00 00 00 48 8b 8d 18 01 00 00 e8
0x00007ffed98761f7:   16 c4 ff ff 33 d2 33 c9 e8 5c e1 ff ff 90 48 89
0x00007ffed9876207:   54 24 10 55 48 83 ec 20 48 8b ea 48 b8 00 00 00
0x00007ffed9876217:   00 00 00 00 00 48 83 c4 20 5d c3 cc 40 55 48 8b
0x00007ffed9876227:   ea 48 8b 01 33 c9 81 38 05 00 00 c0 0f 94 c1 8b
0x00007ffed9876237:   c1 5d c3 cc 40 55 48 83 ec 20 48 8b ea 8a 4d 40
0x00007ffed9876247:   48 83 c4 20 5d e9 17 d3 ff ff cc 40 55 48 83 ec
0x00007ffed9876257:   20 48 8b ea 8a 4d 20 e8 05 d3 ff ff 90 48 83 c4
0x00007ffed9876267:   20 5d c3 cc 40 55 48 83 ec 20 48 8b ea 48 83 c4
0x00007ffed9876277:   20 5d e9 66 d1 ff ff cc 40 55 48 83 ec 30 48 8b
0x00007ffed9876287:   ea 48 8b 01 8b 10 48 89 4c 24 28 89 54 24 20 4c
0x00007ffed9876297:   8d 0d 07 d6 ff ff 4c 8b 45 70 8b 55 68 48 8b 4d
0x00007ffed98762a7:   60 e8 a7 d0 ff ff 90 48 83 c4 30 5d c3 cc cc cc
0x00007ffed98762b7:   cc cc cc cc cc cc cc cc cc 40 53 48 83 ec 20 48
0x00007ffed98762c7:   8b 1d bb 36 01 00 48 85 db 74 16 e8 59 8b ff ff
0x00007ffed98762d7:   4c 8b 00 48 8b d3 48 8b c8 41 ff 90 b0 00 00 00
0x00007ffed98762e7:   90 48 83 c4 20 5b c3 cc cc 40 53 48 83 ec 20 48
0x00007ffed98762f7:   8b 1d 2b 38 01 00 48 85 db 74 57 b8 ff ff ff ff
0x00007ffed9876307:   f0 0f c1 43 10 83 f8 01 75 3d 48 85 db 74 38 48
0x00007ffed9876317:   8b 0b 48 85 c9 74 0d ff 15 84 0f 00 00 48 c7 03
0x00007ffed9876327:   00 00 00 00 48 8b 4b 08 48 85 c9 74 0d e8 d3 cd
0x00007ffed9876337:   ff ff 48 c7 43 08 00 00 00 00 ba 18 00 00 00 48
0x00007ffed9876347:   8b cb e8 be cd ff ff 48 c7 05 cf 37 01 00 00 00
0x00007ffed9876357:   00 00 48 83 c4 20 5b c3 cc 40 53 48 83 ec 20 48
0x00007ffed9876367:   8b 1d 9b 37 01 00 48 85 db 74 57 b8 ff ff ff ff
0x00007ffed9876377:   f0 0f c1 43 10 83 f8 01 75 3d 48 85 db 74 38 48
0x00007ffed9876387:   8b 0b 48 85 c9 74 0d ff 15 14 0f 00 00 48 c7 03
0x00007ffed9876397:   00 00 00 00 48 8b 4b 08 48 85 c9 74 0d e8 63 cd
0x00007ffed98763a7:   ff ff 48 c7 43 08 00 00 00 00 ba 18 00 00 00 48
0x00007ffed98763b7:   8b cb e8 4e cd ff ff 48 c7 05 3f 37 01 00 00 00
0x00007ffed98763c7:   00 00 48 83 c4 20 5b c3 cc 40 53 48 83 ec 20 48 


Stack slot to memory mapping:
stack at sp + 0 slots: 0x0 is NULL
stack at sp + 1 slots: 0x00000266f9ad1190 points into unknown readable memory: 0xc39b4f7208fbe10b | 0b e1 fb 08 72 4f 9b c3
stack at sp + 2 slots: 0x00007ffec89349d0 jvm.dll
stack at sp + 3 slots: 0x00007ffed9873bc4 glass.dll
stack at sp + 4 slots: 0x00000266f9ad1198 points into unknown readable memory: 0x0000217208c41e67 | 67 1e c4 08 72 21 00 00
stack at sp + 5 slots: 0x00007fff5d93bea0 ucrtbase.dll
stack at sp + 6 slots: 0x0000217208c41e67 is an unknown value
stack at sp + 7 slots: 0x0000026600000000 is an unknown value

VM_Operation (0x000000b8719f61e0): Exit, mode: safepoint, requested by thread 0x00000266f9d79140


---------------  P R O C E S S  ---------------

Threads class SMR info:
_java_thread_list=0x000002668364e0c0, length=20, elements={
0x00000266cfeaf3c0, 0x00000266f81d3200, 0x00000266f81d5e80, 0x00000266f81e6a40,
0x00000266f81e73f0, 0x00000266f81e9db0, 0x00000266f81ec380, 0x00000266f81f9900,
0x00000266f8202fd0, 0x00000266f820e4f0, 0x00000266f8ce3600, 0x00000266f8f1e260,
0x00000266f9be8ee0, 0x00000266f9d80f70, 0x00000266f9d79140, 0x00000266fa17b8d0,
0x00000266f9f376c0, 0x00000266838c1b30, 0x000002668335ed80, 0x00000266fa0a1d60
}

Java Threads: ( => current thread )
  0x00000266cfeaf3c0 JavaThread "main" [_thread_blocked, id=16752, stack(0x000000b86fa00000,0x000000b86fb00000)]
  0x00000266f81d3200 JavaThread "Reference Handler" daemon [_thread_blocked, id=11936, stack(0x000000b870100000,0x000000b870200000)]
  0x00000266f81d5e80 JavaThread "Finalizer" daemon [_thread_blocked, id=19284, stack(0x000000b870200000,0x000000b870300000)]
  0x00000266f81e6a40 JavaThread "Signal Dispatcher" daemon [_thread_blocked, id=16940, stack(0x000000b870300000,0x000000b870400000)]
  0x00000266f81e73f0 JavaThread "Attach Listener" daemon [_thread_blocked, id=3216, stack(0x000000b870400000,0x000000b870500000)]
  0x00000266f81e9db0 JavaThread "Service Thread" daemon [_thread_blocked, id=19408, stack(0x000000b870500000,0x000000b870600000)]
  0x00000266f81ec380 JavaThread "Monitor Deflation Thread" daemon [_thread_blocked, id=688, stack(0x000000b870600000,0x000000b870700000)]
  0x00000266f81f9900 JavaThread "C2 CompilerThread0" daemon [_thread_blocked, id=4324, stack(0x000000b870700000,0x000000b870800000)]
  0x00000266f8202fd0 JavaThread "C1 CompilerThread0" daemon [_thread_blocked, id=10060, stack(0x000000b870800000,0x000000b870900000)]
  0x00000266f820e4f0 JavaThread "Sweeper thread" daemon [_thread_blocked, id=15792, stack(0x000000b870900000,0x000000b870a00000)]
  0x00000266f8ce3600 JavaThread "Common-Cleaner" daemon [_thread_blocked, id=4200, stack(0x000000b870b00000,0x000000b870c00000)]
  0x00000266f8f1e260 JavaThread "Notification Thread" daemon [_thread_blocked, id=8240, stack(0x000000b871400000,0x000000b871500000)]
  0x00000266f9be8ee0 JavaThread "QuantumRenderer-0" daemon [_thread_blocked, id=9300, stack(0x000000b871600000,0x000000b871700000)]
  0x00000266f9d80f70 JavaThread "InvokeLaterDispatcher" daemon [_thread_blocked, id=13448, stack(0x000000b871800000,0x000000b871900000)]
  0x00000266f9d79140 JavaThread "JavaFX Application Thread" [_thread_blocked, id=16796, stack(0x000000b871900000,0x000000b871a00000)]
  0x00000266fa17b8d0 JavaThread "JavaFX-Launcher" [_thread_blocked, id=18808, stack(0x000000b871b00000,0x000000b871c00000)]
  0x00000266f9f376c0 JavaThread "Thread-2" daemon [_thread_in_native, id=10456, stack(0x000000b871300000,0x000000b871400000)]
  0x00000266838c1b30 JavaThread "Prism Font Disposer" daemon [_thread_blocked, id=18964, stack(0x000000b872300000,0x000000b872400000)]
  0x000002668335ed80 JavaThread "Cleaner-0" daemon [_thread_blocked, id=7408, stack(0x000000b8727d0000,0x000000b8728d0000)]
  0x00000266fa0a1d60 JavaThread "C1 CompilerThread1" daemon [_thread_blocked, id=20288, stack(0x000000b870c00000,0x000000b870d00000)]

Other Threads:
=>0x00000266f81cd660 VMThread "VM Thread" [stack: 0x000000b870000000,0x000000b870100000] [id=12612]
  0x00000266cff108c0 GCTaskThread "GC Thread#0" [stack: 0x000000b86fb00000,0x000000b86fc00000] [id=13480]
  0x00000266fa1834d0 GCTaskThread "GC Thread#1" [stack: 0x000000b871200000,0x000000b871300000] [id=672]
  0x00000266f9f37fa0 GCTaskThread "GC Thread#2" [stack: 0x000000b871c00000,0x000000b871d00000] [id=5312]
  0x00000266f9f38250 GCTaskThread "GC Thread#3" [stack: 0x000000b871d00000,0x000000b871e00000] [id=20128]
  0x00000266f9f38910 GCTaskThread "GC Thread#4" [stack: 0x000000b871e00000,0x000000b871f00000] [id=1748]
  0x00000266f9f394a0 GCTaskThread "GC Thread#5" [stack: 0x000000b871f00000,0x000000b872000000] [id=10160]
  0x00000266f9f39f70 GCTaskThread "GC Thread#6" [stack: 0x000000b872000000,0x000000b872100000] [id=20136]
  0x00000266f9fc0ad0 GCTaskThread "GC Thread#7" [stack: 0x000000b872100000,0x000000b872200000] [id=16816]
  0x00000266f9fc1190 GCTaskThread "GC Thread#8" [stack: 0x000000b872200000,0x000000b872300000] [id=11416]
  0x00000266f9f9f830 GCTaskThread "GC Thread#9" [stack: 0x000000b871000000,0x000000b871100000] [id=13400]
  0x00000266cff1d5d0 ConcurrentGCThread "G1 Main Marker" terminated
  0x00000266cff1e680 ConcurrentGCThread "G1 Conc#0" [stack: 0x000000b86fd00000,0x000000b86fe00000] [id=16392]
  0x00000266cff85f30 ConcurrentGCThread "G1 Refine#0" terminated
  0x00000266cff86850 ConcurrentGCThread "G1 Service" terminated

Threads with active compile tasks:

VM state: at safepoint (shutting down)

VM Mutex/Monitor currently owned by a thread:  ([mutex/lock_event])
[0x00000266cfeaa920] Threads_lock - owner thread: 0x00000266f81cd660
[0x00000266cfeaa9b0] Heap_lock - owner thread: 0x00000266f9d79140

Heap address: 0x0000000682400000, size: 6108 MB, Compressed Oops mode: Zero based, Oop shift amount: 3

CDS archive(s) mapped at: [0x0000000800000000-0x0000000800bc0000-0x0000000800bc0000), size 12320768, SharedBaseAddress: 0x0000000800000000, ArchiveRelocationMode: 0.
Compressed class space mapped at: 0x0000000800c00000-0x0000000840c00000, reserved size: 1073741824
Narrow klass base: 0x0000000800000000, Narrow klass shift: 0, Narrow klass range: 0x100000000

GC Precious Log:
 CPUs: 16 total, 16 available
 Memory: 24428M
 Large Page Support: Disabled
 NUMA Support: Disabled
 Compressed Oops: Enabled (Zero based)
 Heap Region Size: 4M
 Heap Min Capacity: 8M
 Heap Initial Capacity: 384M
 Heap Max Capacity: 6108M
 Pre-touch: Disabled
 Parallel Workers: 13
 Concurrent Workers: 3
 Concurrent Refinement Workers: 13
 Periodic GC: Disabled

Heap:
 garbage-first heap   total 393216K, used 41264K [0x0000000682400000, 0x0000000800000000)
  region size 4096K, 6 young (24576K), 2 survivors (8192K)
 Metaspace       used 15775K, committed 16000K, reserved 1064960K
  class space    used 2275K, committed 2368K, reserved 1048576K

Heap Regions: E=young(eden), S=young(survivor), O=old, HS=humongous(starts), HC=humongous(continues), CS=collection set, F=free, OA=open archive, CA=closed archive, TAMS=top-at-mark-start (previous, next)
|   0|0x0000000682400000, 0x0000000682800000, 0x0000000682800000|100%|HS|  |TAMS 0x0000000682400000, 0x0000000682400000| Complete 
|   1|0x0000000682800000, 0x0000000682c00000, 0x0000000682c00000|100%|HS|  |TAMS 0x0000000682800000, 0x0000000682800000| Complete 
|   2|0x0000000682c00000, 0x0000000682c4c000, 0x0000000683000000|  7%| O|  |TAMS 0x0000000682c00000, 0x0000000682c00000| Untracked 
|   3|0x0000000683000000, 0x0000000683400000, 0x0000000683400000|100%|HS|  |TAMS 0x0000000683000000, 0x0000000683000000| Complete 
|   4|0x0000000683400000, 0x0000000683800000, 0x0000000683800000|100%|HS|  |TAMS 0x0000000683400000, 0x0000000683400000| Complete 
|   5|0x0000000683800000, 0x0000000683c00000, 0x0000000683c00000|100%|HS|  |TAMS 0x0000000683800000, 0x0000000683800000| Complete 
|   6|0x0000000683c00000, 0x0000000683c00000, 0x0000000684000000|  0%| F|  |TAMS 0x0000000683c00000, 0x0000000683c00000| Untracked 
|   7|0x0000000684000000, 0x0000000684000000, 0x0000000684400000|  0%| F|  |TAMS 0x0000000684000000, 0x0000000684000000| Untracked 
|   8|0x0000000684400000, 0x0000000684400000, 0x0000000684800000|  0%| F|  |TAMS 0x0000000684400000, 0x0000000684400000| Untracked 
|   9|0x0000000684800000, 0x0000000684800000, 0x0000000684c00000|  0%| F|  |TAMS 0x0000000684800000, 0x0000000684800000| Untracked 
|  10|0x0000000684c00000, 0x0000000684c00000, 0x0000000685000000|  0%| F|  |TAMS 0x0000000684c00000, 0x0000000684c00000| Untracked 
|  11|0x0000000685000000, 0x0000000685000000, 0x0000000685400000|  0%| F|  |TAMS 0x0000000685000000, 0x0000000685000000| Untracked 
|  12|0x0000000685400000, 0x0000000685400000, 0x0000000685800000|  0%| F|  |TAMS 0x0000000685400000, 0x0000000685400000| Untracked 
|  13|0x0000000685800000, 0x0000000685800000, 0x0000000685c00000|  0%| F|  |TAMS 0x0000000685800000, 0x0000000685800000| Untracked 
|  14|0x0000000685c00000, 0x0000000685c00000, 0x0000000686000000|  0%| F|  |TAMS 0x0000000685c00000, 0x0000000685c00000| Untracked 
|  15|0x0000000686000000, 0x0000000686000000, 0x0000000686400000|  0%| F|  |TAMS 0x0000000686000000, 0x0000000686000000| Untracked 
|  16|0x0000000686400000, 0x0000000686400000, 0x0000000686800000|  0%| F|  |TAMS 0x0000000686400000, 0x0000000686400000| Untracked 
|  17|0x0000000686800000, 0x0000000686800000, 0x0000000686c00000|  0%| F|  |TAMS 0x0000000686800000, 0x0000000686800000| Untracked 
|  18|0x0000000686c00000, 0x0000000686c00000, 0x0000000687000000|  0%| F|  |TAMS 0x0000000686c00000, 0x0000000686c00000| Untracked 
|  19|0x0000000687000000, 0x0000000687000000, 0x0000000687400000|  0%| F|  |TAMS 0x0000000687000000, 0x0000000687000000| Untracked 
|  20|0x0000000687400000, 0x0000000687400000, 0x0000000687800000|  0%| F|  |TAMS 0x0000000687400000, 0x0000000687400000| Untracked 
|  21|0x0000000687800000, 0x0000000687800000, 0x0000000687c00000|  0%| F|  |TAMS 0x0000000687800000, 0x0000000687800000| Untracked 
|  22|0x0000000687c00000, 0x0000000687c00000, 0x0000000688000000|  0%| F|  |TAMS 0x0000000687c00000, 0x0000000687c00000| Untracked 
|  23|0x0000000688000000, 0x0000000688000000, 0x0000000688400000|  0%| F|  |TAMS 0x0000000688000000, 0x0000000688000000| Untracked 
|  24|0x0000000688400000, 0x0000000688400000, 0x0000000688800000|  0%| F|  |TAMS 0x0000000688400000, 0x0000000688400000| Untracked 
|  25|0x0000000688800000, 0x0000000688800000, 0x0000000688c00000|  0%| F|  |TAMS 0x0000000688800000, 0x0000000688800000| Untracked 
|  26|0x0000000688c00000, 0x0000000688c00000, 0x0000000689000000|  0%| F|  |TAMS 0x0000000688c00000, 0x0000000688c00000| Untracked 
|  27|0x0000000689000000, 0x0000000689000000, 0x0000000689400000|  0%| F|  |TAMS 0x0000000689000000, 0x0000000689000000| Untracked 
|  28|0x0000000689400000, 0x0000000689400000, 0x0000000689800000|  0%| F|  |TAMS 0x0000000689400000, 0x0000000689400000| Untracked 
|  29|0x0000000689800000, 0x0000000689800000, 0x0000000689c00000|  0%| F|  |TAMS 0x0000000689800000, 0x0000000689800000| Untracked 
|  30|0x0000000689c00000, 0x0000000689c00000, 0x000000068a000000|  0%| F|  |TAMS 0x0000000689c00000, 0x0000000689c00000| Untracked 
|  31|0x000000068a000000, 0x000000068a000000, 0x000000068a400000|  0%| F|  |TAMS 0x000000068a000000, 0x000000068a000000| Untracked 
|  32|0x000000068a400000, 0x000000068a400000, 0x000000068a800000|  0%| F|  |TAMS 0x000000068a400000, 0x000000068a400000| Untracked 
|  33|0x000000068a800000, 0x000000068a800000, 0x000000068ac00000|  0%| F|  |TAMS 0x000000068a800000, 0x000000068a800000| Untracked 
|  34|0x000000068ac00000, 0x000000068ac00000, 0x000000068b000000|  0%| F|  |TAMS 0x000000068ac00000, 0x000000068ac00000| Untracked 
|  35|0x000000068b000000, 0x000000068b000000, 0x000000068b400000|  0%| F|  |TAMS 0x000000068b000000, 0x000000068b000000| Untracked 
|  36|0x000000068b400000, 0x000000068b400000, 0x000000068b800000|  0%| F|  |TAMS 0x000000068b400000, 0x000000068b400000| Untracked 
|  37|0x000000068b800000, 0x000000068b800000, 0x000000068bc00000|  0%| F|  |TAMS 0x000000068b800000, 0x000000068b800000| Untracked 
|  38|0x000000068bc00000, 0x000000068bc00000, 0x000000068c000000|  0%| F|  |TAMS 0x000000068bc00000, 0x000000068bc00000| Untracked 
|  39|0x000000068c000000, 0x000000068c000000, 0x000000068c400000|  0%| F|  |TAMS 0x000000068c000000, 0x000000068c000000| Untracked 
|  40|0x000000068c400000, 0x000000068c400000, 0x000000068c800000|  0%| F|  |TAMS 0x000000068c400000, 0x000000068c400000| Untracked 
|  41|0x000000068c800000, 0x000000068c800000, 0x000000068cc00000|  0%| F|  |TAMS 0x000000068c800000, 0x000000068c800000| Untracked 
|  42|0x000000068cc00000, 0x000000068cc00000, 0x000000068d000000|  0%| F|  |TAMS 0x000000068cc00000, 0x000000068cc00000| Untracked 
|  43|0x000000068d000000, 0x000000068d000000, 0x000000068d400000|  0%| F|  |TAMS 0x000000068d000000, 0x000000068d000000| Untracked 
|  44|0x000000068d400000, 0x000000068d400000, 0x000000068d800000|  0%| F|  |TAMS 0x000000068d400000, 0x000000068d400000| Untracked 
|  45|0x000000068d800000, 0x000000068d800000, 0x000000068dc00000|  0%| F|  |TAMS 0x000000068d800000, 0x000000068d800000| Untracked 
|  46|0x000000068dc00000, 0x000000068dc00000, 0x000000068e000000|  0%| F|  |TAMS 0x000000068dc00000, 0x000000068dc00000| Untracked 
|  47|0x000000068e000000, 0x000000068e000000, 0x000000068e400000|  0%| F|  |TAMS 0x000000068e000000, 0x000000068e000000| Untracked 
|  48|0x000000068e400000, 0x000000068e400000, 0x000000068e800000|  0%| F|  |TAMS 0x000000068e400000, 0x000000068e400000| Untracked 
|  49|0x000000068e800000, 0x000000068e800000, 0x000000068ec00000|  0%| F|  |TAMS 0x000000068e800000, 0x000000068e800000| Untracked 
|  50|0x000000068ec00000, 0x000000068ec00000, 0x000000068f000000|  0%| F|  |TAMS 0x000000068ec00000, 0x000000068ec00000| Untracked 
|  51|0x000000068f000000, 0x000000068f000000, 0x000000068f400000|  0%| F|  |TAMS 0x000000068f000000, 0x000000068f000000| Untracked 
|  52|0x000000068f400000, 0x000000068f400000, 0x000000068f800000|  0%| F|  |TAMS 0x000000068f400000, 0x000000068f400000| Untracked 
|  53|0x000000068f800000, 0x000000068f800000, 0x000000068fc00000|  0%| F|  |TAMS 0x000000068f800000, 0x000000068f800000| Untracked 
|  54|0x000000068fc00000, 0x000000068fc00000, 0x0000000690000000|  0%| F|  |TAMS 0x000000068fc00000, 0x000000068fc00000| Untracked 
|  55|0x0000000690000000, 0x0000000690000000, 0x0000000690400000|  0%| F|  |TAMS 0x0000000690000000, 0x0000000690000000| Untracked 
|  56|0x0000000690400000, 0x0000000690400000, 0x0000000690800000|  0%| F|  |TAMS 0x0000000690400000, 0x0000000690400000| Untracked 
|  57|0x0000000690800000, 0x0000000690800000, 0x0000000690c00000|  0%| F|  |TAMS 0x0000000690800000, 0x0000000690800000| Untracked 
|  58|0x0000000690c00000, 0x0000000690c00000, 0x0000000691000000|  0%| F|  |TAMS 0x0000000690c00000, 0x0000000690c00000| Untracked 
|  59|0x0000000691000000, 0x0000000691000000, 0x0000000691400000|  0%| F|  |TAMS 0x0000000691000000, 0x0000000691000000| Untracked 
|  60|0x0000000691400000, 0x0000000691400000, 0x0000000691800000|  0%| F|  |TAMS 0x0000000691400000, 0x0000000691400000| Untracked 
|  61|0x0000000691800000, 0x0000000691800000, 0x0000000691c00000|  0%| F|  |TAMS 0x0000000691800000, 0x0000000691800000| Untracked 
|  62|0x0000000691c00000, 0x0000000691c00000, 0x0000000692000000|  0%| F|  |TAMS 0x0000000691c00000, 0x0000000691c00000| Untracked 
|  63|0x0000000692000000, 0x0000000692000000, 0x0000000692400000|  0%| F|  |TAMS 0x0000000692000000, 0x0000000692000000| Untracked 
|  64|0x0000000692400000, 0x0000000692400000, 0x0000000692800000|  0%| F|  |TAMS 0x0000000692400000, 0x0000000692400000| Untracked 
|  65|0x0000000692800000, 0x0000000692800000, 0x0000000692c00000|  0%| F|  |TAMS 0x0000000692800000, 0x0000000692800000| Untracked 
|  66|0x0000000692c00000, 0x0000000692c00000, 0x0000000693000000|  0%| F|  |TAMS 0x0000000692c00000, 0x0000000692c00000| Untracked 
|  67|0x0000000693000000, 0x0000000693000000, 0x0000000693400000|  0%| F|  |TAMS 0x0000000693000000, 0x0000000693000000| Untracked 
|  68|0x0000000693400000, 0x0000000693400000, 0x0000000693800000|  0%| F|  |TAMS 0x0000000693400000, 0x0000000693400000| Untracked 
|  69|0x0000000693800000, 0x0000000693800000, 0x0000000693c00000|  0%| F|  |TAMS 0x0000000693800000, 0x0000000693800000| Untracked 
|  70|0x0000000693c00000, 0x0000000693c00000, 0x0000000694000000|  0%| F|  |TAMS 0x0000000693c00000, 0x0000000693c00000| Untracked 
|  71|0x0000000694000000, 0x0000000694000000, 0x0000000694400000|  0%| F|  |TAMS 0x0000000694000000, 0x0000000694000000| Untracked 
|  72|0x0000000694400000, 0x0000000694400000, 0x0000000694800000|  0%| F|  |TAMS 0x0000000694400000, 0x0000000694400000| Untracked 
|  73|0x0000000694800000, 0x0000000694800000, 0x0000000694c00000|  0%| F|  |TAMS 0x0000000694800000, 0x0000000694800000| Untracked 
|  74|0x0000000694c00000, 0x0000000694c00000, 0x0000000695000000|  0%| F|  |TAMS 0x0000000694c00000, 0x0000000694c00000| Untracked 
|  75|0x0000000695000000, 0x0000000695000000, 0x0000000695400000|  0%| F|  |TAMS 0x0000000695000000, 0x0000000695000000| Untracked 
|  76|0x0000000695400000, 0x0000000695400000, 0x0000000695800000|  0%| F|  |TAMS 0x0000000695400000, 0x0000000695400000| Untracked 
|  77|0x0000000695800000, 0x0000000695800000, 0x0000000695c00000|  0%| F|  |TAMS 0x0000000695800000, 0x0000000695800000| Untracked 
|  78|0x0000000695c00000, 0x0000000695c00000, 0x0000000696000000|  0%| F|  |TAMS 0x0000000695c00000, 0x0000000695c00000| Untracked 
|  79|0x0000000696000000, 0x0000000696000000, 0x0000000696400000|  0%| F|  |TAMS 0x0000000696000000, 0x0000000696000000| Untracked 
|  80|0x0000000696400000, 0x0000000696400000, 0x0000000696800000|  0%| F|  |TAMS 0x0000000696400000, 0x0000000696400000| Untracked 
|  81|0x0000000696800000, 0x0000000696800000, 0x0000000696c00000|  0%| F|  |TAMS 0x0000000696800000, 0x0000000696800000| Untracked 
|  82|0x0000000696c00000, 0x0000000696c00000, 0x0000000697000000|  0%| F|  |TAMS 0x0000000696c00000, 0x0000000696c00000| Untracked 
|  83|0x0000000697000000, 0x0000000697400000, 0x0000000697400000|100%| S|CS|TAMS 0x0000000697000000, 0x0000000697000000| Complete 
|  84|0x0000000697400000, 0x0000000697800000, 0x0000000697800000|100%| S|CS|TAMS 0x0000000697400000, 0x0000000697400000| Complete 
|  85|0x0000000697800000, 0x0000000697800000, 0x0000000697c00000|  0%| F|  |TAMS 0x0000000697800000, 0x0000000697800000| Untracked 
|  86|0x0000000697c00000, 0x0000000697c00000, 0x0000000698000000|  0%| F|  |TAMS 0x0000000697c00000, 0x0000000697c00000| Untracked 
|  87|0x0000000698000000, 0x0000000698000000, 0x0000000698400000|  0%| F|  |TAMS 0x0000000698000000, 0x0000000698000000| Untracked 
|  88|0x0000000698400000, 0x0000000698400000, 0x0000000698800000|  0%| F|  |TAMS 0x0000000698400000, 0x0000000698400000| Untracked 
|  89|0x0000000698800000, 0x0000000698800000, 0x0000000698c00000|  0%| F|  |TAMS 0x0000000698800000, 0x0000000698800000| Untracked 
|  90|0x0000000698c00000, 0x0000000698c00000, 0x0000000699000000|  0%| F|  |TAMS 0x0000000698c00000, 0x0000000698c00000| Untracked 
|  91|0x0000000699000000, 0x0000000699000000, 0x0000000699400000|  0%| F|  |TAMS 0x0000000699000000, 0x0000000699000000| Untracked 
|  92|0x0000000699400000, 0x0000000699719630, 0x0000000699800000| 77%| E|  |TAMS 0x0000000699400000, 0x0000000699400000| Complete 
|  93|0x0000000699800000, 0x0000000699c00000, 0x0000000699c00000|100%| E|CS|TAMS 0x0000000699800000, 0x0000000699800000| Complete 
|  94|0x0000000699c00000, 0x000000069a000000, 0x000000069a000000|100%| E|CS|TAMS 0x0000000699c00000, 0x0000000699c00000| Complete 
|  95|0x000000069a000000, 0x000000069a400000, 0x000000069a400000|100%| E|CS|TAMS 0x000000069a000000, 0x000000069a000000| Complete 

Card table byte_map: [0x00000266e7b90000,0x00000266e8780000] _byte_map_base: 0x00000266e477e000

Marking Bits (Prev, Next): (CMBitMap*) 0x00000266cff10dd0, (CMBitMap*) 0x00000266cff10e10
 Prev Bits: [0x00000266e9370000, 0x00000266ef2e0000)
 Next Bits: [0x00000266ef2e0000, 0x00000266f5250000)

Polling page: 0x00000266cddf0000

Metaspace:

Usage:
  Non-class:     13.18 MB used.
      Class:      2.22 MB used.
       Both:     15.41 MB used.

Virtual space:
  Non-class space:       16.00 MB reserved,      13.31 MB ( 83%) committed,  2 nodes.
      Class space:        1.00 GB reserved,       2.31 MB ( <1%) committed,  1 nodes.
             Both:        1.02 GB reserved,      15.62 MB (  2%) committed. 

Chunk freelists:
   Non-Class:  2.30 MB
       Class:  1.53 MB
        Both:  3.83 MB

MaxMetaspaceSize: unlimited
CompressedClassSpaceSize: 1.00 GB
Initial GC threshold: 21.00 MB
Current GC threshold: 21.00 MB
CDS: on
MetaspaceReclaimPolicy: balanced
 - commit_granule_bytes: 65536.
 - commit_granule_words: 8192.
 - virtual_space_node_default_size: 1048576.
 - enlarge_chunks_in_place: 1.
 - new_chunks_are_fully_committed: 0.
 - uncommit_free_chunks: 1.
 - use_allocation_guard: 0.
 - handle_deallocations: 1.


Internal statistics:

num_allocs_failed_limit: 0.
num_arena_births: 206.
num_arena_deaths: 0.
num_vsnodes_births: 3.
num_vsnodes_deaths: 0.
num_space_committed: 250.
num_space_uncommitted: 0.
num_chunks_returned_to_freelist: 0.
num_chunks_taken_from_freelist: 743.
num_chunk_merges: 0.
num_chunk_splits: 522.
num_chunks_enlarged: 401.
num_purges: 0.
num_inconsistent_stats: 0.

CodeHeap 'non-profiled nmethods': size=119168Kb used=1313Kb max_used=1313Kb free=117854Kb
 bounds [0x00000266df2b0000, 0x00000266df520000, 0x00000266e6710000]
CodeHeap 'profiled nmethods': size=119104Kb used=5818Kb max_used=5818Kb free=113285Kb
 bounds [0x00000266d7e60000, 0x00000266d8410000, 0x00000266df2b0000]
CodeHeap 'non-nmethods': size=7488Kb used=1984Kb max_used=3173Kb free=5503Kb
 bounds [0x00000266d7710000, 0x00000266d7a30000, 0x00000266d7e60000]
 total_blobs=3796 nmethods=3016 adapters=691
 compilation: enabled
              stopped_count=0, restarted_count=0
 full_count=0

Compilation events (20 events):
Event: 16.625 Thread 0x00000266fa0a1d60 nmethod 3007 0x00000266d83fbf10 code [0x00000266d83fc1a0, 0x00000266d83fcda8]
Event: 16.626 Thread 0x00000266f8202fd0 nmethod 3009 0x00000266d83fd110 code [0x00000266d83fd3a0, 0x00000266d83fdf18]
Event: 16.626 Thread 0x00000266f8202fd0 3010       3       com.sun.javafx.geom.transform.Identity::transform (24 bytes)
Event: 16.626 Thread 0x00000266f8202fd0 nmethod 3010 0x00000266d83fe410 code [0x00000266d83fe5c0, 0x00000266d83fe808]
Event: 16.626 Thread 0x00000266f8202fd0 3011 %     3       com.sun.marlin.Renderer::_endRendering @ 531 (2473 bytes)
Event: 16.627 Thread 0x00000266fa0a1d60 3012       3       com.sun.prism.impl.BaseContext::flushMask (97 bytes)
Event: 16.627 Thread 0x00000266fa0a1d60 nmethod 3012 0x00000266d83fe910 code [0x00000266d83feb00, 0x00000266d83ff128]
Event: 16.627 Thread 0x00000266fa0a1d60 3013       3       com.sun.prism.d3d.D3DContext::renderQuads (18 bytes)
Event: 16.627 Thread 0x00000266fa0a1d60 nmethod 3013 0x00000266d83ff310 code [0x00000266d83ff4c0, 0x00000266d83ff638]
Event: 16.627 Thread 0x00000266f81f9900 3014       4       java.util.WeakHashMap$HashIterator::hasNext (95 bytes)
Event: 16.631 Thread 0x00000266f8202fd0 nmethod 3011% 0x00000266d83ff710 code [0x00000266d83ffd00, 0x00000266d8405468]
Event: 16.631 Thread 0x00000266f81f9900 nmethod 3014 0x00000266df3f8010 code [0x00000266df3f8180, 0x00000266df3f85f8]
Event: 16.711 Thread 0x00000266f8202fd0 3015       3       com.sun.javafx.css.PseudoClassState::cast (6 bytes)
Event: 16.711 Thread 0x00000266fa0a1d60 3016       3       com.sun.javafx.css.PseudoClassState::cast (21 bytes)
Event: 16.711 Thread 0x00000266f8202fd0 nmethod 3015 0x00000266d8409190 code [0x00000266d8409340, 0x00000266d84096a8]
Event: 16.711 Thread 0x00000266fa0a1d60 nmethod 3016 0x00000266d8409810 code [0x00000266d84099c0, 0x00000266d8409cc8]
Event: 16.714 Thread 0x00000266fa0a1d60 3017       3       com.sun.javafx.css.StyleManager$Cache::getStyleMap (400 bytes)
Event: 16.714 Thread 0x00000266f8202fd0 3018       3       com.sun.javafx.event.CompositeEventHandler::dispatchBubblingEvent (57 bytes)
Event: 16.715 Thread 0x00000266f8202fd0 nmethod 3018 0x00000266d8409d90 code [0x00000266d8409f80, 0x00000266d840a478]
Event: 16.716 Thread 0x00000266fa0a1d60 nmethod 3017 0x00000266d840a610 code [0x00000266d840aac0, 0x00000266d840d938]

GC Heap History (4 events):
Event: 0.303 GC heap before
{Heap before GC invocations=0 (full 0):
 garbage-first heap   total 393216K, used 16384K [0x0000000682400000, 0x0000000800000000)
  region size 4096K, 5 young (20480K), 0 survivors (0K)
 Metaspace       used 4525K, committed 4672K, reserved 1056768K
  class space    used 515K, committed 576K, reserved 1048576K
}
Event: 0.304 GC heap after
{Heap after GC invocations=1 (full 0):
 garbage-first heap   total 393216K, used 2825K [0x0000000682400000, 0x0000000800000000)
  region size 4096K, 1 young (4096K), 1 survivors (4096K)
 Metaspace       used 4525K, committed 4672K, reserved 1056768K
  class space    used 515K, committed 576K, reserved 1048576K
}
Event: 3.343 GC heap before
{Heap before GC invocations=1 (full 0):
 garbage-first heap   total 393216K, used 47881K [0x0000000682400000, 0x0000000800000000)
  region size 4096K, 11 young (45056K), 1 survivors (4096K)
 Metaspace       used 14366K, committed 14592K, reserved 1064960K
  class space    used 2133K, committed 2240K, reserved 1048576K
}
Event: 3.347 GC heap after
{Heap after GC invocations=2 (full 0):
 garbage-first heap   total 393216K, used 16688K [0x0000000682400000, 0x0000000800000000)
  region size 4096K, 2 young (8192K), 2 survivors (8192K)
 Metaspace       used 14366K, committed 14592K, reserved 1064960K
  class space    used 2133K, committed 2240K, reserved 1048576K
}

Deoptimization events (20 events):
Event: 15.966 Thread 0x00000266f9d79140 Uncommon trap: trap_request=0xffffff45 fr.pc=0x00000266df38f720 relative=0x0000000000000580
Event: 15.966 Thread 0x00000266f9d79140 Uncommon trap: reason=unstable_if action=reinterpret pc=0x00000266df38f720 method=com.sun.javafx.image.impl.ByteBgra$ToByteBgraPreConv.doConvert([BII[BIIII)V @ 75 c2
Event: 15.966 Thread 0x00000266f9d79140 DEOPT PACKING pc=0x00000266df38f720 sp=0x000000b8719f4e00
Event: 15.966 Thread 0x00000266f9d79140 DEOPT UNPACKING pc=0x00000266d77623a3 sp=0x000000b8719f4dd0 mode 2
Event: 15.970 Thread 0x00000266f9d79140 Uncommon trap: trap_request=0xffffff45 fr.pc=0x00000266df3d4df0 relative=0x0000000000003270
Event: 15.970 Thread 0x00000266f9d79140 Uncommon trap: reason=unstable_if action=reinterpret pc=0x00000266df3d4df0 method=java.util.HashMap.removeNode(ILjava/lang/Object;Ljava/lang/Object;ZZ)Ljava/util/HashMap$Node; @ 46 c2
Event: 15.970 Thread 0x00000266f9d79140 DEOPT PACKING pc=0x00000266df3d4df0 sp=0x000000b8719f47d0
Event: 15.970 Thread 0x00000266f9d79140 DEOPT UNPACKING pc=0x00000266d77623a3 sp=0x000000b8719f4620 mode 2
Event: 15.972 Thread 0x00000266f9d79140 Uncommon trap: trap_request=0xffffff45 fr.pc=0x00000266df3e2e5c relative=0x000000000000005c
Event: 15.972 Thread 0x00000266f9d79140 Uncommon trap: reason=unstable_if action=reinterpret pc=0x00000266df3e2e5c method=java.util.Objects.equals(Ljava/lang/Object;Ljava/lang/Object;)Z @ 6 c2
Event: 15.972 Thread 0x00000266f9d79140 DEOPT PACKING pc=0x00000266df3e2e5c sp=0x000000b8719f51e0
Event: 15.972 Thread 0x00000266f9d79140 DEOPT UNPACKING pc=0x00000266d77623a3 sp=0x000000b8719f5180 mode 2
Event: 15.976 Thread 0x00000266f9d79140 Uncommon trap: trap_request=0xffffff45 fr.pc=0x00000266df34c3bc relative=0x0000000000000f1c
Event: 15.976 Thread 0x00000266f9d79140 Uncommon trap: reason=unstable_if action=reinterpret pc=0x00000266df34c3bc method=java.util.concurrent.ConcurrentHashMap.putVal(Ljava/lang/Object;Ljava/lang/Object;Z)Ljava/lang/Object; @ 148 c2
Event: 15.976 Thread 0x00000266f9d79140 DEOPT PACKING pc=0x00000266df34c3bc sp=0x000000b8719f4400
Event: 15.976 Thread 0x00000266f9d79140 DEOPT UNPACKING pc=0x00000266d77623a3 sp=0x000000b8719f4380 mode 2
Event: 15.978 Thread 0x00000266f9d79140 Uncommon trap: trap_request=0xffffff45 fr.pc=0x00000266df2bfb18 relative=0x00000000000000f8
Event: 15.978 Thread 0x00000266f9d79140 Uncommon trap: reason=unstable_if action=reinterpret pc=0x00000266df2bfb18 method=java.lang.StringLatin1.lastIndexOf([BI[BII)I @ 86 c2
Event: 15.978 Thread 0x00000266f9d79140 DEOPT PACKING pc=0x00000266df2bfb18 sp=0x000000b8719f42e0
Event: 15.978 Thread 0x00000266f9d79140 DEOPT UNPACKING pc=0x00000266d77623a3 sp=0x000000b8719f4238 mode 2

Classes unloaded (0 events):
No events

Classes redefined (0 events):
No events

Internal exceptions (20 events):
Event: 0.409 Thread 0x00000266f9d79140 Exception <a 'java/lang/ClassNotFoundException'{0x00000006998076d0}: com/sun/glass/ui/win/themes_es> (0x00000006998076d0) 
thrown [t:\workspace\open\src\hotspot\share\prims\jni.cpp, line 535]
Event: 0.409 Thread 0x00000266f9d79140 Exception <a 'java/lang/ClassNotFoundException'{0x000000069980f730}: com/sun/glass/ui/win/themes_es_CO> (0x000000069980f730) 
thrown [t:\workspace\open\src\hotspot\share\prims\jni.cpp, line 535]
Event: 0.450 Thread 0x00000266f9d79140 Exception <a 'java/lang/NoSuchMethodError'{0x00000006994f7080}: 'void java.lang.invoke.DirectMethodHandle$Holder.invokeStaticInit(java.lang.Object, java.lang.Object)'> (0x00000006994f7080) 
thrown [t:\workspace\open\src\hotspot\share\interpreter\linkResolver.cpp, line 766]
Event: 0.511 Thread 0x00000266f9d79140 Implicit null exception at 0x00000266df313890 to 0x00000266df313cd4
Event: 0.571 Thread 0x00000266f9d79140 Exception <a 'java/lang/NoSuchMethodError'{0x00000006989dddc8}: 'void java.lang.invoke.DirectMethodHandle$Holder.invokeSpecial(java.lang.Object, java.lang.Object, java.lang.Object, java.lang.Object, java.lang.Object)'> (0x00000006989dddc8) 
thrown [t:\workspace\open\src\hotspot\share\interpreter\linkResolver.cpp, line 766]
Event: 0.572 Thread 0x00000266f9d79140 Exception <a 'java/lang/NoSuchMethodError'{0x00000006989f2850}: 'java.lang.Object java.lang.invoke.DirectMethodHandle$Holder.invokeInterface(java.lang.Object, java.lang.Object, java.lang.Object)'> (0x00000006989f2850) 
thrown [t:\workspace\open\src\hotspot\share\interpreter\linkResolver.cpp, line 766]
Event: 0.573 Thread 0x00000266f9d79140 Exception <a 'java/lang/IncompatibleClassChangeError'{0x00000006989f61d8}: Found class java.lang.Object, but interface was expected> (0x00000006989f61d8) 
thrown [t:\workspace\open\src\hotspot\share\interpreter\linkResolver.cpp, line 833]
Event: 0.610 Thread 0x00000266f9d79140 Exception <a 'java/lang/NoSuchMethodError'{0x0000000698be69a0}: 'java.lang.Object java.lang.invoke.DirectMethodHandle$Holder.newInvokeSpecial(java.lang.Object, java.lang.Object, int)'> (0x0000000698be69a0) 
thrown [t:\workspace\open\src\hotspot\share\interpreter\linkResolver.cpp, line 766]
Event: 0.624 Thread 0x00000266f9be8ee0 Exception <a 'java/lang/NoSuchMethodError'{0x00000006984f6488}: 'int java.lang.invoke.DirectMethodHandle$Holder.invokeStaticInit(java.lang.Object, java.lang.Object)'> (0x00000006984f6488) 
thrown [t:\workspace\open\src\hotspot\share\interpreter\linkResolver.cpp, line 766]
Event: 3.137 Thread 0x00000266f9d79140 Exception <a 'java/lang/NoSuchMethodError'{0x00000006981ac888}: 'long java.lang.invoke.DirectMethodHandle$Holder.invokeStatic(java.lang.Object, java.lang.Object, java.lang.Object)'> (0x00000006981ac888) 
thrown [t:\workspace\open\src\hotspot\share\interpreter\linkResolver.cpp, line 766]
Event: 3.138 Thread 0x00000266f9d79140 Exception <a 'java/lang/NoSuchMethodError'{0x00000006981b0030}: 'long java.lang.invoke.DirectMethodHandle$Holder.invokeStaticInit(java.lang.Object, java.lang.Object, java.lang.Object)'> (0x00000006981b0030) 
thrown [t:\workspace\open\src\hotspot\share\interpreter\linkResolver.cpp, line 766]
Event: 3.139 Thread 0x00000266f9d79140 Exception <a 'java/lang/NoSuchMethodError'{0x00000006981c7c38}: 'java.lang.Object java.lang.invoke.DirectMethodHandle$Holder.newInvokeSpecial(java.lang.Object, java.lang.Object, long)'> (0x00000006981c7c38) 
thrown [t:\workspace\open\src\hotspot\share\interpreter\linkResolver.cpp, line 766]
Event: 3.139 Thread 0x00000266f9d79140 Exception <a 'java/lang/NoSuchMethodError'{0x00000006981cb7a8}: 'java.lang.Object java.lang.invoke.Invokers$Holder.linkToTargetMethod(java.lang.Object, long, java.lang.Object)'> (0x00000006981cb7a8) 
thrown [t:\workspace\open\src\hotspot\share\interpreter\linkResolver.cpp, line 766]
Event: 3.282 Thread 0x00000266f9d79140 Exception <a 'java/lang/ClassNotFoundException'{0x0000000697d95e98}: com/sun/javafx/scene/control/skin/resources/controls> (0x0000000697d95e98) 
thrown [t:\workspace\open\src\hotspot\share\prims\jni.cpp, line 535]
Event: 3.283 Thread 0x00000266f9d79140 Exception <a 'java/lang/ClassNotFoundException'{0x0000000697da4130}: com/sun/javafx/scene/control/skin/resources/controls_es> (0x0000000697da4130) 
thrown [t:\workspace\open\src\hotspot\share\prims\jni.cpp, line 535]
Event: 3.283 Thread 0x00000266f9d79140 Exception <a 'java/lang/ClassNotFoundException'{0x0000000697db2088}: com/sun/javafx/scene/control/skin/resources/controls_es_CO> (0x0000000697db2088) 
thrown [t:\workspace\open\src\hotspot\share\prims\jni.cpp, line 535]
Event: 6.939 Thread 0x00000266f9d79140 Exception <a 'java/lang/ClassCastException'{0x000000069989ede0}: class control.EmployeeController cannot be cast to class control.PatientController (control.EmployeeController and control.PatientController are in unnamed module of loader 'app')> (0x000000069989ede0) 
thrown [t:\workspace\open\src\hotspot\share\interpreter\interpreterRuntime.cpp, line 444]
Event: 6.939 Thread 0x00000266f9d79140 Exception <a 'java/lang/reflect/InvocationTargetException'{0x000000069989fdf8}> (0x000000069989fdf8) 
thrown [t:\workspace\open\src\hotspot\share\runtime\reflection.cpp, line 1121]
Event: 7.660 Thread 0x00000266f9d79140 Exception <a 'java/lang/ClassCastException'{0x0000000699949368}: class control.EmployeeController cannot be cast to class control.PatientController (control.EmployeeController and control.PatientController are in unnamed module of loader 'app')> (0x0000000699949368) 
thrown [t:\workspace\open\src\hotspot\share\interpreter\interpreterRuntime.cpp, line 444]
Event: 7.660 Thread 0x00000266f9d79140 Exception <a 'java/lang/reflect/InvocationTargetException'{0x000000069994a380}> (0x000000069994a380) 
thrown [t:\workspace\open\src\hotspot\share\runtime\reflection.cpp, line 1121]

VM Operations (20 events):
Event: 2.619 Executing VM operation: Cleanup done
Event: 3.342 Executing VM operation: ICBufferFull
Event: 3.342 Executing VM operation: ICBufferFull done
Event: 3.343 Executing VM operation: G1CollectForAllocation
Event: 3.347 Executing VM operation: G1CollectForAllocation done
Event: 5.347 Executing VM operation: Cleanup
Event: 5.347 Executing VM operation: Cleanup done
Event: 7.347 Executing VM operation: Cleanup
Event: 7.347 Executing VM operation: Cleanup done
Event: 8.347 Executing VM operation: Cleanup
Event: 8.347 Executing VM operation: Cleanup done
Event: 13.348 Executing VM operation: Cleanup
Event: 13.348 Executing VM operation: Cleanup done
Event: 14.348 Executing VM operation: Cleanup
Event: 14.348 Executing VM operation: Cleanup done
Event: 15.348 Executing VM operation: Cleanup
Event: 15.348 Executing VM operation: Cleanup done
Event: 15.965 Executing VM operation: HandshakeAllThreads
Event: 15.965 Executing VM operation: HandshakeAllThreads done
Event: 16.719 Executing VM operation: Exit

Events (20 events):
Event: 15.977 loading class sun/text/resources/BreakIteratorInfo
Event: 15.977 loading class sun/text/resources/BreakIteratorInfo done
Event: 15.977 loading class sun/text/resources/BreakIteratorResources
Event: 15.977 loading class sun/util/resources/BreakIteratorResourceBundle
Event: 15.977 loading class sun/util/resources/BreakIteratorResourceBundle done
Event: 15.977 loading class sun/text/resources/BreakIteratorResources done
Event: 15.977 loading class sun/util/resources/Bundles$2
Event: 15.977 loading class sun/util/resources/Bundles$2 done
Event: 15.978 loading class sun/text/RuleBasedBreakIterator
Event: 15.978 loading class sun/text/RuleBasedBreakIterator done
Event: 15.978 loading class sun/text/CompactByteArray
Event: 15.978 loading class sun/text/CompactByteArray done
Event: 15.979 loading class sun/text/SupplementaryCharacterData
Event: 15.979 loading class sun/text/SupplementaryCharacterData done
Event: 15.979 loading class java/text/BreakIterator$BreakIteratorCache
Event: 15.979 loading class java/text/BreakIterator$BreakIteratorCache done
Event: 16.718 Thread 0x00000266833600c0 Thread added: 0x00000266833600c0
Event: 16.718 Thread 0x0000026683360590 Thread added: 0x0000026683360590
Event: 16.718 Thread 0x00000266833600c0 Thread exited: 0x00000266833600c0
Event: 16.719 Thread 0x0000026683360590 Thread exited: 0x0000026683360590


Dynamic libraries:
0x00007ff74bcd0000 - 0x00007ff74bce0000 	C:\Program Files\Java\jdk-17.0.2\bin\java.exe
0x00007fff5fc40000 - 0x00007fff5fe49000 	C:\Windows\SYSTEM32\ntdll.dll
0x00007fff5ee00000 - 0x00007fff5eebd000 	C:\Windows\System32\KERNEL32.DLL
0x00007fff5d3f0000 - 0x00007fff5d769000 	C:\Windows\System32\KERNELBASE.dll
0x00007fff5d920000 - 0x00007fff5da31000 	C:\Windows\System32\ucrtbase.dll
0x00007fff59390000 - 0x00007fff593aa000 	C:\Program Files\Java\jdk-17.0.2\bin\VCRUNTIME140.dll
0x00007fff329e0000 - 0x00007fff329f8000 	C:\Program Files\Java\jdk-17.0.2\bin\jli.dll
0x00007fff5ec50000 - 0x00007fff5ecfe000 	C:\Windows\System32\ADVAPI32.dll
0x00007fff5eb10000 - 0x00007fff5ebb3000 	C:\Windows\System32\msvcrt.dll
0x00007fff5dd90000 - 0x00007fff5de2e000 	C:\Windows\System32\sechost.dll
0x00007fff5fa30000 - 0x00007fff5fb50000 	C:\Windows\System32\RPCRT4.dll
0x00007fff5de30000 - 0x00007fff5dfdc000 	C:\Windows\System32\USER32.dll
0x00007fff4b610000 - 0x00007fff4b8b5000 	C:\Windows\WinSxS\amd64_microsoft.windows.common-controls_6595b64144ccf1df_6.0.22000.120_none_9d947278b86cc467\COMCTL32.dll
0x00007fff5d130000 - 0x00007fff5d156000 	C:\Windows\System32\win32u.dll
0x00007fff5ea10000 - 0x00007fff5ea39000 	C:\Windows\System32\GDI32.dll
0x00007fff5d2d0000 - 0x00007fff5d3e2000 	C:\Windows\System32\gdi32full.dll
0x00007fff5da40000 - 0x00007fff5dadd000 	C:\Windows\System32\msvcp_win.dll
0x00007fff54ae0000 - 0x00007fff54aea000 	C:\Windows\SYSTEM32\VERSION.dll
0x00007fff5fbc0000 - 0x00007fff5fbf1000 	C:\Windows\System32\IMM32.DLL
0x00007fff59380000 - 0x00007fff5938c000 	C:\Program Files\Java\jdk-17.0.2\bin\vcruntime140_1.dll
0x00007fff497f0000 - 0x00007fff4987d000 	C:\Program Files\Java\jdk-17.0.2\bin\msvcp140.dll
0x00007ffec7e10000 - 0x00007ffec89d1000 	C:\Program Files\Java\jdk-17.0.2\bin\server\jvm.dll
0x00007fff5f540000 - 0x00007fff5f548000 	C:\Windows\System32\PSAPI.DLL
0x00007fff55c20000 - 0x00007fff55c53000 	C:\Windows\SYSTEM32\WINMM.dll
0x00007fff59680000 - 0x00007fff59689000 	C:\Windows\SYSTEM32\WSOCK32.dll
0x00007fff5eec0000 - 0x00007fff5ef2f000 	C:\Windows\System32\WS2_32.dll
0x00007fff5c320000 - 0x00007fff5c338000 	C:\Windows\SYSTEM32\kernel.appcore.dll
0x00007fff59370000 - 0x00007fff5937a000 	C:\Program Files\Java\jdk-17.0.2\bin\jimage.dll
0x00007fff5a7c0000 - 0x00007fff5a9e1000 	C:\Windows\SYSTEM32\DBGHELP.DLL
0x00007fff44ba0000 - 0x00007fff44bd1000 	C:\Windows\SYSTEM32\dbgcore.DLL
0x00007fff5d770000 - 0x00007fff5d7ef000 	C:\Windows\System32\bcryptPrimitives.dll
0x00007fff49fb0000 - 0x00007fff49fd5000 	C:\Program Files\Java\jdk-17.0.2\bin\java.dll
0x00007fff498a0000 - 0x00007fff49976000 	C:\Program Files\Java\jdk-17.0.2\bin\jsvml.dll
0x00007fff5e260000 - 0x00007fff5ea0f000 	C:\Windows\System32\SHELL32.dll
0x00007fff5b2b0000 - 0x00007fff5bb18000 	C:\Windows\SYSTEM32\windows.storage.dll
0x00007fff5f6b0000 - 0x00007fff5fa28000 	C:\Windows\System32\combase.dll
0x00007fff5b140000 - 0x00007fff5b2a6000 	C:\Windows\SYSTEM32\wintypes.dll
0x00007fff5dae0000 - 0x00007fff5dbca000 	C:\Windows\System32\SHCORE.dll
0x00007fff5dfe0000 - 0x00007fff5e03d000 	C:\Windows\System32\shlwapi.dll
0x00007fff5d060000 - 0x00007fff5d081000 	C:\Windows\SYSTEM32\profapi.dll
0x00007fff59310000 - 0x00007fff59329000 	C:\Program Files\Java\jdk-17.0.2\bin\net.dll
0x00007fff57820000 - 0x00007fff5792c000 	C:\Windows\SYSTEM32\WINHTTP.dll
0x00007fff5c750000 - 0x00007fff5c7b7000 	C:\Windows\system32\mswsock.dll
0x00007fff49f90000 - 0x00007fff49fa6000 	C:\Program Files\Java\jdk-17.0.2\bin\nio.dll
0x00007fff49880000 - 0x00007fff49898000 	C:\Program Files\Java\jdk-17.0.2\bin\zip.dll
0x00000266cded0000 - 0x00000266cded3000 	C:\Program Files\Java\javafx-sdk-18.0.1\bin\api-ms-win-core-console-l1-1-0.dll
0x00000266cfdc0000 - 0x00000266cfdc3000 	C:\Program Files\Java\javafx-sdk-18.0.1\bin\api-ms-win-core-console-l1-2-0.dll
0x00000266cfdd0000 - 0x00000266cfdd3000 	C:\Program Files\Java\javafx-sdk-18.0.1\bin\api-ms-win-core-datetime-l1-1-0.dll
0x00000266cfde0000 - 0x00000266cfde3000 	C:\Program Files\Java\javafx-sdk-18.0.1\bin\api-ms-win-core-debug-l1-1-0.dll
0x00000266cfdf0000 - 0x00000266cfdf3000 	C:\Program Files\Java\javafx-sdk-18.0.1\bin\api-ms-win-core-errorhandling-l1-1-0.dll
0x00000266cfe00000 - 0x00000266cfe04000 	C:\Program Files\Java\javafx-sdk-18.0.1\bin\api-ms-win-core-file-l1-1-0.dll
0x00000266cfe10000 - 0x00000266cfe13000 	C:\Program Files\Java\javafx-sdk-18.0.1\bin\api-ms-win-core-file-l1-2-0.dll
0x00000266cfe20000 - 0x00000266cfe23000 	C:\Program Files\Java\javafx-sdk-18.0.1\bin\api-ms-win-core-file-l2-1-0.dll
0x00000266cfe30000 - 0x00000266cfe33000 	C:\Program Files\Java\javafx-sdk-18.0.1\bin\api-ms-win-core-handle-l1-1-0.dll
0x00000266cfe40000 - 0x00000266cfe43000 	C:\Program Files\Java\javafx-sdk-18.0.1\bin\api-ms-win-core-heap-l1-1-0.dll
0x00000266cfe50000 - 0x00000266cfe53000 	C:\Program Files\Java\javafx-sdk-18.0.1\bin\api-ms-win-core-interlocked-l1-1-0.dll
0x00000266cfe60000 - 0x00000266cfe63000 	C:\Program Files\Java\javafx-sdk-18.0.1\bin\api-ms-win-core-libraryloader-l1-1-0.dll
0x00000266cfe70000 - 0x00000266cfe73000 	C:\Program Files\Java\javafx-sdk-18.0.1\bin\api-ms-win-core-localization-l1-2-0.dll
0x00000266cfe80000 - 0x00000266cfe83000 	C:\Program Files\Java\javafx-sdk-18.0.1\bin\api-ms-win-core-memory-l1-1-0.dll
0x00000266f8360000 - 0x00000266f8363000 	C:\Program Files\Java\javafx-sdk-18.0.1\bin\api-ms-win-core-namedpipe-l1-1-0.dll
0x00000266f8370000 - 0x00000266f8373000 	C:\Program Files\Java\javafx-sdk-18.0.1\bin\api-ms-win-core-processenvironment-l1-1-0.dll
0x00000266f8380000 - 0x00000266f8383000 	C:\Program Files\Java\javafx-sdk-18.0.1\bin\api-ms-win-core-processthreads-l1-1-0.dll
0x00000266f8390000 - 0x00000266f8393000 	C:\Program Files\Java\javafx-sdk-18.0.1\bin\api-ms-win-core-processthreads-l1-1-1.dll
0x00000266f83a0000 - 0x00000266f83a3000 	C:\Program Files\Java\javafx-sdk-18.0.1\bin\api-ms-win-core-profile-l1-1-0.dll
0x00000266f83b0000 - 0x00000266f83b3000 	C:\Program Files\Java\javafx-sdk-18.0.1\bin\api-ms-win-core-rtlsupport-l1-1-0.dll
0x00000266f83c0000 - 0x00000266f83c3000 	C:\Program Files\Java\javafx-sdk-18.0.1\bin\api-ms-win-core-string-l1-1-0.dll
0x00000266f83d0000 - 0x00000266f83d3000 	C:\Program Files\Java\javafx-sdk-18.0.1\bin\api-ms-win-core-synch-l1-1-0.dll
0x00000266f83e0000 - 0x00000266f83e3000 	C:\Program Files\Java\javafx-sdk-18.0.1\bin\api-ms-win-core-synch-l1-2-0.dll
0x00000266f83f0000 - 0x00000266f83f3000 	C:\Program Files\Java\javafx-sdk-18.0.1\bin\api-ms-win-core-sysinfo-l1-1-0.dll
0x00000266fa7d0000 - 0x00000266fa7d3000 	C:\Program Files\Java\javafx-sdk-18.0.1\bin\api-ms-win-core-timezone-l1-1-0.dll
0x00000266fa7e0000 - 0x00000266fa7e3000 	C:\Program Files\Java\javafx-sdk-18.0.1\bin\api-ms-win-core-util-l1-1-0.dll
0x00000266fa7f0000 - 0x00000266fa7f3000 	C:\Program Files\Java\javafx-sdk-18.0.1\bin\api-ms-win-crt-conio-l1-1-0.dll
0x00000266fa800000 - 0x00000266fa804000 	C:\Program Files\Java\javafx-sdk-18.0.1\bin\api-ms-win-crt-convert-l1-1-0.dll
0x00000266fa810000 - 0x00000266fa813000 	C:\Program Files\Java\javafx-sdk-18.0.1\bin\api-ms-win-crt-environment-l1-1-0.dll
0x00000266fa820000 - 0x00000266fa823000 	C:\Program Files\Java\javafx-sdk-18.0.1\bin\api-ms-win-crt-filesystem-l1-1-0.dll
0x00000266fa830000 - 0x00000266fa833000 	C:\Program Files\Java\javafx-sdk-18.0.1\bin\api-ms-win-crt-heap-l1-1-0.dll
0x00000266fa840000 - 0x00000266fa843000 	C:\Program Files\Java\javafx-sdk-18.0.1\bin\api-ms-win-crt-locale-l1-1-0.dll
0x00000266fa850000 - 0x00000266fa855000 	C:\Program Files\Java\javafx-sdk-18.0.1\bin\api-ms-win-crt-math-l1-1-0.dll
0x00000266fa860000 - 0x00000266fa865000 	C:\Program Files\Java\javafx-sdk-18.0.1\bin\api-ms-win-crt-multibyte-l1-1-0.dll
0x00000266fa870000 - 0x00000266fa880000 	C:\Program Files\Java\javafx-sdk-18.0.1\bin\api-ms-win-crt-private-l1-1-0.dll
0x00000266fa880000 - 0x00000266fa883000 	C:\Program Files\Java\javafx-sdk-18.0.1\bin\api-ms-win-crt-process-l1-1-0.dll
0x00000266fa890000 - 0x00000266fa894000 	C:\Program Files\Java\javafx-sdk-18.0.1\bin\api-ms-win-crt-runtime-l1-1-0.dll
0x00000266fa8a0000 - 0x00000266fa8a4000 	C:\Program Files\Java\javafx-sdk-18.0.1\bin\api-ms-win-crt-stdio-l1-1-0.dll
0x00000266fa8b0000 - 0x00000266fa8b4000 	C:\Program Files\Java\javafx-sdk-18.0.1\bin\api-ms-win-crt-string-l1-1-0.dll
0x00000266fa8c0000 - 0x00000266fa8c3000 	C:\Program Files\Java\javafx-sdk-18.0.1\bin\api-ms-win-crt-time-l1-1-0.dll
0x00000266fa8d0000 - 0x00000266fa8d3000 	C:\Program Files\Java\javafx-sdk-18.0.1\bin\api-ms-win-crt-utility-l1-1-0.dll
0x00007ffed98a0000 - 0x00007ffed999c000 	C:\Program Files\Java\javafx-sdk-18.0.1\bin\ucrtbase.dll
0x00007fff32930000 - 0x00007fff3294a000 	C:\Program Files\Java\javafx-sdk-18.0.1\bin\vcruntime140.dll
0x00007fff59690000 - 0x00007fff5969c000 	C:\Program Files\Java\javafx-sdk-18.0.1\bin\vcruntime140_1.dll
0x00007ffed8fe0000 - 0x00007ffed906d000 	C:\Program Files\Java\javafx-sdk-18.0.1\bin\msvcp140.dll
0x00007fff2b5e0000 - 0x00007fff2b60c000 	C:\Program Files\Java\javafx-sdk-18.0.1\bin\prism_d3d.dll
0x00007fff521e0000 - 0x00007fff52386000 	C:\Windows\system32\d3d9.dll
0x00007fff5ad70000 - 0x00007fff5ad9f000 	C:\Windows\SYSTEM32\dwmapi.dll
0x00007fff5a6a0000 - 0x00007fff5a6d8000 	C:\Windows\SYSTEM32\dxcore.dll
0x00007fff5a380000 - 0x00007fff5a42c000 	C:\Windows\system32\uxtheme.dll
0x00007fff532b0000 - 0x00007fff533b7000 	C:\Windows\System32\DriverStore\FileRepository\nvltig.inf_amd64_ce837e92efe9cbc4\nvldumdx.dll
0x00007fff5c9f0000 - 0x00007fff5ca02000 	C:\Windows\SYSTEM32\msasn1.dll
0x00007fff54980000 - 0x00007fff549b1000 	C:\Windows\SYSTEM32\cryptnet.dll
0x00007fff5d160000 - 0x00007fff5d2c2000 	C:\Windows\System32\CRYPT32.dll
0x00007fff52f50000 - 0x00007fff53099000 	C:\Windows\SYSTEM32\drvstore.dll
0x00007fff5ce50000 - 0x00007fff5ce7c000 	C:\Windows\SYSTEM32\devobj.dll
0x00007fff5ce00000 - 0x00007fff5ce4c000 	C:\Windows\SYSTEM32\cfgmgr32.dll
0x00007fff5ca60000 - 0x00007fff5ca9d000 	C:\Windows\SYSTEM32\wldp.dll
0x00007fff5c990000 - 0x00007fff5c99c000 	C:\Windows\SYSTEM32\cryptbase.dll
0x00007fff5d8b0000 - 0x00007fff5d917000 	C:\Windows\System32\WINTRUST.DLL
0x00007fff5eaf0000 - 0x00007fff5eb0f000 	C:\Windows\System32\imagehlp.dll
0x00007fff5c9a0000 - 0x00007fff5c9b8000 	C:\Windows\SYSTEM32\CRYPTSP.dll
0x00007fff5c280000 - 0x00007fff5c2b5000 	C:\Windows\system32\rsaenh.dll
0x00007fff5cb10000 - 0x00007fff5cb37000 	C:\Windows\SYSTEM32\bcrypt.dll
0x00007ffee0330000 - 0x00007ffee1ab8000 	C:\Windows\System32\DriverStore\FileRepository\nvltig.inf_amd64_ce837e92efe9cbc4\nvd3dumx.dll
0x00007fff56f80000 - 0x00007fff56fc4000 	C:\Windows\SYSTEM32\directxdatabasehelper.dll
0x00007fff5aa10000 - 0x00007fff5aa44000 	C:\Windows\SYSTEM32\ntmarta.dll
0x00007ffed9850000 - 0x00007ffed9892000 	C:\Program Files\Java\javafx-sdk-18.0.1\bin\glass.dll
0x00007fff5ed00000 - 0x00007fff5edec000 	C:\Windows\System32\COMDLG32.dll
0x00007fff5ef30000 - 0x00007fff5f0ca000 	C:\Windows\System32\ole32.dll
0x00007fff5f550000 - 0x00007fff5f626000 	C:\Windows\System32\OLEAUT32.dll
0x00007fff5dc10000 - 0x00007fff5dd2e000 	C:\Windows\System32\MSCTF.dll
0x00007ffee2240000 - 0x00007ffee2503000 	C:\Windows\system32\nvspcap64.dll
0x00007fff5c7e0000 - 0x00007fff5c804000 	C:\Windows\SYSTEM32\gpapi.dll
0x00007fff2b5c0000 - 0x00007fff2b5d4000 	C:\Program Files\Java\javafx-sdk-18.0.1\bin\javafx_font.dll
0x00007fff37e10000 - 0x00007fff3806f000 	C:\Windows\SYSTEM32\dwrite.dll
0x00007fff5ea40000 - 0x00007fff5eaef000 	C:\Windows\System32\clbcatq.dll
0x00007fff54af0000 - 0x00007fff54c9e000 	C:\Windows\SYSTEM32\WindowsCodecs.dll
0x00007fff36300000 - 0x00007fff3635d000 	C:\Windows\system32\dataexchange.dll
0x00007fff53ce0000 - 0x00007fff53f46000 	C:\Windows\system32\twinapi.appcore.dll
0x00007fff35fe0000 - 0x00007fff36012000 	C:\Program Files\Common Files\Microsoft Shared\Ink\rtscom.dll
0x00007fff3f140000 - 0x00007fff3f26d000 	C:\Windows\SYSTEM32\textinputframework.dll
0x00007fff59fa0000 - 0x00007fff5a0d2000 	C:\Windows\SYSTEM32\CoreMessaging.dll

dbghelp: loaded successfully - version: 4.0.5 - missing functions: none
symbol engine: initialized successfully - sym options: 0x614 - pdb path: .;C:\Program Files\Java\jdk-17.0.2\bin;C:\Windows\SYSTEM32;C:\Windows\WinSxS\amd64_microsoft.windows.common-controls_6595b64144ccf1df_6.0.22000.120_none_9d947278b86cc467;C:\Program Files\Java\jdk-17.0.2\bin\server;C:\Program Files\Java\javafx-sdk-18.0.1\bin;C:\Windows\System32\DriverStore\FileRepository\nvltig.inf_amd64_ce837e92efe9cbc4;C:\Program Files\Common Files\Microsoft Shared\Ink

VM Arguments:
jvm_args: -Dfile.encoding=UTF-8 --add-modules=javafx.controls,javafx.fxml --module-path=C:\Users\juanc\OneDrive\Documentos\Universidad 3\POO\SEATORA\build\classes;C:\Program Files\Java\javafx-sdk-18.0.1\lib\javafx-swt.jar;C:\Program Files\Java\javafx-sdk-18.0.1\lib\javafx.base.jar;C:\Program Files\Java\javafx-sdk-18.0.1\lib\javafx.controls.jar;C:\Program Files\Java\javafx-sdk-18.0.1\lib\javafx.fxml.jar;C:\Program Files\Java\javafx-sdk-18.0.1\lib\javafx.graphics.jar;C:\Program Files\Java\javafx-sdk-18.0.1\lib\javafx.media.jar;C:\Program Files\Java\javafx-sdk-18.0.1\lib\javafx.swing.jar;C:\Program Files\Java\javafx-sdk-18.0.1\lib\javafx.web.jar 
java_command: start.Seatora
java_class_path (initial): C:\Program Files\Java\javafx-sdk-18.0.1\lib\javafx-swt.jar;C:\Program Files\Java\javafx-sdk-18.0.1\lib\javafx.base.jar;C:\Program Files\Java\javafx-sdk-18.0.1\lib\javafx.controls.jar;C:\Program Files\Java\javafx-sdk-18.0.1\lib\javafx.fxml.jar;C:\Program Files\Java\javafx-sdk-18.0.1\lib\javafx.graphics.jar;C:\Program Files\Java\javafx-sdk-18.0.1\lib\javafx.media.jar;C:\Program Files\Java\javafx-sdk-18.0.1\lib\javafx.swing.jar;C:\Program Files\Java\javafx-sdk-18.0.1\lib\javafx.web.jar;C:\Users\juanc\OneDrive\Documentos\Universidad 3\POO\SEATORA\build\classes
Launcher Type: SUN_STANDARD

[Global flags]
     intx CICompilerCount                          = 12                                        {product} {ergonomic}
     uint ConcGCThreads                            = 3                                         {product} {ergonomic}
     uint G1ConcRefinementThreads                  = 13                                        {product} {ergonomic}
   size_t G1HeapRegionSize                         = 4194304                                   {product} {ergonomic}
    uintx GCDrainStackTargetSize                   = 64                                        {product} {ergonomic}
   size_t InitialHeapSize                          = 402653184                                 {product} {ergonomic}
   size_t MarkStackSize                            = 4194304                                   {product} {ergonomic}
   size_t MaxHeapSize                              = 6404702208                                {product} {ergonomic}
   size_t MaxNewSize                               = 3841982464                                {product} {ergonomic}
   size_t MinHeapDeltaBytes                        = 4194304                                   {product} {ergonomic}
   size_t MinHeapSize                              = 8388608                                   {product} {ergonomic}
    uintx NonNMethodCodeHeapSize                   = 7602480                                {pd product} {ergonomic}
    uintx NonProfiledCodeHeapSize                  = 122027880                              {pd product} {ergonomic}
    uintx ProfiledCodeHeapSize                     = 122027880                              {pd product} {ergonomic}
    uintx ReservedCodeCacheSize                    = 251658240                              {pd product} {ergonomic}
     bool SegmentedCodeCache                       = true                                      {product} {ergonomic}
   size_t SoftMaxHeapSize                          = 6404702208                             {manageable} {ergonomic}
     bool UseCompressedClassPointers               = true                           {product lp64_product} {ergonomic}
     bool UseCompressedOops                        = true                           {product lp64_product} {ergonomic}
     bool UseG1GC                                  = true                                      {product} {ergonomic}
     bool UseLargePagesIndividualAllocation        = false                                  {pd product} {ergonomic}

Logging:
Log output configuration:
 #0: stdout all=off uptime,level,tags
 #1: stderr all=off uptime,level,tags

Environment Variables:
PATH=C:\Program Files\Common Files\Oracle\Java\javapath;C:\Program Files (x86)\Common Files\Oracle\Java\javapath;C:\Windows\system32;C:\Windows;C:\Windows\System32\Wbem;C:\Windows\System32\WindowsPowerShell\v1.0\;C:\Windows\System32\OpenSSH\;C:\Program Files (x86)\NVIDIA Corporation\PhysX\Common;C:\Program Files\NVIDIA Corporation\NVIDIA NvDLISR;C:\Users\juanc\AppData\Local\Microsoft\WindowsApps;;C:\Users\juanc\AppData\Local\Programs\Microsoft VS Code\bin
USERNAME=juanc
OS=Windows_NT
PROCESSOR_IDENTIFIER=AMD64 Family 25 Model 80 Stepping 0, AuthenticAMD



---------------  S Y S T E M  ---------------

OS:
 Windows 11 , 64 bit Build 22000 (10.0.22000.675)
OS uptime: 0 days 3:03 hours

CPU: total 16 (initial active 16) (16 cores per cpu, 2 threads per core) family 25 model 80 stepping 0 microcode 0x0, cx8, cmov, fxsr, ht, mmx, 3dnowpref, sse, sse2, sse3, ssse3, sse4a, sse4.1, sse4.2, popcnt, lzcnt, tsc, tscinvbit, avx, avx2, aes, erms, clmul, bmi1, bmi2, adx, sha, fma, vzeroupper, clflush, clflushopt

Memory: 4k page, system-wide physical 24428M (14775M free)
TotalPageFile size 28012M (AvailPageFile size 14488M)
current process WorkingSet (physical memory assigned to process): 174M, peak: 249M
current process commit charge ("private bytes"): 625M, peak: 694M

vm_info: Java HotSpot(TM) 64-Bit Server VM (17.0.2+8-LTS-86) for windows-amd64 JRE (17.0.2+8-LTS-86), built on Dec  7 2021 21:51:03 by "mach5one" with MS VC++ 16.8 / 16.9 (VS2019)

END.
