#
# A fatal error has been detected by the Java Runtime Environment:
#
#  EXCEPTION_ACCESS_VIOLATION (0xc0000005) at pc=0x00007ff96eec6a87, pid=17748, tid=64852
#
# JRE version: Java(TM) SE Runtime Environment (16.0.1+9) (build 16.0.1+9-24)
# Java VM: Java HotSpot(TM) 64-Bit Server VM (16.0.1+9-24, mixed mode, sharing, tiered, compressed oops, compressed class ptrs, g1 gc, windows-amd64)
# Problematic frame:
# C  [glass.dll+0x26a87]
#
# No core dump will be written. Minidumps are not enabled by default on client versions of Windows
#
# If you would like to submit a bug report, please visit:
#   https://bugreport.java.com/bugreport/crash.jsp
#

---------------  S U M M A R Y ------------

Command Line: -Dfile.encoding=UTF-8 --add-modules=javafx.controls,javafx.fxml --module-path=C:\Users\Adames\Music\Universidad\POO\HG_Performance\build\classes;C:\Program Files\Java\javafx-sdk-17.0.1\lib\javafx-swt.jar;C:\Program Files\Java\javafx-sdk-17.0.1\lib\javafx.base.jar;C:\Program Files\Java\javafx-sdk-17.0.1\lib\javafx.controls.jar;C:\Program Files\Java\javafx-sdk-17.0.1\lib\javafx.fxml.jar;C:\Program Files\Java\javafx-sdk-17.0.1\lib\javafx.graphics.jar;C:\Program Files\Java\javafx-sdk-17.0.1\lib\javafx.media.jar;C:\Program Files\Java\javafx-sdk-17.0.1\lib\javafx.swing.jar;C:\Program Files\Java\javafx-sdk-17.0.1\lib\javafx.web.jar start.HG_Performance

Host: Intel(R) Core(TM) i7-6500U CPU @ 2.50GHz, 4 cores, 15G,  Windows 10 , 64 bit Build 22494 (10.0.22494.1000)
Time: Mon Nov 15 23:46:54 2021 Hora est. Pacífico, Sudamérica elapsed time: 8.578228 seconds (0d 0h 0m 8s)

---------------  T H R E A D  ---------------

Current thread (0x000001615f5bcea0):  VMThread "VM Thread" [stack: 0x000000535af00000,0x000000535b000000] [id=64852]

Stack: [0x000000535af00000,0x000000535b000000],  sp=0x000000535affec70,  free space=1019k
Native frames: (J=compiled Java code, j=interpreted, Vv=VM code, C=native code)
C  [glass.dll+0x26a87]


siginfo: EXCEPTION_ACCESS_VIOLATION (0xc0000005), reading address 0x0000000000000000


Register to memory mapping:

RIP=0x00007ff96eec6a87 glass.dll
RAX=0x0 is NULL
RBX=0x000001615f5d24b0 is a global jni handle
RCX=0x000001615f5bcea0 points into unknown readable memory: 0x00007ff928fef628 | 28 f6 fe 28 f9 7f 00 00
RDX=0x000000535affec70 points into unknown readable memory: 0x0000000000000000 | 00 00 00 00 00 00 00 00
RSP=0x000000535affec70 points into unknown readable memory: 0x0000000000000000 | 00 00 00 00 00 00 00 00
RBP=0x0000016160a3e068 points into unknown readable memory: 0x0000b4d25b9c4eb1 | b1 4e 9c 5b d2 b4 00 00
RSI=0x000000535affed78 points into unknown readable memory: 0x000000535affed60 | 60 ed ff 5a 53 00 00 00
RDI=0x0000016160a3e040 points into unknown readable memory: 0x7cd8b4d2a46e9369 | 69 93 6e a4 d2 b4 d8 7c
R8 =0x0000000000010002 is an unknown value
R9 =0x0000016160a3e040 points into unknown readable memory: 0x7cd8b4d2a46e9369 | 69 93 6e a4 d2 b4 d8 7c
R10=0x85f13e9656da4870 is an unknown value
R11=0x000000535affec00 points into unknown readable memory: 0x0000016160a3e040 | 40 e0 a3 60 61 01 00 00
R12=0x00007ff96eec4354 glass.dll
R13=0x000001613d307700 points into unknown readable memory: 0x8000000900000001 | 01 00 00 00 09 00 00 80
R14=0x0000b4d25b9c4eb1 is an unknown value
R15=0x0000016160a3e040 points into unknown readable memory: 0x7cd8b4d2a46e9369 | 69 93 6e a4 d2 b4 d8 7c


Registers:
RAX=0x0000000000000000, RBX=0x000001615f5d24b0, RCX=0x000001615f5bcea0, RDX=0x000000535affec70
RSP=0x000000535affec70, RBP=0x0000016160a3e068, RSI=0x000000535affed78, RDI=0x0000016160a3e040
R8 =0x0000000000010002, R9 =0x0000016160a3e040, R10=0x85f13e9656da4870, R11=0x000000535affec00
R12=0x00007ff96eec4354, R13=0x000001613d307700, R14=0x0000b4d25b9c4eb1, R15=0x0000016160a3e040
RIP=0x00007ff96eec6a87, EFLAGS=0x0000000000010202

Top of Stack: (sp=0x000000535affec70)
0x000000535affec70:   0000000000000000 000000535affed78
0x000000535affec80:   000001613d307700 00007ff96eec4354
0x000000535affec90:   0000016160a3e048 00007ff989163973
0x000000535affeca0:   0000016160a3e040 0000016100000000
0x000000535affecb0:   0000016160a3e068 000000535affed78
0x000000535affecc0:   fffffffffffffffe 0000000000000000
0x000000535affecd0:   0000000000000001 00007ff96eea0000
0x000000535affece0:   000000535affed68 00007ff989130022
0x000000535affecf0:   0000000000000000 000000535affed78
0x000000535affed00:   000000535afff060 0000000000000001
0x000000535affed10:   0000000000000001 00007ff98912ffdd
0x000000535affed20:   0000000000000000 00007ff96eec3b4d
0x000000535affed30:   0000000000000000 000000535affed68
0x000000535affed40:   fffffffffffffffe 000000535affed00
0x000000535affed50:   0000000000000000 00007ff96eec41e1
0x000000535affed60:   00007ff96eeda138 0000000000000002 

Instructions: (pc=0x00007ff96eec6a87)
0x00007ff96eec6987:   8b 4d 58 e8 01 cf ff ff 48 8b 4d 60 e8 f8 ce ff
0x00007ff96eec6997:   ff 48 8b 95 80 00 00 00 48 8b 8d 18 01 00 00 e8
0x00007ff96eec69a7:   c6 c3 ff ff 33 d2 33 c9 e8 3c e1 ff ff 90 48 89
0x00007ff96eec69b7:   54 24 10 55 48 83 ec 20 48 8b ea 48 b8 00 00 00
0x00007ff96eec69c7:   00 00 00 00 00 48 83 c4 20 5d c3 cc 40 55 48 8b
0x00007ff96eec69d7:   ea 48 8b 01 33 c9 81 38 05 00 00 c0 0f 94 c1 8b
0x00007ff96eec69e7:   c1 5d c3 cc 40 55 48 83 ec 20 48 8b ea 8a 4d 40
0x00007ff96eec69f7:   48 83 c4 20 5d e9 f7 d2 ff ff cc 40 55 48 83 ec
0x00007ff96eec6a07:   20 48 8b ea 8a 4d 20 e8 e5 d2 ff ff 90 48 83 c4
0x00007ff96eec6a17:   20 5d c3 cc 40 55 48 83 ec 20 48 8b ea 48 83 c4
0x00007ff96eec6a27:   20 5d e9 46 d1 ff ff cc 40 55 48 83 ec 30 48 8b
0x00007ff96eec6a37:   ea 48 8b 01 8b 10 48 89 4c 24 28 89 54 24 20 4c
0x00007ff96eec6a47:   8d 0d e7 d5 ff ff 4c 8b 45 70 8b 55 68 48 8b 4d
0x00007ff96eec6a57:   60 e8 87 d0 ff ff 90 48 83 c4 30 5d c3 cc cc cc
0x00007ff96eec6a67:   cc cc cc cc cc cc cc cc cc 40 53 48 83 ec 20 48
0x00007ff96eec6a77:   8b 1d b3 30 01 00 48 85 db 74 16 e8 09 8b ff ff
0x00007ff96eec6a87:   4c 8b 00 48 8b d3 48 8b c8 41 ff 90 b0 00 00 00
0x00007ff96eec6a97:   90 48 83 c4 20 5b c3 cc cc 40 53 48 83 ec 20 48
0x00007ff96eec6aa7:   8b 1d 2b 32 01 00 48 85 db 74 57 b8 ff ff ff ff
0x00007ff96eec6ab7:   f0 0f c1 43 10 83 f8 01 75 3d 48 85 db 74 38 48
0x00007ff96eec6ac7:   8b 0b 48 85 c9 74 0d ff 15 d4 07 00 00 48 c7 03
0x00007ff96eec6ad7:   00 00 00 00 48 8b 4b 08 48 85 c9 74 0d e8 a7 cd
0x00007ff96eec6ae7:   ff ff 48 c7 43 08 00 00 00 00 ba 18 00 00 00 48
0x00007ff96eec6af7:   8b cb e8 92 cd ff ff 48 c7 05 cf 31 01 00 00 00
0x00007ff96eec6b07:   00 00 48 83 c4 20 5b c3 cc 40 53 48 83 ec 20 48
0x00007ff96eec6b17:   8b 1d 9b 31 01 00 48 85 db 74 57 b8 ff ff ff ff
0x00007ff96eec6b27:   f0 0f c1 43 10 83 f8 01 75 3d 48 85 db 74 38 48
0x00007ff96eec6b37:   8b 0b 48 85 c9 74 0d ff 15 64 07 00 00 48 c7 03
0x00007ff96eec6b47:   00 00 00 00 48 8b 4b 08 48 85 c9 74 0d e8 37 cd
0x00007ff96eec6b57:   ff ff 48 c7 43 08 00 00 00 00 ba 18 00 00 00 48
0x00007ff96eec6b67:   8b cb e8 22 cd ff ff 48 c7 05 3f 31 01 00 00 00
0x00007ff96eec6b77:   00 00 48 83 c4 20 5b c3 cc 40 53 48 83 ec 20 48 


Stack slot to memory mapping:
stack at sp + 0 slots: 0x0 is NULL
stack at sp + 1 slots: 0x000000535affed78 points into unknown readable memory: 0x000000535affed60 | 60 ed ff 5a 53 00 00 00
stack at sp + 2 slots: 0x000001613d307700 points into unknown readable memory: 0x8000000900000001 | 01 00 00 00 09 00 00 80
stack at sp + 3 slots: 0x00007ff96eec4354 glass.dll
stack at sp + 4 slots: 0x0000016160a3e048 points into unknown readable memory: 0x0000b4d25b9c4eb1 | b1 4e 9c 5b d2 b4 00 00
stack at sp + 5 slots: 0x00007ff989163973 ucrtbase.dll
stack at sp + 6 slots: 0x0000016160a3e040 points into unknown readable memory: 0x7cd8b4d2a46e9369 | 69 93 6e a4 d2 b4 d8 7c
stack at sp + 7 slots: 0x0000016100000000 is an unknown value

VM_Operation (0x000000535c3f6030): Exit, mode: safepoint, requested by thread 0x000001616057ebf0


---------------  P R O C E S S  ---------------

Threads class SMR info:
_java_thread_list=0x0000016167ee8d30, length=19, elements={
0x000001613d2a9f50, 0x000001615f5c0090, 0x000001615f5c0c60, 0x000001615f5d3ac0,
0x000001615f5d4b70, 0x000001615f5f5c30, 0x000001615f601f60, 0x000001615f605110,
0x000001615f60a220, 0x000001613d37df20, 0x00000161607827a0, 0x00000161607699a0,
0x000001616057e6d0, 0x000001616057ebf0, 0x0000016160b81340, 0x0000016160b81860,
0x0000016167d66da0, 0x0000016167d692d0, 0x0000016167d69d70
}

Java Threads: ( => current thread )
  0x000001613d2a9f50 JavaThread "main" [_thread_blocked, id=48068, stack(0x000000535a900000,0x000000535aa00000)]
  0x000001615f5c0090 JavaThread "Reference Handler" daemon [_thread_blocked, id=64236, stack(0x000000535b000000,0x000000535b100000)]
  0x000001615f5c0c60 JavaThread "Finalizer" daemon [_thread_blocked, id=62900, stack(0x000000535b100000,0x000000535b200000)]
  0x000001615f5d3ac0 JavaThread "Attach Listener" daemon [_thread_blocked, id=64328, stack(0x000000535b300000,0x000000535b400000)]
  0x000001615f5d4b70 JavaThread "Service Thread" daemon [_thread_blocked, id=68204, stack(0x000000535b400000,0x000000535b500000)]
  0x000001615f5f5c30 JavaThread "Monitor Deflation Thread" daemon [_thread_blocked, id=42696, stack(0x000000535b500000,0x000000535b600000)]
  0x000001615f601f60 JavaThread "C2 CompilerThread0" daemon [_thread_blocked, id=68476, stack(0x000000535b600000,0x000000535b700000)]
  0x000001615f605110 JavaThread "C1 CompilerThread0" daemon [_thread_blocked, id=63824, stack(0x000000535b700000,0x000000535b800000)]
  0x000001615f60a220 JavaThread "Sweeper thread" daemon [_thread_blocked, id=61884, stack(0x000000535b800000,0x000000535b900000)]
  0x000001613d37df20 JavaThread "Common-Cleaner" daemon [_thread_blocked, id=4364, stack(0x000000535b900000,0x000000535ba00000)]
  0x00000161607827a0 JavaThread "Notification Thread" daemon [_thread_blocked, id=60248, stack(0x000000535bb00000,0x000000535bc00000)]
  0x00000161607699a0 JavaThread "QuantumRenderer-0" daemon [_thread_blocked, id=65796, stack(0x000000535ba00000,0x000000535bb00000)]
  0x000001616057e6d0 JavaThread "InvokeLaterDispatcher" daemon [_thread_blocked, id=65988, stack(0x000000535c200000,0x000000535c300000)]
  0x000001616057ebf0 JavaThread "JavaFX Application Thread" [_thread_blocked, id=65280, stack(0x000000535c300000,0x000000535c400000)]
  0x0000016160b81340 JavaThread "JavaFX-Launcher" [_thread_blocked, id=64656, stack(0x000000535cb00000,0x000000535cc00000)]
  0x0000016160b81860 JavaThread "Thread-2" daemon [_thread_in_native, id=60488, stack(0x000000535ca00000,0x000000535cb00000)]
  0x0000016167d66da0 JavaThread "Prism Font Disposer" daemon [_thread_blocked, id=12784, stack(0x000000535ce00000,0x000000535cf00000)]
  0x0000016167d692d0 JavaThread "Cleaner-0" daemon [_thread_blocked, id=64140, stack(0x000000535cf00000,0x000000535d000000)]
  0x0000016167d69d70 JavaThread "Glass/Prism Shutdown Hook" [_thread_blocked, id=66580, stack(0x000000535d200000,0x000000535d300000)]

Other Threads:
=>0x000001615f5bcea0 VMThread "VM Thread" [stack: 0x000000535af00000,0x000000535b000000] [id=64852]
  0x000001613d2f47f0 GCTaskThread "GC Thread#0" [stack: 0x000000535aa00000,0x000000535ab00000] [id=58008]
  0x00000161604f21a0 GCTaskThread "GC Thread#1" [stack: 0x000000535bf00000,0x000000535c000000] [id=63940]
  0x00000161604fb880 GCTaskThread "GC Thread#2" [stack: 0x000000535c000000,0x000000535c100000] [id=67644]
  0x00000161604f1650 GCTaskThread "GC Thread#3" [stack: 0x000000535c100000,0x000000535c200000] [id=65860]
  0x000001613d305790 ConcurrentGCThread "G1 Main Marker" terminated
  0x000001613d306930 ConcurrentGCThread "G1 Conc#0" [stack: 0x000000535ac00000,0x000000535ad00000] [id=19404]
  0x000001615f4820c0 ConcurrentGCThread "G1 Refine#0" terminated
  0x000001615f483800 ConcurrentGCThread "G1 Service" terminated

Threads with active compile tasks:
C1 CompilerThread0  
[error occurred during error reporting (printing all threads), id 0xc0000005, EXCEPTION_ACCESS_VIOLATION (0xc0000005) at pc=0x00007ff928e0bb63]

VM state: at safepoint (shutting down)

VM Mutex/Monitor currently owned by a thread:  ([mutex/lock_event])
[0x000001613d2a5090] Threads_lock - owner thread: 0x000001615f5bcea0
[0x000001613d2a6200] Heap_lock - owner thread: 0x000001616057ebf0

Heap address: 0x0000000702000000, size: 4064 MB, Compressed Oops mode: Zero based, Oop shift amount: 3

CDS archive(s) mapped at: [0x0000000800000000-0x0000000800bb0000-0x0000000800bb0000), size 12255232, SharedBaseAddress: 0x0000000800000000, ArchiveRelocationMode: 0.
Compressed class space mapped at: 0x0000000800c00000-0x0000000840c00000, reserved size: 1073741824
Narrow klass base: 0x0000000800000000, Narrow klass shift: 3, Narrow klass range: 0x100000000

GC Precious Log:
 CPUs: 4 total, 4 available
 Memory: 16255M
 Large Page Support: Disabled
 NUMA Support: Disabled
 Compressed Oops: Enabled (Zero based)
 Heap Region Size: 2M
 Heap Min Capacity: 8M
 Heap Initial Capacity: 254M
 Heap Max Capacity: 4064M
 Pre-touch: Disabled
 Parallel Workers: 4
 Concurrent Workers: 1
 Concurrent Refinement Workers: 4
 Periodic GC: Disabled

Heap:
 garbage-first heap   total 260096K, used 45930K [0x0000000702000000, 0x0000000800000000)
  region size 2048K, 22 young (45056K), 2 survivors (4096K)
 Metaspace       used 16519K, committed 16704K, reserved 1064960K
  class space    used 2463K, committed 2560K, reserved 1048576K

Heap Regions: E=young(eden), S=young(survivor), O=old, HS=humongous(starts), HC=humongous(continues), CS=collection set, F=free, OA=open archive, CA=closed archive, TAMS=top-at-mark-start (previous, next)
|   0|0x0000000702000000, 0x00000007020daa00, 0x0000000702200000| 42%| O|  |TAMS 0x0000000702000000, 0x0000000702000000| Untracked 
|   1|0x0000000702200000, 0x0000000702400000, 0x0000000702400000|100%|HS|  |TAMS 0x0000000702200000, 0x0000000702200000| Complete 
|   2|0x0000000702400000, 0x0000000702400000, 0x0000000702600000|  0%| F|  |TAMS 0x0000000702400000, 0x0000000702400000| Untracked 
|   3|0x0000000702600000, 0x0000000702600000, 0x0000000702800000|  0%| F|  |TAMS 0x0000000702600000, 0x0000000702600000| Untracked 
|   4|0x0000000702800000, 0x0000000702800000, 0x0000000702a00000|  0%| F|  |TAMS 0x0000000702800000, 0x0000000702800000| Untracked 
|   5|0x0000000702a00000, 0x0000000702a00000, 0x0000000702c00000|  0%| F|  |TAMS 0x0000000702a00000, 0x0000000702a00000| Untracked 
|   6|0x0000000702c00000, 0x0000000702c00000, 0x0000000702e00000|  0%| F|  |TAMS 0x0000000702c00000, 0x0000000702c00000| Untracked 
|   7|0x0000000702e00000, 0x0000000702e00000, 0x0000000703000000|  0%| F|  |TAMS 0x0000000702e00000, 0x0000000702e00000| Untracked 
|   8|0x0000000703000000, 0x0000000703000000, 0x0000000703200000|  0%| F|  |TAMS 0x0000000703000000, 0x0000000703000000| Untracked 
|   9|0x0000000703200000, 0x0000000703200000, 0x0000000703400000|  0%| F|  |TAMS 0x0000000703200000, 0x0000000703200000| Untracked 
|  10|0x0000000703400000, 0x0000000703400000, 0x0000000703600000|  0%| F|  |TAMS 0x0000000703400000, 0x0000000703400000| Untracked 
|  11|0x0000000703600000, 0x0000000703600000, 0x0000000703800000|  0%| F|  |TAMS 0x0000000703600000, 0x0000000703600000| Untracked 
|  12|0x0000000703800000, 0x0000000703800000, 0x0000000703a00000|  0%| F|  |TAMS 0x0000000703800000, 0x0000000703800000| Untracked 
|  13|0x0000000703a00000, 0x0000000703a00000, 0x0000000703c00000|  0%| F|  |TAMS 0x0000000703a00000, 0x0000000703a00000| Untracked 
|  14|0x0000000703c00000, 0x0000000703c00000, 0x0000000703e00000|  0%| F|  |TAMS 0x0000000703c00000, 0x0000000703c00000| Untracked 
|  15|0x0000000703e00000, 0x0000000703e00000, 0x0000000704000000|  0%| F|  |TAMS 0x0000000703e00000, 0x0000000703e00000| Untracked 
|  16|0x0000000704000000, 0x0000000704000000, 0x0000000704200000|  0%| F|  |TAMS 0x0000000704000000, 0x0000000704000000| Untracked 
|  17|0x0000000704200000, 0x0000000704200000, 0x0000000704400000|  0%| F|  |TAMS 0x0000000704200000, 0x0000000704200000| Untracked 
|  18|0x0000000704400000, 0x0000000704400000, 0x0000000704600000|  0%| F|  |TAMS 0x0000000704400000, 0x0000000704400000| Untracked 
|  19|0x0000000704600000, 0x0000000704600000, 0x0000000704800000|  0%| F|  |TAMS 0x0000000704600000, 0x0000000704600000| Untracked 
|  20|0x0000000704800000, 0x0000000704800000, 0x0000000704a00000|  0%| F|  |TAMS 0x0000000704800000, 0x0000000704800000| Untracked 
|  21|0x0000000704a00000, 0x0000000704a00000, 0x0000000704c00000|  0%| F|  |TAMS 0x0000000704a00000, 0x0000000704a00000| Untracked 
|  22|0x0000000704c00000, 0x0000000704c00000, 0x0000000704e00000|  0%| F|  |TAMS 0x0000000704c00000, 0x0000000704c00000| Untracked 
|  23|0x0000000704e00000, 0x0000000704e00000, 0x0000000705000000|  0%| F|  |TAMS 0x0000000704e00000, 0x0000000704e00000| Untracked 
|  24|0x0000000705000000, 0x0000000705000000, 0x0000000705200000|  0%| F|  |TAMS 0x0000000705000000, 0x0000000705000000| Untracked 
|  25|0x0000000705200000, 0x0000000705200000, 0x0000000705400000|  0%| F|  |TAMS 0x0000000705200000, 0x0000000705200000| Untracked 
|  26|0x0000000705400000, 0x0000000705400000, 0x0000000705600000|  0%| F|  |TAMS 0x0000000705400000, 0x0000000705400000| Untracked 
|  27|0x0000000705600000, 0x0000000705600000, 0x0000000705800000|  0%| F|  |TAMS 0x0000000705600000, 0x0000000705600000| Untracked 
|  28|0x0000000705800000, 0x0000000705800000, 0x0000000705a00000|  0%| F|  |TAMS 0x0000000705800000, 0x0000000705800000| Untracked 
|  29|0x0000000705a00000, 0x0000000705a00000, 0x0000000705c00000|  0%| F|  |TAMS 0x0000000705a00000, 0x0000000705a00000| Untracked 
|  30|0x0000000705c00000, 0x0000000705c00000, 0x0000000705e00000|  0%| F|  |TAMS 0x0000000705c00000, 0x0000000705c00000| Untracked 
|  31|0x0000000705e00000, 0x0000000705e00000, 0x0000000706000000|  0%| F|  |TAMS 0x0000000705e00000, 0x0000000705e00000| Untracked 
|  32|0x0000000706000000, 0x0000000706000000, 0x0000000706200000|  0%| F|  |TAMS 0x0000000706000000, 0x0000000706000000| Untracked 
|  33|0x0000000706200000, 0x0000000706200000, 0x0000000706400000|  0%| F|  |TAMS 0x0000000706200000, 0x0000000706200000| Untracked 
|  34|0x0000000706400000, 0x0000000706400000, 0x0000000706600000|  0%| F|  |TAMS 0x0000000706400000, 0x0000000706400000| Untracked 
|  35|0x0000000706600000, 0x0000000706600000, 0x0000000706800000|  0%| F|  |TAMS 0x0000000706600000, 0x0000000706600000| Untracked 
|  36|0x0000000706800000, 0x0000000706800000, 0x0000000706a00000|  0%| F|  |TAMS 0x0000000706800000, 0x0000000706800000| Untracked 
|  37|0x0000000706a00000, 0x0000000706a00000, 0x0000000706c00000|  0%| F|  |TAMS 0x0000000706a00000, 0x0000000706a00000| Untracked 
|  38|0x0000000706c00000, 0x0000000706c00000, 0x0000000706e00000|  0%| F|  |TAMS 0x0000000706c00000, 0x0000000706c00000| Untracked 
|  39|0x0000000706e00000, 0x0000000706e00000, 0x0000000707000000|  0%| F|  |TAMS 0x0000000706e00000, 0x0000000706e00000| Untracked 
|  40|0x0000000707000000, 0x0000000707000000, 0x0000000707200000|  0%| F|  |TAMS 0x0000000707000000, 0x0000000707000000| Untracked 
|  41|0x0000000707200000, 0x0000000707200000, 0x0000000707400000|  0%| F|  |TAMS 0x0000000707200000, 0x0000000707200000| Untracked 
|  42|0x0000000707400000, 0x0000000707400000, 0x0000000707600000|  0%| F|  |TAMS 0x0000000707400000, 0x0000000707400000| Untracked 
|  43|0x0000000707600000, 0x0000000707600000, 0x0000000707800000|  0%| F|  |TAMS 0x0000000707600000, 0x0000000707600000| Untracked 
|  44|0x0000000707800000, 0x0000000707800000, 0x0000000707a00000|  0%| F|  |TAMS 0x0000000707800000, 0x0000000707800000| Untracked 
|  45|0x0000000707a00000, 0x0000000707a00000, 0x0000000707c00000|  0%| F|  |TAMS 0x0000000707a00000, 0x0000000707a00000| Untracked 
|  46|0x0000000707c00000, 0x0000000707c00000, 0x0000000707e00000|  0%| F|  |TAMS 0x0000000707c00000, 0x0000000707c00000| Untracked 
|  47|0x0000000707e00000, 0x0000000707e00000, 0x0000000708000000|  0%| F|  |TAMS 0x0000000707e00000, 0x0000000707e00000| Untracked 
|  48|0x0000000708000000, 0x0000000708000000, 0x0000000708200000|  0%| F|  |TAMS 0x0000000708000000, 0x0000000708000000| Untracked 
|  49|0x0000000708200000, 0x0000000708200000, 0x0000000708400000|  0%| F|  |TAMS 0x0000000708200000, 0x0000000708200000| Untracked 
|  50|0x0000000708400000, 0x0000000708400000, 0x0000000708600000|  0%| F|  |TAMS 0x0000000708400000, 0x0000000708400000| Untracked 
|  51|0x0000000708600000, 0x0000000708600000, 0x0000000708800000|  0%| F|  |TAMS 0x0000000708600000, 0x0000000708600000| Untracked 
|  52|0x0000000708800000, 0x0000000708800000, 0x0000000708a00000|  0%| F|  |TAMS 0x0000000708800000, 0x0000000708800000| Untracked 
|  53|0x0000000708a00000, 0x0000000708a00000, 0x0000000708c00000|  0%| F|  |TAMS 0x0000000708a00000, 0x0000000708a00000| Untracked 
|  54|0x0000000708c00000, 0x0000000708c00000, 0x0000000708e00000|  0%| F|  |TAMS 0x0000000708c00000, 0x0000000708c00000| Untracked 
|  55|0x0000000708e00000, 0x0000000708e00000, 0x0000000709000000|  0%| F|  |TAMS 0x0000000708e00000, 0x0000000708e00000| Untracked 
|  56|0x0000000709000000, 0x0000000709000000, 0x0000000709200000|  0%| F|  |TAMS 0x0000000709000000, 0x0000000709000000| Untracked 
|  57|0x0000000709200000, 0x0000000709200000, 0x0000000709400000|  0%| F|  |TAMS 0x0000000709200000, 0x0000000709200000| Untracked 
|  58|0x0000000709400000, 0x0000000709400000, 0x0000000709600000|  0%| F|  |TAMS 0x0000000709400000, 0x0000000709400000| Untracked 
|  59|0x0000000709600000, 0x0000000709600000, 0x0000000709800000|  0%| F|  |TAMS 0x0000000709600000, 0x0000000709600000| Untracked 
|  60|0x0000000709800000, 0x0000000709800000, 0x0000000709a00000|  0%| F|  |TAMS 0x0000000709800000, 0x0000000709800000| Untracked 
|  61|0x0000000709a00000, 0x0000000709a00000, 0x0000000709c00000|  0%| F|  |TAMS 0x0000000709a00000, 0x0000000709a00000| Untracked 
|  62|0x0000000709c00000, 0x0000000709c00000, 0x0000000709e00000|  0%| F|  |TAMS 0x0000000709c00000, 0x0000000709c00000| Untracked 
|  63|0x0000000709e00000, 0x0000000709e00000, 0x000000070a000000|  0%| F|  |TAMS 0x0000000709e00000, 0x0000000709e00000| Untracked 
|  64|0x000000070a000000, 0x000000070a000000, 0x000000070a200000|  0%| F|  |TAMS 0x000000070a000000, 0x000000070a000000| Untracked 
|  65|0x000000070a200000, 0x000000070a200000, 0x000000070a400000|  0%| F|  |TAMS 0x000000070a200000, 0x000000070a200000| Untracked 
|  66|0x000000070a400000, 0x000000070a400000, 0x000000070a600000|  0%| F|  |TAMS 0x000000070a400000, 0x000000070a400000| Untracked 
|  67|0x000000070a600000, 0x000000070a600000, 0x000000070a800000|  0%| F|  |TAMS 0x000000070a600000, 0x000000070a600000| Untracked 
|  68|0x000000070a800000, 0x000000070a800000, 0x000000070aa00000|  0%| F|  |TAMS 0x000000070a800000, 0x000000070a800000| Untracked 
|  69|0x000000070aa00000, 0x000000070aa00000, 0x000000070ac00000|  0%| F|  |TAMS 0x000000070aa00000, 0x000000070aa00000| Untracked 
|  70|0x000000070ac00000, 0x000000070ac00000, 0x000000070ae00000|  0%| F|  |TAMS 0x000000070ac00000, 0x000000070ac00000| Untracked 
|  71|0x000000070ae00000, 0x000000070ae00000, 0x000000070b000000|  0%| F|  |TAMS 0x000000070ae00000, 0x000000070ae00000| Untracked 
|  72|0x000000070b000000, 0x000000070b000000, 0x000000070b200000|  0%| F|  |TAMS 0x000000070b000000, 0x000000070b000000| Untracked 
|  73|0x000000070b200000, 0x000000070b200000, 0x000000070b400000|  0%| F|  |TAMS 0x000000070b200000, 0x000000070b200000| Untracked 
|  74|0x000000070b400000, 0x000000070b400000, 0x000000070b600000|  0%| F|  |TAMS 0x000000070b400000, 0x000000070b400000| Untracked 
|  75|0x000000070b600000, 0x000000070b600000, 0x000000070b800000|  0%| F|  |TAMS 0x000000070b600000, 0x000000070b600000| Untracked 
|  76|0x000000070b800000, 0x000000070b800000, 0x000000070ba00000|  0%| F|  |TAMS 0x000000070b800000, 0x000000070b800000| Untracked 
|  77|0x000000070ba00000, 0x000000070ba00000, 0x000000070bc00000|  0%| F|  |TAMS 0x000000070ba00000, 0x000000070ba00000| Untracked 
|  78|0x000000070bc00000, 0x000000070bc00000, 0x000000070be00000|  0%| F|  |TAMS 0x000000070bc00000, 0x000000070bc00000| Untracked 
|  79|0x000000070be00000, 0x000000070be00000, 0x000000070c000000|  0%| F|  |TAMS 0x000000070be00000, 0x000000070be00000| Untracked 
|  80|0x000000070c000000, 0x000000070c000000, 0x000000070c200000|  0%| F|  |TAMS 0x000000070c000000, 0x000000070c000000| Untracked 
|  81|0x000000070c200000, 0x000000070c200000, 0x000000070c400000|  0%| F|  |TAMS 0x000000070c200000, 0x000000070c200000| Untracked 
|  82|0x000000070c400000, 0x000000070c400000, 0x000000070c600000|  0%| F|  |TAMS 0x000000070c400000, 0x000000070c400000| Untracked 
|  83|0x000000070c600000, 0x000000070c600000, 0x000000070c800000|  0%| F|  |TAMS 0x000000070c600000, 0x000000070c600000| Untracked 
|  84|0x000000070c800000, 0x000000070c800000, 0x000000070ca00000|  0%| F|  |TAMS 0x000000070c800000, 0x000000070c800000| Untracked 
|  85|0x000000070ca00000, 0x000000070ca00000, 0x000000070cc00000|  0%| F|  |TAMS 0x000000070ca00000, 0x000000070ca00000| Untracked 
|  86|0x000000070cc00000, 0x000000070cc00000, 0x000000070ce00000|  0%| F|  |TAMS 0x000000070cc00000, 0x000000070cc00000| Untracked 
|  87|0x000000070ce00000, 0x000000070ce00000, 0x000000070d000000|  0%| F|  |TAMS 0x000000070ce00000, 0x000000070ce00000| Untracked 
|  88|0x000000070d000000, 0x000000070d000000, 0x000000070d200000|  0%| F|  |TAMS 0x000000070d000000, 0x000000070d000000| Untracked 
|  89|0x000000070d200000, 0x000000070d200000, 0x000000070d400000|  0%| F|  |TAMS 0x000000070d200000, 0x000000070d200000| Untracked 
|  90|0x000000070d400000, 0x000000070d400000, 0x000000070d600000|  0%| F|  |TAMS 0x000000070d400000, 0x000000070d400000| Untracked 
|  91|0x000000070d600000, 0x000000070d600000, 0x000000070d800000|  0%| F|  |TAMS 0x000000070d600000, 0x000000070d600000| Untracked 
|  92|0x000000070d800000, 0x000000070d800000, 0x000000070da00000|  0%| F|  |TAMS 0x000000070d800000, 0x000000070d800000| Untracked 
|  93|0x000000070da00000, 0x000000070da00000, 0x000000070dc00000|  0%| F|  |TAMS 0x000000070da00000, 0x000000070da00000| Untracked 
|  94|0x000000070dc00000, 0x000000070dc00000, 0x000000070de00000|  0%| F|  |TAMS 0x000000070dc00000, 0x000000070dc00000| Untracked 
|  95|0x000000070de00000, 0x000000070de00000, 0x000000070e000000|  0%| F|  |TAMS 0x000000070de00000, 0x000000070de00000| Untracked 
|  96|0x000000070e000000, 0x000000070e000000, 0x000000070e200000|  0%| F|  |TAMS 0x000000070e000000, 0x000000070e000000| Untracked 
|  97|0x000000070e200000, 0x000000070e200000, 0x000000070e400000|  0%| F|  |TAMS 0x000000070e200000, 0x000000070e200000| Untracked 
|  98|0x000000070e400000, 0x000000070e400000, 0x000000070e600000|  0%| F|  |TAMS 0x000000070e400000, 0x000000070e400000| Untracked 
|  99|0x000000070e600000, 0x000000070e600000, 0x000000070e800000|  0%| F|  |TAMS 0x000000070e600000, 0x000000070e600000| Untracked 
| 100|0x000000070e800000, 0x000000070e800000, 0x000000070ea00000|  0%| F|  |TAMS 0x000000070e800000, 0x000000070e800000| Untracked 
| 101|0x000000070ea00000, 0x000000070ea00000, 0x000000070ec00000|  0%| F|  |TAMS 0x000000070ea00000, 0x000000070ea00000| Untracked 
| 102|0x000000070ec00000, 0x000000070ec00000, 0x000000070ee00000|  0%| F|  |TAMS 0x000000070ec00000, 0x000000070ec00000| Untracked 
| 103|0x000000070ee00000, 0x000000070ee00000, 0x000000070f000000|  0%| F|  |TAMS 0x000000070ee00000, 0x000000070ee00000| Untracked 
| 104|0x000000070f000000, 0x000000070f000000, 0x000000070f200000|  0%| F|  |TAMS 0x000000070f000000, 0x000000070f000000| Untracked 
| 105|0x000000070f200000, 0x000000070f400000, 0x000000070f400000|100%| E|  |TAMS 0x000000070f200000, 0x000000070f200000| Complete 
| 106|0x000000070f400000, 0x000000070f600000, 0x000000070f600000|100%| E|CS|TAMS 0x000000070f400000, 0x000000070f400000| Complete 
| 107|0x000000070f600000, 0x000000070f800000, 0x000000070f800000|100%| E|CS|TAMS 0x000000070f600000, 0x000000070f600000| Complete 
| 108|0x000000070f800000, 0x000000070fa00000, 0x000000070fa00000|100%| E|CS|TAMS 0x000000070f800000, 0x000000070f800000| Complete 
| 109|0x000000070fa00000, 0x000000070fc00000, 0x000000070fc00000|100%| E|CS|TAMS 0x000000070fa00000, 0x000000070fa00000| Complete 
| 110|0x000000070fc00000, 0x000000070fe00000, 0x000000070fe00000|100%| E|CS|TAMS 0x000000070fc00000, 0x000000070fc00000| Complete 
| 111|0x000000070fe00000, 0x0000000710000000, 0x0000000710000000|100%| E|CS|TAMS 0x000000070fe00000, 0x000000070fe00000| Complete 
| 112|0x0000000710000000, 0x0000000710200000, 0x0000000710200000|100%| E|CS|TAMS 0x0000000710000000, 0x0000000710000000| Complete 
| 113|0x0000000710200000, 0x0000000710400000, 0x0000000710400000|100%| E|CS|TAMS 0x0000000710200000, 0x0000000710200000| Complete 
| 114|0x0000000710400000, 0x0000000710600000, 0x0000000710600000|100%| E|CS|TAMS 0x0000000710400000, 0x0000000710400000| Complete 
| 115|0x0000000710600000, 0x0000000710800000, 0x0000000710800000|100%| E|CS|TAMS 0x0000000710600000, 0x0000000710600000| Complete 
| 116|0x0000000710800000, 0x0000000710a00000, 0x0000000710a00000|100%| S|CS|TAMS 0x0000000710800000, 0x0000000710800000| Complete 
| 117|0x0000000710a00000, 0x0000000710c00000, 0x0000000710c00000|100%| S|CS|TAMS 0x0000000710a00000, 0x0000000710a00000| Complete 
| 118|0x0000000710c00000, 0x0000000710e00000, 0x0000000710e00000|100%| E|CS|TAMS 0x0000000710c00000, 0x0000000710c00000| Complete 
| 119|0x0000000710e00000, 0x0000000711000000, 0x0000000711000000|100%| E|CS|TAMS 0x0000000710e00000, 0x0000000710e00000| Complete 
| 120|0x0000000711000000, 0x0000000711200000, 0x0000000711200000|100%| E|CS|TAMS 0x0000000711000000, 0x0000000711000000| Complete 
| 121|0x0000000711200000, 0x0000000711400000, 0x0000000711400000|100%| E|CS|TAMS 0x0000000711200000, 0x0000000711200000| Complete 
| 122|0x0000000711400000, 0x0000000711600000, 0x0000000711600000|100%| E|CS|TAMS 0x0000000711400000, 0x0000000711400000| Complete 
| 123|0x0000000711600000, 0x0000000711800000, 0x0000000711800000|100%| E|CS|TAMS 0x0000000711600000, 0x0000000711600000| Complete 
| 124|0x0000000711800000, 0x0000000711a00000, 0x0000000711a00000|100%| E|CS|TAMS 0x0000000711800000, 0x0000000711800000| Complete 
| 125|0x0000000711a00000, 0x0000000711c00000, 0x0000000711c00000|100%| E|CS|TAMS 0x0000000711a00000, 0x0000000711a00000| Complete 
| 126|0x0000000711c00000, 0x0000000711e00000, 0x0000000711e00000|100%| E|CS|TAMS 0x0000000711c00000, 0x0000000711c00000| Complete 

Card table byte_map: [0x0000016154210000,0x0000016154a00000] _byte_map_base: 0x0000016150a00000

Marking Bits (Prev, Next): (CMBitMap*) 0x000001613d2f4df0, (CMBitMap*) 0x000001613d2f4e30
 Prev Bits: [0x00000161551f0000, 0x0000016159170000)
 Next Bits: [0x0000016159170000, 0x000001615d0f0000)

Polling page: 0x000001613ca80000

Metaspace:

Usage:
  Non-class:     13.73 MB used.
      Class:      2.41 MB used.
       Both:     16.13 MB used.

Virtual space:
  Non-class space:       16.00 MB reserved,      13.81 MB ( 86%) committed,  2 nodes.
      Class space:        1.00 GB reserved,       2.50 MB ( <1%) committed,  1 nodes.
              Both:        1.02 GB reserved,      16.31 MB (  2%) committed. 

Chunk freelists:
   Non-Class:  1.75 MB
       Class:  1.34 MB
        Both:  3.09 MB

MaxMetaspaceSize: 17179869184.00 GB
CompressedClassSpaceSize: 1.00 GB
 - commit_granule_bytes: 65536.
 - commit_granule_words: 8192.
 - virtual_space_node_default_size: 1048576.
 - enlarge_chunks_in_place: 1.
 - new_chunks_are_fully_committed: 0.
 - uncommit_free_chunks: 1.
 - use_allocation_guard: 0.
 - handle_deallocations: 1.


Internal statistics:

num_allocs_failed_limit: 0.
num_arena_births: 206.
num_arena_deaths: 0.
num_vsnodes_births: 3.
num_vsnodes_deaths: 0.
num_space_committed: 261.
num_space_uncommitted: 0.
num_chunks_returned_to_freelist: 0.
num_chunks_taken_from_freelist: 806.
num_chunk_merges: 0.
num_chunk_splits: 535.
num_chunks_enlarged: 408.
num_purges: 0.

CodeHeap 'non-profiled nmethods': size=120000Kb used=1061Kb max_used=1061Kb free=118938Kb
 bounds [0x000001614c4f0000, 0x000001614c760000, 0x0000016153a20000]
CodeHeap 'profiled nmethods': size=120000Kb used=4739Kb max_used=4739Kb free=115261Kb
 bounds [0x0000016144fc0000, 0x0000016145470000, 0x000001614c4f0000]
CodeHeap 'non-nmethods': size=5760Kb used=1443Kb max_used=1513Kb free=4316Kb
 bounds [0x0000016144a20000, 0x0000016144c90000, 0x0000016144fc0000]
 total_blobs=3392 nmethods=2588 adapters=715
 compilation: enabled
              stopped_count=0, restarted_count=0
 full_count=0

Compilation events (20 events):
Event: 8.012 Thread 0x000001615f601f60 2598       4       java.util.WeakHashMap::get (75 bytes)
Event: 8.013 Thread 0x000001615f605110 nmethod 2594 0x000001614545e410 code [0x000001614545e5e0, 0x000001614545e958]
Event: 8.013 Thread 0x000001615f605110 2595       3       javafx.scene.control.skin.LabeledSkinBase::isIgnoreText (43 bytes)
Event: 8.013 Thread 0x000001615f605110 nmethod 2595 0x000001614545ea90 code [0x000001614545eca0, 0x000001614545f388]
Event: 8.013 Thread 0x000001615f605110 2596       1       com.sun.javafx.sg.prism.NGNode::isVisible (5 bytes)
Event: 8.014 Thread 0x000001615f605110 nmethod 2596 0x000001614c5f7c10 code [0x000001614c5f7da0, 0x000001614c5f7e78]
Event: 8.014 Thread 0x000001615f605110 2597       1       com.sun.prism.impl.BaseGraphics::getPaint (5 bytes)
Event: 8.014 Thread 0x000001615f605110 nmethod 2597 0x000001614c5f7f10 code [0x000001614c5f80a0, 0x000001614c5f8178]
Event: 8.014 Thread 0x000001615f605110 2592       3       java.util.WeakHashMap::<init> (9 bytes)
Event: 8.014 Thread 0x000001615f605110 nmethod 2592 0x000001614545f590 code [0x000001614545f760, 0x000001614545f8a8]
Event: 8.024 Thread 0x000001615f601f60 nmethod 2598 0x000001614c5f8210 code [0x000001614c5f83e0, 0x000001614c5f8e78]
Event: 8.122 Thread 0x000001615f605110 2599       1       com.sun.scenario.animation.AnimationPulse::getEnabled (5 bytes)
Event: 8.122 Thread 0x000001615f605110 nmethod 2599 0x000001614c5f9290 code [0x000001614c5f9420, 0x000001614c5f94f8]
Event: 8.137 Thread 0x000001615f605110 2600       3       javafx.scene.Camera::getNearClip (21 bytes)
Event: 8.138 Thread 0x000001615f605110 nmethod 2600 0x000001614545f990 code [0x000001614545fb80, 0x000001614545ff48]
Event: 8.138 Thread 0x000001615f605110 2601       3       javafx.scene.Camera::getFarClip (21 bytes)
Event: 8.138 Thread 0x000001615f605110 nmethod 2601 0x0000016145460090 code [0x0000016145460280, 0x0000016145460648]
Event: 8.143 Thread 0x000001615f605110 2602       3       com.sun.javafx.tk.quantum.GlassScene::getAccessControlContext (22 bytes)
Event: 8.143 Thread 0x000001615f605110 nmethod 2602 0x0000016145460790 code [0x0000016145460940, 0x0000016145460b68]
Event: 8.160 Thread 0x000001615f605110 2603       3       com.sun.javafx.font.FontStrikeDesc::hashCode (68 bytes)

GC Heap History (4 events):
Event: 0.673 GC heap before
{Heap before GC invocations=0 (full 0):
 garbage-first heap   total 260096K, used 10240K [0x0000000702000000, 0x0000000800000000)
  region size 2048K, 6 young (12288K), 0 survivors (0K)
 Metaspace       used 2337K, committed 2496K, reserved 1056768K
  class space    used 233K, committed 320K, reserved 1048576K
}
Event: 0.677 GC heap after
{Heap after GC invocations=1 (full 0):
 garbage-first heap   total 260096K, used 1827K [0x0000000702000000, 0x0000000800000000)
  region size 2048K, 1 young (2048K), 1 survivors (2048K)
 Metaspace       used 2337K, committed 2496K, reserved 1056768K
  class space    used 233K, committed 320K, reserved 1048576K
}
Event: 1.159 GC heap before
{Heap before GC invocations=1 (full 0):
 garbage-first heap   total 260096K, used 16163K [0x0000000702000000, 0x0000000800000000)
  region size 2048K, 9 young (18432K), 1 survivors (2048K)
 Metaspace       used 7635K, committed 7808K, reserved 1064960K
  class space    used 947K, committed 1024K, reserved 1048576K
}
Event: 1.164 GC heap after
{Heap after GC invocations=2 (full 0):
 garbage-first heap   total 260096K, used 4970K [0x0000000702000000, 0x0000000800000000)
  region size 2048K, 2 young (4096K), 2 survivors (4096K)
 Metaspace       used 7635K, committed 7808K, reserved 1064960K
  class space    used 947K, committed 1024K, reserved 1048576K
}

Deoptimization events (20 events):
Event: 1.605 Thread 0x000001616057ebf0 Uncommon trap: trap_request=0xffffffde fr.pc=0x000001614c502ec8 relative=0x00000000000001a8
Event: 1.605 Thread 0x000001616057ebf0 Uncommon trap: reason=class_check action=maybe_recompile pc=0x000001614c502ec8 method=java.lang.String.equals(Ljava/lang/Object;)Z @ 8 c2
Event: 1.605 Thread 0x000001616057ebf0 DEOPT PACKING pc=0x000001614c502ec8 sp=0x000000535c3fd900
Event: 1.606 Thread 0x000001616057ebf0 DEOPT UNPACKING pc=0x0000016144a6d72e sp=0x000000535c3fd8a8 mode 2
Event: 1.606 Thread 0x000001616057ebf0 Uncommon trap: trap_request=0xffffffde fr.pc=0x000001614c502ec8 relative=0x00000000000001a8
Event: 1.606 Thread 0x000001616057ebf0 Uncommon trap: reason=class_check action=maybe_recompile pc=0x000001614c502ec8 method=java.lang.String.equals(Ljava/lang/Object;)Z @ 8 c2
Event: 1.606 Thread 0x000001616057ebf0 DEOPT PACKING pc=0x000001614c502ec8 sp=0x000000535c3fd810
Event: 1.606 Thread 0x000001616057ebf0 DEOPT UNPACKING pc=0x0000016144a6d72e sp=0x000000535c3fd7b8 mode 2
Event: 1.606 Thread 0x000001616057ebf0 Uncommon trap: trap_request=0xffffffde fr.pc=0x000001614c502ec8 relative=0x00000000000001a8
Event: 1.606 Thread 0x000001616057ebf0 Uncommon trap: reason=class_check action=maybe_recompile pc=0x000001614c502ec8 method=java.lang.String.equals(Ljava/lang/Object;)Z @ 8 c2
Event: 1.606 Thread 0x000001616057ebf0 DEOPT PACKING pc=0x000001614c502ec8 sp=0x000000535c3fd810
Event: 1.606 Thread 0x000001616057ebf0 DEOPT UNPACKING pc=0x0000016144a6d72e sp=0x000000535c3fd7b8 mode 2
Event: 1.608 Thread 0x000001616057ebf0 Uncommon trap: trap_request=0xffffffde fr.pc=0x000001614c502ec8 relative=0x00000000000001a8
Event: 1.608 Thread 0x000001616057ebf0 Uncommon trap: reason=class_check action=maybe_recompile pc=0x000001614c502ec8 method=java.lang.String.equals(Ljava/lang/Object;)Z @ 8 c2
Event: 1.608 Thread 0x000001616057ebf0 DEOPT PACKING pc=0x000001614c502ec8 sp=0x000000535c3fd610
Event: 1.608 Thread 0x000001616057ebf0 DEOPT UNPACKING pc=0x0000016144a6d72e sp=0x000000535c3fd5b8 mode 2
Event: 1.711 Thread 0x000001616057ebf0 Uncommon trap: trap_request=0xffffff45 fr.pc=0x000001614c543054 relative=0x00000000000001b4
Event: 1.711 Thread 0x000001616057ebf0 Uncommon trap: reason=unstable_if action=reinterpret pc=0x000001614c543054 method=java.io.ByteArrayInputStream.read()I @ 8 c2
Event: 1.711 Thread 0x000001616057ebf0 DEOPT PACKING pc=0x000001614c543054 sp=0x000000535c3fc480
Event: 1.711 Thread 0x000001616057ebf0 DEOPT UNPACKING pc=0x0000016144a6d72e sp=0x000000535c3fc438 mode 2

Classes unloaded (0 events):
No events

Classes redefined (0 events):
No events

Internal exceptions (20 events):
Event: 1.226 Thread 0x000001616057ebf0 Exception <a 'java/lang/NoSuchMethodError'{0x0000000711a590f0}: 'void java.lang.invoke.DirectMethodHandle$Holder.invokeStaticInit(java.lang.Object, java.lang.Object)'> (0x0000000711a590f0) 
thrown [t:\workspace\open\src\hotspot\share\interpreter\linkResolver.cpp, line 790]
Event: 1.271 Thread 0x000001616057ebf0 Exception <a 'java/lang/NoSuchMethodError'{0x000000071180f640}: 'void java.lang.invoke.DirectMethodHandle$Holder.invokeSpecial(java.lang.Object, java.lang.Object, java.lang.Object, java.lang.Object, java.lang.Object)'> (0x000000071180f640) 
thrown [t:\workspace\open\src\hotspot\share\interpreter\linkResolver.cpp, line 790]
Event: 1.345 Thread 0x000001616057ebf0 Exception <a 'java/io/FileNotFoundException'{0x000000071196a600}> (0x000000071196a600) 
thrown [t:\workspace\open\src\hotspot\share\prims\jni.cpp, line 579]
Event: 1.351 Thread 0x000001616057ebf0 Exception <a 'java/io/FileNotFoundException'{0x0000000711984f48}> (0x0000000711984f48) 
thrown [t:\workspace\open\src\hotspot\share\prims\jni.cpp, line 579]
Event: 1.434 Thread 0x000001616057ebf0 Implicit null exception at 0x000001614c530f60 to 0x000001614c530ffa
Event: 1.448 Thread 0x000001616057ebf0 Implicit null exception at 0x000001614c54458f to 0x000001614c544948
Event: 1.632 Thread 0x000001616057ebf0 Exception <a 'java/lang/NoSuchMethodError'{0x00000007110746e0}: 'java.lang.Object java.lang.invoke.DirectMethodHandle$Holder.invokeInterface(java.lang.Object, java.lang.Object, java.lang.Object)'> (0x00000007110746e0) 
thrown [t:\workspace\open\src\hotspot\share\interpreter\linkResolver.cpp, line 790]
Event: 1.633 Thread 0x000001616057ebf0 Exception <a 'java/lang/IncompatibleClassChangeError'{0x0000000711078260}: Found class java.lang.Object, but interface was expected> (0x0000000711078260) 
thrown [t:\workspace\open\src\hotspot\share\interpreter\linkResolver.cpp, line 857]
Event: 1.750 Thread 0x000001616057ebf0 Exception <a 'java/lang/NoSuchMethodError'{0x0000000710e54a18}: 'java.lang.Object java.lang.invoke.DirectMethodHandle$Holder.newInvokeSpecial(java.lang.Object, java.lang.Object, int)'> (0x0000000710e54a18) 
thrown [t:\workspace\open\src\hotspot\share\interpreter\linkResolver.cpp, line 790]
Event: 1.793 Thread 0x00000161607699a0 Exception <a 'java/lang/NoSuchMethodError'{0x0000000710f92350}: 'int java.lang.invoke.DirectMethodHandle$Holder.invokeStaticInit(java.lang.Object, java.lang.Object)'> (0x0000000710f92350) 
thrown [t:\workspace\open\src\hotspot\share\interpreter\linkResolver.cpp, line 790]
Event: 3.115 Thread 0x000001616057ebf0 Exception <a 'java/lang/NoSuchMethodError'{0x000000071073e170}: 'long java.lang.invoke.DirectMethodHandle$Holder.invokeStatic(java.lang.Object, java.lang.Object, java.lang.Object)'> (0x000000071073e170) 
thrown [t:\workspace\open\src\hotspot\share\interpreter\linkResolver.cpp, line 790]
Event: 3.116 Thread 0x000001616057ebf0 Exception <a 'java/lang/NoSuchMethodError'{0x0000000710741b20}: 'long java.lang.invoke.DirectMethodHandle$Holder.invokeStaticInit(java.lang.Object, java.lang.Object, java.lang.Object)'> (0x0000000710741b20) 
thrown [t:\workspace\open\src\hotspot\share\interpreter\linkResolver.cpp, line 790]
Event: 3.119 Thread 0x000001616057ebf0 Exception <a 'java/lang/NoSuchMethodError'{0x0000000710759a40}: 'java.lang.Object java.lang.invoke.DirectMethodHandle$Holder.newInvokeSpecial(java.lang.Object, java.lang.Object, long)'> (0x0000000710759a40) 
thrown [t:\workspace\open\src\hotspot\share\interpreter\linkResolver.cpp, line 790]
Event: 3.120 Thread 0x000001616057ebf0 Exception <a 'java/lang/NoSuchMethodError'{0x00000007107608e0}: 'java.lang.Object java.lang.invoke.Invokers$Holder.linkToTargetMethod(java.lang.Object, long, java.lang.Object)'> (0x00000007107608e0) 
thrown [t:\workspace\open\src\hotspot\share\interpreter\linkResolver.cpp, line 790]
Event: 3.339 Thread 0x000001616057ebf0 Exception <a 'java/lang/ClassNotFoundException'{0x000000071000afa0}: com/sun/javafx/scene/control/skin/resources/controls> (0x000000071000afa0) 
thrown [t:\workspace\open\src\hotspot\share\prims\jni.cpp, line 600]
Event: 3.341 Thread 0x000001616057ebf0 Exception <a 'java/lang/ClassNotFoundException'{0x0000000710019238}: com/sun/javafx/scene/control/skin/resources/controls_es> (0x0000000710019238) 
thrown [t:\workspace\open\src\hotspot\share\prims\jni.cpp, line 600]
Event: 3.343 Thread 0x000001616057ebf0 Exception <a 'java/lang/ClassNotFoundException'{0x0000000710027190}: com/sun/javafx/scene/control/skin/resources/controls_es_CO> (0x0000000710027190) 
thrown [t:\workspace\open\src\hotspot\share\prims\jni.cpp, line 600]
Event: 3.533 Thread 0x000001616057ebf0 Exception <a 'java/lang/NoSuchMethodError'{0x000000070fda8390}: 'void java.lang.invoke.DirectMethodHandle$Holder.invokeSpecial(java.lang.Object, java.lang.Object, java.lang.Object, java.lang.Object, java.lang.Object, java.lang.Object)'> (0x000000070fda8390) 
thrown [t:\workspace\open\src\hotspot\share\interpreter\linkResolver.cpp, line 790]
Event: 3.633 Thread 0x000001616057ebf0 Exception <a 'java/lang/NoSuchMethodError'{0x000000070f94d690}: 'void java.lang.invoke.DirectMethodHandle$Holder.invokeSpecialIFC(java.lang.Object, java.lang.Object, java.lang.Object, java.lang.Object)'> (0x000000070f94d690) 
thrown [t:\workspace\open\src\hotspot\share\interpreter\linkResolver.cpp, line 790]
Event: 3.672 Thread 0x000001616057ebf0 Exception <a 'java/lang/NoSuchMethodError'{0x000000070f665e30}: 'int java.lang.invoke.DirectMethodHandle$Holder.invokeSpecial(java.lang.Object, java.lang.Object, int)'> (0x000000070f665e30) 
thrown [t:\workspace\open\src\hotspot\share\interpreter\linkResolver.cpp, line 790]

Events (20 events):
Event: 3.619 loading class java/util/stream/IntPipeline$1
Event: 3.619 loading class java/util/stream/IntPipeline$1 done
Event: 3.619 loading class java/util/stream/IntPipeline$1$1
Event: 3.619 loading class java/util/stream/IntPipeline$1$1 done
Event: 3.724 Executing  VM operation: ICBufferFull
Event: 3.724 Executing  VM operation: ICBufferFull done
Event: 4.382 Thread 0x0000016168071bf0 Thread exited: 0x0000016168071bf0
Event: 4.724 Executing  VM operation: Cleanup
Event: 4.725 Executing  VM operation: Cleanup done
Event: 6.284 Thread 0x0000016168071bf0 Thread added: 0x0000016168071bf0
Event: 6.681 Thread 0x0000016168071bf0 Thread exited: 0x0000016168071bf0
Event: 6.725 Executing  VM operation: Cleanup
Event: 6.725 Executing  VM operation: Cleanup done
Event: 7.725 Executing  VM operation: Cleanup
Event: 7.725 Executing  VM operation: Cleanup done
Event: 8.149 Thread 0x0000016167d682e0 Thread added: 0x0000016167d682e0
Event: 8.149 Thread 0x0000016167d69d70 Thread added: 0x0000016167d69d70
Event: 8.158 Thread 0x0000016167d682e0 Thread exited: 0x0000016167d682e0
Event: 8.160 Executing  VM operation: Exit
Event: 8.160 Thread 0x000001615f5d31b0 Thread exited: 0x000001615f5d31b0


Dynamic libraries:
0x00007ff77b940000 - 0x00007ff77b950000 	C:\Program Files\Java\jdk-16.0.1\bin\java.exe
0x00007ff98b520000 - 0x00007ff98b72f000 	C:\WINDOWS\SYSTEM32\ntdll.dll
0x00007ff98a740000 - 0x00007ff98a7fd000 	C:\WINDOWS\System32\KERNEL32.DLL
0x00007ff988ae0000 - 0x00007ff988e6c000 	C:\WINDOWS\System32\KERNELBASE.dll
0x00007ff989110000 - 0x00007ff989221000 	C:\WINDOWS\System32\ucrtbase.dll
0x00007ff979a10000 - 0x00007ff979a29000 	C:\Program Files\Java\jdk-16.0.1\bin\VCRUNTIME140.dll
0x00007ff977330000 - 0x00007ff977348000 	C:\Program Files\Java\jdk-16.0.1\bin\jli.dll
0x00007ff98b1b0000 - 0x00007ff98b25e000 	C:\WINDOWS\System32\ADVAPI32.dll
0x00007ff98ab00000 - 0x00007ff98aba4000 	C:\WINDOWS\System32\msvcrt.dll
0x00007ff98a450000 - 0x00007ff98a4f1000 	C:\WINDOWS\System32\sechost.dll
0x00007ff98a5e0000 - 0x00007ff98a6ff000 	C:\WINDOWS\System32\RPCRT4.dll
0x00007ff98a950000 - 0x00007ff98aaf6000 	C:\WINDOWS\System32\USER32.dll
0x00007ff988f00000 - 0x00007ff988f26000 	C:\WINDOWS\System32\win32u.dll
0x00007ff9789a0000 - 0x00007ff978c41000 	C:\WINDOWS\WinSxS\amd64_microsoft.windows.common-controls_6595b64144ccf1df_6.0.22494.1000_none_23deebcec6cdf010\COMCTL32.dll
0x00007ff98a420000 - 0x00007ff98a449000 	C:\WINDOWS\System32\GDI32.dll
0x00007ff988ff0000 - 0x00007ff989107000 	C:\WINDOWS\System32\gdi32full.dll
0x00007ff988a40000 - 0x00007ff988ada000 	C:\WINDOWS\System32\msvcp_win.dll
0x00007ff981090000 - 0x00007ff98109a000 	C:\WINDOWS\SYSTEM32\VERSION.dll
0x00007ff98a700000 - 0x00007ff98a731000 	C:\WINDOWS\System32\IMM32.DLL
0x00007ff979a00000 - 0x00007ff979a0c000 	C:\Program Files\Java\jdk-16.0.1\bin\vcruntime140_1.dll
0x00007ff96eb20000 - 0x00007ff96ebb1000 	C:\Program Files\Java\jdk-16.0.1\bin\msvcp140.dll
0x00007ff928680000 - 0x00007ff92922b000 	C:\Program Files\Java\jdk-16.0.1\bin\server\jvm.dll
0x00007ff98b0b0000 - 0x00007ff98b0b8000 	C:\WINDOWS\System32\PSAPI.DLL
0x00007ff975c20000 - 0x00007ff975c29000 	C:\WINDOWS\SYSTEM32\WSOCK32.dll
0x00007ff98a560000 - 0x00007ff98a5d1000 	C:\WINDOWS\System32\WS2_32.dll
0x00007ff981780000 - 0x00007ff9817b4000 	C:\WINDOWS\SYSTEM32\WINMM.dll
0x00007ff987ba0000 - 0x00007ff987bb8000 	C:\WINDOWS\SYSTEM32\kernel.appcore.dll
0x00007ff977c30000 - 0x00007ff977c3a000 	C:\Program Files\Java\jdk-16.0.1\bin\jimage.dll
0x00007ff982300000 - 0x00007ff982526000 	C:\WINDOWS\SYSTEM32\DBGHELP.DLL
0x00007ff98abb0000 - 0x00007ff98af2b000 	C:\WINDOWS\System32\combase.dll
0x00007ff976ba0000 - 0x00007ff976bd1000 	C:\WINDOWS\SYSTEM32\dbgcore.DLL
0x00007ff988e70000 - 0x00007ff988ef1000 	C:\WINDOWS\System32\bcryptPrimitives.dll
0x00007ff974550000 - 0x00007ff974575000 	C:\Program Files\Java\jdk-16.0.1\bin\java.dll
0x00007ff989650000 - 0x00007ff989e04000 	C:\WINDOWS\System32\SHELL32.dll
0x00007ff986a80000 - 0x00007ff9872dd000 	C:\WINDOWS\SYSTEM32\windows.storage.dll
0x00007ff986900000 - 0x00007ff986a49000 	C:\WINDOWS\SYSTEM32\wintypes.dll
0x00007ff98b260000 - 0x00007ff98b350000 	C:\WINDOWS\System32\SHCORE.dll
0x00007ff98b360000 - 0x00007ff98b3bb000 	C:\WINDOWS\System32\shlwapi.dll
0x00007ff988910000 - 0x00007ff988931000 	C:\WINDOWS\SYSTEM32\profapi.dll
0x00007ff976f40000 - 0x00007ff976f59000 	C:\Program Files\Java\jdk-16.0.1\bin\net.dll
0x00007ff97fcb0000 - 0x00007ff97fdc2000 	C:\WINDOWS\SYSTEM32\WINHTTP.dll
0x00007ff987fe0000 - 0x00007ff988049000 	C:\WINDOWS\system32\mswsock.dll
0x00007ff975000000 - 0x00007ff975013000 	C:\Program Files\Java\jdk-16.0.1\bin\nio.dll
0x00007ff974530000 - 0x00007ff974548000 	C:\Program Files\Java\jdk-16.0.1\bin\zip.dll
0x000001613d240000 - 0x000001613d243000 	C:\Program Files\Java\javafx-sdk-17.0.1\bin\api-ms-win-core-console-l1-1-0.dll
0x000001613d250000 - 0x000001613d253000 	C:\Program Files\Java\javafx-sdk-17.0.1\bin\api-ms-win-core-console-l1-2-0.dll
0x000001613d260000 - 0x000001613d263000 	C:\Program Files\Java\javafx-sdk-17.0.1\bin\api-ms-win-core-datetime-l1-1-0.dll
0x000001613d270000 - 0x000001613d273000 	C:\Program Files\Java\javafx-sdk-17.0.1\bin\api-ms-win-core-debug-l1-1-0.dll
0x000001615f750000 - 0x000001615f753000 	C:\Program Files\Java\javafx-sdk-17.0.1\bin\api-ms-win-core-errorhandling-l1-1-0.dll
0x000001615f760000 - 0x000001615f764000 	C:\Program Files\Java\javafx-sdk-17.0.1\bin\api-ms-win-core-file-l1-1-0.dll
0x000001615f770000 - 0x000001615f773000 	C:\Program Files\Java\javafx-sdk-17.0.1\bin\api-ms-win-core-file-l1-2-0.dll
0x000001615f780000 - 0x000001615f783000 	C:\Program Files\Java\javafx-sdk-17.0.1\bin\api-ms-win-core-file-l2-1-0.dll
0x000001615f790000 - 0x000001615f793000 	C:\Program Files\Java\javafx-sdk-17.0.1\bin\api-ms-win-core-handle-l1-1-0.dll
0x000001615f7a0000 - 0x000001615f7a3000 	C:\Program Files\Java\javafx-sdk-17.0.1\bin\api-ms-win-core-heap-l1-1-0.dll
0x000001615f7b0000 - 0x000001615f7b3000 	C:\Program Files\Java\javafx-sdk-17.0.1\bin\api-ms-win-core-interlocked-l1-1-0.dll
0x000001615f7c0000 - 0x000001615f7c3000 	C:\Program Files\Java\javafx-sdk-17.0.1\bin\api-ms-win-core-libraryloader-l1-1-0.dll
0x000001615f7d0000 - 0x000001615f7d3000 	C:\Program Files\Java\javafx-sdk-17.0.1\bin\api-ms-win-core-localization-l1-2-0.dll
0x000001615f7e0000 - 0x000001615f7e3000 	C:\Program Files\Java\javafx-sdk-17.0.1\bin\api-ms-win-core-memory-l1-1-0.dll
0x000001615f7f0000 - 0x000001615f7f3000 	C:\Program Files\Java\javafx-sdk-17.0.1\bin\api-ms-win-core-namedpipe-l1-1-0.dll
0x0000016160c00000 - 0x0000016160c03000 	C:\Program Files\Java\javafx-sdk-17.0.1\bin\api-ms-win-core-processenvironment-l1-1-0.dll
0x0000016160c10000 - 0x0000016160c13000 	C:\Program Files\Java\javafx-sdk-17.0.1\bin\api-ms-win-core-processthreads-l1-1-0.dll
0x0000016160c20000 - 0x0000016160c23000 	C:\Program Files\Java\javafx-sdk-17.0.1\bin\api-ms-win-core-processthreads-l1-1-1.dll
0x0000016160c30000 - 0x0000016160c33000 	C:\Program Files\Java\javafx-sdk-17.0.1\bin\api-ms-win-core-profile-l1-1-0.dll
0x0000016160c40000 - 0x0000016160c43000 	C:\Program Files\Java\javafx-sdk-17.0.1\bin\api-ms-win-core-rtlsupport-l1-1-0.dll
0x0000016160c50000 - 0x0000016160c53000 	C:\Program Files\Java\javafx-sdk-17.0.1\bin\api-ms-win-core-string-l1-1-0.dll
0x0000016160c60000 - 0x0000016160c63000 	C:\Program Files\Java\javafx-sdk-17.0.1\bin\api-ms-win-core-synch-l1-1-0.dll
0x0000016160c70000 - 0x0000016160c73000 	C:\Program Files\Java\javafx-sdk-17.0.1\bin\api-ms-win-core-synch-l1-2-0.dll
0x0000016160c80000 - 0x0000016160c83000 	C:\Program Files\Java\javafx-sdk-17.0.1\bin\api-ms-win-core-sysinfo-l1-1-0.dll
0x0000016160c90000 - 0x0000016160c93000 	C:\Program Files\Java\javafx-sdk-17.0.1\bin\api-ms-win-core-timezone-l1-1-0.dll
0x0000016160ca0000 - 0x0000016160ca3000 	C:\Program Files\Java\javafx-sdk-17.0.1\bin\api-ms-win-core-util-l1-1-0.dll
0x0000016160cb0000 - 0x0000016160cb3000 	C:\Program Files\Java\javafx-sdk-17.0.1\bin\api-ms-win-crt-conio-l1-1-0.dll
0x0000016160cc0000 - 0x0000016160cc4000 	C:\Program Files\Java\javafx-sdk-17.0.1\bin\api-ms-win-crt-convert-l1-1-0.dll
0x0000016160cd0000 - 0x0000016160cd3000 	C:\Program Files\Java\javafx-sdk-17.0.1\bin\api-ms-win-crt-environment-l1-1-0.dll
0x0000016160ce0000 - 0x0000016160ce3000 	C:\Program Files\Java\javafx-sdk-17.0.1\bin\api-ms-win-crt-filesystem-l1-1-0.dll
0x0000016160cf0000 - 0x0000016160cf3000 	C:\Program Files\Java\javafx-sdk-17.0.1\bin\api-ms-win-crt-heap-l1-1-0.dll
0x0000016160d00000 - 0x0000016160d03000 	C:\Program Files\Java\javafx-sdk-17.0.1\bin\api-ms-win-crt-locale-l1-1-0.dll
0x0000016160d10000 - 0x0000016160d15000 	C:\Program Files\Java\javafx-sdk-17.0.1\bin\api-ms-win-crt-math-l1-1-0.dll
0x0000016160d20000 - 0x0000016160d25000 	C:\Program Files\Java\javafx-sdk-17.0.1\bin\api-ms-win-crt-multibyte-l1-1-0.dll
0x0000016160d30000 - 0x0000016160d40000 	C:\Program Files\Java\javafx-sdk-17.0.1\bin\api-ms-win-crt-private-l1-1-0.dll
0x0000016160d40000 - 0x0000016160d43000 	C:\Program Files\Java\javafx-sdk-17.0.1\bin\api-ms-win-crt-process-l1-1-0.dll
0x0000016160d50000 - 0x0000016160d54000 	C:\Program Files\Java\javafx-sdk-17.0.1\bin\api-ms-win-crt-runtime-l1-1-0.dll
0x0000016160d60000 - 0x0000016160d64000 	C:\Program Files\Java\javafx-sdk-17.0.1\bin\api-ms-win-crt-stdio-l1-1-0.dll
0x0000016160d70000 - 0x0000016160d74000 	C:\Program Files\Java\javafx-sdk-17.0.1\bin\api-ms-win-crt-string-l1-1-0.dll
0x0000016160d80000 - 0x0000016160d83000 	C:\Program Files\Java\javafx-sdk-17.0.1\bin\api-ms-win-crt-time-l1-1-0.dll
0x0000016160d90000 - 0x0000016160d93000 	C:\Program Files\Java\javafx-sdk-17.0.1\bin\api-ms-win-crt-utility-l1-1-0.dll
0x00007ff945180000 - 0x00007ff94527c000 	C:\Program Files\Java\javafx-sdk-17.0.1\bin\ucrtbase.dll
0x00007ff976ce0000 - 0x00007ff976cfa000 	C:\Program Files\Java\javafx-sdk-17.0.1\bin\vcruntime140.dll
0x00007ff978ff0000 - 0x00007ff978ffc000 	C:\Program Files\Java\javafx-sdk-17.0.1\bin\vcruntime140_1.dll
0x00007ff973ee0000 - 0x00007ff973f6d000 	C:\Program Files\Java\javafx-sdk-17.0.1\bin\msvcp140.dll
0x00007ff976130000 - 0x00007ff97615a000 	C:\Program Files\Java\javafx-sdk-17.0.1\bin\prism_d3d.dll
0x00007ff96ad20000 - 0x00007ff96aec6000 	C:\WINDOWS\system32\d3d9.dll
0x00007ff9863a0000 - 0x00007ff9863d0000 	C:\WINDOWS\SYSTEM32\dwmapi.dll
0x00007ff986250000 - 0x00007ff986288000 	C:\WINDOWS\SYSTEM32\dxcore.dll
0x00007ff985f90000 - 0x00007ff98603b000 	C:\WINDOWS\system32\uxtheme.dll
0x00007ff937ec0000 - 0x00007ff93aebd000 	C:\WINDOWS\System32\DriverStore\FileRepository\igdlh64.inf_amd64_4645af5c659ae51a\igd9dxva64.dll
0x00007ff98a280000 - 0x00007ff98a41a000 	C:\WINDOWS\System32\ole32.dll
0x00007ff989550000 - 0x00007ff989627000 	C:\WINDOWS\System32\OLEAUT32.dll
0x00007ff981310000 - 0x00007ff981354000 	C:\WINDOWS\SYSTEM32\directxdatabasehelper.dll
0x00007ff96eea0000 - 0x00007ff96eee2000 	C:\Program Files\Java\javafx-sdk-17.0.1\bin\glass.dll
0x00007ff98b0c0000 - 0x00007ff98b1aa000 	C:\WINDOWS\System32\COMDLG32.dll
0x00007ff98b3c0000 - 0x00007ff98b4db000 	C:\WINDOWS\System32\MSCTF.dll
0x00007ff94d190000 - 0x00007ff94d36b000 	C:\WINDOWS\System32\DriverStore\FileRepository\u0369231.inf_amd64_e53bde106fa4d818\B369238\aticfx64.dll
0x00007ff964e40000 - 0x00007ff964e73000 	C:\WINDOWS\System32\DriverStore\FileRepository\u0369231.inf_amd64_e53bde106fa4d818\B369238\atiu9p64.dll
0x00007ff92a4b0000 - 0x00007ff92b146000 	C:\WINDOWS\System32\DriverStore\FileRepository\u0369231.inf_amd64_e53bde106fa4d818\B369238\atiumd64.dll
0x0000000051510000 - 0x0000000052389000 	C:\WINDOWS\System32\DriverStore\FileRepository\u0369231.inf_amd64_e53bde106fa4d818\B369238\atiumd6a.dll
0x00007ff9872f0000 - 0x00007ff98733d000 	C:\WINDOWS\SYSTEM32\POWRPROF.dll
0x00007ff9873e0000 - 0x00007ff9873f3000 	C:\WINDOWS\SYSTEM32\UMPDC.dll
0x00007ff94b820000 - 0x00007ff94b84f000 	C:\WINDOWS\SYSTEM32\amdihk64.dll
0x00007ff9467b0000 - 0x00007ff946987000 	C:\WINDOWS\System32\DriverStore\FileRepository\igdlh64.inf_amd64_4645af5c659ae51a\igdumdim64.dll
0x00007ff97c590000 - 0x00007ff97e325000 	C:\WINDOWS\System32\DriverStore\FileRepository\igdlh64.inf_amd64_4645af5c659ae51a\igc64.dll
0x00007ff9757a0000 - 0x00007ff9757cd000 	C:\Program Files\Java\javafx-sdk-17.0.1\bin\javafx_iio.dll
0x00007ff976420000 - 0x00007ff976434000 	C:\Program Files\Java\javafx-sdk-17.0.1\bin\javafx_font.dll
0x00007ff972070000 - 0x00007ff9722d6000 	C:\WINDOWS\SYSTEM32\dwrite.dll
0x00007ff98a8a0000 - 0x00007ff98a94f000 	C:\WINDOWS\System32\clbcatq.dll
0x00007ff97ffd0000 - 0x00007ff98017e000 	C:\WINDOWS\SYSTEM32\WindowsCodecs.dll
0x00007ff952710000 - 0x00007ff95276d000 	C:\WINDOWS\system32\dataexchange.dll
0x00007ff9830a0000 - 0x00007ff983306000 	C:\WINDOWS\system32\twinapi.appcore.dll
0x00007ff976b60000 - 0x00007ff976b92000 	C:\Program Files\Common Files\Microsoft Shared\Ink\rtscom.dll
0x00007ff97a190000 - 0x00007ff97a2bc000 	C:\WINDOWS\SYSTEM32\textinputframework.dll
0x00007ff9859d0000 - 0x00007ff985afd000 	C:\WINDOWS\SYSTEM32\CoreMessaging.dll
0x00007ff980d20000 - 0x00007ff98108b000 	C:\WINDOWS\SYSTEM32\CoreUIComponents.dll
0x00007ff988250000 - 0x00007ff98825c000 	C:\WINDOWS\SYSTEM32\CRYPTBASE.DLL

dbghelp: loaded successfully - version: 4.0.5 - missing functions: none
symbol engine: initialized successfully - sym options: 0x614 - pdb path: .;C:\Program Files\Java\jdk-16.0.1\bin;C:\WINDOWS\SYSTEM32;C:\WINDOWS\WinSxS\amd64_microsoft.windows.common-controls_6595b64144ccf1df_6.0.22494.1000_none_23deebcec6cdf010;C:\Program Files\Java\jdk-16.0.1\bin\server;C:\Program Files\Java\javafx-sdk-17.0.1\bin;C:\WINDOWS\System32\DriverStore\FileRepository\igdlh64.inf_amd64_4645af5c659ae51a;C:\WINDOWS\System32\DriverStore\FileRepository\u0369231.inf_amd64_e53bde106fa4d818\B369238;C:\Program Files\Common Files\Microsoft Shared\Ink

VM Arguments:
jvm_args: -Dfile.encoding=UTF-8 --add-modules=javafx.controls,javafx.fxml --module-path=C:\Users\Adames\Music\Universidad\POO\HG_Performance\build\classes;C:\Program Files\Java\javafx-sdk-17.0.1\lib\javafx-swt.jar;C:\Program Files\Java\javafx-sdk-17.0.1\lib\javafx.base.jar;C:\Program Files\Java\javafx-sdk-17.0.1\lib\javafx.controls.jar;C:\Program Files\Java\javafx-sdk-17.0.1\lib\javafx.fxml.jar;C:\Program Files\Java\javafx-sdk-17.0.1\lib\javafx.graphics.jar;C:\Program Files\Java\javafx-sdk-17.0.1\lib\javafx.media.jar;C:\Program Files\Java\javafx-sdk-17.0.1\lib\javafx.swing.jar;C:\Program Files\Java\javafx-sdk-17.0.1\lib\javafx.web.jar 
java_command: start.HG_Performance
java_class_path (initial): C:\Program Files\Java\javafx-sdk-17.0.1\lib\javafx-swt.jar;C:\Program Files\Java\javafx-sdk-17.0.1\lib\javafx.base.jar;C:\Program Files\Java\javafx-sdk-17.0.1\lib\javafx.controls.jar;C:\Program Files\Java\javafx-sdk-17.0.1\lib\javafx.fxml.jar;C:\Program Files\Java\javafx-sdk-17.0.1\lib\javafx.graphics.jar;C:\Program Files\Java\javafx-sdk-17.0.1\lib\javafx.media.jar;C:\Program Files\Java\javafx-sdk-17.0.1\lib\javafx.swing.jar;C:\Program Files\Java\javafx-sdk-17.0.1\lib\javafx.web.jar;C:\Users\Adames\Music\Universidad\POO\HG_Performance\build\classes
Launcher Type: SUN_STANDARD

[Global flags]
     intx CICompilerCount                          = 3                                         {product} {ergonomic}
     uint ConcGCThreads                            = 1                                         {product} {ergonomic}
     uint G1ConcRefinementThreads                  = 4                                         {product} {ergonomic}
   size_t G1HeapRegionSize                         = 2097152                                   {product} {ergonomic}
    uintx GCDrainStackTargetSize                   = 64                                        {product} {ergonomic}
   size_t InitialHeapSize                          = 266338304                                 {product} {ergonomic}
   size_t MarkStackSize                            = 4194304                                   {product} {ergonomic}
   size_t MaxHeapSize                              = 4261412864                                {product} {ergonomic}
   size_t MaxNewSize                               = 2556428288                                {product} {ergonomic}
   size_t MinHeapDeltaBytes                        = 2097152                                   {product} {ergonomic}
   size_t MinHeapSize                              = 8388608                                   {product} {ergonomic}
    uintx NonNMethodCodeHeapSize                   = 5832780                                {pd product} {ergonomic}
    uintx NonProfiledCodeHeapSize                  = 122912730                              {pd product} {ergonomic}
    uintx ProfiledCodeHeapSize                     = 122912730                              {pd product} {ergonomic}
    uintx ReservedCodeCacheSize                    = 251658240                              {pd product} {ergonomic}
     bool SegmentedCodeCache                       = true                                      {product} {ergonomic}
   size_t SoftMaxHeapSize                          = 4261412864                             {manageable} {ergonomic}
     bool UseCompressedClassPointers               = true                           {product lp64_product} {ergonomic}
     bool UseCompressedOops                        = true                           {product lp64_product} {ergonomic}
     bool UseG1GC                                  = true                                      {product} {ergonomic}
     bool UseLargePagesIndividualAllocation        = false                                  {pd product} {ergonomic}

Logging:
Log output configuration:
 #0: stdout all=off uptime,level,tags
 #1: stderr all=off uptime,level,tags

Environment Variables:
PATH=C:\ProgramData\Oracle\Java\javapath;C:\Program Files\Common Files\Oracle\Java\javapath;C:\Program Files (x86)\Common Files\Oracle\Java\javapath;C:\WINDOWS\system32;C:\WINDOWS;C:\WINDOWS\System32\Wbem;C:\WINDOWS\System32\WindowsPowerShell\v1.0\;C:\WINDOWS\System32\OpenSSH\;C:\Program Files\Huawei QuickApp IDE\resources\app\extensions\deveco-debug\lib\toolkit\nodeTool;C:\Program Files\Huawei QuickApp IDE\resources\app\extensions\deveco-debug\lib\toolkit;C:\Program Files\Microsoft SQL Server\130\Tools\Binn\;C:\ProgramData\chocolatey\bin;C:\Program Files\Git\cmd;C:\Users\Adames\AppData\Local\Programs\Python\Python39\Scripts\;C:\Users\Adames\AppData\Local\Programs\Python\Python39\;C:\Users\Adames\AppData\Local\Microsoft\WindowsApps;C:\Users\Adames\AppData\Local\GitHubDesktop\bin;C:\Users\Adames\AppData\Local\Programs\Microsoft VS Code\bin;
USERNAME=Adames
OS=Windows_NT
PROCESSOR_IDENTIFIER=Intel64 Family 6 Model 78 Stepping 3, GenuineIntel



---------------  S Y S T E M  ---------------

OS:
 Windows 10 , 64 bit Build 22494 (10.0.22494.1000)
OS uptime: 3 days 3:23 hours

CPU: total 4 (initial active 4) (2 cores per cpu, 2 threads per core) family 6 model 78 stepping 3 microcode 0xea, cx8, cmov, fxsr, ht, mmx, 3dnowpref, sse, sse2, sse3, ssse3, sse4.1, sse4.2, popcnt, lzcnt, tsc, tscinvbit, avx, avx2, aes, erms, clmul, bmi1, bmi2, adx, fma, vzeroupper, clflush, clflushopt

Memory: 4k page, system-wide physical 16255M (6947M free)
TotalPageFile size 25212M (AvailPageFile size 11476M)
current process WorkingSet (physical memory assigned to process): 161M, peak: 166M
current process commit charge ("private bytes"): 435M, peak: 440M

vm_info: Java HotSpot(TM) 64-Bit Server VM (16.0.1+9-24) for windows-amd64 JRE (16.0.1+9-24), built on Mar 26 2021 19:31:42 by "mach5one" with MS VC++ 16.7 (VS2019)

END.
