#
# A fatal error has been detected by the Java Runtime Environment:
#
#  EXCEPTION_ACCESS_VIOLATION (0xc0000005) at pc=0x00007ff973ed6a87, pid=124624, tid=115248
#
# JRE version: Java(TM) SE Runtime Environment (16.0.1+9) (build 16.0.1+9-24)
# Java VM: Java HotSpot(TM) 64-Bit Server VM (16.0.1+9-24, mixed mode, sharing, tiered, compressed oops, compressed class ptrs, g1 gc, windows-amd64)
# Problematic frame:
# C  [glass.dll+0x26a87]
#
# No core dump will be written. Minidumps are not enabled by default on client versions of Windows
#
# If you would like to submit a bug report, please visit:
#   https://bugreport.java.com/bugreport/crash.jsp
#

---------------  S U M M A R Y ------------

Command Line: -Dfile.encoding=UTF-8 --add-modules=javafx.controls,javafx.fxml --module-path=C:\Users\Adames\Music\Universidad\POO\HG_Performance\build\classes;C:\Program Files\Java\javafx-sdk-17.0.1\lib\javafx-swt.jar;C:\Program Files\Java\javafx-sdk-17.0.1\lib\javafx.base.jar;C:\Program Files\Java\javafx-sdk-17.0.1\lib\javafx.controls.jar;C:\Program Files\Java\javafx-sdk-17.0.1\lib\javafx.fxml.jar;C:\Program Files\Java\javafx-sdk-17.0.1\lib\javafx.graphics.jar;C:\Program Files\Java\javafx-sdk-17.0.1\lib\javafx.media.jar;C:\Program Files\Java\javafx-sdk-17.0.1\lib\javafx.swing.jar;C:\Program Files\Java\javafx-sdk-17.0.1\lib\javafx.web.jar start.HG_Performance

Host: Intel(R) Core(TM) i7-6500U CPU @ 2.50GHz, 4 cores, 15G,  Windows 10 , 64 bit Build 22494 (10.0.22494.1000)
Time: Tue Nov 16 00:55:54 2021 Hora est. Pacífico, Sudamérica elapsed time: 69.656170 seconds (0d 0h 1m 9s)

---------------  T H R E A D  ---------------

Current thread (0x0000025875ab0a70):  VMThread "VM Thread" [stack: 0x000000ece1200000,0x000000ece1300000] [id=115248]

Stack: [0x000000ece1200000,0x000000ece1300000],  sp=0x000000ece12fec30,  free space=1019k
Native frames: (J=compiled Java code, j=interpreted, Vv=VM code, C=native code)
C  [glass.dll+0x26a87]


siginfo: EXCEPTION_ACCESS_VIOLATION (0xc0000005), reading address 0x0000000000000000


Register to memory mapping:

RIP=0x00007ff973ed6a87 glass.dll
RAX=0x0 is NULL
RBX=0x0000025875ac36a8 is a global jni handle
RCX=0x0000025875ab0a70 points into unknown readable memory: 0x00007ff928fef628 | 28 f6 fe 28 f9 7f 00 00
RDX=0x000000ece12fec30 points into unknown readable memory: 0x0000000000000000 | 00 00 00 00 00 00 00 00
RSP=0x000000ece12fec30 points into unknown readable memory: 0x0000000000000000 | 00 00 00 00 00 00 00 00
RBP=0x0000025876ad7438 points into unknown readable memory: 0x0000e1b8b81af984 | 84 f9 1a b8 b8 e1 00 00
RSI=0x000000ece12fed38 points into unknown readable memory: 0x000000ece12fed20 | 20 ed 2f e1 ec 00 00 00
RDI=0x0000025876ad7410 points into unknown readable memory: 0x00071e2f86c91f44 | 44 1f c9 86 2f 1e 07 00
R8 =0x0000000000010002 is an unknown value
R9 =0x0000025876ad7410 points into unknown readable memory: 0x00071e2f86c91f44 | 44 1f c9 86 2f 1e 07 00
R10=0x85f13e9656da4870 is an unknown value
R11=0x000000ece12febc0 points into unknown readable memory: 0x0000025876ad7410 | 10 74 ad 76 58 02 00 00
R12=0x00007ff973ed4354 glass.dll
R13=0x00000258537c6e80 points into unknown readable memory: 0x8000000900000001 | 01 00 00 00 09 00 00 80
R14=0x0000e1b8b81af984 is an unknown value
R15=0x0000025876ad7410 points into unknown readable memory: 0x00071e2f86c91f44 | 44 1f c9 86 2f 1e 07 00


Registers:
RAX=0x0000000000000000, RBX=0x0000025875ac36a8, RCX=0x0000025875ab0a70, RDX=0x000000ece12fec30
RSP=0x000000ece12fec30, RBP=0x0000025876ad7438, RSI=0x000000ece12fed38, RDI=0x0000025876ad7410
R8 =0x0000000000010002, R9 =0x0000025876ad7410, R10=0x85f13e9656da4870, R11=0x000000ece12febc0
R12=0x00007ff973ed4354, R13=0x00000258537c6e80, R14=0x0000e1b8b81af984, R15=0x0000025876ad7410
RIP=0x00007ff973ed6a87, EFLAGS=0x0000000000010206

Top of Stack: (sp=0x000000ece12fec30)
0x000000ece12fec30:   0000000000000000 000000ece12fed38
0x000000ece12fec40:   00000258537c6e80 00007ff973ed4354
0x000000ece12fec50:   0000025876ad7418 00007ff989163973
0x000000ece12fec60:   0000025876ad7410 0000025800000000
0x000000ece12fec70:   0000025876ad7438 000000ece12fed38
0x000000ece12fec80:   fffffffffffffffe 0000000000000000
0x000000ece12fec90:   0000000000000001 00007ff973eb0000
0x000000ece12feca0:   000000ece12fed28 00007ff989130022
0x000000ece12fecb0:   0000000000000000 000000ece12fed38
0x000000ece12fecc0:   000000ece12ff020 0000000000000001
0x000000ece12fecd0:   0000000000000001 00007ff98912ffdd
0x000000ece12fece0:   0000000000000000 00007ff973ed3b4d
0x000000ece12fecf0:   0000000000000000 000000ece12fed28
0x000000ece12fed00:   fffffffffffffffe 000000ece12fec00
0x000000ece12fed10:   0000000000000000 00007ff973ed41e1
0x000000ece12fed20:   00007ff973eea138 0000000000000002 

Instructions: (pc=0x00007ff973ed6a87)
0x00007ff973ed6987:   8b 4d 58 e8 01 cf ff ff 48 8b 4d 60 e8 f8 ce ff
0x00007ff973ed6997:   ff 48 8b 95 80 00 00 00 48 8b 8d 18 01 00 00 e8
0x00007ff973ed69a7:   c6 c3 ff ff 33 d2 33 c9 e8 3c e1 ff ff 90 48 89
0x00007ff973ed69b7:   54 24 10 55 48 83 ec 20 48 8b ea 48 b8 00 00 00
0x00007ff973ed69c7:   00 00 00 00 00 48 83 c4 20 5d c3 cc 40 55 48 8b
0x00007ff973ed69d7:   ea 48 8b 01 33 c9 81 38 05 00 00 c0 0f 94 c1 8b
0x00007ff973ed69e7:   c1 5d c3 cc 40 55 48 83 ec 20 48 8b ea 8a 4d 40
0x00007ff973ed69f7:   48 83 c4 20 5d e9 f7 d2 ff ff cc 40 55 48 83 ec
0x00007ff973ed6a07:   20 48 8b ea 8a 4d 20 e8 e5 d2 ff ff 90 48 83 c4
0x00007ff973ed6a17:   20 5d c3 cc 40 55 48 83 ec 20 48 8b ea 48 83 c4
0x00007ff973ed6a27:   20 5d e9 46 d1 ff ff cc 40 55 48 83 ec 30 48 8b
0x00007ff973ed6a37:   ea 48 8b 01 8b 10 48 89 4c 24 28 89 54 24 20 4c
0x00007ff973ed6a47:   8d 0d e7 d5 ff ff 4c 8b 45 70 8b 55 68 48 8b 4d
0x00007ff973ed6a57:   60 e8 87 d0 ff ff 90 48 83 c4 30 5d c3 cc cc cc
0x00007ff973ed6a67:   cc cc cc cc cc cc cc cc cc 40 53 48 83 ec 20 48
0x00007ff973ed6a77:   8b 1d b3 30 01 00 48 85 db 74 16 e8 09 8b ff ff
0x00007ff973ed6a87:   4c 8b 00 48 8b d3 48 8b c8 41 ff 90 b0 00 00 00
0x00007ff973ed6a97:   90 48 83 c4 20 5b c3 cc cc 40 53 48 83 ec 20 48
0x00007ff973ed6aa7:   8b 1d 2b 32 01 00 48 85 db 74 57 b8 ff ff ff ff
0x00007ff973ed6ab7:   f0 0f c1 43 10 83 f8 01 75 3d 48 85 db 74 38 48
0x00007ff973ed6ac7:   8b 0b 48 85 c9 74 0d ff 15 d4 07 00 00 48 c7 03
0x00007ff973ed6ad7:   00 00 00 00 48 8b 4b 08 48 85 c9 74 0d e8 a7 cd
0x00007ff973ed6ae7:   ff ff 48 c7 43 08 00 00 00 00 ba 18 00 00 00 48
0x00007ff973ed6af7:   8b cb e8 92 cd ff ff 48 c7 05 cf 31 01 00 00 00
0x00007ff973ed6b07:   00 00 48 83 c4 20 5b c3 cc 40 53 48 83 ec 20 48
0x00007ff973ed6b17:   8b 1d 9b 31 01 00 48 85 db 74 57 b8 ff ff ff ff
0x00007ff973ed6b27:   f0 0f c1 43 10 83 f8 01 75 3d 48 85 db 74 38 48
0x00007ff973ed6b37:   8b 0b 48 85 c9 74 0d ff 15 64 07 00 00 48 c7 03
0x00007ff973ed6b47:   00 00 00 00 48 8b 4b 08 48 85 c9 74 0d e8 37 cd
0x00007ff973ed6b57:   ff ff 48 c7 43 08 00 00 00 00 ba 18 00 00 00 48
0x00007ff973ed6b67:   8b cb e8 22 cd ff ff 48 c7 05 3f 31 01 00 00 00
0x00007ff973ed6b77:   00 00 48 83 c4 20 5b c3 cc 40 53 48 83 ec 20 48 


Stack slot to memory mapping:
stack at sp + 0 slots: 0x0 is NULL
stack at sp + 1 slots: 0x000000ece12fed38 points into unknown readable memory: 0x000000ece12fed20 | 20 ed 2f e1 ec 00 00 00
stack at sp + 2 slots: 0x00000258537c6e80 points into unknown readable memory: 0x8000000900000001 | 01 00 00 00 09 00 00 80
stack at sp + 3 slots: 0x00007ff973ed4354 glass.dll
stack at sp + 4 slots: 0x0000025876ad7418 points into unknown readable memory: 0x0000e1b8b81af984 | 84 f9 1a b8 b8 e1 00 00
stack at sp + 5 slots: 0x00007ff989163973 ucrtbase.dll
stack at sp + 6 slots: 0x0000025876ad7410 points into unknown readable memory: 0x00071e2f86c91f44 | 44 1f c9 86 2f 1e 07 00
stack at sp + 7 slots: 0x0000025800000000 points into unknown readable memory: 0x000000000000007d | 7d 00 00 00 00 00 00 00

VM_Operation (0x000000ece27eac00): Exit, mode: safepoint, requested by thread 0x0000025876c323c0


---------------  P R O C E S S  ---------------

Threads class SMR info:
_java_thread_list=0x00000258774a81f0, length=19, elements={
0x00000258537659f0, 0x0000025875ab3d60, 0x0000025875ab72e0, 0x0000025875ac4490,
0x0000025875ac6eb0, 0x0000025875ac7f60, 0x0000025875ac9010, 0x0000025875ad8160,
0x0000025875adaf70, 0x0000025875addcc0, 0x000002587662f760, 0x00000258767a3cd0,
0x0000025876677d50, 0x0000025876c28870, 0x0000025876c323c0, 0x0000025877014040,
0x0000025877129030, 0x000002587720f5b0, 0x00000258772105a0
}

Java Threads: ( => current thread )
  0x00000258537659f0 JavaThread "main" [_thread_blocked, id=125008, stack(0x000000ece0c00000,0x000000ece0d00000)]
  0x0000025875ab3d60 JavaThread "Reference Handler" daemon [_thread_blocked, id=125812, stack(0x000000ece1300000,0x000000ece1400000)]
  0x0000025875ab72e0 JavaThread "Finalizer" daemon [_thread_blocked, id=123956, stack(0x000000ece1400000,0x000000ece1500000)]
  0x0000025875ac4490 JavaThread "Signal Dispatcher" daemon [_thread_blocked, id=114984, stack(0x000000ece1500000,0x000000ece1600000)]
  0x0000025875ac6eb0 JavaThread "Attach Listener" daemon [_thread_blocked, id=114752, stack(0x000000ece1600000,0x000000ece1700000)]
  0x0000025875ac7f60 JavaThread "Service Thread" daemon [_thread_blocked, id=125044, stack(0x000000ece1700000,0x000000ece1800000)]
  0x0000025875ac9010 JavaThread "Monitor Deflation Thread" daemon [_thread_blocked, id=109860, stack(0x000000ece1800000,0x000000ece1900000)]
  0x0000025875ad8160 JavaThread "C2 CompilerThread0" daemon [_thread_blocked, id=122164, stack(0x000000ece1900000,0x000000ece1a00000)]
  0x0000025875adaf70 JavaThread "C1 CompilerThread0" daemon [_thread_blocked, id=126392, stack(0x000000ece1a00000,0x000000ece1b00000)]
  0x0000025875addcc0 JavaThread "Sweeper thread" daemon [_thread_blocked, id=126788, stack(0x000000ece1b00000,0x000000ece1c00000)]
  0x000002587662f760 JavaThread "Common-Cleaner" daemon [_thread_blocked, id=86336, stack(0x000000ece1c00000,0x000000ece1d00000)]
  0x00000258767a3cd0 JavaThread "Notification Thread" daemon [_thread_blocked, id=126420, stack(0x000000ece1e00000,0x000000ece1f00000)]
  0x0000025876677d50 JavaThread "QuantumRenderer-0" daemon [_thread_blocked, id=123492, stack(0x000000ece2000000,0x000000ece2100000)]
  0x0000025876c28870 JavaThread "InvokeLaterDispatcher" daemon [_thread_blocked, id=70264, stack(0x000000ece2600000,0x000000ece2700000)]
  0x0000025876c323c0 JavaThread "JavaFX Application Thread" [_thread_blocked, id=122956, stack(0x000000ece2700000,0x000000ece2800000)]
  0x0000025877014040 JavaThread "JavaFX-Launcher" [_thread_blocked, id=124276, stack(0x000000ece2f00000,0x000000ece3000000)]
  0x0000025877129030 JavaThread "Thread-2" daemon [_thread_in_native, id=125900, stack(0x000000ece2e00000,0x000000ece2f00000)]
  0x000002587720f5b0 JavaThread "Prism Font Disposer" daemon [_thread_blocked, id=116340, stack(0x000000ece3100000,0x000000ece3200000)]
  0x00000258772105a0 JavaThread "Cleaner-0" daemon [_thread_blocked, id=124812, stack(0x000000ece3200000,0x000000ece3300000)]

Other Threads:
=>0x0000025875ab0a70 VMThread "VM Thread" [stack: 0x000000ece1200000,0x000000ece1300000] [id=115248]
  0x00000258537b3270 GCTaskThread "GC Thread#0" [stack: 0x000000ece0d00000,0x000000ece0e00000] [id=126916]
  0x0000025876c71930 GCTaskThread "GC Thread#1" [stack: 0x000000ece2300000,0x000000ece2400000] [id=122920]
  0x0000025876b15b30 GCTaskThread "GC Thread#2" [stack: 0x000000ece2400000,0x000000ece2500000] [id=118452]
  0x00000258769f5780 GCTaskThread "GC Thread#3" [stack: 0x000000ece2500000,0x000000ece2600000] [id=124440]
  0x00000258537c4210 ConcurrentGCThread "G1 Main Marker" terminated
  0x00000258537c53b0 ConcurrentGCThread "G1 Conc#0" [stack: 0x000000ece0f00000,0x000000ece1000000] [id=126600]
  0x000002585383d160 ConcurrentGCThread "G1 Refine#0" terminated
  0x000002585383eb00 ConcurrentGCThread "G1 Service" terminated

Threads with active compile tasks:

VM state: at safepoint (shutting down)

VM Mutex/Monitor currently owned by a thread:  ([mutex/lock_event])
[0x0000025853761040] Threads_lock - owner thread: 0x0000025875ab0a70
[0x0000025853761820] Heap_lock - owner thread: 0x0000025876c323c0

Heap address: 0x0000000702000000, size: 4064 MB, Compressed Oops mode: Zero based, Oop shift amount: 3

CDS archive(s) mapped at: [0x0000000800000000-0x0000000800bb0000-0x0000000800bb0000), size 12255232, SharedBaseAddress: 0x0000000800000000, ArchiveRelocationMode: 0.
Compressed class space mapped at: 0x0000000800c00000-0x0000000840c00000, reserved size: 1073741824
Narrow klass base: 0x0000000800000000, Narrow klass shift: 3, Narrow klass range: 0x100000000

GC Precious Log:
 CPUs: 4 total, 4 available
 Memory: 16255M
 Large Page Support: Disabled
 NUMA Support: Disabled
 Compressed Oops: Enabled (Zero based)
 Heap Region Size: 2M
 Heap Min Capacity: 8M
 Heap Initial Capacity: 254M
 Heap Max Capacity: 4064M
 Pre-touch: Disabled
 Parallel Workers: 4
 Concurrent Workers: 1
 Concurrent Refinement Workers: 4
 Periodic GC: Disabled

Heap:
 garbage-first heap   total 260096K, used 72082K [0x0000000702000000, 0x0000000800000000)
  region size 2048K, 36 young (73728K), 2 survivors (4096K)
 Metaspace       used 18744K, committed 19072K, reserved 1064960K
  class space    used 2600K, committed 2752K, reserved 1048576K

Heap Regions: E=young(eden), S=young(survivor), O=old, HS=humongous(starts), HC=humongous(continues), CS=collection set, F=free, OA=open archive, CA=closed archive, TAMS=top-at-mark-start (previous, next)
|   0|0x0000000702000000, 0x0000000702064800, 0x0000000702200000| 19%| O|  |TAMS 0x0000000702000000, 0x0000000702000000| Untracked 
|   1|0x0000000702200000, 0x0000000702400000, 0x0000000702400000|100%|HS|  |TAMS 0x0000000702200000, 0x0000000702200000| Complete 
|   2|0x0000000702400000, 0x0000000702400000, 0x0000000702600000|  0%| F|  |TAMS 0x0000000702400000, 0x0000000702400000| Untracked 
|   3|0x0000000702600000, 0x0000000702600000, 0x0000000702800000|  0%| F|  |TAMS 0x0000000702600000, 0x0000000702600000| Untracked 
|   4|0x0000000702800000, 0x0000000702800000, 0x0000000702a00000|  0%| F|  |TAMS 0x0000000702800000, 0x0000000702800000| Untracked 
|   5|0x0000000702a00000, 0x0000000702a00000, 0x0000000702c00000|  0%| F|  |TAMS 0x0000000702a00000, 0x0000000702a00000| Untracked 
|   6|0x0000000702c00000, 0x0000000702c00000, 0x0000000702e00000|  0%| F|  |TAMS 0x0000000702c00000, 0x0000000702c00000| Untracked 
|   7|0x0000000702e00000, 0x0000000702e00000, 0x0000000703000000|  0%| F|  |TAMS 0x0000000702e00000, 0x0000000702e00000| Untracked 
|   8|0x0000000703000000, 0x0000000703000000, 0x0000000703200000|  0%| F|  |TAMS 0x0000000703000000, 0x0000000703000000| Untracked 
|   9|0x0000000703200000, 0x0000000703200000, 0x0000000703400000|  0%| F|  |TAMS 0x0000000703200000, 0x0000000703200000| Untracked 
|  10|0x0000000703400000, 0x0000000703400000, 0x0000000703600000|  0%| F|  |TAMS 0x0000000703400000, 0x0000000703400000| Untracked 
|  11|0x0000000703600000, 0x0000000703600000, 0x0000000703800000|  0%| F|  |TAMS 0x0000000703600000, 0x0000000703600000| Untracked 
|  12|0x0000000703800000, 0x0000000703800000, 0x0000000703a00000|  0%| F|  |TAMS 0x0000000703800000, 0x0000000703800000| Untracked 
|  13|0x0000000703a00000, 0x0000000703a00000, 0x0000000703c00000|  0%| F|  |TAMS 0x0000000703a00000, 0x0000000703a00000| Untracked 
|  14|0x0000000703c00000, 0x0000000703c00000, 0x0000000703e00000|  0%| F|  |TAMS 0x0000000703c00000, 0x0000000703c00000| Untracked 
|  15|0x0000000703e00000, 0x0000000703e00000, 0x0000000704000000|  0%| F|  |TAMS 0x0000000703e00000, 0x0000000703e00000| Untracked 
|  16|0x0000000704000000, 0x0000000704000000, 0x0000000704200000|  0%| F|  |TAMS 0x0000000704000000, 0x0000000704000000| Untracked 
|  17|0x0000000704200000, 0x0000000704200000, 0x0000000704400000|  0%| F|  |TAMS 0x0000000704200000, 0x0000000704200000| Untracked 
|  18|0x0000000704400000, 0x0000000704400000, 0x0000000704600000|  0%| F|  |TAMS 0x0000000704400000, 0x0000000704400000| Untracked 
|  19|0x0000000704600000, 0x0000000704600000, 0x0000000704800000|  0%| F|  |TAMS 0x0000000704600000, 0x0000000704600000| Untracked 
|  20|0x0000000704800000, 0x0000000704800000, 0x0000000704a00000|  0%| F|  |TAMS 0x0000000704800000, 0x0000000704800000| Untracked 
|  21|0x0000000704a00000, 0x0000000704a00000, 0x0000000704c00000|  0%| F|  |TAMS 0x0000000704a00000, 0x0000000704a00000| Untracked 
|  22|0x0000000704c00000, 0x0000000704c00000, 0x0000000704e00000|  0%| F|  |TAMS 0x0000000704c00000, 0x0000000704c00000| Untracked 
|  23|0x0000000704e00000, 0x0000000704e00000, 0x0000000705000000|  0%| F|  |TAMS 0x0000000704e00000, 0x0000000704e00000| Untracked 
|  24|0x0000000705000000, 0x0000000705000000, 0x0000000705200000|  0%| F|  |TAMS 0x0000000705000000, 0x0000000705000000| Untracked 
|  25|0x0000000705200000, 0x0000000705200000, 0x0000000705400000|  0%| F|  |TAMS 0x0000000705200000, 0x0000000705200000| Untracked 
|  26|0x0000000705400000, 0x0000000705400000, 0x0000000705600000|  0%| F|  |TAMS 0x0000000705400000, 0x0000000705400000| Untracked 
|  27|0x0000000705600000, 0x0000000705600000, 0x0000000705800000|  0%| F|  |TAMS 0x0000000705600000, 0x0000000705600000| Untracked 
|  28|0x0000000705800000, 0x0000000705800000, 0x0000000705a00000|  0%| F|  |TAMS 0x0000000705800000, 0x0000000705800000| Untracked 
|  29|0x0000000705a00000, 0x0000000705a00000, 0x0000000705c00000|  0%| F|  |TAMS 0x0000000705a00000, 0x0000000705a00000| Untracked 
|  30|0x0000000705c00000, 0x0000000705c00000, 0x0000000705e00000|  0%| F|  |TAMS 0x0000000705c00000, 0x0000000705c00000| Untracked 
|  31|0x0000000705e00000, 0x0000000705e00000, 0x0000000706000000|  0%| F|  |TAMS 0x0000000705e00000, 0x0000000705e00000| Untracked 
|  32|0x0000000706000000, 0x0000000706000000, 0x0000000706200000|  0%| F|  |TAMS 0x0000000706000000, 0x0000000706000000| Untracked 
|  33|0x0000000706200000, 0x0000000706200000, 0x0000000706400000|  0%| F|  |TAMS 0x0000000706200000, 0x0000000706200000| Untracked 
|  34|0x0000000706400000, 0x0000000706400000, 0x0000000706600000|  0%| F|  |TAMS 0x0000000706400000, 0x0000000706400000| Untracked 
|  35|0x0000000706600000, 0x0000000706600000, 0x0000000706800000|  0%| F|  |TAMS 0x0000000706600000, 0x0000000706600000| Untracked 
|  36|0x0000000706800000, 0x0000000706800000, 0x0000000706a00000|  0%| F|  |TAMS 0x0000000706800000, 0x0000000706800000| Untracked 
|  37|0x0000000706a00000, 0x0000000706a00000, 0x0000000706c00000|  0%| F|  |TAMS 0x0000000706a00000, 0x0000000706a00000| Untracked 
|  38|0x0000000706c00000, 0x0000000706c00000, 0x0000000706e00000|  0%| F|  |TAMS 0x0000000706c00000, 0x0000000706c00000| Untracked 
|  39|0x0000000706e00000, 0x0000000706e00000, 0x0000000707000000|  0%| F|  |TAMS 0x0000000706e00000, 0x0000000706e00000| Untracked 
|  40|0x0000000707000000, 0x0000000707000000, 0x0000000707200000|  0%| F|  |TAMS 0x0000000707000000, 0x0000000707000000| Untracked 
|  41|0x0000000707200000, 0x0000000707200000, 0x0000000707400000|  0%| F|  |TAMS 0x0000000707200000, 0x0000000707200000| Untracked 
|  42|0x0000000707400000, 0x0000000707400000, 0x0000000707600000|  0%| F|  |TAMS 0x0000000707400000, 0x0000000707400000| Untracked 
|  43|0x0000000707600000, 0x0000000707600000, 0x0000000707800000|  0%| F|  |TAMS 0x0000000707600000, 0x0000000707600000| Untracked 
|  44|0x0000000707800000, 0x0000000707800000, 0x0000000707a00000|  0%| F|  |TAMS 0x0000000707800000, 0x0000000707800000| Untracked 
|  45|0x0000000707a00000, 0x0000000707a00000, 0x0000000707c00000|  0%| F|  |TAMS 0x0000000707a00000, 0x0000000707a00000| Untracked 
|  46|0x0000000707c00000, 0x0000000707c00000, 0x0000000707e00000|  0%| F|  |TAMS 0x0000000707c00000, 0x0000000707c00000| Untracked 
|  47|0x0000000707e00000, 0x0000000707e00000, 0x0000000708000000|  0%| F|  |TAMS 0x0000000707e00000, 0x0000000707e00000| Untracked 
|  48|0x0000000708000000, 0x0000000708000000, 0x0000000708200000|  0%| F|  |TAMS 0x0000000708000000, 0x0000000708000000| Untracked 
|  49|0x0000000708200000, 0x0000000708200000, 0x0000000708400000|  0%| F|  |TAMS 0x0000000708200000, 0x0000000708200000| Untracked 
|  50|0x0000000708400000, 0x0000000708400000, 0x0000000708600000|  0%| F|  |TAMS 0x0000000708400000, 0x0000000708400000| Untracked 
|  51|0x0000000708600000, 0x0000000708600000, 0x0000000708800000|  0%| F|  |TAMS 0x0000000708600000, 0x0000000708600000| Untracked 
|  52|0x0000000708800000, 0x0000000708800000, 0x0000000708a00000|  0%| F|  |TAMS 0x0000000708800000, 0x0000000708800000| Untracked 
|  53|0x0000000708a00000, 0x0000000708a00000, 0x0000000708c00000|  0%| F|  |TAMS 0x0000000708a00000, 0x0000000708a00000| Untracked 
|  54|0x0000000708c00000, 0x0000000708c00000, 0x0000000708e00000|  0%| F|  |TAMS 0x0000000708c00000, 0x0000000708c00000| Untracked 
|  55|0x0000000708e00000, 0x0000000708e00000, 0x0000000709000000|  0%| F|  |TAMS 0x0000000708e00000, 0x0000000708e00000| Untracked 
|  56|0x0000000709000000, 0x0000000709000000, 0x0000000709200000|  0%| F|  |TAMS 0x0000000709000000, 0x0000000709000000| Untracked 
|  57|0x0000000709200000, 0x0000000709200000, 0x0000000709400000|  0%| F|  |TAMS 0x0000000709200000, 0x0000000709200000| Untracked 
|  58|0x0000000709400000, 0x0000000709400000, 0x0000000709600000|  0%| F|  |TAMS 0x0000000709400000, 0x0000000709400000| Untracked 
|  59|0x0000000709600000, 0x0000000709600000, 0x0000000709800000|  0%| F|  |TAMS 0x0000000709600000, 0x0000000709600000| Untracked 
|  60|0x0000000709800000, 0x0000000709800000, 0x0000000709a00000|  0%| F|  |TAMS 0x0000000709800000, 0x0000000709800000| Untracked 
|  61|0x0000000709a00000, 0x0000000709a00000, 0x0000000709c00000|  0%| F|  |TAMS 0x0000000709a00000, 0x0000000709a00000| Untracked 
|  62|0x0000000709c00000, 0x0000000709c00000, 0x0000000709e00000|  0%| F|  |TAMS 0x0000000709c00000, 0x0000000709c00000| Untracked 
|  63|0x0000000709e00000, 0x0000000709e00000, 0x000000070a000000|  0%| F|  |TAMS 0x0000000709e00000, 0x0000000709e00000| Untracked 
|  64|0x000000070a000000, 0x000000070a000000, 0x000000070a200000|  0%| F|  |TAMS 0x000000070a000000, 0x000000070a000000| Untracked 
|  65|0x000000070a200000, 0x000000070a200000, 0x000000070a400000|  0%| F|  |TAMS 0x000000070a200000, 0x000000070a200000| Untracked 
|  66|0x000000070a400000, 0x000000070a400000, 0x000000070a600000|  0%| F|  |TAMS 0x000000070a400000, 0x000000070a400000| Untracked 
|  67|0x000000070a600000, 0x000000070a600000, 0x000000070a800000|  0%| F|  |TAMS 0x000000070a600000, 0x000000070a600000| Untracked 
|  68|0x000000070a800000, 0x000000070a800000, 0x000000070aa00000|  0%| F|  |TAMS 0x000000070a800000, 0x000000070a800000| Untracked 
|  69|0x000000070aa00000, 0x000000070aa00000, 0x000000070ac00000|  0%| F|  |TAMS 0x000000070aa00000, 0x000000070aa00000| Untracked 
|  70|0x000000070ac00000, 0x000000070ac00000, 0x000000070ae00000|  0%| F|  |TAMS 0x000000070ac00000, 0x000000070ac00000| Untracked 
|  71|0x000000070ae00000, 0x000000070ae00000, 0x000000070b000000|  0%| F|  |TAMS 0x000000070ae00000, 0x000000070ae00000| Untracked 
|  72|0x000000070b000000, 0x000000070b000000, 0x000000070b200000|  0%| F|  |TAMS 0x000000070b000000, 0x000000070b000000| Untracked 
|  73|0x000000070b200000, 0x000000070b200000, 0x000000070b400000|  0%| F|  |TAMS 0x000000070b200000, 0x000000070b200000| Untracked 
|  74|0x000000070b400000, 0x000000070b400000, 0x000000070b600000|  0%| F|  |TAMS 0x000000070b400000, 0x000000070b400000| Untracked 
|  75|0x000000070b600000, 0x000000070b600000, 0x000000070b800000|  0%| F|  |TAMS 0x000000070b600000, 0x000000070b600000| Untracked 
|  76|0x000000070b800000, 0x000000070b800000, 0x000000070ba00000|  0%| F|  |TAMS 0x000000070b800000, 0x000000070b800000| Untracked 
|  77|0x000000070ba00000, 0x000000070ba00000, 0x000000070bc00000|  0%| F|  |TAMS 0x000000070ba00000, 0x000000070ba00000| Untracked 
|  78|0x000000070bc00000, 0x000000070bc00000, 0x000000070be00000|  0%| F|  |TAMS 0x000000070bc00000, 0x000000070bc00000| Untracked 
|  79|0x000000070be00000, 0x000000070be00000, 0x000000070c000000|  0%| F|  |TAMS 0x000000070be00000, 0x000000070be00000| Untracked 
|  80|0x000000070c000000, 0x000000070c000000, 0x000000070c200000|  0%| F|  |TAMS 0x000000070c000000, 0x000000070c000000| Untracked 
|  81|0x000000070c200000, 0x000000070c200000, 0x000000070c400000|  0%| F|  |TAMS 0x000000070c200000, 0x000000070c200000| Untracked 
|  82|0x000000070c400000, 0x000000070c400000, 0x000000070c600000|  0%| F|  |TAMS 0x000000070c400000, 0x000000070c400000| Untracked 
|  83|0x000000070c600000, 0x000000070c600000, 0x000000070c800000|  0%| F|  |TAMS 0x000000070c600000, 0x000000070c600000| Untracked 
|  84|0x000000070c800000, 0x000000070c800000, 0x000000070ca00000|  0%| F|  |TAMS 0x000000070c800000, 0x000000070c800000| Untracked 
|  85|0x000000070ca00000, 0x000000070ca00000, 0x000000070cc00000|  0%| F|  |TAMS 0x000000070ca00000, 0x000000070ca00000| Untracked 
|  86|0x000000070cc00000, 0x000000070cc00000, 0x000000070ce00000|  0%| F|  |TAMS 0x000000070cc00000, 0x000000070cc00000| Untracked 
|  87|0x000000070ce00000, 0x000000070ce00000, 0x000000070d000000|  0%| F|  |TAMS 0x000000070ce00000, 0x000000070ce00000| Untracked 
|  88|0x000000070d000000, 0x000000070d000000, 0x000000070d200000|  0%| F|  |TAMS 0x000000070d000000, 0x000000070d000000| Untracked 
|  89|0x000000070d200000, 0x000000070d200000, 0x000000070d400000|  0%| F|  |TAMS 0x000000070d200000, 0x000000070d200000| Untracked 
|  90|0x000000070d400000, 0x000000070d400000, 0x000000070d600000|  0%| F|  |TAMS 0x000000070d400000, 0x000000070d400000| Untracked 
|  91|0x000000070d600000, 0x000000070d7a7448, 0x000000070d800000| 82%| E|  |TAMS 0x000000070d600000, 0x000000070d600000| Complete 
|  92|0x000000070d800000, 0x000000070da00000, 0x000000070da00000|100%| E|CS|TAMS 0x000000070d800000, 0x000000070d800000| Complete 
|  93|0x000000070da00000, 0x000000070dc00000, 0x000000070dc00000|100%| E|CS|TAMS 0x000000070da00000, 0x000000070da00000| Complete 
|  94|0x000000070dc00000, 0x000000070de00000, 0x000000070de00000|100%| E|CS|TAMS 0x000000070dc00000, 0x000000070dc00000| Complete 
|  95|0x000000070de00000, 0x000000070e000000, 0x000000070e000000|100%| E|  |TAMS 0x000000070de00000, 0x000000070de00000| Complete 
|  96|0x000000070e000000, 0x000000070e200000, 0x000000070e200000|100%| E|CS|TAMS 0x000000070e000000, 0x000000070e000000| Complete 
|  97|0x000000070e200000, 0x000000070e400000, 0x000000070e400000|100%| E|CS|TAMS 0x000000070e200000, 0x000000070e200000| Complete 
|  98|0x000000070e400000, 0x000000070e600000, 0x000000070e600000|100%| E|CS|TAMS 0x000000070e400000, 0x000000070e400000| Complete 
|  99|0x000000070e600000, 0x000000070e800000, 0x000000070e800000|100%| E|CS|TAMS 0x000000070e600000, 0x000000070e600000| Complete 
| 100|0x000000070e800000, 0x000000070ea00000, 0x000000070ea00000|100%| E|CS|TAMS 0x000000070e800000, 0x000000070e800000| Complete 
| 101|0x000000070ea00000, 0x000000070ec00000, 0x000000070ec00000|100%| E|CS|TAMS 0x000000070ea00000, 0x000000070ea00000| Complete 
| 102|0x000000070ec00000, 0x000000070ee00000, 0x000000070ee00000|100%| E|CS|TAMS 0x000000070ec00000, 0x000000070ec00000| Complete 
| 103|0x000000070ee00000, 0x000000070f000000, 0x000000070f000000|100%| E|CS|TAMS 0x000000070ee00000, 0x000000070ee00000| Complete 
| 104|0x000000070f000000, 0x000000070f200000, 0x000000070f200000|100%| E|CS|TAMS 0x000000070f000000, 0x000000070f000000| Complete 
| 105|0x000000070f200000, 0x000000070f400000, 0x000000070f400000|100%| E|CS|TAMS 0x000000070f200000, 0x000000070f200000| Complete 
| 106|0x000000070f400000, 0x000000070f600000, 0x000000070f600000|100%| E|CS|TAMS 0x000000070f400000, 0x000000070f400000| Complete 
| 107|0x000000070f600000, 0x000000070f800000, 0x000000070f800000|100%| E|CS|TAMS 0x000000070f600000, 0x000000070f600000| Complete 
| 108|0x000000070f800000, 0x000000070fa00000, 0x000000070fa00000|100%| E|CS|TAMS 0x000000070f800000, 0x000000070f800000| Complete 
| 109|0x000000070fa00000, 0x000000070fc00000, 0x000000070fc00000|100%| E|CS|TAMS 0x000000070fa00000, 0x000000070fa00000| Complete 
| 110|0x000000070fc00000, 0x000000070fe00000, 0x000000070fe00000|100%| E|CS|TAMS 0x000000070fc00000, 0x000000070fc00000| Complete 
| 111|0x000000070fe00000, 0x0000000710000000, 0x0000000710000000|100%| E|CS|TAMS 0x000000070fe00000, 0x000000070fe00000| Complete 
| 112|0x0000000710000000, 0x0000000710200000, 0x0000000710200000|100%| E|CS|TAMS 0x0000000710000000, 0x0000000710000000| Complete 
| 113|0x0000000710200000, 0x0000000710400000, 0x0000000710400000|100%| E|CS|TAMS 0x0000000710200000, 0x0000000710200000| Complete 
| 114|0x0000000710400000, 0x0000000710600000, 0x0000000710600000|100%| E|CS|TAMS 0x0000000710400000, 0x0000000710400000| Complete 
| 115|0x0000000710600000, 0x0000000710800000, 0x0000000710800000|100%| E|CS|TAMS 0x0000000710600000, 0x0000000710600000| Complete 
| 116|0x0000000710800000, 0x0000000710a00000, 0x0000000710a00000|100%| S|CS|TAMS 0x0000000710800000, 0x0000000710800000| Complete 
| 117|0x0000000710a00000, 0x0000000710c00000, 0x0000000710c00000|100%| S|CS|TAMS 0x0000000710a00000, 0x0000000710a00000| Complete 
| 118|0x0000000710c00000, 0x0000000710e00000, 0x0000000710e00000|100%| E|CS|TAMS 0x0000000710c00000, 0x0000000710c00000| Complete 
| 119|0x0000000710e00000, 0x0000000711000000, 0x0000000711000000|100%| E|CS|TAMS 0x0000000710e00000, 0x0000000710e00000| Complete 
| 120|0x0000000711000000, 0x0000000711200000, 0x0000000711200000|100%| E|CS|TAMS 0x0000000711000000, 0x0000000711000000| Complete 
| 121|0x0000000711200000, 0x0000000711400000, 0x0000000711400000|100%| E|CS|TAMS 0x0000000711200000, 0x0000000711200000| Complete 
| 122|0x0000000711400000, 0x0000000711600000, 0x0000000711600000|100%| E|CS|TAMS 0x0000000711400000, 0x0000000711400000| Complete 
| 123|0x0000000711600000, 0x0000000711800000, 0x0000000711800000|100%| E|CS|TAMS 0x0000000711600000, 0x0000000711600000| Complete 
| 124|0x0000000711800000, 0x0000000711a00000, 0x0000000711a00000|100%| E|CS|TAMS 0x0000000711800000, 0x0000000711800000| Complete 
| 125|0x0000000711a00000, 0x0000000711c00000, 0x0000000711c00000|100%| E|CS|TAMS 0x0000000711a00000, 0x0000000711a00000| Complete 
| 126|0x0000000711c00000, 0x0000000711e00000, 0x0000000711e00000|100%| E|CS|TAMS 0x0000000711c00000, 0x0000000711c00000| Complete 

Card table byte_map: [0x000002586a6d0000,0x000002586aec0000] _byte_map_base: 0x0000025866ec0000

Marking Bits (Prev, Next): (CMBitMap*) 0x00000258537b3870, (CMBitMap*) 0x00000258537b38b0
 Prev Bits: [0x000002586b6b0000, 0x000002586f630000)
 Next Bits: [0x000002586f630000, 0x00000258735b0000)

Polling page: 0x0000025851700000

Metaspace:

Usage:
  Non-class:     15.77 MB used.
      Class:      2.54 MB used.
       Both:     18.31 MB used.

Virtual space:
  Non-class space:       16.00 MB reserved,      15.94 MB (>99%) committed,  2 nodes.
      Class space:        1.00 GB reserved,       2.69 MB ( <1%) committed,  1 nodes.
              Both:        1.02 GB reserved,      18.62 MB (  2%) committed. 

Chunk freelists:
   Non-Class:  48.00 KB
       Class:  1.22 MB
        Both:  1.27 MB

MaxMetaspaceSize: 17179869184.00 GB
CompressedClassSpaceSize: 1.00 GB
 - commit_granule_bytes: 65536.
 - commit_granule_words: 8192.
 - virtual_space_node_default_size: 1048576.
 - enlarge_chunks_in_place: 1.
 - new_chunks_are_fully_committed: 0.
 - uncommit_free_chunks: 1.
 - use_allocation_guard: 0.
 - handle_deallocations: 1.


Internal statistics:

num_allocs_failed_limit: 0.
num_arena_births: 244.
num_arena_deaths: 0.
num_vsnodes_births: 3.
num_vsnodes_deaths: 0.
num_space_committed: 298.
num_space_uncommitted: 0.
num_chunks_returned_to_freelist: 0.
num_chunks_taken_from_freelist: 924.
num_chunk_merges: 0.
num_chunk_splits: 624.
num_chunks_enlarged: 477.
num_purges: 0.

CodeHeap 'non-profiled nmethods': size=120000Kb used=2040Kb max_used=2040Kb free=117959Kb
 bounds [0x00000258629b0000, 0x0000025862c20000, 0x0000025869ee0000]
CodeHeap 'profiled nmethods': size=120000Kb used=9322Kb max_used=9322Kb free=110678Kb
 bounds [0x000002585b480000, 0x000002585bda0000, 0x00000258629b0000]
CodeHeap 'non-nmethods': size=5760Kb used=1457Kb max_used=1548Kb free=4302Kb
 bounds [0x000002585aee0000, 0x000002585b150000, 0x000002585b480000]
 total_blobs=5266 nmethods=4446 adapters=731
 compilation: enabled
              stopped_count=0, restarted_count=0
 full_count=0

Compilation events (20 events):
Event: 67.511 Thread 0x0000025875ad8160 4437       4       javafx.css.converter.DeriveColorConverter::convert (44 bytes)
Event: 67.514 Thread 0x0000025875ad8160 nmethod 4437 0x0000025862bac610 code [0x0000025862bac800, 0x0000025862bacac8]
Event: 67.514 Thread 0x0000025875ad8160 4425       4       com.sun.javafx.geom.DirtyRegionContainer::getDirtyRegion (7 bytes)
Event: 67.515 Thread 0x0000025875ad8160 nmethod 4425 0x0000025862bace10 code [0x0000025862bacfa0, 0x0000025862bad058]
Event: 68.576 Thread 0x0000025875ad8160 4442       4       java.util.concurrent.locks.ReentrantLock::lock (8 bytes)
Event: 68.579 Thread 0x0000025875ad8160 nmethod 4442 0x0000025862bad110 code [0x0000025862bad2a0, 0x0000025862bad438]
Event: 68.817 Thread 0x0000025875adaf70 4443       3       com.sun.prism.impl.BaseGraphics::scale (28 bytes)
Event: 68.817 Thread 0x0000025875adaf70 nmethod 4443 0x000002585bd96e90 code [0x000002585bd97080, 0x000002585bd972f8]
Event: 68.989 Thread 0x0000025875adaf70 4444       3       com.sun.javafx.tk.quantum.ViewScene::isSynchronous (23 bytes)
Event: 68.989 Thread 0x0000025875adaf70 nmethod 4444 0x000002585bd97410 code [0x000002585bd975c0, 0x000002585bd97878]
Event: 69.182 Thread 0x0000025875ad8160 4445       4       javafx.scene.Node::getLayoutBounds (11 bytes)
Event: 69.182 Thread 0x0000025875adaf70 4447       3       java.security.AccessControlContext::optimize (319 bytes)
Event: 69.184 Thread 0x0000025875adaf70 nmethod 4447 0x000002585bd97910 code [0x000002585bd97ca0, 0x000002585bd992b8]
Event: 69.185 Thread 0x0000025875ad8160 nmethod 4445 0x0000025862bada10 code [0x0000025862badba0, 0x0000025862baddc8]
Event: 69.265 Thread 0x0000025875adaf70 4448       3       com.sun.javafx.tk.quantum.GlassScene::updateSceneState (8 bytes)
Event: 69.265 Thread 0x0000025875adaf70 nmethod 4448 0x000002585bd99910 code [0x000002585bd99ac0, 0x000002585bd99c08]
Event: 69.265 Thread 0x0000025875adaf70 4449       3       com.sun.javafx.tk.quantum.SceneState::update (80 bytes)
Event: 69.266 Thread 0x0000025875adaf70 nmethod 4449 0x000002585bd99d10 code [0x000002585bd99f00, 0x000002585bd9a638]
Event: 69.270 Thread 0x0000025875adaf70 4450       1       com.sun.prism.d3d.D3DContext::getResourceFactory (5 bytes)
Event: 69.270 Thread 0x0000025875adaf70 nmethod 4450 0x0000025862badf90 code [0x0000025862bae120, 0x0000025862bae1f8]

GC Heap History (4 events):
Event: 0.543 GC heap before
{Heap before GC invocations=0 (full 0):
 garbage-first heap   total 260096K, used 10240K [0x0000000702000000, 0x0000000800000000)
  region size 2048K, 6 young (12288K), 0 survivors (0K)
 Metaspace       used 2320K, committed 2496K, reserved 1056768K
  class space    used 235K, committed 320K, reserved 1048576K
}
Event: 0.546 GC heap after
{Heap after GC invocations=1 (full 0):
 garbage-first heap   total 260096K, used 1879K [0x0000000702000000, 0x0000000800000000)
  region size 2048K, 1 young (2048K), 1 survivors (2048K)
 Metaspace       used 2320K, committed 2496K, reserved 1056768K
  class space    used 235K, committed 320K, reserved 1048576K
}
Event: 0.942 GC heap before
{Heap before GC invocations=1 (full 0):
 garbage-first heap   total 260096K, used 16215K [0x0000000702000000, 0x0000000800000000)
  region size 2048K, 9 young (18432K), 1 survivors (2048K)
 Metaspace       used 7656K, committed 7808K, reserved 1064960K
  class space    used 951K, committed 1024K, reserved 1048576K
}
Event: 0.947 GC heap after
{Heap after GC invocations=2 (full 0):
 garbage-first heap   total 260096K, used 4498K [0x0000000702000000, 0x0000000800000000)
  region size 2048K, 2 young (4096K), 2 survivors (4096K)
 Metaspace       used 7656K, committed 7808K, reserved 1064960K
  class space    used 951K, committed 1024K, reserved 1048576K
}

Deoptimization events (20 events):
Event: 58.636 Thread 0x0000025876677d50 DEOPT PACKING pc=0x0000025862af5384 sp=0x000000ece20fe0d0
Event: 58.636 Thread 0x0000025876677d50 DEOPT UNPACKING pc=0x000002585af2d72e sp=0x000000ece20fe008 mode 2
Event: 58.637 Thread 0x0000025876677d50 DEOPT PACKING pc=0x000002585b702142 sp=0x000000ece20fde40
Event: 58.637 Thread 0x0000025876677d50 DEOPT UNPACKING pc=0x000002585af2dece sp=0x000000ece20fd2d0 mode 0
Event: 58.638 Thread 0x0000025876677d50 Uncommon trap: trap_request=0xffffff45 fr.pc=0x0000025862b1e390 relative=0x0000000000000230
Event: 58.638 Thread 0x0000025876677d50 Uncommon trap: reason=unstable_if action=reinterpret pc=0x0000025862b1e390 method=com.sun.javafx.geom.transform.AffineBase.updateState2D()V @ 33 c2
Event: 58.638 Thread 0x0000025876677d50 DEOPT PACKING pc=0x0000025862b1e390 sp=0x000000ece20fdec0
Event: 58.638 Thread 0x0000025876677d50 DEOPT UNPACKING pc=0x000002585af2d72e sp=0x000000ece20fdd40 mode 2
Event: 62.927 Thread 0x0000025876677d50 Uncommon trap: trap_request=0xffffff45 fr.pc=0x0000025862b1d0a4 relative=0x00000000000001c4
Event: 62.927 Thread 0x0000025876677d50 Uncommon trap: reason=unstable_if action=reinterpret pc=0x0000025862b1d0a4 method=com.sun.javafx.geom.transform.AffineBase.updateState2D()V @ 33 c2
Event: 62.927 Thread 0x0000025876677d50 DEOPT PACKING pc=0x0000025862b1d0a4 sp=0x000000ece20fde00
Event: 62.927 Thread 0x0000025876677d50 DEOPT UNPACKING pc=0x000002585af2d72e sp=0x000000ece20fdda0 mode 2
Event: 69.269 Thread 0x000002587720e070 Uncommon trap: trap_request=0xffffff45 fr.pc=0x0000025862bad408 relative=0x0000000000000168
Event: 69.269 Thread 0x000002587720e070 Uncommon trap: reason=unstable_if action=reinterpret pc=0x0000025862bad408 method=java.util.concurrent.locks.ReentrantLock$NonfairSync.initialTryLock()Z @ 10 c2
Event: 69.269 Thread 0x000002587720e070 DEOPT PACKING pc=0x0000025862bad408 sp=0x000000ece0aff0d0
Event: 69.269 Thread 0x000002587720e070 DEOPT UNPACKING pc=0x000002585af2d72e sp=0x000000ece0afefc0 mode 2
Event: 69.269 Thread 0x000002587720e070 Uncommon trap: trap_request=0xffffff45 fr.pc=0x0000025862b11ef4 relative=0x00000000000000d4
Event: 69.269 Thread 0x000002587720e070 Uncommon trap: reason=unstable_if action=reinterpret pc=0x0000025862b11ef4 method=java.util.concurrent.locks.ReentrantLock$Sync.tryRelease(I)Z @ 26 c2
Event: 69.269 Thread 0x000002587720e070 DEOPT PACKING pc=0x0000025862b11ef4 sp=0x000000ece0aff080
Event: 69.269 Thread 0x000002587720e070 DEOPT UNPACKING pc=0x000002585af2d72e sp=0x000000ece0aff020 mode 2

Classes unloaded (0 events):
No events

Classes redefined (0 events):
No events

Internal exceptions (20 events):
Event: 8.689 Thread 0x0000025876c323c0 Exception <a 'java/lang/ClassNotFoundException'{0x0000000710002c40}: com/sun/javafx/scene/control/skin/resources/controls> (0x0000000710002c40) 
thrown [t:\workspace\open\src\hotspot\share\prims\jni.cpp, line 600]
Event: 8.691 Thread 0x0000025876c323c0 Exception <a 'java/lang/ClassNotFoundException'{0x0000000710010ed8}: com/sun/javafx/scene/control/skin/resources/controls_es> (0x0000000710010ed8) 
thrown [t:\workspace\open\src\hotspot\share\prims\jni.cpp, line 600]
Event: 8.692 Thread 0x0000025876c323c0 Exception <a 'java/lang/ClassNotFoundException'{0x000000071001ee30}: com/sun/javafx/scene/control/skin/resources/controls_es_CO> (0x000000071001ee30) 
thrown [t:\workspace\open\src\hotspot\share\prims\jni.cpp, line 600]
Event: 8.845 Thread 0x0000025876c323c0 Exception <a 'java/lang/NoSuchMethodError'{0x000000070fa9ece8}: 'void java.lang.invoke.DirectMethodHandle$Holder.invokeSpecial(java.lang.Object, java.lang.Object, java.lang.Object, java.lang.Object, java.lang.Object, java.lang.Object)'> (0x000000070fa9ece8) 
thrown [t:\workspace\open\src\hotspot\share\interpreter\linkResolver.cpp, line 790]
Event: 8.940 Thread 0x0000025876c323c0 Exception <a 'java/lang/NoSuchMethodError'{0x000000070f642960}: 'void java.lang.invoke.DirectMethodHandle$Holder.invokeSpecialIFC(java.lang.Object, java.lang.Object, java.lang.Object, java.lang.Object)'> (0x000000070f642960) 
thrown [t:\workspace\open\src\hotspot\share\interpreter\linkResolver.cpp, line 790]
Event: 8.968 Thread 0x0000025876c323c0 Exception <a 'java/lang/NoSuchMethodError'{0x000000070f75aaf8}: 'int java.lang.invoke.DirectMethodHandle$Holder.invokeSpecial(java.lang.Object, java.lang.Object, int)'> (0x000000070f75aaf8) 
thrown [t:\workspace\open\src\hotspot\share\interpreter\linkResolver.cpp, line 790]
Event: 18.739 Thread 0x0000025876677d50 Exception <a 'java/lang/NoSuchMethodError'{0x000000070f319f30}: 'java.lang.Object java.lang.invoke.DirectMethodHandle$Holder.invokeStaticInit(java.lang.Object, int)'> (0x000000070f319f30) 
thrown [t:\workspace\open\src\hotspot\share\interpreter\linkResolver.cpp, line 790]
Event: 30.864 Thread 0x0000025876c323c0 Implicit null exception at 0x0000025862adebe0 to 0x0000025862ae020c
Event: 30.865 Thread 0x0000025876c323c0 Implicit null exception at 0x0000025862ad7120 to 0x0000025862ad7cbc
Event: 30.865 Thread 0x0000025876c323c0 Implicit null exception at 0x0000025862acb917 to 0x0000025862acb978
Event: 32.274 Thread 0x0000025876c323c0 Exception <a 'java/lang/NoSuchMethodError'{0x000000070ebbb3a8}: 'java.lang.Object java.lang.invoke.DirectMethodHandle$Holder.newInvokeSpecial(java.lang.Object, java.lang.Object, int, int, int, int, int, java.lang.Object)'> (0x000000070ebbb3a8) 
thrown [t:\workspace\open\src\hotspot\share\interpreter\linkResolver.cpp, line 790]
Event: 32.275 Thread 0x0000025876c323c0 Exception <a 'java/lang/NoSuchMethodError'{0x000000070ebcf2b8}: 'java.lang.Object java.lang.invoke.DirectMethodHandle$Holder.newInvokeSpecial(java.lang.Object, java.lang.Object, java.lang.Object, int, int, int, int, int)'> (0x000000070ebcf2b8) 
thrown [t:\workspace\open\src\hotspot\share\interpreter\linkResolver.cpp, line 790]
Event: 32.276 Thread 0x0000025876c323c0 Exception <a 'java/lang/NoSuchMethodError'{0x000000070ebd7378}: 'java.lang.Object java.lang.invoke.Invokers$Holder.linkToTargetMethod(java.lang.Object, java.lang.Object, int, int, int, int, int, java.lang.Object)'> (0x000000070ebd7378) 
thrown [t:\workspace\open\src\hotspot\share\interpreter\linkResolver.cpp, line 790]
Event: 39.629 Thread 0x0000025876c323c0 Exception <a 'java/lang/NoSuchMethodError'{0x000000070e967678}: 'int java.lang.invoke.DirectMethodHandle$Holder.invokeVirtual(java.lang.Object, java.lang.Object)'> (0x000000070e967678) 
thrown [t:\workspace\open\src\hotspot\share\interpreter\linkResolver.cpp, line 790]
Event: 39.630 Thread 0x0000025876c323c0 Exception <a 'java/lang/NoSuchMethodError'{0x000000070e96e560}: 'void java.lang.invoke.DirectMethodHandle$Holder.invokeVirtual(java.lang.Object, java.lang.Object, int)'> (0x000000070e96e560) 
thrown [t:\workspace\open\src\hotspot\share\interpreter\linkResolver.cpp, line 790]
Event: 42.003 Thread 0x0000025876c323c0 Implicit null exception at 0x0000025862ae3394 to 0x0000025862ae3b64
Event: 44.871 Thread 0x0000025876c323c0 Implicit null exception at 0x0000025862b45a80 to 0x0000025862b4f9d8
Event: 58.517 Thread 0x0000025876c323c0 Exception <a 'java/lang/ClassNotFoundException'{0x000000070dcd3aa0}: com/sun/javafx/scene/control/skin/resources/controls-nt> (0x000000070dcd3aa0) 
thrown [t:\workspace\open\src\hotspot\share\prims\jni.cpp, line 600]
Event: 58.517 Thread 0x0000025876c323c0 Exception <a 'java/lang/ClassNotFoundException'{0x000000070dcde328}: com/sun/javafx/scene/control/skin/resources/controls-nt_es> (0x000000070dcde328) 
thrown [t:\workspace\open\src\hotspot\share\prims\jni.cpp, line 600]
Event: 58.518 Thread 0x0000025876c323c0 Exception <a 'java/lang/ClassNotFoundException'{0x000000070dce1cf8}: com/sun/javafx/scene/control/skin/resources/controls-nt_es_CO> (0x000000070dce1cf8) 
thrown [t:\workspace\open\src\hotspot\share\prims\jni.cpp, line 600]

Events (20 events):
Event: 58.964 Executing  VM operation: Cleanup
Event: 58.964 Executing  VM operation: Cleanup done
Event: 59.117 Thread 0x000002580196cc10 Thread exited: 0x000002580196cc10
Event: 60.964 Executing  VM operation: Cleanup
Event: 60.964 Executing  VM operation: Cleanup done
Event: 62.965 Executing  VM operation: Cleanup
Event: 62.965 Executing  VM operation: Cleanup done
Event: 63.965 Executing  VM operation: Cleanup
Event: 63.965 Executing  VM operation: Cleanup done
Event: 66.965 Executing  VM operation: Cleanup
Event: 66.965 Executing  VM operation: Cleanup done
Event: 67.180 Executing  VM operation: HandshakeAllThreads
Event: 67.180 Executing  VM operation: HandshakeAllThreads done
Event: 68.180 Executing  VM operation: Cleanup
Event: 68.180 Executing  VM operation: Cleanup done
Event: 69.267 Thread 0x0000025877211040 Thread added: 0x0000025877211040
Event: 69.267 Thread 0x000002587720e070 Thread added: 0x000002587720e070
Event: 69.268 Thread 0x0000025877211040 Thread exited: 0x0000025877211040
Event: 69.270 Thread 0x000002587720e070 Thread exited: 0x000002587720e070
Event: 69.270 Executing  VM operation: Exit


Dynamic libraries:
0x00007ff77b940000 - 0x00007ff77b950000 	C:\Program Files\Java\jdk-16.0.1\bin\java.exe
0x00007ff98b520000 - 0x00007ff98b72f000 	C:\WINDOWS\SYSTEM32\ntdll.dll
0x00007ff98a740000 - 0x00007ff98a7fd000 	C:\WINDOWS\System32\KERNEL32.DLL
0x00007ff988ae0000 - 0x00007ff988e6c000 	C:\WINDOWS\System32\KERNELBASE.dll
0x00007ff989110000 - 0x00007ff989221000 	C:\WINDOWS\System32\ucrtbase.dll
0x00007ff979a10000 - 0x00007ff979a29000 	C:\Program Files\Java\jdk-16.0.1\bin\VCRUNTIME140.dll
0x00007ff977330000 - 0x00007ff977348000 	C:\Program Files\Java\jdk-16.0.1\bin\jli.dll
0x00007ff98b1b0000 - 0x00007ff98b25e000 	C:\WINDOWS\System32\ADVAPI32.dll
0x00007ff98ab00000 - 0x00007ff98aba4000 	C:\WINDOWS\System32\msvcrt.dll
0x00007ff98a450000 - 0x00007ff98a4f1000 	C:\WINDOWS\System32\sechost.dll
0x00007ff98a5e0000 - 0x00007ff98a6ff000 	C:\WINDOWS\System32\RPCRT4.dll
0x00007ff98a950000 - 0x00007ff98aaf6000 	C:\WINDOWS\System32\USER32.dll
0x00007ff988f00000 - 0x00007ff988f26000 	C:\WINDOWS\System32\win32u.dll
0x00007ff98a420000 - 0x00007ff98a449000 	C:\WINDOWS\System32\GDI32.dll
0x00007ff988ff0000 - 0x00007ff989107000 	C:\WINDOWS\System32\gdi32full.dll
0x00007ff9789a0000 - 0x00007ff978c41000 	C:\WINDOWS\WinSxS\amd64_microsoft.windows.common-controls_6595b64144ccf1df_6.0.22494.1000_none_23deebcec6cdf010\COMCTL32.dll
0x00007ff988a40000 - 0x00007ff988ada000 	C:\WINDOWS\System32\msvcp_win.dll
0x00007ff981090000 - 0x00007ff98109a000 	C:\WINDOWS\SYSTEM32\VERSION.dll
0x00007ff98a700000 - 0x00007ff98a731000 	C:\WINDOWS\System32\IMM32.DLL
0x00007ff979a00000 - 0x00007ff979a0c000 	C:\Program Files\Java\jdk-16.0.1\bin\vcruntime140_1.dll
0x00007ff96eb20000 - 0x00007ff96ebb1000 	C:\Program Files\Java\jdk-16.0.1\bin\msvcp140.dll
0x00007ff928680000 - 0x00007ff92922b000 	C:\Program Files\Java\jdk-16.0.1\bin\server\jvm.dll
0x00007ff98b0b0000 - 0x00007ff98b0b8000 	C:\WINDOWS\System32\PSAPI.DLL
0x00007ff975c20000 - 0x00007ff975c29000 	C:\WINDOWS\SYSTEM32\WSOCK32.dll
0x00007ff981780000 - 0x00007ff9817b4000 	C:\WINDOWS\SYSTEM32\WINMM.dll
0x00007ff98a560000 - 0x00007ff98a5d1000 	C:\WINDOWS\System32\WS2_32.dll
0x00007ff987ba0000 - 0x00007ff987bb8000 	C:\WINDOWS\SYSTEM32\kernel.appcore.dll
0x00007ff977c30000 - 0x00007ff977c3a000 	C:\Program Files\Java\jdk-16.0.1\bin\jimage.dll
0x00007ff982300000 - 0x00007ff982526000 	C:\WINDOWS\SYSTEM32\DBGHELP.DLL
0x00007ff98abb0000 - 0x00007ff98af2b000 	C:\WINDOWS\System32\combase.dll
0x00007ff976ba0000 - 0x00007ff976bd1000 	C:\WINDOWS\SYSTEM32\dbgcore.DLL
0x00007ff988e70000 - 0x00007ff988ef1000 	C:\WINDOWS\System32\bcryptPrimitives.dll
0x00007ff974550000 - 0x00007ff974575000 	C:\Program Files\Java\jdk-16.0.1\bin\java.dll
0x00007ff989650000 - 0x00007ff989e04000 	C:\WINDOWS\System32\SHELL32.dll
0x00007ff986a80000 - 0x00007ff9872dd000 	C:\WINDOWS\SYSTEM32\windows.storage.dll
0x00007ff986900000 - 0x00007ff986a49000 	C:\WINDOWS\SYSTEM32\wintypes.dll
0x00007ff98b260000 - 0x00007ff98b350000 	C:\WINDOWS\System32\SHCORE.dll
0x00007ff98b360000 - 0x00007ff98b3bb000 	C:\WINDOWS\System32\shlwapi.dll
0x00007ff988910000 - 0x00007ff988931000 	C:\WINDOWS\SYSTEM32\profapi.dll
0x00007ff976f40000 - 0x00007ff976f59000 	C:\Program Files\Java\jdk-16.0.1\bin\net.dll
0x00007ff97fcb0000 - 0x00007ff97fdc2000 	C:\WINDOWS\SYSTEM32\WINHTTP.dll
0x00007ff987fe0000 - 0x00007ff988049000 	C:\WINDOWS\system32\mswsock.dll
0x00007ff975000000 - 0x00007ff975013000 	C:\Program Files\Java\jdk-16.0.1\bin\nio.dll
0x00007ff974530000 - 0x00007ff974548000 	C:\Program Files\Java\jdk-16.0.1\bin\zip.dll
0x0000025853680000 - 0x0000025853683000 	C:\Program Files\Java\javafx-sdk-17.0.1\bin\api-ms-win-core-console-l1-1-0.dll
0x0000025853690000 - 0x0000025853693000 	C:\Program Files\Java\javafx-sdk-17.0.1\bin\api-ms-win-core-console-l1-2-0.dll
0x00000258536a0000 - 0x00000258536a3000 	C:\Program Files\Java\javafx-sdk-17.0.1\bin\api-ms-win-core-datetime-l1-1-0.dll
0x00000258536b0000 - 0x00000258536b3000 	C:\Program Files\Java\javafx-sdk-17.0.1\bin\api-ms-win-core-debug-l1-1-0.dll
0x00000258536c0000 - 0x00000258536c3000 	C:\Program Files\Java\javafx-sdk-17.0.1\bin\api-ms-win-core-errorhandling-l1-1-0.dll
0x00000258536d0000 - 0x00000258536d4000 	C:\Program Files\Java\javafx-sdk-17.0.1\bin\api-ms-win-core-file-l1-1-0.dll
0x00000258536e0000 - 0x00000258536e3000 	C:\Program Files\Java\javafx-sdk-17.0.1\bin\api-ms-win-core-file-l1-2-0.dll
0x00000258536f0000 - 0x00000258536f3000 	C:\Program Files\Java\javafx-sdk-17.0.1\bin\api-ms-win-core-file-l2-1-0.dll
0x0000025853700000 - 0x0000025853703000 	C:\Program Files\Java\javafx-sdk-17.0.1\bin\api-ms-win-core-handle-l1-1-0.dll
0x0000025853710000 - 0x0000025853713000 	C:\Program Files\Java\javafx-sdk-17.0.1\bin\api-ms-win-core-heap-l1-1-0.dll
0x0000025853720000 - 0x0000025853723000 	C:\Program Files\Java\javafx-sdk-17.0.1\bin\api-ms-win-core-interlocked-l1-1-0.dll
0x0000025853730000 - 0x0000025853733000 	C:\Program Files\Java\javafx-sdk-17.0.1\bin\api-ms-win-core-libraryloader-l1-1-0.dll
0x0000025875ae0000 - 0x0000025875ae3000 	C:\Program Files\Java\javafx-sdk-17.0.1\bin\api-ms-win-core-localization-l1-2-0.dll
0x0000025875af0000 - 0x0000025875af3000 	C:\Program Files\Java\javafx-sdk-17.0.1\bin\api-ms-win-core-memory-l1-1-0.dll
0x0000025875b00000 - 0x0000025875b03000 	C:\Program Files\Java\javafx-sdk-17.0.1\bin\api-ms-win-core-namedpipe-l1-1-0.dll
0x0000025875b10000 - 0x0000025875b13000 	C:\Program Files\Java\javafx-sdk-17.0.1\bin\api-ms-win-core-processenvironment-l1-1-0.dll
0x0000025875b20000 - 0x0000025875b23000 	C:\Program Files\Java\javafx-sdk-17.0.1\bin\api-ms-win-core-processthreads-l1-1-0.dll
0x0000025875b30000 - 0x0000025875b33000 	C:\Program Files\Java\javafx-sdk-17.0.1\bin\api-ms-win-core-processthreads-l1-1-1.dll
0x0000025875b40000 - 0x0000025875b43000 	C:\Program Files\Java\javafx-sdk-17.0.1\bin\api-ms-win-core-profile-l1-1-0.dll
0x0000025875b50000 - 0x0000025875b53000 	C:\Program Files\Java\javafx-sdk-17.0.1\bin\api-ms-win-core-rtlsupport-l1-1-0.dll
0x0000025875b60000 - 0x0000025875b63000 	C:\Program Files\Java\javafx-sdk-17.0.1\bin\api-ms-win-core-string-l1-1-0.dll
0x0000025875b70000 - 0x0000025875b73000 	C:\Program Files\Java\javafx-sdk-17.0.1\bin\api-ms-win-core-synch-l1-1-0.dll
0x0000025875b80000 - 0x0000025875b83000 	C:\Program Files\Java\javafx-sdk-17.0.1\bin\api-ms-win-core-synch-l1-2-0.dll
0x0000025875b90000 - 0x0000025875b93000 	C:\Program Files\Java\javafx-sdk-17.0.1\bin\api-ms-win-core-sysinfo-l1-1-0.dll
0x0000025875ba0000 - 0x0000025875ba3000 	C:\Program Files\Java\javafx-sdk-17.0.1\bin\api-ms-win-core-timezone-l1-1-0.dll
0x0000025875bb0000 - 0x0000025875bb3000 	C:\Program Files\Java\javafx-sdk-17.0.1\bin\api-ms-win-core-util-l1-1-0.dll
0x0000025875bc0000 - 0x0000025875bc3000 	C:\Program Files\Java\javafx-sdk-17.0.1\bin\api-ms-win-crt-conio-l1-1-0.dll
0x0000025875bd0000 - 0x0000025875bd4000 	C:\Program Files\Java\javafx-sdk-17.0.1\bin\api-ms-win-crt-convert-l1-1-0.dll
0x0000025875be0000 - 0x0000025875be3000 	C:\Program Files\Java\javafx-sdk-17.0.1\bin\api-ms-win-crt-environment-l1-1-0.dll
0x0000025875bf0000 - 0x0000025875bf3000 	C:\Program Files\Java\javafx-sdk-17.0.1\bin\api-ms-win-crt-filesystem-l1-1-0.dll
0x0000025878100000 - 0x0000025878103000 	C:\Program Files\Java\javafx-sdk-17.0.1\bin\api-ms-win-crt-heap-l1-1-0.dll
0x0000025878110000 - 0x0000025878113000 	C:\Program Files\Java\javafx-sdk-17.0.1\bin\api-ms-win-crt-locale-l1-1-0.dll
0x0000025878120000 - 0x0000025878125000 	C:\Program Files\Java\javafx-sdk-17.0.1\bin\api-ms-win-crt-math-l1-1-0.dll
0x0000025878130000 - 0x0000025878135000 	C:\Program Files\Java\javafx-sdk-17.0.1\bin\api-ms-win-crt-multibyte-l1-1-0.dll
0x0000025878140000 - 0x0000025878150000 	C:\Program Files\Java\javafx-sdk-17.0.1\bin\api-ms-win-crt-private-l1-1-0.dll
0x0000025878150000 - 0x0000025878153000 	C:\Program Files\Java\javafx-sdk-17.0.1\bin\api-ms-win-crt-process-l1-1-0.dll
0x0000025878160000 - 0x0000025878164000 	C:\Program Files\Java\javafx-sdk-17.0.1\bin\api-ms-win-crt-runtime-l1-1-0.dll
0x0000025878170000 - 0x0000025878174000 	C:\Program Files\Java\javafx-sdk-17.0.1\bin\api-ms-win-crt-stdio-l1-1-0.dll
0x0000025878180000 - 0x0000025878184000 	C:\Program Files\Java\javafx-sdk-17.0.1\bin\api-ms-win-crt-string-l1-1-0.dll
0x0000025878190000 - 0x0000025878193000 	C:\Program Files\Java\javafx-sdk-17.0.1\bin\api-ms-win-crt-time-l1-1-0.dll
0x00000258781a0000 - 0x00000258781a3000 	C:\Program Files\Java\javafx-sdk-17.0.1\bin\api-ms-win-crt-utility-l1-1-0.dll
0x00007ff943600000 - 0x00007ff9436fc000 	C:\Program Files\Java\javafx-sdk-17.0.1\bin\ucrtbase.dll
0x00007ff976ce0000 - 0x00007ff976cfa000 	C:\Program Files\Java\javafx-sdk-17.0.1\bin\vcruntime140.dll
0x00007ff979920000 - 0x00007ff97992c000 	C:\Program Files\Java\javafx-sdk-17.0.1\bin\vcruntime140_1.dll
0x00007ff970990000 - 0x00007ff970a1d000 	C:\Program Files\Java\javafx-sdk-17.0.1\bin\msvcp140.dll
0x00007ff976130000 - 0x00007ff97615a000 	C:\Program Files\Java\javafx-sdk-17.0.1\bin\prism_d3d.dll
0x00007ff96ad20000 - 0x00007ff96aec6000 	C:\WINDOWS\system32\d3d9.dll
0x00007ff9863a0000 - 0x00007ff9863d0000 	C:\WINDOWS\SYSTEM32\dwmapi.dll
0x00007ff986250000 - 0x00007ff986288000 	C:\WINDOWS\SYSTEM32\dxcore.dll
0x00007ff985f90000 - 0x00007ff98603b000 	C:\WINDOWS\system32\uxtheme.dll
0x00007ff937ec0000 - 0x00007ff93aebd000 	C:\WINDOWS\System32\DriverStore\FileRepository\igdlh64.inf_amd64_4645af5c659ae51a\igd9dxva64.dll
0x00007ff98a280000 - 0x00007ff98a41a000 	C:\WINDOWS\System32\ole32.dll
0x00007ff989550000 - 0x00007ff989627000 	C:\WINDOWS\System32\OLEAUT32.dll
0x00007ff981310000 - 0x00007ff981354000 	C:\WINDOWS\SYSTEM32\directxdatabasehelper.dll
0x00007ff973eb0000 - 0x00007ff973ef2000 	C:\Program Files\Java\javafx-sdk-17.0.1\bin\glass.dll
0x00007ff98b0c0000 - 0x00007ff98b1aa000 	C:\WINDOWS\System32\COMDLG32.dll
0x00007ff98b3c0000 - 0x00007ff98b4db000 	C:\WINDOWS\System32\MSCTF.dll
0x00007ff94d190000 - 0x00007ff94d36b000 	C:\WINDOWS\System32\DriverStore\FileRepository\u0369231.inf_amd64_e53bde106fa4d818\B369238\aticfx64.dll
0x00007ff964e40000 - 0x00007ff964e73000 	C:\WINDOWS\System32\DriverStore\FileRepository\u0369231.inf_amd64_e53bde106fa4d818\B369238\atiu9p64.dll
0x00007ff92a4b0000 - 0x00007ff92b146000 	C:\WINDOWS\System32\DriverStore\FileRepository\u0369231.inf_amd64_e53bde106fa4d818\B369238\atiumd64.dll
0x0000000051510000 - 0x0000000052389000 	C:\WINDOWS\System32\DriverStore\FileRepository\u0369231.inf_amd64_e53bde106fa4d818\B369238\atiumd6a.dll
0x00007ff9872f0000 - 0x00007ff98733d000 	C:\WINDOWS\SYSTEM32\POWRPROF.dll
0x00007ff9873e0000 - 0x00007ff9873f3000 	C:\WINDOWS\SYSTEM32\UMPDC.dll
0x00007ff94b820000 - 0x00007ff94b84f000 	C:\WINDOWS\SYSTEM32\amdihk64.dll
0x00007ff9467b0000 - 0x00007ff946987000 	C:\WINDOWS\System32\DriverStore\FileRepository\igdlh64.inf_amd64_4645af5c659ae51a\igdumdim64.dll
0x00007ff97c590000 - 0x00007ff97e325000 	C:\WINDOWS\System32\DriverStore\FileRepository\igdlh64.inf_amd64_4645af5c659ae51a\igc64.dll
0x00007ff9744a0000 - 0x00007ff9744cd000 	C:\Program Files\Java\javafx-sdk-17.0.1\bin\javafx_iio.dll
0x00007ff976b10000 - 0x00007ff976b24000 	C:\Program Files\Java\javafx-sdk-17.0.1\bin\javafx_font.dll
0x00007ff972070000 - 0x00007ff9722d6000 	C:\WINDOWS\SYSTEM32\dwrite.dll
0x00007ff98a8a0000 - 0x00007ff98a94f000 	C:\WINDOWS\System32\clbcatq.dll
0x00007ff97ffd0000 - 0x00007ff98017e000 	C:\WINDOWS\SYSTEM32\WindowsCodecs.dll
0x00007ff952710000 - 0x00007ff95276d000 	C:\WINDOWS\system32\dataexchange.dll
0x00007ff9830a0000 - 0x00007ff983306000 	C:\WINDOWS\system32\twinapi.appcore.dll
0x00007ff976b60000 - 0x00007ff976b92000 	C:\Program Files\Common Files\Microsoft Shared\Ink\rtscom.dll
0x00007ff97a190000 - 0x00007ff97a2bc000 	C:\WINDOWS\SYSTEM32\textinputframework.dll
0x00007ff9859d0000 - 0x00007ff985afd000 	C:\WINDOWS\SYSTEM32\CoreMessaging.dll
0x00007ff980d20000 - 0x00007ff98108b000 	C:\WINDOWS\SYSTEM32\CoreUIComponents.dll
0x00007ff988250000 - 0x00007ff98825c000 	C:\WINDOWS\SYSTEM32\CRYPTBASE.DLL

dbghelp: loaded successfully - version: 4.0.5 - missing functions: none
symbol engine: initialized successfully - sym options: 0x614 - pdb path: .;C:\Program Files\Java\jdk-16.0.1\bin;C:\WINDOWS\SYSTEM32;C:\WINDOWS\WinSxS\amd64_microsoft.windows.common-controls_6595b64144ccf1df_6.0.22494.1000_none_23deebcec6cdf010;C:\Program Files\Java\jdk-16.0.1\bin\server;C:\Program Files\Java\javafx-sdk-17.0.1\bin;C:\WINDOWS\System32\DriverStore\FileRepository\igdlh64.inf_amd64_4645af5c659ae51a;C:\WINDOWS\System32\DriverStore\FileRepository\u0369231.inf_amd64_e53bde106fa4d818\B369238;C:\Program Files\Common Files\Microsoft Shared\Ink

VM Arguments:
jvm_args: -Dfile.encoding=UTF-8 --add-modules=javafx.controls,javafx.fxml --module-path=C:\Users\Adames\Music\Universidad\POO\HG_Performance\build\classes;C:\Program Files\Java\javafx-sdk-17.0.1\lib\javafx-swt.jar;C:\Program Files\Java\javafx-sdk-17.0.1\lib\javafx.base.jar;C:\Program Files\Java\javafx-sdk-17.0.1\lib\javafx.controls.jar;C:\Program Files\Java\javafx-sdk-17.0.1\lib\javafx.fxml.jar;C:\Program Files\Java\javafx-sdk-17.0.1\lib\javafx.graphics.jar;C:\Program Files\Java\javafx-sdk-17.0.1\lib\javafx.media.jar;C:\Program Files\Java\javafx-sdk-17.0.1\lib\javafx.swing.jar;C:\Program Files\Java\javafx-sdk-17.0.1\lib\javafx.web.jar 
java_command: start.HG_Performance
java_class_path (initial): C:\Program Files\Java\javafx-sdk-17.0.1\lib\javafx-swt.jar;C:\Program Files\Java\javafx-sdk-17.0.1\lib\javafx.base.jar;C:\Program Files\Java\javafx-sdk-17.0.1\lib\javafx.controls.jar;C:\Program Files\Java\javafx-sdk-17.0.1\lib\javafx.fxml.jar;C:\Program Files\Java\javafx-sdk-17.0.1\lib\javafx.graphics.jar;C:\Program Files\Java\javafx-sdk-17.0.1\lib\javafx.media.jar;C:\Program Files\Java\javafx-sdk-17.0.1\lib\javafx.swing.jar;C:\Program Files\Java\javafx-sdk-17.0.1\lib\javafx.web.jar;C:\Users\Adames\Music\Universidad\POO\HG_Performance\build\classes
Launcher Type: SUN_STANDARD

[Global flags]
     intx CICompilerCount                          = 3                                         {product} {ergonomic}
     uint ConcGCThreads                            = 1                                         {product} {ergonomic}
     uint G1ConcRefinementThreads                  = 4                                         {product} {ergonomic}
   size_t G1HeapRegionSize                         = 2097152                                   {product} {ergonomic}
    uintx GCDrainStackTargetSize                   = 64                                        {product} {ergonomic}
   size_t InitialHeapSize                          = 266338304                                 {product} {ergonomic}
   size_t MarkStackSize                            = 4194304                                   {product} {ergonomic}
   size_t MaxHeapSize                              = 4261412864                                {product} {ergonomic}
   size_t MaxNewSize                               = 2556428288                                {product} {ergonomic}
   size_t MinHeapDeltaBytes                        = 2097152                                   {product} {ergonomic}
   size_t MinHeapSize                              = 8388608                                   {product} {ergonomic}
    uintx NonNMethodCodeHeapSize                   = 5832780                                {pd product} {ergonomic}
    uintx NonProfiledCodeHeapSize                  = 122912730                              {pd product} {ergonomic}
    uintx ProfiledCodeHeapSize                     = 122912730                              {pd product} {ergonomic}
    uintx ReservedCodeCacheSize                    = 251658240                              {pd product} {ergonomic}
     bool SegmentedCodeCache                       = true                                      {product} {ergonomic}
   size_t SoftMaxHeapSize                          = 4261412864                             {manageable} {ergonomic}
     bool UseCompressedClassPointers               = true                           {product lp64_product} {ergonomic}
     bool UseCompressedOops                        = true                           {product lp64_product} {ergonomic}
     bool UseG1GC                                  = true                                      {product} {ergonomic}
     bool UseLargePagesIndividualAllocation        = false                                  {pd product} {ergonomic}

Logging:
Log output configuration:
 #0: stdout all=off uptime,level,tags
 #1: stderr all=off uptime,level,tags

Environment Variables:
PATH=C:\ProgramData\Oracle\Java\javapath;C:\Program Files\Common Files\Oracle\Java\javapath;C:\Program Files (x86)\Common Files\Oracle\Java\javapath;C:\WINDOWS\system32;C:\WINDOWS;C:\WINDOWS\System32\Wbem;C:\WINDOWS\System32\WindowsPowerShell\v1.0\;C:\WINDOWS\System32\OpenSSH\;C:\Program Files\Huawei QuickApp IDE\resources\app\extensions\deveco-debug\lib\toolkit\nodeTool;C:\Program Files\Huawei QuickApp IDE\resources\app\extensions\deveco-debug\lib\toolkit;C:\Program Files\Microsoft SQL Server\130\Tools\Binn\;C:\ProgramData\chocolatey\bin;C:\Program Files\Git\cmd;C:\Users\Adames\AppData\Local\Programs\Python\Python39\Scripts\;C:\Users\Adames\AppData\Local\Programs\Python\Python39\;C:\Users\Adames\AppData\Local\Microsoft\WindowsApps;C:\Users\Adames\AppData\Local\GitHubDesktop\bin;C:\Users\Adames\AppData\Local\Programs\Microsoft VS Code\bin;
USERNAME=Adames
OS=Windows_NT
PROCESSOR_IDENTIFIER=Intel64 Family 6 Model 78 Stepping 3, GenuineIntel



---------------  S Y S T E M  ---------------

OS:
 Windows 10 , 64 bit Build 22494 (10.0.22494.1000)
OS uptime: 3 days 4:32 hours

CPU: total 4 (initial active 4) (2 cores per cpu, 2 threads per core) family 6 model 78 stepping 3 microcode 0xea, cx8, cmov, fxsr, ht, mmx, 3dnowpref, sse, sse2, sse3, ssse3, sse4.1, sse4.2, popcnt, lzcnt, tsc, tscinvbit, avx, avx2, aes, erms, clmul, bmi1, bmi2, adx, fma, vzeroupper, clflush, clflushopt

Memory: 4k page, system-wide physical 16255M (6418M free)
TotalPageFile size 25212M (AvailPageFile size 11616M)
current process WorkingSet (physical memory assigned to process): 185M, peak: 193M
current process commit charge ("private bytes"): 448M, peak: 457M

vm_info: Java HotSpot(TM) 64-Bit Server VM (16.0.1+9-24) for windows-amd64 JRE (16.0.1+9-24), built on Mar 26 2021 19:31:42 by "mach5one" with MS VC++ 16.7 (VS2019)

END.
