#
# A fatal error has been detected by the Java Runtime Environment:
#
#  EXCEPTION_ACCESS_VIOLATION (0xc0000005) at pc=0x00007ffe736462d7, pid=9736, tid=12216
#
# JRE version: Java(TM) SE Runtime Environment (17.0.2+8) (build 17.0.2+8-LTS-86)
# Java VM: Java HotSpot(TM) 64-Bit Server VM (17.0.2+8-LTS-86, mixed mode, sharing, tiered, compressed oops, compressed class ptrs, g1 gc, windows-amd64)
# Problematic frame:
# C  [glass.dll+0x262d7]
#
# No core dump will be written. Minidumps are not enabled by default on client versions of Windows
#
# If you would like to submit a bug report, please visit:
#   https://bugreport.java.com/bugreport/crash.jsp
#

---------------  S U M M A R Y ------------

Command Line: -Dfile.encoding=UTF-8 --add-modules=javafx.controls,javafx.fxml --module-path=C:\Users\juanc\OneDrive\Documentos\Universidad 3\POO\SEATORA\build\classes;C:\Program Files\Java\javafx-sdk-18.0.1\lib\javafx-swt.jar;C:\Program Files\Java\javafx-sdk-18.0.1\lib\javafx.base.jar;C:\Program Files\Java\javafx-sdk-18.0.1\lib\javafx.controls.jar;C:\Program Files\Java\javafx-sdk-18.0.1\lib\javafx.fxml.jar;C:\Program Files\Java\javafx-sdk-18.0.1\lib\javafx.graphics.jar;C:\Program Files\Java\javafx-sdk-18.0.1\lib\javafx.media.jar;C:\Program Files\Java\javafx-sdk-18.0.1\lib\javafx.swing.jar;C:\Program Files\Java\javafx-sdk-18.0.1\lib\javafx.web.jar start.Seatora

Host: AMD Ryzen 7 5800H with Radeon Graphics         , 16 cores, 23G,  Windows 11 , 64 bit Build 22000 (10.0.22000.675)
Time: Thu May 26 07:11:33 2022 Hora est. Pacífico, Sudamérica elapsed time: 420.752398 seconds (0d 0h 7m 0s)

---------------  T H R E A D  ---------------

Current thread (0x00000163118a0880):  VMThread "VM Thread" [stack: 0x00000046c1d00000,0x00000046c1e00000] [id=12216]

Stack: [0x00000046c1d00000,0x00000046c1e00000],  sp=0x00000046c1dff150,  free space=1020k
Native frames: (J=compiled Java code, j=interpreted, Vv=VM code, C=native code)
C  [glass.dll+0x262d7]


siginfo: EXCEPTION_ACCESS_VIOLATION (0xc0000005), reading address 0x0000000000000000


Register to memory mapping:

RIP=0x00007ffe736462d7 glass.dll
RAX=0x0 is NULL
RBX=0x00000163118b59f8 is a global jni handle
RCX=0x00000163118a0880 points into unknown readable memory: 0x00007ffe0739e890 | 90 e8 39 07 fe 7f 00 00
RDX=0x00000046c1dff150 points into unknown readable memory: 0x0000000000000000 | 00 00 00 00 00 00 00 00
RSP=0x00000046c1dff150 points into unknown readable memory: 0x0000000000000000 | 00 00 00 00 00 00 00 00
RBP=0x0000016313040f58 points into unknown readable memory: 0x0000b4ce853cc7bf | bf c7 3c 85 ce b4 00 00
RSI=0x0000016313040f30 points into unknown readable memory: 0x00008b31bc8edcd1 | d1 dc 8e bc 31 8b 00 00
RDI=0x0000b4ce853cc7bf is an unknown value
R8 =0x0000000000010002 is an unknown value
R9 =0x0000b4ce853cc7bf is an unknown value
R10=0x85f13e9656da4870 is an unknown value
R11=0x00000046c1dff0e0 points into unknown readable memory: 0x0000016313040f30 | 30 0f 04 13 63 01 00 00
R12=0x00007ffe73643bc4 glass.dll
R13=0x00007ffe075449d0 jvm.dll
R14=0x00000046c1dff258 points into unknown readable memory: 0x00000046c1dff240 | 40 f2 df c1 46 00 00 00
R15=0x0000016313040f30 points into unknown readable memory: 0x00008b31bc8edcd1 | d1 dc 8e bc 31 8b 00 00


Registers:
RAX=0x0000000000000000, RBX=0x00000163118b59f8, RCX=0x00000163118a0880, RDX=0x00000046c1dff150
RSP=0x00000046c1dff150, RBP=0x0000016313040f58, RSI=0x0000016313040f30, RDI=0x0000b4ce853cc7bf
R8 =0x0000000000010002, R9 =0x0000b4ce853cc7bf, R10=0x85f13e9656da4870, R11=0x00000046c1dff0e0
R12=0x00007ffe73643bc4, R13=0x00007ffe075449d0, R14=0x00000046c1dff258, R15=0x0000016313040f30
RIP=0x00007ffe736462d7, EFLAGS=0x0000000000010206

Top of Stack: (sp=0x00000046c1dff150)
0x00000046c1dff150:   0000000000000000 0000016313040f30
0x00000046c1dff160:   00007ffe075449d0 00007ffe73643bc4
0x00000046c1dff170:   0000016313040f38 00007ffe99cdbea0
0x00000046c1dff180:   0000b4ce853cc7bf 0000016300000000
0x00000046c1dff190:   0000016313040f58 0000016313040f30
0x00000046c1dff1a0:   fffffffffffffffe 0000000000000000
0x00000046c1dff1b0:   0000000000000001 00007ffe73620000
0x00000046c1dff1c0:   00000046c1dff248 00007ffe99cdbdb7
0x00000046c1dff1d0:   0000000000000000 00000046c1dff258
0x00000046c1dff1e0:   00000046c1dff530 00007ffe99dc12b0
0x00000046c1dff1f0:   0000000000000001 00007ffe99cdbd6d
0x00000046c1dff200:   0000000000000000 0000000000000001
0x00000046c1dff210:   0000000000000000 00000046c1dff248
0x00000046c1dff220:   fffffffffffffffe 0000004600000000
0x00000046c1dff230:   ffffffff00000001 00007ffe73643a51
0x00000046c1dff240:   00007ffe73659f88 00007ffe00000002 

Instructions: (pc=0x00007ffe736462d7)
0x00007ffe736461d7:   8b 4d 58 e8 2d cf ff ff 48 8b 4d 60 e8 24 cf ff
0x00007ffe736461e7:   ff 48 8b 95 80 00 00 00 48 8b 8d 18 01 00 00 e8
0x00007ffe736461f7:   16 c4 ff ff 33 d2 33 c9 e8 5c e1 ff ff 90 48 89
0x00007ffe73646207:   54 24 10 55 48 83 ec 20 48 8b ea 48 b8 00 00 00
0x00007ffe73646217:   00 00 00 00 00 48 83 c4 20 5d c3 cc 40 55 48 8b
0x00007ffe73646227:   ea 48 8b 01 33 c9 81 38 05 00 00 c0 0f 94 c1 8b
0x00007ffe73646237:   c1 5d c3 cc 40 55 48 83 ec 20 48 8b ea 8a 4d 40
0x00007ffe73646247:   48 83 c4 20 5d e9 17 d3 ff ff cc 40 55 48 83 ec
0x00007ffe73646257:   20 48 8b ea 8a 4d 20 e8 05 d3 ff ff 90 48 83 c4
0x00007ffe73646267:   20 5d c3 cc 40 55 48 83 ec 20 48 8b ea 48 83 c4
0x00007ffe73646277:   20 5d e9 66 d1 ff ff cc 40 55 48 83 ec 30 48 8b
0x00007ffe73646287:   ea 48 8b 01 8b 10 48 89 4c 24 28 89 54 24 20 4c
0x00007ffe73646297:   8d 0d 07 d6 ff ff 4c 8b 45 70 8b 55 68 48 8b 4d
0x00007ffe736462a7:   60 e8 a7 d0 ff ff 90 48 83 c4 30 5d c3 cc cc cc
0x00007ffe736462b7:   cc cc cc cc cc cc cc cc cc 40 53 48 83 ec 20 48
0x00007ffe736462c7:   8b 1d bb 36 01 00 48 85 db 74 16 e8 59 8b ff ff
0x00007ffe736462d7:   4c 8b 00 48 8b d3 48 8b c8 41 ff 90 b0 00 00 00
0x00007ffe736462e7:   90 48 83 c4 20 5b c3 cc cc 40 53 48 83 ec 20 48
0x00007ffe736462f7:   8b 1d 2b 38 01 00 48 85 db 74 57 b8 ff ff ff ff
0x00007ffe73646307:   f0 0f c1 43 10 83 f8 01 75 3d 48 85 db 74 38 48
0x00007ffe73646317:   8b 0b 48 85 c9 74 0d ff 15 84 0f 00 00 48 c7 03
0x00007ffe73646327:   00 00 00 00 48 8b 4b 08 48 85 c9 74 0d e8 d3 cd
0x00007ffe73646337:   ff ff 48 c7 43 08 00 00 00 00 ba 18 00 00 00 48
0x00007ffe73646347:   8b cb e8 be cd ff ff 48 c7 05 cf 37 01 00 00 00
0x00007ffe73646357:   00 00 48 83 c4 20 5b c3 cc 40 53 48 83 ec 20 48
0x00007ffe73646367:   8b 1d 9b 37 01 00 48 85 db 74 57 b8 ff ff ff ff
0x00007ffe73646377:   f0 0f c1 43 10 83 f8 01 75 3d 48 85 db 74 38 48
0x00007ffe73646387:   8b 0b 48 85 c9 74 0d ff 15 14 0f 00 00 48 c7 03
0x00007ffe73646397:   00 00 00 00 48 8b 4b 08 48 85 c9 74 0d e8 63 cd
0x00007ffe736463a7:   ff ff 48 c7 43 08 00 00 00 00 ba 18 00 00 00 48
0x00007ffe736463b7:   8b cb e8 4e cd ff ff 48 c7 05 3f 37 01 00 00 00
0x00007ffe736463c7:   00 00 48 83 c4 20 5b c3 cc 40 53 48 83 ec 20 48 


Stack slot to memory mapping:
stack at sp + 0 slots: 0x0 is NULL
stack at sp + 1 slots: 0x0000016313040f30 points into unknown readable memory: 0x00008b31bc8edcd1 | d1 dc 8e bc 31 8b 00 00
stack at sp + 2 slots: 0x00007ffe075449d0 jvm.dll
stack at sp + 3 slots: 0x00007ffe73643bc4 glass.dll
stack at sp + 4 slots: 0x0000016313040f38 points into unknown readable memory: 0x0000b4ce853cc7bf | bf c7 3c 85 ce b4 00 00
stack at sp + 5 slots: 0x00007ffe99cdbea0 ucrtbase.dll
stack at sp + 6 slots: 0x0000b4ce853cc7bf is an unknown value
stack at sp + 7 slots: 0x0000016300000000 is an unknown value

VM_Operation (0x00000046c36f64d0): Exit, mode: safepoint, requested by thread 0x000001631280b000


---------------  P R O C E S S  ---------------

Threads class SMR info:
_java_thread_list=0x000001631cfaeb40, length=19, elements={
0x0000016369560bb0, 0x00000163118a6880, 0x00000163118a76f0, 0x00000163118bb2e0,
0x00000163118bbc90, 0x00000163118bc640, 0x00000163118bcff0, 0x000001636736f5f0,
0x000001636736c350, 0x00000163118de500, 0x00000163124e57b0, 0x00000163129ebd90,
0x0000016312dc96c0, 0x0000016313384440, 0x000001631280b000, 0x0000016313a13440,
0x0000016313a14930, 0x0000016313998020, 0x00000163139989c0
}

Java Threads: ( => current thread )
  0x0000016369560bb0 JavaThread "main" [_thread_blocked, id=1928, stack(0x00000046c1700000,0x00000046c1800000)]
  0x00000163118a6880 JavaThread "Reference Handler" daemon [_thread_blocked, id=10832, stack(0x00000046c1e00000,0x00000046c1f00000)]
  0x00000163118a76f0 JavaThread "Finalizer" daemon [_thread_blocked, id=18272, stack(0x00000046c1f00000,0x00000046c2000000)]
  0x00000163118bb2e0 JavaThread "Signal Dispatcher" daemon [_thread_blocked, id=5792, stack(0x00000046c2000000,0x00000046c2100000)]
  0x00000163118bbc90 JavaThread "Attach Listener" daemon [_thread_blocked, id=18208, stack(0x00000046c2100000,0x00000046c2200000)]
  0x00000163118bc640 JavaThread "Service Thread" daemon [_thread_blocked, id=11012, stack(0x00000046c2200000,0x00000046c2300000)]
  0x00000163118bcff0 JavaThread "Monitor Deflation Thread" daemon [_thread_blocked, id=6488, stack(0x00000046c2300000,0x00000046c2400000)]
  0x000001636736f5f0 JavaThread "C2 CompilerThread0" daemon [_thread_blocked, id=11464, stack(0x00000046c2400000,0x00000046c2500000)]
  0x000001636736c350 JavaThread "C1 CompilerThread0" daemon [_thread_blocked, id=4372, stack(0x00000046c2500000,0x00000046c2600000)]
  0x00000163118de500 JavaThread "Sweeper thread" daemon [_thread_blocked, id=11736, stack(0x00000046c2600000,0x00000046c2700000)]
  0x00000163124e57b0 JavaThread "Common-Cleaner" daemon [_thread_blocked, id=14824, stack(0x00000046c2800000,0x00000046c2900000)]
  0x00000163129ebd90 JavaThread "Notification Thread" daemon [_thread_blocked, id=8764, stack(0x00000046c3100000,0x00000046c3200000)]
  0x0000016312dc96c0 JavaThread "QuantumRenderer-0" daemon [_thread_blocked, id=6364, stack(0x00000046c3300000,0x00000046c3400000)]
  0x0000016313384440 JavaThread "InvokeLaterDispatcher" daemon [_thread_blocked, id=12280, stack(0x00000046c3500000,0x00000046c3600000)]
  0x000001631280b000 JavaThread "JavaFX Application Thread" [_thread_blocked, id=7464, stack(0x00000046c3600000,0x00000046c3700000)]
  0x0000016313a13440 JavaThread "JavaFX-Launcher" [_thread_blocked, id=5384, stack(0x00000046c3800000,0x00000046c3900000)]
  0x0000016313a14930 JavaThread "Thread-2" daemon [_thread_in_native, id=10204, stack(0x00000046c3000000,0x00000046c3100000)]
  0x0000016313998020 JavaThread "Prism Font Disposer" daemon [_thread_blocked, id=15812, stack(0x00000046c4100000,0x00000046c4200000)]
  0x00000163139989c0 JavaThread "Cleaner-0" daemon [_thread_blocked, id=19504, stack(0x00000046c45a0000,0x00000046c46a0000)]

Other Threads:
=>0x00000163118a0880 VMThread "VM Thread" [stack: 0x00000046c1d00000,0x00000046c1e00000] [id=12216]
  0x00000163695c08a0 GCTaskThread "GC Thread#0" [stack: 0x00000046c1800000,0x00000046c1900000] [id=18956]
  0x000001631383d520 GCTaskThread "GC Thread#1" [stack: 0x00000046c3900000,0x00000046c3a00000] [id=10144]
  0x00000163133c1d00 GCTaskThread "GC Thread#2" [stack: 0x00000046c3a00000,0x00000046c3b00000] [id=19712]
  0x0000016313a157a0 GCTaskThread "GC Thread#3" [stack: 0x00000046c3b00000,0x00000046c3c00000] [id=9848]
  0x0000016313b52850 GCTaskThread "GC Thread#4" [stack: 0x00000046c3c00000,0x00000046c3d00000] [id=16000]
  0x0000016312c06d30 GCTaskThread "GC Thread#5" [stack: 0x00000046c3d00000,0x00000046c3e00000] [id=18908]
  0x0000016313a246f0 GCTaskThread "GC Thread#6" [stack: 0x00000046c3e00000,0x00000046c3f00000] [id=7764]
  0x0000016313af3c30 GCTaskThread "GC Thread#7" [stack: 0x00000046c3f00000,0x00000046c4000000] [id=18448]
  0x0000016313af3ee0 GCTaskThread "GC Thread#8" [stack: 0x00000046c4000000,0x00000046c4100000] [id=11332]
  0x0000016313bed5c0 GCTaskThread "GC Thread#9" [stack: 0x00000046c2c00000,0x00000046c2d00000] [id=6884]
  0x00000163695cd6b0 ConcurrentGCThread "G1 Main Marker" terminated
  0x00000163695ce0c0 ConcurrentGCThread "G1 Conc#0" [stack: 0x00000046c1a00000,0x00000046c1b00000] [id=16916]
  0x000001636963d8e0 ConcurrentGCThread "G1 Refine#0" terminated
  0x000001636963e300 ConcurrentGCThread "G1 Service" terminated

Threads with active compile tasks:

VM state: at safepoint (shutting down)

VM Mutex/Monitor currently owned by a thread:  ([mutex/lock_event])
[0x000001636955cf50] Threads_lock - owner thread: 0x00000163118a0880
[0x000001636955b720] Heap_lock - owner thread: 0x000001631280b000

Heap address: 0x0000000682400000, size: 6108 MB, Compressed Oops mode: Zero based, Oop shift amount: 3

CDS archive(s) mapped at: [0x0000000800000000-0x0000000800bc0000-0x0000000800bc0000), size 12320768, SharedBaseAddress: 0x0000000800000000, ArchiveRelocationMode: 0.
Compressed class space mapped at: 0x0000000800c00000-0x0000000840c00000, reserved size: 1073741824
Narrow klass base: 0x0000000800000000, Narrow klass shift: 0, Narrow klass range: 0x100000000

GC Precious Log:
 CPUs: 16 total, 16 available
 Memory: 24428M
 Large Page Support: Disabled
 NUMA Support: Disabled
 Compressed Oops: Enabled (Zero based)
 Heap Region Size: 4M
 Heap Min Capacity: 8M
 Heap Initial Capacity: 384M
 Heap Max Capacity: 6108M
 Pre-touch: Disabled
 Parallel Workers: 13
 Concurrent Workers: 3
 Concurrent Refinement Workers: 13
 Periodic GC: Disabled

Heap:
 garbage-first heap   total 393216K, used 98811K [0x0000000682400000, 0x0000000800000000)
  region size 4096K, 19 young (77824K), 2 survivors (8192K)
 Metaspace       used 18962K, committed 19264K, reserved 1073152K
  class space    used 2665K, committed 2816K, reserved 1048576K

Heap Regions: E=young(eden), S=young(survivor), O=old, HS=humongous(starts), HC=humongous(continues), CS=collection set, F=free, OA=open archive, CA=closed archive, TAMS=top-at-mark-start (previous, next)
|   0|0x0000000682400000, 0x0000000682800000, 0x0000000682800000|100%|HS|  |TAMS 0x0000000682400000, 0x0000000682400000| Complete 
|   1|0x0000000682800000, 0x0000000682c00000, 0x0000000682c00000|100%|HS|  |TAMS 0x0000000682800000, 0x0000000682800000| Complete 
|   2|0x0000000682c00000, 0x0000000683000000, 0x0000000683000000|100%|HS|  |TAMS 0x0000000682c00000, 0x0000000682c00000| Complete 
|   3|0x0000000683000000, 0x000000068307ee00, 0x0000000683400000| 12%| O|  |TAMS 0x0000000683000000, 0x0000000683000000| Untracked 
|   4|0x0000000683400000, 0x0000000683800000, 0x0000000683800000|100%|HS|  |TAMS 0x0000000683400000, 0x0000000683400000| Complete 
|   5|0x0000000683800000, 0x0000000683c00000, 0x0000000683c00000|100%|HS|  |TAMS 0x0000000683800000, 0x0000000683800000| Complete 
|   6|0x0000000683c00000, 0x0000000684000000, 0x0000000684000000|100%|HS|  |TAMS 0x0000000683c00000, 0x0000000683c00000| Complete 
|   7|0x0000000684000000, 0x0000000684000000, 0x0000000684400000|  0%| F|  |TAMS 0x0000000684000000, 0x0000000684000000| Untracked 
|   8|0x0000000684400000, 0x0000000684400000, 0x0000000684800000|  0%| F|  |TAMS 0x0000000684400000, 0x0000000684400000| Untracked 
|   9|0x0000000684800000, 0x0000000684800000, 0x0000000684c00000|  0%| F|  |TAMS 0x0000000684800000, 0x0000000684800000| Untracked 
|  10|0x0000000684c00000, 0x0000000684c00000, 0x0000000685000000|  0%| F|  |TAMS 0x0000000684c00000, 0x0000000684c00000| Untracked 
|  11|0x0000000685000000, 0x0000000685000000, 0x0000000685400000|  0%| F|  |TAMS 0x0000000685000000, 0x0000000685000000| Untracked 
|  12|0x0000000685400000, 0x0000000685400000, 0x0000000685800000|  0%| F|  |TAMS 0x0000000685400000, 0x0000000685400000| Untracked 
|  13|0x0000000685800000, 0x0000000685800000, 0x0000000685c00000|  0%| F|  |TAMS 0x0000000685800000, 0x0000000685800000| Untracked 
|  14|0x0000000685c00000, 0x0000000685c00000, 0x0000000686000000|  0%| F|  |TAMS 0x0000000685c00000, 0x0000000685c00000| Untracked 
|  15|0x0000000686000000, 0x0000000686000000, 0x0000000686400000|  0%| F|  |TAMS 0x0000000686000000, 0x0000000686000000| Untracked 
|  16|0x0000000686400000, 0x0000000686400000, 0x0000000686800000|  0%| F|  |TAMS 0x0000000686400000, 0x0000000686400000| Untracked 
|  17|0x0000000686800000, 0x0000000686800000, 0x0000000686c00000|  0%| F|  |TAMS 0x0000000686800000, 0x0000000686800000| Untracked 
|  18|0x0000000686c00000, 0x0000000686c00000, 0x0000000687000000|  0%| F|  |TAMS 0x0000000686c00000, 0x0000000686c00000| Untracked 
|  19|0x0000000687000000, 0x0000000687000000, 0x0000000687400000|  0%| F|  |TAMS 0x0000000687000000, 0x0000000687000000| Untracked 
|  20|0x0000000687400000, 0x0000000687400000, 0x0000000687800000|  0%| F|  |TAMS 0x0000000687400000, 0x0000000687400000| Untracked 
|  21|0x0000000687800000, 0x0000000687800000, 0x0000000687c00000|  0%| F|  |TAMS 0x0000000687800000, 0x0000000687800000| Untracked 
|  22|0x0000000687c00000, 0x0000000687c00000, 0x0000000688000000|  0%| F|  |TAMS 0x0000000687c00000, 0x0000000687c00000| Untracked 
|  23|0x0000000688000000, 0x0000000688000000, 0x0000000688400000|  0%| F|  |TAMS 0x0000000688000000, 0x0000000688000000| Untracked 
|  24|0x0000000688400000, 0x0000000688400000, 0x0000000688800000|  0%| F|  |TAMS 0x0000000688400000, 0x0000000688400000| Untracked 
|  25|0x0000000688800000, 0x0000000688800000, 0x0000000688c00000|  0%| F|  |TAMS 0x0000000688800000, 0x0000000688800000| Untracked 
|  26|0x0000000688c00000, 0x0000000688c00000, 0x0000000689000000|  0%| F|  |TAMS 0x0000000688c00000, 0x0000000688c00000| Untracked 
|  27|0x0000000689000000, 0x0000000689000000, 0x0000000689400000|  0%| F|  |TAMS 0x0000000689000000, 0x0000000689000000| Untracked 
|  28|0x0000000689400000, 0x0000000689400000, 0x0000000689800000|  0%| F|  |TAMS 0x0000000689400000, 0x0000000689400000| Untracked 
|  29|0x0000000689800000, 0x0000000689800000, 0x0000000689c00000|  0%| F|  |TAMS 0x0000000689800000, 0x0000000689800000| Untracked 
|  30|0x0000000689c00000, 0x0000000689c00000, 0x000000068a000000|  0%| F|  |TAMS 0x0000000689c00000, 0x0000000689c00000| Untracked 
|  31|0x000000068a000000, 0x000000068a000000, 0x000000068a400000|  0%| F|  |TAMS 0x000000068a000000, 0x000000068a000000| Untracked 
|  32|0x000000068a400000, 0x000000068a400000, 0x000000068a800000|  0%| F|  |TAMS 0x000000068a400000, 0x000000068a400000| Untracked 
|  33|0x000000068a800000, 0x000000068a800000, 0x000000068ac00000|  0%| F|  |TAMS 0x000000068a800000, 0x000000068a800000| Untracked 
|  34|0x000000068ac00000, 0x000000068ac00000, 0x000000068b000000|  0%| F|  |TAMS 0x000000068ac00000, 0x000000068ac00000| Untracked 
|  35|0x000000068b000000, 0x000000068b000000, 0x000000068b400000|  0%| F|  |TAMS 0x000000068b000000, 0x000000068b000000| Untracked 
|  36|0x000000068b400000, 0x000000068b400000, 0x000000068b800000|  0%| F|  |TAMS 0x000000068b400000, 0x000000068b400000| Untracked 
|  37|0x000000068b800000, 0x000000068b800000, 0x000000068bc00000|  0%| F|  |TAMS 0x000000068b800000, 0x000000068b800000| Untracked 
|  38|0x000000068bc00000, 0x000000068bc00000, 0x000000068c000000|  0%| F|  |TAMS 0x000000068bc00000, 0x000000068bc00000| Untracked 
|  39|0x000000068c000000, 0x000000068c000000, 0x000000068c400000|  0%| F|  |TAMS 0x000000068c000000, 0x000000068c000000| Untracked 
|  40|0x000000068c400000, 0x000000068c400000, 0x000000068c800000|  0%| F|  |TAMS 0x000000068c400000, 0x000000068c400000| Untracked 
|  41|0x000000068c800000, 0x000000068c800000, 0x000000068cc00000|  0%| F|  |TAMS 0x000000068c800000, 0x000000068c800000| Untracked 
|  42|0x000000068cc00000, 0x000000068cc00000, 0x000000068d000000|  0%| F|  |TAMS 0x000000068cc00000, 0x000000068cc00000| Untracked 
|  43|0x000000068d000000, 0x000000068d000000, 0x000000068d400000|  0%| F|  |TAMS 0x000000068d000000, 0x000000068d000000| Untracked 
|  44|0x000000068d400000, 0x000000068d400000, 0x000000068d800000|  0%| F|  |TAMS 0x000000068d400000, 0x000000068d400000| Untracked 
|  45|0x000000068d800000, 0x000000068d800000, 0x000000068dc00000|  0%| F|  |TAMS 0x000000068d800000, 0x000000068d800000| Untracked 
|  46|0x000000068dc00000, 0x000000068dc00000, 0x000000068e000000|  0%| F|  |TAMS 0x000000068dc00000, 0x000000068dc00000| Untracked 
|  47|0x000000068e000000, 0x000000068e000000, 0x000000068e400000|  0%| F|  |TAMS 0x000000068e000000, 0x000000068e000000| Untracked 
|  48|0x000000068e400000, 0x000000068e400000, 0x000000068e800000|  0%| F|  |TAMS 0x000000068e400000, 0x000000068e400000| Untracked 
|  49|0x000000068e800000, 0x000000068e800000, 0x000000068ec00000|  0%| F|  |TAMS 0x000000068e800000, 0x000000068e800000| Untracked 
|  50|0x000000068ec00000, 0x000000068ec00000, 0x000000068f000000|  0%| F|  |TAMS 0x000000068ec00000, 0x000000068ec00000| Untracked 
|  51|0x000000068f000000, 0x000000068f000000, 0x000000068f400000|  0%| F|  |TAMS 0x000000068f000000, 0x000000068f000000| Untracked 
|  52|0x000000068f400000, 0x000000068f400000, 0x000000068f800000|  0%| F|  |TAMS 0x000000068f400000, 0x000000068f400000| Untracked 
|  53|0x000000068f800000, 0x000000068f800000, 0x000000068fc00000|  0%| F|  |TAMS 0x000000068f800000, 0x000000068f800000| Untracked 
|  54|0x000000068fc00000, 0x000000068fc00000, 0x0000000690000000|  0%| F|  |TAMS 0x000000068fc00000, 0x000000068fc00000| Untracked 
|  55|0x0000000690000000, 0x0000000690000000, 0x0000000690400000|  0%| F|  |TAMS 0x0000000690000000, 0x0000000690000000| Untracked 
|  56|0x0000000690400000, 0x0000000690400000, 0x0000000690800000|  0%| F|  |TAMS 0x0000000690400000, 0x0000000690400000| Untracked 
|  57|0x0000000690800000, 0x0000000690800000, 0x0000000690c00000|  0%| F|  |TAMS 0x0000000690800000, 0x0000000690800000| Untracked 
|  58|0x0000000690c00000, 0x0000000690c00000, 0x0000000691000000|  0%| F|  |TAMS 0x0000000690c00000, 0x0000000690c00000| Untracked 
|  59|0x0000000691000000, 0x0000000691000000, 0x0000000691400000|  0%| F|  |TAMS 0x0000000691000000, 0x0000000691000000| Untracked 
|  60|0x0000000691400000, 0x0000000691400000, 0x0000000691800000|  0%| F|  |TAMS 0x0000000691400000, 0x0000000691400000| Untracked 
|  61|0x0000000691800000, 0x0000000691800000, 0x0000000691c00000|  0%| F|  |TAMS 0x0000000691800000, 0x0000000691800000| Untracked 
|  62|0x0000000691c00000, 0x0000000691c00000, 0x0000000692000000|  0%| F|  |TAMS 0x0000000691c00000, 0x0000000691c00000| Untracked 
|  63|0x0000000692000000, 0x0000000692000000, 0x0000000692400000|  0%| F|  |TAMS 0x0000000692000000, 0x0000000692000000| Untracked 
|  64|0x0000000692400000, 0x0000000692400000, 0x0000000692800000|  0%| F|  |TAMS 0x0000000692400000, 0x0000000692400000| Untracked 
|  65|0x0000000692800000, 0x0000000692800000, 0x0000000692c00000|  0%| F|  |TAMS 0x0000000692800000, 0x0000000692800000| Untracked 
|  66|0x0000000692c00000, 0x0000000692c00000, 0x0000000693000000|  0%| F|  |TAMS 0x0000000692c00000, 0x0000000692c00000| Untracked 
|  67|0x0000000693000000, 0x0000000693000000, 0x0000000693400000|  0%| F|  |TAMS 0x0000000693000000, 0x0000000693000000| Untracked 
|  68|0x0000000693400000, 0x0000000693400000, 0x0000000693800000|  0%| F|  |TAMS 0x0000000693400000, 0x0000000693400000| Untracked 
|  69|0x0000000693800000, 0x0000000693800000, 0x0000000693c00000|  0%| F|  |TAMS 0x0000000693800000, 0x0000000693800000| Untracked 
|  70|0x0000000693c00000, 0x0000000693c00000, 0x0000000694000000|  0%| F|  |TAMS 0x0000000693c00000, 0x0000000693c00000| Untracked 
|  71|0x0000000694000000, 0x0000000694000000, 0x0000000694400000|  0%| F|  |TAMS 0x0000000694000000, 0x0000000694000000| Untracked 
|  72|0x0000000694400000, 0x0000000694400000, 0x0000000694800000|  0%| F|  |TAMS 0x0000000694400000, 0x0000000694400000| Untracked 
|  73|0x0000000694800000, 0x0000000694800000, 0x0000000694c00000|  0%| F|  |TAMS 0x0000000694800000, 0x0000000694800000| Untracked 
|  74|0x0000000694c00000, 0x0000000694c00000, 0x0000000695000000|  0%| F|  |TAMS 0x0000000694c00000, 0x0000000694c00000| Untracked 
|  75|0x0000000695000000, 0x0000000695000000, 0x0000000695400000|  0%| F|  |TAMS 0x0000000695000000, 0x0000000695000000| Untracked 
|  76|0x0000000695400000, 0x0000000695400000, 0x0000000695800000|  0%| F|  |TAMS 0x0000000695400000, 0x0000000695400000| Untracked 
|  77|0x0000000695800000, 0x0000000695b022a0, 0x0000000695c00000| 75%| E|  |TAMS 0x0000000695800000, 0x0000000695800000| Complete 
|  78|0x0000000695c00000, 0x0000000696000000, 0x0000000696000000|100%| E|CS|TAMS 0x0000000695c00000, 0x0000000695c00000| Complete 
|  79|0x0000000696000000, 0x0000000696400000, 0x0000000696400000|100%| E|CS|TAMS 0x0000000696000000, 0x0000000696000000| Complete 
|  80|0x0000000696400000, 0x0000000696800000, 0x0000000696800000|100%| E|CS|TAMS 0x0000000696400000, 0x0000000696400000| Complete 
|  81|0x0000000696800000, 0x0000000696c00000, 0x0000000696c00000|100%| E|CS|TAMS 0x0000000696800000, 0x0000000696800000| Complete 
|  82|0x0000000696c00000, 0x0000000697000000, 0x0000000697000000|100%| E|CS|TAMS 0x0000000696c00000, 0x0000000696c00000| Complete 
|  83|0x0000000697000000, 0x0000000697400000, 0x0000000697400000|100%| S|CS|TAMS 0x0000000697000000, 0x0000000697000000| Complete 
|  84|0x0000000697400000, 0x0000000697800000, 0x0000000697800000|100%| S|CS|TAMS 0x0000000697400000, 0x0000000697400000| Complete 
|  85|0x0000000697800000, 0x0000000697c00000, 0x0000000697c00000|100%| E|CS|TAMS 0x0000000697800000, 0x0000000697800000| Complete 
|  86|0x0000000697c00000, 0x0000000698000000, 0x0000000698000000|100%| E|CS|TAMS 0x0000000697c00000, 0x0000000697c00000| Complete 
|  87|0x0000000698000000, 0x0000000698400000, 0x0000000698400000|100%| E|CS|TAMS 0x0000000698000000, 0x0000000698000000| Complete 
|  88|0x0000000698400000, 0x0000000698800000, 0x0000000698800000|100%| E|CS|TAMS 0x0000000698400000, 0x0000000698400000| Complete 
|  89|0x0000000698800000, 0x0000000698c00000, 0x0000000698c00000|100%| E|CS|TAMS 0x0000000698800000, 0x0000000698800000| Complete 
|  90|0x0000000698c00000, 0x0000000699000000, 0x0000000699000000|100%| E|CS|TAMS 0x0000000698c00000, 0x0000000698c00000| Complete 
|  91|0x0000000699000000, 0x0000000699400000, 0x0000000699400000|100%| E|CS|TAMS 0x0000000699000000, 0x0000000699000000| Complete 
|  92|0x0000000699400000, 0x0000000699800000, 0x0000000699800000|100%| E|CS|TAMS 0x0000000699400000, 0x0000000699400000| Complete 
|  93|0x0000000699800000, 0x0000000699c00000, 0x0000000699c00000|100%| E|CS|TAMS 0x0000000699800000, 0x0000000699800000| Complete 
|  94|0x0000000699c00000, 0x000000069a000000, 0x000000069a000000|100%| E|CS|TAMS 0x0000000699c00000, 0x0000000699c00000| Complete 
|  95|0x000000069a000000, 0x000000069a400000, 0x000000069a400000|100%| E|CS|TAMS 0x000000069a000000, 0x000000069a000000| Complete 

Card table byte_map: [0x0000016301260000,0x0000016301e50000] _byte_map_base: 0x00000162fde4e000

Marking Bits (Prev, Next): (CMBitMap*) 0x00000163695c0eb0, (CMBitMap*) 0x00000163695c0ef0
 Prev Bits: [0x0000016302a40000, 0x00000163089b0000)
 Next Bits: [0x00000163089b0000, 0x000001630e920000)

Polling page: 0x00000163674e0000

Metaspace:

Usage:
  Non-class:     15.91 MB used.
      Class:      2.60 MB used.
       Both:     18.52 MB used.

Virtual space:
  Non-class space:       24.00 MB reserved,      16.06 MB ( 67%) committed,  3 nodes.
      Class space:        1.00 GB reserved,       2.75 MB ( <1%) committed,  1 nodes.
             Both:        1.02 GB reserved,      18.81 MB (  2%) committed. 

Chunk freelists:
   Non-Class:  3.72 MB
       Class:  1.16 MB
        Both:  4.88 MB

MaxMetaspaceSize: unlimited
CompressedClassSpaceSize: 1.00 GB
Initial GC threshold: 21.00 MB
Current GC threshold: 21.00 MB
CDS: on
MetaspaceReclaimPolicy: balanced
 - commit_granule_bytes: 65536.
 - commit_granule_words: 8192.
 - virtual_space_node_default_size: 1048576.
 - enlarge_chunks_in_place: 1.
 - new_chunks_are_fully_committed: 0.
 - uncommit_free_chunks: 1.
 - use_allocation_guard: 0.
 - handle_deallocations: 1.


Internal statistics:

num_allocs_failed_limit: 0.
num_arena_births: 226.
num_arena_deaths: 0.
num_vsnodes_births: 4.
num_vsnodes_deaths: 0.
num_space_committed: 301.
num_space_uncommitted: 0.
num_chunks_returned_to_freelist: 0.
num_chunks_taken_from_freelist: 897.
num_chunk_merges: 0.
num_chunk_splits: 624.
num_chunks_enlarged: 493.
num_purges: 0.
num_inconsistent_stats: 0.

CodeHeap 'non-profiled nmethods': size=119168Kb used=2308Kb max_used=3131Kb free=116859Kb
 bounds [0x0000016378960000, 0x0000016378c70000, 0x000001637fdc0000]
CodeHeap 'profiled nmethods': size=119104Kb used=9886Kb max_used=11821Kb free=109217Kb
 bounds [0x0000016371510000, 0x00000163720a0000, 0x0000016378960000]
CodeHeap 'non-nmethods': size=7488Kb used=1432Kb max_used=3187Kb free=6055Kb
 bounds [0x0000016370dc0000, 0x0000016371100000, 0x0000016371510000]
 total_blobs=5510 nmethods=4721 adapters=701
 compilation: enabled
              stopped_count=0, restarted_count=0
 full_count=0

Compilation events (20 events):
Event: 420.019 Thread 0x000001636736c350 5408       3       com.sun.prism.paint.Color::putBgraPreBytes (66 bytes)
Event: 420.019 Thread 0x000001636736c350 nmethod 5408 0x00000163715af390 code [0x00000163715af560, 0x00000163715af9d8]
Event: 420.019 Thread 0x000001636736c350 5409       3       com.sun.prism.impl.ps.BaseShaderGraphics::renderShape (255 bytes)
Event: 420.019 Thread 0x000001636736c350 nmethod 5409 0x00000163718e0f10 code [0x00000163718e1140, 0x00000163718e1b28]
Event: 420.019 Thread 0x000001636736c350 5410       3       com.sun.prism.impl.BaseContext::validateMaskTexture (274 bytes)
Event: 420.020 Thread 0x000001636736c350 nmethod 5410 0x00000163719ef490 code [0x00000163719ef760, 0x00000163719f0a38]
Event: 420.020 Thread 0x000001636736c350 5411       3       com.sun.prism.impl.BaseContext::updateMaskTexture (465 bytes)
Event: 420.021 Thread 0x000001636736c350 nmethod 5411 0x000001637161ad10 code [0x000001637161afe0, 0x000001637161c508]
Event: 420.021 Thread 0x000001636736c350 5412       3       com.sun.javafx.image.impl.ByteGray::ToByteGrayConverter (19 bytes)
Event: 420.021 Thread 0x000001636736c350 nmethod 5412 0x0000016371566590 code [0x0000016371566740, 0x0000016371566a68]
Event: 420.021 Thread 0x000001636736c350 5413       3       com.sun.javafx.image.impl.BaseByteToByteConverter$ByteAnyToSameConverter::convert (24 bytes)
Event: 420.021 Thread 0x000001636736c350 nmethod 5413 0x000001637162e610 code [0x000001637162e7c0, 0x000001637162eb08]
Event: 420.021 Thread 0x000001636736c350 5414       3       com.sun.prism.impl.VertexBuffer::addQuad (132 bytes)
Event: 420.021 Thread 0x000001636736c350 nmethod 5414 0x0000016371578390 code [0x0000016371578560, 0x0000016371578aa8]
Event: 420.067 Thread 0x000001636736f5f0 5415       4       javafx.scene.input.MouseEvent::copyFor (18 bytes)
Event: 420.078 Thread 0x000001636736f5f0 nmethod 5415 0x0000016378acdd90 code [0x0000016378ace000, 0x0000016378acedc0]
Event: 420.126 Thread 0x000001636736c350 5416       3       javafx.scene.CssStyleHelper::lookupFont (1235 bytes)
Event: 420.136 Thread 0x000001636736c350 nmethod 5416 0x0000016371a2fe90 code [0x0000016371a31300, 0x0000016371a3eb98]
Event: 420.239 Thread 0x000001636736c350 5417       1       com.sun.javafx.tk.quantum.QuantumToolkit::getPerformanceTracker (5 bytes)
Event: 420.239 Thread 0x000001636736c350 nmethod 5417 0x0000016378adfc90 code [0x0000016378adfe20, 0x0000016378adfef8]

GC Heap History (4 events):
Event: 0.328 GC heap before
{Heap before GC invocations=0 (full 0):
 garbage-first heap   total 393216K, used 16384K [0x0000000682400000, 0x0000000800000000)
  region size 4096K, 5 young (20480K), 0 survivors (0K)
 Metaspace       used 4072K, committed 4160K, reserved 1056768K
  class space    used 469K, committed 512K, reserved 1048576K
}
Event: 0.330 GC heap after
{Heap after GC invocations=1 (full 0):
 garbage-first heap   total 393216K, used 2708K [0x0000000682400000, 0x0000000800000000)
  region size 4096K, 1 young (4096K), 1 survivors (4096K)
 Metaspace       used 4072K, committed 4160K, reserved 1056768K
  class space    used 469K, committed 512K, reserved 1048576K
}
Event: 1.856 GC heap before
{Heap before GC invocations=1 (full 0):
 garbage-first heap   total 393216K, used 51860K [0x0000000682400000, 0x0000000800000000)
  region size 4096K, 11 young (45056K), 1 survivors (4096K)
 Metaspace       used 14233K, committed 14464K, reserved 1064960K
  class space    used 2073K, committed 2176K, reserved 1048576K
}
Event: 1.859 GC heap after
{Heap after GC invocations=2 (full 0):
 garbage-first heap   total 393216K, used 20987K [0x0000000682400000, 0x0000000800000000)
  region size 4096K, 2 young (8192K), 2 survivors (8192K)
 Metaspace       used 14233K, committed 14464K, reserved 1064960K
  class space    used 2073K, committed 2176K, reserved 1048576K
}

Deoptimization events (20 events):
Event: 419.454 Thread 0x000001631280b000 Uncommon trap: trap_request=0xffffff45 fr.pc=0x0000016378a85d8c relative=0x0000000000004f6c
Event: 419.454 Thread 0x000001631280b000 Uncommon trap: reason=unstable_if action=reinterpret pc=0x0000016378a85d8c method=java.util.HashMap.removeNode(ILjava/lang/Object;Ljava/lang/Object;ZZ)Ljava/util/HashMap$Node; @ 46 c2
Event: 419.454 Thread 0x000001631280b000 DEOPT PACKING pc=0x0000016378a85d8c sp=0x00000046c36f52f0
Event: 419.454 Thread 0x000001631280b000 DEOPT UNPACKING pc=0x0000016370e123a3 sp=0x00000046c36f5150 mode 2
Event: 419.455 Thread 0x000001631280b000 Uncommon trap: trap_request=0xffffff45 fr.pc=0x0000016378c08158 relative=0x00000000000002f8
Event: 419.455 Thread 0x000001631280b000 Uncommon trap: reason=unstable_if action=reinterpret pc=0x0000016378c08158 method=javafx.scene.control.skin.LabeledSkinBase.getCleanText()Ljava/lang/String; @ 21 c2
Event: 419.455 Thread 0x000001631280b000 DEOPT PACKING pc=0x0000016378c08158 sp=0x00000046c36f5390
Event: 419.456 Thread 0x000001631280b000 DEOPT UNPACKING pc=0x0000016370e123a3 sp=0x00000046c36f5350 mode 2
Event: 419.456 Thread 0x000001631280b000 Uncommon trap: trap_request=0xffffff45 fr.pc=0x0000016378b155dc relative=0x000000000000005c
Event: 419.456 Thread 0x000001631280b000 Uncommon trap: reason=unstable_if action=reinterpret pc=0x0000016378b155dc method=java.util.Objects.equals(Ljava/lang/Object;Ljava/lang/Object;)Z @ 6 c2
Event: 419.456 Thread 0x000001631280b000 DEOPT PACKING pc=0x0000016378b155dc sp=0x00000046c36f5260
Event: 419.456 Thread 0x000001631280b000 DEOPT UNPACKING pc=0x0000016370e123a3 sp=0x00000046c36f5200 mode 2
Event: 420.243 Thread 0x0000016313998e90 Uncommon trap: trap_request=0xffffff45 fr.pc=0x0000016378c3c94c relative=0x000000000000014c
Event: 420.243 Thread 0x0000016313998e90 Uncommon trap: reason=unstable_if action=reinterpret pc=0x0000016378c3c94c method=java.util.concurrent.locks.ReentrantLock$NonfairSync.initialTryLock()Z @ 10 c2
Event: 420.243 Thread 0x0000016313998e90 DEOPT PACKING pc=0x0000016378c3c94c sp=0x00000046c27ff280
Event: 420.243 Thread 0x0000016313998e90 DEOPT UNPACKING pc=0x0000016370e123a3 sp=0x00000046c27ff170 mode 2
Event: 420.243 Thread 0x0000016313998e90 Uncommon trap: trap_request=0xffffff45 fr.pc=0x0000016378bce5c8 relative=0x00000000000000c8
Event: 420.243 Thread 0x0000016313998e90 Uncommon trap: reason=unstable_if action=reinterpret pc=0x0000016378bce5c8 method=java.util.concurrent.locks.ReentrantLock$Sync.tryRelease(I)Z @ 26 c2
Event: 420.243 Thread 0x0000016313998e90 DEOPT PACKING pc=0x0000016378bce5c8 sp=0x00000046c27ff230
Event: 420.243 Thread 0x0000016313998e90 DEOPT UNPACKING pc=0x0000016370e123a3 sp=0x00000046c27ff1d0 mode 2

Classes unloaded (0 events):
No events

Classes redefined (0 events):
No events

Internal exceptions (20 events):
Event: 0.605 Thread 0x000001631280b000 Exception <a 'java/lang/NoSuchMethodError'{0x00000006989fe3d0}: 'java.lang.Object java.lang.invoke.DirectMethodHandle$Holder.invokeInterface(java.lang.Object, java.lang.Object, java.lang.Object)'> (0x00000006989fe3d0) 
thrown [t:\workspace\open\src\hotspot\share\interpreter\linkResolver.cpp, line 766]
Event: 0.605 Thread 0x000001631280b000 Exception <a 'java/lang/IncompatibleClassChangeError'{0x0000000698a01d58}: Found class java.lang.Object, but interface was expected> (0x0000000698a01d58) 
thrown [t:\workspace\open\src\hotspot\share\interpreter\linkResolver.cpp, line 833]
Event: 0.642 Thread 0x000001631280b000 Exception <a 'java/lang/NoSuchMethodError'{0x0000000698bf3d28}: 'java.lang.Object java.lang.invoke.DirectMethodHandle$Holder.newInvokeSpecial(java.lang.Object, java.lang.Object, int)'> (0x0000000698bf3d28) 
thrown [t:\workspace\open\src\hotspot\share\interpreter\linkResolver.cpp, line 766]
Event: 0.654 Thread 0x0000016312dc96c0 Exception <a 'java/lang/NoSuchMethodError'{0x000000069855ef00}: 'int java.lang.invoke.DirectMethodHandle$Holder.invokeStaticInit(java.lang.Object, java.lang.Object)'> (0x000000069855ef00) 
thrown [t:\workspace\open\src\hotspot\share\interpreter\linkResolver.cpp, line 766]
Event: 1.646 Thread 0x000001631280b000 Exception <a 'java/lang/NoSuchMethodError'{0x000000069822af28}: 'long java.lang.invoke.DirectMethodHandle$Holder.invokeStatic(java.lang.Object, java.lang.Object, java.lang.Object)'> (0x000000069822af28) 
thrown [t:\workspace\open\src\hotspot\share\interpreter\linkResolver.cpp, line 766]
Event: 1.647 Thread 0x000001631280b000 Exception <a 'java/lang/NoSuchMethodError'{0x000000069822e6d0}: 'long java.lang.invoke.DirectMethodHandle$Holder.invokeStaticInit(java.lang.Object, java.lang.Object, java.lang.Object)'> (0x000000069822e6d0) 
thrown [t:\workspace\open\src\hotspot\share\interpreter\linkResolver.cpp, line 766]
Event: 1.648 Thread 0x000001631280b000 Exception <a 'java/lang/NoSuchMethodError'{0x00000006982462d8}: 'java.lang.Object java.lang.invoke.DirectMethodHandle$Holder.newInvokeSpecial(java.lang.Object, java.lang.Object, long)'> (0x00000006982462d8) 
thrown [t:\workspace\open\src\hotspot\share\interpreter\linkResolver.cpp, line 766]
Event: 1.648 Thread 0x000001631280b000 Exception <a 'java/lang/NoSuchMethodError'{0x0000000698249e48}: 'java.lang.Object java.lang.invoke.Invokers$Holder.linkToTargetMethod(java.lang.Object, long, java.lang.Object)'> (0x0000000698249e48) 
thrown [t:\workspace\open\src\hotspot\share\interpreter\linkResolver.cpp, line 766]
Event: 1.805 Thread 0x000001631280b000 Exception <a 'java/lang/ClassNotFoundException'{0x0000000697e7acb0}: com/sun/javafx/scene/control/skin/resources/controls> (0x0000000697e7acb0) 
thrown [t:\workspace\open\src\hotspot\share\prims\jni.cpp, line 535]
Event: 1.806 Thread 0x000001631280b000 Exception <a 'java/lang/ClassNotFoundException'{0x0000000697e88f48}: com/sun/javafx/scene/control/skin/resources/controls_es> (0x0000000697e88f48) 
thrown [t:\workspace\open\src\hotspot\share\prims\jni.cpp, line 535]
Event: 1.806 Thread 0x000001631280b000 Exception <a 'java/lang/ClassNotFoundException'{0x0000000697e96ea0}: com/sun/javafx/scene/control/skin/resources/controls_es_CO> (0x0000000697e96ea0) 
thrown [t:\workspace\open\src\hotspot\share\prims\jni.cpp, line 535]
Event: 5.592 Thread 0x0000016312dc96c0 Exception <a 'java/lang/NoSuchMethodError'{0x0000000699c4f758}: 'java.lang.Object java.lang.invoke.DirectMethodHandle$Holder.invokeStaticInit(java.lang.Object, int)'> (0x0000000699c4f758) 
thrown [t:\workspace\open\src\hotspot\share\interpreter\linkResolver.cpp, line 766]
Event: 6.983 Thread 0x000001631280b000 Exception <a 'java/lang/NoSuchMethodError'{0x00000006989ab7c8}: 'void java.lang.invoke.DirectMethodHandle$Holder.invokeSpecial(java.lang.Object, java.lang.Object, java.lang.Object, java.lang.Object, java.lang.Object, java.lang.Object)'> (0x00000006989ab7c8) 
thrown [t:\workspace\open\src\hotspot\share\interpreter\linkResolver.cpp, line 766]
Event: 7.005 Thread 0x000001631280b000 Exception <a 'java/lang/NoSuchMethodError'{0x00000006984414f0}: 'void java.lang.invoke.DirectMethodHandle$Holder.invokeSpecialIFC(java.lang.Object, java.lang.Object, java.lang.Object, java.lang.Object)'> (0x00000006984414f0) 
thrown [t:\workspace\open\src\hotspot\share\interpreter\linkResolver.cpp, line 766]
Event: 7.016 Thread 0x000001631280b000 Exception <a 'java/lang/NoSuchMethodError'{0x0000000698553c78}: 'int java.lang.invoke.DirectMethodHandle$Holder.invokeSpecial(java.lang.Object, java.lang.Object, int)'> (0x0000000698553c78) 
thrown [t:\workspace\open\src\hotspot\share\interpreter\linkResolver.cpp, line 766]
Event: 33.527 Thread 0x000001631280b000 Exception <a 'java/lang/reflect/InvocationTargetException'{0x0000000697968328}> (0x0000000697968328) 
thrown [t:\workspace\open\src\hotspot\share\runtime\reflection.cpp, line 1121]
Event: 51.658 Thread 0x000001631280b000 Exception <a 'java/lang/NoSuchMethodError'{0x0000000697a9f820}: 'int java.lang.invoke.DirectMethodHandle$Holder.invokeVirtual(java.lang.Object, java.lang.Object)'> (0x0000000697a9f820) 
thrown [t:\workspace\open\src\hotspot\share\interpreter\linkResolver.cpp, line 766]
Event: 51.659 Thread 0x000001631280b000 Exception <a 'java/lang/NoSuchMethodError'{0x0000000697aa64a8}: 'void java.lang.invoke.DirectMethodHandle$Holder.invokeVirtual(java.lang.Object, java.lang.Object, int)'> (0x0000000697aa64a8) 
thrown [t:\workspace\open\src\hotspot\share\interpreter\linkResolver.cpp, line 766]
Event: 419.018 Thread 0x000001631280b000 Implicit null exception at 0x0000016378be8cd6 to 0x0000016378bf3650
Event: 419.018 Thread 0x000001631280b000 Implicit null exception at 0x0000016378c25032 to 0x0000016378c2ede0

VM Operations (20 events):
Event: 58.661 Executing VM operation: Cleanup done
Event: 59.661 Executing VM operation: Cleanup
Event: 59.661 Executing VM operation: Cleanup done
Event: 60.661 Executing VM operation: Cleanup
Event: 60.661 Executing VM operation: Cleanup done
Event: 62.662 Executing VM operation: Cleanup
Event: 62.662 Executing VM operation: Cleanup done
Event: 66.662 Executing VM operation: Cleanup
Event: 66.662 Executing VM operation: Cleanup done
Event: 419.018 Executing VM operation: HandshakeAllThreads
Event: 419.018 Executing VM operation: HandshakeAllThreads done
Event: 419.018 Executing VM operation: Cleanup
Event: 419.018 Executing VM operation: Cleanup done
Event: 419.038 Executing VM operation: HandshakeAllThreads
Event: 419.038 Executing VM operation: HandshakeAllThreads done
Event: 419.080 Executing VM operation: HandshakeAllThreads
Event: 419.080 Executing VM operation: HandshakeAllThreads done
Event: 419.450 Executing VM operation: HandshakeAllThreads
Event: 419.450 Executing VM operation: HandshakeAllThreads done
Event: 420.243 Executing VM operation: Exit

Events (20 events):
Event: 419.084 Thread 0x00000163118de500 flushing nmethod 0x0000016371da9a90
Event: 419.084 Thread 0x00000163118de500 flushing nmethod 0x0000016371db2490
Event: 419.084 Thread 0x00000163118de500 flushing nmethod 0x0000016371dbcc90
Event: 419.084 Thread 0x00000163118de500 flushing nmethod 0x0000016371dcc590
Event: 419.084 Thread 0x00000163118de500 flushing nmethod 0x0000016371dd9610
Event: 419.084 Thread 0x00000163118de500 flushing nmethod 0x0000016371dd9d90
Event: 419.084 Thread 0x00000163118de500 flushing nmethod 0x0000016371dde110
Event: 419.084 Thread 0x00000163118de500 flushing nmethod 0x0000016371e12210
Event: 419.084 Thread 0x00000163118de500 flushing nmethod 0x0000016371e16a10
Event: 419.084 Thread 0x00000163118de500 flushing nmethod 0x0000016371e47810
Event: 419.084 Thread 0x00000163118de500 flushing nmethod 0x0000016371e4e990
Event: 419.084 Thread 0x00000163118de500 flushing nmethod 0x0000016371e50210
Event: 419.084 Thread 0x00000163118de500 flushing nmethod 0x0000016371e5f910
Event: 419.084 Thread 0x00000163118de500 flushing nmethod 0x0000016371e6a890
Event: 419.084 Thread 0x00000163118de500 flushing nmethod 0x0000016371e9a610
Event: 419.084 Thread 0x00000163118de500 flushing nmethod 0x0000016371f1fe10
Event: 420.242 Thread 0x00000163139984f0 Thread added: 0x00000163139984f0
Event: 420.242 Thread 0x0000016313998e90 Thread added: 0x0000016313998e90
Event: 420.243 Thread 0x00000163139984f0 Thread exited: 0x00000163139984f0
Event: 420.243 Thread 0x0000016313998e90 Thread exited: 0x0000016313998e90


Dynamic libraries:
0x00007ff62ea40000 - 0x00007ff62ea50000 	C:\Program Files\Java\jdk-17.0.2\bin\java.exe
0x00007ffe9c380000 - 0x00007ffe9c589000 	C:\Windows\SYSTEM32\ntdll.dll
0x00007ffe9acd0000 - 0x00007ffe9ad8d000 	C:\Windows\System32\KERNEL32.DLL
0x00007ffe99de0000 - 0x00007ffe9a159000 	C:\Windows\System32\KERNELBASE.dll
0x00007ffe99cc0000 - 0x00007ffe99dd1000 	C:\Windows\System32\ucrtbase.dll
0x00007ffe93dd0000 - 0x00007ffe93dea000 	C:\Program Files\Java\jdk-17.0.2\bin\VCRUNTIME140.dll
0x00007ffe96950000 - 0x00007ffe96968000 	C:\Program Files\Java\jdk-17.0.2\bin\jli.dll
0x00007ffe9b9c0000 - 0x00007ffe9ba6e000 	C:\Windows\System32\ADVAPI32.dll
0x00007ffe9bfe0000 - 0x00007ffe9c083000 	C:\Windows\System32\msvcrt.dll
0x00007ffe9a510000 - 0x00007ffe9a5ae000 	C:\Windows\System32\sechost.dll
0x00007ffe9b540000 - 0x00007ffe9b660000 	C:\Windows\System32\RPCRT4.dll
0x00007ffe9a5b0000 - 0x00007ffe9a75c000 	C:\Windows\System32\USER32.dll
0x00007ffe99b20000 - 0x00007ffe99b46000 	C:\Windows\System32\win32u.dll
0x00007ffe8b040000 - 0x00007ffe8b2e5000 	C:\Windows\WinSxS\amd64_microsoft.windows.common-controls_6595b64144ccf1df_6.0.22000.120_none_9d947278b86cc467\COMCTL32.dll
0x00007ffe9b780000 - 0x00007ffe9b7a9000 	C:\Windows\System32\GDI32.dll
0x00007ffe99a00000 - 0x00007ffe99b12000 	C:\Windows\System32\gdi32full.dll
0x00007ffe99870000 - 0x00007ffe9990d000 	C:\Windows\System32\msvcp_win.dll
0x00007ffe92d20000 - 0x00007ffe92d2a000 	C:\Windows\SYSTEM32\VERSION.dll
0x00007ffe9b890000 - 0x00007ffe9b8c1000 	C:\Windows\System32\IMM32.DLL
0x00007ffe77680000 - 0x00007ffe7768c000 	C:\Program Files\Java\jdk-17.0.2\bin\vcruntime140_1.dll
0x00007ffe15110000 - 0x00007ffe1519d000 	C:\Program Files\Java\jdk-17.0.2\bin\msvcp140.dll
0x00007ffe06a20000 - 0x00007ffe075e1000 	C:\Program Files\Java\jdk-17.0.2\bin\server\jvm.dll
0x00007ffe9ba70000 - 0x00007ffe9ba78000 	C:\Windows\System32\PSAPI.DLL
0x00007ffe92d50000 - 0x00007ffe92d83000 	C:\Windows\SYSTEM32\WINMM.dll
0x00007ffe96650000 - 0x00007ffe96659000 	C:\Windows\SYSTEM32\WSOCK32.dll
0x00007ffe9a230000 - 0x00007ffe9a29f000 	C:\Windows\System32\WS2_32.dll
0x00007ffe98a60000 - 0x00007ffe98a78000 	C:\Windows\SYSTEM32\kernel.appcore.dll
0x00007ffe77670000 - 0x00007ffe7767a000 	C:\Program Files\Java\jdk-17.0.2\bin\jimage.dll
0x00007ffe96e60000 - 0x00007ffe97081000 	C:\Windows\SYSTEM32\DBGHELP.DLL
0x00007ffe822a0000 - 0x00007ffe822d1000 	C:\Windows\SYSTEM32\dbgcore.DLL
0x00007ffe99910000 - 0x00007ffe9998f000 	C:\Windows\System32\bcryptPrimitives.dll
0x00007ffe6fac0000 - 0x00007ffe6fae5000 	C:\Program Files\Java\jdk-17.0.2\bin\java.dll
0x00007ffe4b880000 - 0x00007ffe4b956000 	C:\Program Files\Java\jdk-17.0.2\bin\jsvml.dll
0x00007ffe9ad90000 - 0x00007ffe9b53f000 	C:\Windows\System32\SHELL32.dll
0x00007ffe979f0000 - 0x00007ffe98258000 	C:\Windows\SYSTEM32\windows.storage.dll
0x00007ffe9a830000 - 0x00007ffe9aba8000 	C:\Windows\System32\combase.dll
0x00007ffe97880000 - 0x00007ffe979e6000 	C:\Windows\SYSTEM32\wintypes.dll
0x00007ffe9bef0000 - 0x00007ffe9bfda000 	C:\Windows\System32\SHCORE.dll
0x00007ffe9a760000 - 0x00007ffe9a7bd000 	C:\Windows\System32\shlwapi.dll
0x00007ffe997a0000 - 0x00007ffe997c1000 	C:\Windows\SYSTEM32\profapi.dll
0x00007ffe6ef70000 - 0x00007ffe6ef89000 	C:\Program Files\Java\jdk-17.0.2\bin\net.dll
0x00007ffe93fb0000 - 0x00007ffe940bc000 	C:\Windows\SYSTEM32\WINHTTP.dll
0x00007ffe98e90000 - 0x00007ffe98ef7000 	C:\Windows\system32\mswsock.dll
0x00007ffe6ede0000 - 0x00007ffe6edf6000 	C:\Program Files\Java\jdk-17.0.2\bin\nio.dll
0x00007ffe658c0000 - 0x00007ffe658d8000 	C:\Program Files\Java\jdk-17.0.2\bin\zip.dll
0x0000016311a40000 - 0x0000016311a43000 	C:\Program Files\Java\javafx-sdk-18.0.1\bin\api-ms-win-core-console-l1-1-0.dll
0x0000016311a50000 - 0x0000016311a53000 	C:\Program Files\Java\javafx-sdk-18.0.1\bin\api-ms-win-core-console-l1-2-0.dll
0x0000016311a60000 - 0x0000016311a63000 	C:\Program Files\Java\javafx-sdk-18.0.1\bin\api-ms-win-core-datetime-l1-1-0.dll
0x0000016311a70000 - 0x0000016311a73000 	C:\Program Files\Java\javafx-sdk-18.0.1\bin\api-ms-win-core-debug-l1-1-0.dll
0x0000016311a80000 - 0x0000016311a83000 	C:\Program Files\Java\javafx-sdk-18.0.1\bin\api-ms-win-core-errorhandling-l1-1-0.dll
0x0000016311a90000 - 0x0000016311a94000 	C:\Program Files\Java\javafx-sdk-18.0.1\bin\api-ms-win-core-file-l1-1-0.dll
0x0000016311aa0000 - 0x0000016311aa3000 	C:\Program Files\Java\javafx-sdk-18.0.1\bin\api-ms-win-core-file-l1-2-0.dll
0x0000016311ab0000 - 0x0000016311ab3000 	C:\Program Files\Java\javafx-sdk-18.0.1\bin\api-ms-win-core-file-l2-1-0.dll
0x0000016311ac0000 - 0x0000016311ac3000 	C:\Program Files\Java\javafx-sdk-18.0.1\bin\api-ms-win-core-handle-l1-1-0.dll
0x0000016311ad0000 - 0x0000016311ad3000 	C:\Program Files\Java\javafx-sdk-18.0.1\bin\api-ms-win-core-heap-l1-1-0.dll
0x0000016311ae0000 - 0x0000016311ae3000 	C:\Program Files\Java\javafx-sdk-18.0.1\bin\api-ms-win-core-interlocked-l1-1-0.dll
0x0000016311af0000 - 0x0000016311af3000 	C:\Program Files\Java\javafx-sdk-18.0.1\bin\api-ms-win-core-libraryloader-l1-1-0.dll
0x0000016311b00000 - 0x0000016311b03000 	C:\Program Files\Java\javafx-sdk-18.0.1\bin\api-ms-win-core-localization-l1-2-0.dll
0x0000016311b10000 - 0x0000016311b13000 	C:\Program Files\Java\javafx-sdk-18.0.1\bin\api-ms-win-core-memory-l1-1-0.dll
0x0000016311b20000 - 0x0000016311b23000 	C:\Program Files\Java\javafx-sdk-18.0.1\bin\api-ms-win-core-namedpipe-l1-1-0.dll
0x0000016311b30000 - 0x0000016311b33000 	C:\Program Files\Java\javafx-sdk-18.0.1\bin\api-ms-win-core-processenvironment-l1-1-0.dll
0x0000016311b40000 - 0x0000016311b43000 	C:\Program Files\Java\javafx-sdk-18.0.1\bin\api-ms-win-core-processthreads-l1-1-0.dll
0x0000016311b50000 - 0x0000016311b53000 	C:\Program Files\Java\javafx-sdk-18.0.1\bin\api-ms-win-core-processthreads-l1-1-1.dll
0x0000016311b60000 - 0x0000016311b63000 	C:\Program Files\Java\javafx-sdk-18.0.1\bin\api-ms-win-core-profile-l1-1-0.dll
0x0000016311b70000 - 0x0000016311b73000 	C:\Program Files\Java\javafx-sdk-18.0.1\bin\api-ms-win-core-rtlsupport-l1-1-0.dll
0x0000016311b80000 - 0x0000016311b83000 	C:\Program Files\Java\javafx-sdk-18.0.1\bin\api-ms-win-core-string-l1-1-0.dll
0x0000016311b90000 - 0x0000016311b93000 	C:\Program Files\Java\javafx-sdk-18.0.1\bin\api-ms-win-core-synch-l1-1-0.dll
0x0000016311ba0000 - 0x0000016311ba3000 	C:\Program Files\Java\javafx-sdk-18.0.1\bin\api-ms-win-core-synch-l1-2-0.dll
0x0000016311bb0000 - 0x0000016311bb3000 	C:\Program Files\Java\javafx-sdk-18.0.1\bin\api-ms-win-core-sysinfo-l1-1-0.dll
0x0000016311bc0000 - 0x0000016311bc3000 	C:\Program Files\Java\javafx-sdk-18.0.1\bin\api-ms-win-core-timezone-l1-1-0.dll
0x0000016311bd0000 - 0x0000016311bd3000 	C:\Program Files\Java\javafx-sdk-18.0.1\bin\api-ms-win-core-util-l1-1-0.dll
0x0000016311be0000 - 0x0000016311be3000 	C:\Program Files\Java\javafx-sdk-18.0.1\bin\api-ms-win-crt-conio-l1-1-0.dll
0x0000016311bf0000 - 0x0000016311bf4000 	C:\Program Files\Java\javafx-sdk-18.0.1\bin\api-ms-win-crt-convert-l1-1-0.dll
0x0000016313fd0000 - 0x0000016313fd3000 	C:\Program Files\Java\javafx-sdk-18.0.1\bin\api-ms-win-crt-environment-l1-1-0.dll
0x0000016313fe0000 - 0x0000016313fe3000 	C:\Program Files\Java\javafx-sdk-18.0.1\bin\api-ms-win-crt-filesystem-l1-1-0.dll
0x0000016313ff0000 - 0x0000016313ff3000 	C:\Program Files\Java\javafx-sdk-18.0.1\bin\api-ms-win-crt-heap-l1-1-0.dll
0x0000016314000000 - 0x0000016314003000 	C:\Program Files\Java\javafx-sdk-18.0.1\bin\api-ms-win-crt-locale-l1-1-0.dll
0x0000016314010000 - 0x0000016314015000 	C:\Program Files\Java\javafx-sdk-18.0.1\bin\api-ms-win-crt-math-l1-1-0.dll
0x0000016314020000 - 0x0000016314025000 	C:\Program Files\Java\javafx-sdk-18.0.1\bin\api-ms-win-crt-multibyte-l1-1-0.dll
0x0000016314030000 - 0x0000016314040000 	C:\Program Files\Java\javafx-sdk-18.0.1\bin\api-ms-win-crt-private-l1-1-0.dll
0x0000016314040000 - 0x0000016314043000 	C:\Program Files\Java\javafx-sdk-18.0.1\bin\api-ms-win-crt-process-l1-1-0.dll
0x0000016314050000 - 0x0000016314054000 	C:\Program Files\Java\javafx-sdk-18.0.1\bin\api-ms-win-crt-runtime-l1-1-0.dll
0x0000016314060000 - 0x0000016314064000 	C:\Program Files\Java\javafx-sdk-18.0.1\bin\api-ms-win-crt-stdio-l1-1-0.dll
0x0000016314070000 - 0x0000016314074000 	C:\Program Files\Java\javafx-sdk-18.0.1\bin\api-ms-win-crt-string-l1-1-0.dll
0x0000016314080000 - 0x0000016314083000 	C:\Program Files\Java\javafx-sdk-18.0.1\bin\api-ms-win-crt-time-l1-1-0.dll
0x0000016314090000 - 0x0000016314093000 	C:\Program Files\Java\javafx-sdk-18.0.1\bin\api-ms-win-crt-utility-l1-1-0.dll
0x00007ffe6b6a0000 - 0x00007ffe6b79c000 	C:\Program Files\Java\javafx-sdk-18.0.1\bin\ucrtbase.dll
0x00007ffe95600000 - 0x00007ffe9561a000 	C:\Program Files\Java\javafx-sdk-18.0.1\bin\vcruntime140.dll
0x00007ffe96940000 - 0x00007ffe9694c000 	C:\Program Files\Java\javafx-sdk-18.0.1\bin\vcruntime140_1.dll
0x00007ffe6b610000 - 0x00007ffe6b69d000 	C:\Program Files\Java\javafx-sdk-18.0.1\bin\msvcp140.dll
0x00007ffe77910000 - 0x00007ffe7793c000 	C:\Program Files\Java\javafx-sdk-18.0.1\bin\prism_d3d.dll
0x00007ffe8e9e0000 - 0x00007ffe8eb86000 	C:\Windows\system32\d3d9.dll
0x00007ffe97340000 - 0x00007ffe9736f000 	C:\Windows\SYSTEM32\dwmapi.dll
0x00007ffe970e0000 - 0x00007ffe97118000 	C:\Windows\SYSTEM32\dxcore.dll
0x00007ffe96ac0000 - 0x00007ffe96b6c000 	C:\Windows\system32\uxtheme.dll
0x00007ffe8f850000 - 0x00007ffe8f957000 	C:\Windows\System32\DriverStore\FileRepository\nvltig.inf_amd64_ce837e92efe9cbc4\nvldumdx.dll
0x00007ffe99130000 - 0x00007ffe99142000 	C:\Windows\SYSTEM32\msasn1.dll
0x00007ffe910a0000 - 0x00007ffe910d1000 	C:\Windows\SYSTEM32\cryptnet.dll
0x00007ffe99b50000 - 0x00007ffe99cb2000 	C:\Windows\System32\CRYPT32.dll
0x00007ffe8f470000 - 0x00007ffe8f5b9000 	C:\Windows\SYSTEM32\drvstore.dll
0x00007ffe99590000 - 0x00007ffe995bc000 	C:\Windows\SYSTEM32\devobj.dll
0x00007ffe99540000 - 0x00007ffe9958c000 	C:\Windows\SYSTEM32\cfgmgr32.dll
0x00007ffe991a0000 - 0x00007ffe991dd000 	C:\Windows\SYSTEM32\wldp.dll
0x00007ffe990d0000 - 0x00007ffe990dc000 	C:\Windows\SYSTEM32\cryptbase.dll
0x00007ffe99990000 - 0x00007ffe999f7000 	C:\Windows\System32\WINTRUST.DLL
0x00007ffe9b870000 - 0x00007ffe9b88f000 	C:\Windows\System32\imagehlp.dll
0x00007ffe990e0000 - 0x00007ffe990f8000 	C:\Windows\SYSTEM32\CRYPTSP.dll
0x00007ffe989c0000 - 0x00007ffe989f5000 	C:\Windows\system32\rsaenh.dll
0x00007ffe99250000 - 0x00007ffe99277000 	C:\Windows\SYSTEM32\bcrypt.dll
0x00007ffe1daa0000 - 0x00007ffe1f228000 	C:\Windows\System32\DriverStore\FileRepository\nvltig.inf_amd64_ce837e92efe9cbc4\nvd3dumx.dll
0x00007ffe93380000 - 0x00007ffe933c4000 	C:\Windows\SYSTEM32\directxdatabasehelper.dll
0x00007ffe97160000 - 0x00007ffe97194000 	C:\Windows\SYSTEM32\ntmarta.dll
0x00007ffe73620000 - 0x00007ffe73662000 	C:\Program Files\Java\javafx-sdk-18.0.1\bin\glass.dll
0x00007ffe9c090000 - 0x00007ffe9c17c000 	C:\Windows\System32\COMDLG32.dll
0x00007ffe9a350000 - 0x00007ffe9a4ea000 	C:\Windows\System32\ole32.dll
0x00007ffe9b8e0000 - 0x00007ffe9b9b6000 	C:\Windows\System32\OLEAUT32.dll
0x00007ffe9abb0000 - 0x00007ffe9acce000 	C:\Windows\System32\MSCTF.dll
0x00007ffe2aad0000 - 0x00007ffe2ad93000 	C:\Windows\system32\nvspcap64.dll
0x00007ffe98f20000 - 0x00007ffe98f44000 	C:\Windows\SYSTEM32\gpapi.dll
0x00007ffe94be0000 - 0x00007ffe94bf4000 	C:\Program Files\Java\javafx-sdk-18.0.1\bin\javafx_font.dll
0x00007ffe732c0000 - 0x00007ffe7351f000 	C:\Windows\SYSTEM32\dwrite.dll
0x00007ffe9a2a0000 - 0x00007ffe9a34f000 	C:\Windows\System32\clbcatq.dll
0x00007ffe91120000 - 0x00007ffe912ce000 	C:\Windows\SYSTEM32\WindowsCodecs.dll
0x00007ffe71060000 - 0x00007ffe710bd000 	C:\Windows\system32\dataexchange.dll
0x00007ffe90580000 - 0x00007ffe907e6000 	C:\Windows\system32\twinapi.appcore.dll
0x00007ffe6efa0000 - 0x00007ffe6efd2000 	C:\Program Files\Common Files\Microsoft Shared\Ink\rtscom.dll
0x00007ffe7dd60000 - 0x00007ffe7de8d000 	C:\Windows\SYSTEM32\textinputframework.dll
0x00007ffe96510000 - 0x00007ffe96642000 	C:\Windows\SYSTEM32\CoreMessaging.dll

dbghelp: loaded successfully - version: 4.0.5 - missing functions: none
symbol engine: initialized successfully - sym options: 0x614 - pdb path: .;C:\Program Files\Java\jdk-17.0.2\bin;C:\Windows\SYSTEM32;C:\Windows\WinSxS\amd64_microsoft.windows.common-controls_6595b64144ccf1df_6.0.22000.120_none_9d947278b86cc467;C:\Program Files\Java\jdk-17.0.2\bin\server;C:\Program Files\Java\javafx-sdk-18.0.1\bin;C:\Windows\System32\DriverStore\FileRepository\nvltig.inf_amd64_ce837e92efe9cbc4;C:\Program Files\Common Files\Microsoft Shared\Ink

VM Arguments:
jvm_args: -Dfile.encoding=UTF-8 --add-modules=javafx.controls,javafx.fxml --module-path=C:\Users\juanc\OneDrive\Documentos\Universidad 3\POO\SEATORA\build\classes;C:\Program Files\Java\javafx-sdk-18.0.1\lib\javafx-swt.jar;C:\Program Files\Java\javafx-sdk-18.0.1\lib\javafx.base.jar;C:\Program Files\Java\javafx-sdk-18.0.1\lib\javafx.controls.jar;C:\Program Files\Java\javafx-sdk-18.0.1\lib\javafx.fxml.jar;C:\Program Files\Java\javafx-sdk-18.0.1\lib\javafx.graphics.jar;C:\Program Files\Java\javafx-sdk-18.0.1\lib\javafx.media.jar;C:\Program Files\Java\javafx-sdk-18.0.1\lib\javafx.swing.jar;C:\Program Files\Java\javafx-sdk-18.0.1\lib\javafx.web.jar 
java_command: start.Seatora
java_class_path (initial): C:\Program Files\Java\javafx-sdk-18.0.1\lib\javafx-swt.jar;C:\Program Files\Java\javafx-sdk-18.0.1\lib\javafx.base.jar;C:\Program Files\Java\javafx-sdk-18.0.1\lib\javafx.controls.jar;C:\Program Files\Java\javafx-sdk-18.0.1\lib\javafx.fxml.jar;C:\Program Files\Java\javafx-sdk-18.0.1\lib\javafx.graphics.jar;C:\Program Files\Java\javafx-sdk-18.0.1\lib\javafx.media.jar;C:\Program Files\Java\javafx-sdk-18.0.1\lib\javafx.swing.jar;C:\Program Files\Java\javafx-sdk-18.0.1\lib\javafx.web.jar;C:\Users\juanc\OneDrive\Documentos\Universidad 3\POO\SEATORA\build\classes
Launcher Type: SUN_STANDARD

[Global flags]
     intx CICompilerCount                          = 12                                        {product} {ergonomic}
     uint ConcGCThreads                            = 3                                         {product} {ergonomic}
     uint G1ConcRefinementThreads                  = 13                                        {product} {ergonomic}
   size_t G1HeapRegionSize                         = 4194304                                   {product} {ergonomic}
    uintx GCDrainStackTargetSize                   = 64                                        {product} {ergonomic}
   size_t InitialHeapSize                          = 402653184                                 {product} {ergonomic}
   size_t MarkStackSize                            = 4194304                                   {product} {ergonomic}
   size_t MaxHeapSize                              = 6404702208                                {product} {ergonomic}
   size_t MaxNewSize                               = 3841982464                                {product} {ergonomic}
   size_t MinHeapDeltaBytes                        = 4194304                                   {product} {ergonomic}
   size_t MinHeapSize                              = 8388608                                   {product} {ergonomic}
    uintx NonNMethodCodeHeapSize                   = 7602480                                {pd product} {ergonomic}
    uintx NonProfiledCodeHeapSize                  = 122027880                              {pd product} {ergonomic}
    uintx ProfiledCodeHeapSize                     = 122027880                              {pd product} {ergonomic}
    uintx ReservedCodeCacheSize                    = 251658240                              {pd product} {ergonomic}
     bool SegmentedCodeCache                       = true                                      {product} {ergonomic}
   size_t SoftMaxHeapSize                          = 6404702208                             {manageable} {ergonomic}
     bool UseCompressedClassPointers               = true                           {product lp64_product} {ergonomic}
     bool UseCompressedOops                        = true                           {product lp64_product} {ergonomic}
     bool UseG1GC                                  = true                                      {product} {ergonomic}
     bool UseLargePagesIndividualAllocation        = false                                  {pd product} {ergonomic}

Logging:
Log output configuration:
 #0: stdout all=off uptime,level,tags
 #1: stderr all=off uptime,level,tags

Environment Variables:
PATH=C:\Program Files\Common Files\Oracle\Java\javapath;C:\Program Files (x86)\Common Files\Oracle\Java\javapath;C:\Windows\system32;C:\Windows;C:\Windows\System32\Wbem;C:\Windows\System32\WindowsPowerShell\v1.0\;C:\Windows\System32\OpenSSH\;C:\Program Files (x86)\NVIDIA Corporation\PhysX\Common;C:\Program Files\NVIDIA Corporation\NVIDIA NvDLISR;C:\Users\juanc\AppData\Local\Microsoft\WindowsApps;;C:\Users\juanc\AppData\Local\Programs\Microsoft VS Code\bin
USERNAME=juanc
OS=Windows_NT
PROCESSOR_IDENTIFIER=AMD64 Family 25 Model 80 Stepping 0, AuthenticAMD



---------------  S Y S T E M  ---------------

OS:
 Windows 11 , 64 bit Build 22000 (10.0.22000.675)
OS uptime: 0 days 0:18 hours

CPU: total 16 (initial active 16) (16 cores per cpu, 2 threads per core) family 25 model 80 stepping 0 microcode 0x0, cx8, cmov, fxsr, ht, mmx, 3dnowpref, sse, sse2, sse3, ssse3, sse4a, sse4.1, sse4.2, popcnt, lzcnt, tsc, tscinvbit, avx, avx2, aes, erms, clmul, bmi1, bmi2, adx, sha, fma, vzeroupper, clflush, clflushopt

Memory: 4k page, system-wide physical 24428M (16816M free)
TotalPageFile size 28012M (AvailPageFile size 17120M)
current process WorkingSet (physical memory assigned to process): 223M, peak: 264M
current process commit charge ("private bytes"): 660M, peak: 707M

vm_info: Java HotSpot(TM) 64-Bit Server VM (17.0.2+8-LTS-86) for windows-amd64 JRE (17.0.2+8-LTS-86), built on Dec  7 2021 21:51:03 by "mach5one" with MS VC++ 16.8 / 16.9 (VS2019)

END.
