#
# A fatal error has been detected by the Java Runtime Environment:
#
#  EXCEPTION_ACCESS_VIOLATION (0xc0000005) at pc=0x00007ffe736962d7, pid=18220, tid=6720
#
# JRE version: Java(TM) SE Runtime Environment (17.0.2+8) (build 17.0.2+8-LTS-86)
# Java VM: Java HotSpot(TM) 64-Bit Server VM (17.0.2+8-LTS-86, mixed mode, sharing, tiered, compressed oops, compressed class ptrs, g1 gc, windows-amd64)
# Problematic frame:
# C  [glass.dll+0x262d7]
#
# No core dump will be written. Minidumps are not enabled by default on client versions of Windows
#
# If you would like to submit a bug report, please visit:
#   https://bugreport.java.com/bugreport/crash.jsp
#

---------------  S U M M A R Y ------------

Command Line: -Dfile.encoding=UTF-8 --add-modules=javafx.controls,javafx.fxml --module-path=C:\Users\juanc\OneDrive\Documentos\Universidad 3\POO\SEATORA\build\classes;C:\Program Files\Java\javafx-sdk-18.0.1\lib\javafx-swt.jar;C:\Program Files\Java\javafx-sdk-18.0.1\lib\javafx.base.jar;C:\Program Files\Java\javafx-sdk-18.0.1\lib\javafx.controls.jar;C:\Program Files\Java\javafx-sdk-18.0.1\lib\javafx.fxml.jar;C:\Program Files\Java\javafx-sdk-18.0.1\lib\javafx.graphics.jar;C:\Program Files\Java\javafx-sdk-18.0.1\lib\javafx.media.jar;C:\Program Files\Java\javafx-sdk-18.0.1\lib\javafx.swing.jar;C:\Program Files\Java\javafx-sdk-18.0.1\lib\javafx.web.jar start.Seatora

Host: AMD Ryzen 7 5800H with Radeon Graphics         , 16 cores, 23G,  Windows 11 , 64 bit Build 22000 (10.0.22000.675)
Time: Thu May 26 08:21:05 2022 Hora est. Pacífico, Sudamérica elapsed time: 53.415780 seconds (0d 0h 0m 53s)

---------------  T H R E A D  ---------------

Current thread (0x0000019e0f70ebf0):  VMThread "VM Thread" [stack: 0x00000091b2300000,0x00000091b2400000] [id=6720]

Stack: [0x00000091b2300000,0x00000091b2400000],  sp=0x00000091b23fee50,  free space=1019k
Native frames: (J=compiled Java code, j=interpreted, Vv=VM code, C=native code)
C  [glass.dll+0x262d7]


siginfo: EXCEPTION_ACCESS_VIOLATION (0xc0000005), reading address 0x0000000000000000


Register to memory mapping:

RIP=0x00007ffe736962d7 glass.dll
RAX=0x0 is NULL
RBX=0x0000019e19714988 is a global jni handle
RCX=0x0000019e0f70ebf0 points into unknown readable memory: 0x00007ffe0739e890 | 90 e8 39 07 fe 7f 00 00
RDX=0x00000091b23fee50 points into unknown readable memory: 0x0000000000000000 | 00 00 00 00 00 00 00 00
RSP=0x00000091b23fee50 points into unknown readable memory: 0x0000000000000000 | 00 00 00 00 00 00 00 00
RBP=0x0000019e10c51698 points into unknown readable memory: 0x000060b9cd17cdd8 | d8 cd 17 cd b9 60 00 00
RSI=0x0000019e10c51670 points into unknown readable memory: 0xfe73098f1117cda7 | a7 cd 17 11 8f 09 73 fe
RDI=0x000060b9cd17cdd8 is an unknown value
R8 =0x0000000000010002 is an unknown value
R9 =0x000060b9cd17cdd8 is an unknown value
R10=0x85f13e9656da4870 is an unknown value
R11=0x00000091b23fede0 points into unknown readable memory: 0x0000019e10c51670 | 70 16 c5 10 9e 01 00 00
R12=0x00007ffe73693bc4 glass.dll
R13=0x00007ffe075449d0 jvm.dll
R14=0x00000091b23fef58 points into unknown readable memory: 0x00000091b23fef40 | 40 ef 3f b2 91 00 00 00
R15=0x0000019e10c51670 points into unknown readable memory: 0xfe73098f1117cda7 | a7 cd 17 11 8f 09 73 fe


Registers:
RAX=0x0000000000000000, RBX=0x0000019e19714988, RCX=0x0000019e0f70ebf0, RDX=0x00000091b23fee50
RSP=0x00000091b23fee50, RBP=0x0000019e10c51698, RSI=0x0000019e10c51670, RDI=0x000060b9cd17cdd8
R8 =0x0000000000010002, R9 =0x000060b9cd17cdd8, R10=0x85f13e9656da4870, R11=0x00000091b23fede0
R12=0x00007ffe73693bc4, R13=0x00007ffe075449d0, R14=0x00000091b23fef58, R15=0x0000019e10c51670
RIP=0x00007ffe736962d7, EFLAGS=0x0000000000010206

Top of Stack: (sp=0x00000091b23fee50)
0x00000091b23fee50:   0000000000000000 0000019e10c51670
0x00000091b23fee60:   00007ffe075449d0 00007ffe73693bc4
0x00000091b23fee70:   0000019e10c51678 00007ffe99cdbea0
0x00000091b23fee80:   000060b9cd17cdd8 0000019e00000000
0x00000091b23fee90:   0000019e10c51698 0000019e10c51670
0x00000091b23feea0:   fffffffffffffffe 0000000000000000
0x00000091b23feeb0:   0000000000000001 00007ffe73670000
0x00000091b23feec0:   00000091b23fef48 00007ffe99cdbdb7
0x00000091b23feed0:   0000000000000000 00000091b23fef58
0x00000091b23feee0:   00000091b23ff230 00007ffe99dc12b0
0x00000091b23feef0:   0000000000000001 00007ffe99cdbd6d
0x00000091b23fef00:   0000000000000000 0000000000000001
0x00000091b23fef10:   0000000000000000 00000091b23fef48
0x00000091b23fef20:   fffffffffffffffe 0000009100000000
0x00000091b23fef30:   ffffffff00000001 00007ffe73693a51
0x00000091b23fef40:   00007ffe736a9f88 00007ffe00000002 

Instructions: (pc=0x00007ffe736962d7)
0x00007ffe736961d7:   8b 4d 58 e8 2d cf ff ff 48 8b 4d 60 e8 24 cf ff
0x00007ffe736961e7:   ff 48 8b 95 80 00 00 00 48 8b 8d 18 01 00 00 e8
0x00007ffe736961f7:   16 c4 ff ff 33 d2 33 c9 e8 5c e1 ff ff 90 48 89
0x00007ffe73696207:   54 24 10 55 48 83 ec 20 48 8b ea 48 b8 00 00 00
0x00007ffe73696217:   00 00 00 00 00 48 83 c4 20 5d c3 cc 40 55 48 8b
0x00007ffe73696227:   ea 48 8b 01 33 c9 81 38 05 00 00 c0 0f 94 c1 8b
0x00007ffe73696237:   c1 5d c3 cc 40 55 48 83 ec 20 48 8b ea 8a 4d 40
0x00007ffe73696247:   48 83 c4 20 5d e9 17 d3 ff ff cc 40 55 48 83 ec
0x00007ffe73696257:   20 48 8b ea 8a 4d 20 e8 05 d3 ff ff 90 48 83 c4
0x00007ffe73696267:   20 5d c3 cc 40 55 48 83 ec 20 48 8b ea 48 83 c4
0x00007ffe73696277:   20 5d e9 66 d1 ff ff cc 40 55 48 83 ec 30 48 8b
0x00007ffe73696287:   ea 48 8b 01 8b 10 48 89 4c 24 28 89 54 24 20 4c
0x00007ffe73696297:   8d 0d 07 d6 ff ff 4c 8b 45 70 8b 55 68 48 8b 4d
0x00007ffe736962a7:   60 e8 a7 d0 ff ff 90 48 83 c4 30 5d c3 cc cc cc
0x00007ffe736962b7:   cc cc cc cc cc cc cc cc cc 40 53 48 83 ec 20 48
0x00007ffe736962c7:   8b 1d bb 36 01 00 48 85 db 74 16 e8 59 8b ff ff
0x00007ffe736962d7:   4c 8b 00 48 8b d3 48 8b c8 41 ff 90 b0 00 00 00
0x00007ffe736962e7:   90 48 83 c4 20 5b c3 cc cc 40 53 48 83 ec 20 48
0x00007ffe736962f7:   8b 1d 2b 38 01 00 48 85 db 74 57 b8 ff ff ff ff
0x00007ffe73696307:   f0 0f c1 43 10 83 f8 01 75 3d 48 85 db 74 38 48
0x00007ffe73696317:   8b 0b 48 85 c9 74 0d ff 15 84 0f 00 00 48 c7 03
0x00007ffe73696327:   00 00 00 00 48 8b 4b 08 48 85 c9 74 0d e8 d3 cd
0x00007ffe73696337:   ff ff 48 c7 43 08 00 00 00 00 ba 18 00 00 00 48
0x00007ffe73696347:   8b cb e8 be cd ff ff 48 c7 05 cf 37 01 00 00 00
0x00007ffe73696357:   00 00 48 83 c4 20 5b c3 cc 40 53 48 83 ec 20 48
0x00007ffe73696367:   8b 1d 9b 37 01 00 48 85 db 74 57 b8 ff ff ff ff
0x00007ffe73696377:   f0 0f c1 43 10 83 f8 01 75 3d 48 85 db 74 38 48
0x00007ffe73696387:   8b 0b 48 85 c9 74 0d ff 15 14 0f 00 00 48 c7 03
0x00007ffe73696397:   00 00 00 00 48 8b 4b 08 48 85 c9 74 0d e8 63 cd
0x00007ffe736963a7:   ff ff 48 c7 43 08 00 00 00 00 ba 18 00 00 00 48
0x00007ffe736963b7:   8b cb e8 4e cd ff ff 48 c7 05 3f 37 01 00 00 00
0x00007ffe736963c7:   00 00 48 83 c4 20 5b c3 cc 40 53 48 83 ec 20 48 


Stack slot to memory mapping:
stack at sp + 0 slots: 0x0 is NULL
stack at sp + 1 slots: 0x0000019e10c51670 points into unknown readable memory: 0xfe73098f1117cda7 | a7 cd 17 11 8f 09 73 fe
stack at sp + 2 slots: 0x00007ffe075449d0 jvm.dll
stack at sp + 3 slots: 0x00007ffe73693bc4 glass.dll
stack at sp + 4 slots: 0x0000019e10c51678 points into unknown readable memory: 0x000060b9cd17cdd8 | d8 cd 17 cd b9 60 00 00
stack at sp + 5 slots: 0x00007ffe99cdbea0 ucrtbase.dll
stack at sp + 6 slots: 0x000060b9cd17cdd8 is an unknown value
stack at sp + 7 slots: 0x0000019e00000000 points into unknown readable memory: 0x0000000000000000 | 00 00 00 00 00 00 00 00

VM_Operation (0x00000091b3cf0810): Exit, mode: safepoint, requested by thread 0x0000019e1118bff0


---------------  P R O C E S S  ---------------

Threads class SMR info:
_java_thread_list=0x0000019e1d3e4de0, length=21, elements={
0x0000019e6732e150, 0x0000019e0f7126e0, 0x0000019e0f713350, 0x0000019e0f7286c0,
0x0000019e0f729070, 0x0000019e0f729a20, 0x0000019e0f72a3d0, 0x0000019e0f72b160,
0x0000019e0f73e6b0, 0x0000019e10138070, 0x0000019e1022b850, 0x0000019e10ad47c0,
0x0000019e10c56320, 0x0000019e1118bff0, 0x0000019e115716a0, 0x0000019e115735b0,
0x0000019e1a9697e0, 0x0000019e10b0ca20, 0x0000019e10b0e700, 0x0000019e10984b70,
0x0000019e109876c0
}

Java Threads: ( => current thread )
  0x0000019e6732e150 JavaThread "main" [_thread_blocked, id=1412, stack(0x00000091b1d00000,0x00000091b1e00000)]
  0x0000019e0f7126e0 JavaThread "Reference Handler" daemon [_thread_blocked, id=4992, stack(0x00000091b2400000,0x00000091b2500000)]
  0x0000019e0f713350 JavaThread "Finalizer" daemon [_thread_blocked, id=19820, stack(0x00000091b2500000,0x00000091b2600000)]
  0x0000019e0f7286c0 JavaThread "Signal Dispatcher" daemon [_thread_blocked, id=10036, stack(0x00000091b2600000,0x00000091b2700000)]
  0x0000019e0f729070 JavaThread "Attach Listener" daemon [_thread_blocked, id=17936, stack(0x00000091b2700000,0x00000091b2800000)]
  0x0000019e0f729a20 JavaThread "Service Thread" daemon [_thread_blocked, id=20280, stack(0x00000091b2800000,0x00000091b2900000)]
  0x0000019e0f72a3d0 JavaThread "Monitor Deflation Thread" daemon [_thread_blocked, id=8784, stack(0x00000091b2900000,0x00000091b2a00000)]
  0x0000019e0f72b160 JavaThread "C2 CompilerThread0" daemon [_thread_blocked, id=18616, stack(0x00000091b2a00000,0x00000091b2b00000)]
  0x0000019e0f73e6b0 JavaThread "C1 CompilerThread0" daemon [_thread_blocked, id=19928, stack(0x00000091b2b00000,0x00000091b2c00000)]
  0x0000019e10138070 JavaThread "Sweeper thread" daemon [_thread_blocked, id=6936, stack(0x00000091b2c00000,0x00000091b2d00000)]
  0x0000019e1022b850 JavaThread "Common-Cleaner" daemon [_thread_blocked, id=13328, stack(0x00000091b2e00000,0x00000091b2f00000)]
  0x0000019e10ad47c0 JavaThread "Notification Thread" daemon [_thread_blocked, id=5740, stack(0x00000091b3700000,0x00000091b3800000)]
  0x0000019e10c56320 JavaThread "InvokeLaterDispatcher" daemon [_thread_blocked, id=8804, stack(0x00000091b3b00000,0x00000091b3c00000)]
  0x0000019e1118bff0 JavaThread "JavaFX Application Thread" [_thread_blocked, id=20240, stack(0x00000091b3c00000,0x00000091b3d00000)]
  0x0000019e115716a0 JavaThread "JavaFX-Launcher" [_thread_blocked, id=10304, stack(0x00000091b3f00000,0x00000091b4000000)]
  0x0000019e115735b0 JavaThread "Thread-2" daemon [_thread_in_native, id=9264, stack(0x00000091b3e00000,0x00000091b3f00000)]
  0x0000019e1a9697e0 JavaThread "Prism Font Disposer" daemon [_thread_blocked, id=19256, stack(0x00000091b4800000,0x00000091b4900000)]
  0x0000019e10b0ca20 JavaThread "Cleaner-0" daemon [_thread_blocked, id=10416, stack(0x00000091b4cf0000,0x00000091b4df0000)]
  0x0000019e10b0e700 JavaThread "Java2D Disposer" daemon [_thread_blocked, id=11852, stack(0x00000091b2d00000,0x00000091b2e00000)]
  0x0000019e10984b70 JavaThread "TimerQueue" daemon [_thread_blocked, id=1536, stack(0x00000091b5700000,0x00000091b5800000)]
  0x0000019e109876c0 JavaThread "AWT-Shutdown" [_thread_blocked, id=2852, stack(0x00000091b3000000,0x00000091b3100000)]

Other Threads:
=>0x0000019e0f70ebf0 VMThread "VM Thread" [stack: 0x00000091b2300000,0x00000091b2400000] [id=6720]
  0x0000019e6738fe50 GCTaskThread "GC Thread#0" [stack: 0x00000091b1e00000,0x00000091b1f00000] [id=7088]
  0x0000019e115ff1f0 GCTaskThread "GC Thread#1" [stack: 0x00000091b4000000,0x00000091b4100000] [id=6760]
  0x0000019e115ff4a0 GCTaskThread "GC Thread#2" [stack: 0x00000091b4100000,0x00000091b4200000] [id=17352]
  0x0000019e115935a0 GCTaskThread "GC Thread#3" [stack: 0x00000091b4200000,0x00000091b4300000] [id=3108]
  0x0000019e11593850 GCTaskThread "GC Thread#4" [stack: 0x00000091b4300000,0x00000091b4400000] [id=12664]
  0x0000019e11593b00 GCTaskThread "GC Thread#5" [stack: 0x00000091b4400000,0x00000091b4500000] [id=10728]
  0x0000019e115bff80 GCTaskThread "GC Thread#6" [stack: 0x00000091b4500000,0x00000091b4600000] [id=1792]
  0x0000019e115c0630 GCTaskThread "GC Thread#7" [stack: 0x00000091b4600000,0x00000091b4700000] [id=12576]
  0x0000019e11619400 GCTaskThread "GC Thread#8" [stack: 0x00000091b4700000,0x00000091b4800000] [id=16456]
  0x0000019e11619150 GCTaskThread "GC Thread#9" [stack: 0x00000091b3100000,0x00000091b3200000] [id=18644]
  0x0000019e116183e0 GCTaskThread "GC Thread#10" [stack: 0x00000091b3500000,0x00000091b3600000] [id=16460]
  0x0000019e1971d360 GCTaskThread "GC Thread#11" [stack: 0x00000091b3a00000,0x00000091b3b00000] [id=20108]
  0x0000019e1971c090 GCTaskThread "GC Thread#12" [stack: 0x00000091b5000000,0x00000091b5100000] [id=4188]
  0x0000019e6739cb60 ConcurrentGCThread "G1 Main Marker" terminated
  0x0000019e6739dc10 ConcurrentGCThread "G1 Conc#0" [stack: 0x00000091b2000000,0x00000091b2100000] [id=12140]
  0x0000019e1971cb50 ConcurrentGCThread "G1 Conc#1" [stack: 0x00000091b5100000,0x00000091b5200000] [id=14180]
  0x0000019e1971d0b0 ConcurrentGCThread "G1 Conc#2" [stack: 0x00000091b5200000,0x00000091b5300000] [id=1608]
  0x0000019e674069f0 ConcurrentGCThread "G1 Refine#0" terminated
  0x0000019e0f5d28b0 ConcurrentGCThread "G1 Service" terminated

Threads with active compile tasks:

VM state: at safepoint (shutting down)

VM Mutex/Monitor currently owned by a thread:  ([mutex/lock_event])
[0x0000019e67329bb0] Threads_lock - owner thread: 0x0000019e0f70ebf0
[0x0000019e67329610] Heap_lock - owner thread: 0x0000019e1118bff0

Heap address: 0x0000000682400000, size: 6108 MB, Compressed Oops mode: Zero based, Oop shift amount: 3

CDS archive(s) mapped at: [0x0000000800000000-0x0000000800bc0000-0x0000000800bc0000), size 12320768, SharedBaseAddress: 0x0000000800000000, ArchiveRelocationMode: 0.
Compressed class space mapped at: 0x0000000800c00000-0x0000000840c00000, reserved size: 1073741824
Narrow klass base: 0x0000000800000000, Narrow klass shift: 0, Narrow klass range: 0x100000000

GC Precious Log:
 CPUs: 16 total, 16 available
 Memory: 24428M
 Large Page Support: Disabled
 NUMA Support: Disabled
 Compressed Oops: Enabled (Zero based)
 Heap Region Size: 4M
 Heap Min Capacity: 8M
 Heap Initial Capacity: 384M
 Heap Max Capacity: 6108M
 Pre-touch: Disabled
 Parallel Workers: 13
 Concurrent Workers: 3
 Concurrent Refinement Workers: 13
 Periodic GC: Disabled

Heap:
 garbage-first heap   total 180224K, used 72985K [0x0000000682400000, 0x0000000800000000)
  region size 4096K, 11 young (45056K), 5 survivors (20480K)
 Metaspace       used 26438K, committed 26752K, reserved 1073152K
  class space    used 3595K, committed 3776K, reserved 1048576K

Heap Regions: E=young(eden), S=young(survivor), O=old, HS=humongous(starts), HC=humongous(continues), CS=collection set, F=free, OA=open archive, CA=closed archive, TAMS=top-at-mark-start (previous, next)
|   0|0x0000000682400000, 0x0000000682800000, 0x0000000682800000|100%|HS|  |TAMS 0x0000000682800000, 0x0000000682400000| Complete 
|   1|0x0000000682800000, 0x0000000682c00000, 0x0000000682c00000|100%|HS|  |TAMS 0x0000000682c00000, 0x0000000682800000| Complete 
|   2|0x0000000682c00000, 0x0000000683000000, 0x0000000683000000|100%|HS|  |TAMS 0x0000000683000000, 0x0000000682c00000| Complete 
|   3|0x0000000683000000, 0x00000006830f6200, 0x0000000683400000| 24%| O|  |TAMS 0x00000006830f6200, 0x0000000683000000| Complete 
|   4|0x0000000683400000, 0x0000000683800000, 0x0000000683800000|100%|HS|  |TAMS 0x0000000683800000, 0x0000000683400000| Complete 
|   5|0x0000000683800000, 0x0000000683c00000, 0x0000000683c00000|100%|HS|  |TAMS 0x0000000683c00000, 0x0000000683800000| Complete 
|   6|0x0000000683c00000, 0x0000000684000000, 0x0000000684000000|100%|HS|  |TAMS 0x0000000684000000, 0x0000000683c00000| Complete 
|   7|0x0000000684000000, 0x0000000684400000, 0x0000000684400000|100%|HS|  |TAMS 0x0000000684000000, 0x0000000684000000| Complete 
|   8|0x0000000684400000, 0x0000000684800000, 0x0000000684800000|100%|HS|  |TAMS 0x0000000684400000, 0x0000000684400000| Complete 
|   9|0x0000000684800000, 0x0000000684800000, 0x0000000684c00000|  0%| F|  |TAMS 0x0000000684800000, 0x0000000684800000| Untracked 
|  10|0x0000000684c00000, 0x0000000684c00000, 0x0000000685000000|  0%| F|  |TAMS 0x0000000684c00000, 0x0000000684c00000| Untracked 
|  11|0x0000000685000000, 0x0000000685000000, 0x0000000685400000|  0%| F|  |TAMS 0x0000000685000000, 0x0000000685000000| Untracked 
|  12|0x0000000685400000, 0x0000000685400000, 0x0000000685800000|  0%| F|  |TAMS 0x0000000685400000, 0x0000000685400000| Untracked 
|  13|0x0000000685800000, 0x0000000685800000, 0x0000000685c00000|  0%| F|  |TAMS 0x0000000685800000, 0x0000000685800000| Untracked 
|  14|0x0000000685c00000, 0x0000000685c00000, 0x0000000686000000|  0%| F|  |TAMS 0x0000000685c00000, 0x0000000685c00000| Untracked 
|  15|0x0000000686000000, 0x0000000686000000, 0x0000000686400000|  0%| F|  |TAMS 0x0000000686000000, 0x0000000686000000| Untracked 
|  16|0x0000000686400000, 0x0000000686400000, 0x0000000686800000|  0%| F|  |TAMS 0x0000000686400000, 0x0000000686400000| Untracked 
|  17|0x0000000686800000, 0x0000000686800000, 0x0000000686c00000|  0%| F|  |TAMS 0x0000000686800000, 0x0000000686800000| Untracked 
|  18|0x0000000686c00000, 0x0000000686c00000, 0x0000000687000000|  0%| F|  |TAMS 0x0000000686c00000, 0x0000000686c00000| Untracked 
|  19|0x0000000687000000, 0x0000000687000000, 0x0000000687400000|  0%| F|  |TAMS 0x0000000687000000, 0x0000000687000000| Untracked 
|  20|0x0000000687400000, 0x0000000687400000, 0x0000000687800000|  0%| F|  |TAMS 0x0000000687400000, 0x0000000687400000| Untracked 
|  21|0x0000000687800000, 0x0000000687800000, 0x0000000687c00000|  0%| F|  |TAMS 0x0000000687800000, 0x0000000687800000| Untracked 
|  22|0x0000000687c00000, 0x0000000687c00000, 0x0000000688000000|  0%| F|  |TAMS 0x0000000687c00000, 0x0000000687c00000| Untracked 
|  23|0x0000000688000000, 0x0000000688000000, 0x0000000688400000|  0%| F|  |TAMS 0x0000000688000000, 0x0000000688000000| Untracked 
|  24|0x0000000688400000, 0x0000000688400000, 0x0000000688800000|  0%| F|  |TAMS 0x0000000688400000, 0x0000000688400000| Untracked 
|  25|0x0000000688800000, 0x0000000688800000, 0x0000000688c00000|  0%| F|  |TAMS 0x0000000688800000, 0x0000000688800000| Untracked 
|  26|0x0000000688c00000, 0x0000000688c00000, 0x0000000689000000|  0%| F|  |TAMS 0x0000000688c00000, 0x0000000688c00000| Untracked 
|  27|0x0000000689000000, 0x0000000689000000, 0x0000000689400000|  0%| F|  |TAMS 0x0000000689000000, 0x0000000689000000| Untracked 
|  28|0x0000000689400000, 0x0000000689400000, 0x0000000689800000|  0%| F|  |TAMS 0x0000000689400000, 0x0000000689400000| Untracked 
|  29|0x0000000689800000, 0x0000000689800000, 0x0000000689c00000|  0%| F|  |TAMS 0x0000000689800000, 0x0000000689800000| Untracked 
|  30|0x0000000689c00000, 0x0000000689c00000, 0x000000068a000000|  0%| F|  |TAMS 0x0000000689c00000, 0x0000000689c00000| Untracked 
|  31|0x000000068a000000, 0x000000068a000000, 0x000000068a400000|  0%| F|  |TAMS 0x000000068a000000, 0x000000068a000000| Untracked 
|  32|0x000000068a400000, 0x000000068a400000, 0x000000068a800000|  0%| F|  |TAMS 0x000000068a400000, 0x000000068a400000| Untracked 
|  33|0x000000068a800000, 0x000000068a87b640, 0x000000068ac00000| 12%| E|  |TAMS 0x000000068a800000, 0x000000068a800000| Complete 
|  34|0x000000068ac00000, 0x000000068b000000, 0x000000068b000000|100%| E|CS|TAMS 0x000000068ac00000, 0x000000068ac00000| Complete 
|  35|0x000000068b000000, 0x000000068b400000, 0x000000068b400000|100%| E|CS|TAMS 0x000000068b000000, 0x000000068b000000| Complete 
|  36|0x000000068b400000, 0x000000068b800000, 0x000000068b800000|100%| E|CS|TAMS 0x000000068b400000, 0x000000068b400000| Complete 
|  37|0x000000068b800000, 0x000000068bc00000, 0x000000068bc00000|100%| E|CS|TAMS 0x000000068b800000, 0x000000068b800000| Complete 
|  73|0x0000000694800000, 0x0000000694a50540, 0x0000000694c00000| 57%| S|CS|TAMS 0x0000000694800000, 0x0000000694800000| Complete 
|  74|0x0000000694c00000, 0x0000000695000000, 0x0000000695000000|100%| S|CS|TAMS 0x0000000694c00000, 0x0000000694c00000| Complete 
|  75|0x0000000695000000, 0x0000000695400000, 0x0000000695400000|100%| S|CS|TAMS 0x0000000695000000, 0x0000000695000000| Complete 
|  76|0x0000000695400000, 0x0000000695800000, 0x0000000695800000|100%| S|CS|TAMS 0x0000000695400000, 0x0000000695400000| Complete 
|  77|0x0000000695800000, 0x0000000695c00000, 0x0000000695c00000|100%| S|CS|TAMS 0x0000000695800000, 0x0000000695800000| Complete 
|  95|0x000000069a000000, 0x000000069a400000, 0x000000069a400000|100%| E|CS|TAMS 0x000000069a000000, 0x000000069a000000| Complete 

Card table byte_map: [0x0000019e7f010000,0x0000019e7fc00000] _byte_map_base: 0x0000019e7bbfe000

Marking Bits (Prev, Next): (CMBitMap*) 0x0000019e673903a0, (CMBitMap*) 0x0000019e67390360
 Prev Bits: [0x0000019e06b60000, 0x0000019e0cad0000)
 Next Bits: [0x0000019e00bf0000, 0x0000019e06b60000)

Polling page: 0x0000019e65300000

Metaspace:

Usage:
  Non-class:     22.31 MB used.
      Class:      3.51 MB used.
       Both:     25.82 MB used.

Virtual space:
  Non-class space:       24.00 MB reserved,      22.44 MB ( 93%) committed,  3 nodes.
      Class space:        1.00 GB reserved,       3.69 MB ( <1%) committed,  1 nodes.
             Both:        1.02 GB reserved,      26.12 MB (  2%) committed. 

Chunk freelists:
   Non-Class:  960.00 KB
       Class:  248.00 KB
        Both:  1.18 MB

MaxMetaspaceSize: unlimited
CompressedClassSpaceSize: 1.00 GB
Initial GC threshold: 21.00 MB
Current GC threshold: 35.25 MB
CDS: on
MetaspaceReclaimPolicy: balanced
 - commit_granule_bytes: 65536.
 - commit_granule_words: 8192.
 - virtual_space_node_default_size: 1048576.
 - enlarge_chunks_in_place: 1.
 - new_chunks_are_fully_committed: 0.
 - uncommit_free_chunks: 1.
 - use_allocation_guard: 0.
 - handle_deallocations: 1.


Internal statistics:

num_allocs_failed_limit: 3.
num_arena_births: 284.
num_arena_deaths: 0.
num_vsnodes_births: 4.
num_vsnodes_deaths: 0.
num_space_committed: 418.
num_space_uncommitted: 0.
num_chunks_returned_to_freelist: 3.
num_chunks_taken_from_freelist: 964.
num_chunk_merges: 3.
num_chunk_splits: 674.
num_chunks_enlarged: 522.
num_purges: 0.
num_inconsistent_stats: 0.

CodeHeap 'non-profiled nmethods': size=119168Kb used=2762Kb max_used=3174Kb free=116405Kb
 bounds [0x0000019e76730000, 0x0000019e76a50000, 0x0000019e7db90000]
CodeHeap 'profiled nmethods': size=119104Kb used=10955Kb max_used=11433Kb free=108148Kb
 bounds [0x0000019e6f2e0000, 0x0000019e6fe10000, 0x0000019e76730000]
CodeHeap 'non-nmethods': size=7488Kb used=1555Kb max_used=3192Kb free=5932Kb
 bounds [0x0000019e6eb90000, 0x0000019e6eec0000, 0x0000019e6f2e0000]
 total_blobs=6272 nmethods=5317 adapters=867
 compilation: enabled
              stopped_count=0, restarted_count=0
 full_count=0

Compilation events (20 events):
Event: 51.937 Thread 0x0000019e0f73e6b0 5972       3       javafx.scene.layout.GridPane::getNodeRowIndex (18 bytes)
Event: 51.938 Thread 0x0000019e0f72b160 5974  s    4       java.util.Hashtable::get (69 bytes)
Event: 51.938 Thread 0x0000019e0f73e6b0 nmethod 5972 0x0000019e6f680f10 code [0x0000019e6f681160, 0x0000019e6f681cd8]
Event: 51.938 Thread 0x0000019e0f73e6b0 5973       3       javafx.scene.layout.GridPane::getRowIndex (10 bytes)
Event: 51.938 Thread 0x0000019e0f73e6b0 nmethod 5973 0x0000019e6f67ff90 code [0x0000019e6f6801c0, 0x0000019e6f680c38]
Event: 51.938 Thread 0x0000019e0f73e6b0 5975       1       javafx.scene.layout.GridPane::getColumnConstraints (5 bytes)
Event: 51.938 Thread 0x0000019e0f73e6b0 nmethod 5975 0x0000019e768a0590 code [0x0000019e768a0720, 0x0000019e768a07f8]
Event: 51.939 Thread 0x0000019e0f73e6b0 5976       3       javafx.util.Pair::<init> (15 bytes)
Event: 51.939 Thread 0x0000019e0f73e6b0 nmethod 5976 0x0000019e6f67fb10 code [0x0000019e6f67fcc0, 0x0000019e6f67fef8]
Event: 51.939 Thread 0x0000019e0f73e6b0 5977       3       com.sun.javafx.font.directwrite.DWGlyph::checkMetrics (136 bytes)
Event: 51.939 Thread 0x0000019e0f73e6b0 nmethod 5977 0x0000019e6f67e910 code [0x0000019e6f67eb40, 0x0000019e6f67f7b8]
Event: 51.940 Thread 0x0000019e0f72b160 nmethod 5974 0x0000019e7689fd90 code [0x0000019e7689ff20, 0x0000019e768a0398]
Event: 52.525 Thread 0x0000019e0f72b160 5978       4       java.util.concurrent.locks.AbstractQueuedSynchronizer::release (19 bytes)
Event: 52.527 Thread 0x0000019e0f72b160 nmethod 5978 0x0000019e7689f810 code [0x0000019e7689f9a0, 0x0000019e7689fbc8]
Event: 52.650 Thread 0x0000019e0f73e6b0 5979       3       java.util.ArrayList$ArrayListSpliterator::forEachRemaining (127 bytes)
Event: 52.650 Thread 0x0000019e0f73e6b0 nmethod 5979 0x0000019e6f67de10 code [0x0000019e6f67e000, 0x0000019e6f67e628]
Event: 52.736 Thread 0x0000019e0f73e6b0 5980       3       java.util.stream.Collectors$$Lambda$258/0x0000000800d4a4d0::accept (14 bytes)
Event: 52.737 Thread 0x0000019e0f73e6b0 nmethod 5980 0x0000019e6f678510 code [0x0000019e6f6786e0, 0x0000019e6f678ca8]
Event: 52.740 Thread 0x0000019e0f72b160 5981       4       com.sun.javafx.css.StyleManager$CacheContainer::getStyleMapList (23 bytes)
Event: 52.741 Thread 0x0000019e0f72b160 nmethod 5981 0x0000019e7689f410 code [0x0000019e7689f5a0, 0x0000019e7689f778]

GC Heap History (6 events):
Event: 0.315 GC heap before
{Heap before GC invocations=0 (full 0):
 garbage-first heap   total 393216K, used 16384K [0x0000000682400000, 0x0000000800000000)
  region size 4096K, 5 young (20480K), 0 survivors (0K)
 Metaspace       used 4480K, committed 4608K, reserved 1056768K
  class space    used 508K, committed 576K, reserved 1048576K
}
Event: 0.316 GC heap after
{Heap after GC invocations=1 (full 0):
 garbage-first heap   total 393216K, used 2815K [0x0000000682400000, 0x0000000800000000)
  region size 4096K, 1 young (4096K), 1 survivors (4096K)
 Metaspace       used 4480K, committed 4608K, reserved 1056768K
  class space    used 508K, committed 576K, reserved 1048576K
}
Event: 1.635 GC heap before
{Heap before GC invocations=1 (full 0):
 garbage-first heap   total 393216K, used 56063K [0x0000000682400000, 0x0000000800000000)
  region size 4096K, 11 young (45056K), 1 survivors (4096K)
 Metaspace       used 14175K, committed 14464K, reserved 1064960K
  class space    used 2059K, committed 2176K, reserved 1048576K
}
Event: 1.638 GC heap after
{Heap after GC invocations=2 (full 0):
 garbage-first heap   total 393216K, used 21464K [0x0000000682400000, 0x0000000800000000)
  region size 4096K, 2 young (8192K), 2 survivors (8192K)
 Metaspace       used 14175K, committed 14464K, reserved 1064960K
  class space    used 2059K, committed 2176K, reserved 1048576K
}
Event: 35.187 GC heap before
{Heap before GC invocations=2 (full 0):
 garbage-first heap   total 393216K, used 99288K [0x0000000682400000, 0x0000000800000000)
  region size 4096K, 18 young (73728K), 2 survivors (8192K)
 Metaspace       used 21280K, committed 21504K, reserved 1073152K
  class space    used 2926K, committed 3072K, reserved 1048576K
}
Event: 35.195 GC heap after
{Heap after GC invocations=3 (full 0):
 garbage-first heap   total 393216K, used 44313K [0x0000000682400000, 0x0000000800000000)
  region size 4096K, 5 young (20480K), 5 survivors (20480K)
 Metaspace       used 21280K, committed 21504K, reserved 1073152K
  class space    used 2926K, committed 3072K, reserved 1048576K
}

Deoptimization events (20 events):
Event: 41.879 Thread 0x0000019e1118bff0 DEOPT PACKING pc=0x0000019e76810248 sp=0x00000091b3cf2880
Event: 41.879 Thread 0x0000019e1118bff0 DEOPT UNPACKING pc=0x0000019e6ebe23a3 sp=0x00000091b3cf27d8 mode 2
Event: 41.880 Thread 0x0000019e109871f0 Uncommon trap: trap_request=0xffffffde fr.pc=0x0000019e767a7240 relative=0x0000000000003920
Event: 41.880 Thread 0x0000019e109871f0 Uncommon trap: reason=class_check action=maybe_recompile pc=0x0000019e767a7240 method=java.util.zip.InflaterInputStream.fill()V @ 19 c2
Event: 41.880 Thread 0x0000019e109871f0 DEOPT PACKING pc=0x0000019e767a7240 sp=0x00000091b53ff0c0
Event: 41.880 Thread 0x0000019e109871f0 DEOPT UNPACKING pc=0x0000019e6ebe23a3 sp=0x00000091b53ff150 mode 2
Event: 41.880 Thread 0x0000019e109871f0 Uncommon trap: trap_request=0xffffffde fr.pc=0x0000019e767a7240 relative=0x0000000000003920
Event: 41.880 Thread 0x0000019e109871f0 Uncommon trap: reason=class_check action=maybe_recompile pc=0x0000019e767a7240 method=java.util.zip.InflaterInputStream.fill()V @ 19 c2
Event: 41.880 Thread 0x0000019e109871f0 DEOPT PACKING pc=0x0000019e767a7240 sp=0x00000091b53ff100
Event: 41.880 Thread 0x0000019e109871f0 DEOPT UNPACKING pc=0x0000019e6ebe23a3 sp=0x00000091b53ff190 mode 2
Event: 42.781 Thread 0x0000019e1118bff0 Uncommon trap: trap_request=0xffffff45 fr.pc=0x0000019e7686e60c relative=0x0000000000000bcc
Event: 42.781 Thread 0x0000019e1118bff0 Uncommon trap: reason=unstable_if action=reinterpret pc=0x0000019e7686e60c method=java.util.WeakHashMap.expungeStaleEntries()V @ 66 c2
Event: 42.781 Thread 0x0000019e1118bff0 DEOPT PACKING pc=0x0000019e7686e60c sp=0x00000091b3cf2960
Event: 42.781 Thread 0x0000019e1118bff0 DEOPT UNPACKING pc=0x0000019e6ebe23a3 sp=0x00000091b3cf28e0 mode 2
Event: 42.797 Thread 0x0000019e1118bff0 Uncommon trap: trap_request=0xffffff45 fr.pc=0x0000019e768aae54 relative=0x00000000000000b4
Event: 42.797 Thread 0x0000019e1118bff0 Uncommon trap: reason=unstable_if action=reinterpret pc=0x0000019e768aae54 method=javafx.scene.Parent.setChildDirty(Ljavafx/scene/Node;Z)V @ 51 c2
Event: 42.797 Thread 0x0000019e1118bff0 DEOPT PACKING pc=0x0000019e768aae54 sp=0x00000091b3cf20a0
Event: 42.797 Thread 0x0000019e1118bff0 DEOPT UNPACKING pc=0x0000019e6ebe23a3 sp=0x00000091b3cf2040 mode 2
Event: 47.712 Thread 0x0000019e1118bff0 DEOPT PACKING pc=0x0000019e6fa9c460 sp=0x00000091b3cf26f0
Event: 47.712 Thread 0x0000019e1118bff0 DEOPT UNPACKING pc=0x0000019e6ebe2b43 sp=0x00000091b3cf1be0 mode 0

Classes unloaded (0 events):
No events

Classes redefined (0 events):
No events

Internal exceptions (20 events):
Event: 15.054 Thread 0x0000019e1118bff0 Exception <a 'java/lang/NoSuchMethodError'{0x0000000697e8f198}: 'void java.lang.invoke.DirectMethodHandle$Holder.invokeSpecial(java.lang.Object, java.lang.Object, java.lang.Object, java.lang.Object, java.lang.Object, java.lang.Object)'> (0x0000000697e8f198) 
thrown [t:\workspace\open\src\hotspot\share\interpreter\linkResolver.cpp, line 766]
Event: 15.079 Thread 0x0000019e1118bff0 Exception <a 'java/lang/NoSuchMethodError'{0x0000000697877300}: 'void java.lang.invoke.DirectMethodHandle$Holder.invokeSpecialIFC(java.lang.Object, java.lang.Object, java.lang.Object, java.lang.Object)'> (0x0000000697877300) 
thrown [t:\workspace\open\src\hotspot\share\interpreter\linkResolver.cpp, line 766]
Event: 15.089 Thread 0x0000019e1118bff0 Exception <a 'java/lang/NoSuchMethodError'{0x000000069798a668}: 'int java.lang.invoke.DirectMethodHandle$Holder.invokeSpecial(java.lang.Object, java.lang.Object, int)'> (0x000000069798a668) 
thrown [t:\workspace\open\src\hotspot\share\interpreter\linkResolver.cpp, line 766]
Event: 20.181 Thread 0x0000019e1118bff0 Exception <a 'java/lang/NoSuchMethodError'{0x0000000696e61450}: 'java.lang.Object java.lang.invoke.DirectMethodHandle$Holder.newInvokeSpecial(java.lang.Object, java.lang.Object, int, int, int, int, int, java.lang.Object)'> (0x0000000696e61450) 
thrown [t:\workspace\open\src\hotspot\share\interpreter\linkResolver.cpp, line 766]
Event: 20.182 Thread 0x0000019e1118bff0 Exception <a 'java/lang/NoSuchMethodError'{0x0000000696e75970}: 'java.lang.Object java.lang.invoke.DirectMethodHandle$Holder.newInvokeSpecial(java.lang.Object, java.lang.Object, java.lang.Object, int, int, int, int, int)'> (0x0000000696e75970) 
thrown [t:\workspace\open\src\hotspot\share\interpreter\linkResolver.cpp, line 766]
Event: 20.182 Thread 0x0000019e1118bff0 Exception <a 'java/lang/NoSuchMethodError'{0x0000000696e7e710}: 'java.lang.Object java.lang.invoke.Invokers$Holder.linkToTargetMethod(java.lang.Object, java.lang.Object, int, int, int, int, int, java.lang.Object)'> (0x0000000696e7e710) 
thrown [t:\workspace\open\src\hotspot\share\interpreter\linkResolver.cpp, line 766]
Event: 31.791 Thread 0x0000019e1118bff0 Exception <a 'java/lang/NullPointerException'{0x0000000696aefe08}> (0x0000000696aefe08) 
thrown [t:\workspace\open\src\hotspot\share\interpreter\linkResolver.cpp, line 1440]
Event: 31.791 Thread 0x0000019e1118bff0 Exception <a 'java/lang/reflect/InvocationTargetException'{0x0000000696af18c8}> (0x0000000696af18c8) 
thrown [t:\workspace\open\src\hotspot\share\runtime\reflection.cpp, line 1121]
Event: 34.320 Thread 0x0000019e1118bff0 Exception <a 'java/lang/NoSuchMethodError'{0x00000006963cde08}: 'java.lang.Object java.lang.invoke.Invokers$Holder.invokeExact_MT(java.lang.Object, java.lang.Object, java.lang.Object, java.lang.Object, java.lang.Object, java.lang.Object)'> (0x00000006963cde08) 
thrown [t:\workspace\open\src\hotspot\share\interpreter\linkResolver.cpp, line 766]
Event: 35.148 Thread 0x0000019e1118bff0 Exception <a 'java/lang/ClassNotFoundException'{0x0000000695c54388}: sun/awt/resources/spi/awtProvider> (0x0000000695c54388) 
thrown [t:\workspace\open\src\hotspot\share\classfile\systemDictionary.cpp, line 256]
Event: 35.151 Thread 0x0000019e1118bff0 Exception <a 'java/io/FileNotFoundException'{0x0000000695c58678}> (0x0000000695c58678) 
thrown [t:\workspace\open\src\hotspot\share\prims\jni.cpp, line 516]
Event: 35.151 Thread 0x0000019e1118bff0 Exception <a 'java/io/FileNotFoundException'{0x0000000695c5ae70}> (0x0000000695c5ae70) 
thrown [t:\workspace\open\src\hotspot\share\prims\jni.cpp, line 516]
Event: 35.176 Thread 0x0000019e1118bff0 Exception <a 'java/lang/NoSuchMethodError'{0x0000000695ce0fd0}: 'java.lang.Object java.lang.invoke.DirectMethodHandle$Holder.invokeStatic(java.lang.Object, int, java.lang.Object, java.lang.Object, java.lang.Object, java.lang.Object)'> (0x0000000695ce0fd0) 
thrown [t:\workspace\open\src\hotspot\share\interpreter\linkResolver.cpp, line 766]
Event: 35.178 Thread 0x0000019e1118bff0 Exception <a 'java/lang/NoSuchMethodError'{0x0000000695d078c0}: 'java.lang.Object java.lang.invoke.DirectMethodHandle$Holder.invokeStatic(java.lang.Object, int, java.lang.Object)'> (0x0000000695d078c0) 
thrown [t:\workspace\open\src\hotspot\share\interpreter\linkResolver.cpp, line 766]
Event: 35.197 Thread 0x0000019e1118bff0 Exception <a 'java/lang/ClassNotFoundException'{0x000000069a002e88}: com/sun/swing/internal/plaf/metal/resources/spi/metalProvider> (0x000000069a002e88) 
thrown [t:\workspace\open\src\hotspot\share\classfile\systemDictionary.cpp, line 256]
Event: 35.198 Thread 0x0000019e1118bff0 Exception <a 'java/lang/ClassNotFoundException'{0x000000069a008390}: com/sun/swing/internal/plaf/basic/resources/spi/basicProvider> (0x000000069a008390) 
thrown [t:\workspace\open\src\hotspot\share\classfile\systemDictionary.cpp, line 256]
Event: 35.205 Thread 0x0000019e10b0fa40 Exception <a 'java/lang/NoSuchMethodError'{0x000000069a2495e0}: 'java.lang.Object java.lang.invoke.DirectMethodHandle$Holder.invokeStatic(java.lang.Object, java.lang.Object, java.lang.Object, int, int, int, int, int)'> (0x000000069a2495e0) 
thrown [t:\workspace\open\src\hotspot\share\interpreter\linkResolver.cpp, line 766]
Event: 35.290 Thread 0x0000019e1118bff0 Implicit null exception at 0x0000019e7687f06f to 0x0000019e7687f658
Event: 35.295 Thread 0x0000019e10b0f570 Exception <a 'java/lang/NoSuchMethodError'{0x000000069a29bdb8}: 'void java.lang.invoke.DirectMethodHandle$Holder.invokeVirtual(java.lang.Object, java.lang.Object)'> (0x000000069a29bdb8) 
thrown [t:\workspace\open\src\hotspot\share\interpreter\linkResolver.cpp, line 766]
Event: 35.324 Thread 0x0000019e1118bff0 Exception <a 'java/lang/NoSuchMethodError'{0x000000069a101200}: 'int java.lang.invoke.DirectMethodHandle$Holder.invokeStatic(java.lang.Object)'> (0x000000069a101200) 
thrown [t:\workspace\open\src\hotspot\share\interpreter\linkResolver.cpp, line 766]

VM Operations (20 events):
Event: 36.266 Executing VM operation: Cleanup done
Event: 39.266 Executing VM operation: Cleanup
Event: 39.266 Executing VM operation: Cleanup done
Event: 41.266 Executing VM operation: Cleanup
Event: 41.266 Executing VM operation: Cleanup done
Event: 42.266 Executing VM operation: Cleanup
Event: 42.266 Executing VM operation: Cleanup done
Event: 44.266 Executing VM operation: Cleanup
Event: 44.266 Executing VM operation: Cleanup done
Event: 46.267 Executing VM operation: Cleanup
Event: 46.267 Executing VM operation: Cleanup done
Event: 47.267 Executing VM operation: Cleanup
Event: 47.267 Executing VM operation: Cleanup done
Event: 48.267 Executing VM operation: Cleanup
Event: 48.267 Executing VM operation: Cleanup done
Event: 50.268 Executing VM operation: Cleanup
Event: 50.268 Executing VM operation: Cleanup done
Event: 51.268 Executing VM operation: Cleanup
Event: 51.268 Executing VM operation: Cleanup done
Event: 52.844 Executing VM operation: Exit

Events (20 events):
Event: 44.094 loading class sun/awt/AppContext$PostShutdownEventRunnable done
Event: 44.094 loading class sun/awt/AWTAutoShutdown$1
Event: 44.094 loading class sun/awt/AWTAutoShutdown$1 done
Event: 44.094 Thread 0x0000019e10b0ebd0 Thread exited: 0x0000019e10b0ebd0
Event: 44.094 Thread 0x0000019e109841d0 Thread exited: 0x0000019e109841d0
Event: 46.880 Thread 0x0000019e109871f0 Thread exited: 0x0000019e109871f0
Event: 47.716 Thread 0x0000019e1121d180 Thread added: 0x0000019e1121d180
Event: 48.236 Thread 0x0000019e1121d180 Thread exited: 0x0000019e1121d180
Event: 52.743 Thread 0x0000019e10989d40 Thread added: 0x0000019e10989d40
Event: 52.743 Thread 0x0000019e109846a0 Thread added: 0x0000019e109846a0
Event: 52.743 Thread 0x0000019e10985040 Thread added: 0x0000019e10985040
Event: 52.743 Thread 0x0000019e10985eb0 Thread added: 0x0000019e10985eb0
Event: 52.743 Thread 0x0000019e10989d40 Thread exited: 0x0000019e10989d40
Event: 52.743 Thread 0x0000019e10985eb0 Thread exited: 0x0000019e10985eb0
Event: 52.743 Thread 0x0000019e10988a00 Thread exited: 0x0000019e10988a00
Event: 52.743 Thread 0x0000019e109876c0 Thread added: 0x0000019e109876c0
Event: 52.743 Thread 0x0000019e10985040 Thread exited: 0x0000019e10985040
Event: 52.758 Thread 0x0000019e10e2fc00 Thread exited: 0x0000019e10e2fc00
Event: 52.761 Thread 0x0000019e10b0f570 Thread exited: 0x0000019e10b0f570
Event: 52.844 Thread 0x0000019e109846a0 Thread exited: 0x0000019e109846a0


Dynamic libraries:
0x00007ff62ea40000 - 0x00007ff62ea50000 	C:\Program Files\Java\jdk-17.0.2\bin\java.exe
0x00007ffe9c380000 - 0x00007ffe9c589000 	C:\Windows\SYSTEM32\ntdll.dll
0x00007ffe9acd0000 - 0x00007ffe9ad8d000 	C:\Windows\System32\KERNEL32.DLL
0x00007ffe99de0000 - 0x00007ffe9a159000 	C:\Windows\System32\KERNELBASE.dll
0x00007ffe99cc0000 - 0x00007ffe99dd1000 	C:\Windows\System32\ucrtbase.dll
0x00007ffe93dd0000 - 0x00007ffe93dea000 	C:\Program Files\Java\jdk-17.0.2\bin\VCRUNTIME140.dll
0x00007ffe96950000 - 0x00007ffe96968000 	C:\Program Files\Java\jdk-17.0.2\bin\jli.dll
0x00007ffe9b9c0000 - 0x00007ffe9ba6e000 	C:\Windows\System32\ADVAPI32.dll
0x00007ffe9bfe0000 - 0x00007ffe9c083000 	C:\Windows\System32\msvcrt.dll
0x00007ffe9a510000 - 0x00007ffe9a5ae000 	C:\Windows\System32\sechost.dll
0x00007ffe9b540000 - 0x00007ffe9b660000 	C:\Windows\System32\RPCRT4.dll
0x00007ffe9a5b0000 - 0x00007ffe9a75c000 	C:\Windows\System32\USER32.dll
0x00007ffe99b20000 - 0x00007ffe99b46000 	C:\Windows\System32\win32u.dll
0x00007ffe8b040000 - 0x00007ffe8b2e5000 	C:\Windows\WinSxS\amd64_microsoft.windows.common-controls_6595b64144ccf1df_6.0.22000.120_none_9d947278b86cc467\COMCTL32.dll
0x00007ffe9b780000 - 0x00007ffe9b7a9000 	C:\Windows\System32\GDI32.dll
0x00007ffe99a00000 - 0x00007ffe99b12000 	C:\Windows\System32\gdi32full.dll
0x00007ffe99870000 - 0x00007ffe9990d000 	C:\Windows\System32\msvcp_win.dll
0x00007ffe92d20000 - 0x00007ffe92d2a000 	C:\Windows\SYSTEM32\VERSION.dll
0x00007ffe9b890000 - 0x00007ffe9b8c1000 	C:\Windows\System32\IMM32.DLL
0x00007ffe77680000 - 0x00007ffe7768c000 	C:\Program Files\Java\jdk-17.0.2\bin\vcruntime140_1.dll
0x00007ffe15110000 - 0x00007ffe1519d000 	C:\Program Files\Java\jdk-17.0.2\bin\msvcp140.dll
0x00007ffe06a20000 - 0x00007ffe075e1000 	C:\Program Files\Java\jdk-17.0.2\bin\server\jvm.dll
0x00007ffe9ba70000 - 0x00007ffe9ba78000 	C:\Windows\System32\PSAPI.DLL
0x00007ffe96650000 - 0x00007ffe96659000 	C:\Windows\SYSTEM32\WSOCK32.dll
0x00007ffe92d50000 - 0x00007ffe92d83000 	C:\Windows\SYSTEM32\WINMM.dll
0x00007ffe9a230000 - 0x00007ffe9a29f000 	C:\Windows\System32\WS2_32.dll
0x00007ffe98a60000 - 0x00007ffe98a78000 	C:\Windows\SYSTEM32\kernel.appcore.dll
0x00007ffe77670000 - 0x00007ffe7767a000 	C:\Program Files\Java\jdk-17.0.2\bin\jimage.dll
0x00007ffe96e60000 - 0x00007ffe97081000 	C:\Windows\SYSTEM32\DBGHELP.DLL
0x00007ffe822a0000 - 0x00007ffe822d1000 	C:\Windows\SYSTEM32\dbgcore.DLL
0x00007ffe99910000 - 0x00007ffe9998f000 	C:\Windows\System32\bcryptPrimitives.dll
0x00007ffe6fac0000 - 0x00007ffe6fae5000 	C:\Program Files\Java\jdk-17.0.2\bin\java.dll
0x00007ffe4b880000 - 0x00007ffe4b956000 	C:\Program Files\Java\jdk-17.0.2\bin\jsvml.dll
0x00007ffe9ad90000 - 0x00007ffe9b53f000 	C:\Windows\System32\SHELL32.dll
0x00007ffe979f0000 - 0x00007ffe98258000 	C:\Windows\SYSTEM32\windows.storage.dll
0x00007ffe9a830000 - 0x00007ffe9aba8000 	C:\Windows\System32\combase.dll
0x00007ffe97880000 - 0x00007ffe979e6000 	C:\Windows\SYSTEM32\wintypes.dll
0x00007ffe9bef0000 - 0x00007ffe9bfda000 	C:\Windows\System32\SHCORE.dll
0x00007ffe9a760000 - 0x00007ffe9a7bd000 	C:\Windows\System32\shlwapi.dll
0x00007ffe997a0000 - 0x00007ffe997c1000 	C:\Windows\SYSTEM32\profapi.dll
0x00007ffe6ef70000 - 0x00007ffe6ef89000 	C:\Program Files\Java\jdk-17.0.2\bin\net.dll
0x00007ffe93fb0000 - 0x00007ffe940bc000 	C:\Windows\SYSTEM32\WINHTTP.dll
0x00007ffe98e90000 - 0x00007ffe98ef7000 	C:\Windows\system32\mswsock.dll
0x00007ffe6ede0000 - 0x00007ffe6edf6000 	C:\Program Files\Java\jdk-17.0.2\bin\nio.dll
0x00007ffe658c0000 - 0x00007ffe658d8000 	C:\Program Files\Java\jdk-17.0.2\bin\zip.dll
0x0000019e0f780000 - 0x0000019e0f783000 	C:\Program Files\Java\javafx-sdk-18.0.1\bin\api-ms-win-core-console-l1-1-0.dll
0x0000019e0f790000 - 0x0000019e0f793000 	C:\Program Files\Java\javafx-sdk-18.0.1\bin\api-ms-win-core-console-l1-2-0.dll
0x0000019e0f7a0000 - 0x0000019e0f7a3000 	C:\Program Files\Java\javafx-sdk-18.0.1\bin\api-ms-win-core-datetime-l1-1-0.dll
0x0000019e0f7b0000 - 0x0000019e0f7b3000 	C:\Program Files\Java\javafx-sdk-18.0.1\bin\api-ms-win-core-debug-l1-1-0.dll
0x0000019e0f7c0000 - 0x0000019e0f7c3000 	C:\Program Files\Java\javafx-sdk-18.0.1\bin\api-ms-win-core-errorhandling-l1-1-0.dll
0x0000019e0f7d0000 - 0x0000019e0f7d4000 	C:\Program Files\Java\javafx-sdk-18.0.1\bin\api-ms-win-core-file-l1-1-0.dll
0x0000019e0f7e0000 - 0x0000019e0f7e3000 	C:\Program Files\Java\javafx-sdk-18.0.1\bin\api-ms-win-core-file-l1-2-0.dll
0x0000019e0f7f0000 - 0x0000019e0f7f3000 	C:\Program Files\Java\javafx-sdk-18.0.1\bin\api-ms-win-core-file-l2-1-0.dll
0x0000019e11d00000 - 0x0000019e11d03000 	C:\Program Files\Java\javafx-sdk-18.0.1\bin\api-ms-win-core-handle-l1-1-0.dll
0x0000019e11d10000 - 0x0000019e11d13000 	C:\Program Files\Java\javafx-sdk-18.0.1\bin\api-ms-win-core-heap-l1-1-0.dll
0x0000019e11d20000 - 0x0000019e11d23000 	C:\Program Files\Java\javafx-sdk-18.0.1\bin\api-ms-win-core-interlocked-l1-1-0.dll
0x0000019e11d30000 - 0x0000019e11d33000 	C:\Program Files\Java\javafx-sdk-18.0.1\bin\api-ms-win-core-libraryloader-l1-1-0.dll
0x0000019e11d40000 - 0x0000019e11d43000 	C:\Program Files\Java\javafx-sdk-18.0.1\bin\api-ms-win-core-localization-l1-2-0.dll
0x0000019e11d50000 - 0x0000019e11d53000 	C:\Program Files\Java\javafx-sdk-18.0.1\bin\api-ms-win-core-memory-l1-1-0.dll
0x0000019e11d60000 - 0x0000019e11d63000 	C:\Program Files\Java\javafx-sdk-18.0.1\bin\api-ms-win-core-namedpipe-l1-1-0.dll
0x0000019e11d70000 - 0x0000019e11d73000 	C:\Program Files\Java\javafx-sdk-18.0.1\bin\api-ms-win-core-processenvironment-l1-1-0.dll
0x0000019e11d80000 - 0x0000019e11d83000 	C:\Program Files\Java\javafx-sdk-18.0.1\bin\api-ms-win-core-processthreads-l1-1-0.dll
0x0000019e11d90000 - 0x0000019e11d93000 	C:\Program Files\Java\javafx-sdk-18.0.1\bin\api-ms-win-core-processthreads-l1-1-1.dll
0x0000019e11da0000 - 0x0000019e11da3000 	C:\Program Files\Java\javafx-sdk-18.0.1\bin\api-ms-win-core-profile-l1-1-0.dll
0x0000019e11db0000 - 0x0000019e11db3000 	C:\Program Files\Java\javafx-sdk-18.0.1\bin\api-ms-win-core-rtlsupport-l1-1-0.dll
0x0000019e11dc0000 - 0x0000019e11dc3000 	C:\Program Files\Java\javafx-sdk-18.0.1\bin\api-ms-win-core-string-l1-1-0.dll
0x0000019e11dd0000 - 0x0000019e11dd3000 	C:\Program Files\Java\javafx-sdk-18.0.1\bin\api-ms-win-core-synch-l1-1-0.dll
0x0000019e11de0000 - 0x0000019e11de3000 	C:\Program Files\Java\javafx-sdk-18.0.1\bin\api-ms-win-core-synch-l1-2-0.dll
0x0000019e11df0000 - 0x0000019e11df3000 	C:\Program Files\Java\javafx-sdk-18.0.1\bin\api-ms-win-core-sysinfo-l1-1-0.dll
0x0000019e11e00000 - 0x0000019e11e03000 	C:\Program Files\Java\javafx-sdk-18.0.1\bin\api-ms-win-core-timezone-l1-1-0.dll
0x0000019e11e10000 - 0x0000019e11e13000 	C:\Program Files\Java\javafx-sdk-18.0.1\bin\api-ms-win-core-util-l1-1-0.dll
0x0000019e11e20000 - 0x0000019e11e23000 	C:\Program Files\Java\javafx-sdk-18.0.1\bin\api-ms-win-crt-conio-l1-1-0.dll
0x0000019e11e30000 - 0x0000019e11e34000 	C:\Program Files\Java\javafx-sdk-18.0.1\bin\api-ms-win-crt-convert-l1-1-0.dll
0x0000019e11e40000 - 0x0000019e11e43000 	C:\Program Files\Java\javafx-sdk-18.0.1\bin\api-ms-win-crt-environment-l1-1-0.dll
0x0000019e11e50000 - 0x0000019e11e53000 	C:\Program Files\Java\javafx-sdk-18.0.1\bin\api-ms-win-crt-filesystem-l1-1-0.dll
0x0000019e11e60000 - 0x0000019e11e63000 	C:\Program Files\Java\javafx-sdk-18.0.1\bin\api-ms-win-crt-heap-l1-1-0.dll
0x0000019e11e70000 - 0x0000019e11e73000 	C:\Program Files\Java\javafx-sdk-18.0.1\bin\api-ms-win-crt-locale-l1-1-0.dll
0x0000019e11e80000 - 0x0000019e11e85000 	C:\Program Files\Java\javafx-sdk-18.0.1\bin\api-ms-win-crt-math-l1-1-0.dll
0x0000019e11e90000 - 0x0000019e11e95000 	C:\Program Files\Java\javafx-sdk-18.0.1\bin\api-ms-win-crt-multibyte-l1-1-0.dll
0x0000019e11ea0000 - 0x0000019e11eb0000 	C:\Program Files\Java\javafx-sdk-18.0.1\bin\api-ms-win-crt-private-l1-1-0.dll
0x0000019e11eb0000 - 0x0000019e11eb3000 	C:\Program Files\Java\javafx-sdk-18.0.1\bin\api-ms-win-crt-process-l1-1-0.dll
0x0000019e11ec0000 - 0x0000019e11ec4000 	C:\Program Files\Java\javafx-sdk-18.0.1\bin\api-ms-win-crt-runtime-l1-1-0.dll
0x0000019e11ed0000 - 0x0000019e11ed4000 	C:\Program Files\Java\javafx-sdk-18.0.1\bin\api-ms-win-crt-stdio-l1-1-0.dll
0x0000019e11ee0000 - 0x0000019e11ee4000 	C:\Program Files\Java\javafx-sdk-18.0.1\bin\api-ms-win-crt-string-l1-1-0.dll
0x0000019e11ef0000 - 0x0000019e11ef3000 	C:\Program Files\Java\javafx-sdk-18.0.1\bin\api-ms-win-crt-time-l1-1-0.dll
0x0000019e11f00000 - 0x0000019e11f03000 	C:\Program Files\Java\javafx-sdk-18.0.1\bin\api-ms-win-crt-utility-l1-1-0.dll
0x00007ffe95610000 - 0x00007ffe9570c000 	C:\Program Files\Java\javafx-sdk-18.0.1\bin\ucrtbase.dll
0x00007ffe94bf0000 - 0x00007ffe94c0a000 	C:\Program Files\Java\javafx-sdk-18.0.1\bin\vcruntime140.dll
0x00007ffe96940000 - 0x00007ffe9694c000 	C:\Program Files\Java\javafx-sdk-18.0.1\bin\vcruntime140_1.dll
0x00007ffe82de0000 - 0x00007ffe82e6d000 	C:\Program Files\Java\javafx-sdk-18.0.1\bin\msvcp140.dll
0x00007ffe82db0000 - 0x00007ffe82ddc000 	C:\Program Files\Java\javafx-sdk-18.0.1\bin\prism_d3d.dll
0x00007ffe8e9e0000 - 0x00007ffe8eb86000 	C:\Windows\system32\d3d9.dll
0x00007ffe97340000 - 0x00007ffe9736f000 	C:\Windows\SYSTEM32\dwmapi.dll
0x00007ffe970e0000 - 0x00007ffe97118000 	C:\Windows\SYSTEM32\dxcore.dll
0x00007ffe96ac0000 - 0x00007ffe96b6c000 	C:\Windows\system32\uxtheme.dll
0x00007ffe99130000 - 0x00007ffe99142000 	C:\Windows\SYSTEM32\msasn1.dll
0x00007ffe910a0000 - 0x00007ffe910d1000 	C:\Windows\SYSTEM32\cryptnet.dll
0x00007ffe99b50000 - 0x00007ffe99cb2000 	C:\Windows\System32\CRYPT32.dll
0x00007ffe8f470000 - 0x00007ffe8f5b9000 	C:\Windows\SYSTEM32\drvstore.dll
0x00007ffe99590000 - 0x00007ffe995bc000 	C:\Windows\SYSTEM32\devobj.dll
0x00007ffe99540000 - 0x00007ffe9958c000 	C:\Windows\SYSTEM32\cfgmgr32.dll
0x00007ffe991a0000 - 0x00007ffe991dd000 	C:\Windows\SYSTEM32\wldp.dll
0x00007ffe990d0000 - 0x00007ffe990dc000 	C:\Windows\SYSTEM32\cryptbase.dll
0x00007ffe99990000 - 0x00007ffe999f7000 	C:\Windows\System32\WINTRUST.DLL
0x00007ffe9b870000 - 0x00007ffe9b88f000 	C:\Windows\System32\imagehlp.dll
0x00007ffe990e0000 - 0x00007ffe990f8000 	C:\Windows\SYSTEM32\CRYPTSP.dll
0x00007ffe989c0000 - 0x00007ffe989f5000 	C:\Windows\system32\rsaenh.dll
0x00007ffe99250000 - 0x00007ffe99277000 	C:\Windows\SYSTEM32\bcrypt.dll
0x00007ffe93380000 - 0x00007ffe933c4000 	C:\Windows\SYSTEM32\directxdatabasehelper.dll
0x00007ffe97160000 - 0x00007ffe97194000 	C:\Windows\SYSTEM32\ntmarta.dll
0x00007ffe73670000 - 0x00007ffe736b2000 	C:\Program Files\Java\javafx-sdk-18.0.1\bin\glass.dll
0x00007ffe9c090000 - 0x00007ffe9c17c000 	C:\Windows\System32\COMDLG32.dll
0x00007ffe9a350000 - 0x00007ffe9a4ea000 	C:\Windows\System32\ole32.dll
0x00007ffe9b8e0000 - 0x00007ffe9b9b6000 	C:\Windows\System32\OLEAUT32.dll
0x00007ffe9abb0000 - 0x00007ffe9acce000 	C:\Windows\System32\MSCTF.dll
0x00007ffe2aad0000 - 0x00007ffe2ad93000 	C:\Windows\system32\nvspcap64.dll
0x00007ffe98f20000 - 0x00007ffe98f44000 	C:\Windows\SYSTEM32\gpapi.dll
0x00007ffe82d90000 - 0x00007ffe82da4000 	C:\Program Files\Java\javafx-sdk-18.0.1\bin\javafx_font.dll
0x00007ffe732c0000 - 0x00007ffe7351f000 	C:\Windows\SYSTEM32\dwrite.dll
0x00007ffe9a2a0000 - 0x00007ffe9a34f000 	C:\Windows\System32\clbcatq.dll
0x00007ffe91120000 - 0x00007ffe912ce000 	C:\Windows\SYSTEM32\WindowsCodecs.dll
0x00007ffe71060000 - 0x00007ffe710bd000 	C:\Windows\system32\dataexchange.dll
0x00007ffe90580000 - 0x00007ffe907e6000 	C:\Windows\system32\twinapi.appcore.dll
0x00007ffe6efa0000 - 0x00007ffe6efd2000 	C:\Program Files\Common Files\Microsoft Shared\Ink\rtscom.dll
0x00007ffe7dd60000 - 0x00007ffe7de8d000 	C:\Windows\SYSTEM32\textinputframework.dll
0x00007ffe96510000 - 0x00007ffe96642000 	C:\Windows\SYSTEM32\CoreMessaging.dll
0x00007ffe92550000 - 0x00007ffe928bd000 	C:\Windows\SYSTEM32\CoreUIComponents.dll
0x00007ffe77910000 - 0x00007ffe7793d000 	C:\Program Files\Java\javafx-sdk-18.0.1\bin\javafx_iio.dll

dbghelp: loaded successfully - version: 4.0.5 - missing functions: none
symbol engine: initialized successfully - sym options: 0x614 - pdb path: .;C:\Program Files\Java\jdk-17.0.2\bin;C:\Windows\SYSTEM32;C:\Windows\WinSxS\amd64_microsoft.windows.common-controls_6595b64144ccf1df_6.0.22000.120_none_9d947278b86cc467;C:\Program Files\Java\jdk-17.0.2\bin\server;C:\Program Files\Java\javafx-sdk-18.0.1\bin;C:\Windows\System32\DriverStore\FileRepository\nvltig.inf_amd64_ce837e92efe9cbc4;C:\Program Files\Common Files\Microsoft Shared\Ink

VM Arguments:
jvm_args: -Dfile.encoding=UTF-8 --add-modules=javafx.controls,javafx.fxml --module-path=C:\Users\juanc\OneDrive\Documentos\Universidad 3\POO\SEATORA\build\classes;C:\Program Files\Java\javafx-sdk-18.0.1\lib\javafx-swt.jar;C:\Program Files\Java\javafx-sdk-18.0.1\lib\javafx.base.jar;C:\Program Files\Java\javafx-sdk-18.0.1\lib\javafx.controls.jar;C:\Program Files\Java\javafx-sdk-18.0.1\lib\javafx.fxml.jar;C:\Program Files\Java\javafx-sdk-18.0.1\lib\javafx.graphics.jar;C:\Program Files\Java\javafx-sdk-18.0.1\lib\javafx.media.jar;C:\Program Files\Java\javafx-sdk-18.0.1\lib\javafx.swing.jar;C:\Program Files\Java\javafx-sdk-18.0.1\lib\javafx.web.jar 
java_command: start.Seatora
java_class_path (initial): C:\Program Files\Java\javafx-sdk-18.0.1\lib\javafx-swt.jar;C:\Program Files\Java\javafx-sdk-18.0.1\lib\javafx.base.jar;C:\Program Files\Java\javafx-sdk-18.0.1\lib\javafx.controls.jar;C:\Program Files\Java\javafx-sdk-18.0.1\lib\javafx.fxml.jar;C:\Program Files\Java\javafx-sdk-18.0.1\lib\javafx.graphics.jar;C:\Program Files\Java\javafx-sdk-18.0.1\lib\javafx.media.jar;C:\Program Files\Java\javafx-sdk-18.0.1\lib\javafx.swing.jar;C:\Program Files\Java\javafx-sdk-18.0.1\lib\javafx.web.jar;C:\Users\juanc\OneDrive\Documentos\Universidad 3\POO\SEATORA\build\classes
Launcher Type: SUN_STANDARD

[Global flags]
     intx CICompilerCount                          = 12                                        {product} {ergonomic}
     uint ConcGCThreads                            = 3                                         {product} {ergonomic}
     uint G1ConcRefinementThreads                  = 13                                        {product} {ergonomic}
   size_t G1HeapRegionSize                         = 4194304                                   {product} {ergonomic}
    uintx GCDrainStackTargetSize                   = 64                                        {product} {ergonomic}
   size_t InitialHeapSize                          = 402653184                                 {product} {ergonomic}
   size_t MarkStackSize                            = 4194304                                   {product} {ergonomic}
   size_t MaxHeapSize                              = 6404702208                                {product} {ergonomic}
   size_t MaxNewSize                               = 3841982464                                {product} {ergonomic}
   size_t MinHeapDeltaBytes                        = 4194304                                   {product} {ergonomic}
   size_t MinHeapSize                              = 8388608                                   {product} {ergonomic}
    uintx NonNMethodCodeHeapSize                   = 7602480                                {pd product} {ergonomic}
    uintx NonProfiledCodeHeapSize                  = 122027880                              {pd product} {ergonomic}
    uintx ProfiledCodeHeapSize                     = 122027880                              {pd product} {ergonomic}
    uintx ReservedCodeCacheSize                    = 251658240                              {pd product} {ergonomic}
     bool SegmentedCodeCache                       = true                                      {product} {ergonomic}
   size_t SoftMaxHeapSize                          = 6404702208                             {manageable} {ergonomic}
     bool UseCompressedClassPointers               = true                           {product lp64_product} {ergonomic}
     bool UseCompressedOops                        = true                           {product lp64_product} {ergonomic}
     bool UseG1GC                                  = true                                      {product} {ergonomic}
     bool UseLargePagesIndividualAllocation        = false                                  {pd product} {ergonomic}

Logging:
Log output configuration:
 #0: stdout all=off uptime,level,tags
 #1: stderr all=off uptime,level,tags

Environment Variables:
PATH=C:\Program Files\Common Files\Oracle\Java\javapath;C:\Program Files (x86)\Common Files\Oracle\Java\javapath;C:\Windows\system32;C:\Windows;C:\Windows\System32\Wbem;C:\Windows\System32\WindowsPowerShell\v1.0\;C:\Windows\System32\OpenSSH\;C:\Program Files (x86)\NVIDIA Corporation\PhysX\Common;C:\Program Files\NVIDIA Corporation\NVIDIA NvDLISR;C:\Users\juanc\AppData\Local\Microsoft\WindowsApps;;C:\Users\juanc\AppData\Local\Programs\Microsoft VS Code\bin
USERNAME=juanc
OS=Windows_NT
PROCESSOR_IDENTIFIER=AMD64 Family 25 Model 80 Stepping 0, AuthenticAMD



---------------  S Y S T E M  ---------------

OS:
 Windows 11 , 64 bit Build 22000 (10.0.22000.675)
OS uptime: 0 days 1:28 hours

CPU: total 16 (initial active 16) (16 cores per cpu, 2 threads per core) family 25 model 80 stepping 0 microcode 0x0, cx8, cmov, fxsr, ht, mmx, 3dnowpref, sse, sse2, sse3, ssse3, sse4a, sse4.1, sse4.2, popcnt, lzcnt, tsc, tscinvbit, avx, avx2, aes, erms, clmul, bmi1, bmi2, adx, sha, fma, vzeroupper, clflush, clflushopt

Memory: 4k page, system-wide physical 24428M (16778M free)
TotalPageFile size 28012M (AvailPageFile size 17283M)
current process WorkingSet (physical memory assigned to process): 196M, peak: 280M
current process commit charge ("private bytes"): 478M, peak: 725M

vm_info: Java HotSpot(TM) 64-Bit Server VM (17.0.2+8-LTS-86) for windows-amd64 JRE (17.0.2+8-LTS-86), built on Dec  7 2021 21:51:03 by "mach5one" with MS VC++ 16.8 / 16.9 (VS2019)

END.
