#
# A fatal error has been detected by the Java Runtime Environment:
#
#  EXCEPTION_ACCESS_VIOLATION (0xc0000005) at pc=0x00007ffec5f762d7, pid=18636, tid=2000
#
# JRE version: Java(TM) SE Runtime Environment (17.0.2+8) (build 17.0.2+8-LTS-86)
# Java VM: Java HotSpot(TM) 64-Bit Server VM (17.0.2+8-LTS-86, mixed mode, sharing, tiered, compressed oops, compressed class ptrs, g1 gc, windows-amd64)
# Problematic frame:
# C  [glass.dll+0x262d7]
#
# No core dump will be written. Minidumps are not enabled by default on client versions of Windows
#
# If you would like to submit a bug report, please visit:
#   https://bugreport.java.com/bugreport/crash.jsp
#

---------------  S U M M A R Y ------------

Command Line: -Dfile.encoding=UTF-8 --add-modules=javafx.controls,javafx.fxml --module-path=C:\Users\juanc\OneDrive\Documentos\Universidad 3\POO\SEATORA\build\classes;C:\Program Files\Java\javafx-sdk-18.0.1\lib\javafx-swt.jar;C:\Program Files\Java\javafx-sdk-18.0.1\lib\javafx.base.jar;C:\Program Files\Java\javafx-sdk-18.0.1\lib\javafx.controls.jar;C:\Program Files\Java\javafx-sdk-18.0.1\lib\javafx.fxml.jar;C:\Program Files\Java\javafx-sdk-18.0.1\lib\javafx.graphics.jar;C:\Program Files\Java\javafx-sdk-18.0.1\lib\javafx.media.jar;C:\Program Files\Java\javafx-sdk-18.0.1\lib\javafx.swing.jar;C:\Program Files\Java\javafx-sdk-18.0.1\lib\javafx.web.jar start.Seatora

Host: AMD Ryzen 7 5800H with Radeon Graphics         , 16 cores, 23G,  Windows 11 , 64 bit Build 22000 (10.0.22000.675)
Time: Wed May 25 14:12:40 2022 Hora est. Pacífico, Sudamérica elapsed time: 184.167502 seconds (0d 0h 3m 4s)

---------------  T H R E A D  ---------------

Current thread (0x0000022ddc7bdbc0):  VMThread "VM Thread" [stack: 0x000000ea1d300000,0x000000ea1d400000] [id=2000]

Stack: [0x000000ea1d300000,0x000000ea1d400000],  sp=0x000000ea1d3fef20,  free space=1019k
Native frames: (J=compiled Java code, j=interpreted, Vv=VM code, C=native code)
C  [glass.dll+0x262d7]


siginfo: EXCEPTION_ACCESS_VIOLATION (0xc0000005), reading address 0x0000000000000000


Register to memory mapping:

RIP=0x00007ffec5f762d7 glass.dll
RAX=0x0 is NULL
RBX=0x0000022ddc7d18b0 is a global jni handle
RCX=0x0000022ddc7bdbc0 points into unknown readable memory: 0x00007ffec878e890 | 90 e8 78 c8 fe 7f 00 00
RDX=0x000000ea1d3fef20 points into unknown readable memory: 0x0000000000000000 | 00 00 00 00 00 00 00 00
RSP=0x000000ea1d3fef20 points into unknown readable memory: 0x0000000000000000 | 00 00 00 00 00 00 00 00
RBP=0x0000022dde07d208 points into unknown readable memory: 0x000025eb1fb78af4 | f4 8a b7 1f eb 25 00 00
RSI=0x0000022dde07d1e0 points into unknown readable memory: 0x6dc025ece05bd587 | 87 d5 5b e0 ec 25 c0 6d
RDI=0x000025eb1fb78af4 is an unknown value
R8 =0x0000000000010002 is an unknown value
R9 =0x000025eb1fb78af4 is an unknown value
R10=0x85f13e9656da4870 is an unknown value
R11=0x000000ea1d3feeb0 points into unknown readable memory: 0x0000022dde07d1e0 | e0 d1 07 de 2d 02 00 00
R12=0x00007ffec5f73bc4 glass.dll
R13=0x00007ffec89349d0 jvm.dll
R14=0x000000ea1d3ff028 points into unknown readable memory: 0x000000ea1d3ff010 | 10 f0 3f 1d ea 00 00 00
R15=0x0000022dde07d1e0 points into unknown readable memory: 0x6dc025ece05bd587 | 87 d5 5b e0 ec 25 c0 6d


Registers:
RAX=0x0000000000000000, RBX=0x0000022ddc7d18b0, RCX=0x0000022ddc7bdbc0, RDX=0x000000ea1d3fef20
RSP=0x000000ea1d3fef20, RBP=0x0000022dde07d208, RSI=0x0000022dde07d1e0, RDI=0x000025eb1fb78af4
R8 =0x0000000000010002, R9 =0x000025eb1fb78af4, R10=0x85f13e9656da4870, R11=0x000000ea1d3feeb0
R12=0x00007ffec5f73bc4, R13=0x00007ffec89349d0, R14=0x000000ea1d3ff028, R15=0x0000022dde07d1e0
RIP=0x00007ffec5f762d7, EFLAGS=0x0000000000010206

Top of Stack: (sp=0x000000ea1d3fef20)
0x000000ea1d3fef20:   0000000000000000 0000022dde07d1e0
0x000000ea1d3fef30:   00007ffec89349d0 00007ffec5f73bc4
0x000000ea1d3fef40:   0000022dde07d1e8 00007fff5d93bea0
0x000000ea1d3fef50:   000025eb1fb78af4 0000022d00000000
0x000000ea1d3fef60:   0000022dde07d208 0000022dde07d1e0
0x000000ea1d3fef70:   fffffffffffffffe 0000000000000000
0x000000ea1d3fef80:   0000000000000001 00007ffec5f50000
0x000000ea1d3fef90:   000000ea1d3ff018 00007fff5d93bdb7
0x000000ea1d3fefa0:   0000000000000000 000000ea1d3ff028
0x000000ea1d3fefb0:   000000ea1d3ff300 00007fff5da212b0
0x000000ea1d3fefc0:   0000000000000001 00007fff5d93bd6d
0x000000ea1d3fefd0:   0000000000000000 0000000000000001
0x000000ea1d3fefe0:   0000000000000000 000000ea1d3ff018
0x000000ea1d3feff0:   fffffffffffffffe 000000ea00000000
0x000000ea1d3ff000:   ffffffff00000001 00007ffec5f73a51
0x000000ea1d3ff010:   00007ffec5f89f88 00007ffe00000002 

Instructions: (pc=0x00007ffec5f762d7)
0x00007ffec5f761d7:   8b 4d 58 e8 2d cf ff ff 48 8b 4d 60 e8 24 cf ff
0x00007ffec5f761e7:   ff 48 8b 95 80 00 00 00 48 8b 8d 18 01 00 00 e8
0x00007ffec5f761f7:   16 c4 ff ff 33 d2 33 c9 e8 5c e1 ff ff 90 48 89
0x00007ffec5f76207:   54 24 10 55 48 83 ec 20 48 8b ea 48 b8 00 00 00
0x00007ffec5f76217:   00 00 00 00 00 48 83 c4 20 5d c3 cc 40 55 48 8b
0x00007ffec5f76227:   ea 48 8b 01 33 c9 81 38 05 00 00 c0 0f 94 c1 8b
0x00007ffec5f76237:   c1 5d c3 cc 40 55 48 83 ec 20 48 8b ea 8a 4d 40
0x00007ffec5f76247:   48 83 c4 20 5d e9 17 d3 ff ff cc 40 55 48 83 ec
0x00007ffec5f76257:   20 48 8b ea 8a 4d 20 e8 05 d3 ff ff 90 48 83 c4
0x00007ffec5f76267:   20 5d c3 cc 40 55 48 83 ec 20 48 8b ea 48 83 c4
0x00007ffec5f76277:   20 5d e9 66 d1 ff ff cc 40 55 48 83 ec 30 48 8b
0x00007ffec5f76287:   ea 48 8b 01 8b 10 48 89 4c 24 28 89 54 24 20 4c
0x00007ffec5f76297:   8d 0d 07 d6 ff ff 4c 8b 45 70 8b 55 68 48 8b 4d
0x00007ffec5f762a7:   60 e8 a7 d0 ff ff 90 48 83 c4 30 5d c3 cc cc cc
0x00007ffec5f762b7:   cc cc cc cc cc cc cc cc cc 40 53 48 83 ec 20 48
0x00007ffec5f762c7:   8b 1d bb 36 01 00 48 85 db 74 16 e8 59 8b ff ff
0x00007ffec5f762d7:   4c 8b 00 48 8b d3 48 8b c8 41 ff 90 b0 00 00 00
0x00007ffec5f762e7:   90 48 83 c4 20 5b c3 cc cc 40 53 48 83 ec 20 48
0x00007ffec5f762f7:   8b 1d 2b 38 01 00 48 85 db 74 57 b8 ff ff ff ff
0x00007ffec5f76307:   f0 0f c1 43 10 83 f8 01 75 3d 48 85 db 74 38 48
0x00007ffec5f76317:   8b 0b 48 85 c9 74 0d ff 15 84 0f 00 00 48 c7 03
0x00007ffec5f76327:   00 00 00 00 48 8b 4b 08 48 85 c9 74 0d e8 d3 cd
0x00007ffec5f76337:   ff ff 48 c7 43 08 00 00 00 00 ba 18 00 00 00 48
0x00007ffec5f76347:   8b cb e8 be cd ff ff 48 c7 05 cf 37 01 00 00 00
0x00007ffec5f76357:   00 00 48 83 c4 20 5b c3 cc 40 53 48 83 ec 20 48
0x00007ffec5f76367:   8b 1d 9b 37 01 00 48 85 db 74 57 b8 ff ff ff ff
0x00007ffec5f76377:   f0 0f c1 43 10 83 f8 01 75 3d 48 85 db 74 38 48
0x00007ffec5f76387:   8b 0b 48 85 c9 74 0d ff 15 14 0f 00 00 48 c7 03
0x00007ffec5f76397:   00 00 00 00 48 8b 4b 08 48 85 c9 74 0d e8 63 cd
0x00007ffec5f763a7:   ff ff 48 c7 43 08 00 00 00 00 ba 18 00 00 00 48
0x00007ffec5f763b7:   8b cb e8 4e cd ff ff 48 c7 05 3f 37 01 00 00 00
0x00007ffec5f763c7:   00 00 48 83 c4 20 5b c3 cc 40 53 48 83 ec 20 48 


Stack slot to memory mapping:
stack at sp + 0 slots: 0x0 is NULL
stack at sp + 1 slots: 0x0000022dde07d1e0 points into unknown readable memory: 0x6dc025ece05bd587 | 87 d5 5b e0 ec 25 c0 6d
stack at sp + 2 slots: 0x00007ffec89349d0 jvm.dll
stack at sp + 3 slots: 0x00007ffec5f73bc4 glass.dll
stack at sp + 4 slots: 0x0000022dde07d1e8 points into unknown readable memory: 0x000025eb1fb78af4 | f4 8a b7 1f eb 25 00 00
stack at sp + 5 slots: 0x00007fff5d93bea0 ucrtbase.dll
stack at sp + 6 slots: 0x000025eb1fb78af4 is an unknown value
stack at sp + 7 slots: 0x0000022d00000000 is an unknown value

VM_Operation (0x000000ea1ecf6740): Exit, mode: safepoint, requested by thread 0x0000022ddd72b610


---------------  P R O C E S S  ---------------

Threads class SMR info:
_java_thread_list=0x0000022dde087530, length=19, elements={
0x0000022db24de070, 0x0000022ddc7c16b0, 0x0000022ddc7c4330, 0x0000022ddc7d7690,
0x0000022ddc7d8040, 0x0000022ddc7d89f0, 0x0000022ddc7d93a0, 0x0000022ddc7da130,
0x0000022ddc7de0d0, 0x0000022ddc7f3470, 0x0000022ddc7add20, 0x0000022ddde2e500,
0x0000022dde12f390, 0x0000022dddeb9640, 0x0000022ddd72b610, 0x0000022dde57fd60,
0x0000022dde590980, 0x0000022de77034b0, 0x0000022dde3e1110
}

Java Threads: ( => current thread )
  0x0000022db24de070 JavaThread "main" [_thread_blocked, id=6208, stack(0x000000ea1cd00000,0x000000ea1ce00000)]
  0x0000022ddc7c16b0 JavaThread "Reference Handler" daemon [_thread_blocked, id=5304, stack(0x000000ea1d400000,0x000000ea1d500000)]
  0x0000022ddc7c4330 JavaThread "Finalizer" daemon [_thread_blocked, id=12692, stack(0x000000ea1d500000,0x000000ea1d600000)]
  0x0000022ddc7d7690 JavaThread "Signal Dispatcher" daemon [_thread_blocked, id=10376, stack(0x000000ea1d600000,0x000000ea1d700000)]
  0x0000022ddc7d8040 JavaThread "Attach Listener" daemon [_thread_blocked, id=3656, stack(0x000000ea1d700000,0x000000ea1d800000)]
  0x0000022ddc7d89f0 JavaThread "Service Thread" daemon [_thread_blocked, id=18324, stack(0x000000ea1d800000,0x000000ea1d900000)]
  0x0000022ddc7d93a0 JavaThread "Monitor Deflation Thread" daemon [_thread_blocked, id=12716, stack(0x000000ea1d900000,0x000000ea1da00000)]
  0x0000022ddc7da130 JavaThread "C2 CompilerThread0" daemon [_thread_blocked, id=1032, stack(0x000000ea1da00000,0x000000ea1db00000)]
  0x0000022ddc7de0d0 JavaThread "C1 CompilerThread0" daemon [_thread_blocked, id=19080, stack(0x000000ea1db00000,0x000000ea1dc00000)]
  0x0000022ddc7f3470 JavaThread "Sweeper thread" daemon [_thread_blocked, id=13072, stack(0x000000ea1dc00000,0x000000ea1dd00000)]
  0x0000022ddc7add20 JavaThread "Common-Cleaner" daemon [_thread_blocked, id=8160, stack(0x000000ea1de00000,0x000000ea1df00000)]
  0x0000022ddde2e500 JavaThread "Notification Thread" daemon [_thread_blocked, id=12800, stack(0x000000ea1e700000,0x000000ea1e800000)]
  0x0000022dde12f390 JavaThread "QuantumRenderer-0" daemon [_thread_blocked, id=17212, stack(0x000000ea1e900000,0x000000ea1ea00000)]
  0x0000022dddeb9640 JavaThread "InvokeLaterDispatcher" daemon [_thread_blocked, id=18732, stack(0x000000ea1eb00000,0x000000ea1ec00000)]
  0x0000022ddd72b610 JavaThread "JavaFX Application Thread" [_thread_blocked, id=256, stack(0x000000ea1ec00000,0x000000ea1ed00000)]
  0x0000022dde57fd60 JavaThread "JavaFX-Launcher" [_thread_blocked, id=2688, stack(0x000000ea1e600000,0x000000ea1e700000)]
  0x0000022dde590980 JavaThread "Thread-2" daemon [_thread_in_native, id=8868, stack(0x000000ea1e500000,0x000000ea1e600000)]
  0x0000022de77034b0 JavaThread "Prism Font Disposer" daemon [_thread_blocked, id=15520, stack(0x000000ea1f610000,0x000000ea1f710000)]
  0x0000022dde3e1110 JavaThread "Cleaner-0" daemon [_thread_blocked, id=11584, stack(0x000000ea1fb10000,0x000000ea1fc10000)]

Other Threads:
=>0x0000022ddc7bdbc0 VMThread "VM Thread" [stack: 0x000000ea1d300000,0x000000ea1d400000] [id=2000]
  0x0000022db253fdf0 GCTaskThread "GC Thread#0" [stack: 0x000000ea1ce00000,0x000000ea1cf00000] [id=19652]
  0x0000022dde5cd8b0 GCTaskThread "GC Thread#1" [stack: 0x000000ea1ee10000,0x000000ea1ef10000] [id=6148]
  0x0000022dde5fc610 GCTaskThread "GC Thread#2" [stack: 0x000000ea1ef10000,0x000000ea1f010000] [id=5860]
  0x0000022dde5b4530 GCTaskThread "GC Thread#3" [stack: 0x000000ea1f010000,0x000000ea1f110000] [id=19308]
  0x0000022dde580e50 GCTaskThread "GC Thread#4" [stack: 0x000000ea1f110000,0x000000ea1f210000] [id=18940]
  0x0000022dde5ac0d0 GCTaskThread "GC Thread#5" [stack: 0x000000ea1f210000,0x000000ea1f310000] [id=20136]
  0x0000022dde6131e0 GCTaskThread "GC Thread#6" [stack: 0x000000ea1f310000,0x000000ea1f410000] [id=13512]
  0x0000022dde6140c0 GCTaskThread "GC Thread#7" [stack: 0x000000ea1f410000,0x000000ea1f510000] [id=13000]
  0x0000022dde614fa0 GCTaskThread "GC Thread#8" [stack: 0x000000ea1f510000,0x000000ea1f610000] [id=9148]
  0x0000022dde762a70 GCTaskThread "GC Thread#9" [stack: 0x000000ea1e300000,0x000000ea1e400000] [id=20372]
  0x0000022dde763280 GCTaskThread "GC Thread#10" [stack: 0x000000ea1e400000,0x000000ea1e500000] [id=19488]
  0x0000022db254cb00 ConcurrentGCThread "G1 Main Marker" terminated
  0x0000022db254dbb0 ConcurrentGCThread "G1 Conc#0" [stack: 0x000000ea1d000000,0x000000ea1d100000] [id=18456]
  0x0000022db25b59c0 ConcurrentGCThread "G1 Refine#0" terminated
  0x0000022ddc6828b0 ConcurrentGCThread "G1 Service" terminated

Threads with active compile tasks:
C2 CompilerThread0  
[error occurred during error reporting (printing all threads), id 0xc0000005, EXCEPTION_ACCESS_VIOLATION (0xc0000005) at pc=0x00007ffec859e683]

VM state: at safepoint (shutting down)

VM Mutex/Monitor currently owned by a thread:  ([mutex/lock_event])
[0x0000022db24da480] Threads_lock - owner thread: 0x0000022ddc7bdbc0
[0x0000022db24da3f0] Heap_lock - owner thread: 0x0000022ddd72b610

Heap address: 0x0000000682400000, size: 6108 MB, Compressed Oops mode: Zero based, Oop shift amount: 3

CDS archive(s) mapped at: [0x0000000800000000-0x0000000800bc0000-0x0000000800bc0000), size 12320768, SharedBaseAddress: 0x0000000800000000, ArchiveRelocationMode: 0.
Compressed class space mapped at: 0x0000000800c00000-0x0000000840c00000, reserved size: 1073741824
Narrow klass base: 0x0000000800000000, Narrow klass shift: 0, Narrow klass range: 0x100000000

GC Precious Log:
 CPUs: 16 total, 16 available
 Memory: 24428M
 Large Page Support: Disabled
 NUMA Support: Disabled
 Compressed Oops: Enabled (Zero based)
 Heap Region Size: 4M
 Heap Min Capacity: 8M
 Heap Initial Capacity: 384M
 Heap Max Capacity: 6108M
 Pre-touch: Disabled
 Parallel Workers: 13
 Concurrent Workers: 3
 Concurrent Refinement Workers: 13
 Periodic GC: Disabled

Heap:
 garbage-first heap   total 393216K, used 70018K [0x0000000682400000, 0x0000000800000000)
  region size 4096K, 14 young (57344K), 2 survivors (8192K)
 Metaspace       used 18987K, committed 19200K, reserved 1073152K
  class space    used 2695K, committed 2816K, reserved 1048576K

Heap Regions: E=young(eden), S=young(survivor), O=old, HS=humongous(starts), HC=humongous(continues), CS=collection set, F=free, OA=open archive, CA=closed archive, TAMS=top-at-mark-start (previous, next)
|   0|0x0000000682400000, 0x0000000682800000, 0x0000000682800000|100%|HS|  |TAMS 0x0000000682400000, 0x0000000682400000| Complete 
|   1|0x0000000682800000, 0x0000000682c00000, 0x0000000682c00000|100%|HS|  |TAMS 0x0000000682800000, 0x0000000682800000| Complete 
|   2|0x0000000682c00000, 0x0000000682c60800, 0x0000000683000000|  9%| O|  |TAMS 0x0000000682c00000, 0x0000000682c00000| Untracked 
|   3|0x0000000683000000, 0x0000000683400000, 0x0000000683400000|100%|HS|  |TAMS 0x0000000683000000, 0x0000000683000000| Complete 
|   4|0x0000000683400000, 0x0000000683800000, 0x0000000683800000|100%|HS|  |TAMS 0x0000000683400000, 0x0000000683400000| Complete 
|   5|0x0000000683800000, 0x0000000683800000, 0x0000000683c00000|  0%| F|  |TAMS 0x0000000683800000, 0x0000000683800000| Untracked 
|   6|0x0000000683c00000, 0x0000000683c00000, 0x0000000684000000|  0%| F|  |TAMS 0x0000000683c00000, 0x0000000683c00000| Untracked 
|   7|0x0000000684000000, 0x0000000684000000, 0x0000000684400000|  0%| F|  |TAMS 0x0000000684000000, 0x0000000684000000| Untracked 
|   8|0x0000000684400000, 0x0000000684400000, 0x0000000684800000|  0%| F|  |TAMS 0x0000000684400000, 0x0000000684400000| Untracked 
|   9|0x0000000684800000, 0x0000000684800000, 0x0000000684c00000|  0%| F|  |TAMS 0x0000000684800000, 0x0000000684800000| Untracked 
|  10|0x0000000684c00000, 0x0000000684c00000, 0x0000000685000000|  0%| F|  |TAMS 0x0000000684c00000, 0x0000000684c00000| Untracked 
|  11|0x0000000685000000, 0x0000000685000000, 0x0000000685400000|  0%| F|  |TAMS 0x0000000685000000, 0x0000000685000000| Untracked 
|  12|0x0000000685400000, 0x0000000685400000, 0x0000000685800000|  0%| F|  |TAMS 0x0000000685400000, 0x0000000685400000| Untracked 
|  13|0x0000000685800000, 0x0000000685800000, 0x0000000685c00000|  0%| F|  |TAMS 0x0000000685800000, 0x0000000685800000| Untracked 
|  14|0x0000000685c00000, 0x0000000685c00000, 0x0000000686000000|  0%| F|  |TAMS 0x0000000685c00000, 0x0000000685c00000| Untracked 
|  15|0x0000000686000000, 0x0000000686000000, 0x0000000686400000|  0%| F|  |TAMS 0x0000000686000000, 0x0000000686000000| Untracked 
|  16|0x0000000686400000, 0x0000000686400000, 0x0000000686800000|  0%| F|  |TAMS 0x0000000686400000, 0x0000000686400000| Untracked 
|  17|0x0000000686800000, 0x0000000686800000, 0x0000000686c00000|  0%| F|  |TAMS 0x0000000686800000, 0x0000000686800000| Untracked 
|  18|0x0000000686c00000, 0x0000000686c00000, 0x0000000687000000|  0%| F|  |TAMS 0x0000000686c00000, 0x0000000686c00000| Untracked 
|  19|0x0000000687000000, 0x0000000687000000, 0x0000000687400000|  0%| F|  |TAMS 0x0000000687000000, 0x0000000687000000| Untracked 
|  20|0x0000000687400000, 0x0000000687400000, 0x0000000687800000|  0%| F|  |TAMS 0x0000000687400000, 0x0000000687400000| Untracked 
|  21|0x0000000687800000, 0x0000000687800000, 0x0000000687c00000|  0%| F|  |TAMS 0x0000000687800000, 0x0000000687800000| Untracked 
|  22|0x0000000687c00000, 0x0000000687c00000, 0x0000000688000000|  0%| F|  |TAMS 0x0000000687c00000, 0x0000000687c00000| Untracked 
|  23|0x0000000688000000, 0x0000000688000000, 0x0000000688400000|  0%| F|  |TAMS 0x0000000688000000, 0x0000000688000000| Untracked 
|  24|0x0000000688400000, 0x0000000688400000, 0x0000000688800000|  0%| F|  |TAMS 0x0000000688400000, 0x0000000688400000| Untracked 
|  25|0x0000000688800000, 0x0000000688800000, 0x0000000688c00000|  0%| F|  |TAMS 0x0000000688800000, 0x0000000688800000| Untracked 
|  26|0x0000000688c00000, 0x0000000688c00000, 0x0000000689000000|  0%| F|  |TAMS 0x0000000688c00000, 0x0000000688c00000| Untracked 
|  27|0x0000000689000000, 0x0000000689000000, 0x0000000689400000|  0%| F|  |TAMS 0x0000000689000000, 0x0000000689000000| Untracked 
|  28|0x0000000689400000, 0x0000000689400000, 0x0000000689800000|  0%| F|  |TAMS 0x0000000689400000, 0x0000000689400000| Untracked 
|  29|0x0000000689800000, 0x0000000689800000, 0x0000000689c00000|  0%| F|  |TAMS 0x0000000689800000, 0x0000000689800000| Untracked 
|  30|0x0000000689c00000, 0x0000000689c00000, 0x000000068a000000|  0%| F|  |TAMS 0x0000000689c00000, 0x0000000689c00000| Untracked 
|  31|0x000000068a000000, 0x000000068a000000, 0x000000068a400000|  0%| F|  |TAMS 0x000000068a000000, 0x000000068a000000| Untracked 
|  32|0x000000068a400000, 0x000000068a400000, 0x000000068a800000|  0%| F|  |TAMS 0x000000068a400000, 0x000000068a400000| Untracked 
|  33|0x000000068a800000, 0x000000068a800000, 0x000000068ac00000|  0%| F|  |TAMS 0x000000068a800000, 0x000000068a800000| Untracked 
|  34|0x000000068ac00000, 0x000000068ac00000, 0x000000068b000000|  0%| F|  |TAMS 0x000000068ac00000, 0x000000068ac00000| Untracked 
|  35|0x000000068b000000, 0x000000068b000000, 0x000000068b400000|  0%| F|  |TAMS 0x000000068b000000, 0x000000068b000000| Untracked 
|  36|0x000000068b400000, 0x000000068b400000, 0x000000068b800000|  0%| F|  |TAMS 0x000000068b400000, 0x000000068b400000| Untracked 
|  37|0x000000068b800000, 0x000000068b800000, 0x000000068bc00000|  0%| F|  |TAMS 0x000000068b800000, 0x000000068b800000| Untracked 
|  38|0x000000068bc00000, 0x000000068bc00000, 0x000000068c000000|  0%| F|  |TAMS 0x000000068bc00000, 0x000000068bc00000| Untracked 
|  39|0x000000068c000000, 0x000000068c000000, 0x000000068c400000|  0%| F|  |TAMS 0x000000068c000000, 0x000000068c000000| Untracked 
|  40|0x000000068c400000, 0x000000068c400000, 0x000000068c800000|  0%| F|  |TAMS 0x000000068c400000, 0x000000068c400000| Untracked 
|  41|0x000000068c800000, 0x000000068c800000, 0x000000068cc00000|  0%| F|  |TAMS 0x000000068c800000, 0x000000068c800000| Untracked 
|  42|0x000000068cc00000, 0x000000068cc00000, 0x000000068d000000|  0%| F|  |TAMS 0x000000068cc00000, 0x000000068cc00000| Untracked 
|  43|0x000000068d000000, 0x000000068d000000, 0x000000068d400000|  0%| F|  |TAMS 0x000000068d000000, 0x000000068d000000| Untracked 
|  44|0x000000068d400000, 0x000000068d400000, 0x000000068d800000|  0%| F|  |TAMS 0x000000068d400000, 0x000000068d400000| Untracked 
|  45|0x000000068d800000, 0x000000068d800000, 0x000000068dc00000|  0%| F|  |TAMS 0x000000068d800000, 0x000000068d800000| Untracked 
|  46|0x000000068dc00000, 0x000000068dc00000, 0x000000068e000000|  0%| F|  |TAMS 0x000000068dc00000, 0x000000068dc00000| Untracked 
|  47|0x000000068e000000, 0x000000068e000000, 0x000000068e400000|  0%| F|  |TAMS 0x000000068e000000, 0x000000068e000000| Untracked 
|  48|0x000000068e400000, 0x000000068e400000, 0x000000068e800000|  0%| F|  |TAMS 0x000000068e400000, 0x000000068e400000| Untracked 
|  49|0x000000068e800000, 0x000000068e800000, 0x000000068ec00000|  0%| F|  |TAMS 0x000000068e800000, 0x000000068e800000| Untracked 
|  50|0x000000068ec00000, 0x000000068ec00000, 0x000000068f000000|  0%| F|  |TAMS 0x000000068ec00000, 0x000000068ec00000| Untracked 
|  51|0x000000068f000000, 0x000000068f000000, 0x000000068f400000|  0%| F|  |TAMS 0x000000068f000000, 0x000000068f000000| Untracked 
|  52|0x000000068f400000, 0x000000068f400000, 0x000000068f800000|  0%| F|  |TAMS 0x000000068f400000, 0x000000068f400000| Untracked 
|  53|0x000000068f800000, 0x000000068f800000, 0x000000068fc00000|  0%| F|  |TAMS 0x000000068f800000, 0x000000068f800000| Untracked 
|  54|0x000000068fc00000, 0x000000068fc00000, 0x0000000690000000|  0%| F|  |TAMS 0x000000068fc00000, 0x000000068fc00000| Untracked 
|  55|0x0000000690000000, 0x0000000690000000, 0x0000000690400000|  0%| F|  |TAMS 0x0000000690000000, 0x0000000690000000| Untracked 
|  56|0x0000000690400000, 0x0000000690400000, 0x0000000690800000|  0%| F|  |TAMS 0x0000000690400000, 0x0000000690400000| Untracked 
|  57|0x0000000690800000, 0x0000000690800000, 0x0000000690c00000|  0%| F|  |TAMS 0x0000000690800000, 0x0000000690800000| Untracked 
|  58|0x0000000690c00000, 0x0000000690c00000, 0x0000000691000000|  0%| F|  |TAMS 0x0000000690c00000, 0x0000000690c00000| Untracked 
|  59|0x0000000691000000, 0x0000000691000000, 0x0000000691400000|  0%| F|  |TAMS 0x0000000691000000, 0x0000000691000000| Untracked 
|  60|0x0000000691400000, 0x0000000691400000, 0x0000000691800000|  0%| F|  |TAMS 0x0000000691400000, 0x0000000691400000| Untracked 
|  61|0x0000000691800000, 0x0000000691800000, 0x0000000691c00000|  0%| F|  |TAMS 0x0000000691800000, 0x0000000691800000| Untracked 
|  62|0x0000000691c00000, 0x0000000691c00000, 0x0000000692000000|  0%| F|  |TAMS 0x0000000691c00000, 0x0000000691c00000| Untracked 
|  63|0x0000000692000000, 0x0000000692000000, 0x0000000692400000|  0%| F|  |TAMS 0x0000000692000000, 0x0000000692000000| Untracked 
|  64|0x0000000692400000, 0x0000000692400000, 0x0000000692800000|  0%| F|  |TAMS 0x0000000692400000, 0x0000000692400000| Untracked 
|  65|0x0000000692800000, 0x0000000692800000, 0x0000000692c00000|  0%| F|  |TAMS 0x0000000692800000, 0x0000000692800000| Untracked 
|  66|0x0000000692c00000, 0x0000000692c00000, 0x0000000693000000|  0%| F|  |TAMS 0x0000000692c00000, 0x0000000692c00000| Untracked 
|  67|0x0000000693000000, 0x0000000693000000, 0x0000000693400000|  0%| F|  |TAMS 0x0000000693000000, 0x0000000693000000| Untracked 
|  68|0x0000000693400000, 0x0000000693400000, 0x0000000693800000|  0%| F|  |TAMS 0x0000000693400000, 0x0000000693400000| Untracked 
|  69|0x0000000693800000, 0x0000000693800000, 0x0000000693c00000|  0%| F|  |TAMS 0x0000000693800000, 0x0000000693800000| Untracked 
|  70|0x0000000693c00000, 0x0000000693c00000, 0x0000000694000000|  0%| F|  |TAMS 0x0000000693c00000, 0x0000000693c00000| Untracked 
|  71|0x0000000694000000, 0x0000000694000000, 0x0000000694400000|  0%| F|  |TAMS 0x0000000694000000, 0x0000000694000000| Untracked 
|  72|0x0000000694400000, 0x0000000694400000, 0x0000000694800000|  0%| F|  |TAMS 0x0000000694400000, 0x0000000694400000| Untracked 
|  73|0x0000000694800000, 0x0000000694800000, 0x0000000694c00000|  0%| F|  |TAMS 0x0000000694800000, 0x0000000694800000| Untracked 
|  74|0x0000000694c00000, 0x0000000694c00000, 0x0000000695000000|  0%| F|  |TAMS 0x0000000694c00000, 0x0000000694c00000| Untracked 
|  75|0x0000000695000000, 0x0000000695000000, 0x0000000695400000|  0%| F|  |TAMS 0x0000000695000000, 0x0000000695000000| Untracked 
|  76|0x0000000695400000, 0x0000000695400000, 0x0000000695800000|  0%| F|  |TAMS 0x0000000695400000, 0x0000000695400000| Untracked 
|  77|0x0000000695800000, 0x0000000695800000, 0x0000000695c00000|  0%| F|  |TAMS 0x0000000695800000, 0x0000000695800000| Untracked 
|  78|0x0000000695c00000, 0x0000000695c00000, 0x0000000696000000|  0%| F|  |TAMS 0x0000000695c00000, 0x0000000695c00000| Untracked 
|  79|0x0000000696000000, 0x0000000696000000, 0x0000000696400000|  0%| F|  |TAMS 0x0000000696000000, 0x0000000696000000| Untracked 
|  80|0x0000000696400000, 0x0000000696400000, 0x0000000696800000|  0%| F|  |TAMS 0x0000000696400000, 0x0000000696400000| Untracked 
|  81|0x0000000696800000, 0x0000000696800000, 0x0000000696c00000|  0%| F|  |TAMS 0x0000000696800000, 0x0000000696800000| Untracked 
|  82|0x0000000696c00000, 0x0000000696f13890, 0x0000000697000000| 76%| E|  |TAMS 0x0000000696c00000, 0x0000000696c00000| Complete 
|  83|0x0000000697000000, 0x0000000697400000, 0x0000000697400000|100%| S|CS|TAMS 0x0000000697000000, 0x0000000697000000| Complete 
|  84|0x0000000697400000, 0x0000000697800000, 0x0000000697800000|100%| S|CS|TAMS 0x0000000697400000, 0x0000000697400000| Complete 
|  85|0x0000000697800000, 0x0000000697c00000, 0x0000000697c00000|100%| E|CS|TAMS 0x0000000697800000, 0x0000000697800000| Complete 
|  86|0x0000000697c00000, 0x0000000698000000, 0x0000000698000000|100%| E|CS|TAMS 0x0000000697c00000, 0x0000000697c00000| Complete 
|  87|0x0000000698000000, 0x0000000698400000, 0x0000000698400000|100%| E|CS|TAMS 0x0000000698000000, 0x0000000698000000| Complete 
|  88|0x0000000698400000, 0x0000000698800000, 0x0000000698800000|100%| E|CS|TAMS 0x0000000698400000, 0x0000000698400000| Complete 
|  89|0x0000000698800000, 0x0000000698c00000, 0x0000000698c00000|100%| E|CS|TAMS 0x0000000698800000, 0x0000000698800000| Complete 
|  90|0x0000000698c00000, 0x0000000699000000, 0x0000000699000000|100%| E|CS|TAMS 0x0000000698c00000, 0x0000000698c00000| Complete 
|  91|0x0000000699000000, 0x0000000699400000, 0x0000000699400000|100%| E|CS|TAMS 0x0000000699000000, 0x0000000699000000| Complete 
|  92|0x0000000699400000, 0x0000000699800000, 0x0000000699800000|100%| E|CS|TAMS 0x0000000699400000, 0x0000000699400000| Complete 
|  93|0x0000000699800000, 0x0000000699c00000, 0x0000000699c00000|100%| E|CS|TAMS 0x0000000699800000, 0x0000000699800000| Complete 
|  94|0x0000000699c00000, 0x000000069a000000, 0x000000069a000000|100%| E|CS|TAMS 0x0000000699c00000, 0x0000000699c00000| Complete 
|  95|0x000000069a000000, 0x000000069a400000, 0x000000069a400000|100%| E|CS|TAMS 0x000000069a000000, 0x000000069a000000| Complete 

Card table byte_map: [0x0000022dcc0f0000,0x0000022dccce0000] _byte_map_base: 0x0000022dc8cde000

Marking Bits (Prev, Next): (CMBitMap*) 0x0000022db2540300, (CMBitMap*) 0x0000022db2540340
 Prev Bits: [0x0000022dcd8d0000, 0x0000022dd3840000)
 Next Bits: [0x0000022dd3840000, 0x0000022dd97b0000)

Polling page: 0x0000022db25c0000

Metaspace:

Usage:
  Non-class:     15.91 MB used.
      Class:      2.63 MB used.
       Both:     18.54 MB used.

Virtual space:
  Non-class space:       24.00 MB reserved,      16.00 MB ( 67%) committed,  3 nodes.
      Class space:        1.00 GB reserved,       2.75 MB ( <1%) committed,  1 nodes.
             Both:        1.02 GB reserved,      18.75 MB (  2%) committed. 

Chunk freelists:
   Non-Class:  3.89 MB
       Class:  1.16 MB
        Both:  5.05 MB

MaxMetaspaceSize: unlimited
CompressedClassSpaceSize: 1.00 GB
Initial GC threshold: 21.00 MB
Current GC threshold: 21.00 MB
CDS: on
MetaspaceReclaimPolicy: balanced
 - commit_granule_bytes: 65536.
 - commit_granule_words: 8192.
 - virtual_space_node_default_size: 1048576.
 - enlarge_chunks_in_place: 1.
 - new_chunks_are_fully_committed: 0.
 - uncommit_free_chunks: 1.
 - use_allocation_guard: 0.
 - handle_deallocations: 1.


Internal statistics:

num_allocs_failed_limit: 0.
num_arena_births: 228.
num_arena_deaths: 0.
num_vsnodes_births: 4.
num_vsnodes_deaths: 0.
num_space_committed: 300.
num_space_uncommitted: 0.
num_chunks_returned_to_freelist: 0.
num_chunks_taken_from_freelist: 879.
num_chunk_merges: 0.
num_chunk_splits: 621.
num_chunks_enlarged: 496.
num_purges: 0.
num_inconsistent_stats: 0.

CodeHeap 'non-profiled nmethods': size=119168Kb used=2669Kb max_used=2669Kb free=116498Kb
 bounds [0x0000022dc30e0000, 0x0000022dc3380000, 0x0000022dca540000]
CodeHeap 'profiled nmethods': size=119104Kb used=10913Kb max_used=10913Kb free=108190Kb
 bounds [0x0000022dbbc90000, 0x0000022dbc740000, 0x0000022dc30e0000]
CodeHeap 'non-nmethods': size=7488Kb used=1439Kb max_used=3200Kb free=6049Kb
 bounds [0x0000022dbb540000, 0x0000022dbb880000, 0x0000022dbbc90000]
 total_blobs=5813 nmethods=5009 adapters=716
 compilation: enabled
              stopped_count=0, restarted_count=0
 full_count=0

Compilation events (20 events):
Event: 182.507 Thread 0x0000022ddc7de0d0 5005       3       javafx.scene.Parent::getManagedChildren (78 bytes)
Event: 182.507 Thread 0x0000022ddc7de0d0 nmethod 5005 0x0000022dbc737010 code [0x0000022dbc737260, 0x0000022dbc737e18]
Event: 182.591 Thread 0x0000022ddc7da130 nmethod 4994 0x0000022dc3369110 code [0x0000022dc3369600, 0x0000022dc336eda8]
Event: 182.592 Thread 0x0000022ddc7da130 5006       4       java.lang.Math::max (45 bytes)
Event: 182.592 Thread 0x0000022ddc7da130 nmethod 5006 0x0000022dc3371810 code [0x0000022dc33719a0, 0x0000022dc3371a78]
Event: 182.592 Thread 0x0000022ddc7da130 4996 %     4       com.sun.javafx.iio.png.PNGImageLoader2::doUpFilter @ 6 (33 bytes)
Event: 182.593 Thread 0x0000022dde462180 4995       4       java.lang.StringLatin1::compareTo (14 bytes)
Event: 182.593 Thread 0x0000022ddc7da130 nmethod 4996% 0x0000022dc3371b10 code [0x0000022dc3371ca0, 0x0000022dc3371e38]
Event: 182.594 Thread 0x0000022dde462180 nmethod 4995 0x0000022dc3371f90 code [0x0000022dc3372100, 0x0000022dc33722d8]
Event: 182.786 Thread 0x0000022dde462180 5007       4       javafx.scene.Scene::doLayoutPass (14 bytes)
Event: 182.788 Thread 0x0000022dde462180 nmethod 5007 0x0000022dc3372410 code [0x0000022dc33725a0, 0x0000022dc3372708]
Event: 182.817 Thread 0x0000022ddc7da130 5008   !   4       javafx.scene.Scene$ScenePulseListener::pulse (503 bytes)
Event: 182.839 Thread 0x0000022ddc7da130 nmethod 5008 0x0000022dc3372890 code [0x0000022dc3372cc0, 0x0000022dc3374940]
Event: 183.155 Thread 0x0000022ddc7da130 5009       4       javafx.scene.CssStyleHelper::resolveLookups (463 bytes)
Event: 183.187 Thread 0x0000022ddc7da130 nmethod 5009 0x0000022dc3376210 code [0x0000022dc3376500, 0x0000022dc3378b10]
Event: 183.202 Thread 0x0000022ddc7da130 5010       4       com.sun.prism.impl.BaseContext::setRenderTarget (47 bytes)
Event: 183.208 Thread 0x0000022ddc7da130 nmethod 5010 0x0000022dc337a290 code [0x0000022dc337a460, 0x0000022dc337ad48]
Event: 183.371 Thread 0x0000022ddc7de0d0 5011       3       java.util.concurrent.CountDownLatch$Sync::tryAcquireShared (13 bytes)
Event: 183.371 Thread 0x0000022ddc7de0d0 nmethod 5011 0x0000022dbc738190 code [0x0000022dbc738320, 0x0000022dbc7384b8]
Event: 183.632 Thread 0x0000022ddc7da130 5012       4       java.util.WeakHashMap::putAll (133 bytes)

GC Heap History (4 events):
Event: 0.300 GC heap before
{Heap before GC invocations=0 (full 0):
 garbage-first heap   total 393216K, used 16384K [0x0000000682400000, 0x0000000800000000)
  region size 4096K, 5 young (20480K), 0 survivors (0K)
 Metaspace       used 4511K, committed 4608K, reserved 1056768K
  class space    used 513K, committed 576K, reserved 1048576K
}
Event: 0.302 GC heap after
{Heap after GC invocations=1 (full 0):
 garbage-first heap   total 393216K, used 2711K [0x0000000682400000, 0x0000000800000000)
  region size 4096K, 1 young (4096K), 1 survivors (4096K)
 Metaspace       used 4511K, committed 4608K, reserved 1056768K
  class space    used 513K, committed 576K, reserved 1048576K
}
Event: 1.476 GC heap before
{Heap before GC invocations=1 (full 0):
 garbage-first heap   total 393216K, used 47767K [0x0000000682400000, 0x0000000800000000)
  region size 4096K, 11 young (45056K), 1 survivors (4096K)
 Metaspace       used 14412K, committed 14656K, reserved 1064960K
  class space    used 2142K, committed 2240K, reserved 1048576K
}
Event: 1.480 GC heap after
{Heap after GC invocations=2 (full 0):
 garbage-first heap   total 393216K, used 16770K [0x0000000682400000, 0x0000000800000000)
  region size 4096K, 2 young (8192K), 2 survivors (8192K)
 Metaspace       used 14412K, committed 14656K, reserved 1064960K
  class space    used 2142K, committed 2240K, reserved 1048576K
}

Deoptimization events (20 events):
Event: 181.460 Thread 0x0000022ddd72b610 Uncommon trap: trap_request=0xffffff45 fr.pc=0x0000022dc334b870 relative=0x000000000000abd0
Event: 181.460 Thread 0x0000022ddd72b610 Uncommon trap: reason=unstable_if action=reinterpret pc=0x0000022dc334b870 method=javafx.scene.CssStyleHelper.transitionToState(Ljavafx/scene/Node;)V @ 4 c2
Event: 181.460 Thread 0x0000022ddd72b610 DEOPT PACKING pc=0x0000022dc334b870 sp=0x000000ea1ecf8fb0
Event: 181.460 Thread 0x0000022ddd72b610 DEOPT UNPACKING pc=0x0000022dbb5923a3 sp=0x000000ea1ecf8f20 mode 2
Event: 181.461 Thread 0x0000022ddd72b610 Uncommon trap: trap_request=0xffffffc6 fr.pc=0x0000022dc326d674 relative=0x0000000000002054
Event: 181.461 Thread 0x0000022ddd72b610 Uncommon trap: reason=bimorphic_or_optimized_type_check action=maybe_recompile pc=0x0000022dc326d674 method=javafx.css.CompoundSelector.stateMatches(Ljavafx/css/Styleable;Ljava/util/Set;I)Z @ 160 c2
Event: 181.461 Thread 0x0000022ddd72b610 DEOPT PACKING pc=0x0000022dc326d674 sp=0x000000ea1ecf8be0
Event: 181.461 Thread 0x0000022ddd72b610 DEOPT UNPACKING pc=0x0000022dbb5923a3 sp=0x000000ea1ecf8b88 mode 2
Event: 181.461 Thread 0x0000022ddd72b610 Uncommon trap: trap_request=0xffffffc6 fr.pc=0x0000022dc326d674 relative=0x0000000000002054
Event: 181.461 Thread 0x0000022ddd72b610 Uncommon trap: reason=bimorphic_or_optimized_type_check action=maybe_recompile pc=0x0000022dc326d674 method=javafx.css.CompoundSelector.stateMatches(Ljavafx/css/Styleable;Ljava/util/Set;I)Z @ 160 c2
Event: 181.461 Thread 0x0000022ddd72b610 DEOPT PACKING pc=0x0000022dc326d674 sp=0x000000ea1ecf8be0
Event: 181.461 Thread 0x0000022ddd72b610 DEOPT UNPACKING pc=0x0000022dbb5923a3 sp=0x000000ea1ecf8b88 mode 2
Event: 181.461 Thread 0x0000022ddd72b610 Uncommon trap: trap_request=0xffffffc6 fr.pc=0x0000022dc326d674 relative=0x0000000000002054
Event: 181.461 Thread 0x0000022ddd72b610 Uncommon trap: reason=bimorphic_or_optimized_type_check action=maybe_recompile pc=0x0000022dc326d674 method=javafx.css.CompoundSelector.stateMatches(Ljavafx/css/Styleable;Ljava/util/Set;I)Z @ 160 c2
Event: 181.461 Thread 0x0000022ddd72b610 DEOPT PACKING pc=0x0000022dc326d674 sp=0x000000ea1ecf8be0
Event: 181.461 Thread 0x0000022ddd72b610 DEOPT UNPACKING pc=0x0000022dbb5923a3 sp=0x000000ea1ecf8b88 mode 2
Event: 181.461 Thread 0x0000022ddd72b610 Uncommon trap: trap_request=0xffffffc6 fr.pc=0x0000022dc326d674 relative=0x0000000000002054
Event: 181.461 Thread 0x0000022ddd72b610 Uncommon trap: reason=bimorphic_or_optimized_type_check action=maybe_recompile pc=0x0000022dc326d674 method=javafx.css.CompoundSelector.stateMatches(Ljavafx/css/Styleable;Ljava/util/Set;I)Z @ 160 c2
Event: 181.461 Thread 0x0000022ddd72b610 DEOPT PACKING pc=0x0000022dc326d674 sp=0x000000ea1ecf8be0
Event: 181.461 Thread 0x0000022ddd72b610 DEOPT UNPACKING pc=0x0000022dbb5923a3 sp=0x000000ea1ecf8b88 mode 2

Classes unloaded (0 events):
No events

Classes redefined (0 events):
No events

Internal exceptions (20 events):
Event: 0.569 Thread 0x0000022ddd72b610 Exception <a 'java/lang/NoSuchMethodError'{0x00000006989f8a10}: 'java.lang.Object java.lang.invoke.DirectMethodHandle$Holder.invokeInterface(java.lang.Object, java.lang.Object, java.lang.Object)'> (0x00000006989f8a10) 
thrown [t:\workspace\open\src\hotspot\share\interpreter\linkResolver.cpp, line 766]
Event: 0.570 Thread 0x0000022ddd72b610 Exception <a 'java/lang/IncompatibleClassChangeError'{0x00000006989fc398}: Found class java.lang.Object, but interface was expected> (0x00000006989fc398) 
thrown [t:\workspace\open\src\hotspot\share\interpreter\linkResolver.cpp, line 833]
Event: 0.608 Thread 0x0000022ddd72b610 Exception <a 'java/lang/NoSuchMethodError'{0x0000000698bedf10}: 'java.lang.Object java.lang.invoke.DirectMethodHandle$Holder.newInvokeSpecial(java.lang.Object, java.lang.Object, int)'> (0x0000000698bedf10) 
thrown [t:\workspace\open\src\hotspot\share\interpreter\linkResolver.cpp, line 766]
Event: 0.623 Thread 0x0000022dde12f390 Exception <a 'java/lang/NoSuchMethodError'{0x00000006984f84e0}: 'int java.lang.invoke.DirectMethodHandle$Holder.invokeStaticInit(java.lang.Object, java.lang.Object)'> (0x00000006984f84e0) 
thrown [t:\workspace\open\src\hotspot\share\interpreter\linkResolver.cpp, line 766]
Event: 1.295 Thread 0x0000022ddd72b610 Exception <a 'java/lang/NoSuchMethodError'{0x00000006981a9780}: 'long java.lang.invoke.DirectMethodHandle$Holder.invokeStatic(java.lang.Object, java.lang.Object, java.lang.Object)'> (0x00000006981a9780) 
thrown [t:\workspace\open\src\hotspot\share\interpreter\linkResolver.cpp, line 766]
Event: 1.295 Thread 0x0000022ddd72b610 Exception <a 'java/lang/NoSuchMethodError'{0x00000006981acf28}: 'long java.lang.invoke.DirectMethodHandle$Holder.invokeStaticInit(java.lang.Object, java.lang.Object, java.lang.Object)'> (0x00000006981acf28) 
thrown [t:\workspace\open\src\hotspot\share\interpreter\linkResolver.cpp, line 766]
Event: 1.296 Thread 0x0000022ddd72b610 Exception <a 'java/lang/NoSuchMethodError'{0x00000006981c4b30}: 'java.lang.Object java.lang.invoke.DirectMethodHandle$Holder.newInvokeSpecial(java.lang.Object, java.lang.Object, long)'> (0x00000006981c4b30) 
thrown [t:\workspace\open\src\hotspot\share\interpreter\linkResolver.cpp, line 766]
Event: 1.297 Thread 0x0000022ddd72b610 Exception <a 'java/lang/NoSuchMethodError'{0x00000006981c86a0}: 'java.lang.Object java.lang.invoke.Invokers$Holder.linkToTargetMethod(java.lang.Object, long, java.lang.Object)'> (0x00000006981c86a0) 
thrown [t:\workspace\open\src\hotspot\share\interpreter\linkResolver.cpp, line 766]
Event: 1.401 Thread 0x0000022ddd72b610 Exception <a 'java/lang/ClassNotFoundException'{0x0000000697d98090}: com/sun/javafx/scene/control/skin/resources/controls> (0x0000000697d98090) 
thrown [t:\workspace\open\src\hotspot\share\prims\jni.cpp, line 535]
Event: 1.401 Thread 0x0000022ddd72b610 Exception <a 'java/lang/ClassNotFoundException'{0x0000000697da6328}: com/sun/javafx/scene/control/skin/resources/controls_es> (0x0000000697da6328) 
thrown [t:\workspace\open\src\hotspot\share\prims\jni.cpp, line 535]
Event: 1.402 Thread 0x0000022ddd72b610 Exception <a 'java/lang/ClassNotFoundException'{0x0000000697db4280}: com/sun/javafx/scene/control/skin/resources/controls_es_CO> (0x0000000697db4280) 
thrown [t:\workspace\open\src\hotspot\share\prims\jni.cpp, line 535]
Event: 2.428 Thread 0x0000022ddd72b610 Exception <a 'java/lang/NoSuchMethodError'{0x00000006999ccc40}: 'void java.lang.invoke.DirectMethodHandle$Holder.invokeSpecial(java.lang.Object, java.lang.Object, java.lang.Object, java.lang.Object, java.lang.Object, java.lang.Object)'> (0x00000006999ccc40) 
thrown [t:\workspace\open\src\hotspot\share\interpreter\linkResolver.cpp, line 766]
Event: 2.450 Thread 0x0000022ddd72b610 Exception <a 'java/lang/NoSuchMethodError'{0x0000000699bf13b0}: 'void java.lang.invoke.DirectMethodHandle$Holder.invokeSpecialIFC(java.lang.Object, java.lang.Object, java.lang.Object, java.lang.Object)'> (0x0000000699bf13b0) 
thrown [t:\workspace\open\src\hotspot\share\interpreter\linkResolver.cpp, line 766]
Event: 2.459 Thread 0x0000022ddd72b610 Exception <a 'java/lang/NoSuchMethodError'{0x0000000699504b08}: 'int java.lang.invoke.DirectMethodHandle$Holder.invokeSpecial(java.lang.Object, java.lang.Object, int)'> (0x0000000699504b08) 
thrown [t:\workspace\open\src\hotspot\share\interpreter\linkResolver.cpp, line 766]
Event: 17.249 Thread 0x0000022ddd72b610 Exception <a 'java/lang/NoSuchMethodError'{0x000000069925d4d8}: 'java.lang.Object java.lang.invoke.DirectMethodHandle$Holder.newInvokeSpecial(java.lang.Object, java.lang.Object, int, int, int, int, int, java.lang.Object)'> (0x000000069925d4d8) 
thrown [t:\workspace\open\src\hotspot\share\interpreter\linkResolver.cpp, line 766]
Event: 17.250 Thread 0x0000022ddd72b610 Exception <a 'java/lang/NoSuchMethodError'{0x0000000699270f58}: 'java.lang.Object java.lang.invoke.DirectMethodHandle$Holder.newInvokeSpecial(java.lang.Object, java.lang.Object, java.lang.Object, int, int, int, int, int)'> (0x0000000699270f58) 
thrown [t:\workspace\open\src\hotspot\share\interpreter\linkResolver.cpp, line 766]
Event: 17.251 Thread 0x0000022ddd72b610 Exception <a 'java/lang/NoSuchMethodError'{0x0000000699279258}: 'java.lang.Object java.lang.invoke.Invokers$Holder.linkToTargetMethod(java.lang.Object, java.lang.Object, int, int, int, int, int, java.lang.Object)'> (0x0000000699279258) 
thrown [t:\workspace\open\src\hotspot\share\interpreter\linkResolver.cpp, line 766]
Event: 17.344 Thread 0x0000022dde12f390 Exception <a 'java/lang/NoSuchMethodError'{0x0000000699e3e5f0}: 'java.lang.Object java.lang.invoke.DirectMethodHandle$Holder.invokeStaticInit(java.lang.Object, int)'> (0x0000000699e3e5f0) 
thrown [t:\workspace\open\src\hotspot\share\interpreter\linkResolver.cpp, line 766]
Event: 30.101 Thread 0x0000022ddd72b610 Exception <a 'java/lang/ClassNotFoundException'{0x0000000698507f18}: sun/util/logging/resources/spi/loggingProvider> (0x0000000698507f18) 
thrown [t:\workspace\open\src\hotspot\share\classfile\systemDictionary.cpp, line 256]
Event: 181.460 Thread 0x0000022ddd72b610 Implicit null exception at 0x0000022dc3340cd6 to 0x0000022dc334b854

VM Operations (20 events):
Event: 29.031 Executing VM operation: HandshakeAllThreads done
Event: 29.038 Executing VM operation: HandshakeAllThreads
Event: 29.038 Executing VM operation: HandshakeAllThreads done
Event: 30.038 Executing VM operation: Cleanup
Event: 30.038 Executing VM operation: Cleanup done
Event: 30.105 Executing VM operation: HandshakeAllThreads
Event: 30.105 Executing VM operation: HandshakeAllThreads done
Event: 30.292 Executing VM operation: ICBufferFull
Event: 30.292 Executing VM operation: ICBufferFull done
Event: 32.292 Executing VM operation: Cleanup
Event: 32.292 Executing VM operation: Cleanup done
Event: 34.292 Executing VM operation: Cleanup
Event: 34.292 Executing VM operation: Cleanup done
Event: 43.294 Executing VM operation: Cleanup
Event: 43.294 Executing VM operation: Cleanup done
Event: 182.076 Executing VM operation: Cleanup
Event: 182.076 Executing VM operation: Cleanup done
Event: 183.078 Executing VM operation: Cleanup
Event: 183.078 Executing VM operation: Cleanup done
Event: 183.656 Executing VM operation: Exit

Events (20 events):
Event: 30.102 loading class java/util/ArrayList$SubList$1 done
Event: 30.107 Thread 0x0000022dde45eee0 Thread added: 0x0000022dde45eee0
Event: 30.242 Thread 0x0000022dde45f900 Thread added: 0x0000022dde45f900
Event: 30.242 Thread 0x0000022dde460d40 Thread added: 0x0000022dde460d40
Event: 30.261 Thread 0x0000022dde461c70 Thread added: 0x0000022dde461c70
Event: 30.264 Thread 0x0000022dde461250 Thread added: 0x0000022dde461250
Event: 30.305 Thread 0x0000022dde462180 Thread added: 0x0000022dde462180
Event: 30.987 Thread 0x0000022dde462180 Thread exited: 0x0000022dde462180
Event: 30.987 Thread 0x0000022dde45f900 Thread exited: 0x0000022dde45f900
Event: 30.987 Thread 0x0000022dde460d40 Thread exited: 0x0000022dde460d40
Event: 31.276 Thread 0x0000022dde461250 Thread exited: 0x0000022dde461250
Event: 31.276 Thread 0x0000022dde461c70 Thread exited: 0x0000022dde461c70
Event: 32.044 Thread 0x0000022dde461760 Thread exited: 0x0000022dde461760
Event: 33.059 Thread 0x0000022dde45eee0 Thread exited: 0x0000022dde45eee0
Event: 182.592 Thread 0x0000022dde462180 Thread added: 0x0000022dde462180
Event: 183.155 Thread 0x0000022dde462180 Thread exited: 0x0000022dde462180
Event: 183.655 Thread 0x0000022de9aab750 Thread added: 0x0000022de9aab750
Event: 183.655 Thread 0x0000022de9aaddd0 Thread added: 0x0000022de9aaddd0
Event: 183.655 Thread 0x0000022de9aab750 Thread exited: 0x0000022de9aab750
Event: 183.656 Thread 0x0000022de9aaddd0 Thread exited: 0x0000022de9aaddd0


Dynamic libraries:
0x00007ff74bcd0000 - 0x00007ff74bce0000 	C:\Program Files\Java\jdk-17.0.2\bin\java.exe
0x00007fff5fc40000 - 0x00007fff5fe49000 	C:\Windows\SYSTEM32\ntdll.dll
0x00007fff5ee00000 - 0x00007fff5eebd000 	C:\Windows\System32\KERNEL32.DLL
0x00007fff5d3f0000 - 0x00007fff5d769000 	C:\Windows\System32\KERNELBASE.dll
0x00007fff5d920000 - 0x00007fff5da31000 	C:\Windows\System32\ucrtbase.dll
0x00007fff59390000 - 0x00007fff593aa000 	C:\Program Files\Java\jdk-17.0.2\bin\VCRUNTIME140.dll
0x00007fff22340000 - 0x00007fff22358000 	C:\Program Files\Java\jdk-17.0.2\bin\jli.dll
0x00007fff5ec50000 - 0x00007fff5ecfe000 	C:\Windows\System32\ADVAPI32.dll
0x00007fff5eb10000 - 0x00007fff5ebb3000 	C:\Windows\System32\msvcrt.dll
0x00007fff5dd90000 - 0x00007fff5de2e000 	C:\Windows\System32\sechost.dll
0x00007fff5fa30000 - 0x00007fff5fb50000 	C:\Windows\System32\RPCRT4.dll
0x00007fff5de30000 - 0x00007fff5dfdc000 	C:\Windows\System32\USER32.dll
0x00007fff5d130000 - 0x00007fff5d156000 	C:\Windows\System32\win32u.dll
0x00007fff4b610000 - 0x00007fff4b8b5000 	C:\Windows\WinSxS\amd64_microsoft.windows.common-controls_6595b64144ccf1df_6.0.22000.120_none_9d947278b86cc467\COMCTL32.dll
0x00007fff5ea10000 - 0x00007fff5ea39000 	C:\Windows\System32\GDI32.dll
0x00007fff5d2d0000 - 0x00007fff5d3e2000 	C:\Windows\System32\gdi32full.dll
0x00007fff5da40000 - 0x00007fff5dadd000 	C:\Windows\System32\msvcp_win.dll
0x00007fff54ae0000 - 0x00007fff54aea000 	C:\Windows\SYSTEM32\VERSION.dll
0x00007fff5fbc0000 - 0x00007fff5fbf1000 	C:\Windows\System32\IMM32.DLL
0x00007fff59380000 - 0x00007fff5938c000 	C:\Program Files\Java\jdk-17.0.2\bin\vcruntime140_1.dll
0x00007fff49810000 - 0x00007fff4989d000 	C:\Program Files\Java\jdk-17.0.2\bin\msvcp140.dll
0x00007ffec7e10000 - 0x00007ffec89d1000 	C:\Program Files\Java\jdk-17.0.2\bin\server\jvm.dll
0x00007fff5f540000 - 0x00007fff5f548000 	C:\Windows\System32\PSAPI.DLL
0x00007fff55c20000 - 0x00007fff55c53000 	C:\Windows\SYSTEM32\WINMM.dll
0x00007fff59680000 - 0x00007fff59689000 	C:\Windows\SYSTEM32\WSOCK32.dll
0x00007fff5eec0000 - 0x00007fff5ef2f000 	C:\Windows\System32\WS2_32.dll
0x00007fff5c320000 - 0x00007fff5c338000 	C:\Windows\SYSTEM32\kernel.appcore.dll
0x00007fff592c0000 - 0x00007fff592ca000 	C:\Program Files\Java\jdk-17.0.2\bin\jimage.dll
0x00007fff5a7c0000 - 0x00007fff5a9e1000 	C:\Windows\SYSTEM32\DBGHELP.DLL
0x00007fff44ba0000 - 0x00007fff44bd1000 	C:\Windows\SYSTEM32\dbgcore.DLL
0x00007fff5d770000 - 0x00007fff5d7ef000 	C:\Windows\System32\bcryptPrimitives.dll
0x00007fff59310000 - 0x00007fff59335000 	C:\Program Files\Java\jdk-17.0.2\bin\java.dll
0x00007fff498a0000 - 0x00007fff49976000 	C:\Program Files\Java\jdk-17.0.2\bin\jsvml.dll
0x00007fff5e260000 - 0x00007fff5ea0f000 	C:\Windows\System32\SHELL32.dll
0x00007fff5b2b0000 - 0x00007fff5bb18000 	C:\Windows\SYSTEM32\windows.storage.dll
0x00007fff5f6b0000 - 0x00007fff5fa28000 	C:\Windows\System32\combase.dll
0x00007fff5b140000 - 0x00007fff5b2a6000 	C:\Windows\SYSTEM32\wintypes.dll
0x00007fff5dae0000 - 0x00007fff5dbca000 	C:\Windows\System32\SHCORE.dll
0x00007fff5dfe0000 - 0x00007fff5e03d000 	C:\Windows\System32\shlwapi.dll
0x00007fff5d060000 - 0x00007fff5d081000 	C:\Windows\SYSTEM32\profapi.dll
0x00007fff49fc0000 - 0x00007fff49fd9000 	C:\Program Files\Java\jdk-17.0.2\bin\net.dll
0x00007fff57820000 - 0x00007fff5792c000 	C:\Windows\SYSTEM32\WINHTTP.dll
0x00007fff5c750000 - 0x00007fff5c7b7000 	C:\Windows\system32\mswsock.dll
0x00007fff49fa0000 - 0x00007fff49fb6000 	C:\Program Files\Java\jdk-17.0.2\bin\nio.dll
0x00007fff49f80000 - 0x00007fff49f98000 	C:\Program Files\Java\jdk-17.0.2\bin\zip.dll
0x0000022db2600000 - 0x0000022db2603000 	C:\Program Files\Java\javafx-sdk-18.0.1\bin\api-ms-win-core-console-l1-1-0.dll
0x0000022ddc950000 - 0x0000022ddc953000 	C:\Program Files\Java\javafx-sdk-18.0.1\bin\api-ms-win-core-console-l1-2-0.dll
0x0000022ddc960000 - 0x0000022ddc963000 	C:\Program Files\Java\javafx-sdk-18.0.1\bin\api-ms-win-core-datetime-l1-1-0.dll
0x0000022ddc970000 - 0x0000022ddc973000 	C:\Program Files\Java\javafx-sdk-18.0.1\bin\api-ms-win-core-debug-l1-1-0.dll
0x0000022ddc980000 - 0x0000022ddc983000 	C:\Program Files\Java\javafx-sdk-18.0.1\bin\api-ms-win-core-errorhandling-l1-1-0.dll
0x0000022ddc990000 - 0x0000022ddc994000 	C:\Program Files\Java\javafx-sdk-18.0.1\bin\api-ms-win-core-file-l1-1-0.dll
0x0000022ddc9a0000 - 0x0000022ddc9a3000 	C:\Program Files\Java\javafx-sdk-18.0.1\bin\api-ms-win-core-file-l1-2-0.dll
0x0000022ddc9b0000 - 0x0000022ddc9b3000 	C:\Program Files\Java\javafx-sdk-18.0.1\bin\api-ms-win-core-file-l2-1-0.dll
0x0000022ddc9c0000 - 0x0000022ddc9c3000 	C:\Program Files\Java\javafx-sdk-18.0.1\bin\api-ms-win-core-handle-l1-1-0.dll
0x0000022ddc9d0000 - 0x0000022ddc9d3000 	C:\Program Files\Java\javafx-sdk-18.0.1\bin\api-ms-win-core-heap-l1-1-0.dll
0x0000022ddc9e0000 - 0x0000022ddc9e3000 	C:\Program Files\Java\javafx-sdk-18.0.1\bin\api-ms-win-core-interlocked-l1-1-0.dll
0x0000022ddc9f0000 - 0x0000022ddc9f3000 	C:\Program Files\Java\javafx-sdk-18.0.1\bin\api-ms-win-core-libraryloader-l1-1-0.dll
0x0000022ddca00000 - 0x0000022ddca03000 	C:\Program Files\Java\javafx-sdk-18.0.1\bin\api-ms-win-core-localization-l1-2-0.dll
0x0000022ddca10000 - 0x0000022ddca13000 	C:\Program Files\Java\javafx-sdk-18.0.1\bin\api-ms-win-core-memory-l1-1-0.dll
0x0000022ddca20000 - 0x0000022ddca23000 	C:\Program Files\Java\javafx-sdk-18.0.1\bin\api-ms-win-core-namedpipe-l1-1-0.dll
0x0000022ddca30000 - 0x0000022ddca33000 	C:\Program Files\Java\javafx-sdk-18.0.1\bin\api-ms-win-core-processenvironment-l1-1-0.dll
0x0000022ddca40000 - 0x0000022ddca43000 	C:\Program Files\Java\javafx-sdk-18.0.1\bin\api-ms-win-core-processthreads-l1-1-0.dll
0x0000022ddca50000 - 0x0000022ddca53000 	C:\Program Files\Java\javafx-sdk-18.0.1\bin\api-ms-win-core-processthreads-l1-1-1.dll
0x0000022ddca60000 - 0x0000022ddca63000 	C:\Program Files\Java\javafx-sdk-18.0.1\bin\api-ms-win-core-profile-l1-1-0.dll
0x0000022ddca70000 - 0x0000022ddca73000 	C:\Program Files\Java\javafx-sdk-18.0.1\bin\api-ms-win-core-rtlsupport-l1-1-0.dll
0x0000022ddca80000 - 0x0000022ddca83000 	C:\Program Files\Java\javafx-sdk-18.0.1\bin\api-ms-win-core-string-l1-1-0.dll
0x0000022ddca90000 - 0x0000022ddca93000 	C:\Program Files\Java\javafx-sdk-18.0.1\bin\api-ms-win-core-synch-l1-1-0.dll
0x0000022ddcaa0000 - 0x0000022ddcaa3000 	C:\Program Files\Java\javafx-sdk-18.0.1\bin\api-ms-win-core-synch-l1-2-0.dll
0x0000022ddcab0000 - 0x0000022ddcab3000 	C:\Program Files\Java\javafx-sdk-18.0.1\bin\api-ms-win-core-sysinfo-l1-1-0.dll
0x0000022ddcac0000 - 0x0000022ddcac3000 	C:\Program Files\Java\javafx-sdk-18.0.1\bin\api-ms-win-core-timezone-l1-1-0.dll
0x0000022ddcad0000 - 0x0000022ddcad3000 	C:\Program Files\Java\javafx-sdk-18.0.1\bin\api-ms-win-core-util-l1-1-0.dll
0x0000022ddcae0000 - 0x0000022ddcae3000 	C:\Program Files\Java\javafx-sdk-18.0.1\bin\api-ms-win-crt-conio-l1-1-0.dll
0x0000022ddcaf0000 - 0x0000022ddcaf4000 	C:\Program Files\Java\javafx-sdk-18.0.1\bin\api-ms-win-crt-convert-l1-1-0.dll
0x0000022ddcb00000 - 0x0000022ddcb03000 	C:\Program Files\Java\javafx-sdk-18.0.1\bin\api-ms-win-crt-environment-l1-1-0.dll
0x0000022ddcb10000 - 0x0000022ddcb13000 	C:\Program Files\Java\javafx-sdk-18.0.1\bin\api-ms-win-crt-filesystem-l1-1-0.dll
0x0000022ddcb20000 - 0x0000022ddcb23000 	C:\Program Files\Java\javafx-sdk-18.0.1\bin\api-ms-win-crt-heap-l1-1-0.dll
0x0000022ddcb30000 - 0x0000022ddcb33000 	C:\Program Files\Java\javafx-sdk-18.0.1\bin\api-ms-win-crt-locale-l1-1-0.dll
0x0000022ddcb40000 - 0x0000022ddcb45000 	C:\Program Files\Java\javafx-sdk-18.0.1\bin\api-ms-win-crt-math-l1-1-0.dll
0x0000022ddcb50000 - 0x0000022ddcb55000 	C:\Program Files\Java\javafx-sdk-18.0.1\bin\api-ms-win-crt-multibyte-l1-1-0.dll
0x0000022ddcb60000 - 0x0000022ddcb70000 	C:\Program Files\Java\javafx-sdk-18.0.1\bin\api-ms-win-crt-private-l1-1-0.dll
0x0000022ddcb70000 - 0x0000022ddcb73000 	C:\Program Files\Java\javafx-sdk-18.0.1\bin\api-ms-win-crt-process-l1-1-0.dll
0x0000022ddcb80000 - 0x0000022ddcb84000 	C:\Program Files\Java\javafx-sdk-18.0.1\bin\api-ms-win-crt-runtime-l1-1-0.dll
0x0000022ddcb90000 - 0x0000022ddcb94000 	C:\Program Files\Java\javafx-sdk-18.0.1\bin\api-ms-win-crt-stdio-l1-1-0.dll
0x0000022ddcba0000 - 0x0000022ddcba4000 	C:\Program Files\Java\javafx-sdk-18.0.1\bin\api-ms-win-crt-string-l1-1-0.dll
0x0000022ddcbb0000 - 0x0000022ddcbb3000 	C:\Program Files\Java\javafx-sdk-18.0.1\bin\api-ms-win-crt-time-l1-1-0.dll
0x0000022ddcbc0000 - 0x0000022ddcbc3000 	C:\Program Files\Java\javafx-sdk-18.0.1\bin\api-ms-win-crt-utility-l1-1-0.dll
0x00007ffebf610000 - 0x00007ffebf70c000 	C:\Program Files\Java\javafx-sdk-18.0.1\bin\ucrtbase.dll
0x00007ffedf7b0000 - 0x00007ffedf7ca000 	C:\Program Files\Java\javafx-sdk-18.0.1\bin\vcruntime140.dll
0x00007fff497e0000 - 0x00007fff497ec000 	C:\Program Files\Java\javafx-sdk-18.0.1\bin\vcruntime140_1.dll
0x00007ffec70b0000 - 0x00007ffec713d000 	C:\Program Files\Java\javafx-sdk-18.0.1\bin\msvcp140.dll
0x00007ffec6bc0000 - 0x00007ffec6bec000 	C:\Program Files\Java\javafx-sdk-18.0.1\bin\prism_d3d.dll
0x00007fff521e0000 - 0x00007fff52386000 	C:\Windows\system32\d3d9.dll
0x00007fff5ad70000 - 0x00007fff5ad9f000 	C:\Windows\SYSTEM32\dwmapi.dll
0x00007fff5a6a0000 - 0x00007fff5a6d8000 	C:\Windows\SYSTEM32\dxcore.dll
0x00007fff5a380000 - 0x00007fff5a42c000 	C:\Windows\system32\uxtheme.dll
0x00007fff532b0000 - 0x00007fff533b7000 	C:\Windows\System32\DriverStore\FileRepository\nvltig.inf_amd64_ce837e92efe9cbc4\nvldumdx.dll
0x00007fff5c9f0000 - 0x00007fff5ca02000 	C:\Windows\SYSTEM32\msasn1.dll
0x00007fff54980000 - 0x00007fff549b1000 	C:\Windows\SYSTEM32\cryptnet.dll
0x00007fff5d160000 - 0x00007fff5d2c2000 	C:\Windows\System32\CRYPT32.dll
0x00007fff52f50000 - 0x00007fff53099000 	C:\Windows\SYSTEM32\drvstore.dll
0x00007fff5ce50000 - 0x00007fff5ce7c000 	C:\Windows\SYSTEM32\devobj.dll
0x00007fff5ce00000 - 0x00007fff5ce4c000 	C:\Windows\SYSTEM32\cfgmgr32.dll
0x00007fff5ca60000 - 0x00007fff5ca9d000 	C:\Windows\SYSTEM32\wldp.dll
0x00007fff5c990000 - 0x00007fff5c99c000 	C:\Windows\SYSTEM32\cryptbase.dll
0x00007fff5d8b0000 - 0x00007fff5d917000 	C:\Windows\System32\WINTRUST.DLL
0x00007fff5eaf0000 - 0x00007fff5eb0f000 	C:\Windows\System32\imagehlp.dll
0x00007fff5c9a0000 - 0x00007fff5c9b8000 	C:\Windows\SYSTEM32\CRYPTSP.dll
0x00007fff5c280000 - 0x00007fff5c2b5000 	C:\Windows\system32\rsaenh.dll
0x00007fff5cb10000 - 0x00007fff5cb37000 	C:\Windows\SYSTEM32\bcrypt.dll
0x00007ffee0330000 - 0x00007ffee1ab8000 	C:\Windows\System32\DriverStore\FileRepository\nvltig.inf_amd64_ce837e92efe9cbc4\nvd3dumx.dll
0x00007fff56f80000 - 0x00007fff56fc4000 	C:\Windows\SYSTEM32\directxdatabasehelper.dll
0x00007fff5aa10000 - 0x00007fff5aa44000 	C:\Windows\SYSTEM32\ntmarta.dll
0x00007ffec5f50000 - 0x00007ffec5f92000 	C:\Program Files\Java\javafx-sdk-18.0.1\bin\glass.dll
0x00007fff5ed00000 - 0x00007fff5edec000 	C:\Windows\System32\COMDLG32.dll
0x00007fff5ef30000 - 0x00007fff5f0ca000 	C:\Windows\System32\ole32.dll
0x00007fff5f550000 - 0x00007fff5f626000 	C:\Windows\System32\OLEAUT32.dll
0x00007fff5dc10000 - 0x00007fff5dd2e000 	C:\Windows\System32\MSCTF.dll
0x00007ffee2240000 - 0x00007ffee2503000 	C:\Windows\system32\nvspcap64.dll
0x00007fff5c7e0000 - 0x00007fff5c804000 	C:\Windows\SYSTEM32\gpapi.dll
0x00007ffed75b0000 - 0x00007ffed75c4000 	C:\Program Files\Java\javafx-sdk-18.0.1\bin\javafx_font.dll
0x00007fff37e10000 - 0x00007fff3806f000 	C:\Windows\SYSTEM32\dwrite.dll
0x00007fff5ea40000 - 0x00007fff5eaef000 	C:\Windows\System32\clbcatq.dll
0x00007fff54af0000 - 0x00007fff54c9e000 	C:\Windows\SYSTEM32\WindowsCodecs.dll
0x00007fff36300000 - 0x00007fff3635d000 	C:\Windows\system32\dataexchange.dll
0x00007fff53ce0000 - 0x00007fff53f46000 	C:\Windows\system32\twinapi.appcore.dll
0x00007fff35fe0000 - 0x00007fff36012000 	C:\Program Files\Common Files\Microsoft Shared\Ink\rtscom.dll
0x00007fff3f140000 - 0x00007fff3f26d000 	C:\Windows\SYSTEM32\textinputframework.dll
0x00007fff59fa0000 - 0x00007fff5a0d2000 	C:\Windows\SYSTEM32\CoreMessaging.dll

dbghelp: loaded successfully - version: 4.0.5 - missing functions: none
symbol engine: initialized successfully - sym options: 0x614 - pdb path: .;C:\Program Files\Java\jdk-17.0.2\bin;C:\Windows\SYSTEM32;C:\Windows\WinSxS\amd64_microsoft.windows.common-controls_6595b64144ccf1df_6.0.22000.120_none_9d947278b86cc467;C:\Program Files\Java\jdk-17.0.2\bin\server;C:\Program Files\Java\javafx-sdk-18.0.1\bin;C:\Windows\System32\DriverStore\FileRepository\nvltig.inf_amd64_ce837e92efe9cbc4;C:\Program Files\Common Files\Microsoft Shared\Ink

VM Arguments:
jvm_args: -Dfile.encoding=UTF-8 --add-modules=javafx.controls,javafx.fxml --module-path=C:\Users\juanc\OneDrive\Documentos\Universidad 3\POO\SEATORA\build\classes;C:\Program Files\Java\javafx-sdk-18.0.1\lib\javafx-swt.jar;C:\Program Files\Java\javafx-sdk-18.0.1\lib\javafx.base.jar;C:\Program Files\Java\javafx-sdk-18.0.1\lib\javafx.controls.jar;C:\Program Files\Java\javafx-sdk-18.0.1\lib\javafx.fxml.jar;C:\Program Files\Java\javafx-sdk-18.0.1\lib\javafx.graphics.jar;C:\Program Files\Java\javafx-sdk-18.0.1\lib\javafx.media.jar;C:\Program Files\Java\javafx-sdk-18.0.1\lib\javafx.swing.jar;C:\Program Files\Java\javafx-sdk-18.0.1\lib\javafx.web.jar 
java_command: start.Seatora
java_class_path (initial): C:\Program Files\Java\javafx-sdk-18.0.1\lib\javafx-swt.jar;C:\Program Files\Java\javafx-sdk-18.0.1\lib\javafx.base.jar;C:\Program Files\Java\javafx-sdk-18.0.1\lib\javafx.controls.jar;C:\Program Files\Java\javafx-sdk-18.0.1\lib\javafx.fxml.jar;C:\Program Files\Java\javafx-sdk-18.0.1\lib\javafx.graphics.jar;C:\Program Files\Java\javafx-sdk-18.0.1\lib\javafx.media.jar;C:\Program Files\Java\javafx-sdk-18.0.1\lib\javafx.swing.jar;C:\Program Files\Java\javafx-sdk-18.0.1\lib\javafx.web.jar;C:\Users\juanc\OneDrive\Documentos\Universidad 3\POO\SEATORA\build\classes
Launcher Type: SUN_STANDARD

[Global flags]
     intx CICompilerCount                          = 12                                        {product} {ergonomic}
     uint ConcGCThreads                            = 3                                         {product} {ergonomic}
     uint G1ConcRefinementThreads                  = 13                                        {product} {ergonomic}
   size_t G1HeapRegionSize                         = 4194304                                   {product} {ergonomic}
    uintx GCDrainStackTargetSize                   = 64                                        {product} {ergonomic}
   size_t InitialHeapSize                          = 402653184                                 {product} {ergonomic}
   size_t MarkStackSize                            = 4194304                                   {product} {ergonomic}
   size_t MaxHeapSize                              = 6404702208                                {product} {ergonomic}
   size_t MaxNewSize                               = 3841982464                                {product} {ergonomic}
   size_t MinHeapDeltaBytes                        = 4194304                                   {product} {ergonomic}
   size_t MinHeapSize                              = 8388608                                   {product} {ergonomic}
    uintx NonNMethodCodeHeapSize                   = 7602480                                {pd product} {ergonomic}
    uintx NonProfiledCodeHeapSize                  = 122027880                              {pd product} {ergonomic}
    uintx ProfiledCodeHeapSize                     = 122027880                              {pd product} {ergonomic}
    uintx ReservedCodeCacheSize                    = 251658240                              {pd product} {ergonomic}
     bool SegmentedCodeCache                       = true                                      {product} {ergonomic}
   size_t SoftMaxHeapSize                          = 6404702208                             {manageable} {ergonomic}
     bool UseCompressedClassPointers               = true                           {product lp64_product} {ergonomic}
     bool UseCompressedOops                        = true                           {product lp64_product} {ergonomic}
     bool UseG1GC                                  = true                                      {product} {ergonomic}
     bool UseLargePagesIndividualAllocation        = false                                  {pd product} {ergonomic}

Logging:
Log output configuration:
 #0: stdout all=off uptime,level,tags
 #1: stderr all=off uptime,level,tags

Environment Variables:
PATH=C:\Program Files\Common Files\Oracle\Java\javapath;C:\Program Files (x86)\Common Files\Oracle\Java\javapath;C:\Windows\system32;C:\Windows;C:\Windows\System32\Wbem;C:\Windows\System32\WindowsPowerShell\v1.0\;C:\Windows\System32\OpenSSH\;C:\Program Files (x86)\NVIDIA Corporation\PhysX\Common;C:\Program Files\NVIDIA Corporation\NVIDIA NvDLISR;C:\Users\juanc\AppData\Local\Microsoft\WindowsApps;;C:\Users\juanc\AppData\Local\Programs\Microsoft VS Code\bin
USERNAME=juanc
OS=Windows_NT
PROCESSOR_IDENTIFIER=AMD64 Family 25 Model 80 Stepping 0, AuthenticAMD



---------------  S Y S T E M  ---------------

OS:
 Windows 11 , 64 bit Build 22000 (10.0.22000.675)
OS uptime: 0 days 7:32 hours

CPU: total 16 (initial active 16) (16 cores per cpu, 2 threads per core) family 25 model 80 stepping 0 microcode 0x0, cx8, cmov, fxsr, ht, mmx, 3dnowpref, sse, sse2, sse3, ssse3, sse4a, sse4.1, sse4.2, popcnt, lzcnt, tsc, tscinvbit, avx, avx2, aes, erms, clmul, bmi1, bmi2, adx, sha, fma, vzeroupper, clflush, clflushopt

Memory: 4k page, system-wide physical 24428M (12605M free)
TotalPageFile size 28012M (AvailPageFile size 9848M)
current process WorkingSet (physical memory assigned to process): 203M, peak: 266M
current process commit charge ("private bytes"): 665M, peak: 718M

vm_info: Java HotSpot(TM) 64-Bit Server VM (17.0.2+8-LTS-86) for windows-amd64 JRE (17.0.2+8-LTS-86), built on Dec  7 2021 21:51:03 by "mach5one" with MS VC++ 16.8 / 16.9 (VS2019)

END.
