#
# A fatal error has been detected by the Java Runtime Environment:
#
#  EXCEPTION_ACCESS_VIOLATION (0xc0000005) at pc=0x00007ffec5f762d7, pid=16908, tid=10028
#
# JRE version: Java(TM) SE Runtime Environment (17.0.2+8) (build 17.0.2+8-LTS-86)
# Java VM: Java HotSpot(TM) 64-Bit Server VM (17.0.2+8-LTS-86, mixed mode, sharing, tiered, compressed oops, compressed class ptrs, g1 gc, windows-amd64)
# Problematic frame:
# C  [glass.dll+0x262d7]
#
# No core dump will be written. Minidumps are not enabled by default on client versions of Windows
#
# If you would like to submit a bug report, please visit:
#   https://bugreport.java.com/bugreport/crash.jsp
#

---------------  S U M M A R Y ------------

Command Line: -Dfile.encoding=UTF-8 --add-modules=javafx.controls,javafx.fxml --module-path=C:\Users\juanc\OneDrive\Documentos\Universidad 3\POO\SEATORA\build\classes;C:\Program Files\Java\javafx-sdk-18.0.1\lib\javafx-swt.jar;C:\Program Files\Java\javafx-sdk-18.0.1\lib\javafx.base.jar;C:\Program Files\Java\javafx-sdk-18.0.1\lib\javafx.controls.jar;C:\Program Files\Java\javafx-sdk-18.0.1\lib\javafx.fxml.jar;C:\Program Files\Java\javafx-sdk-18.0.1\lib\javafx.graphics.jar;C:\Program Files\Java\javafx-sdk-18.0.1\lib\javafx.media.jar;C:\Program Files\Java\javafx-sdk-18.0.1\lib\javafx.swing.jar;C:\Program Files\Java\javafx-sdk-18.0.1\lib\javafx.web.jar start.Seatora

Host: AMD Ryzen 7 5800H with Radeon Graphics         , 16 cores, 23G,  Windows 11 , 64 bit Build 22000 (10.0.22000.675)
Time: Wed May 25 14:19:53 2022 Hora est. Pacífico, Sudamérica elapsed time: 23.372327 seconds (0d 0h 0m 23s)

---------------  T H R E A D  ---------------

Current thread (0x0000017ff6e6e090):  VMThread "VM Thread" [stack: 0x0000002495000000,0x0000002495100000] [id=10028]

Stack: [0x0000002495000000,0x0000002495100000],  sp=0x00000024950fef30,  free space=1019k
Native frames: (J=compiled Java code, j=interpreted, Vv=VM code, C=native code)
C  [glass.dll+0x262d7]


siginfo: EXCEPTION_ACCESS_VIOLATION (0xc0000005), reading address 0x0000000000000000


Register to memory mapping:

RIP=0x00007ffec5f762d7 glass.dll
RAX=0x0 is NULL
RBX=0x0000017ff6e80c50 is a global jni handle
RCX=0x0000017ff6e6e090 points into unknown readable memory: 0x00007ffec878e890 | 90 e8 78 c8 fe 7f 00 00
RDX=0x00000024950fef30 points into unknown readable memory: 0x0000000000000000 | 00 00 00 00 00 00 00 00
RSP=0x00000024950fef30 points into unknown readable memory: 0x0000000000000000 | 00 00 00 00 00 00 00 00
RBP=0x0000017ff887d598 points into unknown readable memory: 0x000017440b2a6c22 | 22 6c 2a 0b 44 17 00 00
RSI=0x0000017ff887d570 points into unknown readable memory: 0x17dccc340b2b93d9 | d9 93 2b 0b 34 cc dc 17
RDI=0x000017440b2a6c22 is an unknown value
R8 =0x0000000000010002 is an unknown value
R9 =0x000017440b2a6c22 is an unknown value
R10=0x85f13e9656da4870 is an unknown value
R11=0x00000024950feec0 points into unknown readable memory: 0x0000017ff887d570 | 70 d5 87 f8 7f 01 00 00
R12=0x00007ffec5f73bc4 glass.dll
R13=0x00007ffec89349d0 jvm.dll
R14=0x00000024950ff038 points into unknown readable memory: 0x00000024950ff020 | 20 f0 0f 95 24 00 00 00
R15=0x0000017ff887d570 points into unknown readable memory: 0x17dccc340b2b93d9 | d9 93 2b 0b 34 cc dc 17


Registers:
RAX=0x0000000000000000, RBX=0x0000017ff6e80c50, RCX=0x0000017ff6e6e090, RDX=0x00000024950fef30
RSP=0x00000024950fef30, RBP=0x0000017ff887d598, RSI=0x0000017ff887d570, RDI=0x000017440b2a6c22
R8 =0x0000000000010002, R9 =0x000017440b2a6c22, R10=0x85f13e9656da4870, R11=0x00000024950feec0
R12=0x00007ffec5f73bc4, R13=0x00007ffec89349d0, R14=0x00000024950ff038, R15=0x0000017ff887d570
RIP=0x00007ffec5f762d7, EFLAGS=0x0000000000010206

Top of Stack: (sp=0x00000024950fef30)
0x00000024950fef30:   0000000000000000 0000017ff887d570
0x00000024950fef40:   00007ffec89349d0 00007ffec5f73bc4
0x00000024950fef50:   0000017ff887d578 00007fff5d93bea0
0x00000024950fef60:   000017440b2a6c22 0000017f00000000
0x00000024950fef70:   0000017ff887d598 0000017ff887d570
0x00000024950fef80:   fffffffffffffffe 0000000000000000
0x00000024950fef90:   0000000000000001 00007ffec5f50000
0x00000024950fefa0:   00000024950ff028 00007fff5d93bdb7
0x00000024950fefb0:   0000000000000000 00000024950ff038
0x00000024950fefc0:   00000024950ff310 00007fff5da212b0
0x00000024950fefd0:   0000000000000001 00007fff5d93bd6d
0x00000024950fefe0:   0000000000000000 0000000000000001
0x00000024950feff0:   0000000000000000 00000024950ff028
0x00000024950ff000:   fffffffffffffffe 0000002400000000
0x00000024950ff010:   ffffffff00000001 00007ffec5f73a51
0x00000024950ff020:   00007ffec5f89f88 00007ffe00000002 

Instructions: (pc=0x00007ffec5f762d7)
0x00007ffec5f761d7:   8b 4d 58 e8 2d cf ff ff 48 8b 4d 60 e8 24 cf ff
0x00007ffec5f761e7:   ff 48 8b 95 80 00 00 00 48 8b 8d 18 01 00 00 e8
0x00007ffec5f761f7:   16 c4 ff ff 33 d2 33 c9 e8 5c e1 ff ff 90 48 89
0x00007ffec5f76207:   54 24 10 55 48 83 ec 20 48 8b ea 48 b8 00 00 00
0x00007ffec5f76217:   00 00 00 00 00 48 83 c4 20 5d c3 cc 40 55 48 8b
0x00007ffec5f76227:   ea 48 8b 01 33 c9 81 38 05 00 00 c0 0f 94 c1 8b
0x00007ffec5f76237:   c1 5d c3 cc 40 55 48 83 ec 20 48 8b ea 8a 4d 40
0x00007ffec5f76247:   48 83 c4 20 5d e9 17 d3 ff ff cc 40 55 48 83 ec
0x00007ffec5f76257:   20 48 8b ea 8a 4d 20 e8 05 d3 ff ff 90 48 83 c4
0x00007ffec5f76267:   20 5d c3 cc 40 55 48 83 ec 20 48 8b ea 48 83 c4
0x00007ffec5f76277:   20 5d e9 66 d1 ff ff cc 40 55 48 83 ec 30 48 8b
0x00007ffec5f76287:   ea 48 8b 01 8b 10 48 89 4c 24 28 89 54 24 20 4c
0x00007ffec5f76297:   8d 0d 07 d6 ff ff 4c 8b 45 70 8b 55 68 48 8b 4d
0x00007ffec5f762a7:   60 e8 a7 d0 ff ff 90 48 83 c4 30 5d c3 cc cc cc
0x00007ffec5f762b7:   cc cc cc cc cc cc cc cc cc 40 53 48 83 ec 20 48
0x00007ffec5f762c7:   8b 1d bb 36 01 00 48 85 db 74 16 e8 59 8b ff ff
0x00007ffec5f762d7:   4c 8b 00 48 8b d3 48 8b c8 41 ff 90 b0 00 00 00
0x00007ffec5f762e7:   90 48 83 c4 20 5b c3 cc cc 40 53 48 83 ec 20 48
0x00007ffec5f762f7:   8b 1d 2b 38 01 00 48 85 db 74 57 b8 ff ff ff ff
0x00007ffec5f76307:   f0 0f c1 43 10 83 f8 01 75 3d 48 85 db 74 38 48
0x00007ffec5f76317:   8b 0b 48 85 c9 74 0d ff 15 84 0f 00 00 48 c7 03
0x00007ffec5f76327:   00 00 00 00 48 8b 4b 08 48 85 c9 74 0d e8 d3 cd
0x00007ffec5f76337:   ff ff 48 c7 43 08 00 00 00 00 ba 18 00 00 00 48
0x00007ffec5f76347:   8b cb e8 be cd ff ff 48 c7 05 cf 37 01 00 00 00
0x00007ffec5f76357:   00 00 48 83 c4 20 5b c3 cc 40 53 48 83 ec 20 48
0x00007ffec5f76367:   8b 1d 9b 37 01 00 48 85 db 74 57 b8 ff ff ff ff
0x00007ffec5f76377:   f0 0f c1 43 10 83 f8 01 75 3d 48 85 db 74 38 48
0x00007ffec5f76387:   8b 0b 48 85 c9 74 0d ff 15 14 0f 00 00 48 c7 03
0x00007ffec5f76397:   00 00 00 00 48 8b 4b 08 48 85 c9 74 0d e8 63 cd
0x00007ffec5f763a7:   ff ff 48 c7 43 08 00 00 00 00 ba 18 00 00 00 48
0x00007ffec5f763b7:   8b cb e8 4e cd ff ff 48 c7 05 3f 37 01 00 00 00
0x00007ffec5f763c7:   00 00 48 83 c4 20 5b c3 cc 40 53 48 83 ec 20 48 


Stack slot to memory mapping:
stack at sp + 0 slots: 0x0 is NULL
stack at sp + 1 slots: 0x0000017ff887d570 points into unknown readable memory: 0x17dccc340b2b93d9 | d9 93 2b 0b 34 cc dc 17
stack at sp + 2 slots: 0x00007ffec89349d0 jvm.dll
stack at sp + 3 slots: 0x00007ffec5f73bc4 glass.dll
stack at sp + 4 slots: 0x0000017ff887d578 points into unknown readable memory: 0x000017440b2a6c22 | 22 6c 2a 0b 44 17 00 00
stack at sp + 5 slots: 0x00007fff5d93bea0 ucrtbase.dll
stack at sp + 6 slots: 0x000017440b2a6c22 is an unknown value
stack at sp + 7 slots: 0x0000017f00000000 is an unknown value

VM_Operation (0x00000024969f6070): Exit, mode: safepoint, requested by thread 0x0000017ff883aed0


---------------  P R O C E S S  ---------------

Threads class SMR info:
_java_thread_list=0x0000017ff7aa0e60, length=21, elements={
0x0000017fcea8dfe0, 0x0000017ff6e71a90, 0x0000017ff6e74b10, 0x0000017ff6e86a60,
0x0000017ff6e87410, 0x0000017ff6e87dc0, 0x0000017ff6e88770, 0x0000017ff6e89500,
0x0000017ff6e954b0, 0x0000017ff6e98ec0, 0x0000017ff6e5dcb0, 0x0000017ff89b37a0,
0x0000017ff8674530, 0x0000017ff887f660, 0x0000017ff883aed0, 0x0000017ff8b78d00,
0x0000017ff8c9fe40, 0x0000017f81d87000, 0x0000017f84177140, 0x0000017f8455b110,
0x0000017f8455c550
}

Java Threads: ( => current thread )
  0x0000017fcea8dfe0 JavaThread "main" [_thread_blocked, id=10936, stack(0x0000002494a00000,0x0000002494b00000)]
  0x0000017ff6e71a90 JavaThread "Reference Handler" daemon [_thread_blocked, id=4204, stack(0x0000002495100000,0x0000002495200000)]
  0x0000017ff6e74b10 JavaThread "Finalizer" daemon [_thread_blocked, id=13140, stack(0x0000002495200000,0x0000002495300000)]
  0x0000017ff6e86a60 JavaThread "Signal Dispatcher" daemon [_thread_blocked, id=12760, stack(0x0000002495300000,0x0000002495400000)]
  0x0000017ff6e87410 JavaThread "Attach Listener" daemon [_thread_blocked, id=19232, stack(0x0000002495400000,0x0000002495500000)]
  0x0000017ff6e87dc0 JavaThread "Service Thread" daemon [_thread_blocked, id=3272, stack(0x0000002495500000,0x0000002495600000)]
  0x0000017ff6e88770 JavaThread "Monitor Deflation Thread" daemon [_thread_blocked, id=17192, stack(0x0000002495600000,0x0000002495700000)]
  0x0000017ff6e89500 JavaThread "C2 CompilerThread0" daemon [_thread_blocked, id=11488, stack(0x0000002495700000,0x0000002495800000)]
  0x0000017ff6e954b0 JavaThread "C1 CompilerThread0" daemon [_thread_blocked, id=16104, stack(0x0000002495800000,0x0000002495900000)]
  0x0000017ff6e98ec0 JavaThread "Sweeper thread" daemon [_thread_blocked, id=19344, stack(0x0000002495900000,0x0000002495a00000)]
  0x0000017ff6e5dcb0 JavaThread "Common-Cleaner" daemon [_thread_blocked, id=18808, stack(0x0000002495b00000,0x0000002495c00000)]
  0x0000017ff89b37a0 JavaThread "Notification Thread" daemon [_thread_blocked, id=19716, stack(0x0000002496400000,0x0000002496500000)]
  0x0000017ff8674530 JavaThread "QuantumRenderer-0" daemon [_thread_blocked, id=10244, stack(0x0000002496600000,0x0000002496700000)]
  0x0000017ff887f660 JavaThread "InvokeLaterDispatcher" daemon [_thread_blocked, id=12896, stack(0x0000002496800000,0x0000002496900000)]
  0x0000017ff883aed0 JavaThread "JavaFX Application Thread" [_thread_blocked, id=13860, stack(0x0000002496900000,0x0000002496a00000)]
  0x0000017ff8b78d00 JavaThread "JavaFX-Launcher" [_thread_blocked, id=15768, stack(0x0000002496b00000,0x0000002496c00000)]
  0x0000017ff8c9fe40 JavaThread "Thread-2" daemon [_thread_in_native, id=3852, stack(0x0000002496300000,0x0000002496400000)]
  0x0000017f81d87000 JavaThread "Prism Font Disposer" daemon [_thread_blocked, id=19664, stack(0x0000002497400000,0x0000002497500000)]
  0x0000017f84177140 JavaThread "Cleaner-0" daemon [_thread_blocked, id=9308, stack(0x0000002497830000,0x0000002497930000)]
  0x0000017f8455b110 JavaThread "C1 CompilerThread1" daemon [_thread_blocked, id=20436, stack(0x0000002495a00000,0x0000002495b00000)]
  0x0000017f8455c550 JavaThread "C1 CompilerThread2" daemon [_thread_blocked, id=19864, stack(0x0000002495c00000,0x0000002495d00000)]

Other Threads:
=>0x0000017ff6e6e090 VMThread "VM Thread" [stack: 0x0000002495000000,0x0000002495100000] [id=10028]
  0x0000017fceaefce0 GCTaskThread "GC Thread#0" [stack: 0x0000002494b00000,0x0000002494c00000] [id=10340]
  0x0000017ff8bacd60 GCTaskThread "GC Thread#1" [stack: 0x0000002496c00000,0x0000002496d00000] [id=10328]
  0x0000017ff8c3d6b0 GCTaskThread "GC Thread#2" [stack: 0x0000002496d00000,0x0000002496e00000] [id=19756]
  0x0000017ff8ca1030 GCTaskThread "GC Thread#3" [stack: 0x0000002496e00000,0x0000002496f00000] [id=12104]
  0x0000017ff8c51df0 GCTaskThread "GC Thread#4" [stack: 0x0000002496f00000,0x0000002497000000] [id=8172]
  0x0000017ff8b791d0 GCTaskThread "GC Thread#5" [stack: 0x0000002497000000,0x0000002497100000] [id=5800]
  0x0000017ff8bc1890 GCTaskThread "GC Thread#6" [stack: 0x0000002497100000,0x0000002497200000] [id=11260]
  0x0000017ff8c10280 GCTaskThread "GC Thread#7" [stack: 0x0000002497200000,0x0000002497300000] [id=18180]
  0x0000017ff8ba3550 GCTaskThread "GC Thread#8" [stack: 0x0000002497300000,0x0000002497400000] [id=18192]
  0x0000017ff8d7d4e0 GCTaskThread "GC Thread#9" [stack: 0x0000002495e00000,0x0000002495f00000] [id=10208]
  0x0000017fceafc9f0 ConcurrentGCThread "G1 Main Marker" terminated
  0x0000017fceafdaa0 ConcurrentGCThread "G1 Conc#0" [stack: 0x0000002494d00000,0x0000002494e00000] [id=18876]
  0x0000017ff6d28500 ConcurrentGCThread "G1 Refine#0" terminated
  0x0000017ff6d28bd0 ConcurrentGCThread "G1 Service" terminated

Threads with active compile tasks:

VM state: at safepoint (shutting down)

VM Mutex/Monitor currently owned by a thread:  ([mutex/lock_event])
[0x0000017fcea89820] Threads_lock - owner thread: 0x0000017ff6e6e090
[0x0000017fcea8afc0] Heap_lock - owner thread: 0x0000017ff883aed0

Heap address: 0x0000000682400000, size: 6108 MB, Compressed Oops mode: Zero based, Oop shift amount: 3

CDS archive(s) mapped at: [0x0000000800000000-0x0000000800bc0000-0x0000000800bc0000), size 12320768, SharedBaseAddress: 0x0000000800000000, ArchiveRelocationMode: 0.
Compressed class space mapped at: 0x0000000800c00000-0x0000000840c00000, reserved size: 1073741824
Narrow klass base: 0x0000000800000000, Narrow klass shift: 0, Narrow klass range: 0x100000000

GC Precious Log:
 CPUs: 16 total, 16 available
 Memory: 24428M
 Large Page Support: Disabled
 NUMA Support: Disabled
 Compressed Oops: Enabled (Zero based)
 Heap Region Size: 4M
 Heap Min Capacity: 8M
 Heap Initial Capacity: 384M
 Heap Max Capacity: 6108M
 Pre-touch: Disabled
 Parallel Workers: 13
 Concurrent Workers: 3
 Concurrent Refinement Workers: 13
 Periodic GC: Disabled

Heap:
 garbage-first heap   total 393216K, used 73898K [0x0000000682400000, 0x0000000800000000)
  region size 4096K, 15 young (61440K), 2 survivors (8192K)
 Metaspace       used 18588K, committed 18880K, reserved 1064960K
  class space    used 2653K, committed 2816K, reserved 1048576K

Heap Regions: E=young(eden), S=young(survivor), O=old, HS=humongous(starts), HC=humongous(continues), CS=collection set, F=free, OA=open archive, CA=closed archive, TAMS=top-at-mark-start (previous, next)
|   0|0x0000000682400000, 0x0000000682800000, 0x0000000682800000|100%|HS|  |TAMS 0x0000000682400000, 0x0000000682400000| Complete 
|   1|0x0000000682800000, 0x0000000682c00000, 0x0000000682c00000|100%|HS|  |TAMS 0x0000000682800000, 0x0000000682800000| Complete 
|   2|0x0000000682c00000, 0x0000000682c2aa00, 0x0000000683000000|  4%| O|  |TAMS 0x0000000682c00000, 0x0000000682c00000| Untracked 
|   3|0x0000000683000000, 0x0000000683400000, 0x0000000683400000|100%|HS|  |TAMS 0x0000000683000000, 0x0000000683000000| Complete 
|   4|0x0000000683400000, 0x0000000683800000, 0x0000000683800000|100%|HS|  |TAMS 0x0000000683400000, 0x0000000683400000| Complete 
|   5|0x0000000683800000, 0x0000000683800000, 0x0000000683c00000|  0%| F|  |TAMS 0x0000000683800000, 0x0000000683800000| Untracked 
|   6|0x0000000683c00000, 0x0000000683c00000, 0x0000000684000000|  0%| F|  |TAMS 0x0000000683c00000, 0x0000000683c00000| Untracked 
|   7|0x0000000684000000, 0x0000000684000000, 0x0000000684400000|  0%| F|  |TAMS 0x0000000684000000, 0x0000000684000000| Untracked 
|   8|0x0000000684400000, 0x0000000684400000, 0x0000000684800000|  0%| F|  |TAMS 0x0000000684400000, 0x0000000684400000| Untracked 
|   9|0x0000000684800000, 0x0000000684800000, 0x0000000684c00000|  0%| F|  |TAMS 0x0000000684800000, 0x0000000684800000| Untracked 
|  10|0x0000000684c00000, 0x0000000684c00000, 0x0000000685000000|  0%| F|  |TAMS 0x0000000684c00000, 0x0000000684c00000| Untracked 
|  11|0x0000000685000000, 0x0000000685000000, 0x0000000685400000|  0%| F|  |TAMS 0x0000000685000000, 0x0000000685000000| Untracked 
|  12|0x0000000685400000, 0x0000000685400000, 0x0000000685800000|  0%| F|  |TAMS 0x0000000685400000, 0x0000000685400000| Untracked 
|  13|0x0000000685800000, 0x0000000685800000, 0x0000000685c00000|  0%| F|  |TAMS 0x0000000685800000, 0x0000000685800000| Untracked 
|  14|0x0000000685c00000, 0x0000000685c00000, 0x0000000686000000|  0%| F|  |TAMS 0x0000000685c00000, 0x0000000685c00000| Untracked 
|  15|0x0000000686000000, 0x0000000686000000, 0x0000000686400000|  0%| F|  |TAMS 0x0000000686000000, 0x0000000686000000| Untracked 
|  16|0x0000000686400000, 0x0000000686400000, 0x0000000686800000|  0%| F|  |TAMS 0x0000000686400000, 0x0000000686400000| Untracked 
|  17|0x0000000686800000, 0x0000000686800000, 0x0000000686c00000|  0%| F|  |TAMS 0x0000000686800000, 0x0000000686800000| Untracked 
|  18|0x0000000686c00000, 0x0000000686c00000, 0x0000000687000000|  0%| F|  |TAMS 0x0000000686c00000, 0x0000000686c00000| Untracked 
|  19|0x0000000687000000, 0x0000000687000000, 0x0000000687400000|  0%| F|  |TAMS 0x0000000687000000, 0x0000000687000000| Untracked 
|  20|0x0000000687400000, 0x0000000687400000, 0x0000000687800000|  0%| F|  |TAMS 0x0000000687400000, 0x0000000687400000| Untracked 
|  21|0x0000000687800000, 0x0000000687800000, 0x0000000687c00000|  0%| F|  |TAMS 0x0000000687800000, 0x0000000687800000| Untracked 
|  22|0x0000000687c00000, 0x0000000687c00000, 0x0000000688000000|  0%| F|  |TAMS 0x0000000687c00000, 0x0000000687c00000| Untracked 
|  23|0x0000000688000000, 0x0000000688000000, 0x0000000688400000|  0%| F|  |TAMS 0x0000000688000000, 0x0000000688000000| Untracked 
|  24|0x0000000688400000, 0x0000000688400000, 0x0000000688800000|  0%| F|  |TAMS 0x0000000688400000, 0x0000000688400000| Untracked 
|  25|0x0000000688800000, 0x0000000688800000, 0x0000000688c00000|  0%| F|  |TAMS 0x0000000688800000, 0x0000000688800000| Untracked 
|  26|0x0000000688c00000, 0x0000000688c00000, 0x0000000689000000|  0%| F|  |TAMS 0x0000000688c00000, 0x0000000688c00000| Untracked 
|  27|0x0000000689000000, 0x0000000689000000, 0x0000000689400000|  0%| F|  |TAMS 0x0000000689000000, 0x0000000689000000| Untracked 
|  28|0x0000000689400000, 0x0000000689400000, 0x0000000689800000|  0%| F|  |TAMS 0x0000000689400000, 0x0000000689400000| Untracked 
|  29|0x0000000689800000, 0x0000000689800000, 0x0000000689c00000|  0%| F|  |TAMS 0x0000000689800000, 0x0000000689800000| Untracked 
|  30|0x0000000689c00000, 0x0000000689c00000, 0x000000068a000000|  0%| F|  |TAMS 0x0000000689c00000, 0x0000000689c00000| Untracked 
|  31|0x000000068a000000, 0x000000068a000000, 0x000000068a400000|  0%| F|  |TAMS 0x000000068a000000, 0x000000068a000000| Untracked 
|  32|0x000000068a400000, 0x000000068a400000, 0x000000068a800000|  0%| F|  |TAMS 0x000000068a400000, 0x000000068a400000| Untracked 
|  33|0x000000068a800000, 0x000000068a800000, 0x000000068ac00000|  0%| F|  |TAMS 0x000000068a800000, 0x000000068a800000| Untracked 
|  34|0x000000068ac00000, 0x000000068ac00000, 0x000000068b000000|  0%| F|  |TAMS 0x000000068ac00000, 0x000000068ac00000| Untracked 
|  35|0x000000068b000000, 0x000000068b000000, 0x000000068b400000|  0%| F|  |TAMS 0x000000068b000000, 0x000000068b000000| Untracked 
|  36|0x000000068b400000, 0x000000068b400000, 0x000000068b800000|  0%| F|  |TAMS 0x000000068b400000, 0x000000068b400000| Untracked 
|  37|0x000000068b800000, 0x000000068b800000, 0x000000068bc00000|  0%| F|  |TAMS 0x000000068b800000, 0x000000068b800000| Untracked 
|  38|0x000000068bc00000, 0x000000068bc00000, 0x000000068c000000|  0%| F|  |TAMS 0x000000068bc00000, 0x000000068bc00000| Untracked 
|  39|0x000000068c000000, 0x000000068c000000, 0x000000068c400000|  0%| F|  |TAMS 0x000000068c000000, 0x000000068c000000| Untracked 
|  40|0x000000068c400000, 0x000000068c400000, 0x000000068c800000|  0%| F|  |TAMS 0x000000068c400000, 0x000000068c400000| Untracked 
|  41|0x000000068c800000, 0x000000068c800000, 0x000000068cc00000|  0%| F|  |TAMS 0x000000068c800000, 0x000000068c800000| Untracked 
|  42|0x000000068cc00000, 0x000000068cc00000, 0x000000068d000000|  0%| F|  |TAMS 0x000000068cc00000, 0x000000068cc00000| Untracked 
|  43|0x000000068d000000, 0x000000068d000000, 0x000000068d400000|  0%| F|  |TAMS 0x000000068d000000, 0x000000068d000000| Untracked 
|  44|0x000000068d400000, 0x000000068d400000, 0x000000068d800000|  0%| F|  |TAMS 0x000000068d400000, 0x000000068d400000| Untracked 
|  45|0x000000068d800000, 0x000000068d800000, 0x000000068dc00000|  0%| F|  |TAMS 0x000000068d800000, 0x000000068d800000| Untracked 
|  46|0x000000068dc00000, 0x000000068dc00000, 0x000000068e000000|  0%| F|  |TAMS 0x000000068dc00000, 0x000000068dc00000| Untracked 
|  47|0x000000068e000000, 0x000000068e000000, 0x000000068e400000|  0%| F|  |TAMS 0x000000068e000000, 0x000000068e000000| Untracked 
|  48|0x000000068e400000, 0x000000068e400000, 0x000000068e800000|  0%| F|  |TAMS 0x000000068e400000, 0x000000068e400000| Untracked 
|  49|0x000000068e800000, 0x000000068e800000, 0x000000068ec00000|  0%| F|  |TAMS 0x000000068e800000, 0x000000068e800000| Untracked 
|  50|0x000000068ec00000, 0x000000068ec00000, 0x000000068f000000|  0%| F|  |TAMS 0x000000068ec00000, 0x000000068ec00000| Untracked 
|  51|0x000000068f000000, 0x000000068f000000, 0x000000068f400000|  0%| F|  |TAMS 0x000000068f000000, 0x000000068f000000| Untracked 
|  52|0x000000068f400000, 0x000000068f400000, 0x000000068f800000|  0%| F|  |TAMS 0x000000068f400000, 0x000000068f400000| Untracked 
|  53|0x000000068f800000, 0x000000068f800000, 0x000000068fc00000|  0%| F|  |TAMS 0x000000068f800000, 0x000000068f800000| Untracked 
|  54|0x000000068fc00000, 0x000000068fc00000, 0x0000000690000000|  0%| F|  |TAMS 0x000000068fc00000, 0x000000068fc00000| Untracked 
|  55|0x0000000690000000, 0x0000000690000000, 0x0000000690400000|  0%| F|  |TAMS 0x0000000690000000, 0x0000000690000000| Untracked 
|  56|0x0000000690400000, 0x0000000690400000, 0x0000000690800000|  0%| F|  |TAMS 0x0000000690400000, 0x0000000690400000| Untracked 
|  57|0x0000000690800000, 0x0000000690800000, 0x0000000690c00000|  0%| F|  |TAMS 0x0000000690800000, 0x0000000690800000| Untracked 
|  58|0x0000000690c00000, 0x0000000690c00000, 0x0000000691000000|  0%| F|  |TAMS 0x0000000690c00000, 0x0000000690c00000| Untracked 
|  59|0x0000000691000000, 0x0000000691000000, 0x0000000691400000|  0%| F|  |TAMS 0x0000000691000000, 0x0000000691000000| Untracked 
|  60|0x0000000691400000, 0x0000000691400000, 0x0000000691800000|  0%| F|  |TAMS 0x0000000691400000, 0x0000000691400000| Untracked 
|  61|0x0000000691800000, 0x0000000691800000, 0x0000000691c00000|  0%| F|  |TAMS 0x0000000691800000, 0x0000000691800000| Untracked 
|  62|0x0000000691c00000, 0x0000000691c00000, 0x0000000692000000|  0%| F|  |TAMS 0x0000000691c00000, 0x0000000691c00000| Untracked 
|  63|0x0000000692000000, 0x0000000692000000, 0x0000000692400000|  0%| F|  |TAMS 0x0000000692000000, 0x0000000692000000| Untracked 
|  64|0x0000000692400000, 0x0000000692400000, 0x0000000692800000|  0%| F|  |TAMS 0x0000000692400000, 0x0000000692400000| Untracked 
|  65|0x0000000692800000, 0x0000000692800000, 0x0000000692c00000|  0%| F|  |TAMS 0x0000000692800000, 0x0000000692800000| Untracked 
|  66|0x0000000692c00000, 0x0000000692c00000, 0x0000000693000000|  0%| F|  |TAMS 0x0000000692c00000, 0x0000000692c00000| Untracked 
|  67|0x0000000693000000, 0x0000000693000000, 0x0000000693400000|  0%| F|  |TAMS 0x0000000693000000, 0x0000000693000000| Untracked 
|  68|0x0000000693400000, 0x0000000693400000, 0x0000000693800000|  0%| F|  |TAMS 0x0000000693400000, 0x0000000693400000| Untracked 
|  69|0x0000000693800000, 0x0000000693800000, 0x0000000693c00000|  0%| F|  |TAMS 0x0000000693800000, 0x0000000693800000| Untracked 
|  70|0x0000000693c00000, 0x0000000693c00000, 0x0000000694000000|  0%| F|  |TAMS 0x0000000693c00000, 0x0000000693c00000| Untracked 
|  71|0x0000000694000000, 0x0000000694000000, 0x0000000694400000|  0%| F|  |TAMS 0x0000000694000000, 0x0000000694000000| Untracked 
|  72|0x0000000694400000, 0x0000000694400000, 0x0000000694800000|  0%| F|  |TAMS 0x0000000694400000, 0x0000000694400000| Untracked 
|  73|0x0000000694800000, 0x0000000694800000, 0x0000000694c00000|  0%| F|  |TAMS 0x0000000694800000, 0x0000000694800000| Untracked 
|  74|0x0000000694c00000, 0x0000000694c00000, 0x0000000695000000|  0%| F|  |TAMS 0x0000000694c00000, 0x0000000694c00000| Untracked 
|  75|0x0000000695000000, 0x0000000695000000, 0x0000000695400000|  0%| F|  |TAMS 0x0000000695000000, 0x0000000695000000| Untracked 
|  76|0x0000000695400000, 0x0000000695400000, 0x0000000695800000|  0%| F|  |TAMS 0x0000000695400000, 0x0000000695400000| Untracked 
|  77|0x0000000695800000, 0x0000000695800000, 0x0000000695c00000|  0%| F|  |TAMS 0x0000000695800000, 0x0000000695800000| Untracked 
|  78|0x0000000695c00000, 0x0000000695c00000, 0x0000000696000000|  0%| F|  |TAMS 0x0000000695c00000, 0x0000000695c00000| Untracked 
|  79|0x0000000696000000, 0x0000000696000000, 0x0000000696400000|  0%| F|  |TAMS 0x0000000696000000, 0x0000000696000000| Untracked 
|  80|0x0000000696400000, 0x0000000696400000, 0x0000000696800000|  0%| F|  |TAMS 0x0000000696400000, 0x0000000696400000| Untracked 
|  81|0x0000000696800000, 0x000000069689e7e8, 0x0000000696c00000| 15%| E|  |TAMS 0x0000000696800000, 0x0000000696800000| Complete 
|  82|0x0000000696c00000, 0x0000000697000000, 0x0000000697000000|100%| E|CS|TAMS 0x0000000696c00000, 0x0000000696c00000| Complete 
|  83|0x0000000697000000, 0x0000000697400000, 0x0000000697400000|100%| S|CS|TAMS 0x0000000697000000, 0x0000000697000000| Complete 
|  84|0x0000000697400000, 0x0000000697800000, 0x0000000697800000|100%| S|CS|TAMS 0x0000000697400000, 0x0000000697400000| Complete 
|  85|0x0000000697800000, 0x0000000697c00000, 0x0000000697c00000|100%| E|CS|TAMS 0x0000000697800000, 0x0000000697800000| Complete 
|  86|0x0000000697c00000, 0x0000000698000000, 0x0000000698000000|100%| E|CS|TAMS 0x0000000697c00000, 0x0000000697c00000| Complete 
|  87|0x0000000698000000, 0x0000000698400000, 0x0000000698400000|100%| E|CS|TAMS 0x0000000698000000, 0x0000000698000000| Complete 
|  88|0x0000000698400000, 0x0000000698800000, 0x0000000698800000|100%| E|CS|TAMS 0x0000000698400000, 0x0000000698400000| Complete 
|  89|0x0000000698800000, 0x0000000698c00000, 0x0000000698c00000|100%| E|CS|TAMS 0x0000000698800000, 0x0000000698800000| Complete 
|  90|0x0000000698c00000, 0x0000000699000000, 0x0000000699000000|100%| E|CS|TAMS 0x0000000698c00000, 0x0000000698c00000| Complete 
|  91|0x0000000699000000, 0x0000000699400000, 0x0000000699400000|100%| E|CS|TAMS 0x0000000699000000, 0x0000000699000000| Complete 
|  92|0x0000000699400000, 0x0000000699800000, 0x0000000699800000|100%| E|CS|TAMS 0x0000000699400000, 0x0000000699400000| Complete 
|  93|0x0000000699800000, 0x0000000699c00000, 0x0000000699c00000|100%| E|CS|TAMS 0x0000000699800000, 0x0000000699800000| Complete 
|  94|0x0000000699c00000, 0x000000069a000000, 0x000000069a000000|100%| E|CS|TAMS 0x0000000699c00000, 0x0000000699c00000| Complete 
|  95|0x000000069a000000, 0x000000069a400000, 0x000000069a400000|100%| E|CS|TAMS 0x000000069a000000, 0x000000069a000000| Complete 

Card table byte_map: [0x0000017fe6760000,0x0000017fe7350000] _byte_map_base: 0x0000017fe334e000

Marking Bits (Prev, Next): (CMBitMap*) 0x0000017fceaf01f0, (CMBitMap*) 0x0000017fceaf0230
 Prev Bits: [0x0000017fe7f40000, 0x0000017fedeb0000)
 Next Bits: [0x0000017fedeb0000, 0x0000017ff3e20000)

Polling page: 0x0000017fce270000

Metaspace:

Usage:
  Non-class:     15.56 MB used.
      Class:      2.59 MB used.
       Both:     18.15 MB used.

Virtual space:
  Non-class space:       16.00 MB reserved,      15.69 MB ( 98%) committed,  2 nodes.
      Class space:        1.00 GB reserved,       2.75 MB ( <1%) committed,  1 nodes.
             Both:        1.02 GB reserved,      18.44 MB (  2%) committed. 

Chunk freelists:
   Non-Class:  0 bytes
       Class:  1.17 MB
        Both:  1.17 MB

MaxMetaspaceSize: unlimited
CompressedClassSpaceSize: 1.00 GB
Initial GC threshold: 21.00 MB
Current GC threshold: 21.00 MB
CDS: on
MetaspaceReclaimPolicy: balanced
 - commit_granule_bytes: 65536.
 - commit_granule_words: 8192.
 - virtual_space_node_default_size: 1048576.
 - enlarge_chunks_in_place: 1.
 - new_chunks_are_fully_committed: 0.
 - uncommit_free_chunks: 1.
 - use_allocation_guard: 0.
 - handle_deallocations: 1.


Internal statistics:

num_allocs_failed_limit: 0.
num_arena_births: 228.
num_arena_deaths: 0.
num_vsnodes_births: 3.
num_vsnodes_deaths: 0.
num_space_committed: 295.
num_space_uncommitted: 0.
num_chunks_returned_to_freelist: 0.
num_chunks_taken_from_freelist: 876.
num_chunk_merges: 0.
num_chunk_splits: 617.
num_chunks_enlarged: 492.
num_purges: 0.
num_inconsistent_stats: 0.

CodeHeap 'non-profiled nmethods': size=119168Kb used=2430Kb max_used=2430Kb free=116738Kb
 bounds [0x0000017fdde90000, 0x0000017fde100000, 0x0000017fe52f0000]
CodeHeap 'profiled nmethods': size=119104Kb used=10421Kb max_used=10421Kb free=108682Kb
 bounds [0x0000017fd6a40000, 0x0000017fd7470000, 0x0000017fdde90000]
CodeHeap 'non-nmethods': size=7488Kb used=2559Kb max_used=3194Kb free=4928Kb
 bounds [0x0000017fd62f0000, 0x0000017fd6610000, 0x0000017fd6a40000]
 total_blobs=5510 nmethods=4716 adapters=704
 compilation: enabled
              stopped_count=0, restarted_count=0
 full_count=0

Compilation events (20 events):
Event: 22.801 Thread 0x0000017f8455c550 4709   !   3       javafx.scene.CssStyleHelper::transitionToState (1031 bytes)
Event: 22.801 Thread 0x0000017ff6e954b0 4710       3       java.security.AccessControlContext::optimize (319 bytes)
Event: 22.801 Thread 0x0000017f8455b110 4711       1       com.sun.prism.PresentableState::getWindow (5 bytes)
Event: 22.801 Thread 0x0000017f8455b110 nmethod 4711 0x0000017fde0ee090 code [0x0000017fde0ee220, 0x0000017fde0ee2f8]
Event: 22.801 Thread 0x0000017f8455b110 4712       1       com.sun.prism.PresentableState::getView (5 bytes)
Event: 22.801 Thread 0x0000017f8455b110 nmethod 4712 0x0000017fde0ee390 code [0x0000017fde0ee520, 0x0000017fde0ee5f8]
Event: 22.801 Thread 0x0000017f8455b110 4713       1       com.sun.prism.PresentableState::isViewClosed (5 bytes)
Event: 22.801 Thread 0x0000017f8455b110 nmethod 4713 0x0000017fde0ee690 code [0x0000017fde0ee820, 0x0000017fde0ee8f8]
Event: 22.801 Thread 0x0000017f8455b110 4714       1       com.sun.prism.PresentableState::getRenderScaleX (5 bytes)
Event: 22.801 Thread 0x0000017f8455b110 nmethod 4714 0x0000017fde0ee990 code [0x0000017fde0eeb20, 0x0000017fde0eebf8]
Event: 22.801 Thread 0x0000017f8455b110 4715       1       com.sun.prism.PresentableState::getRenderScaleY (5 bytes)
Event: 22.801 Thread 0x0000017f8455b110 nmethod 4715 0x0000017fde0eec90 code [0x0000017fde0eee20, 0x0000017fde0eeef8]
Event: 22.801 Thread 0x0000017f8455b110 4716       1       com.sun.prism.impl.BaseGraphics::setHasPreCullingBits (6 bytes)
Event: 22.801 Thread 0x0000017f8455b110 nmethod 4716 0x0000017fde0eef90 code [0x0000017fde0ef120, 0x0000017fde0ef1f8]
Event: 22.802 Thread 0x0000017ff6e954b0 nmethod 4710 0x0000017fd7461590 code [0x0000017fd7461900, 0x0000017fd7462f18]
Event: 22.804 Thread 0x0000017f8455c550 nmethod 4709 0x0000017fd7463590 code [0x0000017fd7463e80, 0x0000017fd7469ce8]
Event: 23.039 Thread 0x0000017f8455c550 4717       3       javafx.scene.Node::setFocused (23 bytes)
Event: 23.040 Thread 0x0000017f8455c550 nmethod 4717 0x0000017fd746c810 code [0x0000017fd746ca20, 0x0000017fd746d2f8]
Event: 23.040 Thread 0x0000017ff6e89500 4718       4       com.sun.javafx.logging.PlatformLogger::isLoggable (27 bytes)
Event: 23.042 Thread 0x0000017ff6e89500 nmethod 4718 0x0000017fde0ef290 code [0x0000017fde0ef420, 0x0000017fde0ef5f8]

GC Heap History (4 events):
Event: 0.304 GC heap before
{Heap before GC invocations=0 (full 0):
 garbage-first heap   total 393216K, used 16384K [0x0000000682400000, 0x0000000800000000)
  region size 4096K, 5 young (20480K), 0 survivors (0K)
 Metaspace       used 4524K, committed 4672K, reserved 1056768K
  class space    used 515K, committed 576K, reserved 1048576K
}
Event: 0.305 GC heap after
{Heap after GC invocations=1 (full 0):
 garbage-first heap   total 393216K, used 2794K [0x0000000682400000, 0x0000000800000000)
  region size 4096K, 1 young (4096K), 1 survivors (4096K)
 Metaspace       used 4524K, committed 4672K, reserved 1056768K
  class space    used 515K, committed 576K, reserved 1048576K
}
Event: 1.522 GC heap before
{Heap before GC invocations=1 (full 0):
 garbage-first heap   total 393216K, used 51946K [0x0000000682400000, 0x0000000800000000)
  region size 4096K, 11 young (45056K), 1 survivors (4096K)
 Metaspace       used 14215K, committed 14400K, reserved 1064960K
  class space    used 2107K, committed 2176K, reserved 1048576K
}
Event: 1.526 GC heap after
{Heap after GC invocations=2 (full 0):
 garbage-first heap   total 393216K, used 16554K [0x0000000682400000, 0x0000000800000000)
  region size 4096K, 2 young (8192K), 2 survivors (8192K)
 Metaspace       used 14215K, committed 14400K, reserved 1064960K
  class space    used 2107K, committed 2176K, reserved 1048576K
}

Deoptimization events (20 events):
Event: 20.916 Thread 0x0000017ff883aed0 Uncommon trap: trap_request=0xffffff45 fr.pc=0x0000017fde0c9eb8 relative=0x000000000000ab98
Event: 20.916 Thread 0x0000017ff883aed0 Uncommon trap: reason=unstable_if action=reinterpret pc=0x0000017fde0c9eb8 method=javafx.scene.CssStyleHelper.transitionToState(Ljavafx/scene/Node;)V @ 4 c2
Event: 20.916 Thread 0x0000017ff883aed0 DEOPT PACKING pc=0x0000017fde0c9eb8 sp=0x00000024969f8980
Event: 20.916 Thread 0x0000017ff883aed0 DEOPT UNPACKING pc=0x0000017fd63423a3 sp=0x00000024969f88f0 mode 2
Event: 20.916 Thread 0x0000017ff883aed0 Uncommon trap: trap_request=0xffffffc6 fr.pc=0x0000017fde01dbf8 relative=0x0000000000002058
Event: 20.916 Thread 0x0000017ff883aed0 Uncommon trap: reason=bimorphic_or_optimized_type_check action=maybe_recompile pc=0x0000017fde01dbf8 method=javafx.css.CompoundSelector.stateMatches(Ljavafx/css/Styleable;Ljava/util/Set;I)Z @ 160 c2
Event: 20.916 Thread 0x0000017ff883aed0 DEOPT PACKING pc=0x0000017fde01dbf8 sp=0x00000024969f85b0
Event: 20.916 Thread 0x0000017ff883aed0 DEOPT UNPACKING pc=0x0000017fd63423a3 sp=0x00000024969f8558 mode 2
Event: 20.916 Thread 0x0000017ff883aed0 Uncommon trap: trap_request=0xffffffc6 fr.pc=0x0000017fde01dbf8 relative=0x0000000000002058
Event: 20.916 Thread 0x0000017ff883aed0 Uncommon trap: reason=bimorphic_or_optimized_type_check action=maybe_recompile pc=0x0000017fde01dbf8 method=javafx.css.CompoundSelector.stateMatches(Ljavafx/css/Styleable;Ljava/util/Set;I)Z @ 160 c2
Event: 20.916 Thread 0x0000017ff883aed0 DEOPT PACKING pc=0x0000017fde01dbf8 sp=0x00000024969f85b0
Event: 20.916 Thread 0x0000017ff883aed0 DEOPT UNPACKING pc=0x0000017fd63423a3 sp=0x00000024969f8558 mode 2
Event: 20.916 Thread 0x0000017ff883aed0 Uncommon trap: trap_request=0xffffffc6 fr.pc=0x0000017fde01dbf8 relative=0x0000000000002058
Event: 20.916 Thread 0x0000017ff883aed0 Uncommon trap: reason=bimorphic_or_optimized_type_check action=maybe_recompile pc=0x0000017fde01dbf8 method=javafx.css.CompoundSelector.stateMatches(Ljavafx/css/Styleable;Ljava/util/Set;I)Z @ 160 c2
Event: 20.916 Thread 0x0000017ff883aed0 DEOPT PACKING pc=0x0000017fde01dbf8 sp=0x00000024969f85b0
Event: 20.916 Thread 0x0000017ff883aed0 DEOPT UNPACKING pc=0x0000017fd63423a3 sp=0x00000024969f8558 mode 2
Event: 20.916 Thread 0x0000017ff883aed0 Uncommon trap: trap_request=0xffffffc6 fr.pc=0x0000017fde01dbf8 relative=0x0000000000002058
Event: 20.916 Thread 0x0000017ff883aed0 Uncommon trap: reason=bimorphic_or_optimized_type_check action=maybe_recompile pc=0x0000017fde01dbf8 method=javafx.css.CompoundSelector.stateMatches(Ljavafx/css/Styleable;Ljava/util/Set;I)Z @ 160 c2
Event: 20.916 Thread 0x0000017ff883aed0 DEOPT PACKING pc=0x0000017fde01dbf8 sp=0x00000024969f85b0
Event: 20.916 Thread 0x0000017ff883aed0 DEOPT UNPACKING pc=0x0000017fd63423a3 sp=0x00000024969f8558 mode 2

Classes unloaded (0 events):
No events

Classes redefined (0 events):
No events

Internal exceptions (20 events):
Event: 0.570 Thread 0x0000017ff883aed0 Exception <a 'java/lang/NoSuchMethodError'{0x0000000698aae648}: 'void java.lang.invoke.DirectMethodHandle$Holder.invokeSpecial(java.lang.Object, java.lang.Object, java.lang.Object, java.lang.Object, java.lang.Object)'> (0x0000000698aae648) 
thrown [t:\workspace\open\src\hotspot\share\interpreter\linkResolver.cpp, line 766]
Event: 0.572 Thread 0x0000017ff883aed0 Exception <a 'java/lang/NoSuchMethodError'{0x0000000698ac33a8}: 'java.lang.Object java.lang.invoke.DirectMethodHandle$Holder.invokeInterface(java.lang.Object, java.lang.Object, java.lang.Object)'> (0x0000000698ac33a8) 
thrown [t:\workspace\open\src\hotspot\share\interpreter\linkResolver.cpp, line 766]
Event: 0.572 Thread 0x0000017ff883aed0 Exception <a 'java/lang/IncompatibleClassChangeError'{0x0000000698ac6d30}: Found class java.lang.Object, but interface was expected> (0x0000000698ac6d30) 
thrown [t:\workspace\open\src\hotspot\share\interpreter\linkResolver.cpp, line 833]
Event: 0.610 Thread 0x0000017ff883aed0 Exception <a 'java/lang/NoSuchMethodError'{0x00000006984b65e8}: 'java.lang.Object java.lang.invoke.DirectMethodHandle$Holder.newInvokeSpecial(java.lang.Object, java.lang.Object, int)'> (0x00000006984b65e8) 
thrown [t:\workspace\open\src\hotspot\share\interpreter\linkResolver.cpp, line 766]
Event: 0.625 Thread 0x0000017ff8674530 Exception <a 'java/lang/NoSuchMethodError'{0x00000006985d6f88}: 'int java.lang.invoke.DirectMethodHandle$Holder.invokeStaticInit(java.lang.Object, java.lang.Object)'> (0x00000006985d6f88) 
thrown [t:\workspace\open\src\hotspot\share\interpreter\linkResolver.cpp, line 766]
Event: 1.345 Thread 0x0000017ff883aed0 Exception <a 'java/lang/NoSuchMethodError'{0x00000006982d9c48}: 'long java.lang.invoke.DirectMethodHandle$Holder.invokeStatic(java.lang.Object, java.lang.Object, java.lang.Object)'> (0x00000006982d9c48) 
thrown [t:\workspace\open\src\hotspot\share\interpreter\linkResolver.cpp, line 766]
Event: 1.346 Thread 0x0000017ff883aed0 Exception <a 'java/lang/NoSuchMethodError'{0x00000006982dd3f0}: 'long java.lang.invoke.DirectMethodHandle$Holder.invokeStaticInit(java.lang.Object, java.lang.Object, java.lang.Object)'> (0x00000006982dd3f0) 
thrown [t:\workspace\open\src\hotspot\share\interpreter\linkResolver.cpp, line 766]
Event: 1.347 Thread 0x0000017ff883aed0 Exception <a 'java/lang/NoSuchMethodError'{0x00000006982f4ff8}: 'java.lang.Object java.lang.invoke.DirectMethodHandle$Holder.newInvokeSpecial(java.lang.Object, java.lang.Object, long)'> (0x00000006982f4ff8) 
thrown [t:\workspace\open\src\hotspot\share\interpreter\linkResolver.cpp, line 766]
Event: 1.347 Thread 0x0000017ff883aed0 Exception <a 'java/lang/NoSuchMethodError'{0x00000006982f8b68}: 'java.lang.Object java.lang.invoke.Invokers$Holder.linkToTargetMethod(java.lang.Object, long, java.lang.Object)'> (0x00000006982f8b68) 
thrown [t:\workspace\open\src\hotspot\share\interpreter\linkResolver.cpp, line 766]
Event: 1.471 Thread 0x0000017ff883aed0 Exception <a 'java/lang/ClassNotFoundException'{0x0000000697ec6560}: com/sun/javafx/scene/control/skin/resources/controls> (0x0000000697ec6560) 
thrown [t:\workspace\open\src\hotspot\share\prims\jni.cpp, line 535]
Event: 1.472 Thread 0x0000017ff883aed0 Exception <a 'java/lang/ClassNotFoundException'{0x0000000697ed4a48}: com/sun/javafx/scene/control/skin/resources/controls_es> (0x0000000697ed4a48) 
thrown [t:\workspace\open\src\hotspot\share\prims\jni.cpp, line 535]
Event: 1.472 Thread 0x0000017ff883aed0 Exception <a 'java/lang/ClassNotFoundException'{0x0000000697ee29a0}: com/sun/javafx/scene/control/skin/resources/controls_es_CO> (0x0000000697ee29a0) 
thrown [t:\workspace\open\src\hotspot\share\prims\jni.cpp, line 535]
Event: 2.699 Thread 0x0000017ff883aed0 Exception <a 'java/lang/NoSuchMethodError'{0x000000069945e148}: 'void java.lang.invoke.DirectMethodHandle$Holder.invokeSpecial(java.lang.Object, java.lang.Object, java.lang.Object, java.lang.Object, java.lang.Object, java.lang.Object)'> (0x000000069945e148) 
thrown [t:\workspace\open\src\hotspot\share\interpreter\linkResolver.cpp, line 766]
Event: 2.722 Thread 0x0000017ff883aed0 Exception <a 'java/lang/NoSuchMethodError'{0x0000000699081d10}: 'void java.lang.invoke.DirectMethodHandle$Holder.invokeSpecialIFC(java.lang.Object, java.lang.Object, java.lang.Object, java.lang.Object)'> (0x0000000699081d10) 
thrown [t:\workspace\open\src\hotspot\share\interpreter\linkResolver.cpp, line 766]
Event: 2.731 Thread 0x0000017ff883aed0 Exception <a 'java/lang/NoSuchMethodError'{0x0000000699194a28}: 'int java.lang.invoke.DirectMethodHandle$Holder.invokeSpecial(java.lang.Object, java.lang.Object, int)'> (0x0000000699194a28) 
thrown [t:\workspace\open\src\hotspot\share\interpreter\linkResolver.cpp, line 766]
Event: 6.218 Thread 0x0000017ff8674530 Exception <a 'java/lang/NoSuchMethodError'{0x0000000699cf42f0}: 'java.lang.Object java.lang.invoke.DirectMethodHandle$Holder.invokeStaticInit(java.lang.Object, int)'> (0x0000000699cf42f0) 
thrown [t:\workspace\open\src\hotspot\share\interpreter\linkResolver.cpp, line 766]
Event: 10.196 Thread 0x0000017ff883aed0 Exception <a 'java/lang/NoSuchMethodError'{0x000000069889a760}: 'java.lang.Object java.lang.invoke.DirectMethodHandle$Holder.newInvokeSpecial(java.lang.Object, java.lang.Object, int, int, int, int, int, java.lang.Object)'> (0x000000069889a760) 
thrown [t:\workspace\open\src\hotspot\share\interpreter\linkResolver.cpp, line 766]
Event: 10.197 Thread 0x0000017ff883aed0 Exception <a 'java/lang/NoSuchMethodError'{0x00000006988ae1e0}: 'java.lang.Object java.lang.invoke.DirectMethodHandle$Holder.newInvokeSpecial(java.lang.Object, java.lang.Object, java.lang.Object, int, int, int, int, int)'> (0x00000006988ae1e0) 
thrown [t:\workspace\open\src\hotspot\share\interpreter\linkResolver.cpp, line 766]
Event: 10.198 Thread 0x0000017ff883aed0 Exception <a 'java/lang/NoSuchMethodError'{0x00000006988b64e0}: 'java.lang.Object java.lang.invoke.Invokers$Holder.linkToTargetMethod(java.lang.Object, java.lang.Object, int, int, int, int, int, java.lang.Object)'> (0x00000006988b64e0) 
thrown [t:\workspace\open\src\hotspot\share\interpreter\linkResolver.cpp, line 766]
Event: 20.916 Thread 0x0000017ff883aed0 Implicit null exception at 0x0000017fde0bf356 to 0x0000017fde0c9e9c

VM Operations (20 events):
Event: 10.339 Executing VM operation: Cleanup done
Event: 12.339 Executing VM operation: Cleanup
Event: 12.339 Executing VM operation: Cleanup done
Event: 14.339 Executing VM operation: Cleanup
Event: 14.339 Executing VM operation: Cleanup done
Event: 15.135 Executing VM operation: HandshakeAllThreads
Event: 15.135 Executing VM operation: HandshakeAllThreads done
Event: 16.074 Executing VM operation: HandshakeAllThreads
Event: 16.074 Executing VM operation: HandshakeAllThreads done
Event: 16.074 Executing VM operation: Cleanup
Event: 16.074 Executing VM operation: Cleanup done
Event: 16.133 Executing VM operation: ICBufferFull
Event: 16.133 Executing VM operation: ICBufferFull done
Event: 17.133 Executing VM operation: Cleanup
Event: 17.133 Executing VM operation: Cleanup done
Event: 20.134 Executing VM operation: Cleanup
Event: 20.134 Executing VM operation: Cleanup done
Event: 22.134 Executing VM operation: Cleanup
Event: 22.134 Executing VM operation: Cleanup done
Event: 23.047 Executing VM operation: Exit

Events (20 events):
Event: 13.353 Thread 0x0000017f84558da0 Thread added: 0x0000017f84558da0
Event: 13.564 Thread 0x0000017f84558da0 Thread exited: 0x0000017f84558da0
Event: 13.893 Thread 0x0000017f84558890 Thread exited: 0x0000017f84558890
Event: 14.476 Thread 0x0000017ff79a3a00 Thread exited: 0x0000017ff79a3a00
Event: 14.604 Thread 0x0000017ff79a3440 Thread exited: 0x0000017ff79a3440
Event: 14.604 Thread 0x0000017ff6eab4a0 Thread exited: 0x0000017ff6eab4a0
Event: 16.078 Thread 0x0000017f8455b110 Thread added: 0x0000017f8455b110
Event: 16.078 Thread 0x0000017f8455c550 Thread added: 0x0000017f8455c550
Event: 16.082 Thread 0x0000017f8455b620 Thread added: 0x0000017f8455b620
Event: 16.088 Thread 0x0000017f8455bb30 Thread added: 0x0000017f8455bb30
Event: 16.099 Thread 0x0000017f8455e3b0 Thread added: 0x0000017f8455e3b0
Event: 16.123 Thread 0x0000017f8455e8c0 Thread added: 0x0000017f8455e8c0
Event: 16.932 Thread 0x0000017f8455e8c0 Thread exited: 0x0000017f8455e8c0
Event: 19.806 Thread 0x0000017f8455e3b0 Thread exited: 0x0000017f8455e3b0
Event: 19.806 Thread 0x0000017f8455b620 Thread exited: 0x0000017f8455b620
Event: 21.938 Thread 0x0000017f8455bb30 Thread exited: 0x0000017f8455bb30
Event: 23.046 Thread 0x0000017f841767a0 Thread added: 0x0000017f841767a0
Event: 23.046 Thread 0x0000017f84177ae0 Thread added: 0x0000017f84177ae0
Event: 23.046 Thread 0x0000017f841767a0 Thread exited: 0x0000017f841767a0
Event: 23.046 Thread 0x0000017f84177ae0 Thread exited: 0x0000017f84177ae0


Dynamic libraries:
0x00007ff74bcd0000 - 0x00007ff74bce0000 	C:\Program Files\Java\jdk-17.0.2\bin\java.exe
0x00007fff5fc40000 - 0x00007fff5fe49000 	C:\Windows\SYSTEM32\ntdll.dll
0x00007fff5ee00000 - 0x00007fff5eebd000 	C:\Windows\System32\KERNEL32.DLL
0x00007fff5d3f0000 - 0x00007fff5d769000 	C:\Windows\System32\KERNELBASE.dll
0x00007fff5d920000 - 0x00007fff5da31000 	C:\Windows\System32\ucrtbase.dll
0x00007fff59390000 - 0x00007fff593aa000 	C:\Program Files\Java\jdk-17.0.2\bin\VCRUNTIME140.dll
0x00007fff2ee80000 - 0x00007fff2ee98000 	C:\Program Files\Java\jdk-17.0.2\bin\jli.dll
0x00007fff5ec50000 - 0x00007fff5ecfe000 	C:\Windows\System32\ADVAPI32.dll
0x00007fff5eb10000 - 0x00007fff5ebb3000 	C:\Windows\System32\msvcrt.dll
0x00007fff5dd90000 - 0x00007fff5de2e000 	C:\Windows\System32\sechost.dll
0x00007fff5fa30000 - 0x00007fff5fb50000 	C:\Windows\System32\RPCRT4.dll
0x00007fff5de30000 - 0x00007fff5dfdc000 	C:\Windows\System32\USER32.dll
0x00007fff4b610000 - 0x00007fff4b8b5000 	C:\Windows\WinSxS\amd64_microsoft.windows.common-controls_6595b64144ccf1df_6.0.22000.120_none_9d947278b86cc467\COMCTL32.dll
0x00007fff5d130000 - 0x00007fff5d156000 	C:\Windows\System32\win32u.dll
0x00007fff5ea10000 - 0x00007fff5ea39000 	C:\Windows\System32\GDI32.dll
0x00007fff5d2d0000 - 0x00007fff5d3e2000 	C:\Windows\System32\gdi32full.dll
0x00007fff5da40000 - 0x00007fff5dadd000 	C:\Windows\System32\msvcp_win.dll
0x00007fff54ae0000 - 0x00007fff54aea000 	C:\Windows\SYSTEM32\VERSION.dll
0x00007fff5fbc0000 - 0x00007fff5fbf1000 	C:\Windows\System32\IMM32.DLL
0x00007fff59380000 - 0x00007fff5938c000 	C:\Program Files\Java\jdk-17.0.2\bin\vcruntime140_1.dll
0x00007fff49810000 - 0x00007fff4989d000 	C:\Program Files\Java\jdk-17.0.2\bin\msvcp140.dll
0x00007ffec7e10000 - 0x00007ffec89d1000 	C:\Program Files\Java\jdk-17.0.2\bin\server\jvm.dll
0x00007fff5f540000 - 0x00007fff5f548000 	C:\Windows\System32\PSAPI.DLL
0x00007fff59680000 - 0x00007fff59689000 	C:\Windows\SYSTEM32\WSOCK32.dll
0x00007fff55c20000 - 0x00007fff55c53000 	C:\Windows\SYSTEM32\WINMM.dll
0x00007fff5eec0000 - 0x00007fff5ef2f000 	C:\Windows\System32\WS2_32.dll
0x00007fff5c320000 - 0x00007fff5c338000 	C:\Windows\SYSTEM32\kernel.appcore.dll
0x00007fff592c0000 - 0x00007fff592ca000 	C:\Program Files\Java\jdk-17.0.2\bin\jimage.dll
0x00007fff5a7c0000 - 0x00007fff5a9e1000 	C:\Windows\SYSTEM32\DBGHELP.DLL
0x00007fff44ba0000 - 0x00007fff44bd1000 	C:\Windows\SYSTEM32\dbgcore.DLL
0x00007fff5d770000 - 0x00007fff5d7ef000 	C:\Windows\System32\bcryptPrimitives.dll
0x00007fff59310000 - 0x00007fff59335000 	C:\Program Files\Java\jdk-17.0.2\bin\java.dll
0x00007fff498a0000 - 0x00007fff49976000 	C:\Program Files\Java\jdk-17.0.2\bin\jsvml.dll
0x00007fff5e260000 - 0x00007fff5ea0f000 	C:\Windows\System32\SHELL32.dll
0x00007fff5b2b0000 - 0x00007fff5bb18000 	C:\Windows\SYSTEM32\windows.storage.dll
0x00007fff5f6b0000 - 0x00007fff5fa28000 	C:\Windows\System32\combase.dll
0x00007fff5b140000 - 0x00007fff5b2a6000 	C:\Windows\SYSTEM32\wintypes.dll
0x00007fff5dae0000 - 0x00007fff5dbca000 	C:\Windows\System32\SHCORE.dll
0x00007fff5dfe0000 - 0x00007fff5e03d000 	C:\Windows\System32\shlwapi.dll
0x00007fff5d060000 - 0x00007fff5d081000 	C:\Windows\SYSTEM32\profapi.dll
0x00007fff49fc0000 - 0x00007fff49fd9000 	C:\Program Files\Java\jdk-17.0.2\bin\net.dll
0x00007fff57820000 - 0x00007fff5792c000 	C:\Windows\SYSTEM32\WINHTTP.dll
0x00007fff5c750000 - 0x00007fff5c7b7000 	C:\Windows\system32\mswsock.dll
0x00007fff49fa0000 - 0x00007fff49fb6000 	C:\Program Files\Java\jdk-17.0.2\bin\nio.dll
0x00007fff49f80000 - 0x00007fff49f98000 	C:\Program Files\Java\jdk-17.0.2\bin\zip.dll
0x0000017fce9f0000 - 0x0000017fce9f3000 	C:\Program Files\Java\javafx-sdk-18.0.1\bin\api-ms-win-core-console-l1-1-0.dll
0x0000017fcea00000 - 0x0000017fcea03000 	C:\Program Files\Java\javafx-sdk-18.0.1\bin\api-ms-win-core-console-l1-2-0.dll
0x0000017fcea10000 - 0x0000017fcea13000 	C:\Program Files\Java\javafx-sdk-18.0.1\bin\api-ms-win-core-datetime-l1-1-0.dll
0x0000017fcea20000 - 0x0000017fcea23000 	C:\Program Files\Java\javafx-sdk-18.0.1\bin\api-ms-win-core-debug-l1-1-0.dll
0x0000017fcea30000 - 0x0000017fcea33000 	C:\Program Files\Java\javafx-sdk-18.0.1\bin\api-ms-win-core-errorhandling-l1-1-0.dll
0x0000017fcea40000 - 0x0000017fcea44000 	C:\Program Files\Java\javafx-sdk-18.0.1\bin\api-ms-win-core-file-l1-1-0.dll
0x0000017fcea50000 - 0x0000017fcea53000 	C:\Program Files\Java\javafx-sdk-18.0.1\bin\api-ms-win-core-file-l1-2-0.dll
0x0000017fcea60000 - 0x0000017fcea63000 	C:\Program Files\Java\javafx-sdk-18.0.1\bin\api-ms-win-core-file-l2-1-0.dll
0x0000017ff6fe0000 - 0x0000017ff6fe3000 	C:\Program Files\Java\javafx-sdk-18.0.1\bin\api-ms-win-core-handle-l1-1-0.dll
0x0000017ff6ff0000 - 0x0000017ff6ff3000 	C:\Program Files\Java\javafx-sdk-18.0.1\bin\api-ms-win-core-heap-l1-1-0.dll
0x0000017ff93d0000 - 0x0000017ff93d3000 	C:\Program Files\Java\javafx-sdk-18.0.1\bin\api-ms-win-core-interlocked-l1-1-0.dll
0x0000017ff93e0000 - 0x0000017ff93e3000 	C:\Program Files\Java\javafx-sdk-18.0.1\bin\api-ms-win-core-libraryloader-l1-1-0.dll
0x0000017ff93f0000 - 0x0000017ff93f3000 	C:\Program Files\Java\javafx-sdk-18.0.1\bin\api-ms-win-core-localization-l1-2-0.dll
0x0000017ff9400000 - 0x0000017ff9403000 	C:\Program Files\Java\javafx-sdk-18.0.1\bin\api-ms-win-core-memory-l1-1-0.dll
0x0000017ff9410000 - 0x0000017ff9413000 	C:\Program Files\Java\javafx-sdk-18.0.1\bin\api-ms-win-core-namedpipe-l1-1-0.dll
0x0000017ff9420000 - 0x0000017ff9423000 	C:\Program Files\Java\javafx-sdk-18.0.1\bin\api-ms-win-core-processenvironment-l1-1-0.dll
0x0000017ff9430000 - 0x0000017ff9433000 	C:\Program Files\Java\javafx-sdk-18.0.1\bin\api-ms-win-core-processthreads-l1-1-0.dll
0x0000017ff9440000 - 0x0000017ff9443000 	C:\Program Files\Java\javafx-sdk-18.0.1\bin\api-ms-win-core-processthreads-l1-1-1.dll
0x0000017ff9450000 - 0x0000017ff9453000 	C:\Program Files\Java\javafx-sdk-18.0.1\bin\api-ms-win-core-profile-l1-1-0.dll
0x0000017ff9460000 - 0x0000017ff9463000 	C:\Program Files\Java\javafx-sdk-18.0.1\bin\api-ms-win-core-rtlsupport-l1-1-0.dll
0x0000017ff9470000 - 0x0000017ff9473000 	C:\Program Files\Java\javafx-sdk-18.0.1\bin\api-ms-win-core-string-l1-1-0.dll
0x0000017ff9480000 - 0x0000017ff9483000 	C:\Program Files\Java\javafx-sdk-18.0.1\bin\api-ms-win-core-synch-l1-1-0.dll
0x0000017ff9490000 - 0x0000017ff9493000 	C:\Program Files\Java\javafx-sdk-18.0.1\bin\api-ms-win-core-synch-l1-2-0.dll
0x0000017ff94a0000 - 0x0000017ff94a3000 	C:\Program Files\Java\javafx-sdk-18.0.1\bin\api-ms-win-core-sysinfo-l1-1-0.dll
0x0000017ff94b0000 - 0x0000017ff94b3000 	C:\Program Files\Java\javafx-sdk-18.0.1\bin\api-ms-win-core-timezone-l1-1-0.dll
0x0000017ff94c0000 - 0x0000017ff94c3000 	C:\Program Files\Java\javafx-sdk-18.0.1\bin\api-ms-win-core-util-l1-1-0.dll
0x0000017ff94d0000 - 0x0000017ff94d3000 	C:\Program Files\Java\javafx-sdk-18.0.1\bin\api-ms-win-crt-conio-l1-1-0.dll
0x0000017ff94e0000 - 0x0000017ff94e4000 	C:\Program Files\Java\javafx-sdk-18.0.1\bin\api-ms-win-crt-convert-l1-1-0.dll
0x0000017ff94f0000 - 0x0000017ff94f3000 	C:\Program Files\Java\javafx-sdk-18.0.1\bin\api-ms-win-crt-environment-l1-1-0.dll
0x0000017ff9500000 - 0x0000017ff9503000 	C:\Program Files\Java\javafx-sdk-18.0.1\bin\api-ms-win-crt-filesystem-l1-1-0.dll
0x0000017ff9510000 - 0x0000017ff9513000 	C:\Program Files\Java\javafx-sdk-18.0.1\bin\api-ms-win-crt-heap-l1-1-0.dll
0x0000017ff9520000 - 0x0000017ff9523000 	C:\Program Files\Java\javafx-sdk-18.0.1\bin\api-ms-win-crt-locale-l1-1-0.dll
0x0000017ff9530000 - 0x0000017ff9535000 	C:\Program Files\Java\javafx-sdk-18.0.1\bin\api-ms-win-crt-math-l1-1-0.dll
0x0000017ff9540000 - 0x0000017ff9545000 	C:\Program Files\Java\javafx-sdk-18.0.1\bin\api-ms-win-crt-multibyte-l1-1-0.dll
0x0000017ff9550000 - 0x0000017ff9560000 	C:\Program Files\Java\javafx-sdk-18.0.1\bin\api-ms-win-crt-private-l1-1-0.dll
0x0000017ff9560000 - 0x0000017ff9563000 	C:\Program Files\Java\javafx-sdk-18.0.1\bin\api-ms-win-crt-process-l1-1-0.dll
0x0000017ff9570000 - 0x0000017ff9574000 	C:\Program Files\Java\javafx-sdk-18.0.1\bin\api-ms-win-crt-runtime-l1-1-0.dll
0x0000017ff9580000 - 0x0000017ff9584000 	C:\Program Files\Java\javafx-sdk-18.0.1\bin\api-ms-win-crt-stdio-l1-1-0.dll
0x0000017ff9590000 - 0x0000017ff9594000 	C:\Program Files\Java\javafx-sdk-18.0.1\bin\api-ms-win-crt-string-l1-1-0.dll
0x0000017ff95a0000 - 0x0000017ff95a3000 	C:\Program Files\Java\javafx-sdk-18.0.1\bin\api-ms-win-crt-time-l1-1-0.dll
0x0000017ff95b0000 - 0x0000017ff95b3000 	C:\Program Files\Java\javafx-sdk-18.0.1\bin\api-ms-win-crt-utility-l1-1-0.dll
0x00007ffec0320000 - 0x00007ffec041c000 	C:\Program Files\Java\javafx-sdk-18.0.1\bin\ucrtbase.dll
0x00007fff2b5f0000 - 0x00007fff2b60a000 	C:\Program Files\Java\javafx-sdk-18.0.1\bin\vcruntime140.dll
0x00007fff497e0000 - 0x00007fff497ec000 	C:\Program Files\Java\javafx-sdk-18.0.1\bin\vcruntime140_1.dll
0x00007ffec70b0000 - 0x00007ffec713d000 	C:\Program Files\Java\javafx-sdk-18.0.1\bin\msvcp140.dll
0x00007ffed7a80000 - 0x00007ffed7aac000 	C:\Program Files\Java\javafx-sdk-18.0.1\bin\prism_d3d.dll
0x00007fff521e0000 - 0x00007fff52386000 	C:\Windows\system32\d3d9.dll
0x00007fff5ad70000 - 0x00007fff5ad9f000 	C:\Windows\SYSTEM32\dwmapi.dll
0x00007fff5a6a0000 - 0x00007fff5a6d8000 	C:\Windows\SYSTEM32\dxcore.dll
0x00007fff5a380000 - 0x00007fff5a42c000 	C:\Windows\system32\uxtheme.dll
0x00007fff532b0000 - 0x00007fff533b7000 	C:\Windows\System32\DriverStore\FileRepository\nvltig.inf_amd64_ce837e92efe9cbc4\nvldumdx.dll
0x00007fff5c9f0000 - 0x00007fff5ca02000 	C:\Windows\SYSTEM32\msasn1.dll
0x00007fff54980000 - 0x00007fff549b1000 	C:\Windows\SYSTEM32\cryptnet.dll
0x00007fff5d160000 - 0x00007fff5d2c2000 	C:\Windows\System32\CRYPT32.dll
0x00007fff52f50000 - 0x00007fff53099000 	C:\Windows\SYSTEM32\drvstore.dll
0x00007fff5ce50000 - 0x00007fff5ce7c000 	C:\Windows\SYSTEM32\devobj.dll
0x00007fff5ce00000 - 0x00007fff5ce4c000 	C:\Windows\SYSTEM32\cfgmgr32.dll
0x00007fff5ca60000 - 0x00007fff5ca9d000 	C:\Windows\SYSTEM32\wldp.dll
0x00007fff5c990000 - 0x00007fff5c99c000 	C:\Windows\SYSTEM32\cryptbase.dll
0x00007fff5d8b0000 - 0x00007fff5d917000 	C:\Windows\System32\WINTRUST.DLL
0x00007fff5eaf0000 - 0x00007fff5eb0f000 	C:\Windows\System32\imagehlp.dll
0x00007fff5c9a0000 - 0x00007fff5c9b8000 	C:\Windows\SYSTEM32\CRYPTSP.dll
0x00007fff5c280000 - 0x00007fff5c2b5000 	C:\Windows\system32\rsaenh.dll
0x00007fff5cb10000 - 0x00007fff5cb37000 	C:\Windows\SYSTEM32\bcrypt.dll
0x00007ffee0330000 - 0x00007ffee1ab8000 	C:\Windows\System32\DriverStore\FileRepository\nvltig.inf_amd64_ce837e92efe9cbc4\nvd3dumx.dll
0x00007fff56f80000 - 0x00007fff56fc4000 	C:\Windows\SYSTEM32\directxdatabasehelper.dll
0x00007fff5aa10000 - 0x00007fff5aa44000 	C:\Windows\SYSTEM32\ntmarta.dll
0x00007ffec5f50000 - 0x00007ffec5f92000 	C:\Program Files\Java\javafx-sdk-18.0.1\bin\glass.dll
0x00007fff5ed00000 - 0x00007fff5edec000 	C:\Windows\System32\COMDLG32.dll
0x00007fff5ef30000 - 0x00007fff5f0ca000 	C:\Windows\System32\ole32.dll
0x00007fff5f550000 - 0x00007fff5f626000 	C:\Windows\System32\OLEAUT32.dll
0x00007fff5dc10000 - 0x00007fff5dd2e000 	C:\Windows\System32\MSCTF.dll
0x00007ffee2240000 - 0x00007ffee2503000 	C:\Windows\system32\nvspcap64.dll
0x00007fff5c7e0000 - 0x00007fff5c804000 	C:\Windows\SYSTEM32\gpapi.dll
0x00007fff22340000 - 0x00007fff22354000 	C:\Program Files\Java\javafx-sdk-18.0.1\bin\javafx_font.dll
0x00007fff37e10000 - 0x00007fff3806f000 	C:\Windows\SYSTEM32\dwrite.dll
0x00007fff5ea40000 - 0x00007fff5eaef000 	C:\Windows\System32\clbcatq.dll
0x00007fff54af0000 - 0x00007fff54c9e000 	C:\Windows\SYSTEM32\WindowsCodecs.dll
0x00007fff36300000 - 0x00007fff3635d000 	C:\Windows\system32\dataexchange.dll
0x00007fff53ce0000 - 0x00007fff53f46000 	C:\Windows\system32\twinapi.appcore.dll
0x00007fff35fe0000 - 0x00007fff36012000 	C:\Program Files\Common Files\Microsoft Shared\Ink\rtscom.dll
0x00007fff3f140000 - 0x00007fff3f26d000 	C:\Windows\SYSTEM32\textinputframework.dll
0x00007fff59fa0000 - 0x00007fff5a0d2000 	C:\Windows\SYSTEM32\CoreMessaging.dll

dbghelp: loaded successfully - version: 4.0.5 - missing functions: none
symbol engine: initialized successfully - sym options: 0x614 - pdb path: .;C:\Program Files\Java\jdk-17.0.2\bin;C:\Windows\SYSTEM32;C:\Windows\WinSxS\amd64_microsoft.windows.common-controls_6595b64144ccf1df_6.0.22000.120_none_9d947278b86cc467;C:\Program Files\Java\jdk-17.0.2\bin\server;C:\Program Files\Java\javafx-sdk-18.0.1\bin;C:\Windows\System32\DriverStore\FileRepository\nvltig.inf_amd64_ce837e92efe9cbc4;C:\Program Files\Common Files\Microsoft Shared\Ink

VM Arguments:
jvm_args: -Dfile.encoding=UTF-8 --add-modules=javafx.controls,javafx.fxml --module-path=C:\Users\juanc\OneDrive\Documentos\Universidad 3\POO\SEATORA\build\classes;C:\Program Files\Java\javafx-sdk-18.0.1\lib\javafx-swt.jar;C:\Program Files\Java\javafx-sdk-18.0.1\lib\javafx.base.jar;C:\Program Files\Java\javafx-sdk-18.0.1\lib\javafx.controls.jar;C:\Program Files\Java\javafx-sdk-18.0.1\lib\javafx.fxml.jar;C:\Program Files\Java\javafx-sdk-18.0.1\lib\javafx.graphics.jar;C:\Program Files\Java\javafx-sdk-18.0.1\lib\javafx.media.jar;C:\Program Files\Java\javafx-sdk-18.0.1\lib\javafx.swing.jar;C:\Program Files\Java\javafx-sdk-18.0.1\lib\javafx.web.jar 
java_command: start.Seatora
java_class_path (initial): C:\Program Files\Java\javafx-sdk-18.0.1\lib\javafx-swt.jar;C:\Program Files\Java\javafx-sdk-18.0.1\lib\javafx.base.jar;C:\Program Files\Java\javafx-sdk-18.0.1\lib\javafx.controls.jar;C:\Program Files\Java\javafx-sdk-18.0.1\lib\javafx.fxml.jar;C:\Program Files\Java\javafx-sdk-18.0.1\lib\javafx.graphics.jar;C:\Program Files\Java\javafx-sdk-18.0.1\lib\javafx.media.jar;C:\Program Files\Java\javafx-sdk-18.0.1\lib\javafx.swing.jar;C:\Program Files\Java\javafx-sdk-18.0.1\lib\javafx.web.jar;C:\Users\juanc\OneDrive\Documentos\Universidad 3\POO\SEATORA\build\classes
Launcher Type: SUN_STANDARD

[Global flags]
     intx CICompilerCount                          = 12                                        {product} {ergonomic}
     uint ConcGCThreads                            = 3                                         {product} {ergonomic}
     uint G1ConcRefinementThreads                  = 13                                        {product} {ergonomic}
   size_t G1HeapRegionSize                         = 4194304                                   {product} {ergonomic}
    uintx GCDrainStackTargetSize                   = 64                                        {product} {ergonomic}
   size_t InitialHeapSize                          = 402653184                                 {product} {ergonomic}
   size_t MarkStackSize                            = 4194304                                   {product} {ergonomic}
   size_t MaxHeapSize                              = 6404702208                                {product} {ergonomic}
   size_t MaxNewSize                               = 3841982464                                {product} {ergonomic}
   size_t MinHeapDeltaBytes                        = 4194304                                   {product} {ergonomic}
   size_t MinHeapSize                              = 8388608                                   {product} {ergonomic}
    uintx NonNMethodCodeHeapSize                   = 7602480                                {pd product} {ergonomic}
    uintx NonProfiledCodeHeapSize                  = 122027880                              {pd product} {ergonomic}
    uintx ProfiledCodeHeapSize                     = 122027880                              {pd product} {ergonomic}
    uintx ReservedCodeCacheSize                    = 251658240                              {pd product} {ergonomic}
     bool SegmentedCodeCache                       = true                                      {product} {ergonomic}
   size_t SoftMaxHeapSize                          = 6404702208                             {manageable} {ergonomic}
     bool UseCompressedClassPointers               = true                           {product lp64_product} {ergonomic}
     bool UseCompressedOops                        = true                           {product lp64_product} {ergonomic}
     bool UseG1GC                                  = true                                      {product} {ergonomic}
     bool UseLargePagesIndividualAllocation        = false                                  {pd product} {ergonomic}

Logging:
Log output configuration:
 #0: stdout all=off uptime,level,tags
 #1: stderr all=off uptime,level,tags

Environment Variables:
PATH=C:\Program Files\Common Files\Oracle\Java\javapath;C:\Program Files (x86)\Common Files\Oracle\Java\javapath;C:\Windows\system32;C:\Windows;C:\Windows\System32\Wbem;C:\Windows\System32\WindowsPowerShell\v1.0\;C:\Windows\System32\OpenSSH\;C:\Program Files (x86)\NVIDIA Corporation\PhysX\Common;C:\Program Files\NVIDIA Corporation\NVIDIA NvDLISR;C:\Users\juanc\AppData\Local\Microsoft\WindowsApps;;C:\Users\juanc\AppData\Local\Programs\Microsoft VS Code\bin
USERNAME=juanc
OS=Windows_NT
PROCESSOR_IDENTIFIER=AMD64 Family 25 Model 80 Stepping 0, AuthenticAMD



---------------  S Y S T E M  ---------------

OS:
 Windows 11 , 64 bit Build 22000 (10.0.22000.675)
OS uptime: 0 days 7:39 hours

CPU: total 16 (initial active 16) (16 cores per cpu, 2 threads per core) family 25 model 80 stepping 0 microcode 0x0, cx8, cmov, fxsr, ht, mmx, 3dnowpref, sse, sse2, sse3, ssse3, sse4a, sse4.1, sse4.2, popcnt, lzcnt, tsc, tscinvbit, avx, avx2, aes, erms, clmul, bmi1, bmi2, adx, sha, fma, vzeroupper, clflush, clflushopt

Memory: 4k page, system-wide physical 24428M (14778M free)
TotalPageFile size 28012M (AvailPageFile size 12496M)
current process WorkingSet (physical memory assigned to process): 199M, peak: 264M
current process commit charge ("private bytes"): 655M, peak: 712M

vm_info: Java HotSpot(TM) 64-Bit Server VM (17.0.2+8-LTS-86) for windows-amd64 JRE (17.0.2+8-LTS-86), built on Dec  7 2021 21:51:03 by "mach5one" with MS VC++ 16.8 / 16.9 (VS2019)

END.
