#
# A fatal error has been detected by the Java Runtime Environment:
#
#  EXCEPTION_ACCESS_VIOLATION (0xc0000005) at pc=0x00007ffe6b5f62d7, pid=9984, tid=20244
#
# JRE version: Java(TM) SE Runtime Environment (17.0.2+8) (build 17.0.2+8-LTS-86)
# Java VM: Java HotSpot(TM) 64-Bit Server VM (17.0.2+8-LTS-86, mixed mode, sharing, tiered, compressed oops, compressed class ptrs, g1 gc, windows-amd64)
# Problematic frame:
# C  [glass.dll+0x262d7]
#
# No core dump will be written. Minidumps are not enabled by default on client versions of Windows
#
# If you would like to submit a bug report, please visit:
#   https://bugreport.java.com/bugreport/crash.jsp
#

---------------  S U M M A R Y ------------

Command Line: -Dfile.encoding=UTF-8 --add-modules=javafx.controls,javafx.fxml --module-path=C:\Users\juanc\OneDrive\Documentos\Universidad 3\POO\SEATORA\build\classes;C:\Program Files\Java\javafx-sdk-18.0.1\lib\javafx-swt.jar;C:\Program Files\Java\javafx-sdk-18.0.1\lib\javafx.base.jar;C:\Program Files\Java\javafx-sdk-18.0.1\lib\javafx.controls.jar;C:\Program Files\Java\javafx-sdk-18.0.1\lib\javafx.fxml.jar;C:\Program Files\Java\javafx-sdk-18.0.1\lib\javafx.graphics.jar;C:\Program Files\Java\javafx-sdk-18.0.1\lib\javafx.media.jar;C:\Program Files\Java\javafx-sdk-18.0.1\lib\javafx.swing.jar;C:\Program Files\Java\javafx-sdk-18.0.1\lib\javafx.web.jar start.Seatora

Host: AMD Ryzen 7 5800H with Radeon Graphics         , 16 cores, 23G,  Windows 11 , 64 bit Build 22000 (10.0.22000.675)
Time: Thu May 26 10:07:56 2022 Hora est. Pacífico, Sudamérica elapsed time: 63.710008 seconds (0d 0h 1m 3s)

---------------  T H R E A D  ---------------

Current thread (0x0000014cfd28c9a0):  VMThread "VM Thread" [stack: 0x00000021ba600000,0x00000021ba700000] [id=20244]

Stack: [0x00000021ba600000,0x00000021ba700000],  sp=0x00000021ba6fecf0,  free space=1019k
Native frames: (J=compiled Java code, j=interpreted, Vv=VM code, C=native code)
C  [glass.dll+0x262d7]


siginfo: EXCEPTION_ACCESS_VIOLATION (0xc0000005), reading address 0x0000000000000000


Register to memory mapping:

RIP=0x00007ffe6b5f62d7 glass.dll
RAX=0x0 is NULL
RBX=0x0000014cff798740 is a global jni handle
RCX=0x0000014cfd28c9a0 points into unknown readable memory: 0x00007ffe0739e890 | 90 e8 39 07 fe 7f 00 00
RDX=0x00000021ba6fecf0 points into unknown readable memory: 0x0000000000000000 | 00 00 00 00 00 00 00 00
RSP=0x00000021ba6fecf0 points into unknown readable memory: 0x0000000000000000 | 00 00 00 00 00 00 00 00
RBP=0x0000014cfea5aa38 points into unknown readable memory: 0x0000cf1451934c69 | 69 4c 93 51 14 cf 00 00
RSI=0x0000014cfea5aa10 points into unknown readable memory: 0xbe6d7714516cb0bf | bf b0 6c 51 14 77 6d be
RDI=0x0000cf1451934c69 is an unknown value
R8 =0x0000000000010002 is an unknown value
R9 =0x0000cf1451934c69 is an unknown value
R10=0x85f13e9656da4870 is an unknown value
R11=0x00000021ba6fec80 points into unknown readable memory: 0x0000014cfea5aa10 | 10 aa a5 fe 4c 01 00 00
R12=0x00007ffe6b5f3bc4 glass.dll
R13=0x00007ffe075449d0 jvm.dll
R14=0x00000021ba6fedf8 points into unknown readable memory: 0x00000021ba6fede0 | e0 ed 6f ba 21 00 00 00
R15=0x0000014cfea5aa10 points into unknown readable memory: 0xbe6d7714516cb0bf | bf b0 6c 51 14 77 6d be


Registers:
RAX=0x0000000000000000, RBX=0x0000014cff798740, RCX=0x0000014cfd28c9a0, RDX=0x00000021ba6fecf0
RSP=0x00000021ba6fecf0, RBP=0x0000014cfea5aa38, RSI=0x0000014cfea5aa10, RDI=0x0000cf1451934c69
R8 =0x0000000000010002, R9 =0x0000cf1451934c69, R10=0x85f13e9656da4870, R11=0x00000021ba6fec80
R12=0x00007ffe6b5f3bc4, R13=0x00007ffe075449d0, R14=0x00000021ba6fedf8, R15=0x0000014cfea5aa10
RIP=0x00007ffe6b5f62d7, EFLAGS=0x0000000000010206

Top of Stack: (sp=0x00000021ba6fecf0)
0x00000021ba6fecf0:   0000000000000000 0000014cfea5aa10
0x00000021ba6fed00:   00007ffe075449d0 00007ffe6b5f3bc4
0x00000021ba6fed10:   0000014cfea5aa18 00007ffe99cdbea0
0x00000021ba6fed20:   0000cf1451934c69 0000014c00000000
0x00000021ba6fed30:   0000014cfea5aa38 0000014cfea5aa10
0x00000021ba6fed40:   fffffffffffffffe 0000000000000000
0x00000021ba6fed50:   0000000000000001 00007ffe6b5d0000
0x00000021ba6fed60:   00000021ba6fede8 00007ffe99cdbdb7
0x00000021ba6fed70:   0000000000000000 00000021ba6fedf8
0x00000021ba6fed80:   00000021ba6ff0d0 00007ffe99dc12b0
0x00000021ba6fed90:   0000000000000001 00007ffe99cdbd6d
0x00000021ba6feda0:   0000000000000000 0000000000000001
0x00000021ba6fedb0:   0000000000000000 00000021ba6fede8
0x00000021ba6fedc0:   fffffffffffffffe 0000002100000000
0x00000021ba6fedd0:   ffffffff00000001 00007ffe6b5f3a51
0x00000021ba6fede0:   00007ffe6b609f88 00007ffe00000002 

Instructions: (pc=0x00007ffe6b5f62d7)
0x00007ffe6b5f61d7:   8b 4d 58 e8 2d cf ff ff 48 8b 4d 60 e8 24 cf ff
0x00007ffe6b5f61e7:   ff 48 8b 95 80 00 00 00 48 8b 8d 18 01 00 00 e8
0x00007ffe6b5f61f7:   16 c4 ff ff 33 d2 33 c9 e8 5c e1 ff ff 90 48 89
0x00007ffe6b5f6207:   54 24 10 55 48 83 ec 20 48 8b ea 48 b8 00 00 00
0x00007ffe6b5f6217:   00 00 00 00 00 48 83 c4 20 5d c3 cc 40 55 48 8b
0x00007ffe6b5f6227:   ea 48 8b 01 33 c9 81 38 05 00 00 c0 0f 94 c1 8b
0x00007ffe6b5f6237:   c1 5d c3 cc 40 55 48 83 ec 20 48 8b ea 8a 4d 40
0x00007ffe6b5f6247:   48 83 c4 20 5d e9 17 d3 ff ff cc 40 55 48 83 ec
0x00007ffe6b5f6257:   20 48 8b ea 8a 4d 20 e8 05 d3 ff ff 90 48 83 c4
0x00007ffe6b5f6267:   20 5d c3 cc 40 55 48 83 ec 20 48 8b ea 48 83 c4
0x00007ffe6b5f6277:   20 5d e9 66 d1 ff ff cc 40 55 48 83 ec 30 48 8b
0x00007ffe6b5f6287:   ea 48 8b 01 8b 10 48 89 4c 24 28 89 54 24 20 4c
0x00007ffe6b5f6297:   8d 0d 07 d6 ff ff 4c 8b 45 70 8b 55 68 48 8b 4d
0x00007ffe6b5f62a7:   60 e8 a7 d0 ff ff 90 48 83 c4 30 5d c3 cc cc cc
0x00007ffe6b5f62b7:   cc cc cc cc cc cc cc cc cc 40 53 48 83 ec 20 48
0x00007ffe6b5f62c7:   8b 1d bb 36 01 00 48 85 db 74 16 e8 59 8b ff ff
0x00007ffe6b5f62d7:   4c 8b 00 48 8b d3 48 8b c8 41 ff 90 b0 00 00 00
0x00007ffe6b5f62e7:   90 48 83 c4 20 5b c3 cc cc 40 53 48 83 ec 20 48
0x00007ffe6b5f62f7:   8b 1d 2b 38 01 00 48 85 db 74 57 b8 ff ff ff ff
0x00007ffe6b5f6307:   f0 0f c1 43 10 83 f8 01 75 3d 48 85 db 74 38 48
0x00007ffe6b5f6317:   8b 0b 48 85 c9 74 0d ff 15 84 0f 00 00 48 c7 03
0x00007ffe6b5f6327:   00 00 00 00 48 8b 4b 08 48 85 c9 74 0d e8 d3 cd
0x00007ffe6b5f6337:   ff ff 48 c7 43 08 00 00 00 00 ba 18 00 00 00 48
0x00007ffe6b5f6347:   8b cb e8 be cd ff ff 48 c7 05 cf 37 01 00 00 00
0x00007ffe6b5f6357:   00 00 48 83 c4 20 5b c3 cc 40 53 48 83 ec 20 48
0x00007ffe6b5f6367:   8b 1d 9b 37 01 00 48 85 db 74 57 b8 ff ff ff ff
0x00007ffe6b5f6377:   f0 0f c1 43 10 83 f8 01 75 3d 48 85 db 74 38 48
0x00007ffe6b5f6387:   8b 0b 48 85 c9 74 0d ff 15 14 0f 00 00 48 c7 03
0x00007ffe6b5f6397:   00 00 00 00 48 8b 4b 08 48 85 c9 74 0d e8 63 cd
0x00007ffe6b5f63a7:   ff ff 48 c7 43 08 00 00 00 00 ba 18 00 00 00 48
0x00007ffe6b5f63b7:   8b cb e8 4e cd ff ff 48 c7 05 3f 37 01 00 00 00
0x00007ffe6b5f63c7:   00 00 48 83 c4 20 5b c3 cc 40 53 48 83 ec 20 48 


Stack slot to memory mapping:
stack at sp + 0 slots: 0x0 is NULL
stack at sp + 1 slots: 0x0000014cfea5aa10 points into unknown readable memory: 0xbe6d7714516cb0bf | bf b0 6c 51 14 77 6d be
stack at sp + 2 slots: 0x00007ffe075449d0 jvm.dll
stack at sp + 3 slots: 0x00007ffe6b5f3bc4 glass.dll
stack at sp + 4 slots: 0x0000014cfea5aa18 points into unknown readable memory: 0x0000cf1451934c69 | 69 4c 93 51 14 cf 00 00
stack at sp + 5 slots: 0x00007ffe99cdbea0 ucrtbase.dll
stack at sp + 6 slots: 0x0000cf1451934c69 is an unknown value
stack at sp + 7 slots: 0x0000014c00000000 is an unknown value

VM_Operation (0x00000021bbef67d0): Exit, mode: safepoint, requested by thread 0x0000014cfe1940d0


---------------  P R O C E S S  ---------------

Threads class SMR info:
_java_thread_list=0x0000014ca65b2b60, length=20, elements={
0x0000014cefdbdd70, 0x0000014cfd2928a0, 0x0000014cfd295520, 0x0000014cfd2a6470,
0x0000014cfd2a6e20, 0x0000014cfd2a77d0, 0x0000014cfd2aa190, 0x0000014cfd2ae420,
0x0000014cfd2d7ef0, 0x0000014cfd2eb4b0, 0x0000014cfd27eb10, 0x0000014cfea99130,
0x0000014cfe0c0030, 0x0000014cfe1940d0, 0x0000014cfee33170, 0x0000014cfedd0550,
0x0000014ca3ef6460, 0x0000014ca3a93c30, 0x0000014ca3a92420, 0x0000014ca3a915b0
}

Java Threads: ( => current thread )
  0x0000014cefdbdd70 JavaThread "main" [_thread_blocked, id=5884, stack(0x00000021ba000000,0x00000021ba100000)]
  0x0000014cfd2928a0 JavaThread "Reference Handler" daemon [_thread_blocked, id=4032, stack(0x00000021ba700000,0x00000021ba800000)]
  0x0000014cfd295520 JavaThread "Finalizer" daemon [_thread_blocked, id=20236, stack(0x00000021ba800000,0x00000021ba900000)]
  0x0000014cfd2a6470 JavaThread "Signal Dispatcher" daemon [_thread_blocked, id=15884, stack(0x00000021ba900000,0x00000021baa00000)]
  0x0000014cfd2a6e20 JavaThread "Attach Listener" daemon [_thread_blocked, id=16968, stack(0x00000021baa00000,0x00000021bab00000)]
  0x0000014cfd2a77d0 JavaThread "Service Thread" daemon [_thread_blocked, id=6664, stack(0x00000021bab00000,0x00000021bac00000)]
  0x0000014cfd2aa190 JavaThread "Monitor Deflation Thread" daemon [_thread_blocked, id=13644, stack(0x00000021bac00000,0x00000021bad00000)]
  0x0000014cfd2ae420 JavaThread "C2 CompilerThread0" daemon [_thread_blocked, id=9676, stack(0x00000021bad00000,0x00000021bae00000)]
  0x0000014cfd2d7ef0 JavaThread "C1 CompilerThread0" daemon [_thread_blocked, id=14296, stack(0x00000021bae00000,0x00000021baf00000)]
  0x0000014cfd2eb4b0 JavaThread "Sweeper thread" daemon [_thread_blocked, id=10852, stack(0x00000021baf00000,0x00000021bb000000)]
  0x0000014cfd27eb10 JavaThread "Common-Cleaner" daemon [_thread_blocked, id=19552, stack(0x00000021bb100000,0x00000021bb200000)]
  0x0000014cfea99130 JavaThread "Notification Thread" daemon [_thread_blocked, id=19428, stack(0x00000021bb900000,0x00000021bba00000)]
  0x0000014cfe0c0030 JavaThread "InvokeLaterDispatcher" daemon [_thread_blocked, id=6364, stack(0x00000021bbd00000,0x00000021bbe00000)]
  0x0000014cfe1940d0 JavaThread "JavaFX Application Thread" [_thread_blocked, id=20468, stack(0x00000021bbe00000,0x00000021bbf00000)]
  0x0000014cfee33170 JavaThread "JavaFX-Launcher" [_thread_blocked, id=16072, stack(0x00000021bc000000,0x00000021bc100000)]
  0x0000014cfedd0550 JavaThread "Thread-2" daemon [_thread_in_native, id=9912, stack(0x00000021bb800000,0x00000021bb900000)]
  0x0000014ca3ef6460 JavaThread "Prism Font Disposer" daemon [_thread_blocked, id=2104, stack(0x00000021bc900000,0x00000021bca00000)]
  0x0000014ca3a93c30 JavaThread "Cleaner-0" daemon [_thread_blocked, id=20336, stack(0x00000021bcd20000,0x00000021bce20000)]
  0x0000014ca3a92420 JavaThread "Java2D Disposer" daemon [_thread_blocked, id=12664, stack(0x00000021bb000000,0x00000021bb100000)]
  0x0000014ca3a915b0 JavaThread "AWT-Shutdown" [_thread_blocked, id=19472, stack(0x00000021b9d00000,0x00000021b9e00000)]

Other Threads:
=>0x0000014cfd28c9a0 VMThread "VM Thread" [stack: 0x00000021ba600000,0x00000021ba700000] [id=20244]
  0x0000014cefe201a0 GCTaskThread "GC Thread#0" [stack: 0x00000021ba100000,0x00000021ba200000] [id=17256]
  0x0000014cfee28fb0 GCTaskThread "GC Thread#1" [stack: 0x00000021bc100000,0x00000021bc200000] [id=2336]
  0x0000014cfee29260 GCTaskThread "GC Thread#2" [stack: 0x00000021bc200000,0x00000021bc300000] [id=3864]
  0x0000014cfee29510 GCTaskThread "GC Thread#3" [stack: 0x00000021bc300000,0x00000021bc400000] [id=11760]
  0x0000014cfee297c0 GCTaskThread "GC Thread#4" [stack: 0x00000021bc400000,0x00000021bc500000] [id=2772]
  0x0000014cfee29a70 GCTaskThread "GC Thread#5" [stack: 0x00000021bc500000,0x00000021bc600000] [id=15660]
  0x0000014cfee29d20 GCTaskThread "GC Thread#6" [stack: 0x00000021bc600000,0x00000021bc700000] [id=624]
  0x0000014cfedd1f60 GCTaskThread "GC Thread#7" [stack: 0x00000021bc700000,0x00000021bc800000] [id=15704]
  0x0000014cfedd2620 GCTaskThread "GC Thread#8" [stack: 0x00000021bc800000,0x00000021bc900000] [id=15652]
  0x0000014cff091220 GCTaskThread "GC Thread#9" [stack: 0x00000021bb500000,0x00000021bb600000] [id=9980]
  0x0000014cff090200 GCTaskThread "GC Thread#10" [stack: 0x00000021bd230000,0x00000021bd330000] [id=18740]
  0x0000014cff0904b0 GCTaskThread "GC Thread#11" [stack: 0x00000021bd330000,0x00000021bd430000] [id=3416]
  0x0000014ca2019620 GCTaskThread "GC Thread#12" [stack: 0x00000021bd430000,0x00000021bd530000] [id=17432]
  0x0000014cefe2ceb0 ConcurrentGCThread "G1 Main Marker" terminated
  0x0000014cefe2df60 ConcurrentGCThread "G1 Conc#0" [stack: 0x00000021ba300000,0x00000021ba400000] [id=5428]
  0x0000014ca20180a0 ConcurrentGCThread "G1 Conc#1" [stack: 0x00000021bd530000,0x00000021bd630000] [id=2292]
  0x0000014ca201bbc0 ConcurrentGCThread "G1 Conc#2" [stack: 0x00000021bd630000,0x00000021bd730000] [id=11644]
  0x0000014cefe95c10 ConcurrentGCThread "G1 Refine#0" terminated
  0x0000014cfd153710 ConcurrentGCThread "G1 Service" terminated

Threads with active compile tasks:

VM state: at safepoint (shutting down)

VM Mutex/Monitor currently owned by a thread:  ([mutex/lock_event])
[0x0000014cefdbbc00] Threads_lock - owner thread: 0x0000014cfd28c9a0
[0x0000014cefdbb4b0] Heap_lock - owner thread: 0x0000014cfe1940d0

Heap address: 0x0000000682400000, size: 6108 MB, Compressed Oops mode: Zero based, Oop shift amount: 3

CDS archive(s) mapped at: [0x0000000800000000-0x0000000800bc0000-0x0000000800bc0000), size 12320768, SharedBaseAddress: 0x0000000800000000, ArchiveRelocationMode: 0.
Compressed class space mapped at: 0x0000000800c00000-0x0000000840c00000, reserved size: 1073741824
Narrow klass base: 0x0000000800000000, Narrow klass shift: 0, Narrow klass range: 0x100000000

GC Precious Log:
 CPUs: 16 total, 16 available
 Memory: 24428M
 Large Page Support: Disabled
 NUMA Support: Disabled
 Compressed Oops: Enabled (Zero based)
 Heap Region Size: 4M
 Heap Min Capacity: 8M
 Heap Initial Capacity: 384M
 Heap Max Capacity: 6108M
 Pre-touch: Disabled
 Parallel Workers: 13
 Concurrent Workers: 3
 Concurrent Refinement Workers: 13
 Periodic GC: Disabled

Heap:
 garbage-first heap   total 122880K, used 81568K [0x0000000682400000, 0x0000000800000000)
  region size 4096K, 15 young (61440K), 3 survivors (12288K)
 Metaspace       used 25185K, committed 25472K, reserved 1073152K
  class space    used 3421K, committed 3520K, reserved 1048576K

Heap Regions: E=young(eden), S=young(survivor), O=old, HS=humongous(starts), HC=humongous(continues), CS=collection set, F=free, OA=open archive, CA=closed archive, TAMS=top-at-mark-start (previous, next)
|   0|0x0000000682400000, 0x0000000682800000, 0x0000000682800000|100%|HS|  |TAMS 0x0000000682800000, 0x0000000682400000| Complete 
|   1|0x0000000682800000, 0x0000000682c00000, 0x0000000682c00000|100%|HS|  |TAMS 0x0000000682c00000, 0x0000000682800000| Complete 
|   2|0x0000000682c00000, 0x0000000683000000, 0x0000000683000000|100%|HS|  |TAMS 0x0000000683000000, 0x0000000682c00000| Complete 
|   3|0x0000000683000000, 0x0000000683115800, 0x0000000683400000| 27%| O|  |TAMS 0x0000000683115800, 0x0000000683000000| Complete 
|   4|0x0000000683400000, 0x0000000683800000, 0x0000000683800000|100%|HS|  |TAMS 0x0000000683800000, 0x0000000683400000| Complete 
|   5|0x0000000683800000, 0x0000000683c00000, 0x0000000683c00000|100%|HS|  |TAMS 0x0000000683800000, 0x0000000683800000| Complete 
|   6|0x0000000683c00000, 0x0000000684000000, 0x0000000684000000|100%|HS|  |TAMS 0x0000000683c00000, 0x0000000683c00000| Complete 
|   7|0x0000000684000000, 0x0000000684000000, 0x0000000684400000|  0%| F|  |TAMS 0x0000000684000000, 0x0000000684000000| Untracked 
|   8|0x0000000684400000, 0x0000000684400000, 0x0000000684800000|  0%| F|  |TAMS 0x0000000684400000, 0x0000000684400000| Untracked 
|   9|0x0000000684800000, 0x0000000684800000, 0x0000000684c00000|  0%| F|  |TAMS 0x0000000684800000, 0x0000000684800000| Untracked 
|  10|0x0000000684c00000, 0x0000000684c00000, 0x0000000685000000|  0%| F|  |TAMS 0x0000000684c00000, 0x0000000684c00000| Untracked 
|  11|0x0000000685000000, 0x0000000685000000, 0x0000000685400000|  0%| F|  |TAMS 0x0000000685000000, 0x0000000685000000| Untracked 
|  12|0x0000000685400000, 0x0000000685400000, 0x0000000685800000|  0%| F|  |TAMS 0x0000000685400000, 0x0000000685400000| Untracked 
|  13|0x0000000685800000, 0x0000000685800000, 0x0000000685c00000|  0%| F|  |TAMS 0x0000000685800000, 0x0000000685800000| Untracked 
|  14|0x0000000685c00000, 0x0000000685c00000, 0x0000000686000000|  0%| F|  |TAMS 0x0000000685c00000, 0x0000000685c00000| Untracked 
|  15|0x0000000686000000, 0x00000006860584a0, 0x0000000686400000|  8%| E|  |TAMS 0x0000000686000000, 0x0000000686000000| Complete 
|  16|0x0000000686400000, 0x0000000686800000, 0x0000000686800000|100%| E|CS|TAMS 0x0000000686400000, 0x0000000686400000| Complete 
|  17|0x0000000686800000, 0x0000000686c00000, 0x0000000686c00000|100%| E|CS|TAMS 0x0000000686800000, 0x0000000686800000| Complete 
|  18|0x0000000686c00000, 0x0000000687000000, 0x0000000687000000|100%| E|CS|TAMS 0x0000000686c00000, 0x0000000686c00000| Complete 
|  19|0x0000000687000000, 0x0000000687400000, 0x0000000687400000|100%| E|CS|TAMS 0x0000000687000000, 0x0000000687000000| Complete 
|  20|0x0000000687400000, 0x0000000687800000, 0x0000000687800000|100%| E|CS|TAMS 0x0000000687400000, 0x0000000687400000| Complete 
|  21|0x0000000687800000, 0x0000000687c00000, 0x0000000687c00000|100%| E|CS|TAMS 0x0000000687800000, 0x0000000687800000| Complete 
|  22|0x0000000687c00000, 0x0000000688000000, 0x0000000688000000|100%| E|CS|TAMS 0x0000000687c00000, 0x0000000687c00000| Complete 
|  23|0x0000000688000000, 0x0000000688400000, 0x0000000688400000|100%| E|CS|TAMS 0x0000000688000000, 0x0000000688000000| Complete 
|  24|0x0000000688400000, 0x0000000688800000, 0x0000000688800000|100%| E|CS|TAMS 0x0000000688400000, 0x0000000688400000| Complete 
|  25|0x0000000688800000, 0x0000000688c00000, 0x0000000688c00000|100%| E|CS|TAMS 0x0000000688800000, 0x0000000688800000| Complete 
|  82|0x0000000696c00000, 0x0000000696e92bd0, 0x0000000697000000| 64%| S|CS|TAMS 0x0000000696c00000, 0x0000000696c00000| Complete 
|  85|0x0000000697800000, 0x0000000697c00000, 0x0000000697c00000|100%| S|CS|TAMS 0x0000000697800000, 0x0000000697800000| Complete 
|  86|0x0000000697c00000, 0x0000000698000000, 0x0000000698000000|100%| S|CS|TAMS 0x0000000697c00000, 0x0000000697c00000| Complete 
|  95|0x000000069a000000, 0x000000069a400000, 0x000000069a400000|100%| E|CS|TAMS 0x000000069a000000, 0x000000069a000000| Complete 

Card table byte_map: [0x0000014cf8aa0000,0x0000014cf9690000] _byte_map_base: 0x0000014cf568e000

Marking Bits (Prev, Next): (CMBitMap*) 0x0000014cefe206f0, (CMBitMap*) 0x0000014cefe206b0
 Prev Bits: [0x0000014c94f70000, 0x0000014c9aee0000)
 Next Bits: [0x0000014c8f000000, 0x0000014c94f70000)

Polling page: 0x0000014cef5a0000

Metaspace:

Usage:
  Non-class:     21.25 MB used.
      Class:      3.34 MB used.
       Both:     24.60 MB used.

Virtual space:
  Non-class space:       24.00 MB reserved,      21.44 MB ( 89%) committed,  3 nodes.
      Class space:        1.00 GB reserved,       3.44 MB ( <1%) committed,  1 nodes.
             Both:        1.02 GB reserved,      24.88 MB (  2%) committed. 

Chunk freelists:
   Non-Class:  2.29 MB
       Class:  581.00 KB
        Both:  2.85 MB

MaxMetaspaceSize: unlimited
CompressedClassSpaceSize: 1.00 GB
Initial GC threshold: 21.00 MB
Current GC threshold: 35.44 MB
CDS: on
MetaspaceReclaimPolicy: balanced
 - commit_granule_bytes: 65536.
 - commit_granule_words: 8192.
 - virtual_space_node_default_size: 1048576.
 - enlarge_chunks_in_place: 1.
 - new_chunks_are_fully_committed: 0.
 - uncommit_free_chunks: 1.
 - use_allocation_guard: 0.
 - handle_deallocations: 1.


Internal statistics:

num_allocs_failed_limit: 3.
num_arena_births: 322.
num_arena_deaths: 0.
num_vsnodes_births: 4.
num_vsnodes_deaths: 0.
num_space_committed: 398.
num_space_uncommitted: 0.
num_chunks_returned_to_freelist: 3.
num_chunks_taken_from_freelist: 1016.
num_chunk_merges: 3.
num_chunk_splits: 700.
num_chunks_enlarged: 537.
num_purges: 0.
num_inconsistent_stats: 0.

CodeHeap 'non-profiled nmethods': size=119168Kb used=2268Kb max_used=3195Kb free=116899Kb
 bounds [0x0000014c87ba0000, 0x0000014c87ec0000, 0x0000014c8f000000]
CodeHeap 'profiled nmethods': size=119104Kb used=10103Kb max_used=12023Kb free=109001Kb
 bounds [0x0000014c80750000, 0x0000014c81330000, 0x0000014c87ba0000]
CodeHeap 'non-nmethods': size=7488Kb used=1543Kb max_used=3306Kb free=5944Kb
 bounds [0x0000014c80000000, 0x0000014c803b0000, 0x0000014c80750000]
 total_blobs=5864 nmethods=4927 adapters=849
 compilation: enabled
              stopped_count=0, restarted_count=0
 full_count=0

Compilation events (20 events):
Event: 62.132 Thread 0x0000014cfd2d7ef0 5615       3       com.sun.javafx.scene.control.skin.Utils::computeTextWidth (47 bytes)
Event: 62.132 Thread 0x0000014cfd2d7ef0 nmethod 5615 0x0000014c80754710 code [0x0000014c80754920, 0x0000014c80754e38]
Event: 62.132 Thread 0x0000014cfd2d7ef0 5618       3       javafx.scene.control.Labeled::getTextOverrun (24 bytes)
Event: 62.132 Thread 0x0000014cfd2d7ef0 nmethod 5618 0x0000014c80781a90 code [0x0000014c80781c60, 0x0000014c807821e8]
Event: 62.132 Thread 0x0000014cfd2d7ef0 5613       3       com.sun.javafx.collections.ObservableMapWrapper::put (96 bytes)
Event: 62.132 Thread 0x0000014cfd2d7ef0 nmethod 5613 0x0000014c80a07690 code [0x0000014c80a07900, 0x0000014c80a084d8]
Event: 62.132 Thread 0x0000014cfd2d7ef0 5619       1       javafx.scene.layout.GridPane::getColumnConstraints (5 bytes)
Event: 62.132 Thread 0x0000014cfd2d7ef0 nmethod 5619 0x0000014c87baea10 code [0x0000014c87baeba0, 0x0000014c87baec78]
Event: 62.755 Thread 0x0000014cfd2d7ef0 5620       3       com.sun.javafx.geom.RectBounds::disjoint (74 bytes)
Event: 62.755 Thread 0x0000014cfd2d7ef0 nmethod 5620 0x0000014c807da790 code [0x0000014c807da960, 0x0000014c807dafd8]
Event: 62.802 Thread 0x0000014cfd2ae420 5621       4       com.sun.javafx.event.CompositeEventHandler::find (44 bytes)
Event: 62.803 Thread 0x0000014cfd2ae420 nmethod 5621 0x0000014c87bad390 code [0x0000014c87bad520, 0x0000014c87bad638]
Event: 62.947 Thread 0x0000014cfd2d7ef0 5622       3       javafx.scene.CssStyleHelper::getCachedFont (156 bytes)
Event: 62.947 Thread 0x0000014cfd2d7ef0 nmethod 5622 0x0000014c8079f410 code [0x0000014c8079f6a0, 0x0000014c807a02a8]
Event: 62.947 Thread 0x0000014cfd2d7ef0 5623       3       com.sun.javafx.tk.quantum.GlassScene::updateSceneState (8 bytes)
Event: 62.947 Thread 0x0000014cfd2d7ef0 nmethod 5623 0x0000014c8075a590 code [0x0000014c8075a740, 0x0000014c8075a888]
Event: 62.947 Thread 0x0000014cfd2d7ef0 5624       3       com.sun.javafx.tk.quantum.SceneState::update (80 bytes)
Event: 62.948 Thread 0x0000014cfd2d7ef0 nmethod 5624 0x0000014c80750010 code [0x0000014c80750200, 0x0000014c80750888]
Event: 63.042 Thread 0x0000014cfd2d7ef0 5625       3       java.util.IdentityHashMap$IdentityHashMapIterator::nextIndex (72 bytes)
Event: 63.042 Thread 0x0000014cfd2d7ef0 nmethod 5625 0x0000014c80759590 code [0x0000014c80759760, 0x0000014c80759ba8]

GC Heap History (6 events):
Event: 0.299 GC heap before
{Heap before GC invocations=0 (full 0):
 garbage-first heap   total 393216K, used 16384K [0x0000000682400000, 0x0000000800000000)
  region size 4096K, 5 young (20480K), 0 survivors (0K)
 Metaspace       used 3970K, committed 4096K, reserved 1056768K
  class space    used 457K, committed 512K, reserved 1048576K
}
Event: 0.300 GC heap after
{Heap after GC invocations=1 (full 0):
 garbage-first heap   total 393216K, used 2689K [0x0000000682400000, 0x0000000800000000)
  region size 4096K, 1 young (4096K), 1 survivors (4096K)
 Metaspace       used 3970K, committed 4096K, reserved 1056768K
  class space    used 457K, committed 512K, reserved 1048576K
}
Event: 1.494 GC heap before
{Heap before GC invocations=1 (full 0):
 garbage-first heap   total 393216K, used 55937K [0x0000000682400000, 0x0000000800000000)
  region size 4096K, 11 young (45056K), 1 survivors (4096K)
 Metaspace       used 14140K, committed 14336K, reserved 1064960K
  class space    used 2043K, committed 2112K, reserved 1048576K
}
Event: 1.498 GC heap after
{Heap after GC invocations=2 (full 0):
 garbage-first heap   total 393216K, used 21590K [0x0000000682400000, 0x0000000800000000)
  region size 4096K, 2 young (8192K), 2 survivors (8192K)
 Metaspace       used 14140K, committed 14336K, reserved 1064960K
  class space    used 2043K, committed 2112K, reserved 1048576K
}
Event: 29.105 GC heap before
{Heap before GC invocations=2 (full 0):
 garbage-first heap   total 393216K, used 58454K [0x0000000682400000, 0x0000000800000000)
  region size 4096K, 11 young (45056K), 2 survivors (8192K)
 Metaspace       used 21327K, committed 21504K, reserved 1073152K
  class space    used 2982K, committed 3072K, reserved 1048576K
}
Event: 29.110 GC heap after
{Heap after GC invocations=3 (full 0):
 garbage-first heap   total 393216K, used 28320K [0x0000000682400000, 0x0000000800000000)
  region size 4096K, 3 young (12288K), 3 survivors (12288K)
 Metaspace       used 21327K, committed 21504K, reserved 1073152K
  class space    used 2982K, committed 3072K, reserved 1048576K
}

Deoptimization events (20 events):
Event: 61.032 Thread 0x0000014cfe1940d0 Uncommon trap: trap_request=0xffffff45 fr.pc=0x0000014c87e02ae8 relative=0x000000000000aee8
Event: 61.032 Thread 0x0000014cfe1940d0 Uncommon trap: reason=unstable_if action=reinterpret pc=0x0000014c87e02ae8 method=javafx.scene.CssStyleHelper.transitionToState(Ljavafx/scene/Node;)V @ 4 c2
Event: 61.032 Thread 0x0000014cfe1940d0 DEOPT PACKING pc=0x0000014c87e02ae8 sp=0x00000021bbef8ef0
Event: 61.032 Thread 0x0000014cfe1940d0 DEOPT UNPACKING pc=0x0000014c800523a3 sp=0x00000021bbef8e60 mode 2
Event: 61.032 Thread 0x0000014cfe1940d0 Uncommon trap: trap_request=0xffffff45 fr.pc=0x0000014c87e9e8dc relative=0x000000000000a4dc
Event: 61.032 Thread 0x0000014cfe1940d0 Uncommon trap: reason=unstable_if action=reinterpret pc=0x0000014c87e9e8dc method=javafx.scene.CssStyleHelper.getCachedFont(Ljavafx/css/Styleable;)Lcom/sun/javafx/css/CalculatedValue; @ 32 c2
Event: 61.032 Thread 0x0000014cfe1940d0 DEOPT PACKING pc=0x0000014c87e9e8dc sp=0x00000021bbef8c50
Event: 61.032 Thread 0x0000014cfe1940d0 DEOPT UNPACKING pc=0x0000014c800523a3 sp=0x00000021bbef8bb8 mode 2
Event: 61.032 Thread 0x0000014cfe1940d0 Uncommon trap: trap_request=0xffffff45 fr.pc=0x0000014c87eaf44c relative=0x0000000000003e8c
Event: 61.032 Thread 0x0000014cfe1940d0 Uncommon trap: reason=unstable_if action=reinterpret pc=0x0000014c87eaf44c method=javafx.scene.CssStyleHelper.getCachedFont(Ljavafx/css/Styleable;)Lcom/sun/javafx/css/CalculatedValue; @ 32 c2
Event: 61.032 Thread 0x0000014cfe1940d0 DEOPT PACKING pc=0x0000014c87eaf44c sp=0x00000021bbef8cc0
Event: 61.032 Thread 0x0000014cfe1940d0 DEOPT UNPACKING pc=0x0000014c800523a3 sp=0x00000021bbef8cc0 mode 2
Event: 61.032 Thread 0x0000014cfe1940d0 Uncommon trap: trap_request=0xffffffc6 fr.pc=0x0000014c87e1facc relative=0x0000000000001dec
Event: 61.032 Thread 0x0000014cfe1940d0 Uncommon trap: reason=bimorphic_or_optimized_type_check action=maybe_recompile pc=0x0000014c87e1facc method=javafx.css.CompoundSelector.stateMatches(Ljavafx/css/Styleable;Ljava/util/Set;I)Z @ 160 c2
Event: 61.033 Thread 0x0000014cfe1940d0 DEOPT PACKING pc=0x0000014c87e1facc sp=0x00000021bbef8b20
Event: 61.033 Thread 0x0000014cfe1940d0 DEOPT UNPACKING pc=0x0000014c800523a3 sp=0x00000021bbef8ac8 mode 2
Event: 61.033 Thread 0x0000014cfe1940d0 Uncommon trap: trap_request=0xffffffc6 fr.pc=0x0000014c87e1facc relative=0x0000000000001dec
Event: 61.033 Thread 0x0000014cfe1940d0 Uncommon trap: reason=bimorphic_or_optimized_type_check action=maybe_recompile pc=0x0000014c87e1facc method=javafx.css.CompoundSelector.stateMatches(Ljavafx/css/Styleable;Ljava/util/Set;I)Z @ 160 c2
Event: 61.033 Thread 0x0000014cfe1940d0 DEOPT PACKING pc=0x0000014c87e1facc sp=0x00000021bbef8b20
Event: 61.033 Thread 0x0000014cfe1940d0 DEOPT UNPACKING pc=0x0000014c800523a3 sp=0x00000021bbef8ac8 mode 2

Classes unloaded (0 events):
No events

Classes redefined (0 events):
No events

Internal exceptions (20 events):
Event: 12.853 Thread 0x0000014cfe1940d0 Exception <a 'java/lang/NoSuchMethodError'{0x0000000698aa6ce0}: 'java.lang.Object java.lang.invoke.Invokers$Holder.linkToTargetMethod(java.lang.Object, java.lang.Object, int, int, int, int, int, java.lang.Object)'> (0x0000000698aa6ce0) 
thrown [t:\workspace\open\src\hotspot\share\interpreter\linkResolver.cpp, line 766]
Event: 29.049 Thread 0x0000014cfe1940d0 Exception <a 'java/lang/NoSuchMethodError'{0x0000000698023558}: 'java.lang.Object java.lang.invoke.DirectMethodHandle$Holder.invokeSpecial(java.lang.Object, java.lang.Object, long, java.lang.Object, java.lang.Object, java.lang.Object, java.lang.Object, java.lang.Object, java.lang.Object, java.lang.Object)'> (0x0000000698023558) 
thrown [t:\workspace\open\src\hotspot\share\interpreter\linkResolver.cpp, line 766]
Event: 29.050 Thread 0x0000014cfe1940d0 Exception <a 'java/lang/NoSuchMethodError'{0x0000000698028db0}: 'java.lang.Object java.lang.invoke.DelegatingMethodHandle$Holder.reinvoke_L(java.lang.Object, long, java.lang.Object, java.lang.Object, java.lang.Object, java.lang.Object, java.lang.Object, java.lang.Object, java.lang.Object)'> (0x0000000698028db0) 
thrown [t:\workspace\open\src\hotspot\share\interpreter\linkResolver.cpp, line 766]
Event: 29.050 Thread 0x0000014cfe1940d0 Exception <a 'java/lang/NoSuchMethodError'{0x0000000698041898}: 'java.lang.Object java.lang.invoke.DirectMethodHandle$Holder.invokeSpecial(java.lang.Object, java.lang.Object, java.lang.Object, java.lang.Object, java.lang.Object, java.lang.Object, java.lang.Object, java.lang.Object, java.lang.Object)'> (0x0000000698041898) 
thrown [t:\workspace\open\src\hotspot\share\interpreter\linkResolver.cpp, line 766]
Event: 29.051 Thread 0x0000014cfe1940d0 Exception <a 'java/lang/NoSuchMethodError'{0x0000000698047268}: 'java.lang.Object java.lang.invoke.Invokers$Holder.linkToTargetMethod(java.lang.Object, java.lang.Object, java.lang.Object, java.lang.Object, java.lang.Object, java.lang.Object, java.lang.Object, java.lang.Object)'> (0x0000000698047268) 
thrown [t:\workspace\open\src\hotspot\share\interpreter\linkResolver.cpp, line 766]
Event: 29.055 Thread 0x0000014cfe1940d0 Exception <a 'java/lang/ClassNotFoundException'{0x0000000698052db8}: sun/awt/resources/spi/awtProvider> (0x0000000698052db8) 
thrown [t:\workspace\open\src\hotspot\share\classfile\systemDictionary.cpp, line 256]
Event: 29.058 Thread 0x0000014cfe1940d0 Exception <a 'java/io/FileNotFoundException'{0x0000000698056b58}> (0x0000000698056b58) 
thrown [t:\workspace\open\src\hotspot\share\prims\jni.cpp, line 516]
Event: 29.058 Thread 0x0000014cfe1940d0 Exception <a 'java/io/FileNotFoundException'{0x0000000698058e00}> (0x0000000698058e00) 
thrown [t:\workspace\open\src\hotspot\share\prims\jni.cpp, line 516]
Event: 29.083 Thread 0x0000014cfe1940d0 Exception <a 'java/lang/NoSuchMethodError'{0x00000006980dea30}: 'java.lang.Object java.lang.invoke.DirectMethodHandle$Holder.invokeStatic(java.lang.Object, int, java.lang.Object, java.lang.Object, java.lang.Object, java.lang.Object)'> (0x00000006980dea30) 
thrown [t:\workspace\open\src\hotspot\share\interpreter\linkResolver.cpp, line 766]
Event: 29.084 Thread 0x0000014cfe1940d0 Exception <a 'java/lang/NoSuchMethodError'{0x0000000698104f50}: 'java.lang.Object java.lang.invoke.DirectMethodHandle$Holder.invokeStatic(java.lang.Object, int, java.lang.Object)'> (0x0000000698104f50) 
thrown [t:\workspace\open\src\hotspot\share\interpreter\linkResolver.cpp, line 766]
Event: 29.094 Thread 0x0000014cfe1940d0 Exception <a 'java/lang/ClassNotFoundException'{0x00000006981c31c0}: com/sun/swing/internal/plaf/metal/resources/spi/metalProvider> (0x00000006981c31c0) 
thrown [t:\workspace\open\src\hotspot\share\classfile\systemDictionary.cpp, line 256]
Event: 29.095 Thread 0x0000014cfe1940d0 Exception <a 'java/lang/ClassNotFoundException'{0x00000006981c8148}: com/sun/swing/internal/plaf/basic/resources/spi/basicProvider> (0x00000006981c8148) 
thrown [t:\workspace\open\src\hotspot\share\classfile\systemDictionary.cpp, line 256]
Event: 29.101 Thread 0x0000014ca3a93290 Exception <a 'java/lang/NoSuchMethodError'{0x000000069827a360}: 'java.lang.Object java.lang.invoke.DirectMethodHandle$Holder.invokeStatic(java.lang.Object, java.lang.Object, java.lang.Object, int, int, int, int, int)'> (0x000000069827a360) 
thrown [t:\workspace\open\src\hotspot\share\interpreter\linkResolver.cpp, line 766]
Event: 29.191 Thread 0x0000014ca3a92dc0 Exception <a 'java/lang/NoSuchMethodError'{0x000000069a2082a8}: 'void java.lang.invoke.DirectMethodHandle$Holder.invokeVirtual(java.lang.Object, java.lang.Object)'> (0x000000069a2082a8) 
thrown [t:\workspace\open\src\hotspot\share\interpreter\linkResolver.cpp, line 766]
Event: 29.221 Thread 0x0000014cfe1940d0 Exception <a 'java/lang/NoSuchMethodError'{0x000000069a0a86f8}: 'int java.lang.invoke.DirectMethodHandle$Holder.invokeStatic(java.lang.Object)'> (0x000000069a0a86f8) 
thrown [t:\workspace\open\src\hotspot\share\interpreter\linkResolver.cpp, line 766]
Event: 33.080 Thread 0x0000014cfe1940d0 Exception <a 'java/lang/NoSuchMethodError'{0x0000000687c77f50}: 'int java.lang.invoke.DirectMethodHandle$Holder.invokeVirtual(java.lang.Object, java.lang.Object)'> (0x0000000687c77f50) 
thrown [t:\workspace\open\src\hotspot\share\interpreter\linkResolver.cpp, line 766]
Event: 33.080 Thread 0x0000014cfe1940d0 Exception <a 'java/lang/NoSuchMethodError'{0x0000000687c7ebd8}: 'void java.lang.invoke.DirectMethodHandle$Holder.invokeVirtual(java.lang.Object, java.lang.Object, int)'> (0x0000000687c7ebd8) 
thrown [t:\workspace\open\src\hotspot\share\interpreter\linkResolver.cpp, line 766]
Event: 61.032 Thread 0x0000014cfe1940d0 Implicit null exception at 0x0000014c87df7c36 to 0x0000014c87e02acc
Event: 61.032 Thread 0x0000014cfe1940d0 Implicit null exception at 0x0000014c87e94cd4 to 0x0000014c87e9e85c
Event: 61.032 Thread 0x0000014cfe1940d0 Implicit null exception at 0x0000014c87eabcb1 to 0x0000014c87eaf43c

VM Operations (20 events):
Event: 49.085 Executing VM operation: Cleanup done
Event: 50.085 Executing VM operation: Cleanup
Event: 50.085 Executing VM operation: Cleanup done
Event: 52.085 Executing VM operation: Cleanup
Event: 52.086 Executing VM operation: Cleanup done
Event: 53.086 Executing VM operation: Cleanup
Event: 53.086 Executing VM operation: Cleanup done
Event: 58.086 Executing VM operation: Cleanup
Event: 58.086 Executing VM operation: Cleanup done
Event: 61.046 Executing VM operation: HandshakeAllThreads
Event: 61.046 Executing VM operation: HandshakeAllThreads done
Event: 61.046 Executing VM operation: Cleanup
Event: 61.046 Executing VM operation: Cleanup done
Event: 62.046 Executing VM operation: Cleanup
Event: 62.046 Executing VM operation: Cleanup done
Event: 62.120 Executing VM operation: HandshakeAllThreads
Event: 62.120 Executing VM operation: HandshakeAllThreads done
Event: 62.803 Executing VM operation: HandshakeAllThreads
Event: 62.803 Executing VM operation: HandshakeAllThreads done
Event: 63.143 Executing VM operation: Exit

Events (20 events):
Event: 62.807 Thread 0x0000014cfd2eb4b0 flushing nmethod 0x0000014c80fb5790
Event: 62.807 Thread 0x0000014cfd2eb4b0 flushing nmethod 0x0000014c80fb5d10
Event: 62.807 Thread 0x0000014cfd2eb4b0 flushing nmethod 0x0000014c80ffb290
Event: 62.807 Thread 0x0000014cfd2eb4b0 flushing nmethod 0x0000014c80ffc490
Event: 62.807 Thread 0x0000014cfd2eb4b0 flushing nmethod 0x0000014c80ffd190
Event: 62.807 Thread 0x0000014cfd2eb4b0 flushing nmethod 0x0000014c8101bf90
Event: 62.807 Thread 0x0000014cfd2eb4b0 flushing nmethod 0x0000014c8108cf10
Event: 62.808 Thread 0x0000014cfd2eb4b0 flushing nmethod 0x0000014c81167690
Event: 63.042 Thread 0x0000014ca3a915b0 Thread added: 0x0000014ca3a915b0
Event: 63.042 Thread 0x0000014ca3a91a80 Thread added: 0x0000014ca3a91a80
Event: 63.042 Thread 0x0000014ca3a94aa0 Thread added: 0x0000014ca3a94aa0
Event: 63.042 Thread 0x0000014ca3a93760 Thread added: 0x0000014ca3a93760
Event: 63.042 Thread 0x0000014ca3a915b0 Thread exited: 0x0000014ca3a915b0
Event: 63.042 Thread 0x0000014ca3a928f0 Thread exited: 0x0000014ca3a928f0
Event: 63.042 Thread 0x0000014ca3a94aa0 Thread exited: 0x0000014ca3a94aa0
Event: 63.042 Thread 0x0000014ca3a915b0 Thread added: 0x0000014ca3a915b0
Event: 63.043 Thread 0x0000014ca3a93760 Thread exited: 0x0000014ca3a93760
Event: 63.062 Thread 0x0000014cfe94d370 Thread exited: 0x0000014cfe94d370
Event: 63.064 Thread 0x0000014ca3a92dc0 Thread exited: 0x0000014ca3a92dc0
Event: 63.143 Thread 0x0000014ca3a91a80 Thread exited: 0x0000014ca3a91a80


Dynamic libraries:
0x00007ff62ea40000 - 0x00007ff62ea50000 	C:\Program Files\Java\jdk-17.0.2\bin\java.exe
0x00007ffe9c380000 - 0x00007ffe9c589000 	C:\Windows\SYSTEM32\ntdll.dll
0x00007ffe9acd0000 - 0x00007ffe9ad8d000 	C:\Windows\System32\KERNEL32.DLL
0x00007ffe99de0000 - 0x00007ffe9a159000 	C:\Windows\System32\KERNELBASE.dll
0x00007ffe99cc0000 - 0x00007ffe99dd1000 	C:\Windows\System32\ucrtbase.dll
0x00007ffe93dd0000 - 0x00007ffe93dea000 	C:\Program Files\Java\jdk-17.0.2\bin\VCRUNTIME140.dll
0x00007ffe6efc0000 - 0x00007ffe6efd8000 	C:\Program Files\Java\jdk-17.0.2\bin\jli.dll
0x00007ffe9b9c0000 - 0x00007ffe9ba6e000 	C:\Windows\System32\ADVAPI32.dll
0x00007ffe9bfe0000 - 0x00007ffe9c083000 	C:\Windows\System32\msvcrt.dll
0x00007ffe9a510000 - 0x00007ffe9a5ae000 	C:\Windows\System32\sechost.dll
0x00007ffe9b540000 - 0x00007ffe9b660000 	C:\Windows\System32\RPCRT4.dll
0x00007ffe9a5b0000 - 0x00007ffe9a75c000 	C:\Windows\System32\USER32.dll
0x00007ffe8b040000 - 0x00007ffe8b2e5000 	C:\Windows\WinSxS\amd64_microsoft.windows.common-controls_6595b64144ccf1df_6.0.22000.120_none_9d947278b86cc467\COMCTL32.dll
0x00007ffe99b20000 - 0x00007ffe99b46000 	C:\Windows\System32\win32u.dll
0x00007ffe9b780000 - 0x00007ffe9b7a9000 	C:\Windows\System32\GDI32.dll
0x00007ffe99a00000 - 0x00007ffe99b12000 	C:\Windows\System32\gdi32full.dll
0x00007ffe99870000 - 0x00007ffe9990d000 	C:\Windows\System32\msvcp_win.dll
0x00007ffe92d20000 - 0x00007ffe92d2a000 	C:\Windows\SYSTEM32\VERSION.dll
0x00007ffe9b890000 - 0x00007ffe9b8c1000 	C:\Windows\System32\IMM32.DLL
0x00007ffe77680000 - 0x00007ffe7768c000 	C:\Program Files\Java\jdk-17.0.2\bin\vcruntime140_1.dll
0x00007ffe15110000 - 0x00007ffe1519d000 	C:\Program Files\Java\jdk-17.0.2\bin\msvcp140.dll
0x00007ffe06a20000 - 0x00007ffe075e1000 	C:\Program Files\Java\jdk-17.0.2\bin\server\jvm.dll
0x00007ffe9ba70000 - 0x00007ffe9ba78000 	C:\Windows\System32\PSAPI.DLL
0x00007ffe92d50000 - 0x00007ffe92d83000 	C:\Windows\SYSTEM32\WINMM.dll
0x00007ffe96650000 - 0x00007ffe96659000 	C:\Windows\SYSTEM32\WSOCK32.dll
0x00007ffe9a230000 - 0x00007ffe9a29f000 	C:\Windows\System32\WS2_32.dll
0x00007ffe98a60000 - 0x00007ffe98a78000 	C:\Windows\SYSTEM32\kernel.appcore.dll
0x00007ffe77670000 - 0x00007ffe7767a000 	C:\Program Files\Java\jdk-17.0.2\bin\jimage.dll
0x00007ffe96e60000 - 0x00007ffe97081000 	C:\Windows\SYSTEM32\DBGHELP.DLL
0x00007ffe822a0000 - 0x00007ffe822d1000 	C:\Windows\SYSTEM32\dbgcore.DLL
0x00007ffe99910000 - 0x00007ffe9998f000 	C:\Windows\System32\bcryptPrimitives.dll
0x00007ffe6fac0000 - 0x00007ffe6fae5000 	C:\Program Files\Java\jdk-17.0.2\bin\java.dll
0x00007ffe4b880000 - 0x00007ffe4b956000 	C:\Program Files\Java\jdk-17.0.2\bin\jsvml.dll
0x00007ffe9ad90000 - 0x00007ffe9b53f000 	C:\Windows\System32\SHELL32.dll
0x00007ffe979f0000 - 0x00007ffe98258000 	C:\Windows\SYSTEM32\windows.storage.dll
0x00007ffe9a830000 - 0x00007ffe9aba8000 	C:\Windows\System32\combase.dll
0x00007ffe97880000 - 0x00007ffe979e6000 	C:\Windows\SYSTEM32\wintypes.dll
0x00007ffe9bef0000 - 0x00007ffe9bfda000 	C:\Windows\System32\SHCORE.dll
0x00007ffe9a760000 - 0x00007ffe9a7bd000 	C:\Windows\System32\shlwapi.dll
0x00007ffe997a0000 - 0x00007ffe997c1000 	C:\Windows\SYSTEM32\profapi.dll
0x00007ffe6ef70000 - 0x00007ffe6ef89000 	C:\Program Files\Java\jdk-17.0.2\bin\net.dll
0x00007ffe93fb0000 - 0x00007ffe940bc000 	C:\Windows\SYSTEM32\WINHTTP.dll
0x00007ffe98e90000 - 0x00007ffe98ef7000 	C:\Windows\system32\mswsock.dll
0x00007ffe6ede0000 - 0x00007ffe6edf6000 	C:\Program Files\Java\jdk-17.0.2\bin\nio.dll
0x00007ffe658c0000 - 0x00007ffe658d8000 	C:\Program Files\Java\jdk-17.0.2\bin\zip.dll
0x0000014cefd20000 - 0x0000014cefd23000 	C:\Program Files\Java\javafx-sdk-18.0.1\bin\api-ms-win-core-console-l1-1-0.dll
0x0000014cefd30000 - 0x0000014cefd33000 	C:\Program Files\Java\javafx-sdk-18.0.1\bin\api-ms-win-core-console-l1-2-0.dll
0x0000014cefd40000 - 0x0000014cefd43000 	C:\Program Files\Java\javafx-sdk-18.0.1\bin\api-ms-win-core-datetime-l1-1-0.dll
0x0000014cefd50000 - 0x0000014cefd53000 	C:\Program Files\Java\javafx-sdk-18.0.1\bin\api-ms-win-core-debug-l1-1-0.dll
0x0000014cefd60000 - 0x0000014cefd63000 	C:\Program Files\Java\javafx-sdk-18.0.1\bin\api-ms-win-core-errorhandling-l1-1-0.dll
0x0000014cefd70000 - 0x0000014cefd74000 	C:\Program Files\Java\javafx-sdk-18.0.1\bin\api-ms-win-core-file-l1-1-0.dll
0x0000014cefd80000 - 0x0000014cefd83000 	C:\Program Files\Java\javafx-sdk-18.0.1\bin\api-ms-win-core-file-l1-2-0.dll
0x0000014cefd90000 - 0x0000014cefd93000 	C:\Program Files\Java\javafx-sdk-18.0.1\bin\api-ms-win-core-file-l2-1-0.dll
0x0000014cfd2f0000 - 0x0000014cfd2f3000 	C:\Program Files\Java\javafx-sdk-18.0.1\bin\api-ms-win-core-handle-l1-1-0.dll
0x0000014cfd300000 - 0x0000014cfd303000 	C:\Program Files\Java\javafx-sdk-18.0.1\bin\api-ms-win-core-heap-l1-1-0.dll
0x0000014cfd310000 - 0x0000014cfd313000 	C:\Program Files\Java\javafx-sdk-18.0.1\bin\api-ms-win-core-interlocked-l1-1-0.dll
0x0000014cfd320000 - 0x0000014cfd323000 	C:\Program Files\Java\javafx-sdk-18.0.1\bin\api-ms-win-core-libraryloader-l1-1-0.dll
0x0000014cfd330000 - 0x0000014cfd333000 	C:\Program Files\Java\javafx-sdk-18.0.1\bin\api-ms-win-core-localization-l1-2-0.dll
0x0000014cfd340000 - 0x0000014cfd343000 	C:\Program Files\Java\javafx-sdk-18.0.1\bin\api-ms-win-core-memory-l1-1-0.dll
0x0000014cfd350000 - 0x0000014cfd353000 	C:\Program Files\Java\javafx-sdk-18.0.1\bin\api-ms-win-core-namedpipe-l1-1-0.dll
0x0000014cfd360000 - 0x0000014cfd363000 	C:\Program Files\Java\javafx-sdk-18.0.1\bin\api-ms-win-core-processenvironment-l1-1-0.dll
0x0000014cfd370000 - 0x0000014cfd373000 	C:\Program Files\Java\javafx-sdk-18.0.1\bin\api-ms-win-core-processthreads-l1-1-0.dll
0x0000014cfd380000 - 0x0000014cfd383000 	C:\Program Files\Java\javafx-sdk-18.0.1\bin\api-ms-win-core-processthreads-l1-1-1.dll
0x0000014cfd390000 - 0x0000014cfd393000 	C:\Program Files\Java\javafx-sdk-18.0.1\bin\api-ms-win-core-profile-l1-1-0.dll
0x0000014cfd3a0000 - 0x0000014cfd3a3000 	C:\Program Files\Java\javafx-sdk-18.0.1\bin\api-ms-win-core-rtlsupport-l1-1-0.dll
0x0000014cfd3b0000 - 0x0000014cfd3b3000 	C:\Program Files\Java\javafx-sdk-18.0.1\bin\api-ms-win-core-string-l1-1-0.dll
0x0000014cfd3c0000 - 0x0000014cfd3c3000 	C:\Program Files\Java\javafx-sdk-18.0.1\bin\api-ms-win-core-synch-l1-1-0.dll
0x0000014cfd3d0000 - 0x0000014cfd3d3000 	C:\Program Files\Java\javafx-sdk-18.0.1\bin\api-ms-win-core-synch-l1-2-0.dll
0x0000014cfd3e0000 - 0x0000014cfd3e3000 	C:\Program Files\Java\javafx-sdk-18.0.1\bin\api-ms-win-core-sysinfo-l1-1-0.dll
0x0000014cfd3f0000 - 0x0000014cfd3f3000 	C:\Program Files\Java\javafx-sdk-18.0.1\bin\api-ms-win-core-timezone-l1-1-0.dll
0x0000014cff900000 - 0x0000014cff903000 	C:\Program Files\Java\javafx-sdk-18.0.1\bin\api-ms-win-core-util-l1-1-0.dll
0x0000014cff910000 - 0x0000014cff913000 	C:\Program Files\Java\javafx-sdk-18.0.1\bin\api-ms-win-crt-conio-l1-1-0.dll
0x0000014cff920000 - 0x0000014cff924000 	C:\Program Files\Java\javafx-sdk-18.0.1\bin\api-ms-win-crt-convert-l1-1-0.dll
0x0000014cff930000 - 0x0000014cff933000 	C:\Program Files\Java\javafx-sdk-18.0.1\bin\api-ms-win-crt-environment-l1-1-0.dll
0x0000014cff940000 - 0x0000014cff943000 	C:\Program Files\Java\javafx-sdk-18.0.1\bin\api-ms-win-crt-filesystem-l1-1-0.dll
0x0000014cff950000 - 0x0000014cff953000 	C:\Program Files\Java\javafx-sdk-18.0.1\bin\api-ms-win-crt-heap-l1-1-0.dll
0x0000014cff960000 - 0x0000014cff963000 	C:\Program Files\Java\javafx-sdk-18.0.1\bin\api-ms-win-crt-locale-l1-1-0.dll
0x0000014cff970000 - 0x0000014cff975000 	C:\Program Files\Java\javafx-sdk-18.0.1\bin\api-ms-win-crt-math-l1-1-0.dll
0x0000014cff980000 - 0x0000014cff985000 	C:\Program Files\Java\javafx-sdk-18.0.1\bin\api-ms-win-crt-multibyte-l1-1-0.dll
0x0000014cff990000 - 0x0000014cff9a0000 	C:\Program Files\Java\javafx-sdk-18.0.1\bin\api-ms-win-crt-private-l1-1-0.dll
0x0000014cff9a0000 - 0x0000014cff9a3000 	C:\Program Files\Java\javafx-sdk-18.0.1\bin\api-ms-win-crt-process-l1-1-0.dll
0x0000014cff9b0000 - 0x0000014cff9b4000 	C:\Program Files\Java\javafx-sdk-18.0.1\bin\api-ms-win-crt-runtime-l1-1-0.dll
0x0000014cff9c0000 - 0x0000014cff9c4000 	C:\Program Files\Java\javafx-sdk-18.0.1\bin\api-ms-win-crt-stdio-l1-1-0.dll
0x0000014cff9d0000 - 0x0000014cff9d4000 	C:\Program Files\Java\javafx-sdk-18.0.1\bin\api-ms-win-crt-string-l1-1-0.dll
0x0000014cff9e0000 - 0x0000014cff9e3000 	C:\Program Files\Java\javafx-sdk-18.0.1\bin\api-ms-win-crt-time-l1-1-0.dll
0x0000014cff9f0000 - 0x0000014cff9f3000 	C:\Program Files\Java\javafx-sdk-18.0.1\bin\api-ms-win-crt-utility-l1-1-0.dll
0x00007ffe6b6b0000 - 0x00007ffe6b7ac000 	C:\Program Files\Java\javafx-sdk-18.0.1\bin\ucrtbase.dll
0x00007ffe6efa0000 - 0x00007ffe6efba000 	C:\Program Files\Java\javafx-sdk-18.0.1\bin\vcruntime140.dll
0x00007ffe82d80000 - 0x00007ffe82d8c000 	C:\Program Files\Java\javafx-sdk-18.0.1\bin\vcruntime140_1.dll
0x00007ffe6b620000 - 0x00007ffe6b6ad000 	C:\Program Files\Java\javafx-sdk-18.0.1\bin\msvcp140.dll
0x00007ffe6b9b0000 - 0x00007ffe6b9dc000 	C:\Program Files\Java\javafx-sdk-18.0.1\bin\prism_d3d.dll
0x00007ffe8e9e0000 - 0x00007ffe8eb86000 	C:\Windows\system32\d3d9.dll
0x00007ffe97340000 - 0x00007ffe9736f000 	C:\Windows\SYSTEM32\dwmapi.dll
0x00007ffe970e0000 - 0x00007ffe97118000 	C:\Windows\SYSTEM32\dxcore.dll
0x00007ffe96ac0000 - 0x00007ffe96b6c000 	C:\Windows\system32\uxtheme.dll
0x00007ffe99130000 - 0x00007ffe99142000 	C:\Windows\SYSTEM32\msasn1.dll
0x00007ffe910a0000 - 0x00007ffe910d1000 	C:\Windows\SYSTEM32\cryptnet.dll
0x00007ffe99b50000 - 0x00007ffe99cb2000 	C:\Windows\System32\CRYPT32.dll
0x00007ffe8f470000 - 0x00007ffe8f5b9000 	C:\Windows\SYSTEM32\drvstore.dll
0x00007ffe99590000 - 0x00007ffe995bc000 	C:\Windows\SYSTEM32\devobj.dll
0x00007ffe99540000 - 0x00007ffe9958c000 	C:\Windows\SYSTEM32\cfgmgr32.dll
0x00007ffe991a0000 - 0x00007ffe991dd000 	C:\Windows\SYSTEM32\wldp.dll
0x00007ffe990d0000 - 0x00007ffe990dc000 	C:\Windows\SYSTEM32\cryptbase.dll
0x00007ffe99990000 - 0x00007ffe999f7000 	C:\Windows\System32\WINTRUST.DLL
0x00007ffe9b870000 - 0x00007ffe9b88f000 	C:\Windows\System32\imagehlp.dll
0x00007ffe990e0000 - 0x00007ffe990f8000 	C:\Windows\SYSTEM32\CRYPTSP.dll
0x00007ffe989c0000 - 0x00007ffe989f5000 	C:\Windows\system32\rsaenh.dll
0x00007ffe99250000 - 0x00007ffe99277000 	C:\Windows\SYSTEM32\bcrypt.dll
0x00007ffe93380000 - 0x00007ffe933c4000 	C:\Windows\SYSTEM32\directxdatabasehelper.dll
0x00007ffe97160000 - 0x00007ffe97194000 	C:\Windows\SYSTEM32\ntmarta.dll
0x00007ffe6b5d0000 - 0x00007ffe6b612000 	C:\Program Files\Java\javafx-sdk-18.0.1\bin\glass.dll
0x00007ffe9c090000 - 0x00007ffe9c17c000 	C:\Windows\System32\COMDLG32.dll
0x00007ffe9a350000 - 0x00007ffe9a4ea000 	C:\Windows\System32\ole32.dll
0x00007ffe9b8e0000 - 0x00007ffe9b9b6000 	C:\Windows\System32\OLEAUT32.dll
0x00007ffe9abb0000 - 0x00007ffe9acce000 	C:\Windows\System32\MSCTF.dll
0x00007ffe2aad0000 - 0x00007ffe2ad93000 	C:\Windows\system32\nvspcap64.dll
0x00007ffe98f20000 - 0x00007ffe98f44000 	C:\Windows\SYSTEM32\gpapi.dll
0x00007ffe6b290000 - 0x00007ffe6b2a4000 	C:\Program Files\Java\javafx-sdk-18.0.1\bin\javafx_font.dll
0x00007ffe732c0000 - 0x00007ffe7351f000 	C:\Windows\SYSTEM32\dwrite.dll
0x00007ffe9a2a0000 - 0x00007ffe9a34f000 	C:\Windows\System32\clbcatq.dll
0x00007ffe91120000 - 0x00007ffe912ce000 	C:\Windows\SYSTEM32\WindowsCodecs.dll
0x00007ffe71060000 - 0x00007ffe710bd000 	C:\Windows\system32\dataexchange.dll
0x00007ffe90580000 - 0x00007ffe907e6000 	C:\Windows\system32\twinapi.appcore.dll
0x00007ffe6b2b0000 - 0x00007ffe6b2e2000 	C:\Program Files\Common Files\Microsoft Shared\Ink\rtscom.dll
0x00007ffe7dd60000 - 0x00007ffe7de8d000 	C:\Windows\SYSTEM32\textinputframework.dll
0x00007ffe96510000 - 0x00007ffe96642000 	C:\Windows\SYSTEM32\CoreMessaging.dll
0x00007ffe92550000 - 0x00007ffe928bd000 	C:\Windows\SYSTEM32\CoreUIComponents.dll
0x00007ffe6b080000 - 0x00007ffe6b0ad000 	C:\Program Files\Java\javafx-sdk-18.0.1\bin\javafx_iio.dll

dbghelp: loaded successfully - version: 4.0.5 - missing functions: none
symbol engine: initialized successfully - sym options: 0x614 - pdb path: .;C:\Program Files\Java\jdk-17.0.2\bin;C:\Windows\SYSTEM32;C:\Windows\WinSxS\amd64_microsoft.windows.common-controls_6595b64144ccf1df_6.0.22000.120_none_9d947278b86cc467;C:\Program Files\Java\jdk-17.0.2\bin\server;C:\Program Files\Java\javafx-sdk-18.0.1\bin;C:\Windows\System32\DriverStore\FileRepository\nvltig.inf_amd64_ce837e92efe9cbc4;C:\Program Files\Common Files\Microsoft Shared\Ink

VM Arguments:
jvm_args: -Dfile.encoding=UTF-8 --add-modules=javafx.controls,javafx.fxml --module-path=C:\Users\juanc\OneDrive\Documentos\Universidad 3\POO\SEATORA\build\classes;C:\Program Files\Java\javafx-sdk-18.0.1\lib\javafx-swt.jar;C:\Program Files\Java\javafx-sdk-18.0.1\lib\javafx.base.jar;C:\Program Files\Java\javafx-sdk-18.0.1\lib\javafx.controls.jar;C:\Program Files\Java\javafx-sdk-18.0.1\lib\javafx.fxml.jar;C:\Program Files\Java\javafx-sdk-18.0.1\lib\javafx.graphics.jar;C:\Program Files\Java\javafx-sdk-18.0.1\lib\javafx.media.jar;C:\Program Files\Java\javafx-sdk-18.0.1\lib\javafx.swing.jar;C:\Program Files\Java\javafx-sdk-18.0.1\lib\javafx.web.jar 
java_command: start.Seatora
java_class_path (initial): C:\Program Files\Java\javafx-sdk-18.0.1\lib\javafx-swt.jar;C:\Program Files\Java\javafx-sdk-18.0.1\lib\javafx.base.jar;C:\Program Files\Java\javafx-sdk-18.0.1\lib\javafx.controls.jar;C:\Program Files\Java\javafx-sdk-18.0.1\lib\javafx.fxml.jar;C:\Program Files\Java\javafx-sdk-18.0.1\lib\javafx.graphics.jar;C:\Program Files\Java\javafx-sdk-18.0.1\lib\javafx.media.jar;C:\Program Files\Java\javafx-sdk-18.0.1\lib\javafx.swing.jar;C:\Program Files\Java\javafx-sdk-18.0.1\lib\javafx.web.jar;C:\Users\juanc\OneDrive\Documentos\Universidad 3\POO\SEATORA\build\classes
Launcher Type: SUN_STANDARD

[Global flags]
     intx CICompilerCount                          = 12                                        {product} {ergonomic}
     uint ConcGCThreads                            = 3                                         {product} {ergonomic}
     uint G1ConcRefinementThreads                  = 13                                        {product} {ergonomic}
   size_t G1HeapRegionSize                         = 4194304                                   {product} {ergonomic}
    uintx GCDrainStackTargetSize                   = 64                                        {product} {ergonomic}
   size_t InitialHeapSize                          = 402653184                                 {product} {ergonomic}
   size_t MarkStackSize                            = 4194304                                   {product} {ergonomic}
   size_t MaxHeapSize                              = 6404702208                                {product} {ergonomic}
   size_t MaxNewSize                               = 3841982464                                {product} {ergonomic}
   size_t MinHeapDeltaBytes                        = 4194304                                   {product} {ergonomic}
   size_t MinHeapSize                              = 8388608                                   {product} {ergonomic}
    uintx NonNMethodCodeHeapSize                   = 7602480                                {pd product} {ergonomic}
    uintx NonProfiledCodeHeapSize                  = 122027880                              {pd product} {ergonomic}
    uintx ProfiledCodeHeapSize                     = 122027880                              {pd product} {ergonomic}
    uintx ReservedCodeCacheSize                    = 251658240                              {pd product} {ergonomic}
     bool SegmentedCodeCache                       = true                                      {product} {ergonomic}
   size_t SoftMaxHeapSize                          = 6404702208                             {manageable} {ergonomic}
     bool UseCompressedClassPointers               = true                           {product lp64_product} {ergonomic}
     bool UseCompressedOops                        = true                           {product lp64_product} {ergonomic}
     bool UseG1GC                                  = true                                      {product} {ergonomic}
     bool UseLargePagesIndividualAllocation        = false                                  {pd product} {ergonomic}

Logging:
Log output configuration:
 #0: stdout all=off uptime,level,tags
 #1: stderr all=off uptime,level,tags

Environment Variables:
PATH=C:\Program Files\Common Files\Oracle\Java\javapath;C:\Program Files (x86)\Common Files\Oracle\Java\javapath;C:\Windows\system32;C:\Windows;C:\Windows\System32\Wbem;C:\Windows\System32\WindowsPowerShell\v1.0\;C:\Windows\System32\OpenSSH\;C:\Program Files (x86)\NVIDIA Corporation\PhysX\Common;C:\Program Files\NVIDIA Corporation\NVIDIA NvDLISR;C:\Users\juanc\AppData\Local\Microsoft\WindowsApps;;C:\Users\juanc\AppData\Local\Programs\Microsoft VS Code\bin
USERNAME=juanc
OS=Windows_NT
PROCESSOR_IDENTIFIER=AMD64 Family 25 Model 80 Stepping 0, AuthenticAMD



---------------  S Y S T E M  ---------------

OS:
 Windows 11 , 64 bit Build 22000 (10.0.22000.675)
OS uptime: 0 days 3:14 hours

CPU: total 16 (initial active 16) (16 cores per cpu, 2 threads per core) family 25 model 80 stepping 0 microcode 0x0, cx8, cmov, fxsr, ht, mmx, 3dnowpref, sse, sse2, sse3, ssse3, sse4a, sse4.1, sse4.2, popcnt, lzcnt, tsc, tscinvbit, avx, avx2, aes, erms, clmul, bmi1, bmi2, adx, sha, fma, vzeroupper, clflush, clflushopt

Memory: 4k page, system-wide physical 24428M (15094M free)
TotalPageFile size 28012M (AvailPageFile size 15266M)
current process WorkingSet (physical memory assigned to process): 198M, peak: 268M
current process commit charge ("private bytes"): 391M, peak: 718M

vm_info: Java HotSpot(TM) 64-Bit Server VM (17.0.2+8-LTS-86) for windows-amd64 JRE (17.0.2+8-LTS-86), built on Dec  7 2021 21:51:03 by "mach5one" with MS VC++ 16.8 / 16.9 (VS2019)

END.
