#
# A fatal error has been detected by the Java Runtime Environment:
#
#  EXCEPTION_ACCESS_VIOLATION (0xc0000005) at pc=0x00007ff920b162d7, pid=5268, tid=20628
#
# JRE version: Java(TM) SE Runtime Environment (17.0.2+8) (build 17.0.2+8-LTS-86)
# Java VM: Java HotSpot(TM) 64-Bit Server VM (17.0.2+8-LTS-86, mixed mode, sharing, tiered, compressed oops, compressed class ptrs, g1 gc, windows-amd64)
# Problematic frame:
# C  [glass.dll+0x262d7]
#
# No core dump will be written. Minidumps are not enabled by default on client versions of Windows
#
# If you would like to submit a bug report, please visit:
#   https://bugreport.java.com/bugreport/crash.jsp
#

---------------  S U M M A R Y ------------

Command Line: -Dfile.encoding=UTF-8 --add-modules=javafx.controls,javafx.fxml --module-path=C:\Users\juanc\OneDrive\Documentos\Universidad 3\POO\SEATORA\build\classes;C:\Program Files\Java\javafx-sdk-18.0.1\lib\javafx-swt.jar;C:\Program Files\Java\javafx-sdk-18.0.1\lib\javafx.base.jar;C:\Program Files\Java\javafx-sdk-18.0.1\lib\javafx.controls.jar;C:\Program Files\Java\javafx-sdk-18.0.1\lib\javafx.fxml.jar;C:\Program Files\Java\javafx-sdk-18.0.1\lib\javafx.graphics.jar;C:\Program Files\Java\javafx-sdk-18.0.1\lib\javafx.media.jar;C:\Program Files\Java\javafx-sdk-18.0.1\lib\javafx.swing.jar;C:\Program Files\Java\javafx-sdk-18.0.1\lib\javafx.web.jar start.Seatora

Host: AMD Ryzen 7 5800H with Radeon Graphics         , 16 cores, 23G,  Windows 11 , 64 bit Build 22000 (10.0.22000.675)
Time: Thu May 26 02:30:56 2022 Hora est. Pacífico, Sudamérica elapsed time: 22.466506 seconds (0d 0h 0m 22s)

---------------  T H R E A D  ---------------

Current thread (0x000002d3355ce540):  VMThread "VM Thread" [stack: 0x000000d83df00000,0x000000d83e000000] [id=20628]

Stack: [0x000000d83df00000,0x000000d83e000000],  sp=0x000000d83dfff180,  free space=1020k
Native frames: (J=compiled Java code, j=interpreted, Vv=VM code, C=native code)
C  [glass.dll+0x262d7]


siginfo: EXCEPTION_ACCESS_VIOLATION (0xc0000005), reading address 0x0000000000000000


Register to memory mapping:

RIP=0x00007ff920b162d7 glass.dll
RAX=0x0 is NULL
RBX=0x000002d3355e2208 is a global jni handle
RCX=0x000002d3355ce540 points into unknown readable memory: 0x00007ff8c679e890 | 90 e8 79 c6 f8 7f 00 00
RDX=0x000000d83dfff180 points into unknown readable memory: 0x0000000000000000 | 00 00 00 00 00 00 00 00
RSP=0x000000d83dfff180 points into unknown readable memory: 0x0000000000000000 | 00 00 00 00 00 00 00 00
RBP=0x000002d3371e6858 points into unknown readable memory: 0x0000c2bdd9c862a1 | a1 62 c8 d9 bd c2 00 00
RSI=0x000002d3371e6830 points into unknown readable memory: 0x4162af05d9c89d53 | 53 9d c8 d9 05 af 62 41
RDI=0x0000c2bdd9c862a1 is an unknown value
R8 =0x0000000000010002 is an unknown value
R9 =0x0000c2bdd9c862a1 is an unknown value
R10=0x85f13e9656da4870 is an unknown value
R11=0x000000d83dfff110 points into unknown readable memory: 0x000002d3371e6830 | 30 68 1e 37 d3 02 00 00
R12=0x00007ff920b13bc4 glass.dll
R13=0x00007ff8c69449d0 jvm.dll
R14=0x000000d83dfff288 points into unknown readable memory: 0x000000d83dfff270 | 70 f2 ff 3d d8 00 00 00
R15=0x000002d3371e6830 points into unknown readable memory: 0x4162af05d9c89d53 | 53 9d c8 d9 05 af 62 41


Registers:
RAX=0x0000000000000000, RBX=0x000002d3355e2208, RCX=0x000002d3355ce540, RDX=0x000000d83dfff180
RSP=0x000000d83dfff180, RBP=0x000002d3371e6858, RSI=0x000002d3371e6830, RDI=0x0000c2bdd9c862a1
R8 =0x0000000000010002, R9 =0x0000c2bdd9c862a1, R10=0x85f13e9656da4870, R11=0x000000d83dfff110
R12=0x00007ff920b13bc4, R13=0x00007ff8c69449d0, R14=0x000000d83dfff288, R15=0x000002d3371e6830
RIP=0x00007ff920b162d7, EFLAGS=0x0000000000010206

Top of Stack: (sp=0x000000d83dfff180)
0x000000d83dfff180:   0000000000000000 000002d3371e6830
0x000000d83dfff190:   00007ff8c69449d0 00007ff920b13bc4
0x000000d83dfff1a0:   000002d3371e6838 00007ff95a64bea0
0x000000d83dfff1b0:   0000c2bdd9c862a1 000002d300000000
0x000000d83dfff1c0:   000002d3371e6858 000002d3371e6830
0x000000d83dfff1d0:   fffffffffffffffe 0000000000000000
0x000000d83dfff1e0:   0000000000000001 00007ff920af0000
0x000000d83dfff1f0:   000000d83dfff278 00007ff95a64bdb7
0x000000d83dfff200:   0000000000000000 000000d83dfff288
0x000000d83dfff210:   000000d83dfff560 00007ff95a7312b0
0x000000d83dfff220:   0000000000000001 00007ff95a64bd6d
0x000000d83dfff230:   0000000000000000 0000000000000001
0x000000d83dfff240:   0000000000000000 000000d83dfff278
0x000000d83dfff250:   fffffffffffffffe 000000d800000000
0x000000d83dfff260:   ffffffff00000001 00007ff920b13a51
0x000000d83dfff270:   00007ff920b29f88 00007ff800000002 

Instructions: (pc=0x00007ff920b162d7)
0x00007ff920b161d7:   8b 4d 58 e8 2d cf ff ff 48 8b 4d 60 e8 24 cf ff
0x00007ff920b161e7:   ff 48 8b 95 80 00 00 00 48 8b 8d 18 01 00 00 e8
0x00007ff920b161f7:   16 c4 ff ff 33 d2 33 c9 e8 5c e1 ff ff 90 48 89
0x00007ff920b16207:   54 24 10 55 48 83 ec 20 48 8b ea 48 b8 00 00 00
0x00007ff920b16217:   00 00 00 00 00 48 83 c4 20 5d c3 cc 40 55 48 8b
0x00007ff920b16227:   ea 48 8b 01 33 c9 81 38 05 00 00 c0 0f 94 c1 8b
0x00007ff920b16237:   c1 5d c3 cc 40 55 48 83 ec 20 48 8b ea 8a 4d 40
0x00007ff920b16247:   48 83 c4 20 5d e9 17 d3 ff ff cc 40 55 48 83 ec
0x00007ff920b16257:   20 48 8b ea 8a 4d 20 e8 05 d3 ff ff 90 48 83 c4
0x00007ff920b16267:   20 5d c3 cc 40 55 48 83 ec 20 48 8b ea 48 83 c4
0x00007ff920b16277:   20 5d e9 66 d1 ff ff cc 40 55 48 83 ec 30 48 8b
0x00007ff920b16287:   ea 48 8b 01 8b 10 48 89 4c 24 28 89 54 24 20 4c
0x00007ff920b16297:   8d 0d 07 d6 ff ff 4c 8b 45 70 8b 55 68 48 8b 4d
0x00007ff920b162a7:   60 e8 a7 d0 ff ff 90 48 83 c4 30 5d c3 cc cc cc
0x00007ff920b162b7:   cc cc cc cc cc cc cc cc cc 40 53 48 83 ec 20 48
0x00007ff920b162c7:   8b 1d bb 36 01 00 48 85 db 74 16 e8 59 8b ff ff
0x00007ff920b162d7:   4c 8b 00 48 8b d3 48 8b c8 41 ff 90 b0 00 00 00
0x00007ff920b162e7:   90 48 83 c4 20 5b c3 cc cc 40 53 48 83 ec 20 48
0x00007ff920b162f7:   8b 1d 2b 38 01 00 48 85 db 74 57 b8 ff ff ff ff
0x00007ff920b16307:   f0 0f c1 43 10 83 f8 01 75 3d 48 85 db 74 38 48
0x00007ff920b16317:   8b 0b 48 85 c9 74 0d ff 15 84 0f 00 00 48 c7 03
0x00007ff920b16327:   00 00 00 00 48 8b 4b 08 48 85 c9 74 0d e8 d3 cd
0x00007ff920b16337:   ff ff 48 c7 43 08 00 00 00 00 ba 18 00 00 00 48
0x00007ff920b16347:   8b cb e8 be cd ff ff 48 c7 05 cf 37 01 00 00 00
0x00007ff920b16357:   00 00 48 83 c4 20 5b c3 cc 40 53 48 83 ec 20 48
0x00007ff920b16367:   8b 1d 9b 37 01 00 48 85 db 74 57 b8 ff ff ff ff
0x00007ff920b16377:   f0 0f c1 43 10 83 f8 01 75 3d 48 85 db 74 38 48
0x00007ff920b16387:   8b 0b 48 85 c9 74 0d ff 15 14 0f 00 00 48 c7 03
0x00007ff920b16397:   00 00 00 00 48 8b 4b 08 48 85 c9 74 0d e8 63 cd
0x00007ff920b163a7:   ff ff 48 c7 43 08 00 00 00 00 ba 18 00 00 00 48
0x00007ff920b163b7:   8b cb e8 4e cd ff ff 48 c7 05 3f 37 01 00 00 00
0x00007ff920b163c7:   00 00 48 83 c4 20 5b c3 cc 40 53 48 83 ec 20 48 


Stack slot to memory mapping:
stack at sp + 0 slots: 0x0 is NULL
stack at sp + 1 slots: 0x000002d3371e6830 points into unknown readable memory: 0x4162af05d9c89d53 | 53 9d c8 d9 05 af 62 41
stack at sp + 2 slots: 0x00007ff8c69449d0 jvm.dll
stack at sp + 3 slots: 0x00007ff920b13bc4 glass.dll
stack at sp + 4 slots: 0x000002d3371e6838 points into unknown readable memory: 0x0000c2bdd9c862a1 | a1 62 c8 d9 bd c2 00 00
stack at sp + 5 slots: 0x00007ff95a64bea0 ucrtbase.dll
stack at sp + 6 slots: 0x0000c2bdd9c862a1 is an unknown value
stack at sp + 7 slots: 0x000002d300000000 is an unknown value

VM_Operation (0x000000d83f8f6160): Exit, mode: safepoint, requested by thread 0x000002d33746b730


---------------  P R O C E S S  ---------------

Threads class SMR info:
_java_thread_list=0x000002d340b4a800, length=19, elements={
0x000002d30d2ae150, 0x000002d3355d2030, 0x000002d3355d4cb0, 0x000002d3355e8010,
0x000002d3355e89c0, 0x000002d3355e9370, 0x000002d3355e9d20, 0x000002d3355eaab0,
0x000002d3355f6a60, 0x000002d335602c40, 0x000002d3355be330, 0x000002d336d7a100,
0x000002d3370d2440, 0x000002d3373e2c30, 0x000002d33746b730, 0x000002d337544d60,
0x000002d33754af10, 0x000002d3404e5100, 0x000002d33f80a980
}

Java Threads: ( => current thread )
  0x000002d30d2ae150 JavaThread "main" [_thread_blocked, id=19292, stack(0x000000d83d900000,0x000000d83da00000)]
  0x000002d3355d2030 JavaThread "Reference Handler" daemon [_thread_blocked, id=13076, stack(0x000000d83e000000,0x000000d83e100000)]
  0x000002d3355d4cb0 JavaThread "Finalizer" daemon [_thread_blocked, id=19520, stack(0x000000d83e100000,0x000000d83e200000)]
  0x000002d3355e8010 JavaThread "Signal Dispatcher" daemon [_thread_blocked, id=6496, stack(0x000000d83e200000,0x000000d83e300000)]
  0x000002d3355e89c0 JavaThread "Attach Listener" daemon [_thread_blocked, id=3508, stack(0x000000d83e300000,0x000000d83e400000)]
  0x000002d3355e9370 JavaThread "Service Thread" daemon [_thread_blocked, id=20832, stack(0x000000d83e400000,0x000000d83e500000)]
  0x000002d3355e9d20 JavaThread "Monitor Deflation Thread" daemon [_thread_blocked, id=22340, stack(0x000000d83e500000,0x000000d83e600000)]
  0x000002d3355eaab0 JavaThread "C2 CompilerThread0" daemon [_thread_blocked, id=22216, stack(0x000000d83e600000,0x000000d83e700000)]
  0x000002d3355f6a60 JavaThread "C1 CompilerThread0" daemon [_thread_blocked, id=21492, stack(0x000000d83e700000,0x000000d83e800000)]
  0x000002d335602c40 JavaThread "Sweeper thread" daemon [_thread_blocked, id=11224, stack(0x000000d83e800000,0x000000d83e900000)]
  0x000002d3355be330 JavaThread "Common-Cleaner" daemon [_thread_blocked, id=19668, stack(0x000000d83ea00000,0x000000d83eb00000)]
  0x000002d336d7a100 JavaThread "Notification Thread" daemon [_thread_blocked, id=14868, stack(0x000000d83f300000,0x000000d83f400000)]
  0x000002d3370d2440 JavaThread "QuantumRenderer-0" daemon [_thread_blocked, id=9480, stack(0x000000d83f500000,0x000000d83f600000)]
  0x000002d3373e2c30 JavaThread "InvokeLaterDispatcher" daemon [_thread_blocked, id=3124, stack(0x000000d83f700000,0x000000d83f800000)]
  0x000002d33746b730 JavaThread "JavaFX Application Thread" [_thread_blocked, id=14056, stack(0x000000d83f800000,0x000000d83f900000)]
  0x000002d337544d60 JavaThread "JavaFX-Launcher" [_thread_blocked, id=22032, stack(0x000000d83fa00000,0x000000d83fb00000)]
  0x000002d33754af10 JavaThread "Thread-2" daemon [_thread_in_native, id=21164, stack(0x000000d83f200000,0x000000d83f300000)]
  0x000002d3404e5100 JavaThread "Prism Font Disposer" daemon [_thread_blocked, id=3724, stack(0x000000d840300000,0x000000d840400000)]
  0x000002d33f80a980 JavaThread "Cleaner-0" daemon [_thread_blocked, id=9856, stack(0x000000d840750000,0x000000d840850000)]

Other Threads:
=>0x000002d3355ce540 VMThread "VM Thread" [stack: 0x000000d83df00000,0x000000d83e000000] [id=20628]
  0x000002d30d30fe50 GCTaskThread "GC Thread#0" [stack: 0x000000d83da00000,0x000000d83db00000] [id=18988]
  0x000002d3375467d0 GCTaskThread "GC Thread#1" [stack: 0x000000d83fb00000,0x000000d83fc00000] [id=20984]
  0x000002d337572080 GCTaskThread "GC Thread#2" [stack: 0x000000d83fc00000,0x000000d83fd00000] [id=6668]
  0x000002d3376ba960 GCTaskThread "GC Thread#3" [stack: 0x000000d83fd00000,0x000000d83fe00000] [id=10152]
  0x000002d3376bac10 GCTaskThread "GC Thread#4" [stack: 0x000000d83fe00000,0x000000d83ff00000] [id=22460]
  0x000002d33756b330 GCTaskThread "GC Thread#5" [stack: 0x000000d83ff00000,0x000000d840000000] [id=21308]
  0x000002d33756b5e0 GCTaskThread "GC Thread#6" [stack: 0x000000d840000000,0x000000d840100000] [id=12872]
  0x000002d33756c0b0 GCTaskThread "GC Thread#7" [stack: 0x000000d840100000,0x000000d840200000] [id=18436]
  0x000002d33756cb70 GCTaskThread "GC Thread#8" [stack: 0x000000d840200000,0x000000d840300000] [id=17280]
  0x000002d337785570 GCTaskThread "GC Thread#9" [stack: 0x000000d83ee00000,0x000000d83ef00000] [id=18324]
  0x000002d30d31cb60 ConcurrentGCThread "G1 Main Marker" terminated
  0x000002d30d31dc10 ConcurrentGCThread "G1 Conc#0" [stack: 0x000000d83dc00000,0x000000d83dd00000] [id=3956]
  0x000002d30d386780 ConcurrentGCThread "G1 Refine#0" terminated
  0x000002d335492220 ConcurrentGCThread "G1 Service" terminated

Threads with active compile tasks:
C1 CompilerThread0  
[error occurred during error reporting (printing all threads), id 0xc0000005, EXCEPTION_ACCESS_VIOLATION (0xc0000005) at pc=0x00007ff8c65ae683]

VM state: at safepoint (shutting down)

VM Mutex/Monitor currently owned by a thread:  ([mutex/lock_event])
[0x000002d30d2a9e80] Threads_lock - owner thread: 0x000002d3355ce540
[0x000002d30d2aadb0] Heap_lock - owner thread: 0x000002d33746b730

Heap address: 0x0000000682400000, size: 6108 MB, Compressed Oops mode: Zero based, Oop shift amount: 3

CDS archive(s) mapped at: [0x0000000800000000-0x0000000800bc0000-0x0000000800bc0000), size 12320768, SharedBaseAddress: 0x0000000800000000, ArchiveRelocationMode: 0.
Compressed class space mapped at: 0x0000000800c00000-0x0000000840c00000, reserved size: 1073741824
Narrow klass base: 0x0000000800000000, Narrow klass shift: 0, Narrow klass range: 0x100000000

GC Precious Log:
 CPUs: 16 total, 16 available
 Memory: 24428M
 Large Page Support: Disabled
 NUMA Support: Disabled
 Compressed Oops: Enabled (Zero based)
 Heap Region Size: 4M
 Heap Min Capacity: 8M
 Heap Initial Capacity: 384M
 Heap Max Capacity: 6108M
 Pre-touch: Disabled
 Parallel Workers: 13
 Concurrent Workers: 3
 Concurrent Refinement Workers: 13
 Periodic GC: Disabled

Heap:
 garbage-first heap   total 393216K, used 57627K [0x0000000682400000, 0x0000000800000000)
  region size 4096K, 11 young (45056K), 2 survivors (8192K)
 Metaspace       used 18213K, committed 18496K, reserved 1064960K
  class space    used 2625K, committed 2752K, reserved 1048576K

Heap Regions: E=young(eden), S=young(survivor), O=old, HS=humongous(starts), HC=humongous(continues), CS=collection set, F=free, OA=open archive, CA=closed archive, TAMS=top-at-mark-start (previous, next)
|   0|0x0000000682400000, 0x0000000682800000, 0x0000000682800000|100%|HS|  |TAMS 0x0000000682400000, 0x0000000682400000| Complete 
|   1|0x0000000682800000, 0x0000000682c00000, 0x0000000682c00000|100%|HS|  |TAMS 0x0000000682800000, 0x0000000682800000| Complete 
|   2|0x0000000682c00000, 0x0000000682c46c00, 0x0000000683000000|  6%| O|  |TAMS 0x0000000682c00000, 0x0000000682c00000| Untracked 
|   3|0x0000000683000000, 0x0000000683400000, 0x0000000683400000|100%|HS|  |TAMS 0x0000000683000000, 0x0000000683000000| Complete 
|   4|0x0000000683400000, 0x0000000683800000, 0x0000000683800000|100%|HS|  |TAMS 0x0000000683400000, 0x0000000683400000| Complete 
|   5|0x0000000683800000, 0x0000000683800000, 0x0000000683c00000|  0%| F|  |TAMS 0x0000000683800000, 0x0000000683800000| Untracked 
|   6|0x0000000683c00000, 0x0000000683c00000, 0x0000000684000000|  0%| F|  |TAMS 0x0000000683c00000, 0x0000000683c00000| Untracked 
|   7|0x0000000684000000, 0x0000000684000000, 0x0000000684400000|  0%| F|  |TAMS 0x0000000684000000, 0x0000000684000000| Untracked 
|   8|0x0000000684400000, 0x0000000684400000, 0x0000000684800000|  0%| F|  |TAMS 0x0000000684400000, 0x0000000684400000| Untracked 
|   9|0x0000000684800000, 0x0000000684800000, 0x0000000684c00000|  0%| F|  |TAMS 0x0000000684800000, 0x0000000684800000| Untracked 
|  10|0x0000000684c00000, 0x0000000684c00000, 0x0000000685000000|  0%| F|  |TAMS 0x0000000684c00000, 0x0000000684c00000| Untracked 
|  11|0x0000000685000000, 0x0000000685000000, 0x0000000685400000|  0%| F|  |TAMS 0x0000000685000000, 0x0000000685000000| Untracked 
|  12|0x0000000685400000, 0x0000000685400000, 0x0000000685800000|  0%| F|  |TAMS 0x0000000685400000, 0x0000000685400000| Untracked 
|  13|0x0000000685800000, 0x0000000685800000, 0x0000000685c00000|  0%| F|  |TAMS 0x0000000685800000, 0x0000000685800000| Untracked 
|  14|0x0000000685c00000, 0x0000000685c00000, 0x0000000686000000|  0%| F|  |TAMS 0x0000000685c00000, 0x0000000685c00000| Untracked 
|  15|0x0000000686000000, 0x0000000686000000, 0x0000000686400000|  0%| F|  |TAMS 0x0000000686000000, 0x0000000686000000| Untracked 
|  16|0x0000000686400000, 0x0000000686400000, 0x0000000686800000|  0%| F|  |TAMS 0x0000000686400000, 0x0000000686400000| Untracked 
|  17|0x0000000686800000, 0x0000000686800000, 0x0000000686c00000|  0%| F|  |TAMS 0x0000000686800000, 0x0000000686800000| Untracked 
|  18|0x0000000686c00000, 0x0000000686c00000, 0x0000000687000000|  0%| F|  |TAMS 0x0000000686c00000, 0x0000000686c00000| Untracked 
|  19|0x0000000687000000, 0x0000000687000000, 0x0000000687400000|  0%| F|  |TAMS 0x0000000687000000, 0x0000000687000000| Untracked 
|  20|0x0000000687400000, 0x0000000687400000, 0x0000000687800000|  0%| F|  |TAMS 0x0000000687400000, 0x0000000687400000| Untracked 
|  21|0x0000000687800000, 0x0000000687800000, 0x0000000687c00000|  0%| F|  |TAMS 0x0000000687800000, 0x0000000687800000| Untracked 
|  22|0x0000000687c00000, 0x0000000687c00000, 0x0000000688000000|  0%| F|  |TAMS 0x0000000687c00000, 0x0000000687c00000| Untracked 
|  23|0x0000000688000000, 0x0000000688000000, 0x0000000688400000|  0%| F|  |TAMS 0x0000000688000000, 0x0000000688000000| Untracked 
|  24|0x0000000688400000, 0x0000000688400000, 0x0000000688800000|  0%| F|  |TAMS 0x0000000688400000, 0x0000000688400000| Untracked 
|  25|0x0000000688800000, 0x0000000688800000, 0x0000000688c00000|  0%| F|  |TAMS 0x0000000688800000, 0x0000000688800000| Untracked 
|  26|0x0000000688c00000, 0x0000000688c00000, 0x0000000689000000|  0%| F|  |TAMS 0x0000000688c00000, 0x0000000688c00000| Untracked 
|  27|0x0000000689000000, 0x0000000689000000, 0x0000000689400000|  0%| F|  |TAMS 0x0000000689000000, 0x0000000689000000| Untracked 
|  28|0x0000000689400000, 0x0000000689400000, 0x0000000689800000|  0%| F|  |TAMS 0x0000000689400000, 0x0000000689400000| Untracked 
|  29|0x0000000689800000, 0x0000000689800000, 0x0000000689c00000|  0%| F|  |TAMS 0x0000000689800000, 0x0000000689800000| Untracked 
|  30|0x0000000689c00000, 0x0000000689c00000, 0x000000068a000000|  0%| F|  |TAMS 0x0000000689c00000, 0x0000000689c00000| Untracked 
|  31|0x000000068a000000, 0x000000068a000000, 0x000000068a400000|  0%| F|  |TAMS 0x000000068a000000, 0x000000068a000000| Untracked 
|  32|0x000000068a400000, 0x000000068a400000, 0x000000068a800000|  0%| F|  |TAMS 0x000000068a400000, 0x000000068a400000| Untracked 
|  33|0x000000068a800000, 0x000000068a800000, 0x000000068ac00000|  0%| F|  |TAMS 0x000000068a800000, 0x000000068a800000| Untracked 
|  34|0x000000068ac00000, 0x000000068ac00000, 0x000000068b000000|  0%| F|  |TAMS 0x000000068ac00000, 0x000000068ac00000| Untracked 
|  35|0x000000068b000000, 0x000000068b000000, 0x000000068b400000|  0%| F|  |TAMS 0x000000068b000000, 0x000000068b000000| Untracked 
|  36|0x000000068b400000, 0x000000068b400000, 0x000000068b800000|  0%| F|  |TAMS 0x000000068b400000, 0x000000068b400000| Untracked 
|  37|0x000000068b800000, 0x000000068b800000, 0x000000068bc00000|  0%| F|  |TAMS 0x000000068b800000, 0x000000068b800000| Untracked 
|  38|0x000000068bc00000, 0x000000068bc00000, 0x000000068c000000|  0%| F|  |TAMS 0x000000068bc00000, 0x000000068bc00000| Untracked 
|  39|0x000000068c000000, 0x000000068c000000, 0x000000068c400000|  0%| F|  |TAMS 0x000000068c000000, 0x000000068c000000| Untracked 
|  40|0x000000068c400000, 0x000000068c400000, 0x000000068c800000|  0%| F|  |TAMS 0x000000068c400000, 0x000000068c400000| Untracked 
|  41|0x000000068c800000, 0x000000068c800000, 0x000000068cc00000|  0%| F|  |TAMS 0x000000068c800000, 0x000000068c800000| Untracked 
|  42|0x000000068cc00000, 0x000000068cc00000, 0x000000068d000000|  0%| F|  |TAMS 0x000000068cc00000, 0x000000068cc00000| Untracked 
|  43|0x000000068d000000, 0x000000068d000000, 0x000000068d400000|  0%| F|  |TAMS 0x000000068d000000, 0x000000068d000000| Untracked 
|  44|0x000000068d400000, 0x000000068d400000, 0x000000068d800000|  0%| F|  |TAMS 0x000000068d400000, 0x000000068d400000| Untracked 
|  45|0x000000068d800000, 0x000000068d800000, 0x000000068dc00000|  0%| F|  |TAMS 0x000000068d800000, 0x000000068d800000| Untracked 
|  46|0x000000068dc00000, 0x000000068dc00000, 0x000000068e000000|  0%| F|  |TAMS 0x000000068dc00000, 0x000000068dc00000| Untracked 
|  47|0x000000068e000000, 0x000000068e000000, 0x000000068e400000|  0%| F|  |TAMS 0x000000068e000000, 0x000000068e000000| Untracked 
|  48|0x000000068e400000, 0x000000068e400000, 0x000000068e800000|  0%| F|  |TAMS 0x000000068e400000, 0x000000068e400000| Untracked 
|  49|0x000000068e800000, 0x000000068e800000, 0x000000068ec00000|  0%| F|  |TAMS 0x000000068e800000, 0x000000068e800000| Untracked 
|  50|0x000000068ec00000, 0x000000068ec00000, 0x000000068f000000|  0%| F|  |TAMS 0x000000068ec00000, 0x000000068ec00000| Untracked 
|  51|0x000000068f000000, 0x000000068f000000, 0x000000068f400000|  0%| F|  |TAMS 0x000000068f000000, 0x000000068f000000| Untracked 
|  52|0x000000068f400000, 0x000000068f400000, 0x000000068f800000|  0%| F|  |TAMS 0x000000068f400000, 0x000000068f400000| Untracked 
|  53|0x000000068f800000, 0x000000068f800000, 0x000000068fc00000|  0%| F|  |TAMS 0x000000068f800000, 0x000000068f800000| Untracked 
|  54|0x000000068fc00000, 0x000000068fc00000, 0x0000000690000000|  0%| F|  |TAMS 0x000000068fc00000, 0x000000068fc00000| Untracked 
|  55|0x0000000690000000, 0x0000000690000000, 0x0000000690400000|  0%| F|  |TAMS 0x0000000690000000, 0x0000000690000000| Untracked 
|  56|0x0000000690400000, 0x0000000690400000, 0x0000000690800000|  0%| F|  |TAMS 0x0000000690400000, 0x0000000690400000| Untracked 
|  57|0x0000000690800000, 0x0000000690800000, 0x0000000690c00000|  0%| F|  |TAMS 0x0000000690800000, 0x0000000690800000| Untracked 
|  58|0x0000000690c00000, 0x0000000690c00000, 0x0000000691000000|  0%| F|  |TAMS 0x0000000690c00000, 0x0000000690c00000| Untracked 
|  59|0x0000000691000000, 0x0000000691000000, 0x0000000691400000|  0%| F|  |TAMS 0x0000000691000000, 0x0000000691000000| Untracked 
|  60|0x0000000691400000, 0x0000000691400000, 0x0000000691800000|  0%| F|  |TAMS 0x0000000691400000, 0x0000000691400000| Untracked 
|  61|0x0000000691800000, 0x0000000691800000, 0x0000000691c00000|  0%| F|  |TAMS 0x0000000691800000, 0x0000000691800000| Untracked 
|  62|0x0000000691c00000, 0x0000000691c00000, 0x0000000692000000|  0%| F|  |TAMS 0x0000000691c00000, 0x0000000691c00000| Untracked 
|  63|0x0000000692000000, 0x0000000692000000, 0x0000000692400000|  0%| F|  |TAMS 0x0000000692000000, 0x0000000692000000| Untracked 
|  64|0x0000000692400000, 0x0000000692400000, 0x0000000692800000|  0%| F|  |TAMS 0x0000000692400000, 0x0000000692400000| Untracked 
|  65|0x0000000692800000, 0x0000000692800000, 0x0000000692c00000|  0%| F|  |TAMS 0x0000000692800000, 0x0000000692800000| Untracked 
|  66|0x0000000692c00000, 0x0000000692c00000, 0x0000000693000000|  0%| F|  |TAMS 0x0000000692c00000, 0x0000000692c00000| Untracked 
|  67|0x0000000693000000, 0x0000000693000000, 0x0000000693400000|  0%| F|  |TAMS 0x0000000693000000, 0x0000000693000000| Untracked 
|  68|0x0000000693400000, 0x0000000693400000, 0x0000000693800000|  0%| F|  |TAMS 0x0000000693400000, 0x0000000693400000| Untracked 
|  69|0x0000000693800000, 0x0000000693800000, 0x0000000693c00000|  0%| F|  |TAMS 0x0000000693800000, 0x0000000693800000| Untracked 
|  70|0x0000000693c00000, 0x0000000693c00000, 0x0000000694000000|  0%| F|  |TAMS 0x0000000693c00000, 0x0000000693c00000| Untracked 
|  71|0x0000000694000000, 0x0000000694000000, 0x0000000694400000|  0%| F|  |TAMS 0x0000000694000000, 0x0000000694000000| Untracked 
|  72|0x0000000694400000, 0x0000000694400000, 0x0000000694800000|  0%| F|  |TAMS 0x0000000694400000, 0x0000000694400000| Untracked 
|  73|0x0000000694800000, 0x0000000694800000, 0x0000000694c00000|  0%| F|  |TAMS 0x0000000694800000, 0x0000000694800000| Untracked 
|  74|0x0000000694c00000, 0x0000000694c00000, 0x0000000695000000|  0%| F|  |TAMS 0x0000000694c00000, 0x0000000694c00000| Untracked 
|  75|0x0000000695000000, 0x0000000695000000, 0x0000000695400000|  0%| F|  |TAMS 0x0000000695000000, 0x0000000695000000| Untracked 
|  76|0x0000000695400000, 0x0000000695400000, 0x0000000695800000|  0%| F|  |TAMS 0x0000000695400000, 0x0000000695400000| Untracked 
|  77|0x0000000695800000, 0x0000000695800000, 0x0000000695c00000|  0%| F|  |TAMS 0x0000000695800000, 0x0000000695800000| Untracked 
|  78|0x0000000695c00000, 0x0000000695c00000, 0x0000000696000000|  0%| F|  |TAMS 0x0000000695c00000, 0x0000000695c00000| Untracked 
|  79|0x0000000696000000, 0x0000000696000000, 0x0000000696400000|  0%| F|  |TAMS 0x0000000696000000, 0x0000000696000000| Untracked 
|  80|0x0000000696400000, 0x0000000696400000, 0x0000000696800000|  0%| F|  |TAMS 0x0000000696400000, 0x0000000696400000| Untracked 
|  81|0x0000000696800000, 0x0000000696800000, 0x0000000696c00000|  0%| F|  |TAMS 0x0000000696800000, 0x0000000696800000| Untracked 
|  82|0x0000000696c00000, 0x0000000696c00000, 0x0000000697000000|  0%| F|  |TAMS 0x0000000696c00000, 0x0000000696c00000| Untracked 
|  83|0x0000000697000000, 0x0000000697400000, 0x0000000697400000|100%| S|CS|TAMS 0x0000000697000000, 0x0000000697000000| Complete 
|  84|0x0000000697400000, 0x0000000697800000, 0x0000000697800000|100%| S|CS|TAMS 0x0000000697400000, 0x0000000697400000| Complete 
|  85|0x0000000697800000, 0x0000000697800000, 0x0000000697c00000|  0%| F|  |TAMS 0x0000000697800000, 0x0000000697800000| Untracked 
|  86|0x0000000697c00000, 0x0000000697c00000, 0x0000000698000000|  0%| F|  |TAMS 0x0000000697c00000, 0x0000000697c00000| Untracked 
|  87|0x0000000698000000, 0x0000000698307d50, 0x0000000698400000| 75%| E|  |TAMS 0x0000000698000000, 0x0000000698000000| Complete 
|  88|0x0000000698400000, 0x0000000698800000, 0x0000000698800000|100%| E|CS|TAMS 0x0000000698400000, 0x0000000698400000| Complete 
|  89|0x0000000698800000, 0x0000000698c00000, 0x0000000698c00000|100%| E|CS|TAMS 0x0000000698800000, 0x0000000698800000| Complete 
|  90|0x0000000698c00000, 0x0000000699000000, 0x0000000699000000|100%| E|CS|TAMS 0x0000000698c00000, 0x0000000698c00000| Complete 
|  91|0x0000000699000000, 0x0000000699400000, 0x0000000699400000|100%| E|CS|TAMS 0x0000000699000000, 0x0000000699000000| Complete 
|  92|0x0000000699400000, 0x0000000699800000, 0x0000000699800000|100%| E|CS|TAMS 0x0000000699400000, 0x0000000699400000| Complete 
|  93|0x0000000699800000, 0x0000000699c00000, 0x0000000699c00000|100%| E|CS|TAMS 0x0000000699800000, 0x0000000699800000| Complete 
|  94|0x0000000699c00000, 0x000000069a000000, 0x000000069a000000|100%| E|CS|TAMS 0x0000000699c00000, 0x0000000699c00000| Complete 
|  95|0x000000069a000000, 0x000000069a400000, 0x000000069a400000|100%| E|CS|TAMS 0x000000069a000000, 0x000000069a000000| Complete 

Card table byte_map: [0x000002d324f90000,0x000002d325b80000] _byte_map_base: 0x000002d321b7e000

Marking Bits (Prev, Next): (CMBitMap*) 0x000002d30d310360, (CMBitMap*) 0x000002d30d3103a0
 Prev Bits: [0x000002d326770000, 0x000002d32c6e0000)
 Next Bits: [0x000002d32c6e0000, 0x000002d332650000)

Polling page: 0x000002d30b270000

Metaspace:

Usage:
  Non-class:     15.22 MB used.
      Class:      2.56 MB used.
       Both:     17.79 MB used.

Virtual space:
  Non-class space:       16.00 MB reserved,      15.38 MB ( 96%) committed,  2 nodes.
      Class space:        1.00 GB reserved,       2.69 MB ( <1%) committed,  1 nodes.
             Both:        1.02 GB reserved,      18.06 MB (  2%) committed. 

Chunk freelists:
   Non-Class:  352.00 KB
       Class:  1.19 MB
        Both:  1.53 MB

MaxMetaspaceSize: unlimited
CompressedClassSpaceSize: 1.00 GB
Initial GC threshold: 21.00 MB
Current GC threshold: 21.00 MB
CDS: on
MetaspaceReclaimPolicy: balanced
 - commit_granule_bytes: 65536.
 - commit_granule_words: 8192.
 - virtual_space_node_default_size: 1048576.
 - enlarge_chunks_in_place: 1.
 - new_chunks_are_fully_committed: 0.
 - uncommit_free_chunks: 1.
 - use_allocation_guard: 0.
 - handle_deallocations: 1.


Internal statistics:

num_allocs_failed_limit: 0.
num_arena_births: 214.
num_arena_deaths: 0.
num_vsnodes_births: 3.
num_vsnodes_deaths: 0.
num_space_committed: 289.
num_space_uncommitted: 0.
num_chunks_returned_to_freelist: 0.
num_chunks_taken_from_freelist: 845.
num_chunk_merges: 0.
num_chunk_splits: 598.
num_chunks_enlarged: 475.
num_purges: 0.
num_inconsistent_stats: 0.

CodeHeap 'non-profiled nmethods': size=119168Kb used=2077Kb max_used=2077Kb free=117090Kb
 bounds [0x000002d31c6b0000, 0x000002d31c920000, 0x000002d323b10000]
CodeHeap 'profiled nmethods': size=119104Kb used=9141Kb max_used=9141Kb free=109962Kb
 bounds [0x000002d315260000, 0x000002d315b50000, 0x000002d31c6b0000]
CodeHeap 'non-nmethods': size=7488Kb used=1434Kb max_used=3189Kb free=6054Kb
 bounds [0x000002d314b10000, 0x000002d314e30000, 0x000002d315260000]
 total_blobs=5108 nmethods=4317 adapters=703
 compilation: enabled
              stopped_count=0, restarted_count=0
 full_count=0

Compilation events (20 events):
Event: 21.411 Thread 0x000002d3355f6a60 nmethod 4311 0x000002d315b45590 code [0x000002d315b45720, 0x000002d315b45878]
Event: 21.929 Thread 0x000002d3355eaab0 4312       4       com.sun.javafx.event.EventDispatchChainImpl::dispatchEvent (101 bytes)
Event: 21.931 Thread 0x000002d3355eaab0 nmethod 4312 0x000002d31c8b7010 code [0x000002d31c8b71a0, 0x000002d31c8b7358]
Event: 21.938 Thread 0x000002d3355f6a60 4313       3       java.util.concurrent.ThreadPoolExecutor::isRunning (10 bytes)
Event: 21.938 Thread 0x000002d3355f6a60 nmethod 4313 0x000002d315b45910 code [0x000002d315b45aa0, 0x000002d315b45bf8]
Event: 21.938 Thread 0x000002d3355f6a60 4314   !   3       com.sun.javafx.sg.prism.NGNode::accumulateGroupDirtyRegion (652 bytes)
Event: 21.940 Thread 0x000002d3355f6a60 nmethod 4314 0x000002d315b45c90 code [0x000002d315b46180, 0x000002d315b491b8]
Event: 22.052 Thread 0x000002d3355f6a60 4315       3       com.sun.javafx.geom.Path2D::moveTo (166 bytes)
Event: 22.052 Thread 0x000002d3355f6a60 nmethod 4315 0x000002d315b4ab10 code [0x000002d315b4ace0, 0x000002d315b4b068]
Event: 22.130 Thread 0x000002d3355f6a60 4316       3       com.sun.glass.ui.Window::checkNotClosed (20 bytes)
Event: 22.131 Thread 0x000002d3355f6a60 nmethod 4316 0x000002d315b4b290 code [0x000002d315b4b440, 0x000002d315b4b668]
Event: 22.133 Thread 0x000002d3355f6a60 4317       3       javafx.scene.Node::nodeResolvedOrientationInvalidated (64 bytes)
Event: 22.134 Thread 0x000002d3355f6a60 nmethod 4317 0x000002d315b4b790 code [0x000002d315b4b9c0, 0x000002d315b4c2b8]
Event: 22.134 Thread 0x000002d3355f6a60 4318       3       java.util.HashMap$Values::iterator (12 bytes)
Event: 22.134 Thread 0x000002d3355f6a60 nmethod 4318 0x000002d315b4c610 code [0x000002d315b4c7c0, 0x000002d315b4ca48]
Event: 22.134 Thread 0x000002d3355f6a60 4319       3       java.util.HashMap$ValueIterator::<init> (11 bytes)
Event: 22.134 Thread 0x000002d3355f6a60 nmethod 4319 0x000002d315b4cb10 code [0x000002d315b4ccc0, 0x000002d315b4ce48]
Event: 22.134 Thread 0x000002d3355f6a60 4320       3       jdk.internal.loader.ClassLoaders$BootClassLoader::loadClassOrNull (10 bytes)
Event: 22.134 Thread 0x000002d3355f6a60 nmethod 4320 0x000002d315b4cf10 code [0x000002d315b4d0e0, 0x000002d315b4d378]
Event: 22.137 Thread 0x000002d3355f6a60 4321       1       com.sun.prism.d3d.D3DContext::getResourceFactory (5 bytes)

GC Heap History (4 events):
Event: 0.306 GC heap before
{Heap before GC invocations=0 (full 0):
 garbage-first heap   total 393216K, used 16384K [0x0000000682400000, 0x0000000800000000)
  region size 4096K, 5 young (20480K), 0 survivors (0K)
 Metaspace       used 4136K, committed 4224K, reserved 1056768K
  class space    used 474K, committed 512K, reserved 1048576K
}
Event: 0.308 GC heap after
{Heap after GC invocations=1 (full 0):
 garbage-first heap   total 393216K, used 2740K [0x0000000682400000, 0x0000000800000000)
  region size 4096K, 1 young (4096K), 1 survivors (4096K)
 Metaspace       used 4136K, committed 4224K, reserved 1056768K
  class space    used 474K, committed 512K, reserved 1048576K
}
Event: 1.783 GC heap before
{Heap before GC invocations=1 (full 0):
 garbage-first heap   total 393216K, used 47796K [0x0000000682400000, 0x0000000800000000)
  region size 4096K, 11 young (45056K), 1 survivors (4096K)
 Metaspace       used 14199K, committed 14400K, reserved 1064960K
  class space    used 2067K, committed 2176K, reserved 1048576K
}
Event: 1.787 GC heap after
{Heap after GC invocations=2 (full 0):
 garbage-first heap   total 393216K, used 16667K [0x0000000682400000, 0x0000000800000000)
  region size 4096K, 2 young (8192K), 2 survivors (8192K)
 Metaspace       used 14199K, committed 14400K, reserved 1064960K
  class space    used 2067K, committed 2176K, reserved 1048576K
}

Deoptimization events (20 events):
Event: 20.820 Thread 0x000002d33746b730 Uncommon trap: trap_request=0xffffffd6 fr.pc=0x000002d31c8b2104 relative=0x0000000000000324
Event: 20.820 Thread 0x000002d33746b730 Uncommon trap: reason=array_check action=maybe_recompile pc=0x000002d31c8b2104 method=javafx.css.CompoundSelector.applies(Ljavafx/css/Styleable;[Ljava/util/Set;I)Z @ 128 c2
Event: 20.820 Thread 0x000002d33746b730 DEOPT PACKING pc=0x000002d31c8b2104 sp=0x000000d83f8f5050
Event: 20.820 Thread 0x000002d33746b730 DEOPT UNPACKING pc=0x000002d314b623a3 sp=0x000000d83f8f4fd8 mode 2
Event: 20.820 Thread 0x000002d33746b730 Uncommon trap: trap_request=0xffffffd6 fr.pc=0x000002d31c8b2104 relative=0x0000000000000324
Event: 20.820 Thread 0x000002d33746b730 Uncommon trap: reason=array_check action=maybe_recompile pc=0x000002d31c8b2104 method=javafx.css.CompoundSelector.applies(Ljavafx/css/Styleable;[Ljava/util/Set;I)Z @ 128 c2
Event: 20.820 Thread 0x000002d33746b730 DEOPT PACKING pc=0x000002d31c8b2104 sp=0x000000d83f8f5050
Event: 20.820 Thread 0x000002d33746b730 DEOPT UNPACKING pc=0x000002d314b623a3 sp=0x000000d83f8f4fd8 mode 2
Event: 20.821 Thread 0x000002d33746b730 Uncommon trap: trap_request=0xffffffd6 fr.pc=0x000002d31c8b2104 relative=0x0000000000000324
Event: 20.821 Thread 0x000002d33746b730 Uncommon trap: reason=array_check action=maybe_recompile pc=0x000002d31c8b2104 method=javafx.css.CompoundSelector.applies(Ljavafx/css/Styleable;[Ljava/util/Set;I)Z @ 128 c2
Event: 20.821 Thread 0x000002d33746b730 DEOPT PACKING pc=0x000002d31c8b2104 sp=0x000000d83f8f5350
Event: 20.821 Thread 0x000002d33746b730 DEOPT UNPACKING pc=0x000002d314b623a3 sp=0x000000d83f8f52d8 mode 2
Event: 20.829 Thread 0x000002d33746b730 Uncommon trap: trap_request=0xffffff45 fr.pc=0x000002d31c7bbc9c relative=0x00000000000050fc
Event: 20.829 Thread 0x000002d33746b730 Uncommon trap: reason=unstable_if action=reinterpret pc=0x000002d31c7bbc9c method=java.util.HashMap.removeNode(ILjava/lang/Object;Ljava/lang/Object;ZZ)Ljava/util/HashMap$Node; @ 46 c2
Event: 20.829 Thread 0x000002d33746b730 DEOPT PACKING pc=0x000002d31c7bbc9c sp=0x000000d83f8f4f40
Event: 20.829 Thread 0x000002d33746b730 DEOPT UNPACKING pc=0x000002d314b623a3 sp=0x000000d83f8f4da0 mode 2
Event: 20.830 Thread 0x000002d33746b730 Uncommon trap: trap_request=0xffffff45 fr.pc=0x000002d31c72fc5c relative=0x000000000000005c
Event: 20.830 Thread 0x000002d33746b730 Uncommon trap: reason=unstable_if action=reinterpret pc=0x000002d31c72fc5c method=java.util.Objects.equals(Ljava/lang/Object;Ljava/lang/Object;)Z @ 6 c2
Event: 20.830 Thread 0x000002d33746b730 DEOPT PACKING pc=0x000002d31c72fc5c sp=0x000000d83f8f5020
Event: 20.830 Thread 0x000002d33746b730 DEOPT UNPACKING pc=0x000002d314b623a3 sp=0x000000d83f8f4fc0 mode 2

Classes unloaded (0 events):
No events

Classes redefined (0 events):
No events

Internal exceptions (20 events):
Event: 0.585 Thread 0x000002d33746b730 Exception <a 'java/lang/NoSuchMethodError'{0x0000000698ac7ff8}: 'java.lang.Object java.lang.invoke.DirectMethodHandle$Holder.invokeInterface(java.lang.Object, java.lang.Object, java.lang.Object)'> (0x0000000698ac7ff8) 
thrown [t:\workspace\open\src\hotspot\share\interpreter\linkResolver.cpp, line 766]
Event: 0.586 Thread 0x000002d33746b730 Exception <a 'java/lang/IncompatibleClassChangeError'{0x0000000698acbbd0}: Found class java.lang.Object, but interface was expected> (0x0000000698acbbd0) 
thrown [t:\workspace\open\src\hotspot\share\interpreter\linkResolver.cpp, line 833]
Event: 0.622 Thread 0x000002d33746b730 Exception <a 'java/lang/NoSuchMethodError'{0x00000006984bb540}: 'java.lang.Object java.lang.invoke.DirectMethodHandle$Holder.newInvokeSpecial(java.lang.Object, java.lang.Object, int)'> (0x00000006984bb540) 
thrown [t:\workspace\open\src\hotspot\share\interpreter\linkResolver.cpp, line 766]
Event: 0.637 Thread 0x000002d3370d2440 Exception <a 'java/lang/NoSuchMethodError'{0x000000069864c130}: 'int java.lang.invoke.DirectMethodHandle$Holder.invokeStaticInit(java.lang.Object, java.lang.Object)'> (0x000000069864c130) 
thrown [t:\workspace\open\src\hotspot\share\interpreter\linkResolver.cpp, line 766]
Event: 1.571 Thread 0x000002d33746b730 Exception <a 'java/lang/NoSuchMethodError'{0x00000006982e9348}: 'long java.lang.invoke.DirectMethodHandle$Holder.invokeStatic(java.lang.Object, java.lang.Object, java.lang.Object)'> (0x00000006982e9348) 
thrown [t:\workspace\open\src\hotspot\share\interpreter\linkResolver.cpp, line 766]
Event: 1.571 Thread 0x000002d33746b730 Exception <a 'java/lang/NoSuchMethodError'{0x00000006982ecaf0}: 'long java.lang.invoke.DirectMethodHandle$Holder.invokeStaticInit(java.lang.Object, java.lang.Object, java.lang.Object)'> (0x00000006982ecaf0) 
thrown [t:\workspace\open\src\hotspot\share\interpreter\linkResolver.cpp, line 766]
Event: 1.572 Thread 0x000002d33746b730 Exception <a 'java/lang/NoSuchMethodError'{0x00000006983046f8}: 'java.lang.Object java.lang.invoke.DirectMethodHandle$Holder.newInvokeSpecial(java.lang.Object, java.lang.Object, long)'> (0x00000006983046f8) 
thrown [t:\workspace\open\src\hotspot\share\interpreter\linkResolver.cpp, line 766]
Event: 1.572 Thread 0x000002d33746b730 Exception <a 'java/lang/NoSuchMethodError'{0x0000000698308268}: 'java.lang.Object java.lang.invoke.Invokers$Holder.linkToTargetMethod(java.lang.Object, long, java.lang.Object)'> (0x0000000698308268) 
thrown [t:\workspace\open\src\hotspot\share\interpreter\linkResolver.cpp, line 766]
Event: 1.733 Thread 0x000002d33746b730 Exception <a 'java/lang/ClassNotFoundException'{0x0000000697ee8490}: com/sun/javafx/scene/control/skin/resources/controls> (0x0000000697ee8490) 
thrown [t:\workspace\open\src\hotspot\share\prims\jni.cpp, line 535]
Event: 1.734 Thread 0x000002d33746b730 Exception <a 'java/lang/ClassNotFoundException'{0x0000000697ef6728}: com/sun/javafx/scene/control/skin/resources/controls_es> (0x0000000697ef6728) 
thrown [t:\workspace\open\src\hotspot\share\prims\jni.cpp, line 535]
Event: 1.735 Thread 0x000002d33746b730 Exception <a 'java/lang/ClassNotFoundException'{0x0000000697f04680}: com/sun/javafx/scene/control/skin/resources/controls_es_CO> (0x0000000697f04680) 
thrown [t:\workspace\open\src\hotspot\share\prims\jni.cpp, line 535]
Event: 2.637 Thread 0x000002d33746b730 Exception <a 'java/lang/NoSuchMethodError'{0x00000006994457b8}: 'void java.lang.invoke.DirectMethodHandle$Holder.invokeSpecial(java.lang.Object, java.lang.Object, java.lang.Object, java.lang.Object, java.lang.Object, java.lang.Object)'> (0x00000006994457b8) 
thrown [t:\workspace\open\src\hotspot\share\interpreter\linkResolver.cpp, line 766]
Event: 2.660 Thread 0x000002d33746b730 Exception <a 'java/lang/NoSuchMethodError'{0x0000000699069378}: 'void java.lang.invoke.DirectMethodHandle$Holder.invokeSpecialIFC(java.lang.Object, java.lang.Object, java.lang.Object, java.lang.Object)'> (0x0000000699069378) 
thrown [t:\workspace\open\src\hotspot\share\interpreter\linkResolver.cpp, line 766]
Event: 2.669 Thread 0x000002d33746b730 Exception <a 'java/lang/NoSuchMethodError'{0x000000069917c090}: 'int java.lang.invoke.DirectMethodHandle$Holder.invokeSpecial(java.lang.Object, java.lang.Object, int)'> (0x000000069917c090) 
thrown [t:\workspace\open\src\hotspot\share\interpreter\linkResolver.cpp, line 766]
Event: 7.760 Thread 0x000002d3370d2440 Exception <a 'java/lang/NoSuchMethodError'{0x0000000699cf6838}: 'java.lang.Object java.lang.invoke.DirectMethodHandle$Holder.invokeStaticInit(java.lang.Object, int)'> (0x0000000699cf6838) 
thrown [t:\workspace\open\src\hotspot\share\interpreter\linkResolver.cpp, line 766]
Event: 8.840 Thread 0x000002d33746b730 Exception <a 'java/lang/NoSuchMethodError'{0x0000000698ec0668}: 'java.lang.Object java.lang.invoke.DirectMethodHandle$Holder.newInvokeSpecial(java.lang.Object, java.lang.Object, int, int, int, int, int, java.lang.Object)'> (0x0000000698ec0668) 
thrown [t:\workspace\open\src\hotspot\share\interpreter\linkResolver.cpp, line 766]
Event: 8.841 Thread 0x000002d33746b730 Exception <a 'java/lang/NoSuchMethodError'{0x0000000698ed40e8}: 'java.lang.Object java.lang.invoke.DirectMethodHandle$Holder.newInvokeSpecial(java.lang.Object, java.lang.Object, java.lang.Object, int, int, int, int, int)'> (0x0000000698ed40e8) 
thrown [t:\workspace\open\src\hotspot\share\interpreter\linkResolver.cpp, line 766]
Event: 8.841 Thread 0x000002d33746b730 Exception <a 'java/lang/NoSuchMethodError'{0x0000000698edc3e8}: 'java.lang.Object java.lang.invoke.Invokers$Holder.linkToTargetMethod(java.lang.Object, java.lang.Object, int, int, int, int, int, java.lang.Object)'> (0x0000000698edc3e8) 
thrown [t:\workspace\open\src\hotspot\share\interpreter\linkResolver.cpp, line 766]
Event: 14.995 Thread 0x000002d33746b730 Exception <a 'java/lang/reflect/InvocationTargetException'{0x00000006984337a8}> (0x00000006984337a8) 
thrown [t:\workspace\open\src\hotspot\share\runtime\reflection.cpp, line 1121]
Event: 19.893 Thread 0x000002d33746b730 Implicit null exception at 0x000002d31c88d898 to 0x000002d31c897f70

VM Operations (20 events):
Event: 11.411 Executing VM operation: Cleanup done
Event: 12.412 Executing VM operation: Cleanup
Event: 12.412 Executing VM operation: Cleanup done
Event: 14.412 Executing VM operation: Cleanup
Event: 14.413 Executing VM operation: Cleanup done
Event: 16.412 Executing VM operation: Cleanup
Event: 16.412 Executing VM operation: Cleanup done
Event: 17.412 Executing VM operation: Cleanup
Event: 17.412 Executing VM operation: Cleanup done
Event: 19.412 Executing VM operation: Cleanup
Event: 19.412 Executing VM operation: Cleanup done
Event: 19.893 Executing VM operation: HandshakeAllThreads
Event: 19.893 Executing VM operation: HandshakeAllThreads done
Event: 20.825 Executing VM operation: HandshakeAllThreads
Event: 20.825 Executing VM operation: HandshakeAllThreads done
Event: 20.825 Executing VM operation: Cleanup
Event: 20.825 Executing VM operation: Cleanup done
Event: 21.825 Executing VM operation: Cleanup
Event: 21.826 Executing VM operation: Cleanup done
Event: 22.137 Executing VM operation: Exit

Events (20 events):
Event: 8.826 loading class java/text/StringCharacterIterator done
Event: 11.408 Thread 0x000002d340b52c80 Thread added: 0x000002d340b52c80
Event: 11.409 Thread 0x000002d340b56940 Thread added: 0x000002d340b56940
Event: 11.536 Thread 0x000002d340b56940 Thread exited: 0x000002d340b56940
Event: 11.922 Thread 0x000002d340b52c80 Thread exited: 0x000002d340b52c80
Event: 13.841 Thread 0x000002d340b52c80 Thread added: 0x000002d340b52c80
Event: 13.848 Thread 0x000002d340b58cb0 Thread added: 0x000002d340b58cb0
Event: 13.986 Thread 0x000002d340b58cb0 Thread exited: 0x000002d340b58cb0
Event: 14.258 Thread 0x000002d340b52c80 Thread exited: 0x000002d340b52c80
Event: 14.995 loading class java/lang/Throwable$WrappedPrintStream
Event: 14.995 loading class java/lang/Throwable$PrintStreamOrWriter
Event: 14.995 loading class java/lang/Throwable$PrintStreamOrWriter done
Event: 14.995 loading class java/lang/Throwable$WrappedPrintStream done
Event: 16.290 Thread 0x000002d340b587a0 Thread exited: 0x000002d340b587a0
Event: 16.536 Thread 0x000002d336157f50 Thread exited: 0x000002d336157f50
Event: 16.536 Thread 0x000002d33562ea20 Thread exited: 0x000002d33562ea20
Event: 22.137 Thread 0x000002d33f809b10 Thread added: 0x000002d33f809b10
Event: 22.137 Thread 0x000002d33f80c190 Thread added: 0x000002d33f80c190
Event: 22.137 Thread 0x000002d33f809b10 Thread exited: 0x000002d33f809b10
Event: 22.137 Thread 0x000002d33f80c190 Thread exited: 0x000002d33f80c190


Dynamic libraries:
0x00007ff6c38d0000 - 0x00007ff6c38e0000 	C:\Program Files\Java\jdk-17.0.2\bin\java.exe
0x00007ff95ca40000 - 0x00007ff95cc49000 	C:\Windows\SYSTEM32\ntdll.dll
0x00007ff95ada0000 - 0x00007ff95ae5d000 	C:\Windows\System32\KERNEL32.DLL
0x00007ff95a280000 - 0x00007ff95a5f9000 	C:\Windows\System32\KERNELBASE.dll
0x00007ff95a630000 - 0x00007ff95a741000 	C:\Windows\System32\ucrtbase.dll
0x00007ff951430000 - 0x00007ff95144a000 	C:\Program Files\Java\jdk-17.0.2\bin\VCRUNTIME140.dll
0x00007ff92f460000 - 0x00007ff92f478000 	C:\Program Files\Java\jdk-17.0.2\bin\jli.dll
0x00007ff95c5e0000 - 0x00007ff95c68e000 	C:\Windows\System32\ADVAPI32.dll
0x00007ff95c530000 - 0x00007ff95c5d3000 	C:\Windows\System32\msvcrt.dll
0x00007ff95c2b0000 - 0x00007ff95c34e000 	C:\Windows\System32\sechost.dll
0x00007ff95b080000 - 0x00007ff95b1a0000 	C:\Windows\System32\RPCRT4.dll
0x00007ff95c700000 - 0x00007ff95c8ac000 	C:\Windows\System32\USER32.dll
0x00007ff94b670000 - 0x00007ff94b915000 	C:\Windows\WinSxS\amd64_microsoft.windows.common-controls_6595b64144ccf1df_6.0.22000.120_none_9d947278b86cc467\COMCTL32.dll
0x00007ff95a600000 - 0x00007ff95a626000 	C:\Windows\System32\win32u.dll
0x00007ff95b9d0000 - 0x00007ff95b9f9000 	C:\Windows\System32\GDI32.dll
0x00007ff959f30000 - 0x00007ff95a042000 	C:\Windows\System32\gdi32full.dll
0x00007ff95a7c0000 - 0x00007ff95a85d000 	C:\Windows\System32\msvcp_win.dll
0x00007ff9517b0000 - 0x00007ff9517ba000 	C:\Windows\SYSTEM32\VERSION.dll
0x00007ff95a8e0000 - 0x00007ff95a911000 	C:\Windows\System32\IMM32.DLL
0x00007ff930760000 - 0x00007ff93076c000 	C:\Program Files\Java\jdk-17.0.2\bin\vcruntime140_1.dll
0x00007ff8d9b90000 - 0x00007ff8d9c1d000 	C:\Program Files\Java\jdk-17.0.2\bin\msvcp140.dll
0x00007ff8c5e20000 - 0x00007ff8c69e1000 	C:\Program Files\Java\jdk-17.0.2\bin\server\jvm.dll
0x00007ff95b070000 - 0x00007ff95b078000 	C:\Windows\System32\PSAPI.DLL
0x00007ff951450000 - 0x00007ff951459000 	C:\Windows\SYSTEM32\WSOCK32.dll
0x00007ff953440000 - 0x00007ff953473000 	C:\Windows\SYSTEM32\WINMM.dll
0x00007ff95b960000 - 0x00007ff95b9cf000 	C:\Windows\System32\WS2_32.dll
0x00007ff959120000 - 0x00007ff959138000 	C:\Windows\SYSTEM32\kernel.appcore.dll
0x00007ff930750000 - 0x00007ff93075a000 	C:\Program Files\Java\jdk-17.0.2\bin\jimage.dll
0x00007ff9575c0000 - 0x00007ff9577e1000 	C:\Windows\SYSTEM32\DBGHELP.DLL
0x00007ff9435e0000 - 0x00007ff943611000 	C:\Windows\SYSTEM32\dbgcore.DLL
0x00007ff95a860000 - 0x00007ff95a8df000 	C:\Windows\System32\bcryptPrimitives.dll
0x00007ff925c90000 - 0x00007ff925cb5000 	C:\Program Files\Java\jdk-17.0.2\bin\java.dll
0x00007ff8d9c20000 - 0x00007ff8d9cf6000 	C:\Program Files\Java\jdk-17.0.2\bin\jsvml.dll
0x00007ff95ba00000 - 0x00007ff95c1af000 	C:\Windows\System32\SHELL32.dll
0x00007ff9580b0000 - 0x00007ff958918000 	C:\Windows\SYSTEM32\windows.storage.dll
0x00007ff95a9c0000 - 0x00007ff95ad38000 	C:\Windows\System32\combase.dll
0x00007ff957f40000 - 0x00007ff9580a6000 	C:\Windows\SYSTEM32\wintypes.dll
0x00007ff95c1b0000 - 0x00007ff95c29a000 	C:\Windows\System32\SHCORE.dll
0x00007ff95c8b0000 - 0x00007ff95c90d000 	C:\Windows\System32\shlwapi.dll
0x00007ff959e60000 - 0x00007ff959e81000 	C:\Windows\SYSTEM32\profapi.dll
0x00007ff930560000 - 0x00007ff930579000 	C:\Program Files\Java\jdk-17.0.2\bin\net.dll
0x00007ff954670000 - 0x00007ff95477c000 	C:\Windows\SYSTEM32\WINHTTP.dll
0x00007ff959550000 - 0x00007ff9595b7000 	C:\Windows\system32\mswsock.dll
0x00007ff92f4a0000 - 0x00007ff92f4b6000 	C:\Program Files\Java\jdk-17.0.2\bin\nio.dll
0x00007ff929420000 - 0x00007ff929438000 	C:\Program Files\Java\jdk-17.0.2\bin\zip.dll
0x000002d30b2b0000 - 0x000002d30b2b3000 	C:\Program Files\Java\javafx-sdk-18.0.1\bin\api-ms-win-core-console-l1-1-0.dll
0x000002d30b2c0000 - 0x000002d30b2c3000 	C:\Program Files\Java\javafx-sdk-18.0.1\bin\api-ms-win-core-console-l1-2-0.dll
0x000002d30b2d0000 - 0x000002d30b2d3000 	C:\Program Files\Java\javafx-sdk-18.0.1\bin\api-ms-win-core-datetime-l1-1-0.dll
0x000002d30d260000 - 0x000002d30d263000 	C:\Program Files\Java\javafx-sdk-18.0.1\bin\api-ms-win-core-debug-l1-1-0.dll
0x000002d30d270000 - 0x000002d30d273000 	C:\Program Files\Java\javafx-sdk-18.0.1\bin\api-ms-win-core-errorhandling-l1-1-0.dll
0x000002d30d280000 - 0x000002d30d284000 	C:\Program Files\Java\javafx-sdk-18.0.1\bin\api-ms-win-core-file-l1-1-0.dll
0x000002d335760000 - 0x000002d335763000 	C:\Program Files\Java\javafx-sdk-18.0.1\bin\api-ms-win-core-file-l1-2-0.dll
0x000002d335770000 - 0x000002d335773000 	C:\Program Files\Java\javafx-sdk-18.0.1\bin\api-ms-win-core-file-l2-1-0.dll
0x000002d335780000 - 0x000002d335783000 	C:\Program Files\Java\javafx-sdk-18.0.1\bin\api-ms-win-core-handle-l1-1-0.dll
0x000002d335790000 - 0x000002d335793000 	C:\Program Files\Java\javafx-sdk-18.0.1\bin\api-ms-win-core-heap-l1-1-0.dll
0x000002d3357a0000 - 0x000002d3357a3000 	C:\Program Files\Java\javafx-sdk-18.0.1\bin\api-ms-win-core-interlocked-l1-1-0.dll
0x000002d3357b0000 - 0x000002d3357b3000 	C:\Program Files\Java\javafx-sdk-18.0.1\bin\api-ms-win-core-libraryloader-l1-1-0.dll
0x000002d3357c0000 - 0x000002d3357c3000 	C:\Program Files\Java\javafx-sdk-18.0.1\bin\api-ms-win-core-localization-l1-2-0.dll
0x000002d3357d0000 - 0x000002d3357d3000 	C:\Program Files\Java\javafx-sdk-18.0.1\bin\api-ms-win-core-memory-l1-1-0.dll
0x000002d3357e0000 - 0x000002d3357e3000 	C:\Program Files\Java\javafx-sdk-18.0.1\bin\api-ms-win-core-namedpipe-l1-1-0.dll
0x000002d3357f0000 - 0x000002d3357f3000 	C:\Program Files\Java\javafx-sdk-18.0.1\bin\api-ms-win-core-processenvironment-l1-1-0.dll
0x000002d337bd0000 - 0x000002d337bd3000 	C:\Program Files\Java\javafx-sdk-18.0.1\bin\api-ms-win-core-processthreads-l1-1-0.dll
0x000002d337be0000 - 0x000002d337be3000 	C:\Program Files\Java\javafx-sdk-18.0.1\bin\api-ms-win-core-processthreads-l1-1-1.dll
0x000002d337bf0000 - 0x000002d337bf3000 	C:\Program Files\Java\javafx-sdk-18.0.1\bin\api-ms-win-core-profile-l1-1-0.dll
0x000002d337c00000 - 0x000002d337c03000 	C:\Program Files\Java\javafx-sdk-18.0.1\bin\api-ms-win-core-rtlsupport-l1-1-0.dll
0x000002d337c10000 - 0x000002d337c13000 	C:\Program Files\Java\javafx-sdk-18.0.1\bin\api-ms-win-core-string-l1-1-0.dll
0x000002d337c20000 - 0x000002d337c23000 	C:\Program Files\Java\javafx-sdk-18.0.1\bin\api-ms-win-core-synch-l1-1-0.dll
0x000002d337c30000 - 0x000002d337c33000 	C:\Program Files\Java\javafx-sdk-18.0.1\bin\api-ms-win-core-synch-l1-2-0.dll
0x000002d337c40000 - 0x000002d337c43000 	C:\Program Files\Java\javafx-sdk-18.0.1\bin\api-ms-win-core-sysinfo-l1-1-0.dll
0x000002d337c50000 - 0x000002d337c53000 	C:\Program Files\Java\javafx-sdk-18.0.1\bin\api-ms-win-core-timezone-l1-1-0.dll
0x000002d337c60000 - 0x000002d337c63000 	C:\Program Files\Java\javafx-sdk-18.0.1\bin\api-ms-win-core-util-l1-1-0.dll
0x000002d337c70000 - 0x000002d337c73000 	C:\Program Files\Java\javafx-sdk-18.0.1\bin\api-ms-win-crt-conio-l1-1-0.dll
0x000002d337c80000 - 0x000002d337c84000 	C:\Program Files\Java\javafx-sdk-18.0.1\bin\api-ms-win-crt-convert-l1-1-0.dll
0x000002d337c90000 - 0x000002d337c93000 	C:\Program Files\Java\javafx-sdk-18.0.1\bin\api-ms-win-crt-environment-l1-1-0.dll
0x000002d337ca0000 - 0x000002d337ca3000 	C:\Program Files\Java\javafx-sdk-18.0.1\bin\api-ms-win-crt-filesystem-l1-1-0.dll
0x000002d337cb0000 - 0x000002d337cb3000 	C:\Program Files\Java\javafx-sdk-18.0.1\bin\api-ms-win-crt-heap-l1-1-0.dll
0x000002d337cc0000 - 0x000002d337cc3000 	C:\Program Files\Java\javafx-sdk-18.0.1\bin\api-ms-win-crt-locale-l1-1-0.dll
0x000002d337cd0000 - 0x000002d337cd5000 	C:\Program Files\Java\javafx-sdk-18.0.1\bin\api-ms-win-crt-math-l1-1-0.dll
0x000002d337ce0000 - 0x000002d337ce5000 	C:\Program Files\Java\javafx-sdk-18.0.1\bin\api-ms-win-crt-multibyte-l1-1-0.dll
0x000002d337cf0000 - 0x000002d337d00000 	C:\Program Files\Java\javafx-sdk-18.0.1\bin\api-ms-win-crt-private-l1-1-0.dll
0x000002d337d00000 - 0x000002d337d03000 	C:\Program Files\Java\javafx-sdk-18.0.1\bin\api-ms-win-crt-process-l1-1-0.dll
0x000002d337d10000 - 0x000002d337d14000 	C:\Program Files\Java\javafx-sdk-18.0.1\bin\api-ms-win-crt-runtime-l1-1-0.dll
0x000002d337d20000 - 0x000002d337d24000 	C:\Program Files\Java\javafx-sdk-18.0.1\bin\api-ms-win-crt-stdio-l1-1-0.dll
0x000002d337d30000 - 0x000002d337d34000 	C:\Program Files\Java\javafx-sdk-18.0.1\bin\api-ms-win-crt-string-l1-1-0.dll
0x000002d337d40000 - 0x000002d337d43000 	C:\Program Files\Java\javafx-sdk-18.0.1\bin\api-ms-win-crt-time-l1-1-0.dll
0x000002d337d50000 - 0x000002d337d53000 	C:\Program Files\Java\javafx-sdk-18.0.1\bin\api-ms-win-crt-utility-l1-1-0.dll
0x00007ff91b060000 - 0x00007ff91b15c000 	C:\Program Files\Java\javafx-sdk-18.0.1\bin\ucrtbase.dll
0x00007ff92f410000 - 0x00007ff92f42a000 	C:\Program Files\Java\javafx-sdk-18.0.1\bin\vcruntime140.dll
0x00007ff952e60000 - 0x00007ff952e6c000 	C:\Program Files\Java\javafx-sdk-18.0.1\bin\vcruntime140_1.dll
0x00007ff929480000 - 0x00007ff92950d000 	C:\Program Files\Java\javafx-sdk-18.0.1\bin\msvcp140.dll
0x00007ff92bd10000 - 0x00007ff92bd3c000 	C:\Program Files\Java\javafx-sdk-18.0.1\bin\prism_d3d.dll
0x00007ff94ecd0000 - 0x00007ff94ee76000 	C:\Windows\system32\d3d9.dll
0x00007ff957960000 - 0x00007ff95798f000 	C:\Windows\SYSTEM32\dwmapi.dll
0x00007ff9574a0000 - 0x00007ff9574d8000 	C:\Windows\SYSTEM32\dxcore.dll
0x00007ff957180000 - 0x00007ff95722c000 	C:\Windows\system32\uxtheme.dll
0x00007ff94fdc0000 - 0x00007ff94fec7000 	C:\Windows\System32\DriverStore\FileRepository\nvltig.inf_amd64_ce837e92efe9cbc4\nvldumdx.dll
0x00007ff9597f0000 - 0x00007ff959802000 	C:\Windows\SYSTEM32\msasn1.dll
0x00007ff951750000 - 0x00007ff951781000 	C:\Windows\SYSTEM32\cryptnet.dll
0x00007ff95a050000 - 0x00007ff95a1b2000 	C:\Windows\System32\CRYPT32.dll
0x00007ff94f9e0000 - 0x00007ff94fb29000 	C:\Windows\SYSTEM32\drvstore.dll
0x00007ff959c70000 - 0x00007ff959c9c000 	C:\Windows\SYSTEM32\devobj.dll
0x00007ff959c20000 - 0x00007ff959c6c000 	C:\Windows\SYSTEM32\cfgmgr32.dll
0x00007ff959860000 - 0x00007ff95989d000 	C:\Windows\SYSTEM32\wldp.dll
0x00007ff959790000 - 0x00007ff95979c000 	C:\Windows\SYSTEM32\cryptbase.dll
0x00007ff95a750000 - 0x00007ff95a7b7000 	C:\Windows\System32\WINTRUST.DLL
0x00007ff95c4f0000 - 0x00007ff95c50f000 	C:\Windows\System32\imagehlp.dll
0x00007ff9597a0000 - 0x00007ff9597b8000 	C:\Windows\SYSTEM32\CRYPTSP.dll
0x00007ff959080000 - 0x00007ff9590b5000 	C:\Windows\system32\rsaenh.dll
0x00007ff959910000 - 0x00007ff959937000 	C:\Windows\SYSTEM32\bcrypt.dll
0x00007ff8daef0000 - 0x00007ff8dc678000 	C:\Windows\System32\DriverStore\FileRepository\nvltig.inf_amd64_ce837e92efe9cbc4\nvd3dumx.dll
0x00007ff953ac0000 - 0x00007ff953b04000 	C:\Windows\SYSTEM32\directxdatabasehelper.dll
0x00007ff957820000 - 0x00007ff957854000 	C:\Windows\SYSTEM32\ntmarta.dll
0x00007ff920af0000 - 0x00007ff920b32000 	C:\Program Files\Java\javafx-sdk-18.0.1\bin\glass.dll
0x00007ff95c910000 - 0x00007ff95c9fc000 	C:\Windows\System32\COMDLG32.dll
0x00007ff95c350000 - 0x00007ff95c4ea000 	C:\Windows\System32\ole32.dll
0x00007ff95b1a0000 - 0x00007ff95b276000 	C:\Windows\System32\OLEAUT32.dll
0x00007ff95af50000 - 0x00007ff95b06e000 	C:\Windows\System32\MSCTF.dll
0x00007ff8dc9a0000 - 0x00007ff8dcc63000 	C:\Windows\system32\nvspcap64.dll
0x00007ff9595e0000 - 0x00007ff959604000 	C:\Windows\SYSTEM32\gpapi.dll
0x00007ff9297a0000 - 0x00007ff9297b4000 	C:\Program Files\Java\javafx-sdk-18.0.1\bin\javafx_font.dll
0x00007ff935810000 - 0x00007ff935a6f000 	C:\Windows\SYSTEM32\dwrite.dll
0x00007ff95b280000 - 0x00007ff95b32f000 	C:\Windows\System32\clbcatq.dll
0x00007ff951860000 - 0x00007ff951a0e000 	C:\Windows\SYSTEM32\WindowsCodecs.dll
0x00007ff933380000 - 0x00007ff9333dd000 	C:\Windows\system32\dataexchange.dll
0x00007ff950bb0000 - 0x00007ff950e16000 	C:\Windows\system32\twinapi.appcore.dll
0x00007ff921c40000 - 0x00007ff921c72000 	C:\Program Files\Common Files\Microsoft Shared\Ink\rtscom.dll
0x00007ff93c230000 - 0x00007ff93c35d000 	C:\Windows\SYSTEM32\textinputframework.dll
0x00007ff956ca0000 - 0x00007ff956dd2000 	C:\Windows\SYSTEM32\CoreMessaging.dll

dbghelp: loaded successfully - version: 4.0.5 - missing functions: none
symbol engine: initialized successfully - sym options: 0x614 - pdb path: .;C:\Program Files\Java\jdk-17.0.2\bin;C:\Windows\SYSTEM32;C:\Windows\WinSxS\amd64_microsoft.windows.common-controls_6595b64144ccf1df_6.0.22000.120_none_9d947278b86cc467;C:\Program Files\Java\jdk-17.0.2\bin\server;C:\Program Files\Java\javafx-sdk-18.0.1\bin;C:\Windows\System32\DriverStore\FileRepository\nvltig.inf_amd64_ce837e92efe9cbc4;C:\Program Files\Common Files\Microsoft Shared\Ink

VM Arguments:
jvm_args: -Dfile.encoding=UTF-8 --add-modules=javafx.controls,javafx.fxml --module-path=C:\Users\juanc\OneDrive\Documentos\Universidad 3\POO\SEATORA\build\classes;C:\Program Files\Java\javafx-sdk-18.0.1\lib\javafx-swt.jar;C:\Program Files\Java\javafx-sdk-18.0.1\lib\javafx.base.jar;C:\Program Files\Java\javafx-sdk-18.0.1\lib\javafx.controls.jar;C:\Program Files\Java\javafx-sdk-18.0.1\lib\javafx.fxml.jar;C:\Program Files\Java\javafx-sdk-18.0.1\lib\javafx.graphics.jar;C:\Program Files\Java\javafx-sdk-18.0.1\lib\javafx.media.jar;C:\Program Files\Java\javafx-sdk-18.0.1\lib\javafx.swing.jar;C:\Program Files\Java\javafx-sdk-18.0.1\lib\javafx.web.jar 
java_command: start.Seatora
java_class_path (initial): C:\Program Files\Java\javafx-sdk-18.0.1\lib\javafx-swt.jar;C:\Program Files\Java\javafx-sdk-18.0.1\lib\javafx.base.jar;C:\Program Files\Java\javafx-sdk-18.0.1\lib\javafx.controls.jar;C:\Program Files\Java\javafx-sdk-18.0.1\lib\javafx.fxml.jar;C:\Program Files\Java\javafx-sdk-18.0.1\lib\javafx.graphics.jar;C:\Program Files\Java\javafx-sdk-18.0.1\lib\javafx.media.jar;C:\Program Files\Java\javafx-sdk-18.0.1\lib\javafx.swing.jar;C:\Program Files\Java\javafx-sdk-18.0.1\lib\javafx.web.jar;C:\Users\juanc\OneDrive\Documentos\Universidad 3\POO\SEATORA\build\classes
Launcher Type: SUN_STANDARD

[Global flags]
     intx CICompilerCount                          = 12                                        {product} {ergonomic}
     uint ConcGCThreads                            = 3                                         {product} {ergonomic}
     uint G1ConcRefinementThreads                  = 13                                        {product} {ergonomic}
   size_t G1HeapRegionSize                         = 4194304                                   {product} {ergonomic}
    uintx GCDrainStackTargetSize                   = 64                                        {product} {ergonomic}
   size_t InitialHeapSize                          = 402653184                                 {product} {ergonomic}
   size_t MarkStackSize                            = 4194304                                   {product} {ergonomic}
   size_t MaxHeapSize                              = 6404702208                                {product} {ergonomic}
   size_t MaxNewSize                               = 3841982464                                {product} {ergonomic}
   size_t MinHeapDeltaBytes                        = 4194304                                   {product} {ergonomic}
   size_t MinHeapSize                              = 8388608                                   {product} {ergonomic}
    uintx NonNMethodCodeHeapSize                   = 7602480                                {pd product} {ergonomic}
    uintx NonProfiledCodeHeapSize                  = 122027880                              {pd product} {ergonomic}
    uintx ProfiledCodeHeapSize                     = 122027880                              {pd product} {ergonomic}
    uintx ReservedCodeCacheSize                    = 251658240                              {pd product} {ergonomic}
     bool SegmentedCodeCache                       = true                                      {product} {ergonomic}
   size_t SoftMaxHeapSize                          = 6404702208                             {manageable} {ergonomic}
     bool UseCompressedClassPointers               = true                           {product lp64_product} {ergonomic}
     bool UseCompressedOops                        = true                           {product lp64_product} {ergonomic}
     bool UseG1GC                                  = true                                      {product} {ergonomic}
     bool UseLargePagesIndividualAllocation        = false                                  {pd product} {ergonomic}

Logging:
Log output configuration:
 #0: stdout all=off uptime,level,tags
 #1: stderr all=off uptime,level,tags

Environment Variables:
PATH=C:\Program Files\Common Files\Oracle\Java\javapath;C:\Program Files (x86)\Common Files\Oracle\Java\javapath;C:\Windows\system32;C:\Windows;C:\Windows\System32\Wbem;C:\Windows\System32\WindowsPowerShell\v1.0\;C:\Windows\System32\OpenSSH\;C:\Program Files (x86)\NVIDIA Corporation\PhysX\Common;C:\Program Files\NVIDIA Corporation\NVIDIA NvDLISR;C:\Users\juanc\AppData\Local\Microsoft\WindowsApps;;C:\Users\juanc\AppData\Local\Programs\Microsoft VS Code\bin
USERNAME=juanc
OS=Windows_NT
PROCESSOR_IDENTIFIER=AMD64 Family 25 Model 80 Stepping 0, AuthenticAMD



---------------  S Y S T E M  ---------------

OS:
 Windows 11 , 64 bit Build 22000 (10.0.22000.675)
OS uptime: 0 days 5:09 hours

CPU: total 16 (initial active 16) (16 cores per cpu, 2 threads per core) family 25 model 80 stepping 0 microcode 0x0, cx8, cmov, fxsr, ht, mmx, 3dnowpref, sse, sse2, sse3, ssse3, sse4a, sse4.1, sse4.2, popcnt, lzcnt, tsc, tscinvbit, avx, avx2, aes, erms, clmul, bmi1, bmi2, adx, sha, fma, vzeroupper, clflush, clflushopt

Memory: 4k page, system-wide physical 24428M (13878M free)
TotalPageFile size 28012M (AvailPageFile size 13173M)
current process WorkingSet (physical memory assigned to process): 185M, peak: 261M
current process commit charge ("private bytes"): 642M, peak: 709M

vm_info: Java HotSpot(TM) 64-Bit Server VM (17.0.2+8-LTS-86) for windows-amd64 JRE (17.0.2+8-LTS-86), built on Dec  7 2021 21:51:03 by "mach5one" with MS VC++ 16.8 / 16.9 (VS2019)

END.
