#
# A fatal error has been detected by the Java Runtime Environment:
#
#  EXCEPTION_ACCESS_VIOLATION (0xc0000005) at pc=0x00007ffd48dc6a87, pid=5080, tid=3668
#
# JRE version: Java(TM) SE Runtime Environment (16.0.1+9) (build 16.0.1+9-24)
# Java VM: Java HotSpot(TM) 64-Bit Server VM (16.0.1+9-24, mixed mode, sharing, tiered, compressed oops, compressed class ptrs, g1 gc, windows-amd64)
# Problematic frame:
# C  [glass.dll+0x26a87]
#
# No core dump will be written. Minidumps are not enabled by default on client versions of Windows
#
# If you would like to submit a bug report, please visit:
#   https://bugreport.java.com/bugreport/crash.jsp
#

---------------  S U M M A R Y ------------

Command Line: -Dfile.encoding=UTF-8 --add-modules=javafx.controls,javafx.fxml --module-path=C:\Users\Adames\Music\Universidad\POO\HG_Performance\build\classes;C:\Program Files\Java\javafx-sdk-17.0.1\lib\javafx-swt.jar;C:\Program Files\Java\javafx-sdk-17.0.1\lib\javafx.base.jar;C:\Program Files\Java\javafx-sdk-17.0.1\lib\javafx.controls.jar;C:\Program Files\Java\javafx-sdk-17.0.1\lib\javafx.fxml.jar;C:\Program Files\Java\javafx-sdk-17.0.1\lib\javafx.graphics.jar;C:\Program Files\Java\javafx-sdk-17.0.1\lib\javafx.media.jar;C:\Program Files\Java\javafx-sdk-17.0.1\lib\javafx.swing.jar;C:\Program Files\Java\javafx-sdk-17.0.1\lib\javafx.web.jar start.HG_Performance

Host: Intel(R) Core(TM) i7-6500U CPU @ 2.50GHz, 4 cores, 15G,  Windows 10 , 64 bit Build 22499 (10.0.22499.1000)
Time: Tue Nov 16 15:35:20 2021 Hora est. Pacífico, Sudamérica elapsed time: 308.105427 seconds (0d 0h 5m 8s)

---------------  T H R E A D  ---------------

Current thread (0x000001cefef0c920):  VMThread "VM Thread" [stack: 0x000000a4ef400000,0x000000a4ef500000] [id=3668]

Stack: [0x000000a4ef400000,0x000000a4ef500000],  sp=0x000000a4ef4ff110,  free space=1020k
Native frames: (J=compiled Java code, j=interpreted, Vv=VM code, C=native code)
C  [glass.dll+0x26a87]


siginfo: EXCEPTION_ACCESS_VIOLATION (0xc0000005), reading address 0x0000000000000000


Register to memory mapping:

RIP=0x00007ffd48dc6a87 glass.dll
RAX=0x0 is NULL
RBX=0x000001cefef1ea20 is a global jni handle
RCX=0x000001cefef0c920 points into unknown readable memory: 0x00007ffd1925f628 | 28 f6 25 19 fd 7f 00 00
RDX=0x000000a4ef4ff110 points into unknown readable memory: 0x0000000000000000 | 00 00 00 00 00 00 00 00
RSP=0x000000a4ef4ff110 points into unknown readable memory: 0x0000000000000000 | 00 00 00 00 00 00 00 00
RBP=0x000001ce801808c8 points into unknown readable memory: 0x0000eb470c17db07 | 07 db 17 0c 47 eb 00 00
RSI=0x000000a4ef4ff218 points into unknown readable memory: 0x000000a4ef4ff200 | 00 f2 4f ef a4 00 00 00
RDI=0x000001ce801808a0 points into unknown readable memory: 0x003f15e36208ed07 | 07 ed 08 62 e3 15 3f 00
R8 =0x0000000000010002 is an unknown value
R9 =0x000001ce801808a0 points into unknown readable memory: 0x003f15e36208ed07 | 07 ed 08 62 e3 15 3f 00
R10=0x85f13e9656da4870 is an unknown value
R11=0x000000a4ef4ff0a0 points into unknown readable memory: 0x000001ce801808a0 | a0 08 18 80 ce 01 00 00
R12=0x00007ffd48dc4354 glass.dll
R13=0x000001cedcc38190 points into unknown readable memory: 0x8000000900000001 | 01 00 00 00 09 00 00 80
R14=0x0000eb470c17db07 is an unknown value
R15=0x000001ce801808a0 points into unknown readable memory: 0x003f15e36208ed07 | 07 ed 08 62 e3 15 3f 00


Registers:
RAX=0x0000000000000000, RBX=0x000001cefef1ea20, RCX=0x000001cefef0c920, RDX=0x000000a4ef4ff110
RSP=0x000000a4ef4ff110, RBP=0x000001ce801808c8, RSI=0x000000a4ef4ff218, RDI=0x000001ce801808a0
R8 =0x0000000000010002, R9 =0x000001ce801808a0, R10=0x85f13e9656da4870, R11=0x000000a4ef4ff0a0
R12=0x00007ffd48dc4354, R13=0x000001cedcc38190, R14=0x0000eb470c17db07, R15=0x000001ce801808a0
RIP=0x00007ffd48dc6a87, EFLAGS=0x0000000000010202

Top of Stack: (sp=0x000000a4ef4ff110)
0x000000a4ef4ff110:   0000000000000000 000000a4ef4ff218
0x000000a4ef4ff120:   000001cedcc38190 00007ffd48dc4354
0x000000a4ef4ff130:   000001ce801808a8 00007ffd65773973
0x000000a4ef4ff140:   000001ce801808a0 000001ce00000000
0x000000a4ef4ff150:   000001ce801808c8 000000a4ef4ff218
0x000000a4ef4ff160:   fffffffffffffffe 0000000000000000
0x000000a4ef4ff170:   0000000000000001 00007ffd48da0000
0x000000a4ef4ff180:   000000a4ef4ff208 00007ffd65740022
0x000000a4ef4ff190:   0000000000000000 000000a4ef4ff218
0x000000a4ef4ff1a0:   000000a4ef4ff500 0000000000000001
0x000000a4ef4ff1b0:   0000000000000001 00007ffd6573ffdd
0x000000a4ef4ff1c0:   0000000000000000 00007ffd48dc3b4d
0x000000a4ef4ff1d0:   000000a4ef4ff500 000000a4ef4ff208
0x000000a4ef4ff1e0:   fffffffffffffffe 000000a400000000
0x000000a4ef4ff1f0:   0000000000000001 00007ffd48dc41e1
0x000000a4ef4ff200:   00007ffd48dda138 00007ffd00000002 

Instructions: (pc=0x00007ffd48dc6a87)
0x00007ffd48dc6987:   8b 4d 58 e8 01 cf ff ff 48 8b 4d 60 e8 f8 ce ff
0x00007ffd48dc6997:   ff 48 8b 95 80 00 00 00 48 8b 8d 18 01 00 00 e8
0x00007ffd48dc69a7:   c6 c3 ff ff 33 d2 33 c9 e8 3c e1 ff ff 90 48 89
0x00007ffd48dc69b7:   54 24 10 55 48 83 ec 20 48 8b ea 48 b8 00 00 00
0x00007ffd48dc69c7:   00 00 00 00 00 48 83 c4 20 5d c3 cc 40 55 48 8b
0x00007ffd48dc69d7:   ea 48 8b 01 33 c9 81 38 05 00 00 c0 0f 94 c1 8b
0x00007ffd48dc69e7:   c1 5d c3 cc 40 55 48 83 ec 20 48 8b ea 8a 4d 40
0x00007ffd48dc69f7:   48 83 c4 20 5d e9 f7 d2 ff ff cc 40 55 48 83 ec
0x00007ffd48dc6a07:   20 48 8b ea 8a 4d 20 e8 e5 d2 ff ff 90 48 83 c4
0x00007ffd48dc6a17:   20 5d c3 cc 40 55 48 83 ec 20 48 8b ea 48 83 c4
0x00007ffd48dc6a27:   20 5d e9 46 d1 ff ff cc 40 55 48 83 ec 30 48 8b
0x00007ffd48dc6a37:   ea 48 8b 01 8b 10 48 89 4c 24 28 89 54 24 20 4c
0x00007ffd48dc6a47:   8d 0d e7 d5 ff ff 4c 8b 45 70 8b 55 68 48 8b 4d
0x00007ffd48dc6a57:   60 e8 87 d0 ff ff 90 48 83 c4 30 5d c3 cc cc cc
0x00007ffd48dc6a67:   cc cc cc cc cc cc cc cc cc 40 53 48 83 ec 20 48
0x00007ffd48dc6a77:   8b 1d b3 30 01 00 48 85 db 74 16 e8 09 8b ff ff
0x00007ffd48dc6a87:   4c 8b 00 48 8b d3 48 8b c8 41 ff 90 b0 00 00 00
0x00007ffd48dc6a97:   90 48 83 c4 20 5b c3 cc cc 40 53 48 83 ec 20 48
0x00007ffd48dc6aa7:   8b 1d 2b 32 01 00 48 85 db 74 57 b8 ff ff ff ff
0x00007ffd48dc6ab7:   f0 0f c1 43 10 83 f8 01 75 3d 48 85 db 74 38 48
0x00007ffd48dc6ac7:   8b 0b 48 85 c9 74 0d ff 15 d4 07 00 00 48 c7 03
0x00007ffd48dc6ad7:   00 00 00 00 48 8b 4b 08 48 85 c9 74 0d e8 a7 cd
0x00007ffd48dc6ae7:   ff ff 48 c7 43 08 00 00 00 00 ba 18 00 00 00 48
0x00007ffd48dc6af7:   8b cb e8 92 cd ff ff 48 c7 05 cf 31 01 00 00 00
0x00007ffd48dc6b07:   00 00 48 83 c4 20 5b c3 cc 40 53 48 83 ec 20 48
0x00007ffd48dc6b17:   8b 1d 9b 31 01 00 48 85 db 74 57 b8 ff ff ff ff
0x00007ffd48dc6b27:   f0 0f c1 43 10 83 f8 01 75 3d 48 85 db 74 38 48
0x00007ffd48dc6b37:   8b 0b 48 85 c9 74 0d ff 15 64 07 00 00 48 c7 03
0x00007ffd48dc6b47:   00 00 00 00 48 8b 4b 08 48 85 c9 74 0d e8 37 cd
0x00007ffd48dc6b57:   ff ff 48 c7 43 08 00 00 00 00 ba 18 00 00 00 48
0x00007ffd48dc6b67:   8b cb e8 22 cd ff ff 48 c7 05 3f 31 01 00 00 00
0x00007ffd48dc6b77:   00 00 48 83 c4 20 5b c3 cc 40 53 48 83 ec 20 48 


Stack slot to memory mapping:
stack at sp + 0 slots: 0x0 is NULL
stack at sp + 1 slots: 0x000000a4ef4ff218 points into unknown readable memory: 0x000000a4ef4ff200 | 00 f2 4f ef a4 00 00 00
stack at sp + 2 slots: 0x000001cedcc38190 points into unknown readable memory: 0x8000000900000001 | 01 00 00 00 09 00 00 80
stack at sp + 3 slots: 0x00007ffd48dc4354 glass.dll
stack at sp + 4 slots: 0x000001ce801808a8 points into unknown readable memory: 0x0000eb470c17db07 | 07 db 17 0c 47 eb 00 00
stack at sp + 5 slots: 0x00007ffd65773973 ucrtbase.dll
stack at sp + 6 slots: 0x000001ce801808a0 points into unknown readable memory: 0x003f15e36208ed07 | 07 ed 08 62 e3 15 3f 00
stack at sp + 7 slots: 0x000001ce00000000 is an unknown value

VM_Operation (0x000000a4f06efe30): Exit, mode: safepoint, requested by thread 0x000001ce8023fd50


---------------  P R O C E S S  ---------------

Threads class SMR info:
_java_thread_list=0x000001ce886dfa70, length=19, elements={
0x000001cedcbda5d0, 0x000001cefef0f470, 0x000001cefef14260, 0x000001cefef1f850,
0x000001cefef23280, 0x000001cefef23b90, 0x000001cefef2c4b0, 0x000001cefef33610,
0x000001cefef38040, 0x000001cefef385a0, 0x000001ceff9f5e10, 0x000001ce800851c0,
0x000001ceffa3bba0, 0x000001ce8023f830, 0x000001ce8023fd50, 0x000001ce804b8a90,
0x000001ce804ce800, 0x000001ce806ad7c0, 0x000001ce806b0240
}

Java Threads: ( => current thread )
  0x000001cedcbda5d0 JavaThread "main" [_thread_blocked, id=13056, stack(0x000000a4eee00000,0x000000a4eef00000)]
  0x000001cefef0f470 JavaThread "Reference Handler" daemon [_thread_blocked, id=14420, stack(0x000000a4ef500000,0x000000a4ef600000)]
  0x000001cefef14260 JavaThread "Finalizer" daemon [_thread_blocked, id=11040, stack(0x000000a4ef600000,0x000000a4ef700000)]
  0x000001cefef1f850 JavaThread "Signal Dispatcher" daemon [_thread_blocked, id=10756, stack(0x000000a4ef700000,0x000000a4ef800000)]
  0x000001cefef23280 JavaThread "Attach Listener" daemon [_thread_blocked, id=14400, stack(0x000000a4ef800000,0x000000a4ef900000)]
  0x000001cefef23b90 JavaThread "Service Thread" daemon [_thread_blocked, id=2488, stack(0x000000a4ef900000,0x000000a4efa00000)]
  0x000001cefef2c4b0 JavaThread "Monitor Deflation Thread" daemon [_thread_blocked, id=14432, stack(0x000000a4efa00000,0x000000a4efb00000)]
  0x000001cefef33610 JavaThread "C2 CompilerThread0" daemon [_thread_blocked, id=11228, stack(0x000000a4efb00000,0x000000a4efc00000)]
  0x000001cefef38040 JavaThread "C1 CompilerThread0" daemon [_thread_blocked, id=14292, stack(0x000000a4efc00000,0x000000a4efd00000)]
  0x000001cefef385a0 JavaThread "Sweeper thread" daemon [_thread_blocked, id=15116, stack(0x000000a4efd00000,0x000000a4efe00000)]
  0x000001ceff9f5e10 JavaThread "Common-Cleaner" daemon [_thread_blocked, id=14012, stack(0x000000a4efe00000,0x000000a4eff00000)]
  0x000001ce800851c0 JavaThread "Notification Thread" daemon [_thread_blocked, id=15276, stack(0x000000a4f0000000,0x000000a4f0100000)]
  0x000001ceffa3bba0 JavaThread "QuantumRenderer-0" daemon [_thread_blocked, id=9468, stack(0x000000a4eff00000,0x000000a4f0000000)]
  0x000001ce8023f830 JavaThread "InvokeLaterDispatcher" daemon [_thread_blocked, id=13752, stack(0x000000a4f0500000,0x000000a4f0600000)]
  0x000001ce8023fd50 JavaThread "JavaFX Application Thread" [_thread_blocked, id=3376, stack(0x000000a4f0600000,0x000000a4f0700000)]
  0x000001ce804b8a90 JavaThread "JavaFX-Launcher" [_thread_blocked, id=11196, stack(0x000000a4f0b00000,0x000000a4f0c00000)]
  0x000001ce804ce800 JavaThread "Thread-2" daemon [_thread_in_native, id=14524, stack(0x000000a4f0a00000,0x000000a4f0b00000)]
  0x000001ce806ad7c0 JavaThread "Prism Font Disposer" daemon [_thread_blocked, id=13984, stack(0x000000a4f1000000,0x000000a4f1100000)]
  0x000001ce806b0240 JavaThread "Cleaner-0" daemon [_thread_blocked, id=15316, stack(0x000000a4f1100000,0x000000a4f1200000)]

Other Threads:
=>0x000001cefef0c920 VMThread "VM Thread" [stack: 0x000000a4ef400000,0x000000a4ef500000] [id=3668]
  0x000001cedcc23d10 GCTaskThread "GC Thread#0" [stack: 0x000000a4eef00000,0x000000a4ef000000] [id=9264]
  0x000001ce8031d440 GCTaskThread "GC Thread#1" [stack: 0x000000a4f0200000,0x000000a4f0300000] [id=13612]
  0x000001ce8031d750 GCTaskThread "GC Thread#2" [stack: 0x000000a4f0300000,0x000000a4f0400000] [id=7700]
  0x000001ce8031da60 GCTaskThread "GC Thread#3" [stack: 0x000000a4f0400000,0x000000a4f0500000] [id=13724]
  0x000001cedcc34ca0 ConcurrentGCThread "G1 Main Marker" terminated
  0x000001cedcc35eb0 ConcurrentGCThread "G1 Conc#0" [stack: 0x000000a4ef100000,0x000000a4ef200000] [id=13520]
  0x000001cedcc9df80 ConcurrentGCThread "G1 Refine#0" terminated
  0x000001cedcc9e910 ConcurrentGCThread "G1 Service" terminated

Threads with active compile tasks:

VM state: at safepoint (shutting down)

VM Mutex/Monitor currently owned by a thread:  ([mutex/lock_event])
[0x000001cedcbd59e0] Threads_lock - owner thread: 0x000001cefef0c920
[0x000001cedcbd6130] Heap_lock - owner thread: 0x000001ce8023fd50

Heap address: 0x0000000702000000, size: 4064 MB, Compressed Oops mode: Zero based, Oop shift amount: 3

CDS archive(s) mapped at: [0x0000000800000000-0x0000000800bb0000-0x0000000800bb0000), size 12255232, SharedBaseAddress: 0x0000000800000000, ArchiveRelocationMode: 0.
Compressed class space mapped at: 0x0000000800c00000-0x0000000840c00000, reserved size: 1073741824
Narrow klass base: 0x0000000800000000, Narrow klass shift: 3, Narrow klass range: 0x100000000

GC Precious Log:
 CPUs: 4 total, 4 available
 Memory: 16255M
 Large Page Support: Disabled
 NUMA Support: Disabled
 Compressed Oops: Enabled (Zero based)
 Heap Region Size: 2M
 Heap Min Capacity: 8M
 Heap Initial Capacity: 254M
 Heap Max Capacity: 4064M
 Pre-touch: Disabled
 Parallel Workers: 4
 Concurrent Workers: 1
 Concurrent Refinement Workers: 4
 Periodic GC: Disabled

Heap:
 garbage-first heap   total 260096K, used 76621K [0x0000000702000000, 0x0000000800000000)
  region size 2048K, 34 young (69632K), 2 survivors (4096K)
 Metaspace       used 19030K, committed 19328K, reserved 1073152K
  class space    used 2685K, committed 2816K, reserved 1048576K

Heap Regions: E=young(eden), S=young(survivor), O=old, HS=humongous(starts), HC=humongous(continues), CS=collection set, F=free, OA=open archive, CA=closed archive, TAMS=top-at-mark-start (previous, next)
|   0|0x0000000702000000, 0x00000007020d3400, 0x0000000702200000| 41%| O|  |TAMS 0x0000000702000000, 0x0000000702000000| Untracked 
|   1|0x0000000702200000, 0x0000000702400000, 0x0000000702400000|100%|HS|  |TAMS 0x0000000702200000, 0x0000000702200000| Complete 
|   2|0x0000000702400000, 0x0000000702600000, 0x0000000702600000|100%|HS|  |TAMS 0x0000000702400000, 0x0000000702400000| Complete 
|   3|0x0000000702600000, 0x0000000702800000, 0x0000000702800000|100%|HC|  |TAMS 0x0000000702600000, 0x0000000702600000| Complete 
|   4|0x0000000702800000, 0x0000000702a00000, 0x0000000702a00000|100%|HC|  |TAMS 0x0000000702800000, 0x0000000702800000| Complete 
|   5|0x0000000702a00000, 0x0000000702a00000, 0x0000000702c00000|  0%| F|  |TAMS 0x0000000702a00000, 0x0000000702a00000| Untracked 
|   6|0x0000000702c00000, 0x0000000702c00000, 0x0000000702e00000|  0%| F|  |TAMS 0x0000000702c00000, 0x0000000702c00000| Untracked 
|   7|0x0000000702e00000, 0x0000000702e00000, 0x0000000703000000|  0%| F|  |TAMS 0x0000000702e00000, 0x0000000702e00000| Untracked 
|   8|0x0000000703000000, 0x0000000703000000, 0x0000000703200000|  0%| F|  |TAMS 0x0000000703000000, 0x0000000703000000| Untracked 
|   9|0x0000000703200000, 0x0000000703200000, 0x0000000703400000|  0%| F|  |TAMS 0x0000000703200000, 0x0000000703200000| Untracked 
|  10|0x0000000703400000, 0x0000000703400000, 0x0000000703600000|  0%| F|  |TAMS 0x0000000703400000, 0x0000000703400000| Untracked 
|  11|0x0000000703600000, 0x0000000703600000, 0x0000000703800000|  0%| F|  |TAMS 0x0000000703600000, 0x0000000703600000| Untracked 
|  12|0x0000000703800000, 0x0000000703800000, 0x0000000703a00000|  0%| F|  |TAMS 0x0000000703800000, 0x0000000703800000| Untracked 
|  13|0x0000000703a00000, 0x0000000703a00000, 0x0000000703c00000|  0%| F|  |TAMS 0x0000000703a00000, 0x0000000703a00000| Untracked 
|  14|0x0000000703c00000, 0x0000000703c00000, 0x0000000703e00000|  0%| F|  |TAMS 0x0000000703c00000, 0x0000000703c00000| Untracked 
|  15|0x0000000703e00000, 0x0000000703e00000, 0x0000000704000000|  0%| F|  |TAMS 0x0000000703e00000, 0x0000000703e00000| Untracked 
|  16|0x0000000704000000, 0x0000000704000000, 0x0000000704200000|  0%| F|  |TAMS 0x0000000704000000, 0x0000000704000000| Untracked 
|  17|0x0000000704200000, 0x0000000704200000, 0x0000000704400000|  0%| F|  |TAMS 0x0000000704200000, 0x0000000704200000| Untracked 
|  18|0x0000000704400000, 0x0000000704400000, 0x0000000704600000|  0%| F|  |TAMS 0x0000000704400000, 0x0000000704400000| Untracked 
|  19|0x0000000704600000, 0x0000000704600000, 0x0000000704800000|  0%| F|  |TAMS 0x0000000704600000, 0x0000000704600000| Untracked 
|  20|0x0000000704800000, 0x0000000704800000, 0x0000000704a00000|  0%| F|  |TAMS 0x0000000704800000, 0x0000000704800000| Untracked 
|  21|0x0000000704a00000, 0x0000000704a00000, 0x0000000704c00000|  0%| F|  |TAMS 0x0000000704a00000, 0x0000000704a00000| Untracked 
|  22|0x0000000704c00000, 0x0000000704c00000, 0x0000000704e00000|  0%| F|  |TAMS 0x0000000704c00000, 0x0000000704c00000| Untracked 
|  23|0x0000000704e00000, 0x0000000704e00000, 0x0000000705000000|  0%| F|  |TAMS 0x0000000704e00000, 0x0000000704e00000| Untracked 
|  24|0x0000000705000000, 0x0000000705000000, 0x0000000705200000|  0%| F|  |TAMS 0x0000000705000000, 0x0000000705000000| Untracked 
|  25|0x0000000705200000, 0x0000000705200000, 0x0000000705400000|  0%| F|  |TAMS 0x0000000705200000, 0x0000000705200000| Untracked 
|  26|0x0000000705400000, 0x0000000705400000, 0x0000000705600000|  0%| F|  |TAMS 0x0000000705400000, 0x0000000705400000| Untracked 
|  27|0x0000000705600000, 0x0000000705600000, 0x0000000705800000|  0%| F|  |TAMS 0x0000000705600000, 0x0000000705600000| Untracked 
|  28|0x0000000705800000, 0x0000000705800000, 0x0000000705a00000|  0%| F|  |TAMS 0x0000000705800000, 0x0000000705800000| Untracked 
|  29|0x0000000705a00000, 0x0000000705a00000, 0x0000000705c00000|  0%| F|  |TAMS 0x0000000705a00000, 0x0000000705a00000| Untracked 
|  30|0x0000000705c00000, 0x0000000705c00000, 0x0000000705e00000|  0%| F|  |TAMS 0x0000000705c00000, 0x0000000705c00000| Untracked 
|  31|0x0000000705e00000, 0x0000000705e00000, 0x0000000706000000|  0%| F|  |TAMS 0x0000000705e00000, 0x0000000705e00000| Untracked 
|  32|0x0000000706000000, 0x0000000706000000, 0x0000000706200000|  0%| F|  |TAMS 0x0000000706000000, 0x0000000706000000| Untracked 
|  33|0x0000000706200000, 0x0000000706200000, 0x0000000706400000|  0%| F|  |TAMS 0x0000000706200000, 0x0000000706200000| Untracked 
|  34|0x0000000706400000, 0x0000000706400000, 0x0000000706600000|  0%| F|  |TAMS 0x0000000706400000, 0x0000000706400000| Untracked 
|  35|0x0000000706600000, 0x0000000706600000, 0x0000000706800000|  0%| F|  |TAMS 0x0000000706600000, 0x0000000706600000| Untracked 
|  36|0x0000000706800000, 0x0000000706800000, 0x0000000706a00000|  0%| F|  |TAMS 0x0000000706800000, 0x0000000706800000| Untracked 
|  37|0x0000000706a00000, 0x0000000706a00000, 0x0000000706c00000|  0%| F|  |TAMS 0x0000000706a00000, 0x0000000706a00000| Untracked 
|  38|0x0000000706c00000, 0x0000000706c00000, 0x0000000706e00000|  0%| F|  |TAMS 0x0000000706c00000, 0x0000000706c00000| Untracked 
|  39|0x0000000706e00000, 0x0000000706e00000, 0x0000000707000000|  0%| F|  |TAMS 0x0000000706e00000, 0x0000000706e00000| Untracked 
|  40|0x0000000707000000, 0x0000000707000000, 0x0000000707200000|  0%| F|  |TAMS 0x0000000707000000, 0x0000000707000000| Untracked 
|  41|0x0000000707200000, 0x0000000707200000, 0x0000000707400000|  0%| F|  |TAMS 0x0000000707200000, 0x0000000707200000| Untracked 
|  42|0x0000000707400000, 0x0000000707400000, 0x0000000707600000|  0%| F|  |TAMS 0x0000000707400000, 0x0000000707400000| Untracked 
|  43|0x0000000707600000, 0x0000000707600000, 0x0000000707800000|  0%| F|  |TAMS 0x0000000707600000, 0x0000000707600000| Untracked 
|  44|0x0000000707800000, 0x0000000707800000, 0x0000000707a00000|  0%| F|  |TAMS 0x0000000707800000, 0x0000000707800000| Untracked 
|  45|0x0000000707a00000, 0x0000000707a00000, 0x0000000707c00000|  0%| F|  |TAMS 0x0000000707a00000, 0x0000000707a00000| Untracked 
|  46|0x0000000707c00000, 0x0000000707c00000, 0x0000000707e00000|  0%| F|  |TAMS 0x0000000707c00000, 0x0000000707c00000| Untracked 
|  47|0x0000000707e00000, 0x0000000707e00000, 0x0000000708000000|  0%| F|  |TAMS 0x0000000707e00000, 0x0000000707e00000| Untracked 
|  48|0x0000000708000000, 0x0000000708000000, 0x0000000708200000|  0%| F|  |TAMS 0x0000000708000000, 0x0000000708000000| Untracked 
|  49|0x0000000708200000, 0x0000000708200000, 0x0000000708400000|  0%| F|  |TAMS 0x0000000708200000, 0x0000000708200000| Untracked 
|  50|0x0000000708400000, 0x0000000708400000, 0x0000000708600000|  0%| F|  |TAMS 0x0000000708400000, 0x0000000708400000| Untracked 
|  51|0x0000000708600000, 0x0000000708600000, 0x0000000708800000|  0%| F|  |TAMS 0x0000000708600000, 0x0000000708600000| Untracked 
|  52|0x0000000708800000, 0x0000000708800000, 0x0000000708a00000|  0%| F|  |TAMS 0x0000000708800000, 0x0000000708800000| Untracked 
|  53|0x0000000708a00000, 0x0000000708a00000, 0x0000000708c00000|  0%| F|  |TAMS 0x0000000708a00000, 0x0000000708a00000| Untracked 
|  54|0x0000000708c00000, 0x0000000708c00000, 0x0000000708e00000|  0%| F|  |TAMS 0x0000000708c00000, 0x0000000708c00000| Untracked 
|  55|0x0000000708e00000, 0x0000000708e00000, 0x0000000709000000|  0%| F|  |TAMS 0x0000000708e00000, 0x0000000708e00000| Untracked 
|  56|0x0000000709000000, 0x0000000709000000, 0x0000000709200000|  0%| F|  |TAMS 0x0000000709000000, 0x0000000709000000| Untracked 
|  57|0x0000000709200000, 0x0000000709200000, 0x0000000709400000|  0%| F|  |TAMS 0x0000000709200000, 0x0000000709200000| Untracked 
|  58|0x0000000709400000, 0x0000000709400000, 0x0000000709600000|  0%| F|  |TAMS 0x0000000709400000, 0x0000000709400000| Untracked 
|  59|0x0000000709600000, 0x0000000709600000, 0x0000000709800000|  0%| F|  |TAMS 0x0000000709600000, 0x0000000709600000| Untracked 
|  60|0x0000000709800000, 0x0000000709800000, 0x0000000709a00000|  0%| F|  |TAMS 0x0000000709800000, 0x0000000709800000| Untracked 
|  61|0x0000000709a00000, 0x0000000709a00000, 0x0000000709c00000|  0%| F|  |TAMS 0x0000000709a00000, 0x0000000709a00000| Untracked 
|  62|0x0000000709c00000, 0x0000000709c00000, 0x0000000709e00000|  0%| F|  |TAMS 0x0000000709c00000, 0x0000000709c00000| Untracked 
|  63|0x0000000709e00000, 0x0000000709e00000, 0x000000070a000000|  0%| F|  |TAMS 0x0000000709e00000, 0x0000000709e00000| Untracked 
|  64|0x000000070a000000, 0x000000070a000000, 0x000000070a200000|  0%| F|  |TAMS 0x000000070a000000, 0x000000070a000000| Untracked 
|  65|0x000000070a200000, 0x000000070a200000, 0x000000070a400000|  0%| F|  |TAMS 0x000000070a200000, 0x000000070a200000| Untracked 
|  66|0x000000070a400000, 0x000000070a400000, 0x000000070a600000|  0%| F|  |TAMS 0x000000070a400000, 0x000000070a400000| Untracked 
|  67|0x000000070a600000, 0x000000070a600000, 0x000000070a800000|  0%| F|  |TAMS 0x000000070a600000, 0x000000070a600000| Untracked 
|  68|0x000000070a800000, 0x000000070a800000, 0x000000070aa00000|  0%| F|  |TAMS 0x000000070a800000, 0x000000070a800000| Untracked 
|  69|0x000000070aa00000, 0x000000070aa00000, 0x000000070ac00000|  0%| F|  |TAMS 0x000000070aa00000, 0x000000070aa00000| Untracked 
|  70|0x000000070ac00000, 0x000000070ac00000, 0x000000070ae00000|  0%| F|  |TAMS 0x000000070ac00000, 0x000000070ac00000| Untracked 
|  71|0x000000070ae00000, 0x000000070ae00000, 0x000000070b000000|  0%| F|  |TAMS 0x000000070ae00000, 0x000000070ae00000| Untracked 
|  72|0x000000070b000000, 0x000000070b000000, 0x000000070b200000|  0%| F|  |TAMS 0x000000070b000000, 0x000000070b000000| Untracked 
|  73|0x000000070b200000, 0x000000070b200000, 0x000000070b400000|  0%| F|  |TAMS 0x000000070b200000, 0x000000070b200000| Untracked 
|  74|0x000000070b400000, 0x000000070b400000, 0x000000070b600000|  0%| F|  |TAMS 0x000000070b400000, 0x000000070b400000| Untracked 
|  75|0x000000070b600000, 0x000000070b600000, 0x000000070b800000|  0%| F|  |TAMS 0x000000070b600000, 0x000000070b600000| Untracked 
|  76|0x000000070b800000, 0x000000070b800000, 0x000000070ba00000|  0%| F|  |TAMS 0x000000070b800000, 0x000000070b800000| Untracked 
|  77|0x000000070ba00000, 0x000000070ba00000, 0x000000070bc00000|  0%| F|  |TAMS 0x000000070ba00000, 0x000000070ba00000| Untracked 
|  78|0x000000070bc00000, 0x000000070bc00000, 0x000000070be00000|  0%| F|  |TAMS 0x000000070bc00000, 0x000000070bc00000| Untracked 
|  79|0x000000070be00000, 0x000000070be00000, 0x000000070c000000|  0%| F|  |TAMS 0x000000070be00000, 0x000000070be00000| Untracked 
|  80|0x000000070c000000, 0x000000070c000000, 0x000000070c200000|  0%| F|  |TAMS 0x000000070c000000, 0x000000070c000000| Untracked 
|  81|0x000000070c200000, 0x000000070c200000, 0x000000070c400000|  0%| F|  |TAMS 0x000000070c200000, 0x000000070c200000| Untracked 
|  82|0x000000070c400000, 0x000000070c400000, 0x000000070c600000|  0%| F|  |TAMS 0x000000070c400000, 0x000000070c400000| Untracked 
|  83|0x000000070c600000, 0x000000070c600000, 0x000000070c800000|  0%| F|  |TAMS 0x000000070c600000, 0x000000070c600000| Untracked 
|  84|0x000000070c800000, 0x000000070c800000, 0x000000070ca00000|  0%| F|  |TAMS 0x000000070c800000, 0x000000070c800000| Untracked 
|  85|0x000000070ca00000, 0x000000070ca00000, 0x000000070cc00000|  0%| F|  |TAMS 0x000000070ca00000, 0x000000070ca00000| Untracked 
|  86|0x000000070cc00000, 0x000000070cc00000, 0x000000070ce00000|  0%| F|  |TAMS 0x000000070cc00000, 0x000000070cc00000| Untracked 
|  87|0x000000070ce00000, 0x000000070ce00000, 0x000000070d000000|  0%| F|  |TAMS 0x000000070ce00000, 0x000000070ce00000| Untracked 
|  88|0x000000070d000000, 0x000000070d000000, 0x000000070d200000|  0%| F|  |TAMS 0x000000070d000000, 0x000000070d000000| Untracked 
|  89|0x000000070d200000, 0x000000070d200000, 0x000000070d400000|  0%| F|  |TAMS 0x000000070d200000, 0x000000070d200000| Untracked 
|  90|0x000000070d400000, 0x000000070d400000, 0x000000070d600000|  0%| F|  |TAMS 0x000000070d400000, 0x000000070d400000| Untracked 
|  91|0x000000070d600000, 0x000000070d600000, 0x000000070d800000|  0%| F|  |TAMS 0x000000070d600000, 0x000000070d600000| Untracked 
|  92|0x000000070d800000, 0x000000070d800000, 0x000000070da00000|  0%| F|  |TAMS 0x000000070d800000, 0x000000070d800000| Untracked 
|  93|0x000000070da00000, 0x000000070dbc2098, 0x000000070dc00000| 87%| E|  |TAMS 0x000000070da00000, 0x000000070da00000| Complete 
|  94|0x000000070dc00000, 0x000000070de00000, 0x000000070de00000|100%| E|CS|TAMS 0x000000070dc00000, 0x000000070dc00000| Complete 
|  95|0x000000070de00000, 0x000000070e000000, 0x000000070e000000|100%| E|CS|TAMS 0x000000070de00000, 0x000000070de00000| Complete 
|  96|0x000000070e000000, 0x000000070e200000, 0x000000070e200000|100%| E|CS|TAMS 0x000000070e000000, 0x000000070e000000| Complete 
|  97|0x000000070e200000, 0x000000070e400000, 0x000000070e400000|100%| E|CS|TAMS 0x000000070e200000, 0x000000070e200000| Complete 
|  98|0x000000070e400000, 0x000000070e600000, 0x000000070e600000|100%| E|CS|TAMS 0x000000070e400000, 0x000000070e400000| Complete 
|  99|0x000000070e600000, 0x000000070e800000, 0x000000070e800000|100%| E|CS|TAMS 0x000000070e600000, 0x000000070e600000| Complete 
| 100|0x000000070e800000, 0x000000070ea00000, 0x000000070ea00000|100%| E|CS|TAMS 0x000000070e800000, 0x000000070e800000| Complete 
| 101|0x000000070ea00000, 0x000000070ec00000, 0x000000070ec00000|100%| E|CS|TAMS 0x000000070ea00000, 0x000000070ea00000| Complete 
| 102|0x000000070ec00000, 0x000000070ee00000, 0x000000070ee00000|100%| E|CS|TAMS 0x000000070ec00000, 0x000000070ec00000| Complete 
| 103|0x000000070ee00000, 0x000000070f000000, 0x000000070f000000|100%| E|CS|TAMS 0x000000070ee00000, 0x000000070ee00000| Complete 
| 104|0x000000070f000000, 0x000000070f200000, 0x000000070f200000|100%| E|CS|TAMS 0x000000070f000000, 0x000000070f000000| Complete 
| 105|0x000000070f200000, 0x000000070f400000, 0x000000070f400000|100%| E|CS|TAMS 0x000000070f200000, 0x000000070f200000| Complete 
| 106|0x000000070f400000, 0x000000070f600000, 0x000000070f600000|100%| E|CS|TAMS 0x000000070f400000, 0x000000070f400000| Complete 
| 107|0x000000070f600000, 0x000000070f800000, 0x000000070f800000|100%| E|CS|TAMS 0x000000070f600000, 0x000000070f600000| Complete 
| 108|0x000000070f800000, 0x000000070fa00000, 0x000000070fa00000|100%| E|CS|TAMS 0x000000070f800000, 0x000000070f800000| Complete 
| 109|0x000000070fa00000, 0x000000070fc00000, 0x000000070fc00000|100%| E|CS|TAMS 0x000000070fa00000, 0x000000070fa00000| Complete 
| 110|0x000000070fc00000, 0x000000070fe00000, 0x000000070fe00000|100%| E|CS|TAMS 0x000000070fc00000, 0x000000070fc00000| Complete 
| 111|0x000000070fe00000, 0x0000000710000000, 0x0000000710000000|100%| E|CS|TAMS 0x000000070fe00000, 0x000000070fe00000| Complete 
| 112|0x0000000710000000, 0x0000000710200000, 0x0000000710200000|100%| E|CS|TAMS 0x0000000710000000, 0x0000000710000000| Complete 
| 113|0x0000000710200000, 0x0000000710400000, 0x0000000710400000|100%| E|CS|TAMS 0x0000000710200000, 0x0000000710200000| Complete 
| 114|0x0000000710400000, 0x0000000710600000, 0x0000000710600000|100%| E|CS|TAMS 0x0000000710400000, 0x0000000710400000| Complete 
| 115|0x0000000710600000, 0x0000000710800000, 0x0000000710800000|100%| E|CS|TAMS 0x0000000710600000, 0x0000000710600000| Complete 
| 116|0x0000000710800000, 0x0000000710a00000, 0x0000000710a00000|100%| S|CS|TAMS 0x0000000710800000, 0x0000000710800000| Complete 
| 117|0x0000000710a00000, 0x0000000710c00000, 0x0000000710c00000|100%| S|CS|TAMS 0x0000000710a00000, 0x0000000710a00000| Complete 
| 118|0x0000000710c00000, 0x0000000710e00000, 0x0000000710e00000|100%| E|CS|TAMS 0x0000000710c00000, 0x0000000710c00000| Complete 
| 119|0x0000000710e00000, 0x0000000711000000, 0x0000000711000000|100%| E|CS|TAMS 0x0000000710e00000, 0x0000000710e00000| Complete 
| 120|0x0000000711000000, 0x0000000711200000, 0x0000000711200000|100%| E|CS|TAMS 0x0000000711000000, 0x0000000711000000| Complete 
| 121|0x0000000711200000, 0x0000000711400000, 0x0000000711400000|100%| E|CS|TAMS 0x0000000711200000, 0x0000000711200000| Complete 
| 122|0x0000000711400000, 0x0000000711600000, 0x0000000711600000|100%| E|CS|TAMS 0x0000000711400000, 0x0000000711400000| Complete 
| 123|0x0000000711600000, 0x0000000711800000, 0x0000000711800000|100%| E|CS|TAMS 0x0000000711600000, 0x0000000711600000| Complete 
| 124|0x0000000711800000, 0x0000000711a00000, 0x0000000711a00000|100%| E|CS|TAMS 0x0000000711800000, 0x0000000711800000| Complete 
| 125|0x0000000711a00000, 0x0000000711c00000, 0x0000000711c00000|100%| E|CS|TAMS 0x0000000711a00000, 0x0000000711a00000| Complete 
| 126|0x0000000711c00000, 0x0000000711e00000, 0x0000000711e00000|100%| E|CS|TAMS 0x0000000711c00000, 0x0000000711c00000| Complete 

Card table byte_map: [0x000001cef3b40000,0x000001cef4330000] _byte_map_base: 0x000001cef0330000

Marking Bits (Prev, Next): (CMBitMap*) 0x000001cedcc24380, (CMBitMap*) 0x000001cedcc243c0
 Prev Bits: [0x000001cef4b20000, 0x000001cef8aa0000)
 Next Bits: [0x000001cef8aa0000, 0x000001cefca20000)

Polling page: 0x000001cedabb0000

Metaspace:

Usage:
  Non-class:     15.96 MB used.
      Class:      2.62 MB used.
       Both:     18.58 MB used.

Virtual space:
  Non-class space:       24.00 MB reserved,      16.12 MB ( 67%) committed,  3 nodes.
      Class space:        1.00 GB reserved,       2.75 MB ( <1%) committed,  1 nodes.
              Both:        1.02 GB reserved,      18.88 MB (  2%) committed. 

Chunk freelists:
   Non-Class:  3.86 MB
       Class:  1.13 MB
        Both:  4.99 MB

MaxMetaspaceSize: 17179869184.00 GB
CompressedClassSpaceSize: 1.00 GB
 - commit_granule_bytes: 65536.
 - commit_granule_words: 8192.
 - virtual_space_node_default_size: 1048576.
 - enlarge_chunks_in_place: 1.
 - new_chunks_are_fully_committed: 0.
 - uncommit_free_chunks: 1.
 - use_allocation_guard: 0.
 - handle_deallocations: 1.


Internal statistics:

num_allocs_failed_limit: 0.
num_arena_births: 246.
num_arena_deaths: 0.
num_vsnodes_births: 4.
num_vsnodes_deaths: 0.
num_space_committed: 302.
num_space_uncommitted: 0.
num_chunks_returned_to_freelist: 0.
num_chunks_taken_from_freelist: 946.
num_chunk_merges: 0.
num_chunk_splits: 641.
num_chunks_enlarged: 480.
num_purges: 0.

CodeHeap 'non-profiled nmethods': size=120000Kb used=1972Kb max_used=1972Kb free=118027Kb
 bounds [0x000001ceebe20000, 0x000001ceec090000, 0x000001cef3350000]
CodeHeap 'profiled nmethods': size=120000Kb used=8766Kb max_used=8766Kb free=111233Kb
 bounds [0x000001cee48f0000, 0x000001cee5180000, 0x000001ceebe20000]
CodeHeap 'non-nmethods': size=5760Kb used=1465Kb max_used=1549Kb free=4294Kb
 bounds [0x000001cee4350000, 0x000001cee45c0000, 0x000001cee48f0000]
 total_blobs=5092 nmethods=4266 adapters=737
 compilation: enabled
              stopped_count=0, restarted_count=0
 full_count=0

Compilation events (20 events):
Event: 307.602 Thread 0x000001cefef33610 4260       4       com.sun.javafx.util.Utils::calculateBrightness (27 bytes)
Event: 307.602 Thread 0x000001cefef38040 4261       3       javafx.scene.Scene::clearDirty (8 bytes)
Event: 307.602 Thread 0x000001cefef33610 nmethod 4260 0x000001ceec00c690 code [0x000001ceec00c840, 0x000001ceec00c8d8]
Event: 307.602 Thread 0x000001cefef38040 nmethod 4261 0x000001cee5179d90 code [0x000001cee5179f40, 0x000001cee517a128]
Event: 307.602 Thread 0x000001cefef38040 4262       3       com.sun.javafx.tk.quantum.GlassScene::updateSceneState (8 bytes)
Event: 307.602 Thread 0x000001cefef33610 4265       4       java.lang.StrictMath::ceil (10 bytes)
Event: 307.603 Thread 0x000001cefef38040 nmethod 4262 0x000001cee517a210 code [0x000001cee517a3c0, 0x000001cee517a508]
Event: 307.603 Thread 0x000001cefef38040 4263       3       com.sun.javafx.tk.quantum.SceneState::update (80 bytes)
Event: 307.603 Thread 0x000001cefef38040 nmethod 4263 0x000001cee517a610 code [0x000001cee517a800, 0x000001cee517af38]
Event: 307.603 Thread 0x000001cefef38040 4264       3       com.sun.prism.d3d.D3DSwapChain::createGraphics (28 bytes)
Event: 307.603 Thread 0x000001cefef38040 nmethod 4264 0x000001cee517b110 code [0x000001cee517b2e0, 0x000001cee517b658]
Event: 307.603 Thread 0x000001cefef38040 4266       3       com.sun.prism.d3d.D3DSwapChain::prepare (133 bytes)
Event: 307.604 Thread 0x000001cefef33610 nmethod 4265 0x000001ceec00c990 code [0x000001ceec00cb40, 0x000001ceec00cc38]
Event: 307.605 Thread 0x000001cefef38040 nmethod 4266 0x000001cee517b810 code [0x000001cee517bb60, 0x000001cee517d568]
Event: 307.605 Thread 0x000001cefef38040 4267       3       com.sun.prism.d3d.D3DSwapChain::present (35 bytes)
Event: 307.605 Thread 0x000001cefef38040 nmethod 4267 0x000001cee517de10 code [0x000001cee517dfe0, 0x000001cee517e3f8]
Event: 307.605 Thread 0x000001cefef38040 4268       3       com.sun.prism.d3d.D3DContext::validatePresent (36 bytes)
Event: 307.605 Thread 0x000001cefef38040 nmethod 4268 0x000001cee517e590 code [0x000001cee517e760, 0x000001cee517eaa8]
Event: 307.700 Thread 0x000001cefef38040 4270       3       jdk.internal.loader.NativeLibraries::find (72 bytes)
Event: 307.700 Thread 0x000001cefef38040 nmethod 4270 0x000001cee517eb90 code [0x000001cee517edc0, 0x000001cee517f658]

GC Heap History (4 events):
Event: 0.505 GC heap before
{Heap before GC invocations=0 (full 0):
 garbage-first heap   total 260096K, used 10240K [0x0000000702000000, 0x0000000800000000)
  region size 2048K, 6 young (12288K), 0 survivors (0K)
 Metaspace       used 2339K, committed 2496K, reserved 1056768K
  class space    used 235K, committed 320K, reserved 1048576K
}
Event: 0.508 GC heap after
{Heap after GC invocations=1 (full 0):
 garbage-first heap   total 260096K, used 1817K [0x0000000702000000, 0x0000000800000000)
  region size 2048K, 1 young (2048K), 1 survivors (2048K)
 Metaspace       used 2339K, committed 2496K, reserved 1056768K
  class space    used 235K, committed 320K, reserved 1048576K
}
Event: 0.824 GC heap before
{Heap before GC invocations=1 (full 0):
 garbage-first heap   total 260096K, used 16153K [0x0000000702000000, 0x0000000800000000)
  region size 2048K, 9 young (18432K), 1 survivors (2048K)
 Metaspace       used 7599K, committed 7808K, reserved 1064960K
  class space    used 940K, committed 1024K, reserved 1048576K
}
Event: 0.829 GC heap after
{Heap after GC invocations=2 (full 0):
 garbage-first heap   total 260096K, used 4941K [0x0000000702000000, 0x0000000800000000)
  region size 2048K, 2 young (4096K), 2 survivors (4096K)
 Metaspace       used 7599K, committed 7808K, reserved 1064960K
  class space    used 940K, committed 1024K, reserved 1048576K
}

Deoptimization events (20 events):
Event: 52.162 Thread 0x000001ceffa3bba0 DEOPT PACKING pc=0x000001cee4b5e6c2 sp=0x000000a4efffdbb0
Event: 52.162 Thread 0x000001ceffa3bba0 DEOPT UNPACKING pc=0x000001cee439dece sp=0x000000a4efffd040 mode 0
Event: 303.222 Thread 0x000001ceffa3bba0 DEOPT PACKING pc=0x000001cee51160d2 sp=0x000000a4efffdab0
Event: 303.222 Thread 0x000001ceffa3bba0 DEOPT UNPACKING pc=0x000001cee439dece sp=0x000000a4efffcee8 mode 0
Event: 305.697 Thread 0x000001ce8023fd50 Uncommon trap: trap_request=0xffffff45 fr.pc=0x000001ceebfe3af0 relative=0x0000000000000e10
Event: 305.697 Thread 0x000001ce8023fd50 Uncommon trap: reason=unstable_if action=reinterpret pc=0x000001ceebfe3af0 method=javafx.scene.Scene$ScenePulseListener.pulse()V @ 208 c2
Event: 305.697 Thread 0x000001ce8023fd50 DEOPT PACKING pc=0x000001ceebfe3af0 sp=0x000000a4f06ef170
Event: 305.697 Thread 0x000001ce8023fd50 DEOPT UNPACKING pc=0x000001cee439d72e sp=0x000000a4f06ef130 mode 2
Event: 305.698 Thread 0x000001ce8023f830 Uncommon trap: trap_request=0xffffff45 fr.pc=0x000001ceebfe7f70 relative=0x00000000000007b0
Event: 305.698 Thread 0x000001ce8023f830 Uncommon trap: reason=unstable_if action=reinterpret pc=0x000001ceebfe7f70 method=java.util.concurrent.LinkedBlockingDeque.unlinkFirst()Ljava/lang/Object; @ 37 c2
Event: 305.698 Thread 0x000001ce8023f830 DEOPT PACKING pc=0x000001ceebfe7f70 sp=0x000000a4f05ff2c0
Event: 305.698 Thread 0x000001ce8023f830 DEOPT UNPACKING pc=0x000001cee439d72e sp=0x000000a4f05ff270 mode 2
Event: 307.700 Thread 0x000001ce806ae7b0 Uncommon trap: trap_request=0xffffff45 fr.pc=0x000001ceebfe1588 relative=0x0000000000000168
Event: 307.700 Thread 0x000001ce806ae7b0 Uncommon trap: reason=unstable_if action=reinterpret pc=0x000001ceebfe1588 method=java.util.concurrent.locks.ReentrantLock$NonfairSync.initialTryLock()Z @ 10 c2
Event: 307.700 Thread 0x000001ce806ae7b0 DEOPT PACKING pc=0x000001ceebfe1588 sp=0x000000a4f08fed50
Event: 307.700 Thread 0x000001ce806ae7b0 DEOPT UNPACKING pc=0x000001cee439d72e sp=0x000000a4f08fec40 mode 2
Event: 307.701 Thread 0x000001ce806ae7b0 Uncommon trap: trap_request=0xffffff45 fr.pc=0x000001ceebfe6d74 relative=0x0000000000000154
Event: 307.701 Thread 0x000001ce806ae7b0 Uncommon trap: reason=unstable_if action=reinterpret pc=0x000001ceebfe6d74 method=java.util.concurrent.locks.ReentrantLock$Sync.tryRelease(I)Z @ 26 c2
Event: 307.701 Thread 0x000001ce806ae7b0 DEOPT PACKING pc=0x000001ceebfe6d74 sp=0x000000a4f08fed40
Event: 307.701 Thread 0x000001ce806ae7b0 DEOPT UNPACKING pc=0x000001cee439d72e sp=0x000000a4f08fec30 mode 2

Classes unloaded (0 events):
No events

Classes redefined (0 events):
No events

Internal exceptions (20 events):
Event: 1.286 Thread 0x000001ceffa3bba0 Exception <a 'java/lang/NoSuchMethodError'{0x0000000710f97b40}: 'int java.lang.invoke.DirectMethodHandle$Holder.invokeStaticInit(java.lang.Object, java.lang.Object)'> (0x0000000710f97b40) 
thrown [t:\workspace\open\src\hotspot\share\interpreter\linkResolver.cpp, line 790]
Event: 4.979 Thread 0x000001ce8023fd50 Exception <a 'java/lang/NoSuchMethodError'{0x0000000710719c80}: 'long java.lang.invoke.DirectMethodHandle$Holder.invokeStatic(java.lang.Object, java.lang.Object, java.lang.Object)'> (0x0000000710719c80) 
thrown [t:\workspace\open\src\hotspot\share\interpreter\linkResolver.cpp, line 790]
Event: 4.980 Thread 0x000001ce8023fd50 Exception <a 'java/lang/NoSuchMethodError'{0x000000071071d630}: 'long java.lang.invoke.DirectMethodHandle$Holder.invokeStaticInit(java.lang.Object, java.lang.Object, java.lang.Object)'> (0x000000071071d630) 
thrown [t:\workspace\open\src\hotspot\share\interpreter\linkResolver.cpp, line 790]
Event: 4.984 Thread 0x000001ce8023fd50 Exception <a 'java/lang/NoSuchMethodError'{0x0000000710735550}: 'java.lang.Object java.lang.invoke.DirectMethodHandle$Holder.newInvokeSpecial(java.lang.Object, java.lang.Object, long)'> (0x0000000710735550) 
thrown [t:\workspace\open\src\hotspot\share\interpreter\linkResolver.cpp, line 790]
Event: 4.985 Thread 0x000001ce8023fd50 Exception <a 'java/lang/NoSuchMethodError'{0x000000071073c3d0}: 'java.lang.Object java.lang.invoke.Invokers$Holder.linkToTargetMethod(java.lang.Object, long, java.lang.Object)'> (0x000000071073c3d0) 
thrown [t:\workspace\open\src\hotspot\share\interpreter\linkResolver.cpp, line 790]
Event: 5.129 Thread 0x000001ce8023fd50 Exception <a 'java/lang/ClassNotFoundException'{0x00000007102b37b8}: com/sun/javafx/scene/control/skin/resources/controls> (0x00000007102b37b8) 
thrown [t:\workspace\open\src\hotspot\share\prims\jni.cpp, line 600]
Event: 5.132 Thread 0x000001ce8023fd50 Exception <a 'java/lang/ClassNotFoundException'{0x00000007102c1a50}: com/sun/javafx/scene/control/skin/resources/controls_es> (0x00000007102c1a50) 
thrown [t:\workspace\open\src\hotspot\share\prims\jni.cpp, line 600]
Event: 5.133 Thread 0x000001ce8023fd50 Exception <a 'java/lang/ClassNotFoundException'{0x00000007102cf9a8}: com/sun/javafx/scene/control/skin/resources/controls_es_CO> (0x00000007102cf9a8) 
thrown [t:\workspace\open\src\hotspot\share\prims\jni.cpp, line 600]
Event: 7.666 Thread 0x000001ce8023fd50 Exception <a 'java/lang/NoSuchMethodError'{0x000000070f8b2530}: 'void java.lang.invoke.DirectMethodHandle$Holder.invokeSpecial(java.lang.Object, java.lang.Object, java.lang.Object, java.lang.Object, java.lang.Object, java.lang.Object)'> (0x000000070f8b2530) 
thrown [t:\workspace\open\src\hotspot\share\interpreter\linkResolver.cpp, line 790]
Event: 38.639 Thread 0x000001ce8023fd50 Exception <a 'java/lang/NoSuchMethodError'{0x000000070f18bfd8}: 'java.lang.Object java.lang.invoke.DirectMethodHandle$Holder.newInvokeSpecial(java.lang.Object, java.lang.Object, int, int, int, int, int, java.lang.Object)'> (0x000000070f18bfd8) 
thrown [t:\workspace\open\src\hotspot\share\interpreter\linkResolver.cpp, line 790]
Event: 38.641 Thread 0x000001ce8023fd50 Exception <a 'java/lang/NoSuchMethodError'{0x000000070f1a0ed8}: 'java.lang.Object java.lang.invoke.DirectMethodHandle$Holder.newInvokeSpecial(java.lang.Object, java.lang.Object, java.lang.Object, int, int, int, int, int)'> (0x000000070f1a0ed8) 
thrown [t:\workspace\open\src\hotspot\share\interpreter\linkResolver.cpp, line 790]
Event: 38.642 Thread 0x000001ce8023fd50 Exception <a 'java/lang/NoSuchMethodError'{0x000000070f1a9f88}: 'java.lang.Object java.lang.invoke.Invokers$Holder.linkToTargetMethod(java.lang.Object, java.lang.Object, int, int, int, int, int, java.lang.Object)'> (0x000000070f1a9f88) 
thrown [t:\workspace\open\src\hotspot\share\interpreter\linkResolver.cpp, line 790]
Event: 42.463 Thread 0x000001ceffa3bba0 Exception <a 'java/lang/NoSuchMethodError'{0x000000070f665628}: 'java.lang.Object java.lang.invoke.DirectMethodHandle$Holder.invokeStaticInit(java.lang.Object, int)'> (0x000000070f665628) 
thrown [t:\workspace\open\src\hotspot\share\interpreter\linkResolver.cpp, line 790]
Event: 43.810 Thread 0x000001ce8023fd50 Exception <a 'java/lang/NoSuchMethodError'{0x000000070ebb0590}: 'int java.lang.invoke.DirectMethodHandle$Holder.invokeVirtual(java.lang.Object, java.lang.Object)'> (0x000000070ebb0590) 
thrown [t:\workspace\open\src\hotspot\share\interpreter\linkResolver.cpp, line 790]
Event: 43.811 Thread 0x000001ce8023fd50 Exception <a 'java/lang/NoSuchMethodError'{0x000000070ebb7f18}: 'void java.lang.invoke.DirectMethodHandle$Holder.invokeVirtual(java.lang.Object, java.lang.Object, int)'> (0x000000070ebb7f18) 
thrown [t:\workspace\open\src\hotspot\share\interpreter\linkResolver.cpp, line 790]
Event: 51.529 Thread 0x000001ce8023fd50 Exception <a 'java/lang/ClassNotFoundException'{0x000000070e453eb0}: com/sun/javafx/scene/control/skin/resources/controls-nt> (0x000000070e453eb0) 
thrown [t:\workspace\open\src\hotspot\share\prims\jni.cpp, line 600]
Event: 51.529 Thread 0x000001ce8023fd50 Exception <a 'java/lang/ClassNotFoundException'{0x000000070e45de08}: com/sun/javafx/scene/control/skin/resources/controls-nt_es> (0x000000070e45de08) 
thrown [t:\workspace\open\src\hotspot\share\prims\jni.cpp, line 600]
Event: 51.530 Thread 0x000001ce8023fd50 Exception <a 'java/lang/ClassNotFoundException'{0x000000070e460d38}: com/sun/javafx/scene/control/skin/resources/controls-nt_es_CO> (0x000000070e460d38) 
thrown [t:\workspace\open\src\hotspot\share\prims\jni.cpp, line 600]
Event: 51.557 Thread 0x000001ce8023fd50 Exception <a 'java/lang/NoSuchMethodError'{0x000000070e552e78}: 'void java.lang.invoke.DirectMethodHandle$Holder.invokeSpecialIFC(java.lang.Object, java.lang.Object, java.lang.Object, java.lang.Object)'> (0x000000070e552e78) 
thrown [t:\workspace\open\src\hotspot\share\interpreter\linkResolver.cpp, line 790]
Event: 51.600 Thread 0x000001ce8023fd50 Exception <a 'java/lang/NoSuchMethodError'{0x000000070e3676b8}: 'int java.lang.invoke.DirectMethodHandle$Holder.invokeSpecial(java.lang.Object, java.lang.Object, int)'> (0x000000070e3676b8) 
thrown [t:\workspace\open\src\hotspot\share\interpreter\linkResolver.cpp, line 790]

Events (20 events):
Event: 86.586 Executing  VM operation: Cleanup done
Event: 89.587 Executing  VM operation: Cleanup
Event: 89.587 Executing  VM operation: Cleanup done
Event: 300.901 Executing  VM operation: Cleanup
Event: 300.901 Executing  VM operation: Cleanup done
Event: 301.914 Executing  VM operation: Cleanup
Event: 301.914 Executing  VM operation: Cleanup done
Event: 302.929 Executing  VM operation: Cleanup
Event: 302.929 Executing  VM operation: Cleanup done
Event: 303.942 Executing  VM operation: Cleanup
Event: 303.942 Executing  VM operation: Cleanup done
Event: 304.955 Executing  VM operation: Cleanup
Event: 304.955 Executing  VM operation: Cleanup done
Event: 305.955 Executing  VM operation: Cleanup
Event: 305.955 Executing  VM operation: Cleanup done
Event: 307.697 Thread 0x000001ce806af250 Thread added: 0x000001ce806af250
Event: 307.697 Thread 0x000001ce806ae7b0 Thread added: 0x000001ce806ae7b0
Event: 307.699 Thread 0x000001ce806af250 Thread exited: 0x000001ce806af250
Event: 307.701 Thread 0x000001ce806ae7b0 Thread exited: 0x000001ce806ae7b0
Event: 307.702 Executing  VM operation: Exit


Dynamic libraries:
0x00007ff655b90000 - 0x00007ff655ba0000 	C:\Program Files\Java\jdk-16.0.1\bin\java.exe
0x00007ffd67da0000 - 0x00007ffd67faf000 	C:\WINDOWS\SYSTEM32\ntdll.dll
0x00007ffd66b30000 - 0x00007ffd66bed000 	C:\WINDOWS\System32\KERNEL32.DLL
0x00007ffd652c0000 - 0x00007ffd6564c000 	C:\WINDOWS\System32\KERNELBASE.dll
0x00007ffd65720000 - 0x00007ffd65831000 	C:\WINDOWS\System32\ucrtbase.dll
0x00007ffd54670000 - 0x00007ffd54689000 	C:\Program Files\Java\jdk-16.0.1\bin\VCRUNTIME140.dll
0x00007ffd593a0000 - 0x00007ffd593b8000 	C:\Program Files\Java\jdk-16.0.1\bin\jli.dll
0x00007ffd67b10000 - 0x00007ffd67bbe000 	C:\WINDOWS\System32\ADVAPI32.dll
0x00007ffd675d0000 - 0x00007ffd67674000 	C:\WINDOWS\System32\msvcrt.dll
0x00007ffd66bf0000 - 0x00007ffd66c91000 	C:\WINDOWS\System32\sechost.dll
0x00007ffd66ca0000 - 0x00007ffd66dbf000 	C:\WINDOWS\System32\RPCRT4.dll
0x00007ffd66260000 - 0x00007ffd66406000 	C:\WINDOWS\System32\USER32.dll
0x00007ffd65650000 - 0x00007ffd65676000 	C:\WINDOWS\System32\win32u.dll
0x00007ffd65d10000 - 0x00007ffd65d39000 	C:\WINDOWS\System32\GDI32.dll
0x00007ffd65900000 - 0x00007ffd65a17000 	C:\WINDOWS\System32\gdi32full.dll
0x00007ffd65680000 - 0x00007ffd6571a000 	C:\WINDOWS\System32\msvcp_win.dll
0x00007ffd5af80000 - 0x00007ffd5b221000 	C:\WINDOWS\WinSxS\amd64_microsoft.windows.common-controls_6595b64144ccf1df_6.0.22499.1000_none_268c46d844651e1d\COMCTL32.dll
0x00007ffd54780000 - 0x00007ffd5478a000 	C:\WINDOWS\SYSTEM32\VERSION.dll
0x00007ffd67590000 - 0x00007ffd675c1000 	C:\WINDOWS\System32\IMM32.DLL
0x00007ffd53080000 - 0x00007ffd5308c000 	C:\Program Files\Java\jdk-16.0.1\bin\vcruntime140_1.dll
0x00007ffd36820000 - 0x00007ffd368b1000 	C:\Program Files\Java\jdk-16.0.1\bin\msvcp140.dll
0x00007ffd188f0000 - 0x00007ffd1949b000 	C:\Program Files\Java\jdk-16.0.1\bin\server\jvm.dll
0x00007ffd66250000 - 0x00007ffd66258000 	C:\WINDOWS\System32\PSAPI.DLL
0x00007ffd56670000 - 0x00007ffd566a4000 	C:\WINDOWS\SYSTEM32\WINMM.dll
0x00007ffd56f30000 - 0x00007ffd56f39000 	C:\WINDOWS\SYSTEM32\WSOCK32.dll
0x00007ffd65c90000 - 0x00007ffd65d01000 	C:\WINDOWS\System32\ws2_32.DLL
0x00007ffd64420000 - 0x00007ffd64438000 	C:\WINDOWS\SYSTEM32\kernel.appcore.dll
0x00007ffd4fdf0000 - 0x00007ffd4fdfa000 	C:\Program Files\Java\jdk-16.0.1\bin\jimage.dll
0x00007ffd5b510000 - 0x00007ffd5b736000 	C:\WINDOWS\SYSTEM32\DBGHELP.DLL
0x00007ffd676a0000 - 0x00007ffd67a1c000 	C:\WINDOWS\System32\combase.dll
0x00007ffd60e50000 - 0x00007ffd60e81000 	C:\WINDOWS\SYSTEM32\dbgcore.DLL
0x00007ffd65b80000 - 0x00007ffd65c00000 	C:\WINDOWS\System32\bcryptPrimitives.dll
0x00007ffd411a0000 - 0x00007ffd411c5000 	C:\Program Files\Java\jdk-16.0.1\bin\java.dll
0x00007ffd66dd0000 - 0x00007ffd67584000 	C:\WINDOWS\System32\SHELL32.dll
0x00007ffd63380000 - 0x00007ffd63bdd000 	C:\WINDOWS\SYSTEM32\windows.storage.dll
0x00007ffd63230000 - 0x00007ffd63379000 	C:\WINDOWS\SYSTEM32\wintypes.dll
0x00007ffd66880000 - 0x00007ffd66971000 	C:\WINDOWS\System32\SHCORE.dll
0x00007ffd65c00000 - 0x00007ffd65c5b000 	C:\WINDOWS\System32\shlwapi.dll
0x00007ffd65190000 - 0x00007ffd651b1000 	C:\WINDOWS\SYSTEM32\profapi.dll
0x00007ffd3b080000 - 0x00007ffd3b099000 	C:\Program Files\Java\jdk-16.0.1\bin\net.dll
0x00007ffd58a80000 - 0x00007ffd58b92000 	C:\WINDOWS\SYSTEM32\WINHTTP.dll
0x00007ffd64860000 - 0x00007ffd648c9000 	C:\WINDOWS\system32\mswsock.dll
0x00007ffd38260000 - 0x00007ffd38273000 	C:\Program Files\Java\jdk-16.0.1\bin\nio.dll
0x00007ffd37de0000 - 0x00007ffd37df8000 	C:\Program Files\Java\jdk-16.0.1\bin\zip.dll
0x000001cedabf0000 - 0x000001cedabf3000 	C:\Program Files\Java\javafx-sdk-17.0.1\bin\api-ms-win-core-console-l1-1-0.dll
0x000001cedcb40000 - 0x000001cedcb43000 	C:\Program Files\Java\javafx-sdk-17.0.1\bin\api-ms-win-core-console-l1-2-0.dll
0x000001cedcb50000 - 0x000001cedcb53000 	C:\Program Files\Java\javafx-sdk-17.0.1\bin\api-ms-win-core-datetime-l1-1-0.dll
0x000001cedcb60000 - 0x000001cedcb63000 	C:\Program Files\Java\javafx-sdk-17.0.1\bin\api-ms-win-core-debug-l1-1-0.dll
0x000001cedcb70000 - 0x000001cedcb73000 	C:\Program Files\Java\javafx-sdk-17.0.1\bin\api-ms-win-core-errorhandling-l1-1-0.dll
0x000001cedcb80000 - 0x000001cedcb84000 	C:\Program Files\Java\javafx-sdk-17.0.1\bin\api-ms-win-core-file-l1-1-0.dll
0x000001cedcb90000 - 0x000001cedcb93000 	C:\Program Files\Java\javafx-sdk-17.0.1\bin\api-ms-win-core-file-l1-2-0.dll
0x000001cedcba0000 - 0x000001cedcba3000 	C:\Program Files\Java\javafx-sdk-17.0.1\bin\api-ms-win-core-file-l2-1-0.dll
0x000001cefef70000 - 0x000001cefef73000 	C:\Program Files\Java\javafx-sdk-17.0.1\bin\api-ms-win-core-handle-l1-1-0.dll
0x000001cefef80000 - 0x000001cefef83000 	C:\Program Files\Java\javafx-sdk-17.0.1\bin\api-ms-win-core-heap-l1-1-0.dll
0x000001cefef90000 - 0x000001cefef93000 	C:\Program Files\Java\javafx-sdk-17.0.1\bin\api-ms-win-core-interlocked-l1-1-0.dll
0x000001cefefa0000 - 0x000001cefefa3000 	C:\Program Files\Java\javafx-sdk-17.0.1\bin\api-ms-win-core-libraryloader-l1-1-0.dll
0x000001cefefb0000 - 0x000001cefefb3000 	C:\Program Files\Java\javafx-sdk-17.0.1\bin\api-ms-win-core-localization-l1-2-0.dll
0x000001cefefc0000 - 0x000001cefefc3000 	C:\Program Files\Java\javafx-sdk-17.0.1\bin\api-ms-win-core-memory-l1-1-0.dll
0x000001cefefd0000 - 0x000001cefefd3000 	C:\Program Files\Java\javafx-sdk-17.0.1\bin\api-ms-win-core-namedpipe-l1-1-0.dll
0x000001cefefe0000 - 0x000001cefefe3000 	C:\Program Files\Java\javafx-sdk-17.0.1\bin\api-ms-win-core-processenvironment-l1-1-0.dll
0x000001cefeff0000 - 0x000001cefeff3000 	C:\Program Files\Java\javafx-sdk-17.0.1\bin\api-ms-win-core-processthreads-l1-1-0.dll
0x000001ceffd30000 - 0x000001ceffd33000 	C:\Program Files\Java\javafx-sdk-17.0.1\bin\api-ms-win-core-processthreads-l1-1-1.dll
0x000001ceffd40000 - 0x000001ceffd43000 	C:\Program Files\Java\javafx-sdk-17.0.1\bin\api-ms-win-core-profile-l1-1-0.dll
0x000001ceffd50000 - 0x000001ceffd53000 	C:\Program Files\Java\javafx-sdk-17.0.1\bin\api-ms-win-core-rtlsupport-l1-1-0.dll
0x000001ceffd60000 - 0x000001ceffd63000 	C:\Program Files\Java\javafx-sdk-17.0.1\bin\api-ms-win-core-string-l1-1-0.dll
0x000001ceffd70000 - 0x000001ceffd73000 	C:\Program Files\Java\javafx-sdk-17.0.1\bin\api-ms-win-core-synch-l1-1-0.dll
0x000001ceffd80000 - 0x000001ceffd83000 	C:\Program Files\Java\javafx-sdk-17.0.1\bin\api-ms-win-core-synch-l1-2-0.dll
0x000001ceffd90000 - 0x000001ceffd93000 	C:\Program Files\Java\javafx-sdk-17.0.1\bin\api-ms-win-core-sysinfo-l1-1-0.dll
0x000001ceffda0000 - 0x000001ceffda3000 	C:\Program Files\Java\javafx-sdk-17.0.1\bin\api-ms-win-core-timezone-l1-1-0.dll
0x000001ceffdb0000 - 0x000001ceffdb3000 	C:\Program Files\Java\javafx-sdk-17.0.1\bin\api-ms-win-core-util-l1-1-0.dll
0x000001ceffdc0000 - 0x000001ceffdc3000 	C:\Program Files\Java\javafx-sdk-17.0.1\bin\api-ms-win-crt-conio-l1-1-0.dll
0x000001ceffdd0000 - 0x000001ceffdd4000 	C:\Program Files\Java\javafx-sdk-17.0.1\bin\api-ms-win-crt-convert-l1-1-0.dll
0x000001ceffde0000 - 0x000001ceffde3000 	C:\Program Files\Java\javafx-sdk-17.0.1\bin\api-ms-win-crt-environment-l1-1-0.dll
0x000001ceffdf0000 - 0x000001ceffdf3000 	C:\Program Files\Java\javafx-sdk-17.0.1\bin\api-ms-win-crt-filesystem-l1-1-0.dll
0x000001ceffe00000 - 0x000001ceffe03000 	C:\Program Files\Java\javafx-sdk-17.0.1\bin\api-ms-win-crt-heap-l1-1-0.dll
0x000001ceffe10000 - 0x000001ceffe13000 	C:\Program Files\Java\javafx-sdk-17.0.1\bin\api-ms-win-crt-locale-l1-1-0.dll
0x000001ceffe20000 - 0x000001ceffe25000 	C:\Program Files\Java\javafx-sdk-17.0.1\bin\api-ms-win-crt-math-l1-1-0.dll
0x000001ceffe30000 - 0x000001ceffe35000 	C:\Program Files\Java\javafx-sdk-17.0.1\bin\api-ms-win-crt-multibyte-l1-1-0.dll
0x000001ceffe40000 - 0x000001ceffe50000 	C:\Program Files\Java\javafx-sdk-17.0.1\bin\api-ms-win-crt-private-l1-1-0.dll
0x000001ceffe50000 - 0x000001ceffe53000 	C:\Program Files\Java\javafx-sdk-17.0.1\bin\api-ms-win-crt-process-l1-1-0.dll
0x000001ceffe60000 - 0x000001ceffe64000 	C:\Program Files\Java\javafx-sdk-17.0.1\bin\api-ms-win-crt-runtime-l1-1-0.dll
0x000001ceffe70000 - 0x000001ceffe74000 	C:\Program Files\Java\javafx-sdk-17.0.1\bin\api-ms-win-crt-stdio-l1-1-0.dll
0x000001ceffe80000 - 0x000001ceffe84000 	C:\Program Files\Java\javafx-sdk-17.0.1\bin\api-ms-win-crt-string-l1-1-0.dll
0x000001ceffe90000 - 0x000001ceffe93000 	C:\Program Files\Java\javafx-sdk-17.0.1\bin\api-ms-win-crt-time-l1-1-0.dll
0x000001ceffea0000 - 0x000001ceffea3000 	C:\Program Files\Java\javafx-sdk-17.0.1\bin\api-ms-win-crt-utility-l1-1-0.dll
0x00007ffd36ac0000 - 0x00007ffd36bbc000 	C:\Program Files\Java\javafx-sdk-17.0.1\bin\ucrtbase.dll
0x00007ffd59380000 - 0x00007ffd5939a000 	C:\Program Files\Java\javafx-sdk-17.0.1\bin\vcruntime140.dll
0x00007ffd59f90000 - 0x00007ffd59f9c000 	C:\Program Files\Java\javafx-sdk-17.0.1\bin\vcruntime140_1.dll
0x00007ffd3b0e0000 - 0x00007ffd3b16d000 	C:\Program Files\Java\javafx-sdk-17.0.1\bin\msvcp140.dll
0x00007ffd59350000 - 0x00007ffd5937a000 	C:\Program Files\Java\javafx-sdk-17.0.1\bin\prism_d3d.dll
0x00007ffd27f70000 - 0x00007ffd28116000 	C:\WINDOWS\system32\d3d9.dll
0x00007ffd62e50000 - 0x00007ffd62e80000 	C:\WINDOWS\SYSTEM32\dwmapi.dll
0x00007ffd62d00000 - 0x00007ffd62d38000 	C:\WINDOWS\SYSTEM32\dxcore.dll
0x00007ffd62c20000 - 0x00007ffd62ccb000 	C:\WINDOWS\system32\uxtheme.dll
0x00007ffcfe3a0000 - 0x00007ffcfe577000 	C:\WINDOWS\System32\DriverStore\FileRepository\igdlh64.inf_amd64_4645af5c659ae51a\igdumdim64.dll
0x00007ffcff220000 - 0x00007ffd0221d000 	C:\WINDOWS\System32\DriverStore\FileRepository\igdlh64.inf_amd64_4645af5c659ae51a\igd9dxva64.dll
0x00007ffd67bc0000 - 0x00007ffd67d5a000 	C:\WINDOWS\System32\ole32.dll
0x00007ffd65d40000 - 0x00007ffd65e17000 	C:\WINDOWS\System32\OLEAUT32.dll
0x00007ffd60dc0000 - 0x00007ffd60e04000 	C:\WINDOWS\SYSTEM32\directxdatabasehelper.dll
0x00007ffd48da0000 - 0x00007ffd48de2000 	C:\Program Files\Java\javafx-sdk-17.0.1\bin\glass.dll
0x00007ffd66980000 - 0x00007ffd66a6a000 	C:\WINDOWS\System32\COMDLG32.dll
0x00007ffd65e20000 - 0x00007ffd65f3d000 	C:\WINDOWS\System32\MSCTF.dll
0x00007ffd5b770000 - 0x00007ffd5d505000 	C:\WINDOWS\System32\DriverStore\FileRepository\igdlh64.inf_amd64_4645af5c659ae51a\igc64.dll
0x00007ffd41230000 - 0x00007ffd4125d000 	C:\Program Files\Java\javafx-sdk-17.0.1\bin\javafx_iio.dll
0x00007ffd57490000 - 0x00007ffd574a4000 	C:\Program Files\Java\javafx-sdk-17.0.1\bin\javafx_font.dll
0x00007ffd486e0000 - 0x00007ffd48946000 	C:\WINDOWS\SYSTEM32\dwrite.dll
0x00007ffd66100000 - 0x00007ffd661af000 	C:\WINDOWS\System32\clbcatq.dll
0x00007ffd5fc10000 - 0x00007ffd5fdbe000 	C:\WINDOWS\SYSTEM32\WindowsCodecs.dll
0x00007ffd37160000 - 0x00007ffd371bd000 	C:\WINDOWS\system32\dataexchange.dll
0x00007ffd5f2b0000 - 0x00007ffd5f51c000 	C:\WINDOWS\system32\twinapi.appcore.dll
0x00007ffd411f0000 - 0x00007ffd41222000 	C:\Program Files\Common Files\Microsoft Shared\Ink\rtscom.dll
0x00007ffd4e610000 - 0x00007ffd4e73c000 	C:\WINDOWS\SYSTEM32\textinputframework.dll
0x00007ffd62410000 - 0x00007ffd6253d000 	C:\WINDOWS\SYSTEM32\CoreMessaging.dll
0x00007ffd60760000 - 0x00007ffd60acb000 	C:\WINDOWS\SYSTEM32\CoreUIComponents.dll
0x00007ffd64ad0000 - 0x00007ffd64adc000 	C:\WINDOWS\SYSTEM32\CRYPTBASE.DLL
0x00007ffd64dc0000 - 0x00007ffd64e0d000 	C:\WINDOWS\SYSTEM32\CFGMGR32.dll
0x00007ffd5b3d0000 - 0x00007ffd5b4d0000 	C:\WINDOWS\system32\propsys.dll
0x00007ffcf5c50000 - 0x00007ffcf5e0c000 	C:\WINDOWS\SYSTEM32\DUI70.dll
0x00007ffd59180000 - 0x00007ffd59219000 	C:\WINDOWS\SYSTEM32\DUser.dll
0x00007ffd3a260000 - 0x00007ffd3a301000 	C:\Program Files\Common Files\microsoft shared\ink\tiptsf.dll
0x00007ffd62800000 - 0x00007ffd628af000 	C:\WINDOWS\SYSTEM32\TextShaping.dll
0x00007ffd52230000 - 0x00007ffd52257000 	C:\WINDOWS\SYSTEM32\edputil.dll
0x00007ffd33a70000 - 0x00007ffd33ce2000 	C:\WINDOWS\system32\explorerframe.dll
0x00007ffd3df40000 - 0x00007ffd3dfa9000 	C:\Windows\System32\oleacc.dll
0x00007ffd33ee0000 - 0x00007ffd33f45000 	C:\Windows\System32\thumbcache.dll
0x00007ffd35da0000 - 0x00007ffd35e7d000 	C:\Windows\System32\Windows.UI.FileExplorer.dll
0x00007ffd40d90000 - 0x00007ffd40e45000 	C:\WINDOWS\System32\StructuredQuery.dll
0x00007ffd51a40000 - 0x00007ffd51a4e000 	C:\WINDOWS\SYSTEM32\atlthunk.dll

dbghelp: loaded successfully - version: 4.0.5 - missing functions: none
symbol engine: initialized successfully - sym options: 0x614 - pdb path: .;C:\Program Files\Java\jdk-16.0.1\bin;C:\WINDOWS\SYSTEM32;C:\WINDOWS\WinSxS\amd64_microsoft.windows.common-controls_6595b64144ccf1df_6.0.22499.1000_none_268c46d844651e1d;C:\Program Files\Java\jdk-16.0.1\bin\server;C:\Program Files\Java\javafx-sdk-17.0.1\bin;C:\WINDOWS\System32\DriverStore\FileRepository\igdlh64.inf_amd64_4645af5c659ae51a;C:\Program Files\Common Files\Microsoft Shared\Ink

VM Arguments:
jvm_args: -Dfile.encoding=UTF-8 --add-modules=javafx.controls,javafx.fxml --module-path=C:\Users\Adames\Music\Universidad\POO\HG_Performance\build\classes;C:\Program Files\Java\javafx-sdk-17.0.1\lib\javafx-swt.jar;C:\Program Files\Java\javafx-sdk-17.0.1\lib\javafx.base.jar;C:\Program Files\Java\javafx-sdk-17.0.1\lib\javafx.controls.jar;C:\Program Files\Java\javafx-sdk-17.0.1\lib\javafx.fxml.jar;C:\Program Files\Java\javafx-sdk-17.0.1\lib\javafx.graphics.jar;C:\Program Files\Java\javafx-sdk-17.0.1\lib\javafx.media.jar;C:\Program Files\Java\javafx-sdk-17.0.1\lib\javafx.swing.jar;C:\Program Files\Java\javafx-sdk-17.0.1\lib\javafx.web.jar 
java_command: start.HG_Performance
java_class_path (initial): C:\Program Files\Java\javafx-sdk-17.0.1\lib\javafx-swt.jar;C:\Program Files\Java\javafx-sdk-17.0.1\lib\javafx.base.jar;C:\Program Files\Java\javafx-sdk-17.0.1\lib\javafx.controls.jar;C:\Program Files\Java\javafx-sdk-17.0.1\lib\javafx.fxml.jar;C:\Program Files\Java\javafx-sdk-17.0.1\lib\javafx.graphics.jar;C:\Program Files\Java\javafx-sdk-17.0.1\lib\javafx.media.jar;C:\Program Files\Java\javafx-sdk-17.0.1\lib\javafx.swing.jar;C:\Program Files\Java\javafx-sdk-17.0.1\lib\javafx.web.jar;C:\Users\Adames\Music\Universidad\POO\HG_Performance\build\classes
Launcher Type: SUN_STANDARD

[Global flags]
     intx CICompilerCount                          = 3                                         {product} {ergonomic}
     uint ConcGCThreads                            = 1                                         {product} {ergonomic}
     uint G1ConcRefinementThreads                  = 4                                         {product} {ergonomic}
   size_t G1HeapRegionSize                         = 2097152                                   {product} {ergonomic}
    uintx GCDrainStackTargetSize                   = 64                                        {product} {ergonomic}
   size_t InitialHeapSize                          = 266338304                                 {product} {ergonomic}
   size_t MarkStackSize                            = 4194304                                   {product} {ergonomic}
   size_t MaxHeapSize                              = 4261412864                                {product} {ergonomic}
   size_t MaxNewSize                               = 2556428288                                {product} {ergonomic}
   size_t MinHeapDeltaBytes                        = 2097152                                   {product} {ergonomic}
   size_t MinHeapSize                              = 8388608                                   {product} {ergonomic}
    uintx NonNMethodCodeHeapSize                   = 5832780                                {pd product} {ergonomic}
    uintx NonProfiledCodeHeapSize                  = 122912730                              {pd product} {ergonomic}
    uintx ProfiledCodeHeapSize                     = 122912730                              {pd product} {ergonomic}
    uintx ReservedCodeCacheSize                    = 251658240                              {pd product} {ergonomic}
     bool SegmentedCodeCache                       = true                                      {product} {ergonomic}
   size_t SoftMaxHeapSize                          = 4261412864                             {manageable} {ergonomic}
     bool UseCompressedClassPointers               = true                           {product lp64_product} {ergonomic}
     bool UseCompressedOops                        = true                           {product lp64_product} {ergonomic}
     bool UseG1GC                                  = true                                      {product} {ergonomic}
     bool UseLargePagesIndividualAllocation        = false                                  {pd product} {ergonomic}

Logging:
Log output configuration:
 #0: stdout all=off uptime,level,tags
 #1: stderr all=off uptime,level,tags

Environment Variables:
PATH=C:\ProgramData\Oracle\Java\javapath;C:\Program Files\Common Files\Oracle\Java\javapath;C:\Program Files (x86)\Common Files\Oracle\Java\javapath;C:\WINDOWS\system32;C:\WINDOWS;C:\WINDOWS\System32\Wbem;C:\WINDOWS\System32\WindowsPowerShell\v1.0\;C:\WINDOWS\System32\OpenSSH\;C:\Program Files\Huawei QuickApp IDE\resources\app\extensions\deveco-debug\lib\toolkit\nodeTool;C:\Program Files\Huawei QuickApp IDE\resources\app\extensions\deveco-debug\lib\toolkit;C:\Program Files\Microsoft SQL Server\130\Tools\Binn\;C:\ProgramData\chocolatey\bin;C:\Program Files\Git\cmd;C:\Users\Adames\AppData\Local\Programs\Python\Python39\Scripts\;C:\Users\Adames\AppData\Local\Programs\Python\Python39\;C:\Users\Adames\AppData\Local\Microsoft\WindowsApps;C:\Users\Adames\AppData\Local\GitHubDesktop\bin;C:\Users\Adames\AppData\Local\Programs\Microsoft VS Code\bin;
USERNAME=Adames
OS=Windows_NT
PROCESSOR_IDENTIFIER=Intel64 Family 6 Model 78 Stepping 3, GenuineIntel



---------------  S Y S T E M  ---------------

OS:
 Windows 10 , 64 bit Build 22499 (10.0.22499.1000)
OS uptime: 0 days 6:06 hours

CPU: total 4 (initial active 4) (2 cores per cpu, 2 threads per core) family 6 model 78 stepping 3 microcode 0xea, cx8, cmov, fxsr, ht, mmx, 3dnowpref, sse, sse2, sse3, ssse3, sse4.1, sse4.2, popcnt, lzcnt, tsc, tscinvbit, avx, avx2, aes, erms, clmul, bmi1, bmi2, adx, fma, vzeroupper, clflush, clflushopt

Memory: 4k page, system-wide physical 16255M (7881M free)
TotalPageFile size 20095M (AvailPageFile size 8482M)
current process WorkingSet (physical memory assigned to process): 244M, peak: 268M
current process commit charge ("private bytes"): 446M, peak: 477M

vm_info: Java HotSpot(TM) 64-Bit Server VM (16.0.1+9-24) for windows-amd64 JRE (16.0.1+9-24), built on Mar 26 2021 19:31:42 by "mach5one" with MS VC++ 16.7 (VS2019)

END.
