#
# A fatal error has been detected by the Java Runtime Environment:
#
#  EXCEPTION_ACCESS_VIOLATION (0xc0000005) at pc=0x00007ffebf6562d7, pid=5536, tid=20032
#
# JRE version: Java(TM) SE Runtime Environment (17.0.2+8) (build 17.0.2+8-LTS-86)
# Java VM: Java HotSpot(TM) 64-Bit Server VM (17.0.2+8-LTS-86, mixed mode, sharing, tiered, compressed oops, compressed class ptrs, g1 gc, windows-amd64)
# Problematic frame:
# C  [glass.dll+0x262d7]
#
# No core dump will be written. Minidumps are not enabled by default on client versions of Windows
#
# If you would like to submit a bug report, please visit:
#   https://bugreport.java.com/bugreport/crash.jsp
#

---------------  S U M M A R Y ------------

Command Line: -Dfile.encoding=UTF-8 --add-modules=javafx.controls,javafx.fxml --module-path=C:\Users\juanc\OneDrive\Documentos\Universidad 3\POO\SEATORA\build\classes;C:\Program Files\Java\javafx-sdk-18.0.1\lib\javafx-swt.jar;C:\Program Files\Java\javafx-sdk-18.0.1\lib\javafx.base.jar;C:\Program Files\Java\javafx-sdk-18.0.1\lib\javafx.controls.jar;C:\Program Files\Java\javafx-sdk-18.0.1\lib\javafx.fxml.jar;C:\Program Files\Java\javafx-sdk-18.0.1\lib\javafx.graphics.jar;C:\Program Files\Java\javafx-sdk-18.0.1\lib\javafx.media.jar;C:\Program Files\Java\javafx-sdk-18.0.1\lib\javafx.swing.jar;C:\Program Files\Java\javafx-sdk-18.0.1\lib\javafx.web.jar start.Seatora

Host: AMD Ryzen 7 5800H with Radeon Graphics         , 16 cores, 23G,  Windows 11 , 64 bit Build 22000 (10.0.22000.675)
Time: Wed May 25 10:50:01 2022 Hora est. Pacífico, Sudamérica elapsed time: 11.135828 seconds (0d 0h 0m 11s)

---------------  T H R E A D  ---------------

Current thread (0x000001d4c048e1d0):  VMThread "VM Thread" [stack: 0x000000bbc9c00000,0x000000bbc9d00000] [id=20032]

Stack: [0x000000bbc9c00000,0x000000bbc9d00000],  sp=0x000000bbc9cff060,  free space=1020k
Native frames: (J=compiled Java code, j=interpreted, Vv=VM code, C=native code)
C  [glass.dll+0x262d7]


siginfo: EXCEPTION_ACCESS_VIOLATION (0xc0000005), reading address 0x0000000000000000


Register to memory mapping:

RIP=0x00007ffebf6562d7 glass.dll
RAX=0x0 is NULL
RBX=0x000001d4c04a44b8 is a global jni handle
RCX=0x000001d4c048e1d0 points into unknown readable memory: 0x00007ffec878e890 | 90 e8 78 c8 fe 7f 00 00
RDX=0x000000bbc9cff060 points into unknown readable memory: 0x0000000000000000 | 00 00 00 00 00 00 00 00
RSP=0x000000bbc9cff060 points into unknown readable memory: 0x0000000000000000 | 00 00 00 00 00 00 00 00
RBP=0x000001d4c1e047b8 points into unknown readable memory: 0x00003d5cee130159 | 59 01 13 ee 5c 3d 00 00
RSI=0x000001d4c1e04790 points into unknown readable memory: 0xfd7ef731561301a6 | a6 01 13 56 31 f7 7e fd
RDI=0x00003d5cee130159 is an unknown value
R8 =0x0000000000010002 is an unknown value
R9 =0x00003d5cee130159 is an unknown value
R10=0x85f13e9656da4870 is an unknown value
R11=0x000000bbc9cfeff0 points into unknown readable memory: 0x000001d4c1e04790 | 90 47 e0 c1 d4 01 00 00
R12=0x00007ffebf653bc4 glass.dll
R13=0x00007ffec89349d0 jvm.dll
R14=0x000000bbc9cff168 points into unknown readable memory: 0x000000bbc9cff150 | 50 f1 cf c9 bb 00 00 00
R15=0x000001d4c1e04790 points into unknown readable memory: 0xfd7ef731561301a6 | a6 01 13 56 31 f7 7e fd


Registers:
RAX=0x0000000000000000, RBX=0x000001d4c04a44b8, RCX=0x000001d4c048e1d0, RDX=0x000000bbc9cff060
RSP=0x000000bbc9cff060, RBP=0x000001d4c1e047b8, RSI=0x000001d4c1e04790, RDI=0x00003d5cee130159
R8 =0x0000000000010002, R9 =0x00003d5cee130159, R10=0x85f13e9656da4870, R11=0x000000bbc9cfeff0
R12=0x00007ffebf653bc4, R13=0x00007ffec89349d0, R14=0x000000bbc9cff168, R15=0x000001d4c1e04790
RIP=0x00007ffebf6562d7, EFLAGS=0x0000000000010202

Top of Stack: (sp=0x000000bbc9cff060)
0x000000bbc9cff060:   0000000000000000 000001d4c1e04790
0x000000bbc9cff070:   00007ffec89349d0 00007ffebf653bc4
0x000000bbc9cff080:   000001d4c1e04798 00007fff5d93bea0
0x000000bbc9cff090:   00003d5cee130159 000001d400000000
0x000000bbc9cff0a0:   000001d4c1e047b8 000001d4c1e04790
0x000000bbc9cff0b0:   fffffffffffffffe 0000000000000000
0x000000bbc9cff0c0:   0000000000000001 00007ffebf630000
0x000000bbc9cff0d0:   000000bbc9cff158 00007fff5d93bdb7
0x000000bbc9cff0e0:   0000000000000000 000000bbc9cff168
0x000000bbc9cff0f0:   000000bbc9cff440 00007fff5da212b0
0x000000bbc9cff100:   0000000000000001 00007fff5d93bd6d
0x000000bbc9cff110:   0000000000000000 0000000000000001
0x000000bbc9cff120:   0000000000000000 000000bbc9cff158
0x000000bbc9cff130:   fffffffffffffffe 000000bb00000000
0x000000bbc9cff140:   ffffffff00000001 00007ffebf653a51
0x000000bbc9cff150:   00007ffebf669f88 00007ffe00000002 

Instructions: (pc=0x00007ffebf6562d7)
0x00007ffebf6561d7:   8b 4d 58 e8 2d cf ff ff 48 8b 4d 60 e8 24 cf ff
0x00007ffebf6561e7:   ff 48 8b 95 80 00 00 00 48 8b 8d 18 01 00 00 e8
0x00007ffebf6561f7:   16 c4 ff ff 33 d2 33 c9 e8 5c e1 ff ff 90 48 89
0x00007ffebf656207:   54 24 10 55 48 83 ec 20 48 8b ea 48 b8 00 00 00
0x00007ffebf656217:   00 00 00 00 00 48 83 c4 20 5d c3 cc 40 55 48 8b
0x00007ffebf656227:   ea 48 8b 01 33 c9 81 38 05 00 00 c0 0f 94 c1 8b
0x00007ffebf656237:   c1 5d c3 cc 40 55 48 83 ec 20 48 8b ea 8a 4d 40
0x00007ffebf656247:   48 83 c4 20 5d e9 17 d3 ff ff cc 40 55 48 83 ec
0x00007ffebf656257:   20 48 8b ea 8a 4d 20 e8 05 d3 ff ff 90 48 83 c4
0x00007ffebf656267:   20 5d c3 cc 40 55 48 83 ec 20 48 8b ea 48 83 c4
0x00007ffebf656277:   20 5d e9 66 d1 ff ff cc 40 55 48 83 ec 30 48 8b
0x00007ffebf656287:   ea 48 8b 01 8b 10 48 89 4c 24 28 89 54 24 20 4c
0x00007ffebf656297:   8d 0d 07 d6 ff ff 4c 8b 45 70 8b 55 68 48 8b 4d
0x00007ffebf6562a7:   60 e8 a7 d0 ff ff 90 48 83 c4 30 5d c3 cc cc cc
0x00007ffebf6562b7:   cc cc cc cc cc cc cc cc cc 40 53 48 83 ec 20 48
0x00007ffebf6562c7:   8b 1d bb 36 01 00 48 85 db 74 16 e8 59 8b ff ff
0x00007ffebf6562d7:   4c 8b 00 48 8b d3 48 8b c8 41 ff 90 b0 00 00 00
0x00007ffebf6562e7:   90 48 83 c4 20 5b c3 cc cc 40 53 48 83 ec 20 48
0x00007ffebf6562f7:   8b 1d 2b 38 01 00 48 85 db 74 57 b8 ff ff ff ff
0x00007ffebf656307:   f0 0f c1 43 10 83 f8 01 75 3d 48 85 db 74 38 48
0x00007ffebf656317:   8b 0b 48 85 c9 74 0d ff 15 84 0f 00 00 48 c7 03
0x00007ffebf656327:   00 00 00 00 48 8b 4b 08 48 85 c9 74 0d e8 d3 cd
0x00007ffebf656337:   ff ff 48 c7 43 08 00 00 00 00 ba 18 00 00 00 48
0x00007ffebf656347:   8b cb e8 be cd ff ff 48 c7 05 cf 37 01 00 00 00
0x00007ffebf656357:   00 00 48 83 c4 20 5b c3 cc 40 53 48 83 ec 20 48
0x00007ffebf656367:   8b 1d 9b 37 01 00 48 85 db 74 57 b8 ff ff ff ff
0x00007ffebf656377:   f0 0f c1 43 10 83 f8 01 75 3d 48 85 db 74 38 48
0x00007ffebf656387:   8b 0b 48 85 c9 74 0d ff 15 14 0f 00 00 48 c7 03
0x00007ffebf656397:   00 00 00 00 48 8b 4b 08 48 85 c9 74 0d e8 63 cd
0x00007ffebf6563a7:   ff ff 48 c7 43 08 00 00 00 00 ba 18 00 00 00 48
0x00007ffebf6563b7:   8b cb e8 4e cd ff ff 48 c7 05 3f 37 01 00 00 00
0x00007ffebf6563c7:   00 00 48 83 c4 20 5b c3 cc 40 53 48 83 ec 20 48 


Stack slot to memory mapping:
stack at sp + 0 slots: 0x0 is NULL
stack at sp + 1 slots: 0x000001d4c1e04790 points into unknown readable memory: 0xfd7ef731561301a6 | a6 01 13 56 31 f7 7e fd
stack at sp + 2 slots: 0x00007ffec89349d0 jvm.dll
stack at sp + 3 slots: 0x00007ffebf653bc4 glass.dll
stack at sp + 4 slots: 0x000001d4c1e04798 points into unknown readable memory: 0x00003d5cee130159 | 59 01 13 ee 5c 3d 00 00
stack at sp + 5 slots: 0x00007fff5d93bea0 ucrtbase.dll
stack at sp + 6 slots: 0x00003d5cee130159 is an unknown value
stack at sp + 7 slots: 0x000001d400000000 is an unknown value

VM_Operation (0x000000bbcb5f5f80): Exit, mode: safepoint, requested by thread 0x000001d4c1e07ba0


---------------  P R O C E S S  ---------------

Threads class SMR info:
_java_thread_list=0x000001d4cc6c7280, length=22, elements={
0x000001d4980cbf40, 0x000001d4c0491dc0, 0x000001d4c0494c40, 0x000001d4c04aa2b0,
0x000001d4c04aac60, 0x000001d4c04ab610, 0x000001d4c04ac3d0, 0x000001d4c04b0660,
0x000001d4c04ba120, 0x000001d4c04c6730, 0x000001d4c047e330, 0x000001d4c1ebfff0,
0x000001d4c19e68c0, 0x000001d4c1e106d0, 0x000001d4c1e07ba0, 0x000001d4c2340250,
0x000001d4c23745c0, 0x000001d4c25575d0, 0x000001d4ce9f4640, 0x000001d4ca1a3130,
0x000001d4ca1a4060, 0x000001d4ca1a1cf0
}

Java Threads: ( => current thread )
  0x000001d4980cbf40 JavaThread "main" [_thread_blocked, id=10976, stack(0x000000bbc9600000,0x000000bbc9700000)]
  0x000001d4c0491dc0 JavaThread "Reference Handler" daemon [_thread_blocked, id=13684, stack(0x000000bbc9d00000,0x000000bbc9e00000)]
  0x000001d4c0494c40 JavaThread "Finalizer" daemon [_thread_blocked, id=14432, stack(0x000000bbc9e00000,0x000000bbc9f00000)]
  0x000001d4c04aa2b0 JavaThread "Signal Dispatcher" daemon [_thread_blocked, id=11144, stack(0x000000bbc9f00000,0x000000bbca000000)]
  0x000001d4c04aac60 JavaThread "Attach Listener" daemon [_thread_blocked, id=672, stack(0x000000bbca000000,0x000000bbca100000)]
  0x000001d4c04ab610 JavaThread "Service Thread" daemon [_thread_blocked, id=616, stack(0x000000bbca100000,0x000000bbca200000)]
  0x000001d4c04ac3d0 JavaThread "Monitor Deflation Thread" daemon [_thread_blocked, id=3328, stack(0x000000bbca200000,0x000000bbca300000)]
  0x000001d4c04b0660 JavaThread "C2 CompilerThread0" daemon [_thread_blocked, id=11460, stack(0x000000bbca300000,0x000000bbca400000)]
  0x000001d4c04ba120 JavaThread "C1 CompilerThread0" daemon [_thread_blocked, id=3744, stack(0x000000bbca400000,0x000000bbca500000)]
  0x000001d4c04c6730 JavaThread "Sweeper thread" daemon [_thread_blocked, id=17440, stack(0x000000bbca500000,0x000000bbca600000)]
  0x000001d4c047e330 JavaThread "Common-Cleaner" daemon [_thread_blocked, id=13488, stack(0x000000bbca700000,0x000000bbca800000)]
  0x000001d4c1ebfff0 JavaThread "Notification Thread" daemon [_thread_blocked, id=4264, stack(0x000000bbcb000000,0x000000bbcb100000)]
  0x000001d4c19e68c0 JavaThread "QuantumRenderer-0" daemon [_thread_blocked, id=20384, stack(0x000000bbcb200000,0x000000bbcb300000)]
  0x000001d4c1e106d0 JavaThread "InvokeLaterDispatcher" daemon [_thread_blocked, id=19296, stack(0x000000bbcb400000,0x000000bbcb500000)]
  0x000001d4c1e07ba0 JavaThread "JavaFX Application Thread" [_thread_blocked, id=14128, stack(0x000000bbcb500000,0x000000bbcb600000)]
  0x000001d4c2340250 JavaThread "JavaFX-Launcher" [_thread_blocked, id=10352, stack(0x000000bbcb800000,0x000000bbcb900000)]
  0x000001d4c23745c0 JavaThread "Thread-2" daemon [_thread_in_native, id=16360, stack(0x000000bbcb700000,0x000000bbcb800000)]
  0x000001d4c25575d0 JavaThread "Prism Font Disposer" daemon [_thread_blocked, id=11568, stack(0x000000bbcc100000,0x000000bbcc200000)]
  0x000001d4ce9f4640 JavaThread "Cleaner-0" daemon [_thread_blocked, id=6780, stack(0x000000bbcc540000,0x000000bbcc640000)]
  0x000001d4ca1a3130 JavaThread "C1 CompilerThread1" daemon [_thread_blocked, id=19756, stack(0x000000bbca600000,0x000000bbca700000)]
  0x000001d4ca1a4060 JavaThread "C1 CompilerThread2" daemon [_thread_blocked, id=5572, stack(0x000000bbca800000,0x000000bbca900000)]
  0x000001d4ca1a1cf0 JavaThread "C1 CompilerThread3" daemon [_thread_blocked, id=20452, stack(0x000000bbca900000,0x000000bbcaa00000)]

Other Threads:
=>0x000001d4c048e1d0 VMThread "VM Thread" [stack: 0x000000bbc9c00000,0x000000bbc9d00000] [id=20032]
  0x000001d49812dad0 GCTaskThread "GC Thread#0" [stack: 0x000000bbc9700000,0x000000bbc9800000] [id=2552]
  0x000001d4c23756f0 GCTaskThread "GC Thread#1" [stack: 0x000000bbcb900000,0x000000bbcba00000] [id=3336]
  0x000001d4c237f670 GCTaskThread "GC Thread#2" [stack: 0x000000bbcba00000,0x000000bbcbb00000] [id=5696]
  0x000001d4c240ea50 GCTaskThread "GC Thread#3" [stack: 0x000000bbcbb00000,0x000000bbcbc00000] [id=5528]
  0x000001d4c236bde0 GCTaskThread "GC Thread#4" [stack: 0x000000bbcbc00000,0x000000bbcbd00000] [id=4160]
  0x000001d4c236c4a0 GCTaskThread "GC Thread#5" [stack: 0x000000bbcbd00000,0x000000bbcbe00000] [id=18696]
  0x000001d4c2408140 GCTaskThread "GC Thread#6" [stack: 0x000000bbcbe00000,0x000000bbcbf00000] [id=13224]
  0x000001d4c24083f0 GCTaskThread "GC Thread#7" [stack: 0x000000bbcbf00000,0x000000bbcc000000] [id=7420]
  0x000001d4c24086a0 GCTaskThread "GC Thread#8" [stack: 0x000000bbcc000000,0x000000bbcc100000] [id=10032]
  0x000001d4c25c0460 GCTaskThread "GC Thread#9" [stack: 0x000000bbcac00000,0x000000bbcad00000] [id=8664]
  0x000001d49813a8e0 ConcurrentGCThread "G1 Main Marker" terminated
  0x000001d49813b2f0 ConcurrentGCThread "G1 Conc#0" [stack: 0x000000bbc9900000,0x000000bbc9a00000] [id=15752]
  0x000001d4c03524c0 ConcurrentGCThread "G1 Refine#0" terminated
  0x000001d4c0352cf0 ConcurrentGCThread "G1 Service" terminated

Threads with active compile tasks:

VM state: at safepoint (shutting down)

VM Mutex/Monitor currently owned by a thread:  ([mutex/lock_event])
[0x000001d4980c81a0] Threads_lock - owner thread: 0x000001d4c048e1d0
[0x000001d4980c7ae0] Heap_lock - owner thread: 0x000001d4c1e07ba0

Heap address: 0x0000000682400000, size: 6108 MB, Compressed Oops mode: Zero based, Oop shift amount: 3

CDS archive(s) mapped at: [0x0000000800000000-0x0000000800bc0000-0x0000000800bc0000), size 12320768, SharedBaseAddress: 0x0000000800000000, ArchiveRelocationMode: 0.
Compressed class space mapped at: 0x0000000800c00000-0x0000000840c00000, reserved size: 1073741824
Narrow klass base: 0x0000000800000000, Narrow klass shift: 0, Narrow klass range: 0x100000000

GC Precious Log:
 CPUs: 16 total, 16 available
 Memory: 24428M
 Large Page Support: Disabled
 NUMA Support: Disabled
 Compressed Oops: Enabled (Zero based)
 Heap Region Size: 4M
 Heap Min Capacity: 8M
 Heap Initial Capacity: 384M
 Heap Max Capacity: 6108M
 Pre-touch: Disabled
 Parallel Workers: 13
 Concurrent Workers: 3
 Concurrent Refinement Workers: 13
 Periodic GC: Disabled

Heap:
 garbage-first heap   total 393216K, used 45222K [0x0000000682400000, 0x0000000800000000)
  region size 4096K, 7 young (28672K), 2 survivors (8192K)
 Metaspace       used 16046K, committed 16256K, reserved 1064960K
  class space    used 2326K, committed 2432K, reserved 1048576K

Heap Regions: E=young(eden), S=young(survivor), O=old, HS=humongous(starts), HC=humongous(continues), CS=collection set, F=free, OA=open archive, CA=closed archive, TAMS=top-at-mark-start (previous, next)
|   0|0x0000000682400000, 0x0000000682800000, 0x0000000682800000|100%|HS|  |TAMS 0x0000000682400000, 0x0000000682400000| Complete 
|   1|0x0000000682800000, 0x0000000682c00000, 0x0000000682c00000|100%|HS|  |TAMS 0x0000000682800000, 0x0000000682800000| Complete 
|   2|0x0000000682c00000, 0x0000000682c29800, 0x0000000683000000|  4%| O|  |TAMS 0x0000000682c00000, 0x0000000682c00000| Untracked 
|   3|0x0000000683000000, 0x0000000683400000, 0x0000000683400000|100%|HS|  |TAMS 0x0000000683000000, 0x0000000683000000| Complete 
|   4|0x0000000683400000, 0x0000000683800000, 0x0000000683800000|100%|HS|  |TAMS 0x0000000683400000, 0x0000000683400000| Complete 
|   5|0x0000000683800000, 0x0000000683c00000, 0x0000000683c00000|100%|HS|  |TAMS 0x0000000683800000, 0x0000000683800000| Complete 
|   6|0x0000000683c00000, 0x0000000683c00000, 0x0000000684000000|  0%| F|  |TAMS 0x0000000683c00000, 0x0000000683c00000| Untracked 
|   7|0x0000000684000000, 0x0000000684000000, 0x0000000684400000|  0%| F|  |TAMS 0x0000000684000000, 0x0000000684000000| Untracked 
|   8|0x0000000684400000, 0x0000000684400000, 0x0000000684800000|  0%| F|  |TAMS 0x0000000684400000, 0x0000000684400000| Untracked 
|   9|0x0000000684800000, 0x0000000684800000, 0x0000000684c00000|  0%| F|  |TAMS 0x0000000684800000, 0x0000000684800000| Untracked 
|  10|0x0000000684c00000, 0x0000000684c00000, 0x0000000685000000|  0%| F|  |TAMS 0x0000000684c00000, 0x0000000684c00000| Untracked 
|  11|0x0000000685000000, 0x0000000685000000, 0x0000000685400000|  0%| F|  |TAMS 0x0000000685000000, 0x0000000685000000| Untracked 
|  12|0x0000000685400000, 0x0000000685400000, 0x0000000685800000|  0%| F|  |TAMS 0x0000000685400000, 0x0000000685400000| Untracked 
|  13|0x0000000685800000, 0x0000000685800000, 0x0000000685c00000|  0%| F|  |TAMS 0x0000000685800000, 0x0000000685800000| Untracked 
|  14|0x0000000685c00000, 0x0000000685c00000, 0x0000000686000000|  0%| F|  |TAMS 0x0000000685c00000, 0x0000000685c00000| Untracked 
|  15|0x0000000686000000, 0x0000000686000000, 0x0000000686400000|  0%| F|  |TAMS 0x0000000686000000, 0x0000000686000000| Untracked 
|  16|0x0000000686400000, 0x0000000686400000, 0x0000000686800000|  0%| F|  |TAMS 0x0000000686400000, 0x0000000686400000| Untracked 
|  17|0x0000000686800000, 0x0000000686800000, 0x0000000686c00000|  0%| F|  |TAMS 0x0000000686800000, 0x0000000686800000| Untracked 
|  18|0x0000000686c00000, 0x0000000686c00000, 0x0000000687000000|  0%| F|  |TAMS 0x0000000686c00000, 0x0000000686c00000| Untracked 
|  19|0x0000000687000000, 0x0000000687000000, 0x0000000687400000|  0%| F|  |TAMS 0x0000000687000000, 0x0000000687000000| Untracked 
|  20|0x0000000687400000, 0x0000000687400000, 0x0000000687800000|  0%| F|  |TAMS 0x0000000687400000, 0x0000000687400000| Untracked 
|  21|0x0000000687800000, 0x0000000687800000, 0x0000000687c00000|  0%| F|  |TAMS 0x0000000687800000, 0x0000000687800000| Untracked 
|  22|0x0000000687c00000, 0x0000000687c00000, 0x0000000688000000|  0%| F|  |TAMS 0x0000000687c00000, 0x0000000687c00000| Untracked 
|  23|0x0000000688000000, 0x0000000688000000, 0x0000000688400000|  0%| F|  |TAMS 0x0000000688000000, 0x0000000688000000| Untracked 
|  24|0x0000000688400000, 0x0000000688400000, 0x0000000688800000|  0%| F|  |TAMS 0x0000000688400000, 0x0000000688400000| Untracked 
|  25|0x0000000688800000, 0x0000000688800000, 0x0000000688c00000|  0%| F|  |TAMS 0x0000000688800000, 0x0000000688800000| Untracked 
|  26|0x0000000688c00000, 0x0000000688c00000, 0x0000000689000000|  0%| F|  |TAMS 0x0000000688c00000, 0x0000000688c00000| Untracked 
|  27|0x0000000689000000, 0x0000000689000000, 0x0000000689400000|  0%| F|  |TAMS 0x0000000689000000, 0x0000000689000000| Untracked 
|  28|0x0000000689400000, 0x0000000689400000, 0x0000000689800000|  0%| F|  |TAMS 0x0000000689400000, 0x0000000689400000| Untracked 
|  29|0x0000000689800000, 0x0000000689800000, 0x0000000689c00000|  0%| F|  |TAMS 0x0000000689800000, 0x0000000689800000| Untracked 
|  30|0x0000000689c00000, 0x0000000689c00000, 0x000000068a000000|  0%| F|  |TAMS 0x0000000689c00000, 0x0000000689c00000| Untracked 
|  31|0x000000068a000000, 0x000000068a000000, 0x000000068a400000|  0%| F|  |TAMS 0x000000068a000000, 0x000000068a000000| Untracked 
|  32|0x000000068a400000, 0x000000068a400000, 0x000000068a800000|  0%| F|  |TAMS 0x000000068a400000, 0x000000068a400000| Untracked 
|  33|0x000000068a800000, 0x000000068a800000, 0x000000068ac00000|  0%| F|  |TAMS 0x000000068a800000, 0x000000068a800000| Untracked 
|  34|0x000000068ac00000, 0x000000068ac00000, 0x000000068b000000|  0%| F|  |TAMS 0x000000068ac00000, 0x000000068ac00000| Untracked 
|  35|0x000000068b000000, 0x000000068b000000, 0x000000068b400000|  0%| F|  |TAMS 0x000000068b000000, 0x000000068b000000| Untracked 
|  36|0x000000068b400000, 0x000000068b400000, 0x000000068b800000|  0%| F|  |TAMS 0x000000068b400000, 0x000000068b400000| Untracked 
|  37|0x000000068b800000, 0x000000068b800000, 0x000000068bc00000|  0%| F|  |TAMS 0x000000068b800000, 0x000000068b800000| Untracked 
|  38|0x000000068bc00000, 0x000000068bc00000, 0x000000068c000000|  0%| F|  |TAMS 0x000000068bc00000, 0x000000068bc00000| Untracked 
|  39|0x000000068c000000, 0x000000068c000000, 0x000000068c400000|  0%| F|  |TAMS 0x000000068c000000, 0x000000068c000000| Untracked 
|  40|0x000000068c400000, 0x000000068c400000, 0x000000068c800000|  0%| F|  |TAMS 0x000000068c400000, 0x000000068c400000| Untracked 
|  41|0x000000068c800000, 0x000000068c800000, 0x000000068cc00000|  0%| F|  |TAMS 0x000000068c800000, 0x000000068c800000| Untracked 
|  42|0x000000068cc00000, 0x000000068cc00000, 0x000000068d000000|  0%| F|  |TAMS 0x000000068cc00000, 0x000000068cc00000| Untracked 
|  43|0x000000068d000000, 0x000000068d000000, 0x000000068d400000|  0%| F|  |TAMS 0x000000068d000000, 0x000000068d000000| Untracked 
|  44|0x000000068d400000, 0x000000068d400000, 0x000000068d800000|  0%| F|  |TAMS 0x000000068d400000, 0x000000068d400000| Untracked 
|  45|0x000000068d800000, 0x000000068d800000, 0x000000068dc00000|  0%| F|  |TAMS 0x000000068d800000, 0x000000068d800000| Untracked 
|  46|0x000000068dc00000, 0x000000068dc00000, 0x000000068e000000|  0%| F|  |TAMS 0x000000068dc00000, 0x000000068dc00000| Untracked 
|  47|0x000000068e000000, 0x000000068e000000, 0x000000068e400000|  0%| F|  |TAMS 0x000000068e000000, 0x000000068e000000| Untracked 
|  48|0x000000068e400000, 0x000000068e400000, 0x000000068e800000|  0%| F|  |TAMS 0x000000068e400000, 0x000000068e400000| Untracked 
|  49|0x000000068e800000, 0x000000068e800000, 0x000000068ec00000|  0%| F|  |TAMS 0x000000068e800000, 0x000000068e800000| Untracked 
|  50|0x000000068ec00000, 0x000000068ec00000, 0x000000068f000000|  0%| F|  |TAMS 0x000000068ec00000, 0x000000068ec00000| Untracked 
|  51|0x000000068f000000, 0x000000068f000000, 0x000000068f400000|  0%| F|  |TAMS 0x000000068f000000, 0x000000068f000000| Untracked 
|  52|0x000000068f400000, 0x000000068f400000, 0x000000068f800000|  0%| F|  |TAMS 0x000000068f400000, 0x000000068f400000| Untracked 
|  53|0x000000068f800000, 0x000000068f800000, 0x000000068fc00000|  0%| F|  |TAMS 0x000000068f800000, 0x000000068f800000| Untracked 
|  54|0x000000068fc00000, 0x000000068fc00000, 0x0000000690000000|  0%| F|  |TAMS 0x000000068fc00000, 0x000000068fc00000| Untracked 
|  55|0x0000000690000000, 0x0000000690000000, 0x0000000690400000|  0%| F|  |TAMS 0x0000000690000000, 0x0000000690000000| Untracked 
|  56|0x0000000690400000, 0x0000000690400000, 0x0000000690800000|  0%| F|  |TAMS 0x0000000690400000, 0x0000000690400000| Untracked 
|  57|0x0000000690800000, 0x0000000690800000, 0x0000000690c00000|  0%| F|  |TAMS 0x0000000690800000, 0x0000000690800000| Untracked 
|  58|0x0000000690c00000, 0x0000000690c00000, 0x0000000691000000|  0%| F|  |TAMS 0x0000000690c00000, 0x0000000690c00000| Untracked 
|  59|0x0000000691000000, 0x0000000691000000, 0x0000000691400000|  0%| F|  |TAMS 0x0000000691000000, 0x0000000691000000| Untracked 
|  60|0x0000000691400000, 0x0000000691400000, 0x0000000691800000|  0%| F|  |TAMS 0x0000000691400000, 0x0000000691400000| Untracked 
|  61|0x0000000691800000, 0x0000000691800000, 0x0000000691c00000|  0%| F|  |TAMS 0x0000000691800000, 0x0000000691800000| Untracked 
|  62|0x0000000691c00000, 0x0000000691c00000, 0x0000000692000000|  0%| F|  |TAMS 0x0000000691c00000, 0x0000000691c00000| Untracked 
|  63|0x0000000692000000, 0x0000000692000000, 0x0000000692400000|  0%| F|  |TAMS 0x0000000692000000, 0x0000000692000000| Untracked 
|  64|0x0000000692400000, 0x0000000692400000, 0x0000000692800000|  0%| F|  |TAMS 0x0000000692400000, 0x0000000692400000| Untracked 
|  65|0x0000000692800000, 0x0000000692800000, 0x0000000692c00000|  0%| F|  |TAMS 0x0000000692800000, 0x0000000692800000| Untracked 
|  66|0x0000000692c00000, 0x0000000692c00000, 0x0000000693000000|  0%| F|  |TAMS 0x0000000692c00000, 0x0000000692c00000| Untracked 
|  67|0x0000000693000000, 0x0000000693000000, 0x0000000693400000|  0%| F|  |TAMS 0x0000000693000000, 0x0000000693000000| Untracked 
|  68|0x0000000693400000, 0x0000000693400000, 0x0000000693800000|  0%| F|  |TAMS 0x0000000693400000, 0x0000000693400000| Untracked 
|  69|0x0000000693800000, 0x0000000693800000, 0x0000000693c00000|  0%| F|  |TAMS 0x0000000693800000, 0x0000000693800000| Untracked 
|  70|0x0000000693c00000, 0x0000000693c00000, 0x0000000694000000|  0%| F|  |TAMS 0x0000000693c00000, 0x0000000693c00000| Untracked 
|  71|0x0000000694000000, 0x0000000694000000, 0x0000000694400000|  0%| F|  |TAMS 0x0000000694000000, 0x0000000694000000| Untracked 
|  72|0x0000000694400000, 0x0000000694400000, 0x0000000694800000|  0%| F|  |TAMS 0x0000000694400000, 0x0000000694400000| Untracked 
|  73|0x0000000694800000, 0x0000000694800000, 0x0000000694c00000|  0%| F|  |TAMS 0x0000000694800000, 0x0000000694800000| Untracked 
|  74|0x0000000694c00000, 0x0000000694c00000, 0x0000000695000000|  0%| F|  |TAMS 0x0000000694c00000, 0x0000000694c00000| Untracked 
|  75|0x0000000695000000, 0x0000000695000000, 0x0000000695400000|  0%| F|  |TAMS 0x0000000695000000, 0x0000000695000000| Untracked 
|  76|0x0000000695400000, 0x0000000695400000, 0x0000000695800000|  0%| F|  |TAMS 0x0000000695400000, 0x0000000695400000| Untracked 
|  77|0x0000000695800000, 0x0000000695800000, 0x0000000695c00000|  0%| F|  |TAMS 0x0000000695800000, 0x0000000695800000| Untracked 
|  78|0x0000000695c00000, 0x0000000695c00000, 0x0000000696000000|  0%| F|  |TAMS 0x0000000695c00000, 0x0000000695c00000| Untracked 
|  79|0x0000000696000000, 0x0000000696000000, 0x0000000696400000|  0%| F|  |TAMS 0x0000000696000000, 0x0000000696000000| Untracked 
|  80|0x0000000696400000, 0x0000000696400000, 0x0000000696800000|  0%| F|  |TAMS 0x0000000696400000, 0x0000000696400000| Untracked 
|  81|0x0000000696800000, 0x0000000696800000, 0x0000000696c00000|  0%| F|  |TAMS 0x0000000696800000, 0x0000000696800000| Untracked 
|  82|0x0000000696c00000, 0x0000000696c00000, 0x0000000697000000|  0%| F|  |TAMS 0x0000000696c00000, 0x0000000696c00000| Untracked 
|  83|0x0000000697000000, 0x0000000697400000, 0x0000000697400000|100%| S|CS|TAMS 0x0000000697000000, 0x0000000697000000| Complete 
|  84|0x0000000697400000, 0x0000000697800000, 0x0000000697800000|100%| S|CS|TAMS 0x0000000697400000, 0x0000000697400000| Complete 
|  85|0x0000000697800000, 0x0000000697800000, 0x0000000697c00000|  0%| F|  |TAMS 0x0000000697800000, 0x0000000697800000| Untracked 
|  86|0x0000000697c00000, 0x0000000697c00000, 0x0000000698000000|  0%| F|  |TAMS 0x0000000697c00000, 0x0000000697c00000| Untracked 
|  87|0x0000000698000000, 0x0000000698000000, 0x0000000698400000|  0%| F|  |TAMS 0x0000000698000000, 0x0000000698000000| Untracked 
|  88|0x0000000698400000, 0x0000000698400000, 0x0000000698800000|  0%| F|  |TAMS 0x0000000698400000, 0x0000000698400000| Untracked 
|  89|0x0000000698800000, 0x0000000698800000, 0x0000000698c00000|  0%| F|  |TAMS 0x0000000698800000, 0x0000000698800000| Untracked 
|  90|0x0000000698c00000, 0x0000000698c00000, 0x0000000699000000|  0%| F|  |TAMS 0x0000000698c00000, 0x0000000698c00000| Untracked 
|  91|0x0000000699000000, 0x00000006990f6470, 0x0000000699400000| 24%| E|  |TAMS 0x0000000699000000, 0x0000000699000000| Complete 
|  92|0x0000000699400000, 0x0000000699800000, 0x0000000699800000|100%| E|CS|TAMS 0x0000000699400000, 0x0000000699400000| Complete 
|  93|0x0000000699800000, 0x0000000699c00000, 0x0000000699c00000|100%| E|CS|TAMS 0x0000000699800000, 0x0000000699800000| Complete 
|  94|0x0000000699c00000, 0x000000069a000000, 0x000000069a000000|100%| E|CS|TAMS 0x0000000699c00000, 0x0000000699c00000| Complete 
|  95|0x000000069a000000, 0x000000069a400000, 0x000000069a400000|100%| E|CS|TAMS 0x000000069a000000, 0x000000069a000000| Complete 

Card table byte_map: [0x000001d4afdb0000,0x000001d4b09a0000] _byte_map_base: 0x000001d4ac99e000

Marking Bits (Prev, Next): (CMBitMap*) 0x000001d49812e0e0, (CMBitMap*) 0x000001d49812e120
 Prev Bits: [0x000001d4b1590000, 0x000001d4b7500000)
 Next Bits: [0x000001d4b7500000, 0x000001d4bd470000)

Polling page: 0x000001d4978b0000

Metaspace:

Usage:
  Non-class:     13.40 MB used.
      Class:      2.27 MB used.
       Both:     15.67 MB used.

Virtual space:
  Non-class space:       16.00 MB reserved,      13.50 MB ( 84%) committed,  2 nodes.
      Class space:        1.00 GB reserved,       2.38 MB ( <1%) committed,  1 nodes.
             Both:        1.02 GB reserved,      15.88 MB (  2%) committed. 

Chunk freelists:
   Non-Class:  2.09 MB
       Class:  1.48 MB
        Both:  3.58 MB

MaxMetaspaceSize: unlimited
CompressedClassSpaceSize: 1.00 GB
Initial GC threshold: 21.00 MB
Current GC threshold: 21.00 MB
CDS: on
MetaspaceReclaimPolicy: balanced
 - commit_granule_bytes: 65536.
 - commit_granule_words: 8192.
 - virtual_space_node_default_size: 1048576.
 - enlarge_chunks_in_place: 1.
 - new_chunks_are_fully_committed: 0.
 - uncommit_free_chunks: 1.
 - use_allocation_guard: 0.
 - handle_deallocations: 1.


Internal statistics:

num_allocs_failed_limit: 0.
num_arena_births: 206.
num_arena_deaths: 0.
num_vsnodes_births: 3.
num_vsnodes_deaths: 0.
num_space_committed: 254.
num_space_uncommitted: 0.
num_chunks_returned_to_freelist: 0.
num_chunks_taken_from_freelist: 750.
num_chunk_merges: 0.
num_chunk_splits: 529.
num_chunks_enlarged: 409.
num_purges: 0.
num_inconsistent_stats: 0.

CodeHeap 'non-profiled nmethods': size=119168Kb used=1510Kb max_used=1510Kb free=117657Kb
 bounds [0x000001d4a74d0000, 0x000001d4a7740000, 0x000001d4ae930000]
CodeHeap 'profiled nmethods': size=119104Kb used=6038Kb max_used=6038Kb free=113065Kb
 bounds [0x000001d4a0080000, 0x000001d4a0670000, 0x000001d4a74d0000]
CodeHeap 'non-nmethods': size=7488Kb used=3114Kb max_used=3183Kb free=4374Kb
 bounds [0x000001d49f930000, 0x000001d49fc50000, 0x000001d4a0080000]
 total_blobs=3862 nmethods=3080 adapters=691
 compilation: enabled
              stopped_count=0, restarted_count=0
 full_count=0

Compilation events (20 events):
Event: 10.735 Thread 0x000001d4c04ba120 3073       3       com.sun.javafx.tk.Toolkit::getPaintAccessor (4 bytes)
Event: 10.735 Thread 0x000001d4ca1a3130 nmethod 3071 0x000001d4a7649490 code [0x000001d4a7649620, 0x000001d4a76496f8]
Event: 10.735 Thread 0x000001d4ca1a3130 3074       3       com.sun.prism.impl.BaseTexture::lock (9 bytes)
Event: 10.735 Thread 0x000001d4ca1a4060 nmethod 3072 0x000001d4a7649790 code [0x000001d4a7649920, 0x000001d4a76499f8]
Event: 10.735 Thread 0x000001d4c04ba120 nmethod 3073 0x000001d4a0661810 code [0x000001d4a06619a0, 0x000001d4a0661a98]
Event: 10.736 Thread 0x000001d4ca1a3130 nmethod 3074 0x000001d4a0661b10 code [0x000001d4a0661ca0, 0x000001d4a0661e38]
Event: 10.736 Thread 0x000001d4ca1a3130 3075       3       com.sun.prism.impl.BaseGraphics::setTransform3D (34 bytes)
Event: 10.736 Thread 0x000001d4ca1a3130 nmethod 3075 0x000001d4a0661f10 code [0x000001d4a06620c0, 0x000001d4a0662298]
Event: 10.736 Thread 0x000001d4ca1a3130 3076       3       java.util.concurrent.locks.AbstractQueuedSynchronizer$Node::<init> (5 bytes)
Event: 10.736 Thread 0x000001d4ca1a3130 nmethod 3076 0x000001d4a0662410 code [0x000001d4a06625a0, 0x000001d4a06626f8]
Event: 10.766 Thread 0x000001d4ca1a3130 3077       3       java.util.concurrent.locks.AbstractQueuedSynchronizer$Node::setPrevRelaxed (12 bytes)
Event: 10.766 Thread 0x000001d4ca1a3130 nmethod 3077 0x000001d4a0662790 code [0x000001d4a0662920, 0x000001d4a0662a98]
Event: 10.800 Thread 0x000001d4ca1a1cf0 3078       3       javafx.event.Event::consume (6 bytes)
Event: 10.800 Thread 0x000001d4ca1a4060 3079   !   3       javafx.scene.Node::sceneToLocal (13 bytes)
Event: 10.800 Thread 0x000001d4ca1a1cf0 nmethod 3078 0x000001d4a0662b10 code [0x000001d4a0662ca0, 0x000001d4a0662db8]
Event: 10.800 Thread 0x000001d4ca1a4060 nmethod 3079 0x000001d4a0662e90 code [0x000001d4a0663040, 0x000001d4a06631c8]
Event: 10.803 Thread 0x000001d4ca1a1cf0 3080       3       javafx.scene.Node::setScenes (75 bytes)
Event: 10.803 Thread 0x000001d4c04ba120 3081       3       javafx.scene.Node::updateCanReceiveFocus (31 bytes)
Event: 10.803 Thread 0x000001d4ca1a1cf0 nmethod 3080 0x000001d4a0663290 code [0x000001d4a0663500, 0x000001d4a06643c8]
Event: 10.803 Thread 0x000001d4c04ba120 nmethod 3081 0x000001d4a0664810 code [0x000001d4a0664a40, 0x000001d4a0665678]

GC Heap History (4 events):
Event: 0.301 GC heap before
{Heap before GC invocations=0 (full 0):
 garbage-first heap   total 393216K, used 16384K [0x0000000682400000, 0x0000000800000000)
  region size 4096K, 5 young (20480K), 0 survivors (0K)
 Metaspace       used 4529K, committed 4672K, reserved 1056768K
  class space    used 515K, committed 576K, reserved 1048576K
}
Event: 0.303 GC heap after
{Heap after GC invocations=1 (full 0):
 garbage-first heap   total 393216K, used 2773K [0x0000000682400000, 0x0000000800000000)
  region size 4096K, 1 young (4096K), 1 survivors (4096K)
 Metaspace       used 4529K, committed 4672K, reserved 1056768K
  class space    used 515K, committed 576K, reserved 1048576K
}
Event: 1.665 GC heap before
{Heap before GC invocations=1 (full 0):
 garbage-first heap   total 393216K, used 51925K [0x0000000682400000, 0x0000000800000000)
  region size 4096K, 11 young (45056K), 1 survivors (4096K)
 Metaspace       used 14046K, committed 14208K, reserved 1064960K
  class space    used 2030K, committed 2112K, reserved 1048576K
}
Event: 1.669 GC heap after
{Heap after GC invocations=2 (full 0):
 garbage-first heap   total 393216K, used 16550K [0x0000000682400000, 0x0000000800000000)
  region size 4096K, 2 young (8192K), 2 survivors (8192K)
 Metaspace       used 14046K, committed 14208K, reserved 1064960K
  class space    used 2030K, committed 2112K, reserved 1048576K
}

Deoptimization events (20 events):
Event: 9.843 Thread 0x000001d4c1e07ba0 DEOPT PACKING pc=0x000001d4a7611670 sp=0x000000bbcb5f4590
Event: 9.843 Thread 0x000001d4c1e07ba0 DEOPT UNPACKING pc=0x000001d49f9823a3 sp=0x000000bbcb5f43f0 mode 2
Event: 9.845 Thread 0x000001d4c1e07ba0 Uncommon trap: trap_request=0xffffff45 fr.pc=0x000001d4a7621adc relative=0x000000000000005c
Event: 9.845 Thread 0x000001d4c1e07ba0 Uncommon trap: reason=unstable_if action=reinterpret pc=0x000001d4a7621adc method=java.util.Objects.equals(Ljava/lang/Object;Ljava/lang/Object;)Z @ 6 c2
Event: 9.845 Thread 0x000001d4c1e07ba0 DEOPT PACKING pc=0x000001d4a7621adc sp=0x000000bbcb5f4f80
Event: 9.845 Thread 0x000001d4c1e07ba0 DEOPT UNPACKING pc=0x000001d49f9823a3 sp=0x000000bbcb5f4f20 mode 2
Event: 9.850 Thread 0x000001d4c1e07ba0 Uncommon trap: trap_request=0xffffff45 fr.pc=0x000001d4a7571c3c relative=0x0000000000000f1c
Event: 9.850 Thread 0x000001d4c1e07ba0 Uncommon trap: reason=unstable_if action=reinterpret pc=0x000001d4a7571c3c method=java.util.concurrent.ConcurrentHashMap.putVal(Ljava/lang/Object;Ljava/lang/Object;Z)Ljava/lang/Object; @ 148 c2
Event: 9.850 Thread 0x000001d4c1e07ba0 DEOPT PACKING pc=0x000001d4a7571c3c sp=0x000000bbcb5f41a0
Event: 9.850 Thread 0x000001d4c1e07ba0 DEOPT UNPACKING pc=0x000001d49f9823a3 sp=0x000000bbcb5f4120 mode 2
Event: 9.852 Thread 0x000001d4c1e07ba0 Uncommon trap: trap_request=0xffffff45 fr.pc=0x000001d4a74ea8d8 relative=0x0000000000000238
Event: 9.852 Thread 0x000001d4c1e07ba0 Uncommon trap: reason=unstable_if action=reinterpret pc=0x000001d4a74ea8d8 method=java.lang.StringLatin1.lastIndexOf([BI[BII)I @ 86 c2
Event: 9.852 Thread 0x000001d4c1e07ba0 DEOPT PACKING pc=0x000001d4a74ea8d8 sp=0x000000bbcb5f4160
Event: 9.852 Thread 0x000001d4c1e07ba0 DEOPT UNPACKING pc=0x000001d49f9823a3 sp=0x000000bbcb5f3fa8 mode 2
Event: 9.852 Thread 0x000001d4c1e07ba0 Uncommon trap: trap_request=0xffffff45 fr.pc=0x000001d4a74e0a98 relative=0x00000000000000f8
Event: 9.852 Thread 0x000001d4c1e07ba0 Uncommon trap: reason=unstable_if action=reinterpret pc=0x000001d4a74e0a98 method=java.lang.StringLatin1.lastIndexOf([BI[BII)I @ 86 c2
Event: 9.852 Thread 0x000001d4c1e07ba0 DEOPT PACKING pc=0x000001d4a74e0a98 sp=0x000000bbcb5f4120
Event: 9.852 Thread 0x000001d4c1e07ba0 DEOPT UNPACKING pc=0x000001d49f9823a3 sp=0x000000bbcb5f4078 mode 2
Event: 9.860 Thread 0x000001d4c19e68c0 DEOPT PACKING pc=0x000001d4a046ba83 sp=0x000000bbcb2fd810
Event: 9.860 Thread 0x000001d4c19e68c0 DEOPT UNPACKING pc=0x000001d49f982b43 sp=0x000000bbcb2fcc30 mode 0

Classes unloaded (0 events):
No events

Classes redefined (0 events):
No events

Internal exceptions (20 events):
Event: 0.409 Thread 0x000001d4c1e07ba0 Exception <a 'java/lang/ClassNotFoundException'{0x0000000699fe8c50}: com/sun/glass/ui/win/themes_es> (0x0000000699fe8c50) 
thrown [t:\workspace\open\src\hotspot\share\prims\jni.cpp, line 535]
Event: 0.409 Thread 0x000001d4c1e07ba0 Exception <a 'java/lang/ClassNotFoundException'{0x0000000699ff0cb0}: com/sun/glass/ui/win/themes_es_CO> (0x0000000699ff0cb0) 
thrown [t:\workspace\open\src\hotspot\share\prims\jni.cpp, line 535]
Event: 0.450 Thread 0x000001d4c1e07ba0 Exception <a 'java/lang/NoSuchMethodError'{0x000000069953f368}: 'void java.lang.invoke.DirectMethodHandle$Holder.invokeStaticInit(java.lang.Object, java.lang.Object)'> (0x000000069953f368) 
thrown [t:\workspace\open\src\hotspot\share\interpreter\linkResolver.cpp, line 766]
Event: 0.520 Thread 0x000001d4c1e07ba0 Implicit null exception at 0x000001d4a7538e10 to 0x000001d4a753924c
Event: 0.586 Thread 0x000001d4c1e07ba0 Exception <a 'java/lang/NoSuchMethodError'{0x0000000698a8d590}: 'void java.lang.invoke.DirectMethodHandle$Holder.invokeSpecial(java.lang.Object, java.lang.Object, java.lang.Object, java.lang.Object, java.lang.Object)'> (0x0000000698a8d590) 
thrown [t:\workspace\open\src\hotspot\share\interpreter\linkResolver.cpp, line 766]
Event: 0.588 Thread 0x000001d4c1e07ba0 Exception <a 'java/lang/NoSuchMethodError'{0x0000000698aa2018}: 'java.lang.Object java.lang.invoke.DirectMethodHandle$Holder.invokeInterface(java.lang.Object, java.lang.Object, java.lang.Object)'> (0x0000000698aa2018) 
thrown [t:\workspace\open\src\hotspot\share\interpreter\linkResolver.cpp, line 766]
Event: 0.588 Thread 0x000001d4c1e07ba0 Exception <a 'java/lang/IncompatibleClassChangeError'{0x0000000698aa59a0}: Found class java.lang.Object, but interface was expected> (0x0000000698aa59a0) 
thrown [t:\workspace\open\src\hotspot\share\interpreter\linkResolver.cpp, line 833]
Event: 0.629 Thread 0x000001d4c1e07ba0 Exception <a 'java/lang/NoSuchMethodError'{0x0000000698497688}: 'java.lang.Object java.lang.invoke.DirectMethodHandle$Holder.newInvokeSpecial(java.lang.Object, java.lang.Object, int)'> (0x0000000698497688) 
thrown [t:\workspace\open\src\hotspot\share\interpreter\linkResolver.cpp, line 766]
Event: 0.645 Thread 0x000001d4c19e68c0 Exception <a 'java/lang/NoSuchMethodError'{0x00000006985da1b8}: 'int java.lang.invoke.DirectMethodHandle$Holder.invokeStaticInit(java.lang.Object, java.lang.Object)'> (0x00000006985da1b8) 
thrown [t:\workspace\open\src\hotspot\share\interpreter\linkResolver.cpp, line 766]
Event: 1.487 Thread 0x000001d4c1e07ba0 Exception <a 'java/lang/NoSuchMethodError'{0x00000006982d18e8}: 'long java.lang.invoke.DirectMethodHandle$Holder.invokeStatic(java.lang.Object, java.lang.Object, java.lang.Object)'> (0x00000006982d18e8) 
thrown [t:\workspace\open\src\hotspot\share\interpreter\linkResolver.cpp, line 766]
Event: 1.487 Thread 0x000001d4c1e07ba0 Exception <a 'java/lang/NoSuchMethodError'{0x00000006982d5090}: 'long java.lang.invoke.DirectMethodHandle$Holder.invokeStaticInit(java.lang.Object, java.lang.Object, java.lang.Object)'> (0x00000006982d5090) 
thrown [t:\workspace\open\src\hotspot\share\interpreter\linkResolver.cpp, line 766]
Event: 1.489 Thread 0x000001d4c1e07ba0 Exception <a 'java/lang/NoSuchMethodError'{0x00000006982ecee8}: 'java.lang.Object java.lang.invoke.DirectMethodHandle$Holder.newInvokeSpecial(java.lang.Object, java.lang.Object, long)'> (0x00000006982ecee8) 
thrown [t:\workspace\open\src\hotspot\share\interpreter\linkResolver.cpp, line 766]
Event: 1.489 Thread 0x000001d4c1e07ba0 Exception <a 'java/lang/NoSuchMethodError'{0x00000006982f0a58}: 'java.lang.Object java.lang.invoke.Invokers$Holder.linkToTargetMethod(java.lang.Object, long, java.lang.Object)'> (0x00000006982f0a58) 
thrown [t:\workspace\open\src\hotspot\share\interpreter\linkResolver.cpp, line 766]
Event: 1.617 Thread 0x000001d4c1e07ba0 Exception <a 'java/lang/ClassNotFoundException'{0x0000000697eb8420}: com/sun/javafx/scene/control/skin/resources/controls> (0x0000000697eb8420) 
thrown [t:\workspace\open\src\hotspot\share\prims\jni.cpp, line 535]
Event: 1.617 Thread 0x000001d4c1e07ba0 Exception <a 'java/lang/ClassNotFoundException'{0x0000000697ec66b8}: com/sun/javafx/scene/control/skin/resources/controls_es> (0x0000000697ec66b8) 
thrown [t:\workspace\open\src\hotspot\share\prims\jni.cpp, line 535]
Event: 1.618 Thread 0x000001d4c1e07ba0 Exception <a 'java/lang/ClassNotFoundException'{0x0000000697ed4850}: com/sun/javafx/scene/control/skin/resources/controls_es_CO> (0x0000000697ed4850) 
thrown [t:\workspace\open\src\hotspot\share\prims\jni.cpp, line 535]
Event: 4.349 Thread 0x000001d4c1e07ba0 Exception <a 'java/lang/ClassCastException'{0x0000000699ddc870}: class control.AddPatientController cannot be cast to class control.FViewController (control.AddPatientController and control.FViewController are in unnamed module of loader 'app')> (0x0000000699ddc870) 
thrown [t:\workspace\open\src\hotspot\share\interpreter\interpreterRuntime.cpp, line 444]
Event: 4.350 Thread 0x000001d4c1e07ba0 Exception <a 'java/lang/reflect/InvocationTargetException'{0x0000000699ddd338}> (0x0000000699ddd338) 
thrown [t:\workspace\open\src\hotspot\share\runtime\reflection.cpp, line 1121]
Event: 8.194 Thread 0x000001d4c1e07ba0 Exception <a 'java/lang/ClassCastException'{0x0000000699899bb0}: class control.AddPatientController cannot be cast to class control.FViewController (control.AddPatientController and control.FViewController are in unnamed module of loader 'app')> (0x0000000699899bb0) 
thrown [t:\workspace\open\src\hotspot\share\interpreter\interpreterRuntime.cpp, line 444]
Event: 8.194 Thread 0x000001d4c1e07ba0 Exception <a 'java/lang/reflect/InvocationTargetException'{0x000000069989a678}> (0x000000069989a678) 
thrown [t:\workspace\open\src\hotspot\share\runtime\reflection.cpp, line 1121]

VM Operations (20 events):
Event: 0.621 Executing VM operation: ICBufferFull done
Event: 1.622 Executing VM operation: Cleanup
Event: 1.622 Executing VM operation: Cleanup done
Event: 1.665 Executing VM operation: G1CollectForAllocation
Event: 1.669 Executing VM operation: G1CollectForAllocation done
Event: 3.668 Executing VM operation: Cleanup
Event: 3.669 Executing VM operation: Cleanup done
Event: 4.322 Executing VM operation: HandshakeAllThreads
Event: 4.322 Executing VM operation: HandshakeAllThreads done
Event: 5.321 Executing VM operation: Cleanup
Event: 5.322 Executing VM operation: Cleanup done
Event: 7.322 Executing VM operation: Cleanup
Event: 7.322 Executing VM operation: Cleanup done
Event: 8.322 Executing VM operation: Cleanup
Event: 8.322 Executing VM operation: Cleanup done
Event: 9.838 Executing VM operation: HandshakeAllThreads
Event: 9.838 Executing VM operation: HandshakeAllThreads done
Event: 9.838 Executing VM operation: Cleanup
Event: 9.839 Executing VM operation: Cleanup done
Event: 10.807 Executing VM operation: Exit

Events (20 events):
Event: 9.851 loading class sun/text/resources/BreakIteratorInfo done
Event: 9.851 loading class sun/text/resources/BreakIteratorResources
Event: 9.851 loading class sun/util/resources/BreakIteratorResourceBundle
Event: 9.851 loading class sun/util/resources/BreakIteratorResourceBundle done
Event: 9.851 loading class sun/text/resources/BreakIteratorResources done
Event: 9.851 loading class sun/util/resources/Bundles$2
Event: 9.851 loading class sun/util/resources/Bundles$2 done
Event: 9.852 loading class sun/text/RuleBasedBreakIterator
Event: 9.852 loading class sun/text/RuleBasedBreakIterator done
Event: 9.852 loading class sun/text/CompactByteArray
Event: 9.853 loading class sun/text/CompactByteArray done
Event: 9.853 loading class sun/text/SupplementaryCharacterData
Event: 9.853 loading class sun/text/SupplementaryCharacterData done
Event: 9.853 loading class java/text/BreakIterator$BreakIteratorCache
Event: 9.853 loading class java/text/BreakIterator$BreakIteratorCache done
Event: 10.094 Thread 0x000001d4ca1a4f90 Thread exited: 0x000001d4ca1a4f90
Event: 10.807 Thread 0x000001d4ce9f5e50 Thread added: 0x000001d4ce9f5e50
Event: 10.807 Thread 0x000001d4ce9f4170 Thread added: 0x000001d4ce9f4170
Event: 10.807 Thread 0x000001d4ce9f5e50 Thread exited: 0x000001d4ce9f5e50
Event: 10.807 Thread 0x000001d4ce9f4170 Thread exited: 0x000001d4ce9f4170


Dynamic libraries:
0x00007ff74bcd0000 - 0x00007ff74bce0000 	C:\Program Files\Java\jdk-17.0.2\bin\java.exe
0x00007fff5fc40000 - 0x00007fff5fe49000 	C:\Windows\SYSTEM32\ntdll.dll
0x00007fff5ee00000 - 0x00007fff5eebd000 	C:\Windows\System32\KERNEL32.DLL
0x00007fff5d3f0000 - 0x00007fff5d769000 	C:\Windows\System32\KERNELBASE.dll
0x00007fff5d920000 - 0x00007fff5da31000 	C:\Windows\System32\ucrtbase.dll
0x00007fff59390000 - 0x00007fff593aa000 	C:\Program Files\Java\jdk-17.0.2\bin\VCRUNTIME140.dll
0x00007fff32930000 - 0x00007fff32948000 	C:\Program Files\Java\jdk-17.0.2\bin\jli.dll
0x00007fff5ec50000 - 0x00007fff5ecfe000 	C:\Windows\System32\ADVAPI32.dll
0x00007fff5eb10000 - 0x00007fff5ebb3000 	C:\Windows\System32\msvcrt.dll
0x00007fff5dd90000 - 0x00007fff5de2e000 	C:\Windows\System32\sechost.dll
0x00007fff5fa30000 - 0x00007fff5fb50000 	C:\Windows\System32\RPCRT4.dll
0x00007fff5de30000 - 0x00007fff5dfdc000 	C:\Windows\System32\USER32.dll
0x00007fff4b610000 - 0x00007fff4b8b5000 	C:\Windows\WinSxS\amd64_microsoft.windows.common-controls_6595b64144ccf1df_6.0.22000.120_none_9d947278b86cc467\COMCTL32.dll
0x00007fff5d130000 - 0x00007fff5d156000 	C:\Windows\System32\win32u.dll
0x00007fff5ea10000 - 0x00007fff5ea39000 	C:\Windows\System32\GDI32.dll
0x00007fff5d2d0000 - 0x00007fff5d3e2000 	C:\Windows\System32\gdi32full.dll
0x00007fff5da40000 - 0x00007fff5dadd000 	C:\Windows\System32\msvcp_win.dll
0x00007fff54ae0000 - 0x00007fff54aea000 	C:\Windows\SYSTEM32\VERSION.dll
0x00007fff5fbc0000 - 0x00007fff5fbf1000 	C:\Windows\System32\IMM32.DLL
0x00007fff59380000 - 0x00007fff5938c000 	C:\Program Files\Java\jdk-17.0.2\bin\vcruntime140_1.dll
0x00007fff497f0000 - 0x00007fff4987d000 	C:\Program Files\Java\jdk-17.0.2\bin\msvcp140.dll
0x00007ffec7e10000 - 0x00007ffec89d1000 	C:\Program Files\Java\jdk-17.0.2\bin\server\jvm.dll
0x00007fff5f540000 - 0x00007fff5f548000 	C:\Windows\System32\PSAPI.DLL
0x00007fff59680000 - 0x00007fff59689000 	C:\Windows\SYSTEM32\WSOCK32.dll
0x00007fff55c20000 - 0x00007fff55c53000 	C:\Windows\SYSTEM32\WINMM.dll
0x00007fff5eec0000 - 0x00007fff5ef2f000 	C:\Windows\System32\WS2_32.dll
0x00007fff5c320000 - 0x00007fff5c338000 	C:\Windows\SYSTEM32\kernel.appcore.dll
0x00007fff59370000 - 0x00007fff5937a000 	C:\Program Files\Java\jdk-17.0.2\bin\jimage.dll
0x00007fff5a7c0000 - 0x00007fff5a9e1000 	C:\Windows\SYSTEM32\DBGHELP.DLL
0x00007fff44ba0000 - 0x00007fff44bd1000 	C:\Windows\SYSTEM32\dbgcore.DLL
0x00007fff5d770000 - 0x00007fff5d7ef000 	C:\Windows\System32\bcryptPrimitives.dll
0x00007fff49fb0000 - 0x00007fff49fd5000 	C:\Program Files\Java\jdk-17.0.2\bin\java.dll
0x00007fff498a0000 - 0x00007fff49976000 	C:\Program Files\Java\jdk-17.0.2\bin\jsvml.dll
0x00007fff5e260000 - 0x00007fff5ea0f000 	C:\Windows\System32\SHELL32.dll
0x00007fff5b2b0000 - 0x00007fff5bb18000 	C:\Windows\SYSTEM32\windows.storage.dll
0x00007fff5f6b0000 - 0x00007fff5fa28000 	C:\Windows\System32\combase.dll
0x00007fff5b140000 - 0x00007fff5b2a6000 	C:\Windows\SYSTEM32\wintypes.dll
0x00007fff5dae0000 - 0x00007fff5dbca000 	C:\Windows\System32\SHCORE.dll
0x00007fff5dfe0000 - 0x00007fff5e03d000 	C:\Windows\System32\shlwapi.dll
0x00007fff5d060000 - 0x00007fff5d081000 	C:\Windows\SYSTEM32\profapi.dll
0x00007fff59310000 - 0x00007fff59329000 	C:\Program Files\Java\jdk-17.0.2\bin\net.dll
0x00007fff57820000 - 0x00007fff5792c000 	C:\Windows\SYSTEM32\WINHTTP.dll
0x00007fff5c750000 - 0x00007fff5c7b7000 	C:\Windows\system32\mswsock.dll
0x00007fff49f90000 - 0x00007fff49fa6000 	C:\Program Files\Java\jdk-17.0.2\bin\nio.dll
0x00007fff49880000 - 0x00007fff49898000 	C:\Program Files\Java\jdk-17.0.2\bin\zip.dll
0x000001d498030000 - 0x000001d498033000 	C:\Program Files\Java\javafx-sdk-18.0.1\bin\api-ms-win-core-console-l1-1-0.dll
0x000001d498040000 - 0x000001d498043000 	C:\Program Files\Java\javafx-sdk-18.0.1\bin\api-ms-win-core-console-l1-2-0.dll
0x000001d498050000 - 0x000001d498053000 	C:\Program Files\Java\javafx-sdk-18.0.1\bin\api-ms-win-core-datetime-l1-1-0.dll
0x000001d498060000 - 0x000001d498063000 	C:\Program Files\Java\javafx-sdk-18.0.1\bin\api-ms-win-core-debug-l1-1-0.dll
0x000001d498070000 - 0x000001d498073000 	C:\Program Files\Java\javafx-sdk-18.0.1\bin\api-ms-win-core-errorhandling-l1-1-0.dll
0x000001d498080000 - 0x000001d498084000 	C:\Program Files\Java\javafx-sdk-18.0.1\bin\api-ms-win-core-file-l1-1-0.dll
0x000001d498090000 - 0x000001d498093000 	C:\Program Files\Java\javafx-sdk-18.0.1\bin\api-ms-win-core-file-l1-2-0.dll
0x000001d4980a0000 - 0x000001d4980a3000 	C:\Program Files\Java\javafx-sdk-18.0.1\bin\api-ms-win-core-file-l2-1-0.dll
0x000001d4c0620000 - 0x000001d4c0623000 	C:\Program Files\Java\javafx-sdk-18.0.1\bin\api-ms-win-core-handle-l1-1-0.dll
0x000001d4c0630000 - 0x000001d4c0633000 	C:\Program Files\Java\javafx-sdk-18.0.1\bin\api-ms-win-core-heap-l1-1-0.dll
0x000001d4c0640000 - 0x000001d4c0643000 	C:\Program Files\Java\javafx-sdk-18.0.1\bin\api-ms-win-core-interlocked-l1-1-0.dll
0x000001d4c0650000 - 0x000001d4c0653000 	C:\Program Files\Java\javafx-sdk-18.0.1\bin\api-ms-win-core-libraryloader-l1-1-0.dll
0x000001d4c0660000 - 0x000001d4c0663000 	C:\Program Files\Java\javafx-sdk-18.0.1\bin\api-ms-win-core-localization-l1-2-0.dll
0x000001d4c0670000 - 0x000001d4c0673000 	C:\Program Files\Java\javafx-sdk-18.0.1\bin\api-ms-win-core-memory-l1-1-0.dll
0x000001d4c0680000 - 0x000001d4c0683000 	C:\Program Files\Java\javafx-sdk-18.0.1\bin\api-ms-win-core-namedpipe-l1-1-0.dll
0x000001d4c0690000 - 0x000001d4c0693000 	C:\Program Files\Java\javafx-sdk-18.0.1\bin\api-ms-win-core-processenvironment-l1-1-0.dll
0x000001d4c06a0000 - 0x000001d4c06a3000 	C:\Program Files\Java\javafx-sdk-18.0.1\bin\api-ms-win-core-processthreads-l1-1-0.dll
0x000001d4c06b0000 - 0x000001d4c06b3000 	C:\Program Files\Java\javafx-sdk-18.0.1\bin\api-ms-win-core-processthreads-l1-1-1.dll
0x000001d4c06c0000 - 0x000001d4c06c3000 	C:\Program Files\Java\javafx-sdk-18.0.1\bin\api-ms-win-core-profile-l1-1-0.dll
0x000001d4c06d0000 - 0x000001d4c06d3000 	C:\Program Files\Java\javafx-sdk-18.0.1\bin\api-ms-win-core-rtlsupport-l1-1-0.dll
0x000001d4c06e0000 - 0x000001d4c06e3000 	C:\Program Files\Java\javafx-sdk-18.0.1\bin\api-ms-win-core-string-l1-1-0.dll
0x000001d4c06f0000 - 0x000001d4c06f3000 	C:\Program Files\Java\javafx-sdk-18.0.1\bin\api-ms-win-core-synch-l1-1-0.dll
0x000001d4c0700000 - 0x000001d4c0703000 	C:\Program Files\Java\javafx-sdk-18.0.1\bin\api-ms-win-core-synch-l1-2-0.dll
0x000001d4c0710000 - 0x000001d4c0713000 	C:\Program Files\Java\javafx-sdk-18.0.1\bin\api-ms-win-core-sysinfo-l1-1-0.dll
0x000001d4c0720000 - 0x000001d4c0723000 	C:\Program Files\Java\javafx-sdk-18.0.1\bin\api-ms-win-core-timezone-l1-1-0.dll
0x000001d4c0730000 - 0x000001d4c0733000 	C:\Program Files\Java\javafx-sdk-18.0.1\bin\api-ms-win-core-util-l1-1-0.dll
0x000001d4c0740000 - 0x000001d4c0743000 	C:\Program Files\Java\javafx-sdk-18.0.1\bin\api-ms-win-crt-conio-l1-1-0.dll
0x000001d4c0750000 - 0x000001d4c0754000 	C:\Program Files\Java\javafx-sdk-18.0.1\bin\api-ms-win-crt-convert-l1-1-0.dll
0x000001d4c0760000 - 0x000001d4c0763000 	C:\Program Files\Java\javafx-sdk-18.0.1\bin\api-ms-win-crt-environment-l1-1-0.dll
0x000001d4c0770000 - 0x000001d4c0773000 	C:\Program Files\Java\javafx-sdk-18.0.1\bin\api-ms-win-crt-filesystem-l1-1-0.dll
0x000001d4c0780000 - 0x000001d4c0783000 	C:\Program Files\Java\javafx-sdk-18.0.1\bin\api-ms-win-crt-heap-l1-1-0.dll
0x000001d4c0790000 - 0x000001d4c0793000 	C:\Program Files\Java\javafx-sdk-18.0.1\bin\api-ms-win-crt-locale-l1-1-0.dll
0x000001d4c07a0000 - 0x000001d4c07a5000 	C:\Program Files\Java\javafx-sdk-18.0.1\bin\api-ms-win-crt-math-l1-1-0.dll
0x000001d4c07b0000 - 0x000001d4c07b5000 	C:\Program Files\Java\javafx-sdk-18.0.1\bin\api-ms-win-crt-multibyte-l1-1-0.dll
0x000001d4c07c0000 - 0x000001d4c07d0000 	C:\Program Files\Java\javafx-sdk-18.0.1\bin\api-ms-win-crt-private-l1-1-0.dll
0x000001d4c07d0000 - 0x000001d4c07d3000 	C:\Program Files\Java\javafx-sdk-18.0.1\bin\api-ms-win-crt-process-l1-1-0.dll
0x000001d4c07e0000 - 0x000001d4c07e4000 	C:\Program Files\Java\javafx-sdk-18.0.1\bin\api-ms-win-crt-runtime-l1-1-0.dll
0x000001d4c07f0000 - 0x000001d4c07f4000 	C:\Program Files\Java\javafx-sdk-18.0.1\bin\api-ms-win-crt-stdio-l1-1-0.dll
0x000001d4c2bd0000 - 0x000001d4c2bd4000 	C:\Program Files\Java\javafx-sdk-18.0.1\bin\api-ms-win-crt-string-l1-1-0.dll
0x000001d4c2be0000 - 0x000001d4c2be3000 	C:\Program Files\Java\javafx-sdk-18.0.1\bin\api-ms-win-crt-time-l1-1-0.dll
0x000001d4c2bf0000 - 0x000001d4c2bf3000 	C:\Program Files\Java\javafx-sdk-18.0.1\bin\api-ms-win-crt-utility-l1-1-0.dll
0x00007ffec0320000 - 0x00007ffec041c000 	C:\Program Files\Java\javafx-sdk-18.0.1\bin\ucrtbase.dll
0x00007fff2b5f0000 - 0x00007fff2b60a000 	C:\Program Files\Java\javafx-sdk-18.0.1\bin\vcruntime140.dll
0x00007fff497d0000 - 0x00007fff497dc000 	C:\Program Files\Java\javafx-sdk-18.0.1\bin\vcruntime140_1.dll
0x00007ffebf680000 - 0x00007ffebf70d000 	C:\Program Files\Java\javafx-sdk-18.0.1\bin\msvcp140.dll
0x00007ffed7a80000 - 0x00007ffed7aac000 	C:\Program Files\Java\javafx-sdk-18.0.1\bin\prism_d3d.dll
0x00007fff521e0000 - 0x00007fff52386000 	C:\Windows\system32\d3d9.dll
0x00007fff5ad70000 - 0x00007fff5ad9f000 	C:\Windows\SYSTEM32\dwmapi.dll
0x00007fff5a6a0000 - 0x00007fff5a6d8000 	C:\Windows\SYSTEM32\dxcore.dll
0x00007fff5a380000 - 0x00007fff5a42c000 	C:\Windows\system32\uxtheme.dll
0x00007fff532b0000 - 0x00007fff533b7000 	C:\Windows\System32\DriverStore\FileRepository\nvltig.inf_amd64_ce837e92efe9cbc4\nvldumdx.dll
0x00007fff5c9f0000 - 0x00007fff5ca02000 	C:\Windows\SYSTEM32\msasn1.dll
0x00007fff54980000 - 0x00007fff549b1000 	C:\Windows\SYSTEM32\cryptnet.dll
0x00007fff5d160000 - 0x00007fff5d2c2000 	C:\Windows\System32\CRYPT32.dll
0x00007fff52f50000 - 0x00007fff53099000 	C:\Windows\SYSTEM32\drvstore.dll
0x00007fff5ce50000 - 0x00007fff5ce7c000 	C:\Windows\SYSTEM32\devobj.dll
0x00007fff5ce00000 - 0x00007fff5ce4c000 	C:\Windows\SYSTEM32\cfgmgr32.dll
0x00007fff5ca60000 - 0x00007fff5ca9d000 	C:\Windows\SYSTEM32\wldp.dll
0x00007fff5c990000 - 0x00007fff5c99c000 	C:\Windows\SYSTEM32\cryptbase.dll
0x00007fff5d8b0000 - 0x00007fff5d917000 	C:\Windows\System32\WINTRUST.DLL
0x00007fff5eaf0000 - 0x00007fff5eb0f000 	C:\Windows\System32\imagehlp.dll
0x00007fff5c9a0000 - 0x00007fff5c9b8000 	C:\Windows\SYSTEM32\CRYPTSP.dll
0x00007fff5c280000 - 0x00007fff5c2b5000 	C:\Windows\system32\rsaenh.dll
0x00007fff5cb10000 - 0x00007fff5cb37000 	C:\Windows\SYSTEM32\bcrypt.dll
0x00007ffee0330000 - 0x00007ffee1ab8000 	C:\Windows\System32\DriverStore\FileRepository\nvltig.inf_amd64_ce837e92efe9cbc4\nvd3dumx.dll
0x00007fff56f80000 - 0x00007fff56fc4000 	C:\Windows\SYSTEM32\directxdatabasehelper.dll
0x00007fff5aa10000 - 0x00007fff5aa44000 	C:\Windows\SYSTEM32\ntmarta.dll
0x00007ffebf630000 - 0x00007ffebf672000 	C:\Program Files\Java\javafx-sdk-18.0.1\bin\glass.dll
0x00007fff5ed00000 - 0x00007fff5edec000 	C:\Windows\System32\COMDLG32.dll
0x00007fff5ef30000 - 0x00007fff5f0ca000 	C:\Windows\System32\ole32.dll
0x00007fff5f550000 - 0x00007fff5f626000 	C:\Windows\System32\OLEAUT32.dll
0x00007fff5dc10000 - 0x00007fff5dd2e000 	C:\Windows\System32\MSCTF.dll
0x00007ffee2240000 - 0x00007ffee2503000 	C:\Windows\system32\nvspcap64.dll
0x00007fff5c7e0000 - 0x00007fff5c804000 	C:\Windows\SYSTEM32\gpapi.dll
0x00007fff22340000 - 0x00007fff22354000 	C:\Program Files\Java\javafx-sdk-18.0.1\bin\javafx_font.dll
0x00007fff37e10000 - 0x00007fff3806f000 	C:\Windows\SYSTEM32\dwrite.dll
0x00007fff5ea40000 - 0x00007fff5eaef000 	C:\Windows\System32\clbcatq.dll
0x00007fff54af0000 - 0x00007fff54c9e000 	C:\Windows\SYSTEM32\WindowsCodecs.dll
0x00007fff36300000 - 0x00007fff3635d000 	C:\Windows\system32\dataexchange.dll
0x00007fff53ce0000 - 0x00007fff53f46000 	C:\Windows\system32\twinapi.appcore.dll
0x00007fff35fe0000 - 0x00007fff36012000 	C:\Program Files\Common Files\Microsoft Shared\Ink\rtscom.dll
0x00007fff3f140000 - 0x00007fff3f26d000 	C:\Windows\SYSTEM32\textinputframework.dll
0x00007fff59fa0000 - 0x00007fff5a0d2000 	C:\Windows\SYSTEM32\CoreMessaging.dll

dbghelp: loaded successfully - version: 4.0.5 - missing functions: none
symbol engine: initialized successfully - sym options: 0x614 - pdb path: .;C:\Program Files\Java\jdk-17.0.2\bin;C:\Windows\SYSTEM32;C:\Windows\WinSxS\amd64_microsoft.windows.common-controls_6595b64144ccf1df_6.0.22000.120_none_9d947278b86cc467;C:\Program Files\Java\jdk-17.0.2\bin\server;C:\Program Files\Java\javafx-sdk-18.0.1\bin;C:\Windows\System32\DriverStore\FileRepository\nvltig.inf_amd64_ce837e92efe9cbc4;C:\Program Files\Common Files\Microsoft Shared\Ink

VM Arguments:
jvm_args: -Dfile.encoding=UTF-8 --add-modules=javafx.controls,javafx.fxml --module-path=C:\Users\juanc\OneDrive\Documentos\Universidad 3\POO\SEATORA\build\classes;C:\Program Files\Java\javafx-sdk-18.0.1\lib\javafx-swt.jar;C:\Program Files\Java\javafx-sdk-18.0.1\lib\javafx.base.jar;C:\Program Files\Java\javafx-sdk-18.0.1\lib\javafx.controls.jar;C:\Program Files\Java\javafx-sdk-18.0.1\lib\javafx.fxml.jar;C:\Program Files\Java\javafx-sdk-18.0.1\lib\javafx.graphics.jar;C:\Program Files\Java\javafx-sdk-18.0.1\lib\javafx.media.jar;C:\Program Files\Java\javafx-sdk-18.0.1\lib\javafx.swing.jar;C:\Program Files\Java\javafx-sdk-18.0.1\lib\javafx.web.jar 
java_command: start.Seatora
java_class_path (initial): C:\Program Files\Java\javafx-sdk-18.0.1\lib\javafx-swt.jar;C:\Program Files\Java\javafx-sdk-18.0.1\lib\javafx.base.jar;C:\Program Files\Java\javafx-sdk-18.0.1\lib\javafx.controls.jar;C:\Program Files\Java\javafx-sdk-18.0.1\lib\javafx.fxml.jar;C:\Program Files\Java\javafx-sdk-18.0.1\lib\javafx.graphics.jar;C:\Program Files\Java\javafx-sdk-18.0.1\lib\javafx.media.jar;C:\Program Files\Java\javafx-sdk-18.0.1\lib\javafx.swing.jar;C:\Program Files\Java\javafx-sdk-18.0.1\lib\javafx.web.jar;C:\Users\juanc\OneDrive\Documentos\Universidad 3\POO\SEATORA\build\classes
Launcher Type: SUN_STANDARD

[Global flags]
     intx CICompilerCount                          = 12                                        {product} {ergonomic}
     uint ConcGCThreads                            = 3                                         {product} {ergonomic}
     uint G1ConcRefinementThreads                  = 13                                        {product} {ergonomic}
   size_t G1HeapRegionSize                         = 4194304                                   {product} {ergonomic}
    uintx GCDrainStackTargetSize                   = 64                                        {product} {ergonomic}
   size_t InitialHeapSize                          = 402653184                                 {product} {ergonomic}
   size_t MarkStackSize                            = 4194304                                   {product} {ergonomic}
   size_t MaxHeapSize                              = 6404702208                                {product} {ergonomic}
   size_t MaxNewSize                               = 3841982464                                {product} {ergonomic}
   size_t MinHeapDeltaBytes                        = 4194304                                   {product} {ergonomic}
   size_t MinHeapSize                              = 8388608                                   {product} {ergonomic}
    uintx NonNMethodCodeHeapSize                   = 7602480                                {pd product} {ergonomic}
    uintx NonProfiledCodeHeapSize                  = 122027880                              {pd product} {ergonomic}
    uintx ProfiledCodeHeapSize                     = 122027880                              {pd product} {ergonomic}
    uintx ReservedCodeCacheSize                    = 251658240                              {pd product} {ergonomic}
     bool SegmentedCodeCache                       = true                                      {product} {ergonomic}
   size_t SoftMaxHeapSize                          = 6404702208                             {manageable} {ergonomic}
     bool UseCompressedClassPointers               = true                           {product lp64_product} {ergonomic}
     bool UseCompressedOops                        = true                           {product lp64_product} {ergonomic}
     bool UseG1GC                                  = true                                      {product} {ergonomic}
     bool UseLargePagesIndividualAllocation        = false                                  {pd product} {ergonomic}

Logging:
Log output configuration:
 #0: stdout all=off uptime,level,tags
 #1: stderr all=off uptime,level,tags

Environment Variables:
PATH=C:\Program Files\Common Files\Oracle\Java\javapath;C:\Program Files (x86)\Common Files\Oracle\Java\javapath;C:\Windows\system32;C:\Windows;C:\Windows\System32\Wbem;C:\Windows\System32\WindowsPowerShell\v1.0\;C:\Windows\System32\OpenSSH\;C:\Program Files (x86)\NVIDIA Corporation\PhysX\Common;C:\Program Files\NVIDIA Corporation\NVIDIA NvDLISR;C:\Users\juanc\AppData\Local\Microsoft\WindowsApps;;C:\Users\juanc\AppData\Local\Programs\Microsoft VS Code\bin
USERNAME=juanc
OS=Windows_NT
PROCESSOR_IDENTIFIER=AMD64 Family 25 Model 80 Stepping 0, AuthenticAMD



---------------  S Y S T E M  ---------------

OS:
 Windows 11 , 64 bit Build 22000 (10.0.22000.675)
OS uptime: 0 days 4:10 hours

CPU: total 16 (initial active 16) (16 cores per cpu, 2 threads per core) family 25 model 80 stepping 0 microcode 0x0, cx8, cmov, fxsr, ht, mmx, 3dnowpref, sse, sse2, sse3, ssse3, sse4a, sse4.1, sse4.2, popcnt, lzcnt, tsc, tscinvbit, avx, avx2, aes, erms, clmul, bmi1, bmi2, adx, sha, fma, vzeroupper, clflush, clflushopt

Memory: 4k page, system-wide physical 24428M (14216M free)
TotalPageFile size 28012M (AvailPageFile size 13542M)
current process WorkingSet (physical memory assigned to process): 171M, peak: 307M
current process commit charge ("private bytes"): 623M, peak: 756M

vm_info: Java HotSpot(TM) 64-Bit Server VM (17.0.2+8-LTS-86) for windows-amd64 JRE (17.0.2+8-LTS-86), built on Dec  7 2021 21:51:03 by "mach5one" with MS VC++ 16.8 / 16.9 (VS2019)

END.
