#
# A fatal error has been detected by the Java Runtime Environment:
#
#  EXCEPTION_ACCESS_VIOLATION (0xc0000005) at pc=0x00007ffb5e1f62d7, pid=20384, tid=836
#
# JRE version: Java(TM) SE Runtime Environment (17.0.2+8) (build 17.0.2+8-LTS-86)
# Java VM: Java HotSpot(TM) 64-Bit Server VM (17.0.2+8-LTS-86, mixed mode, sharing, tiered, compressed oops, compressed class ptrs, g1 gc, windows-amd64)
# Problematic frame:
# C  [glass.dll+0x262d7]
#
# No core dump will be written. Minidumps are not enabled by default on client versions of Windows
#
# If you would like to submit a bug report, please visit:
#   https://bugreport.java.com/bugreport/crash.jsp
#

---------------  S U M M A R Y ------------

Command Line: -Dfile.encoding=UTF-8 --add-modules=javafx.controls,javafx.fxml --module-path=C:\Users\juanc\OneDrive\Documentos\Universidad 3\POO\HG_Performance\build\classes;C:\Program Files\Java\javafx-sdk-18.0.1\lib\javafx-swt.jar;C:\Program Files\Java\javafx-sdk-18.0.1\lib\javafx.base.jar;C:\Program Files\Java\javafx-sdk-18.0.1\lib\javafx.controls.jar;C:\Program Files\Java\javafx-sdk-18.0.1\lib\javafx.fxml.jar;C:\Program Files\Java\javafx-sdk-18.0.1\lib\javafx.graphics.jar;C:\Program Files\Java\javafx-sdk-18.0.1\lib\javafx.media.jar;C:\Program Files\Java\javafx-sdk-18.0.1\lib\javafx.swing.jar;C:\Program Files\Java\javafx-sdk-18.0.1\lib\javafx.web.jar start.HG_Performance

Host: AMD Ryzen 7 5800H with Radeon Graphics         , 16 cores, 23G,  Windows 11 , 64 bit Build 22000 (10.0.22000.613)
Time: Fri May  6 09:48:54 2022 Hora est. Pacífico, Sudamérica elapsed time: 34.030691 seconds (0d 0h 0m 34s)

---------------  T H R E A D  ---------------

Current thread (0x00000230ffeb8e90):  VMThread "VM Thread" [stack: 0x000000b8cab00000,0x000000b8cac00000] [id=836]

Stack: [0x000000b8cab00000,0x000000b8cac00000],  sp=0x000000b8cabff2c0,  free space=1020k
Native frames: (J=compiled Java code, j=interpreted, Vv=VM code, C=native code)
C  [glass.dll+0x262d7]


siginfo: EXCEPTION_ACCESS_VIOLATION (0xc0000005), reading address 0x0000000000000000


Register to memory mapping:

RIP=0x00007ffb5e1f62d7 glass.dll
RAX=0x0 is NULL
RBX=0x00000230ffed11a0 is a global jni handle
RCX=0x00000230ffeb8e90 points into unknown readable memory: 0x00007ffb15e6e890 | 90 e8 e6 15 fb 7f 00 00
RDX=0x000000b8cabff2c0 points into unknown readable memory: 0x0000000000000000 | 00 00 00 00 00 00 00 00
RSP=0x000000b8cabff2c0 points into unknown readable memory: 0x0000000000000000 | 00 00 00 00 00 00 00 00
RBP=0x00000230875b0ce8 points into unknown readable memory: 0x0000f09e87e96e86 | 86 6e e9 87 9e f0 00 00
RSI=0x00000230875b0cc0 points into unknown readable memory: 0x001f0e490024d986 | 86 d9 24 00 49 0e 1f 00
RDI=0x0000f09e87e96e86 is an unknown value
R8 =0x0000000000010002 is an unknown value
R9 =0x0000f09e87e96e86 is an unknown value
R10=0x85f13e9656da4870 is an unknown value
R11=0x000000b8cabff250 points into unknown readable memory: 0x00000230875b0cc0 | c0 0c 5b 87 30 02 00 00
R12=0x00007ffb5e1f3bc4 glass.dll
R13=0x00007ffb160149d0 jvm.dll
R14=0x000000b8cabff3c8 points into unknown readable memory: 0x000000b8cabff3b0 | b0 f3 bf ca b8 00 00 00
R15=0x00000230875b0cc0 points into unknown readable memory: 0x001f0e490024d986 | 86 d9 24 00 49 0e 1f 00


Registers:
RAX=0x0000000000000000, RBX=0x00000230ffed11a0, RCX=0x00000230ffeb8e90, RDX=0x000000b8cabff2c0
RSP=0x000000b8cabff2c0, RBP=0x00000230875b0ce8, RSI=0x00000230875b0cc0, RDI=0x0000f09e87e96e86
R8 =0x0000000000010002, R9 =0x0000f09e87e96e86, R10=0x85f13e9656da4870, R11=0x000000b8cabff250
R12=0x00007ffb5e1f3bc4, R13=0x00007ffb160149d0, R14=0x000000b8cabff3c8, R15=0x00000230875b0cc0
RIP=0x00007ffb5e1f62d7, EFLAGS=0x0000000000010206

Top of Stack: (sp=0x000000b8cabff2c0)
0x000000b8cabff2c0:   0000000000000000 00000230875b0cc0
0x000000b8cabff2d0:   00007ffb160149d0 00007ffb5e1f3bc4
0x000000b8cabff2e0:   00000230875b0cc8 00007ffb9391bea0
0x000000b8cabff2f0:   0000f09e87e96e86 0000023000000000
0x000000b8cabff300:   00000230875b0ce8 00000230875b0cc0
0x000000b8cabff310:   fffffffffffffffe 0000000000000000
0x000000b8cabff320:   0000000000000001 00007ffb5e1d0000
0x000000b8cabff330:   000000b8cabff3b8 00007ffb9391bdb7
0x000000b8cabff340:   0000000000000000 000000b8cabff3c8
0x000000b8cabff350:   000000b8cabff6a0 00007ffb93a012b0
0x000000b8cabff360:   0000000000000001 00007ffb9391bd6d
0x000000b8cabff370:   0000000000000000 0000000000000001
0x000000b8cabff380:   0000000000000000 000000b8cabff3b8
0x000000b8cabff390:   fffffffffffffffe 000000b800000000
0x000000b8cabff3a0:   ffffffff00000001 00007ffb5e1f3a51
0x000000b8cabff3b0:   00007ffb5e209f88 00007ffb00000002 

Instructions: (pc=0x00007ffb5e1f62d7)
0x00007ffb5e1f61d7:   8b 4d 58 e8 2d cf ff ff 48 8b 4d 60 e8 24 cf ff
0x00007ffb5e1f61e7:   ff 48 8b 95 80 00 00 00 48 8b 8d 18 01 00 00 e8
0x00007ffb5e1f61f7:   16 c4 ff ff 33 d2 33 c9 e8 5c e1 ff ff 90 48 89
0x00007ffb5e1f6207:   54 24 10 55 48 83 ec 20 48 8b ea 48 b8 00 00 00
0x00007ffb5e1f6217:   00 00 00 00 00 48 83 c4 20 5d c3 cc 40 55 48 8b
0x00007ffb5e1f6227:   ea 48 8b 01 33 c9 81 38 05 00 00 c0 0f 94 c1 8b
0x00007ffb5e1f6237:   c1 5d c3 cc 40 55 48 83 ec 20 48 8b ea 8a 4d 40
0x00007ffb5e1f6247:   48 83 c4 20 5d e9 17 d3 ff ff cc 40 55 48 83 ec
0x00007ffb5e1f6257:   20 48 8b ea 8a 4d 20 e8 05 d3 ff ff 90 48 83 c4
0x00007ffb5e1f6267:   20 5d c3 cc 40 55 48 83 ec 20 48 8b ea 48 83 c4
0x00007ffb5e1f6277:   20 5d e9 66 d1 ff ff cc 40 55 48 83 ec 30 48 8b
0x00007ffb5e1f6287:   ea 48 8b 01 8b 10 48 89 4c 24 28 89 54 24 20 4c
0x00007ffb5e1f6297:   8d 0d 07 d6 ff ff 4c 8b 45 70 8b 55 68 48 8b 4d
0x00007ffb5e1f62a7:   60 e8 a7 d0 ff ff 90 48 83 c4 30 5d c3 cc cc cc
0x00007ffb5e1f62b7:   cc cc cc cc cc cc cc cc cc 40 53 48 83 ec 20 48
0x00007ffb5e1f62c7:   8b 1d bb 36 01 00 48 85 db 74 16 e8 59 8b ff ff
0x00007ffb5e1f62d7:   4c 8b 00 48 8b d3 48 8b c8 41 ff 90 b0 00 00 00
0x00007ffb5e1f62e7:   90 48 83 c4 20 5b c3 cc cc 40 53 48 83 ec 20 48
0x00007ffb5e1f62f7:   8b 1d 2b 38 01 00 48 85 db 74 57 b8 ff ff ff ff
0x00007ffb5e1f6307:   f0 0f c1 43 10 83 f8 01 75 3d 48 85 db 74 38 48
0x00007ffb5e1f6317:   8b 0b 48 85 c9 74 0d ff 15 84 0f 00 00 48 c7 03
0x00007ffb5e1f6327:   00 00 00 00 48 8b 4b 08 48 85 c9 74 0d e8 d3 cd
0x00007ffb5e1f6337:   ff ff 48 c7 43 08 00 00 00 00 ba 18 00 00 00 48
0x00007ffb5e1f6347:   8b cb e8 be cd ff ff 48 c7 05 cf 37 01 00 00 00
0x00007ffb5e1f6357:   00 00 48 83 c4 20 5b c3 cc 40 53 48 83 ec 20 48
0x00007ffb5e1f6367:   8b 1d 9b 37 01 00 48 85 db 74 57 b8 ff ff ff ff
0x00007ffb5e1f6377:   f0 0f c1 43 10 83 f8 01 75 3d 48 85 db 74 38 48
0x00007ffb5e1f6387:   8b 0b 48 85 c9 74 0d ff 15 14 0f 00 00 48 c7 03
0x00007ffb5e1f6397:   00 00 00 00 48 8b 4b 08 48 85 c9 74 0d e8 63 cd
0x00007ffb5e1f63a7:   ff ff 48 c7 43 08 00 00 00 00 ba 18 00 00 00 48
0x00007ffb5e1f63b7:   8b cb e8 4e cd ff ff 48 c7 05 3f 37 01 00 00 00
0x00007ffb5e1f63c7:   00 00 48 83 c4 20 5b c3 cc 40 53 48 83 ec 20 48 


Stack slot to memory mapping:
stack at sp + 0 slots: 0x0 is NULL
stack at sp + 1 slots: 0x00000230875b0cc0 points into unknown readable memory: 0x001f0e490024d986 | 86 d9 24 00 49 0e 1f 00
stack at sp + 2 slots: 0x00007ffb160149d0 jvm.dll
stack at sp + 3 slots: 0x00007ffb5e1f3bc4 glass.dll
stack at sp + 4 slots: 0x00000230875b0cc8 points into unknown readable memory: 0x0000f09e87e96e86 | 86 6e e9 87 9e f0 00 00
stack at sp + 5 slots: 0x00007ffb9391bea0 ucrtbase.dll
stack at sp + 6 slots: 0x0000f09e87e96e86 is an unknown value
stack at sp + 7 slots: 0x0000023000000000 is an unknown value

VM_Operation (0x000000b8cc4f5ff0): Exit, mode: safepoint, requested by thread 0x0000023086f41c80


---------------  P R O C E S S  ---------------

Threads class SMR info:
_java_thread_list=0x000002308834b2b0, length=22, elements={
0x00000230dbb4bf90, 0x00000230ffebee90, 0x00000230ffec1d10, 0x00000230ffed4f80,
0x00000230ffed5930, 0x00000230ffed62e0, 0x00000230ffed6c90, 0x00000230ffee6210,
0x00000230ffee8d50, 0x0000023086938070, 0x00000230ffeaac90, 0x0000023087982cd0,
0x000002308757b5f0, 0x00000230875b5980, 0x0000023086f41c80, 0x0000023087b8dfc0,
0x0000023087bd7530, 0x00000230882f5a50, 0x0000023090b47f30, 0x0000023087f17ac0,
0x0000023087f16680, 0x0000023087f189f0
}

Java Threads: ( => current thread )
  0x00000230dbb4bf90 JavaThread "main" [_thread_blocked, id=4732, stack(0x000000b8ca500000,0x000000b8ca600000)]
  0x00000230ffebee90 JavaThread "Reference Handler" daemon [_thread_blocked, id=18936, stack(0x000000b8cac00000,0x000000b8cad00000)]
  0x00000230ffec1d10 JavaThread "Finalizer" daemon [_thread_blocked, id=2792, stack(0x000000b8cad00000,0x000000b8cae00000)]
  0x00000230ffed4f80 JavaThread "Signal Dispatcher" daemon [_thread_blocked, id=9932, stack(0x000000b8cae00000,0x000000b8caf00000)]
  0x00000230ffed5930 JavaThread "Attach Listener" daemon [_thread_blocked, id=18272, stack(0x000000b8caf00000,0x000000b8cb000000)]
  0x00000230ffed62e0 JavaThread "Service Thread" daemon [_thread_blocked, id=16280, stack(0x000000b8cb000000,0x000000b8cb100000)]
  0x00000230ffed6c90 JavaThread "Monitor Deflation Thread" daemon [_thread_blocked, id=6656, stack(0x000000b8cb100000,0x000000b8cb200000)]
  0x00000230ffee6210 JavaThread "C2 CompilerThread0" daemon [_thread_blocked, id=2188, stack(0x000000b8cb200000,0x000000b8cb300000)]
  0x00000230ffee8d50 JavaThread "C1 CompilerThread0" daemon [_thread_blocked, id=19908, stack(0x000000b8cb300000,0x000000b8cb400000)]
  0x0000023086938070 JavaThread "Sweeper thread" daemon [_thread_blocked, id=10172, stack(0x000000b8cb400000,0x000000b8cb500000)]
  0x00000230ffeaac90 JavaThread "Common-Cleaner" daemon [_thread_blocked, id=16836, stack(0x000000b8cb600000,0x000000b8cb700000)]
  0x0000023087982cd0 JavaThread "Notification Thread" daemon [_thread_blocked, id=15752, stack(0x000000b8cbf00000,0x000000b8cc000000)]
  0x000002308757b5f0 JavaThread "QuantumRenderer-0" daemon [_thread_blocked, id=18988, stack(0x000000b8cc100000,0x000000b8cc200000)]
  0x00000230875b5980 JavaThread "InvokeLaterDispatcher" daemon [_thread_blocked, id=7192, stack(0x000000b8cc300000,0x000000b8cc400000)]
  0x0000023086f41c80 JavaThread "JavaFX Application Thread" [_thread_blocked, id=19168, stack(0x000000b8cc400000,0x000000b8cc500000)]
  0x0000023087b8dfc0 JavaThread "JavaFX-Launcher" [_thread_blocked, id=20464, stack(0x000000b8cc700000,0x000000b8cc800000)]
  0x0000023087bd7530 JavaThread "Thread-2" daemon [_thread_in_native, id=17396, stack(0x000000b8cc600000,0x000000b8cc700000)]
  0x00000230882f5a50 JavaThread "Prism Font Disposer" daemon [_thread_blocked, id=12724, stack(0x000000b8cd300000,0x000000b8cd400000)]
  0x0000023090b47f30 JavaThread "Cleaner-0" daemon [_thread_blocked, id=5388, stack(0x000000b8cd400000,0x000000b8cd500000)]
  0x0000023087f17ac0 JavaThread "C1 CompilerThread1" daemon [_thread_blocked, id=18172, stack(0x000000b8cb500000,0x000000b8cb600000)]
  0x0000023087f16680 JavaThread "C1 CompilerThread2" daemon [_thread_blocked, id=6812, stack(0x000000b8cb800000,0x000000b8cb900000)]
  0x0000023087f189f0 JavaThread "C1 CompilerThread3" daemon [_thread_blocked, id=19496, stack(0x000000b8cb900000,0x000000b8cba00000)]

Other Threads:
=>0x00000230ffeb8e90 VMThread "VM Thread" [stack: 0x000000b8cab00000,0x000000b8cac00000] [id=836]
  0x00000230dbbae530 GCTaskThread "GC Thread#0" [stack: 0x000000b8ca600000,0x000000b8ca700000] [id=2368]
  0x00000230875b41d0 GCTaskThread "GC Thread#1" [stack: 0x000000b8cc800000,0x000000b8cc900000] [id=17180]
  0x00000230875b4730 GCTaskThread "GC Thread#2" [stack: 0x000000b8cc900000,0x000000b8cca00000] [id=7836]
  0x00000230875b49e0 GCTaskThread "GC Thread#3" [stack: 0x000000b8cca00000,0x000000b8ccb00000] [id=12184]
  0x00000230875b4c90 GCTaskThread "GC Thread#4" [stack: 0x000000b8ccb00000,0x000000b8ccc00000] [id=4344]
  0x00000230875b3c70 GCTaskThread "GC Thread#5" [stack: 0x000000b8ccc00000,0x000000b8ccd00000] [id=16152]
  0x00000230875b4f40 GCTaskThread "GC Thread#6" [stack: 0x000000b8ccd00000,0x000000b8cce00000] [id=1060]
  0x0000023087e77b40 GCTaskThread "GC Thread#7" [stack: 0x000000b8cce00000,0x000000b8ccf00000] [id=8852]
  0x0000023087e78350 GCTaskThread "GC Thread#8" [stack: 0x000000b8ccf00000,0x000000b8cd000000] [id=18176]
  0x0000023087e76870 GCTaskThread "GC Thread#9" [stack: 0x000000b8cba00000,0x000000b8cbb00000] [id=8024]
  0x00000230dbbbb340 ConcurrentGCThread "G1 Main Marker" terminated
  0x00000230dbbbbd50 ConcurrentGCThread "G1 Conc#0" [stack: 0x000000b8ca800000,0x000000b8ca900000] [id=17856]
  0x00000230ffd78100 ConcurrentGCThread "G1 Refine#0" terminated
  0x00000230ffd7aa40 ConcurrentGCThread "G1 Service" terminated

Threads with active compile tasks:

VM state: at safepoint (shutting down)

VM Mutex/Monitor currently owned by a thread:  ([mutex/lock_event])
[0x00000230dbb48b90] Threads_lock - owner thread: 0x00000230ffeb8e90
[0x00000230dbb48200] Heap_lock - owner thread: 0x0000023086f41c80

Heap address: 0x0000000682400000, size: 6108 MB, Compressed Oops mode: Zero based, Oop shift amount: 3

CDS archive(s) mapped at: [0x0000000800000000-0x0000000800bc0000-0x0000000800bc0000), size 12320768, SharedBaseAddress: 0x0000000800000000, ArchiveRelocationMode: 0.
Compressed class space mapped at: 0x0000000800c00000-0x0000000840c00000, reserved size: 1073741824
Narrow klass base: 0x0000000800000000, Narrow klass shift: 0, Narrow klass range: 0x100000000

GC Precious Log:
 CPUs: 16 total, 16 available
 Memory: 24428M
 Large Page Support: Disabled
 NUMA Support: Disabled
 Compressed Oops: Enabled (Zero based)
 Heap Region Size: 4M
 Heap Min Capacity: 8M
 Heap Initial Capacity: 384M
 Heap Max Capacity: 6108M
 Pre-touch: Disabled
 Parallel Workers: 13
 Concurrent Workers: 3
 Concurrent Refinement Workers: 13
 Periodic GC: Disabled

Heap:
 garbage-first heap   total 393216K, used 33099K [0x0000000682400000, 0x0000000800000000)
  region size 4096K, 9 young (36864K), 2 survivors (8192K)
 Metaspace       used 17757K, committed 18048K, reserved 1064960K
  class space    used 2632K, committed 2816K, reserved 1048576K

Heap Regions: E=young(eden), S=young(survivor), O=old, HS=humongous(starts), HC=humongous(continues), CS=collection set, F=free, OA=open archive, CA=closed archive, TAMS=top-at-mark-start (previous, next)
|   0|0x0000000682400000, 0x0000000682452e00, 0x0000000682800000|  8%| O|  |TAMS 0x0000000682400000, 0x0000000682400000| Untracked 
|   1|0x0000000682800000, 0x0000000682800000, 0x0000000682c00000|  0%| F|  |TAMS 0x0000000682800000, 0x0000000682800000| Untracked 
|   2|0x0000000682c00000, 0x0000000682c00000, 0x0000000683000000|  0%| F|  |TAMS 0x0000000682c00000, 0x0000000682c00000| Untracked 
|   3|0x0000000683000000, 0x0000000683000000, 0x0000000683400000|  0%| F|  |TAMS 0x0000000683000000, 0x0000000683000000| Untracked 
|   4|0x0000000683400000, 0x0000000683400000, 0x0000000683800000|  0%| F|  |TAMS 0x0000000683400000, 0x0000000683400000| Untracked 
|   5|0x0000000683800000, 0x0000000683800000, 0x0000000683c00000|  0%| F|  |TAMS 0x0000000683800000, 0x0000000683800000| Untracked 
|   6|0x0000000683c00000, 0x0000000683c00000, 0x0000000684000000|  0%| F|  |TAMS 0x0000000683c00000, 0x0000000683c00000| Untracked 
|   7|0x0000000684000000, 0x0000000684000000, 0x0000000684400000|  0%| F|  |TAMS 0x0000000684000000, 0x0000000684000000| Untracked 
|   8|0x0000000684400000, 0x0000000684400000, 0x0000000684800000|  0%| F|  |TAMS 0x0000000684400000, 0x0000000684400000| Untracked 
|   9|0x0000000684800000, 0x0000000684800000, 0x0000000684c00000|  0%| F|  |TAMS 0x0000000684800000, 0x0000000684800000| Untracked 
|  10|0x0000000684c00000, 0x0000000684c00000, 0x0000000685000000|  0%| F|  |TAMS 0x0000000684c00000, 0x0000000684c00000| Untracked 
|  11|0x0000000685000000, 0x0000000685000000, 0x0000000685400000|  0%| F|  |TAMS 0x0000000685000000, 0x0000000685000000| Untracked 
|  12|0x0000000685400000, 0x0000000685400000, 0x0000000685800000|  0%| F|  |TAMS 0x0000000685400000, 0x0000000685400000| Untracked 
|  13|0x0000000685800000, 0x0000000685800000, 0x0000000685c00000|  0%| F|  |TAMS 0x0000000685800000, 0x0000000685800000| Untracked 
|  14|0x0000000685c00000, 0x0000000685c00000, 0x0000000686000000|  0%| F|  |TAMS 0x0000000685c00000, 0x0000000685c00000| Untracked 
|  15|0x0000000686000000, 0x0000000686000000, 0x0000000686400000|  0%| F|  |TAMS 0x0000000686000000, 0x0000000686000000| Untracked 
|  16|0x0000000686400000, 0x0000000686400000, 0x0000000686800000|  0%| F|  |TAMS 0x0000000686400000, 0x0000000686400000| Untracked 
|  17|0x0000000686800000, 0x0000000686800000, 0x0000000686c00000|  0%| F|  |TAMS 0x0000000686800000, 0x0000000686800000| Untracked 
|  18|0x0000000686c00000, 0x0000000686c00000, 0x0000000687000000|  0%| F|  |TAMS 0x0000000686c00000, 0x0000000686c00000| Untracked 
|  19|0x0000000687000000, 0x0000000687000000, 0x0000000687400000|  0%| F|  |TAMS 0x0000000687000000, 0x0000000687000000| Untracked 
|  20|0x0000000687400000, 0x0000000687400000, 0x0000000687800000|  0%| F|  |TAMS 0x0000000687400000, 0x0000000687400000| Untracked 
|  21|0x0000000687800000, 0x0000000687800000, 0x0000000687c00000|  0%| F|  |TAMS 0x0000000687800000, 0x0000000687800000| Untracked 
|  22|0x0000000687c00000, 0x0000000687c00000, 0x0000000688000000|  0%| F|  |TAMS 0x0000000687c00000, 0x0000000687c00000| Untracked 
|  23|0x0000000688000000, 0x0000000688000000, 0x0000000688400000|  0%| F|  |TAMS 0x0000000688000000, 0x0000000688000000| Untracked 
|  24|0x0000000688400000, 0x0000000688400000, 0x0000000688800000|  0%| F|  |TAMS 0x0000000688400000, 0x0000000688400000| Untracked 
|  25|0x0000000688800000, 0x0000000688800000, 0x0000000688c00000|  0%| F|  |TAMS 0x0000000688800000, 0x0000000688800000| Untracked 
|  26|0x0000000688c00000, 0x0000000688c00000, 0x0000000689000000|  0%| F|  |TAMS 0x0000000688c00000, 0x0000000688c00000| Untracked 
|  27|0x0000000689000000, 0x0000000689000000, 0x0000000689400000|  0%| F|  |TAMS 0x0000000689000000, 0x0000000689000000| Untracked 
|  28|0x0000000689400000, 0x0000000689400000, 0x0000000689800000|  0%| F|  |TAMS 0x0000000689400000, 0x0000000689400000| Untracked 
|  29|0x0000000689800000, 0x0000000689800000, 0x0000000689c00000|  0%| F|  |TAMS 0x0000000689800000, 0x0000000689800000| Untracked 
|  30|0x0000000689c00000, 0x0000000689c00000, 0x000000068a000000|  0%| F|  |TAMS 0x0000000689c00000, 0x0000000689c00000| Untracked 
|  31|0x000000068a000000, 0x000000068a000000, 0x000000068a400000|  0%| F|  |TAMS 0x000000068a000000, 0x000000068a000000| Untracked 
|  32|0x000000068a400000, 0x000000068a400000, 0x000000068a800000|  0%| F|  |TAMS 0x000000068a400000, 0x000000068a400000| Untracked 
|  33|0x000000068a800000, 0x000000068a800000, 0x000000068ac00000|  0%| F|  |TAMS 0x000000068a800000, 0x000000068a800000| Untracked 
|  34|0x000000068ac00000, 0x000000068ac00000, 0x000000068b000000|  0%| F|  |TAMS 0x000000068ac00000, 0x000000068ac00000| Untracked 
|  35|0x000000068b000000, 0x000000068b000000, 0x000000068b400000|  0%| F|  |TAMS 0x000000068b000000, 0x000000068b000000| Untracked 
|  36|0x000000068b400000, 0x000000068b400000, 0x000000068b800000|  0%| F|  |TAMS 0x000000068b400000, 0x000000068b400000| Untracked 
|  37|0x000000068b800000, 0x000000068b800000, 0x000000068bc00000|  0%| F|  |TAMS 0x000000068b800000, 0x000000068b800000| Untracked 
|  38|0x000000068bc00000, 0x000000068bc00000, 0x000000068c000000|  0%| F|  |TAMS 0x000000068bc00000, 0x000000068bc00000| Untracked 
|  39|0x000000068c000000, 0x000000068c000000, 0x000000068c400000|  0%| F|  |TAMS 0x000000068c000000, 0x000000068c000000| Untracked 
|  40|0x000000068c400000, 0x000000068c400000, 0x000000068c800000|  0%| F|  |TAMS 0x000000068c400000, 0x000000068c400000| Untracked 
|  41|0x000000068c800000, 0x000000068c800000, 0x000000068cc00000|  0%| F|  |TAMS 0x000000068c800000, 0x000000068c800000| Untracked 
|  42|0x000000068cc00000, 0x000000068cc00000, 0x000000068d000000|  0%| F|  |TAMS 0x000000068cc00000, 0x000000068cc00000| Untracked 
|  43|0x000000068d000000, 0x000000068d000000, 0x000000068d400000|  0%| F|  |TAMS 0x000000068d000000, 0x000000068d000000| Untracked 
|  44|0x000000068d400000, 0x000000068d400000, 0x000000068d800000|  0%| F|  |TAMS 0x000000068d400000, 0x000000068d400000| Untracked 
|  45|0x000000068d800000, 0x000000068d800000, 0x000000068dc00000|  0%| F|  |TAMS 0x000000068d800000, 0x000000068d800000| Untracked 
|  46|0x000000068dc00000, 0x000000068dc00000, 0x000000068e000000|  0%| F|  |TAMS 0x000000068dc00000, 0x000000068dc00000| Untracked 
|  47|0x000000068e000000, 0x000000068e000000, 0x000000068e400000|  0%| F|  |TAMS 0x000000068e000000, 0x000000068e000000| Untracked 
|  48|0x000000068e400000, 0x000000068e400000, 0x000000068e800000|  0%| F|  |TAMS 0x000000068e400000, 0x000000068e400000| Untracked 
|  49|0x000000068e800000, 0x000000068e800000, 0x000000068ec00000|  0%| F|  |TAMS 0x000000068e800000, 0x000000068e800000| Untracked 
|  50|0x000000068ec00000, 0x000000068ec00000, 0x000000068f000000|  0%| F|  |TAMS 0x000000068ec00000, 0x000000068ec00000| Untracked 
|  51|0x000000068f000000, 0x000000068f000000, 0x000000068f400000|  0%| F|  |TAMS 0x000000068f000000, 0x000000068f000000| Untracked 
|  52|0x000000068f400000, 0x000000068f400000, 0x000000068f800000|  0%| F|  |TAMS 0x000000068f400000, 0x000000068f400000| Untracked 
|  53|0x000000068f800000, 0x000000068f800000, 0x000000068fc00000|  0%| F|  |TAMS 0x000000068f800000, 0x000000068f800000| Untracked 
|  54|0x000000068fc00000, 0x000000068fc00000, 0x0000000690000000|  0%| F|  |TAMS 0x000000068fc00000, 0x000000068fc00000| Untracked 
|  55|0x0000000690000000, 0x0000000690000000, 0x0000000690400000|  0%| F|  |TAMS 0x0000000690000000, 0x0000000690000000| Untracked 
|  56|0x0000000690400000, 0x0000000690400000, 0x0000000690800000|  0%| F|  |TAMS 0x0000000690400000, 0x0000000690400000| Untracked 
|  57|0x0000000690800000, 0x0000000690800000, 0x0000000690c00000|  0%| F|  |TAMS 0x0000000690800000, 0x0000000690800000| Untracked 
|  58|0x0000000690c00000, 0x0000000690c00000, 0x0000000691000000|  0%| F|  |TAMS 0x0000000690c00000, 0x0000000690c00000| Untracked 
|  59|0x0000000691000000, 0x0000000691000000, 0x0000000691400000|  0%| F|  |TAMS 0x0000000691000000, 0x0000000691000000| Untracked 
|  60|0x0000000691400000, 0x0000000691400000, 0x0000000691800000|  0%| F|  |TAMS 0x0000000691400000, 0x0000000691400000| Untracked 
|  61|0x0000000691800000, 0x0000000691800000, 0x0000000691c00000|  0%| F|  |TAMS 0x0000000691800000, 0x0000000691800000| Untracked 
|  62|0x0000000691c00000, 0x0000000691c00000, 0x0000000692000000|  0%| F|  |TAMS 0x0000000691c00000, 0x0000000691c00000| Untracked 
|  63|0x0000000692000000, 0x0000000692000000, 0x0000000692400000|  0%| F|  |TAMS 0x0000000692000000, 0x0000000692000000| Untracked 
|  64|0x0000000692400000, 0x0000000692400000, 0x0000000692800000|  0%| F|  |TAMS 0x0000000692400000, 0x0000000692400000| Untracked 
|  65|0x0000000692800000, 0x0000000692800000, 0x0000000692c00000|  0%| F|  |TAMS 0x0000000692800000, 0x0000000692800000| Untracked 
|  66|0x0000000692c00000, 0x0000000692c00000, 0x0000000693000000|  0%| F|  |TAMS 0x0000000692c00000, 0x0000000692c00000| Untracked 
|  67|0x0000000693000000, 0x0000000693000000, 0x0000000693400000|  0%| F|  |TAMS 0x0000000693000000, 0x0000000693000000| Untracked 
|  68|0x0000000693400000, 0x0000000693400000, 0x0000000693800000|  0%| F|  |TAMS 0x0000000693400000, 0x0000000693400000| Untracked 
|  69|0x0000000693800000, 0x0000000693800000, 0x0000000693c00000|  0%| F|  |TAMS 0x0000000693800000, 0x0000000693800000| Untracked 
|  70|0x0000000693c00000, 0x0000000693c00000, 0x0000000694000000|  0%| F|  |TAMS 0x0000000693c00000, 0x0000000693c00000| Untracked 
|  71|0x0000000694000000, 0x0000000694000000, 0x0000000694400000|  0%| F|  |TAMS 0x0000000694000000, 0x0000000694000000| Untracked 
|  72|0x0000000694400000, 0x0000000694400000, 0x0000000694800000|  0%| F|  |TAMS 0x0000000694400000, 0x0000000694400000| Untracked 
|  73|0x0000000694800000, 0x0000000694800000, 0x0000000694c00000|  0%| F|  |TAMS 0x0000000694800000, 0x0000000694800000| Untracked 
|  74|0x0000000694c00000, 0x0000000694c00000, 0x0000000695000000|  0%| F|  |TAMS 0x0000000694c00000, 0x0000000694c00000| Untracked 
|  75|0x0000000695000000, 0x0000000695000000, 0x0000000695400000|  0%| F|  |TAMS 0x0000000695000000, 0x0000000695000000| Untracked 
|  76|0x0000000695400000, 0x0000000695400000, 0x0000000695800000|  0%| F|  |TAMS 0x0000000695400000, 0x0000000695400000| Untracked 
|  77|0x0000000695800000, 0x0000000695800000, 0x0000000695c00000|  0%| F|  |TAMS 0x0000000695800000, 0x0000000695800000| Untracked 
|  78|0x0000000695c00000, 0x0000000695c00000, 0x0000000696000000|  0%| F|  |TAMS 0x0000000695c00000, 0x0000000695c00000| Untracked 
|  79|0x0000000696000000, 0x0000000696000000, 0x0000000696400000|  0%| F|  |TAMS 0x0000000696000000, 0x0000000696000000| Untracked 
|  80|0x0000000696400000, 0x0000000696400000, 0x0000000696800000|  0%| F|  |TAMS 0x0000000696400000, 0x0000000696400000| Untracked 
|  81|0x0000000696800000, 0x0000000696800000, 0x0000000696c00000|  0%| F|  |TAMS 0x0000000696800000, 0x0000000696800000| Untracked 
|  82|0x0000000696c00000, 0x0000000696c00000, 0x0000000697000000|  0%| F|  |TAMS 0x0000000696c00000, 0x0000000696c00000| Untracked 
|  83|0x0000000697000000, 0x0000000697400000, 0x0000000697400000|100%| S|CS|TAMS 0x0000000697000000, 0x0000000697000000| Complete 
|  84|0x0000000697400000, 0x0000000697800000, 0x0000000697800000|100%| S|CS|TAMS 0x0000000697400000, 0x0000000697400000| Complete 
|  85|0x0000000697800000, 0x0000000697800000, 0x0000000697c00000|  0%| F|  |TAMS 0x0000000697800000, 0x0000000697800000| Untracked 
|  86|0x0000000697c00000, 0x0000000697c00000, 0x0000000698000000|  0%| F|  |TAMS 0x0000000697c00000, 0x0000000697c00000| Untracked 
|  87|0x0000000698000000, 0x0000000698000000, 0x0000000698400000|  0%| F|  |TAMS 0x0000000698000000, 0x0000000698000000| Untracked 
|  88|0x0000000698400000, 0x0000000698400000, 0x0000000698800000|  0%| F|  |TAMS 0x0000000698400000, 0x0000000698400000| Untracked 
|  89|0x0000000698800000, 0x0000000698a27738, 0x0000000698c00000| 53%| E|  |TAMS 0x0000000698800000, 0x0000000698800000| Complete 
|  90|0x0000000698c00000, 0x0000000699000000, 0x0000000699000000|100%| E|CS|TAMS 0x0000000698c00000, 0x0000000698c00000| Complete 
|  91|0x0000000699000000, 0x0000000699400000, 0x0000000699400000|100%| E|CS|TAMS 0x0000000699000000, 0x0000000699000000| Complete 
|  92|0x0000000699400000, 0x0000000699800000, 0x0000000699800000|100%| E|CS|TAMS 0x0000000699400000, 0x0000000699400000| Complete 
|  93|0x0000000699800000, 0x0000000699c00000, 0x0000000699c00000|100%| E|CS|TAMS 0x0000000699800000, 0x0000000699800000| Complete 
|  94|0x0000000699c00000, 0x000000069a000000, 0x000000069a000000|100%| E|CS|TAMS 0x0000000699c00000, 0x0000000699c00000| Complete 
|  95|0x000000069a000000, 0x000000069a400000, 0x000000069a400000|100%| E|CS|TAMS 0x000000069a000000, 0x000000069a000000| Complete 

Card table byte_map: [0x00000230f5740000,0x00000230f6330000] _byte_map_base: 0x00000230f232e000

Marking Bits (Prev, Next): (CMBitMap*) 0x00000230dbbaeb40, (CMBitMap*) 0x00000230dbbaeb80
 Prev Bits: [0x00000230f6f20000, 0x00000230fce90000)
 Next Bits: [0x0000023080000000, 0x0000023085f70000)

Polling page: 0x00000230dbc30000

Metaspace:

Usage:
  Non-class:     14.77 MB used.
      Class:      2.57 MB used.
       Both:     17.34 MB used.

Virtual space:
  Non-class space:       16.00 MB reserved,      14.88 MB ( 93%) committed,  2 nodes.
      Class space:        1.00 GB reserved,       2.75 MB ( <1%) committed,  1 nodes.
             Both:        1.02 GB reserved,      17.62 MB (  2%) committed. 

Chunk freelists:
   Non-Class:  720.00 KB
       Class:  1.17 MB
        Both:  1.88 MB

MaxMetaspaceSize: unlimited
CompressedClassSpaceSize: 1.00 GB
Initial GC threshold: 21.00 MB
Current GC threshold: 21.00 MB
CDS: on
MetaspaceReclaimPolicy: balanced
 - commit_granule_bytes: 65536.
 - commit_granule_words: 8192.
 - virtual_space_node_default_size: 1048576.
 - enlarge_chunks_in_place: 1.
 - new_chunks_are_fully_committed: 0.
 - uncommit_free_chunks: 1.
 - use_allocation_guard: 0.
 - handle_deallocations: 1.


Internal statistics:

num_allocs_failed_limit: 0.
num_arena_births: 236.
num_arena_deaths: 0.
num_vsnodes_births: 3.
num_vsnodes_deaths: 0.
num_space_committed: 282.
num_space_uncommitted: 0.
num_chunks_returned_to_freelist: 0.
num_chunks_taken_from_freelist: 868.
num_chunk_merges: 0.
num_chunk_splits: 593.
num_chunks_enlarged: 467.
num_purges: 0.
num_inconsistent_stats: 0.

CodeHeap 'non-profiled nmethods': size=119168Kb used=1526Kb max_used=1526Kb free=117641Kb
 bounds [0x00000230ec720000, 0x00000230ec990000, 0x00000230f3b80000]
CodeHeap 'profiled nmethods': size=119104Kb used=7208Kb max_used=7208Kb free=111895Kb
 bounds [0x00000230e52d0000, 0x00000230e59e0000, 0x00000230ec720000]
CodeHeap 'non-nmethods': size=7488Kb used=3121Kb max_used=3150Kb free=4366Kb
 bounds [0x00000230e4b80000, 0x00000230e4ea0000, 0x00000230e52d0000]
 total_blobs=4375 nmethods=3583 adapters=701
 compilation: enabled
              stopped_count=0, restarted_count=0
 full_count=0

Compilation events (20 events):
Event: 33.621 Thread 0x0000023087f189f0 3577       3       javafx.beans.property.ReadOnlyObjectPropertyBase::fireValueChangedEvent (8 bytes)
Event: 33.621 Thread 0x0000023087f189f0 nmethod 3577 0x00000230e59d6510 code [0x00000230e59d66c0, 0x00000230e59d6928]
Event: 33.637 Thread 0x0000023087f189f0 3578       3       com.sun.javafx.sg.prism.NGRegion::createPath (91 bytes)
Event: 33.637 Thread 0x0000023087f17ac0 3579       3       com.sun.prism.paint.Color::<init> (106 bytes)
Event: 33.637 Thread 0x00000230ffee8d50 3580       3       com.sun.prism.paint.Color::putBgraPreBytes (66 bytes)
Event: 33.637 Thread 0x0000023087f17ac0 nmethod 3579 0x00000230e59d6a10 code [0x00000230e59d6c00, 0x00000230e59d6f18]
Event: 33.637 Thread 0x0000023087f189f0 nmethod 3578 0x00000230e59d7010 code [0x00000230e59d7260, 0x00000230e59d7a28]
Event: 33.637 Thread 0x00000230ffee8d50 nmethod 3580 0x00000230e59d7d10 code [0x00000230e59d7ee0, 0x00000230e59d8358]
Event: 33.637 Thread 0x00000230ffee8d50 3581       3       java.util.Objects::equals (23 bytes)
Event: 33.637 Thread 0x00000230ffee8d50 nmethod 3581 0x00000230e59d8490 code [0x00000230e59d8640, 0x00000230e59d88c8]
Event: 33.638 Thread 0x00000230ffee8d50 3582       3       com.sun.prism.impl.ManagedResource::isLocked (13 bytes)
Event: 33.638 Thread 0x0000023087f189f0 3583       3       com.sun.prism.impl.ManagedResource::bumpAge (18 bytes)
Event: 33.638 Thread 0x00000230ffee8d50 nmethod 3582 0x00000230e59d8990 code [0x00000230e59d8b20, 0x00000230e59d8c98]
Event: 33.638 Thread 0x0000023087f189f0 nmethod 3583 0x00000230e59d8d10 code [0x00000230e59d8ea0, 0x00000230e59d8ff8]
Event: 33.697 Thread 0x00000230ffee8d50 3584       3       javafx.beans.property.ReadOnlyDoubleWrapper::fireValueChangedEvent (19 bytes)
Event: 33.698 Thread 0x00000230ffee8d50 nmethod 3584 0x00000230e59d9090 code [0x00000230e59d9260, 0x00000230e59d97b8]
Event: 33.698 Thread 0x00000230ffee8d50 3585       3       com.sun.prism.paint.Color::isOpaque (15 bytes)
Event: 33.698 Thread 0x00000230ffee8d50 nmethod 3585 0x00000230e59d9990 code [0x00000230e59d9b40, 0x00000230e59d9cd8]
Event: 33.699 Thread 0x00000230ffee8d50 3586       3       javafx.scene.Node$FocusedProperty::get (10 bytes)
Event: 33.699 Thread 0x00000230ffee8d50 nmethod 3586 0x00000230e59d9d90 code [0x00000230e59d9f20, 0x00000230e59da038]

GC Heap History (4 events):
Event: 0.319 GC heap before
{Heap before GC invocations=0 (full 0):
 garbage-first heap   total 393216K, used 16384K [0x0000000682400000, 0x0000000800000000)
  region size 4096K, 5 young (20480K), 0 survivors (0K)
 Metaspace       used 4073K, committed 4160K, reserved 1056768K
  class space    used 470K, committed 512K, reserved 1048576K
}
Event: 0.321 GC heap after
{Heap after GC invocations=1 (full 0):
 garbage-first heap   total 393216K, used 2674K [0x0000000682400000, 0x0000000800000000)
  region size 4096K, 1 young (4096K), 1 survivors (4096K)
 Metaspace       used 4073K, committed 4160K, reserved 1056768K
  class space    used 470K, committed 512K, reserved 1048576K
}
Event: 2.801 GC heap before
{Heap before GC invocations=1 (full 0):
 garbage-first heap   total 393216K, used 43634K [0x0000000682400000, 0x0000000800000000)
  region size 4096K, 11 young (45056K), 1 survivors (4096K)
 Metaspace       used 14194K, committed 14400K, reserved 1064960K
  class space    used 2055K, committed 2176K, reserved 1048576K
}
Event: 2.804 GC heap after
{Heap after GC invocations=2 (full 0):
 garbage-first heap   total 393216K, used 8523K [0x0000000682400000, 0x0000000800000000)
  region size 4096K, 2 young (8192K), 2 survivors (8192K)
 Metaspace       used 14194K, committed 14400K, reserved 1064960K
  class space    used 2055K, committed 2176K, reserved 1048576K
}

Deoptimization events (20 events):
Event: 32.978 Thread 0x0000023086f41c80 Uncommon trap: trap_request=0xffffffde fr.pc=0x00000230ec7b7be4 relative=0x0000000000000c44
Event: 32.978 Thread 0x0000023086f41c80 Uncommon trap: reason=class_check action=maybe_recompile pc=0x00000230ec7b7be4 method=java.util.zip.InflaterInputStream.read([BII)I @ 100 c2
Event: 32.978 Thread 0x0000023086f41c80 DEOPT PACKING pc=0x00000230ec7b7be4 sp=0x000000b8cc4f4b50
Event: 32.978 Thread 0x0000023086f41c80 DEOPT UNPACKING pc=0x00000230e4bd23a3 sp=0x000000b8cc4f4b50 mode 2
Event: 32.978 Thread 0x0000023086f41c80 Uncommon trap: trap_request=0xffffffde fr.pc=0x00000230ec7b7be4 relative=0x0000000000000c44
Event: 32.978 Thread 0x0000023086f41c80 Uncommon trap: reason=class_check action=maybe_recompile pc=0x00000230ec7b7be4 method=java.util.zip.InflaterInputStream.read([BII)I @ 100 c2
Event: 32.978 Thread 0x0000023086f41c80 DEOPT PACKING pc=0x00000230ec7b7be4 sp=0x000000b8cc4f4b50
Event: 32.978 Thread 0x0000023086f41c80 DEOPT UNPACKING pc=0x00000230e4bd23a3 sp=0x000000b8cc4f4b50 mode 2
Event: 32.986 Thread 0x0000023086f41c80 Uncommon trap: trap_request=0xffffff45 fr.pc=0x00000230ec7ef45c relative=0x000000000000005c
Event: 32.986 Thread 0x0000023086f41c80 Uncommon trap: reason=unstable_if action=reinterpret pc=0x00000230ec7ef45c method=java.util.Objects.equals(Ljava/lang/Object;Ljava/lang/Object;)Z @ 6 c2
Event: 32.986 Thread 0x0000023086f41c80 DEOPT PACKING pc=0x00000230ec7ef45c sp=0x000000b8cc4f4fa0
Event: 32.986 Thread 0x0000023086f41c80 DEOPT UNPACKING pc=0x00000230e4bd23a3 sp=0x000000b8cc4f4f40 mode 2
Event: 32.989 Thread 0x0000023086f41c80 Uncommon trap: trap_request=0xffffff45 fr.pc=0x00000230ec7c493c relative=0x0000000000000f1c
Event: 32.989 Thread 0x0000023086f41c80 Uncommon trap: reason=unstable_if action=reinterpret pc=0x00000230ec7c493c method=java.util.concurrent.ConcurrentHashMap.putVal(Ljava/lang/Object;Ljava/lang/Object;Z)Ljava/lang/Object; @ 148 c2
Event: 32.989 Thread 0x0000023086f41c80 DEOPT PACKING pc=0x00000230ec7c493c sp=0x000000b8cc4f4200
Event: 32.989 Thread 0x0000023086f41c80 DEOPT UNPACKING pc=0x00000230e4bd23a3 sp=0x000000b8cc4f4180 mode 2
Event: 32.991 Thread 0x0000023086f41c80 Uncommon trap: trap_request=0xffffff45 fr.pc=0x00000230ec730518 relative=0x00000000000000f8
Event: 32.991 Thread 0x0000023086f41c80 Uncommon trap: reason=unstable_if action=reinterpret pc=0x00000230ec730518 method=java.lang.StringLatin1.lastIndexOf([BI[BII)I @ 86 c2
Event: 32.991 Thread 0x0000023086f41c80 DEOPT PACKING pc=0x00000230ec730518 sp=0x000000b8cc4f40e0
Event: 32.991 Thread 0x0000023086f41c80 DEOPT UNPACKING pc=0x00000230e4bd23a3 sp=0x000000b8cc4f4038 mode 2

Classes unloaded (0 events):
No events

Classes redefined (0 events):
No events

Internal exceptions (20 events):
Event: 0.486 Thread 0x0000023086f41c80 Implicit null exception at 0x00000230ec786890 to 0x00000230ec786ccc
Event: 0.549 Thread 0x0000023086f41c80 Exception <a 'java/lang/NoSuchMethodError'{0x0000000698b048c8}: 'java.lang.Object java.lang.invoke.DirectMethodHandle$Holder.invokeInterface(java.lang.Object, java.lang.Object, java.lang.Object)'> (0x0000000698b048c8) 
thrown [t:\workspace\open\src\hotspot\share\interpreter\linkResolver.cpp, line 766]
Event: 0.549 Thread 0x0000023086f41c80 Exception <a 'java/lang/IncompatibleClassChangeError'{0x0000000698b08250}: Found class java.lang.Object, but interface was expected> (0x0000000698b08250) 
thrown [t:\workspace\open\src\hotspot\share\interpreter\linkResolver.cpp, line 833]
Event: 0.587 Thread 0x0000023086f41c80 Exception <a 'java/lang/NoSuchMethodError'{0x00000006984e13f0}: 'java.lang.Object java.lang.invoke.DirectMethodHandle$Holder.newInvokeSpecial(java.lang.Object, java.lang.Object, int)'> (0x00000006984e13f0) 
thrown [t:\workspace\open\src\hotspot\share\interpreter\linkResolver.cpp, line 766]
Event: 0.599 Thread 0x000002308757b5f0 Exception <a 'java/lang/NoSuchMethodError'{0x000000069864d868}: 'int java.lang.invoke.DirectMethodHandle$Holder.invokeStaticInit(java.lang.Object, java.lang.Object)'> (0x000000069864d868) 
thrown [t:\workspace\open\src\hotspot\share\interpreter\linkResolver.cpp, line 766]
Event: 2.629 Thread 0x0000023086f41c80 Exception <a 'java/lang/NoSuchMethodError'{0x0000000698322e90}: 'long java.lang.invoke.DirectMethodHandle$Holder.invokeStatic(java.lang.Object, java.lang.Object, java.lang.Object)'> (0x0000000698322e90) 
thrown [t:\workspace\open\src\hotspot\share\interpreter\linkResolver.cpp, line 766]
Event: 2.629 Thread 0x0000023086f41c80 Exception <a 'java/lang/NoSuchMethodError'{0x0000000698326638}: 'long java.lang.invoke.DirectMethodHandle$Holder.invokeStaticInit(java.lang.Object, java.lang.Object, java.lang.Object)'> (0x0000000698326638) 
thrown [t:\workspace\open\src\hotspot\share\interpreter\linkResolver.cpp, line 766]
Event: 2.630 Thread 0x0000023086f41c80 Exception <a 'java/lang/NoSuchMethodError'{0x000000069833e240}: 'java.lang.Object java.lang.invoke.DirectMethodHandle$Holder.newInvokeSpecial(java.lang.Object, java.lang.Object, long)'> (0x000000069833e240) 
thrown [t:\workspace\open\src\hotspot\share\interpreter\linkResolver.cpp, line 766]
Event: 2.630 Thread 0x0000023086f41c80 Exception <a 'java/lang/NoSuchMethodError'{0x0000000698341db0}: 'java.lang.Object java.lang.invoke.Invokers$Holder.linkToTargetMethod(java.lang.Object, long, java.lang.Object)'> (0x0000000698341db0) 
thrown [t:\workspace\open\src\hotspot\share\interpreter\linkResolver.cpp, line 766]
Event: 2.760 Thread 0x0000023086f41c80 Exception <a 'java/lang/ClassNotFoundException'{0x0000000697feeed0}: com/sun/javafx/scene/control/skin/resources/controls> (0x0000000697feeed0) 
thrown [t:\workspace\open\src\hotspot\share\prims\jni.cpp, line 535]
Event: 2.761 Thread 0x0000023086f41c80 Exception <a 'java/lang/ClassNotFoundException'{0x0000000697ffd168}: com/sun/javafx/scene/control/skin/resources/controls_es> (0x0000000697ffd168) 
thrown [t:\workspace\open\src\hotspot\share\prims\jni.cpp, line 535]
Event: 2.762 Thread 0x0000023086f41c80 Exception <a 'java/lang/ClassNotFoundException'{0x000000069780bb00}: com/sun/javafx/scene/control/skin/resources/controls_es_CO> (0x000000069780bb00) 
thrown [t:\workspace\open\src\hotspot\share\prims\jni.cpp, line 535]
Event: 2.822 Thread 0x0000023086f41c80 Exception <a 'java/lang/NoSuchMethodError'{0x000000069a1bb398}: 'void java.lang.invoke.DirectMethodHandle$Holder.invokeSpecial(java.lang.Object, java.lang.Object, java.lang.Object, java.lang.Object, java.lang.Object, java.lang.Object)'> (0x000000069a1bb398) 
thrown [t:\workspace\open\src\hotspot\share\interpreter\linkResolver.cpp, line 766]
Event: 2.854 Thread 0x0000023086f41c80 Exception <a 'java/lang/NoSuchMethodError'{0x0000000699f5c110}: 'void java.lang.invoke.DirectMethodHandle$Holder.invokeSpecialIFC(java.lang.Object, java.lang.Object, java.lang.Object, java.lang.Object)'> (0x0000000699f5c110) 
thrown [t:\workspace\open\src\hotspot\share\interpreter\linkResolver.cpp, line 766]
Event: 2.864 Thread 0x0000023086f41c80 Exception <a 'java/lang/NoSuchMethodError'{0x000000069986ee10}: 'int java.lang.invoke.DirectMethodHandle$Holder.invokeSpecial(java.lang.Object, java.lang.Object, int)'> (0x000000069986ee10) 
thrown [t:\workspace\open\src\hotspot\share\interpreter\linkResolver.cpp, line 766]
Event: 4.269 Thread 0x000002308757b5f0 Exception <a 'java/lang/NoSuchMethodError'{0x0000000699692828}: 'java.lang.Object java.lang.invoke.DirectMethodHandle$Holder.invokeStaticInit(java.lang.Object, int)'> (0x0000000699692828) 
thrown [t:\workspace\open\src\hotspot\share\interpreter\linkResolver.cpp, line 766]
Event: 32.061 Thread 0x0000023086f41c80 Exception <a 'java/lang/NoSuchMethodError'{0x000000069927eb10}: 'java.lang.Object java.lang.invoke.DirectMethodHandle$Holder.newInvokeSpecial(java.lang.Object, java.lang.Object, int, int, int, int, int, java.lang.Object)'> (0x000000069927eb10) 
thrown [t:\workspace\open\src\hotspot\share\interpreter\linkResolver.cpp, line 766]
Event: 32.061 Thread 0x0000023086f41c80 Exception <a 'java/lang/NoSuchMethodError'{0x0000000699292040}: 'java.lang.Object java.lang.invoke.DirectMethodHandle$Holder.newInvokeSpecial(java.lang.Object, java.lang.Object, java.lang.Object, int, int, int, int, int)'> (0x0000000699292040) 
thrown [t:\workspace\open\src\hotspot\share\interpreter\linkResolver.cpp, line 766]
Event: 32.062 Thread 0x0000023086f41c80 Exception <a 'java/lang/NoSuchMethodError'{0x0000000699299df0}: 'java.lang.Object java.lang.invoke.Invokers$Holder.linkToTargetMethod(java.lang.Object, java.lang.Object, int, int, int, int, int, java.lang.Object)'> (0x0000000699299df0) 
thrown [t:\workspace\open\src\hotspot\share\interpreter\linkResolver.cpp, line 766]
Event: 32.119 Thread 0x0000023086f41c80 Exception <a 'java/io/FileNotFoundException'{0x00000006992afa30}> (0x00000006992afa30) 
thrown [t:\workspace\open\src\hotspot\share\prims\jni.cpp, line 516]

VM Operations (20 events):
Event: 2.539 Executing VM operation: Cleanup done
Event: 2.801 Executing VM operation: G1CollectForAllocation
Event: 2.804 Executing VM operation: G1CollectForAllocation done
Event: 2.848 Executing VM operation: HandshakeAllThreads
Event: 2.848 Executing VM operation: HandshakeAllThreads done
Event: 2.900 Executing VM operation: ICBufferFull
Event: 2.900 Executing VM operation: ICBufferFull done
Event: 3.900 Executing VM operation: Cleanup
Event: 3.900 Executing VM operation: Cleanup done
Event: 4.268 Executing VM operation: ICBufferFull
Event: 4.268 Executing VM operation: ICBufferFull done
Event: 5.268 Executing VM operation: Cleanup
Event: 5.268 Executing VM operation: Cleanup done
Event: 31.274 Executing VM operation: Cleanup
Event: 31.274 Executing VM operation: Cleanup done
Event: 32.274 Executing VM operation: Cleanup
Event: 32.274 Executing VM operation: Cleanup done
Event: 32.977 Executing VM operation: HandshakeAllThreads
Event: 32.977 Executing VM operation: HandshakeAllThreads done
Event: 33.703 Executing VM operation: Exit

Events (20 events):
Event: 32.990 loading class sun/text/resources/BreakIteratorInfo
Event: 32.990 loading class sun/text/resources/BreakIteratorInfo done
Event: 32.991 loading class sun/text/resources/BreakIteratorResources
Event: 32.991 loading class sun/util/resources/BreakIteratorResourceBundle
Event: 32.991 loading class sun/util/resources/BreakIteratorResourceBundle done
Event: 32.991 loading class sun/text/resources/BreakIteratorResources done
Event: 32.991 loading class sun/util/resources/Bundles$2
Event: 32.991 loading class sun/util/resources/Bundles$2 done
Event: 32.991 loading class sun/text/RuleBasedBreakIterator
Event: 32.991 loading class sun/text/RuleBasedBreakIterator done
Event: 32.992 loading class sun/text/CompactByteArray
Event: 32.992 loading class sun/text/CompactByteArray done
Event: 32.992 loading class sun/text/SupplementaryCharacterData
Event: 32.992 loading class sun/text/SupplementaryCharacterData done
Event: 32.992 loading class java/text/BreakIterator$BreakIteratorCache
Event: 32.992 loading class java/text/BreakIterator$BreakIteratorCache done
Event: 33.702 Thread 0x000002308811ad80 Thread added: 0x000002308811ad80
Event: 33.702 Thread 0x000002308811c0c0 Thread added: 0x000002308811c0c0
Event: 33.702 Thread 0x000002308811c0c0 Thread exited: 0x000002308811c0c0
Event: 33.703 Thread 0x000002308811ad80 Thread exited: 0x000002308811ad80


Dynamic libraries:
0x00007ff7457c0000 - 0x00007ff7457d0000 	C:\Program Files\Java\jdk-17.0.2\bin\java.exe
0x00007ffb95da0000 - 0x00007ffb95fa9000 	C:\Windows\SYSTEM32\ntdll.dll
0x00007ffb93e90000 - 0x00007ffb93f4d000 	C:\Windows\System32\KERNEL32.DLL
0x00007ffb93580000 - 0x00007ffb938f9000 	C:\Windows\System32\KERNELBASE.dll
0x00007ffb93900000 - 0x00007ffb93a11000 	C:\Windows\System32\ucrtbase.dll
0x00007ffb8f750000 - 0x00007ffb8f76a000 	C:\Program Files\Java\jdk-17.0.2\bin\VCRUNTIME140.dll
0x00007ffb8f790000 - 0x00007ffb8f7a8000 	C:\Program Files\Java\jdk-17.0.2\bin\jli.dll
0x00007ffb95cb0000 - 0x00007ffb95d5e000 	C:\Windows\System32\ADVAPI32.dll
0x00007ffb94a10000 - 0x00007ffb94ab3000 	C:\Windows\System32\msvcrt.dll
0x00007ffb94ac0000 - 0x00007ffb94b5e000 	C:\Windows\System32\sechost.dll
0x00007ffb95a20000 - 0x00007ffb95b40000 	C:\Windows\System32\RPCRT4.dll
0x00007ffb93cd0000 - 0x00007ffb93e7c000 	C:\Windows\System32\USER32.dll
0x00007ffb81a20000 - 0x00007ffb81cc5000 	C:\Windows\WinSxS\amd64_microsoft.windows.common-controls_6595b64144ccf1df_6.0.22000.120_none_9d947278b86cc467\COMCTL32.dll
0x00007ffb93b90000 - 0x00007ffb93bb6000 	C:\Windows\System32\win32u.dll
0x00007ffb945d0000 - 0x00007ffb945f9000 	C:\Windows\System32\GDI32.dll
0x00007ffb93330000 - 0x00007ffb93442000 	C:\Windows\System32\gdi32full.dll
0x00007ffb93290000 - 0x00007ffb9332d000 	C:\Windows\System32\msvcp_win.dll
0x00007ffb8a970000 - 0x00007ffb8a97a000 	C:\Windows\SYSTEM32\VERSION.dll
0x00007ffb94680000 - 0x00007ffb946b1000 	C:\Windows\System32\IMM32.DLL
0x00007ffb8f7b0000 - 0x00007ffb8f7bc000 	C:\Program Files\Java\jdk-17.0.2\bin\vcruntime140_1.dll
0x00007ffb7fd00000 - 0x00007ffb7fd8d000 	C:\Program Files\Java\jdk-17.0.2\bin\msvcp140.dll
0x00007ffb154f0000 - 0x00007ffb160b1000 	C:\Program Files\Java\jdk-17.0.2\bin\server\jvm.dll
0x00007ffb93e80000 - 0x00007ffb93e88000 	C:\Windows\System32\PSAPI.DLL
0x00007ffb8f7c0000 - 0x00007ffb8f7c9000 	C:\Windows\SYSTEM32\WSOCK32.dll
0x00007ffb8bde0000 - 0x00007ffb8be13000 	C:\Windows\SYSTEM32\WINMM.dll
0x00007ffb94d00000 - 0x00007ffb94d6f000 	C:\Windows\System32\WS2_32.dll
0x00007ffb92480000 - 0x00007ffb92498000 	C:\Windows\SYSTEM32\kernel.appcore.dll
0x00007ffb8f190000 - 0x00007ffb8f19a000 	C:\Program Files\Java\jdk-17.0.2\bin\jimage.dll
0x00007ffb90880000 - 0x00007ffb90aa1000 	C:\Windows\SYSTEM32\DBGHELP.DLL
0x00007ffb7ae90000 - 0x00007ffb7aec1000 	C:\Windows\SYSTEM32\dbgcore.DLL
0x00007ffb93bc0000 - 0x00007ffb93c3f000 	C:\Windows\System32\bcryptPrimitives.dll
0x00007ffb8e060000 - 0x00007ffb8e085000 	C:\Program Files\Java\jdk-17.0.2\bin\java.dll
0x00007ffb80060000 - 0x00007ffb80136000 	C:\Program Files\Java\jdk-17.0.2\bin\jsvml.dll
0x00007ffb95270000 - 0x00007ffb95a1f000 	C:\Windows\System32\SHELL32.dll
0x00007ffb91410000 - 0x00007ffb91c78000 	C:\Windows\SYSTEM32\windows.storage.dll
0x00007ffb93fe0000 - 0x00007ffb94358000 	C:\Windows\System32\combase.dll
0x00007ffb912a0000 - 0x00007ffb91406000 	C:\Windows\SYSTEM32\wintypes.dll
0x00007ffb95bc0000 - 0x00007ffb95caa000 	C:\Windows\System32\SHCORE.dll
0x00007ffb95b40000 - 0x00007ffb95b9d000 	C:\Windows\System32\shlwapi.dll
0x00007ffb931c0000 - 0x00007ffb931e1000 	C:\Windows\SYSTEM32\profapi.dll
0x00007ffb8d990000 - 0x00007ffb8d9a9000 	C:\Program Files\Java\jdk-17.0.2\bin\net.dll
0x00007ffb8d9c0000 - 0x00007ffb8dacc000 	C:\Windows\SYSTEM32\WINHTTP.dll
0x00007ffb928b0000 - 0x00007ffb92917000 	C:\Windows\system32\mswsock.dll
0x00007ffb8d680000 - 0x00007ffb8d696000 	C:\Program Files\Java\jdk-17.0.2\bin\nio.dll
0x00007ffb80040000 - 0x00007ffb80058000 	C:\Program Files\Java\jdk-17.0.2\bin\zip.dll
0x0000023085f80000 - 0x0000023085f83000 	C:\Program Files\Java\javafx-sdk-18.0.1\bin\api-ms-win-core-console-l1-1-0.dll
0x0000023085f90000 - 0x0000023085f93000 	C:\Program Files\Java\javafx-sdk-18.0.1\bin\api-ms-win-core-console-l1-2-0.dll
0x0000023085fa0000 - 0x0000023085fa3000 	C:\Program Files\Java\javafx-sdk-18.0.1\bin\api-ms-win-core-datetime-l1-1-0.dll
0x0000023085fb0000 - 0x0000023085fb3000 	C:\Program Files\Java\javafx-sdk-18.0.1\bin\api-ms-win-core-debug-l1-1-0.dll
0x0000023085fc0000 - 0x0000023085fc3000 	C:\Program Files\Java\javafx-sdk-18.0.1\bin\api-ms-win-core-errorhandling-l1-1-0.dll
0x0000023085fd0000 - 0x0000023085fd4000 	C:\Program Files\Java\javafx-sdk-18.0.1\bin\api-ms-win-core-file-l1-1-0.dll
0x0000023085fe0000 - 0x0000023085fe3000 	C:\Program Files\Java\javafx-sdk-18.0.1\bin\api-ms-win-core-file-l1-2-0.dll
0x0000023085ff0000 - 0x0000023085ff3000 	C:\Program Files\Java\javafx-sdk-18.0.1\bin\api-ms-win-core-file-l2-1-0.dll
0x0000023088500000 - 0x0000023088503000 	C:\Program Files\Java\javafx-sdk-18.0.1\bin\api-ms-win-core-handle-l1-1-0.dll
0x0000023088510000 - 0x0000023088513000 	C:\Program Files\Java\javafx-sdk-18.0.1\bin\api-ms-win-core-heap-l1-1-0.dll
0x0000023088520000 - 0x0000023088523000 	C:\Program Files\Java\javafx-sdk-18.0.1\bin\api-ms-win-core-interlocked-l1-1-0.dll
0x0000023088530000 - 0x0000023088533000 	C:\Program Files\Java\javafx-sdk-18.0.1\bin\api-ms-win-core-libraryloader-l1-1-0.dll
0x0000023088540000 - 0x0000023088543000 	C:\Program Files\Java\javafx-sdk-18.0.1\bin\api-ms-win-core-localization-l1-2-0.dll
0x0000023088550000 - 0x0000023088553000 	C:\Program Files\Java\javafx-sdk-18.0.1\bin\api-ms-win-core-memory-l1-1-0.dll
0x0000023088560000 - 0x0000023088563000 	C:\Program Files\Java\javafx-sdk-18.0.1\bin\api-ms-win-core-namedpipe-l1-1-0.dll
0x0000023088570000 - 0x0000023088573000 	C:\Program Files\Java\javafx-sdk-18.0.1\bin\api-ms-win-core-processenvironment-l1-1-0.dll
0x0000023088580000 - 0x0000023088583000 	C:\Program Files\Java\javafx-sdk-18.0.1\bin\api-ms-win-core-processthreads-l1-1-0.dll
0x0000023088590000 - 0x0000023088593000 	C:\Program Files\Java\javafx-sdk-18.0.1\bin\api-ms-win-core-processthreads-l1-1-1.dll
0x00000230885a0000 - 0x00000230885a3000 	C:\Program Files\Java\javafx-sdk-18.0.1\bin\api-ms-win-core-profile-l1-1-0.dll
0x00000230885b0000 - 0x00000230885b3000 	C:\Program Files\Java\javafx-sdk-18.0.1\bin\api-ms-win-core-rtlsupport-l1-1-0.dll
0x00000230885c0000 - 0x00000230885c3000 	C:\Program Files\Java\javafx-sdk-18.0.1\bin\api-ms-win-core-string-l1-1-0.dll
0x00000230885d0000 - 0x00000230885d3000 	C:\Program Files\Java\javafx-sdk-18.0.1\bin\api-ms-win-core-synch-l1-1-0.dll
0x00000230885e0000 - 0x00000230885e3000 	C:\Program Files\Java\javafx-sdk-18.0.1\bin\api-ms-win-core-synch-l1-2-0.dll
0x00000230885f0000 - 0x00000230885f3000 	C:\Program Files\Java\javafx-sdk-18.0.1\bin\api-ms-win-core-sysinfo-l1-1-0.dll
0x0000023088600000 - 0x0000023088603000 	C:\Program Files\Java\javafx-sdk-18.0.1\bin\api-ms-win-core-timezone-l1-1-0.dll
0x0000023088610000 - 0x0000023088613000 	C:\Program Files\Java\javafx-sdk-18.0.1\bin\api-ms-win-core-util-l1-1-0.dll
0x0000023088620000 - 0x0000023088623000 	C:\Program Files\Java\javafx-sdk-18.0.1\bin\api-ms-win-crt-conio-l1-1-0.dll
0x0000023088630000 - 0x0000023088634000 	C:\Program Files\Java\javafx-sdk-18.0.1\bin\api-ms-win-crt-convert-l1-1-0.dll
0x0000023088640000 - 0x0000023088643000 	C:\Program Files\Java\javafx-sdk-18.0.1\bin\api-ms-win-crt-environment-l1-1-0.dll
0x0000023088650000 - 0x0000023088653000 	C:\Program Files\Java\javafx-sdk-18.0.1\bin\api-ms-win-crt-filesystem-l1-1-0.dll
0x0000023088660000 - 0x0000023088663000 	C:\Program Files\Java\javafx-sdk-18.0.1\bin\api-ms-win-crt-heap-l1-1-0.dll
0x0000023088670000 - 0x0000023088673000 	C:\Program Files\Java\javafx-sdk-18.0.1\bin\api-ms-win-crt-locale-l1-1-0.dll
0x0000023088680000 - 0x0000023088685000 	C:\Program Files\Java\javafx-sdk-18.0.1\bin\api-ms-win-crt-math-l1-1-0.dll
0x0000023088690000 - 0x0000023088695000 	C:\Program Files\Java\javafx-sdk-18.0.1\bin\api-ms-win-crt-multibyte-l1-1-0.dll
0x00000230886a0000 - 0x00000230886b0000 	C:\Program Files\Java\javafx-sdk-18.0.1\bin\api-ms-win-crt-private-l1-1-0.dll
0x00000230886b0000 - 0x00000230886b3000 	C:\Program Files\Java\javafx-sdk-18.0.1\bin\api-ms-win-crt-process-l1-1-0.dll
0x00000230886c0000 - 0x00000230886c4000 	C:\Program Files\Java\javafx-sdk-18.0.1\bin\api-ms-win-crt-runtime-l1-1-0.dll
0x00000230886d0000 - 0x00000230886d4000 	C:\Program Files\Java\javafx-sdk-18.0.1\bin\api-ms-win-crt-stdio-l1-1-0.dll
0x00000230886e0000 - 0x00000230886e4000 	C:\Program Files\Java\javafx-sdk-18.0.1\bin\api-ms-win-crt-string-l1-1-0.dll
0x00000230886f0000 - 0x00000230886f3000 	C:\Program Files\Java\javafx-sdk-18.0.1\bin\api-ms-win-crt-time-l1-1-0.dll
0x0000023088700000 - 0x0000023088703000 	C:\Program Files\Java\javafx-sdk-18.0.1\bin\api-ms-win-crt-utility-l1-1-0.dll
0x00007ffb5e460000 - 0x00007ffb5e55c000 	C:\Program Files\Java\javafx-sdk-18.0.1\bin\ucrtbase.dll
0x00007ffb8f770000 - 0x00007ffb8f78a000 	C:\Program Files\Java\javafx-sdk-18.0.1\bin\vcruntime140.dll
0x00007ffb8f710000 - 0x00007ffb8f71c000 	C:\Program Files\Java\javafx-sdk-18.0.1\bin\vcruntime140_1.dll
0x00007ffb5e3d0000 - 0x00007ffb5e45d000 	C:\Program Files\Java\javafx-sdk-18.0.1\bin\msvcp140.dll
0x00007ffb8bed0000 - 0x00007ffb8befc000 	C:\Program Files\Java\javafx-sdk-18.0.1\bin\prism_d3d.dll
0x00007ffb84830000 - 0x00007ffb849d6000 	C:\Windows\system32\d3d9.dll
0x00007ffb90cc0000 - 0x00007ffb90cef000 	C:\Windows\SYSTEM32\dwmapi.dll
0x00007ffb90b00000 - 0x00007ffb90b38000 	C:\Windows\SYSTEM32\dxcore.dll
0x00007ffb90520000 - 0x00007ffb905cc000 	C:\Windows\system32\uxtheme.dll
0x00007ffb89550000 - 0x00007ffb89657000 	C:\Windows\System32\DriverStore\FileRepository\nvltig.inf_amd64_ce837e92efe9cbc4\nvldumdx.dll
0x00007ffb92b50000 - 0x00007ffb92b62000 	C:\Windows\SYSTEM32\msasn1.dll
0x00007ffb8a910000 - 0x00007ffb8a941000 	C:\Windows\SYSTEM32\cryptnet.dll
0x00007ffb93a20000 - 0x00007ffb93b82000 	C:\Windows\System32\CRYPT32.dll
0x00007ffb89400000 - 0x00007ffb89549000 	C:\Windows\SYSTEM32\drvstore.dll
0x00007ffb92fd0000 - 0x00007ffb92ffc000 	C:\Windows\SYSTEM32\devobj.dll
0x00007ffb92f80000 - 0x00007ffb92fcc000 	C:\Windows\SYSTEM32\cfgmgr32.dll
0x00007ffb92bc0000 - 0x00007ffb92bfd000 	C:\Windows\SYSTEM32\wldp.dll
0x00007ffb92b10000 - 0x00007ffb92b1c000 	C:\Windows\SYSTEM32\cryptbase.dll
0x00007ffb93510000 - 0x00007ffb93577000 	C:\Windows\System32\WINTRUST.DLL
0x00007ffb95ba0000 - 0x00007ffb95bbf000 	C:\Windows\System32\imagehlp.dll
0x00007ffb92af0000 - 0x00007ffb92b08000 	C:\Windows\SYSTEM32\CRYPTSP.dll
0x00007ffb923e0000 - 0x00007ffb92415000 	C:\Windows\system32\rsaenh.dll
0x00007ffb92c70000 - 0x00007ffb92c97000 	C:\Windows\SYSTEM32\bcrypt.dll
0x00007ffb17d90000 - 0x00007ffb19518000 	C:\Windows\System32\DriverStore\FileRepository\nvltig.inf_amd64_ce837e92efe9cbc4\nvd3dumx.dll
0x00007ffb8d470000 - 0x00007ffb8d4b4000 	C:\Windows\SYSTEM32\directxdatabasehelper.dll
0x00007ffb90b80000 - 0x00007ffb90bb4000 	C:\Windows\SYSTEM32\ntmarta.dll
0x00007ffb5e1d0000 - 0x00007ffb5e212000 	C:\Program Files\Java\javafx-sdk-18.0.1\bin\glass.dll
0x00007ffb94800000 - 0x00007ffb948ec000 	C:\Windows\System32\COMDLG32.dll
0x00007ffb94b60000 - 0x00007ffb94cfa000 	C:\Windows\System32\ole32.dll
0x00007ffb94720000 - 0x00007ffb947f6000 	C:\Windows\System32\OLEAUT32.dll
0x00007ffb948f0000 - 0x00007ffb94a0e000 	C:\Windows\System32\MSCTF.dll
0x00007ffb24d20000 - 0x00007ffb24fe3000 	C:\Windows\system32\nvspcap64.dll
0x00007ffb92940000 - 0x00007ffb92964000 	C:\Windows\SYSTEM32\gpapi.dll
0x00007ffb7b760000 - 0x00007ffb7b78d000 	C:\Program Files\Java\javafx-sdk-18.0.1\bin\javafx_iio.dll
0x00007ffb72be0000 - 0x00007ffb72bf4000 	C:\Program Files\Java\javafx-sdk-18.0.1\bin\javafx_font.dll
0x00007ffb6e100000 - 0x00007ffb6e35f000 	C:\Windows\SYSTEM32\dwrite.dll
0x00007ffb94520000 - 0x00007ffb945cf000 	C:\Windows\System32\clbcatq.dll
0x00007ffb8acf0000 - 0x00007ffb8ae9e000 	C:\Windows\SYSTEM32\WindowsCodecs.dll
0x00007ffb6b0e0000 - 0x00007ffb6b13d000 	C:\Windows\system32\dataexchange.dll
0x00007ffb8a2d0000 - 0x00007ffb8a536000 	C:\Windows\system32\twinapi.appcore.dll
0x00007ffb5e190000 - 0x00007ffb5e1c2000 	C:\Program Files\Common Files\Microsoft Shared\Ink\rtscom.dll
0x00007ffb74c20000 - 0x00007ffb74d4d000 	C:\Windows\SYSTEM32\textinputframework.dll

dbghelp: loaded successfully - version: 4.0.5 - missing functions: none
symbol engine: initialized successfully - sym options: 0x614 - pdb path: .;C:\Program Files\Java\jdk-17.0.2\bin;C:\Windows\SYSTEM32;C:\Windows\WinSxS\amd64_microsoft.windows.common-controls_6595b64144ccf1df_6.0.22000.120_none_9d947278b86cc467;C:\Program Files\Java\jdk-17.0.2\bin\server;C:\Program Files\Java\javafx-sdk-18.0.1\bin;C:\Windows\System32\DriverStore\FileRepository\nvltig.inf_amd64_ce837e92efe9cbc4;C:\Program Files\Common Files\Microsoft Shared\Ink

VM Arguments:
jvm_args: -Dfile.encoding=UTF-8 --add-modules=javafx.controls,javafx.fxml --module-path=C:\Users\juanc\OneDrive\Documentos\Universidad 3\POO\HG_Performance\build\classes;C:\Program Files\Java\javafx-sdk-18.0.1\lib\javafx-swt.jar;C:\Program Files\Java\javafx-sdk-18.0.1\lib\javafx.base.jar;C:\Program Files\Java\javafx-sdk-18.0.1\lib\javafx.controls.jar;C:\Program Files\Java\javafx-sdk-18.0.1\lib\javafx.fxml.jar;C:\Program Files\Java\javafx-sdk-18.0.1\lib\javafx.graphics.jar;C:\Program Files\Java\javafx-sdk-18.0.1\lib\javafx.media.jar;C:\Program Files\Java\javafx-sdk-18.0.1\lib\javafx.swing.jar;C:\Program Files\Java\javafx-sdk-18.0.1\lib\javafx.web.jar 
java_command: start.HG_Performance
java_class_path (initial): C:\Program Files\Java\javafx-sdk-18.0.1\lib\javafx-swt.jar;C:\Program Files\Java\javafx-sdk-18.0.1\lib\javafx.base.jar;C:\Program Files\Java\javafx-sdk-18.0.1\lib\javafx.controls.jar;C:\Program Files\Java\javafx-sdk-18.0.1\lib\javafx.fxml.jar;C:\Program Files\Java\javafx-sdk-18.0.1\lib\javafx.graphics.jar;C:\Program Files\Java\javafx-sdk-18.0.1\lib\javafx.media.jar;C:\Program Files\Java\javafx-sdk-18.0.1\lib\javafx.swing.jar;C:\Program Files\Java\javafx-sdk-18.0.1\lib\javafx.web.jar;C:\Users\juanc\OneDrive\Documentos\Universidad 3\POO\HG_Performance\build\classes
Launcher Type: SUN_STANDARD

[Global flags]
     intx CICompilerCount                          = 12                                        {product} {ergonomic}
     uint ConcGCThreads                            = 3                                         {product} {ergonomic}
     uint G1ConcRefinementThreads                  = 13                                        {product} {ergonomic}
   size_t G1HeapRegionSize                         = 4194304                                   {product} {ergonomic}
    uintx GCDrainStackTargetSize                   = 64                                        {product} {ergonomic}
   size_t InitialHeapSize                          = 402653184                                 {product} {ergonomic}
   size_t MarkStackSize                            = 4194304                                   {product} {ergonomic}
   size_t MaxHeapSize                              = 6404702208                                {product} {ergonomic}
   size_t MaxNewSize                               = 3841982464                                {product} {ergonomic}
   size_t MinHeapDeltaBytes                        = 4194304                                   {product} {ergonomic}
   size_t MinHeapSize                              = 8388608                                   {product} {ergonomic}
    uintx NonNMethodCodeHeapSize                   = 7602480                                {pd product} {ergonomic}
    uintx NonProfiledCodeHeapSize                  = 122027880                              {pd product} {ergonomic}
    uintx ProfiledCodeHeapSize                     = 122027880                              {pd product} {ergonomic}
    uintx ReservedCodeCacheSize                    = 251658240                              {pd product} {ergonomic}
     bool SegmentedCodeCache                       = true                                      {product} {ergonomic}
   size_t SoftMaxHeapSize                          = 6404702208                             {manageable} {ergonomic}
     bool UseCompressedClassPointers               = true                           {product lp64_product} {ergonomic}
     bool UseCompressedOops                        = true                           {product lp64_product} {ergonomic}
     bool UseG1GC                                  = true                                      {product} {ergonomic}
     bool UseLargePagesIndividualAllocation        = false                                  {pd product} {ergonomic}

Logging:
Log output configuration:
 #0: stdout all=off uptime,level,tags
 #1: stderr all=off uptime,level,tags

Environment Variables:
PATH=C:\Program Files\Common Files\Oracle\Java\javapath;C:\Program Files (x86)\Common Files\Oracle\Java\javapath;C:\Windows\system32;C:\Windows;C:\Windows\System32\Wbem;C:\Windows\System32\WindowsPowerShell\v1.0\;C:\Windows\System32\OpenSSH\;C:\Program Files (x86)\NVIDIA Corporation\PhysX\Common;C:\Program Files\NVIDIA Corporation\NVIDIA NvDLISR;C:\Users\juanc\AppData\Local\Microsoft\WindowsApps;;C:\Users\juanc\AppData\Local\Programs\Microsoft VS Code\bin
USERNAME=juanc
OS=Windows_NT
PROCESSOR_IDENTIFIER=AMD64 Family 25 Model 80 Stepping 0, AuthenticAMD



---------------  S Y S T E M  ---------------

OS:
 Windows 11 , 64 bit Build 22000 (10.0.22000.613)
OS uptime: 0 days 1:25 hours

CPU: total 16 (initial active 16) (16 cores per cpu, 2 threads per core) family 25 model 80 stepping 0 microcode 0x0, cx8, cmov, fxsr, ht, mmx, 3dnowpref, sse, sse2, sse3, ssse3, sse4a, sse4.1, sse4.2, popcnt, lzcnt, tsc, tscinvbit, avx, avx2, aes, erms, clmul, bmi1, bmi2, adx, sha, fma, vzeroupper, clflush, clflushopt

Memory: 4k page, system-wide physical 24428M (15576M free)
TotalPageFile size 28012M (AvailPageFile size 15113M)
current process WorkingSet (physical memory assigned to process): 157M, peak: 179M
current process commit charge ("private bytes"): 593M, peak: 608M

vm_info: Java HotSpot(TM) 64-Bit Server VM (17.0.2+8-LTS-86) for windows-amd64 JRE (17.0.2+8-LTS-86), built on Dec  7 2021 21:51:03 by "mach5one" with MS VC++ 16.8 / 16.9 (VS2019)

END.
