#
# A fatal error has been detected by the Java Runtime Environment:
#
#  EXCEPTION_ACCESS_VIOLATION (0xc0000005) at pc=0x00007ffe6efb62d7, pid=11740, tid=8980
#
# JRE version: Java(TM) SE Runtime Environment (17.0.2+8) (build 17.0.2+8-LTS-86)
# Java VM: Java HotSpot(TM) 64-Bit Server VM (17.0.2+8-LTS-86, mixed mode, sharing, tiered, compressed oops, compressed class ptrs, g1 gc, windows-amd64)
# Problematic frame:
# C  [glass.dll+0x262d7]
#
# No core dump will be written. Minidumps are not enabled by default on client versions of Windows
#
# If you would like to submit a bug report, please visit:
#   https://bugreport.java.com/bugreport/crash.jsp
#

---------------  S U M M A R Y ------------

Command Line: -Dfile.encoding=UTF-8 --add-modules=javafx.controls,javafx.fxml --module-path=C:\Users\juanc\OneDrive\Documentos\Universidad 3\POO\SEATORA\build\classes;C:\Program Files\Java\javafx-sdk-18.0.1\lib\javafx-swt.jar;C:\Program Files\Java\javafx-sdk-18.0.1\lib\javafx.base.jar;C:\Program Files\Java\javafx-sdk-18.0.1\lib\javafx.controls.jar;C:\Program Files\Java\javafx-sdk-18.0.1\lib\javafx.fxml.jar;C:\Program Files\Java\javafx-sdk-18.0.1\lib\javafx.graphics.jar;C:\Program Files\Java\javafx-sdk-18.0.1\lib\javafx.media.jar;C:\Program Files\Java\javafx-sdk-18.0.1\lib\javafx.swing.jar;C:\Program Files\Java\javafx-sdk-18.0.1\lib\javafx.web.jar start.Seatora

Host: AMD Ryzen 7 5800H with Radeon Graphics         , 16 cores, 23G,  Windows 11 , 64 bit Build 22000 (10.0.22000.675)
Time: Thu May 26 07:03:29 2022 Hora est. Pacífico, Sudamérica elapsed time: 38.302853 seconds (0d 0h 0m 38s)

---------------  T H R E A D  ---------------

Current thread (0x00000278654cf610):  VMThread "VM Thread" [stack: 0x0000008cbd500000,0x0000008cbd600000] [id=8980]

Stack: [0x0000008cbd500000,0x0000008cbd600000],  sp=0x0000008cbd5ff360,  free space=1020k
Native frames: (J=compiled Java code, j=interpreted, Vv=VM code, C=native code)
C  [glass.dll+0x262d7]


siginfo: EXCEPTION_ACCESS_VIOLATION (0xc0000005), reading address 0x0000000000000000


Register to memory mapping:

RIP=0x00007ffe6efb62d7 glass.dll
RAX=0x0 is NULL
RBX=0x00000278654e32b0 is a global jni handle
RCX=0x00000278654cf610 points into unknown readable memory: 0x00007ffe0739e890 | 90 e8 39 07 fe 7f 00 00
RDX=0x0000008cbd5ff360 points into unknown readable memory: 0x0000000000000000 | 00 00 00 00 00 00 00 00
RSP=0x0000008cbd5ff360 points into unknown readable memory: 0x0000000000000000 | 00 00 00 00 00 00 00 00
RBP=0x0000027866af8178 points into unknown readable memory: 0x0000e95fb80236e9 | e9 36 02 b8 5f e9 00 00
RSI=0x0000027866af8150 points into unknown readable memory: 0xf66d515fb8fdca34 | 34 ca fd b8 5f 51 6d f6
RDI=0x0000e95fb80236e9 is an unknown value
R8 =0x0000000000010002 is an unknown value
R9 =0x0000e95fb80236e9 is an unknown value
R10=0x85f13e9656da4870 is an unknown value
R11=0x0000008cbd5ff2f0 points into unknown readable memory: 0x0000027866af8150 | 50 81 af 66 78 02 00 00
R12=0x00007ffe6efb3bc4 glass.dll
R13=0x00007ffe075449d0 jvm.dll
R14=0x0000008cbd5ff468 points into unknown readable memory: 0x0000008cbd5ff450 | 50 f4 5f bd 8c 00 00 00
R15=0x0000027866af8150 points into unknown readable memory: 0xf66d515fb8fdca34 | 34 ca fd b8 5f 51 6d f6


Registers:
RAX=0x0000000000000000, RBX=0x00000278654e32b0, RCX=0x00000278654cf610, RDX=0x0000008cbd5ff360
RSP=0x0000008cbd5ff360, RBP=0x0000027866af8178, RSI=0x0000027866af8150, RDI=0x0000e95fb80236e9
R8 =0x0000000000010002, R9 =0x0000e95fb80236e9, R10=0x85f13e9656da4870, R11=0x0000008cbd5ff2f0
R12=0x00007ffe6efb3bc4, R13=0x00007ffe075449d0, R14=0x0000008cbd5ff468, R15=0x0000027866af8150
RIP=0x00007ffe6efb62d7, EFLAGS=0x0000000000010202

Top of Stack: (sp=0x0000008cbd5ff360)
0x0000008cbd5ff360:   0000000000000000 0000027866af8150
0x0000008cbd5ff370:   00007ffe075449d0 00007ffe6efb3bc4
0x0000008cbd5ff380:   0000027866af8158 00007ffe99cdbea0
0x0000008cbd5ff390:   0000e95fb80236e9 0000027800000000
0x0000008cbd5ff3a0:   0000027866af8178 0000027866af8150
0x0000008cbd5ff3b0:   fffffffffffffffe 0000000000000000
0x0000008cbd5ff3c0:   0000000000000001 00007ffe6ef90000
0x0000008cbd5ff3d0:   0000008cbd5ff458 00007ffe99cdbdb7
0x0000008cbd5ff3e0:   0000000000000000 0000008cbd5ff468
0x0000008cbd5ff3f0:   0000008cbd5ff740 00007ffe99dc12b0
0x0000008cbd5ff400:   0000000000000001 00007ffe99cdbd6d
0x0000008cbd5ff410:   0000000000000000 0000000000000001
0x0000008cbd5ff420:   0000000000000000 0000008cbd5ff458
0x0000008cbd5ff430:   fffffffffffffffe 0000008c00000000
0x0000008cbd5ff440:   ffffffff00000001 00007ffe6efb3a51
0x0000008cbd5ff450:   00007ffe6efc9f88 00007ffe00000002 

Instructions: (pc=0x00007ffe6efb62d7)
0x00007ffe6efb61d7:   8b 4d 58 e8 2d cf ff ff 48 8b 4d 60 e8 24 cf ff
0x00007ffe6efb61e7:   ff 48 8b 95 80 00 00 00 48 8b 8d 18 01 00 00 e8
0x00007ffe6efb61f7:   16 c4 ff ff 33 d2 33 c9 e8 5c e1 ff ff 90 48 89
0x00007ffe6efb6207:   54 24 10 55 48 83 ec 20 48 8b ea 48 b8 00 00 00
0x00007ffe6efb6217:   00 00 00 00 00 48 83 c4 20 5d c3 cc 40 55 48 8b
0x00007ffe6efb6227:   ea 48 8b 01 33 c9 81 38 05 00 00 c0 0f 94 c1 8b
0x00007ffe6efb6237:   c1 5d c3 cc 40 55 48 83 ec 20 48 8b ea 8a 4d 40
0x00007ffe6efb6247:   48 83 c4 20 5d e9 17 d3 ff ff cc 40 55 48 83 ec
0x00007ffe6efb6257:   20 48 8b ea 8a 4d 20 e8 05 d3 ff ff 90 48 83 c4
0x00007ffe6efb6267:   20 5d c3 cc 40 55 48 83 ec 20 48 8b ea 48 83 c4
0x00007ffe6efb6277:   20 5d e9 66 d1 ff ff cc 40 55 48 83 ec 30 48 8b
0x00007ffe6efb6287:   ea 48 8b 01 8b 10 48 89 4c 24 28 89 54 24 20 4c
0x00007ffe6efb6297:   8d 0d 07 d6 ff ff 4c 8b 45 70 8b 55 68 48 8b 4d
0x00007ffe6efb62a7:   60 e8 a7 d0 ff ff 90 48 83 c4 30 5d c3 cc cc cc
0x00007ffe6efb62b7:   cc cc cc cc cc cc cc cc cc 40 53 48 83 ec 20 48
0x00007ffe6efb62c7:   8b 1d bb 36 01 00 48 85 db 74 16 e8 59 8b ff ff
0x00007ffe6efb62d7:   4c 8b 00 48 8b d3 48 8b c8 41 ff 90 b0 00 00 00
0x00007ffe6efb62e7:   90 48 83 c4 20 5b c3 cc cc 40 53 48 83 ec 20 48
0x00007ffe6efb62f7:   8b 1d 2b 38 01 00 48 85 db 74 57 b8 ff ff ff ff
0x00007ffe6efb6307:   f0 0f c1 43 10 83 f8 01 75 3d 48 85 db 74 38 48
0x00007ffe6efb6317:   8b 0b 48 85 c9 74 0d ff 15 84 0f 00 00 48 c7 03
0x00007ffe6efb6327:   00 00 00 00 48 8b 4b 08 48 85 c9 74 0d e8 d3 cd
0x00007ffe6efb6337:   ff ff 48 c7 43 08 00 00 00 00 ba 18 00 00 00 48
0x00007ffe6efb6347:   8b cb e8 be cd ff ff 48 c7 05 cf 37 01 00 00 00
0x00007ffe6efb6357:   00 00 48 83 c4 20 5b c3 cc 40 53 48 83 ec 20 48
0x00007ffe6efb6367:   8b 1d 9b 37 01 00 48 85 db 74 57 b8 ff ff ff ff
0x00007ffe6efb6377:   f0 0f c1 43 10 83 f8 01 75 3d 48 85 db 74 38 48
0x00007ffe6efb6387:   8b 0b 48 85 c9 74 0d ff 15 14 0f 00 00 48 c7 03
0x00007ffe6efb6397:   00 00 00 00 48 8b 4b 08 48 85 c9 74 0d e8 63 cd
0x00007ffe6efb63a7:   ff ff 48 c7 43 08 00 00 00 00 ba 18 00 00 00 48
0x00007ffe6efb63b7:   8b cb e8 4e cd ff ff 48 c7 05 3f 37 01 00 00 00
0x00007ffe6efb63c7:   00 00 48 83 c4 20 5b c3 cc 40 53 48 83 ec 20 48 


Stack slot to memory mapping:
stack at sp + 0 slots: 0x0 is NULL
stack at sp + 1 slots: 0x0000027866af8150 points into unknown readable memory: 0xf66d515fb8fdca34 | 34 ca fd b8 5f 51 6d f6
stack at sp + 2 slots: 0x00007ffe075449d0 jvm.dll
stack at sp + 3 slots: 0x00007ffe6efb3bc4 glass.dll
stack at sp + 4 slots: 0x0000027866af8158 points into unknown readable memory: 0x0000e95fb80236e9 | e9 36 02 b8 5f e9 00 00
stack at sp + 5 slots: 0x00007ffe99cdbea0 ucrtbase.dll
stack at sp + 6 slots: 0x0000e95fb80236e9 is an unknown value
stack at sp + 7 slots: 0x0000027800000000 is an unknown value

VM_Operation (0x0000008cbedf60f0): Exit, mode: safepoint, requested by thread 0x0000027866b042a0


---------------  P R O C E S S  ---------------

Threads class SMR info:
_java_thread_list=0x00000278709fc300, length=19, elements={
0x000002783d11e150, 0x00000278654d3100, 0x00000278654d5d80, 0x00000278654e90e0,
0x00000278654e9a90, 0x00000278654ea440, 0x00000278654eadf0, 0x00000278654ef080,
0x00000278654f7b30, 0x0000027865503d10, 0x00000278654bf400, 0x00000278664feea0,
0x00000278661ae310, 0x0000027866dd7450, 0x0000027866b042a0, 0x00000278670e7c20,
0x00000278671088f0, 0x00000278675fd0d0, 0x0000027871a4c6d0
}

Java Threads: ( => current thread )
  0x000002783d11e150 JavaThread "main" [_thread_blocked, id=6680, stack(0x0000008cbcf00000,0x0000008cbd000000)]
  0x00000278654d3100 JavaThread "Reference Handler" daemon [_thread_blocked, id=15528, stack(0x0000008cbd600000,0x0000008cbd700000)]
  0x00000278654d5d80 JavaThread "Finalizer" daemon [_thread_blocked, id=14792, stack(0x0000008cbd700000,0x0000008cbd800000)]
  0x00000278654e90e0 JavaThread "Signal Dispatcher" daemon [_thread_blocked, id=9292, stack(0x0000008cbd800000,0x0000008cbd900000)]
  0x00000278654e9a90 JavaThread "Attach Listener" daemon [_thread_blocked, id=2832, stack(0x0000008cbd900000,0x0000008cbda00000)]
  0x00000278654ea440 JavaThread "Service Thread" daemon [_thread_blocked, id=15568, stack(0x0000008cbda00000,0x0000008cbdb00000)]
  0x00000278654eadf0 JavaThread "Monitor Deflation Thread" daemon [_thread_blocked, id=18504, stack(0x0000008cbdb00000,0x0000008cbdc00000)]
  0x00000278654ef080 JavaThread "C2 CompilerThread0" daemon [_thread_blocked, id=6764, stack(0x0000008cbdc00000,0x0000008cbdd00000)]
  0x00000278654f7b30 JavaThread "C1 CompilerThread0" daemon [_thread_blocked, id=15888, stack(0x0000008cbdd00000,0x0000008cbde00000)]
  0x0000027865503d10 JavaThread "Sweeper thread" daemon [_thread_blocked, id=5216, stack(0x0000008cbde00000,0x0000008cbdf00000)]
  0x00000278654bf400 JavaThread "Common-Cleaner" daemon [_thread_blocked, id=10912, stack(0x0000008cbe000000,0x0000008cbe100000)]
  0x00000278664feea0 JavaThread "Notification Thread" daemon [_thread_blocked, id=9908, stack(0x0000008cbe800000,0x0000008cbe900000)]
  0x00000278661ae310 JavaThread "QuantumRenderer-0" daemon [_thread_blocked, id=19772, stack(0x0000008cbea00000,0x0000008cbeb00000)]
  0x0000027866dd7450 JavaThread "InvokeLaterDispatcher" daemon [_thread_blocked, id=10708, stack(0x0000008cbec00000,0x0000008cbed00000)]
  0x0000027866b042a0 JavaThread "JavaFX Application Thread" [_thread_blocked, id=12968, stack(0x0000008cbed00000,0x0000008cbee00000)]
  0x00000278670e7c20 JavaThread "JavaFX-Launcher" [_thread_blocked, id=7844, stack(0x0000008cbe600000,0x0000008cbe700000)]
  0x00000278671088f0 JavaThread "Thread-2" daemon [_thread_in_native, id=3720, stack(0x0000008cbe500000,0x0000008cbe600000)]
  0x00000278675fd0d0 JavaThread "Prism Font Disposer" daemon [_thread_blocked, id=4964, stack(0x0000008cbf800000,0x0000008cbf900000)]
  0x0000027871a4c6d0 JavaThread "Cleaner-0" daemon [_thread_blocked, id=9748, stack(0x0000008cbfce0000,0x0000008cbfde0000)]

Other Threads:
=>0x00000278654cf610 VMThread "VM Thread" [stack: 0x0000008cbd500000,0x0000008cbd600000] [id=8980]
  0x000002783d17fe50 GCTaskThread "GC Thread#0" [stack: 0x0000008cbd000000,0x0000008cbd100000] [id=3796]
  0x00000278671095e0 GCTaskThread "GC Thread#1" [stack: 0x0000008cbe700000,0x0000008cbe800000] [id=18900]
  0x0000027866f15570 GCTaskThread "GC Thread#2" [stack: 0x0000008cbef00000,0x0000008cbf000000] [id=11808]
  0x0000027866f16040 GCTaskThread "GC Thread#3" [stack: 0x0000008cbf000000,0x0000008cbf100000] [id=10588]
  0x00000278671da460 GCTaskThread "GC Thread#4" [stack: 0x0000008cbf100000,0x0000008cbf200000] [id=8360]
  0x00000278671da710 GCTaskThread "GC Thread#5" [stack: 0x0000008cbf200000,0x0000008cbf300000] [id=9336]
  0x00000278671da9c0 GCTaskThread "GC Thread#6" [stack: 0x0000008cbf300000,0x0000008cbf400000] [id=7600]
  0x00000278671dac70 GCTaskThread "GC Thread#7" [stack: 0x0000008cbf400000,0x0000008cbf500000] [id=19112]
  0x00000278670f8b10 GCTaskThread "GC Thread#8" [stack: 0x0000008cbf500000,0x0000008cbf600000] [id=18896]
  0x00000278700cd950 GCTaskThread "GC Thread#9" [stack: 0x0000008cbf600000,0x0000008cbf700000] [id=1132]
  0x00000278700cbe70 GCTaskThread "GC Thread#10" [stack: 0x0000008cbf700000,0x0000008cbf800000] [id=1412]
  0x000002783d18cb60 ConcurrentGCThread "G1 Main Marker" terminated
  0x000002783d18dc10 ConcurrentGCThread "G1 Conc#0" [stack: 0x0000008cbd200000,0x0000008cbd300000] [id=17480]
  0x000002783d1f7430 ConcurrentGCThread "G1 Refine#0" terminated
  0x00000278653924c0 ConcurrentGCThread "G1 Service" terminated

Threads with active compile tasks:

VM state: at safepoint (shutting down)

VM Mutex/Monitor currently owned by a thread:  ([mutex/lock_event])
[0x000002783d119df0] Threads_lock - owner thread: 0x00000278654cf610
[0x000002783d11ad20] Heap_lock - owner thread: 0x0000027866b042a0

Heap address: 0x0000000682400000, size: 6108 MB, Compressed Oops mode: Zero based, Oop shift amount: 3

CDS archive(s) mapped at: [0x0000000800000000-0x0000000800bc0000-0x0000000800bc0000), size 12320768, SharedBaseAddress: 0x0000000800000000, ArchiveRelocationMode: 0.
Compressed class space mapped at: 0x0000000800c00000-0x0000000840c00000, reserved size: 1073741824
Narrow klass base: 0x0000000800000000, Narrow klass shift: 0, Narrow klass range: 0x100000000

GC Precious Log:
 CPUs: 16 total, 16 available
 Memory: 24428M
 Large Page Support: Disabled
 NUMA Support: Disabled
 Compressed Oops: Enabled (Zero based)
 Heap Region Size: 4M
 Heap Min Capacity: 8M
 Heap Initial Capacity: 384M
 Heap Max Capacity: 6108M
 Pre-touch: Disabled
 Parallel Workers: 13
 Concurrent Workers: 3
 Concurrent Refinement Workers: 13
 Periodic GC: Disabled

Heap:
 garbage-first heap   total 393216K, used 41646K [0x0000000682400000, 0x0000000800000000)
  region size 4096K, 7 young (28672K), 2 survivors (8192K)
 Metaspace       used 15752K, committed 16000K, reserved 1064960K
  class space    used 2281K, committed 2368K, reserved 1048576K

Heap Regions: E=young(eden), S=young(survivor), O=old, HS=humongous(starts), HC=humongous(continues), CS=collection set, F=free, OA=open archive, CA=closed archive, TAMS=top-at-mark-start (previous, next)
|   0|0x0000000682400000, 0x0000000682800000, 0x0000000682800000|100%|HS|  |TAMS 0x0000000682400000, 0x0000000682400000| Complete 
|   1|0x0000000682800000, 0x0000000682c00000, 0x0000000682c00000|100%|HS|  |TAMS 0x0000000682800000, 0x0000000682800000| Complete 
|   2|0x0000000682c00000, 0x0000000683000000, 0x0000000683000000|100%|HS|  |TAMS 0x0000000682c00000, 0x0000000682c00000| Complete 
|   3|0x0000000683000000, 0x00000006830ab800, 0x0000000683400000| 16%| O|  |TAMS 0x0000000683000000, 0x0000000683000000| Untracked 
|   4|0x0000000683400000, 0x0000000683800000, 0x0000000683800000|100%|HS|  |TAMS 0x0000000683400000, 0x0000000683400000| Complete 
|   5|0x0000000683800000, 0x0000000683800000, 0x0000000683c00000|  0%| F|  |TAMS 0x0000000683800000, 0x0000000683800000| Untracked 
|   6|0x0000000683c00000, 0x0000000683c00000, 0x0000000684000000|  0%| F|  |TAMS 0x0000000683c00000, 0x0000000683c00000| Untracked 
|   7|0x0000000684000000, 0x0000000684000000, 0x0000000684400000|  0%| F|  |TAMS 0x0000000684000000, 0x0000000684000000| Untracked 
|   8|0x0000000684400000, 0x0000000684400000, 0x0000000684800000|  0%| F|  |TAMS 0x0000000684400000, 0x0000000684400000| Untracked 
|   9|0x0000000684800000, 0x0000000684800000, 0x0000000684c00000|  0%| F|  |TAMS 0x0000000684800000, 0x0000000684800000| Untracked 
|  10|0x0000000684c00000, 0x0000000684c00000, 0x0000000685000000|  0%| F|  |TAMS 0x0000000684c00000, 0x0000000684c00000| Untracked 
|  11|0x0000000685000000, 0x0000000685000000, 0x0000000685400000|  0%| F|  |TAMS 0x0000000685000000, 0x0000000685000000| Untracked 
|  12|0x0000000685400000, 0x0000000685400000, 0x0000000685800000|  0%| F|  |TAMS 0x0000000685400000, 0x0000000685400000| Untracked 
|  13|0x0000000685800000, 0x0000000685800000, 0x0000000685c00000|  0%| F|  |TAMS 0x0000000685800000, 0x0000000685800000| Untracked 
|  14|0x0000000685c00000, 0x0000000685c00000, 0x0000000686000000|  0%| F|  |TAMS 0x0000000685c00000, 0x0000000685c00000| Untracked 
|  15|0x0000000686000000, 0x0000000686000000, 0x0000000686400000|  0%| F|  |TAMS 0x0000000686000000, 0x0000000686000000| Untracked 
|  16|0x0000000686400000, 0x0000000686400000, 0x0000000686800000|  0%| F|  |TAMS 0x0000000686400000, 0x0000000686400000| Untracked 
|  17|0x0000000686800000, 0x0000000686800000, 0x0000000686c00000|  0%| F|  |TAMS 0x0000000686800000, 0x0000000686800000| Untracked 
|  18|0x0000000686c00000, 0x0000000686c00000, 0x0000000687000000|  0%| F|  |TAMS 0x0000000686c00000, 0x0000000686c00000| Untracked 
|  19|0x0000000687000000, 0x0000000687000000, 0x0000000687400000|  0%| F|  |TAMS 0x0000000687000000, 0x0000000687000000| Untracked 
|  20|0x0000000687400000, 0x0000000687400000, 0x0000000687800000|  0%| F|  |TAMS 0x0000000687400000, 0x0000000687400000| Untracked 
|  21|0x0000000687800000, 0x0000000687800000, 0x0000000687c00000|  0%| F|  |TAMS 0x0000000687800000, 0x0000000687800000| Untracked 
|  22|0x0000000687c00000, 0x0000000687c00000, 0x0000000688000000|  0%| F|  |TAMS 0x0000000687c00000, 0x0000000687c00000| Untracked 
|  23|0x0000000688000000, 0x0000000688000000, 0x0000000688400000|  0%| F|  |TAMS 0x0000000688000000, 0x0000000688000000| Untracked 
|  24|0x0000000688400000, 0x0000000688400000, 0x0000000688800000|  0%| F|  |TAMS 0x0000000688400000, 0x0000000688400000| Untracked 
|  25|0x0000000688800000, 0x0000000688800000, 0x0000000688c00000|  0%| F|  |TAMS 0x0000000688800000, 0x0000000688800000| Untracked 
|  26|0x0000000688c00000, 0x0000000688c00000, 0x0000000689000000|  0%| F|  |TAMS 0x0000000688c00000, 0x0000000688c00000| Untracked 
|  27|0x0000000689000000, 0x0000000689000000, 0x0000000689400000|  0%| F|  |TAMS 0x0000000689000000, 0x0000000689000000| Untracked 
|  28|0x0000000689400000, 0x0000000689400000, 0x0000000689800000|  0%| F|  |TAMS 0x0000000689400000, 0x0000000689400000| Untracked 
|  29|0x0000000689800000, 0x0000000689800000, 0x0000000689c00000|  0%| F|  |TAMS 0x0000000689800000, 0x0000000689800000| Untracked 
|  30|0x0000000689c00000, 0x0000000689c00000, 0x000000068a000000|  0%| F|  |TAMS 0x0000000689c00000, 0x0000000689c00000| Untracked 
|  31|0x000000068a000000, 0x000000068a000000, 0x000000068a400000|  0%| F|  |TAMS 0x000000068a000000, 0x000000068a000000| Untracked 
|  32|0x000000068a400000, 0x000000068a400000, 0x000000068a800000|  0%| F|  |TAMS 0x000000068a400000, 0x000000068a400000| Untracked 
|  33|0x000000068a800000, 0x000000068a800000, 0x000000068ac00000|  0%| F|  |TAMS 0x000000068a800000, 0x000000068a800000| Untracked 
|  34|0x000000068ac00000, 0x000000068ac00000, 0x000000068b000000|  0%| F|  |TAMS 0x000000068ac00000, 0x000000068ac00000| Untracked 
|  35|0x000000068b000000, 0x000000068b000000, 0x000000068b400000|  0%| F|  |TAMS 0x000000068b000000, 0x000000068b000000| Untracked 
|  36|0x000000068b400000, 0x000000068b400000, 0x000000068b800000|  0%| F|  |TAMS 0x000000068b400000, 0x000000068b400000| Untracked 
|  37|0x000000068b800000, 0x000000068b800000, 0x000000068bc00000|  0%| F|  |TAMS 0x000000068b800000, 0x000000068b800000| Untracked 
|  38|0x000000068bc00000, 0x000000068bc00000, 0x000000068c000000|  0%| F|  |TAMS 0x000000068bc00000, 0x000000068bc00000| Untracked 
|  39|0x000000068c000000, 0x000000068c000000, 0x000000068c400000|  0%| F|  |TAMS 0x000000068c000000, 0x000000068c000000| Untracked 
|  40|0x000000068c400000, 0x000000068c400000, 0x000000068c800000|  0%| F|  |TAMS 0x000000068c400000, 0x000000068c400000| Untracked 
|  41|0x000000068c800000, 0x000000068c800000, 0x000000068cc00000|  0%| F|  |TAMS 0x000000068c800000, 0x000000068c800000| Untracked 
|  42|0x000000068cc00000, 0x000000068cc00000, 0x000000068d000000|  0%| F|  |TAMS 0x000000068cc00000, 0x000000068cc00000| Untracked 
|  43|0x000000068d000000, 0x000000068d000000, 0x000000068d400000|  0%| F|  |TAMS 0x000000068d000000, 0x000000068d000000| Untracked 
|  44|0x000000068d400000, 0x000000068d400000, 0x000000068d800000|  0%| F|  |TAMS 0x000000068d400000, 0x000000068d400000| Untracked 
|  45|0x000000068d800000, 0x000000068d800000, 0x000000068dc00000|  0%| F|  |TAMS 0x000000068d800000, 0x000000068d800000| Untracked 
|  46|0x000000068dc00000, 0x000000068dc00000, 0x000000068e000000|  0%| F|  |TAMS 0x000000068dc00000, 0x000000068dc00000| Untracked 
|  47|0x000000068e000000, 0x000000068e000000, 0x000000068e400000|  0%| F|  |TAMS 0x000000068e000000, 0x000000068e000000| Untracked 
|  48|0x000000068e400000, 0x000000068e400000, 0x000000068e800000|  0%| F|  |TAMS 0x000000068e400000, 0x000000068e400000| Untracked 
|  49|0x000000068e800000, 0x000000068e800000, 0x000000068ec00000|  0%| F|  |TAMS 0x000000068e800000, 0x000000068e800000| Untracked 
|  50|0x000000068ec00000, 0x000000068ec00000, 0x000000068f000000|  0%| F|  |TAMS 0x000000068ec00000, 0x000000068ec00000| Untracked 
|  51|0x000000068f000000, 0x000000068f000000, 0x000000068f400000|  0%| F|  |TAMS 0x000000068f000000, 0x000000068f000000| Untracked 
|  52|0x000000068f400000, 0x000000068f400000, 0x000000068f800000|  0%| F|  |TAMS 0x000000068f400000, 0x000000068f400000| Untracked 
|  53|0x000000068f800000, 0x000000068f800000, 0x000000068fc00000|  0%| F|  |TAMS 0x000000068f800000, 0x000000068f800000| Untracked 
|  54|0x000000068fc00000, 0x000000068fc00000, 0x0000000690000000|  0%| F|  |TAMS 0x000000068fc00000, 0x000000068fc00000| Untracked 
|  55|0x0000000690000000, 0x0000000690000000, 0x0000000690400000|  0%| F|  |TAMS 0x0000000690000000, 0x0000000690000000| Untracked 
|  56|0x0000000690400000, 0x0000000690400000, 0x0000000690800000|  0%| F|  |TAMS 0x0000000690400000, 0x0000000690400000| Untracked 
|  57|0x0000000690800000, 0x0000000690800000, 0x0000000690c00000|  0%| F|  |TAMS 0x0000000690800000, 0x0000000690800000| Untracked 
|  58|0x0000000690c00000, 0x0000000690c00000, 0x0000000691000000|  0%| F|  |TAMS 0x0000000690c00000, 0x0000000690c00000| Untracked 
|  59|0x0000000691000000, 0x0000000691000000, 0x0000000691400000|  0%| F|  |TAMS 0x0000000691000000, 0x0000000691000000| Untracked 
|  60|0x0000000691400000, 0x0000000691400000, 0x0000000691800000|  0%| F|  |TAMS 0x0000000691400000, 0x0000000691400000| Untracked 
|  61|0x0000000691800000, 0x0000000691800000, 0x0000000691c00000|  0%| F|  |TAMS 0x0000000691800000, 0x0000000691800000| Untracked 
|  62|0x0000000691c00000, 0x0000000691c00000, 0x0000000692000000|  0%| F|  |TAMS 0x0000000691c00000, 0x0000000691c00000| Untracked 
|  63|0x0000000692000000, 0x0000000692000000, 0x0000000692400000|  0%| F|  |TAMS 0x0000000692000000, 0x0000000692000000| Untracked 
|  64|0x0000000692400000, 0x0000000692400000, 0x0000000692800000|  0%| F|  |TAMS 0x0000000692400000, 0x0000000692400000| Untracked 
|  65|0x0000000692800000, 0x0000000692800000, 0x0000000692c00000|  0%| F|  |TAMS 0x0000000692800000, 0x0000000692800000| Untracked 
|  66|0x0000000692c00000, 0x0000000692c00000, 0x0000000693000000|  0%| F|  |TAMS 0x0000000692c00000, 0x0000000692c00000| Untracked 
|  67|0x0000000693000000, 0x0000000693000000, 0x0000000693400000|  0%| F|  |TAMS 0x0000000693000000, 0x0000000693000000| Untracked 
|  68|0x0000000693400000, 0x0000000693400000, 0x0000000693800000|  0%| F|  |TAMS 0x0000000693400000, 0x0000000693400000| Untracked 
|  69|0x0000000693800000, 0x0000000693800000, 0x0000000693c00000|  0%| F|  |TAMS 0x0000000693800000, 0x0000000693800000| Untracked 
|  70|0x0000000693c00000, 0x0000000693c00000, 0x0000000694000000|  0%| F|  |TAMS 0x0000000693c00000, 0x0000000693c00000| Untracked 
|  71|0x0000000694000000, 0x0000000694000000, 0x0000000694400000|  0%| F|  |TAMS 0x0000000694000000, 0x0000000694000000| Untracked 
|  72|0x0000000694400000, 0x0000000694400000, 0x0000000694800000|  0%| F|  |TAMS 0x0000000694400000, 0x0000000694400000| Untracked 
|  73|0x0000000694800000, 0x0000000694800000, 0x0000000694c00000|  0%| F|  |TAMS 0x0000000694800000, 0x0000000694800000| Untracked 
|  74|0x0000000694c00000, 0x0000000694c00000, 0x0000000695000000|  0%| F|  |TAMS 0x0000000694c00000, 0x0000000694c00000| Untracked 
|  75|0x0000000695000000, 0x0000000695000000, 0x0000000695400000|  0%| F|  |TAMS 0x0000000695000000, 0x0000000695000000| Untracked 
|  76|0x0000000695400000, 0x0000000695400000, 0x0000000695800000|  0%| F|  |TAMS 0x0000000695400000, 0x0000000695400000| Untracked 
|  77|0x0000000695800000, 0x0000000695800000, 0x0000000695c00000|  0%| F|  |TAMS 0x0000000695800000, 0x0000000695800000| Untracked 
|  78|0x0000000695c00000, 0x0000000695c00000, 0x0000000696000000|  0%| F|  |TAMS 0x0000000695c00000, 0x0000000695c00000| Untracked 
|  79|0x0000000696000000, 0x0000000696000000, 0x0000000696400000|  0%| F|  |TAMS 0x0000000696000000, 0x0000000696000000| Untracked 
|  80|0x0000000696400000, 0x0000000696400000, 0x0000000696800000|  0%| F|  |TAMS 0x0000000696400000, 0x0000000696400000| Untracked 
|  81|0x0000000696800000, 0x0000000696800000, 0x0000000696c00000|  0%| F|  |TAMS 0x0000000696800000, 0x0000000696800000| Untracked 
|  82|0x0000000696c00000, 0x0000000696c00000, 0x0000000697000000|  0%| F|  |TAMS 0x0000000696c00000, 0x0000000696c00000| Untracked 
|  83|0x0000000697000000, 0x0000000697400000, 0x0000000697400000|100%| S|CS|TAMS 0x0000000697000000, 0x0000000697000000| Complete 
|  84|0x0000000697400000, 0x0000000697800000, 0x0000000697800000|100%| S|CS|TAMS 0x0000000697400000, 0x0000000697400000| Complete 
|  85|0x0000000697800000, 0x0000000697800000, 0x0000000697c00000|  0%| F|  |TAMS 0x0000000697800000, 0x0000000697800000| Untracked 
|  86|0x0000000697c00000, 0x0000000697c00000, 0x0000000698000000|  0%| F|  |TAMS 0x0000000697c00000, 0x0000000697c00000| Untracked 
|  87|0x0000000698000000, 0x0000000698000000, 0x0000000698400000|  0%| F|  |TAMS 0x0000000698000000, 0x0000000698000000| Untracked 
|  88|0x0000000698400000, 0x0000000698400000, 0x0000000698800000|  0%| F|  |TAMS 0x0000000698400000, 0x0000000698400000| Untracked 
|  89|0x0000000698800000, 0x0000000698800000, 0x0000000698c00000|  0%| F|  |TAMS 0x0000000698800000, 0x0000000698800000| Untracked 
|  90|0x0000000698c00000, 0x0000000698c00000, 0x0000000699000000|  0%| F|  |TAMS 0x0000000698c00000, 0x0000000698c00000| Untracked 
|  91|0x0000000699000000, 0x0000000699336a50, 0x0000000699400000| 80%| E|  |TAMS 0x0000000699000000, 0x0000000699000000| Complete 
|  92|0x0000000699400000, 0x0000000699800000, 0x0000000699800000|100%| E|CS|TAMS 0x0000000699400000, 0x0000000699400000| Complete 
|  93|0x0000000699800000, 0x0000000699c00000, 0x0000000699c00000|100%| E|CS|TAMS 0x0000000699800000, 0x0000000699800000| Complete 
|  94|0x0000000699c00000, 0x000000069a000000, 0x000000069a000000|100%| E|CS|TAMS 0x0000000699c00000, 0x0000000699c00000| Complete 
|  95|0x000000069a000000, 0x000000069a400000, 0x000000069a400000|100%| E|CS|TAMS 0x000000069a000000, 0x000000069a000000| Complete 

Card table byte_map: [0x0000027854df0000,0x00000278559e0000] _byte_map_base: 0x00000278519de000

Marking Bits (Prev, Next): (CMBitMap*) 0x000002783d180360, (CMBitMap*) 0x000002783d1803a0
 Prev Bits: [0x00000278565d0000, 0x000002785c540000)
 Next Bits: [0x000002785c540000, 0x00000278624b0000)

Polling page: 0x000002783c900000

Metaspace:

Usage:
  Non-class:     13.15 MB used.
      Class:      2.23 MB used.
       Both:     15.38 MB used.

Virtual space:
  Non-class space:       16.00 MB reserved,      13.31 MB ( 83%) committed,  2 nodes.
      Class space:        1.00 GB reserved,       2.31 MB ( <1%) committed,  1 nodes.
             Both:        1.02 GB reserved,      15.62 MB (  2%) committed. 

Chunk freelists:
   Non-Class:  2.22 MB
       Class:  1.52 MB
        Both:  3.74 MB

MaxMetaspaceSize: unlimited
CompressedClassSpaceSize: 1.00 GB
Initial GC threshold: 21.00 MB
Current GC threshold: 21.00 MB
CDS: on
MetaspaceReclaimPolicy: balanced
 - commit_granule_bytes: 65536.
 - commit_granule_words: 8192.
 - virtual_space_node_default_size: 1048576.
 - enlarge_chunks_in_place: 1.
 - new_chunks_are_fully_committed: 0.
 - uncommit_free_chunks: 1.
 - use_allocation_guard: 0.
 - handle_deallocations: 1.


Internal statistics:

num_allocs_failed_limit: 0.
num_arena_births: 202.
num_arena_deaths: 0.
num_vsnodes_births: 3.
num_vsnodes_deaths: 0.
num_space_committed: 250.
num_space_uncommitted: 0.
num_chunks_returned_to_freelist: 0.
num_chunks_taken_from_freelist: 724.
num_chunk_merges: 0.
num_chunk_splits: 517.
num_chunks_enlarged: 413.
num_purges: 0.
num_inconsistent_stats: 0.

CodeHeap 'non-profiled nmethods': size=119168Kb used=1275Kb max_used=1275Kb free=117892Kb
 bounds [0x000002784c520000, 0x000002784c790000, 0x0000027853980000]
CodeHeap 'profiled nmethods': size=119104Kb used=5820Kb max_used=5820Kb free=113283Kb
 bounds [0x00000278450d0000, 0x0000027845680000, 0x000002784c520000]
CodeHeap 'non-nmethods': size=7488Kb used=1425Kb max_used=3173Kb free=6063Kb
 bounds [0x0000027844980000, 0x0000027844ca0000, 0x00000278450d0000]
 total_blobs=3868 nmethods=3085 adapters=695
 compilation: enabled
              stopped_count=0, restarted_count=0
 full_count=0

Compilation events (20 events):
Event: 37.673 Thread 0x00000278654f7b30 3069       3       com.sun.scenario.animation.AbstractPrimaryTimer::nanos (37 bytes)
Event: 37.673 Thread 0x00000278654f7b30 nmethod 3069 0x000002784567ad90 code [0x000002784567af40, 0x000002784567b158]
Event: 37.681 Thread 0x00000278654f7b30 3074       3       java.lang.invoke.LambdaForm::returnType (26 bytes)
Event: 37.681 Thread 0x00000278654f7b30 nmethod 3074 0x000002784567b210 code [0x000002784567b3c0, 0x000002784567b578]
Event: 37.681 Thread 0x00000278654f7b30 3075       3       sun.invoke.util.BytecodeDescriptor::unparseMethod (66 bytes)
Event: 37.682 Thread 0x00000278654f7b30 nmethod 3075 0x000002784567b690 code [0x000002784567b8c0, 0x000002784567bf48]
Event: 37.682 Thread 0x00000278654f7b30 3076       3       sun.invoke.util.Wrapper::isDoubleWord (15 bytes)
Event: 37.682 Thread 0x00000278654f7b30 nmethod 3076 0x000002784567c210 code [0x000002784567c3a0, 0x000002784567c518]
Event: 37.682 Thread 0x00000278654f7b30 3079       3       jdk.internal.org.objectweb.asm.MethodWriter::visitAnnotation (40 bytes)
Event: 37.682 Thread 0x00000278654f7b30 nmethod 3079 0x000002784567c590 code [0x000002784567c740, 0x000002784567ca18]
Event: 37.682 Thread 0x00000278654f7b30 3080       3       jdk.internal.org.objectweb.asm.AnnotationWriter::create (34 bytes)
Event: 37.682 Thread 0x00000278654f7b30 nmethod 3080 0x000002784567cb10 code [0x000002784567cd00, 0x000002784567d1b8]
Event: 37.682 Thread 0x00000278654f7b30 3081       3       jdk.internal.org.objectweb.asm.AnnotationWriter::<init> (60 bytes)
Event: 37.682 Thread 0x00000278654f7b30 nmethod 3081 0x000002784567d390 code [0x000002784567d560, 0x000002784567d988]
Event: 37.682 Thread 0x00000278654f7b30 3082       3       jdk.internal.org.objectweb.asm.AnnotationVisitor::<init> (7 bytes)
Event: 37.682 Thread 0x00000278654f7b30 nmethod 3082 0x000002784567db10 code [0x000002784567dcc0, 0x000002784567de08]
Event: 37.682 Thread 0x00000278654f7b30 3083       3       jdk.internal.org.objectweb.asm.AnnotationVisitor::<init> (88 bytes)
Event: 37.683 Thread 0x00000278654f7b30 nmethod 3083 0x000002784567de90 code [0x000002784567e0e0, 0x000002784567e9c8]
Event: 37.683 Thread 0x00000278654f7b30 3084       3       jdk.internal.org.objectweb.asm.AnnotationWriter::visitEnd (44 bytes)
Event: 37.683 Thread 0x00000278654f7b30 nmethod 3084 0x000002784567ec90 code [0x000002784567ee20, 0x000002784567efd8]

GC Heap History (4 events):
Event: 0.307 GC heap before
{Heap before GC invocations=0 (full 0):
 garbage-first heap   total 393216K, used 16384K [0x0000000682400000, 0x0000000800000000)
  region size 4096K, 5 young (20480K), 0 survivors (0K)
 Metaspace       used 4525K, committed 4672K, reserved 1056768K
  class space    used 515K, committed 576K, reserved 1048576K
}
Event: 0.309 GC heap after
{Heap after GC invocations=1 (full 0):
 garbage-first heap   total 393216K, used 2785K [0x0000000682400000, 0x0000000800000000)
  region size 4096K, 1 young (4096K), 1 survivors (4096K)
 Metaspace       used 4525K, committed 4672K, reserved 1056768K
  class space    used 515K, committed 576K, reserved 1048576K
}
Event: 1.770 GC heap before
{Heap before GC invocations=1 (full 0):
 garbage-first heap   total 393216K, used 51937K [0x0000000682400000, 0x0000000800000000)
  region size 4096K, 11 young (45056K), 1 survivors (4096K)
 Metaspace       used 14414K, committed 14656K, reserved 1064960K
  class space    used 2141K, committed 2240K, reserved 1048576K
}
Event: 1.774 GC heap after
{Heap after GC invocations=2 (full 0):
 garbage-first heap   total 393216K, used 21166K [0x0000000682400000, 0x0000000800000000)
  region size 4096K, 2 young (8192K), 2 survivors (8192K)
 Metaspace       used 14414K, committed 14656K, reserved 1064960K
  class space    used 2141K, committed 2240K, reserved 1048576K
}

Deoptimization events (20 events):
Event: 36.782 Thread 0x0000027866b042a0 Uncommon trap: trap_request=0xffffff45 fr.pc=0x000002784c5a13dc relative=0x000000000000005c
Event: 36.782 Thread 0x0000027866b042a0 Uncommon trap: reason=unstable_if action=reinterpret pc=0x000002784c5a13dc method=java.util.Objects.equals(Ljava/lang/Object;Ljava/lang/Object;)Z @ 6 c2
Event: 36.782 Thread 0x0000027866b042a0 DEOPT PACKING pc=0x000002784c5a13dc sp=0x0000008cbedf5060
Event: 36.782 Thread 0x0000027866b042a0 DEOPT UNPACKING pc=0x00000278449d23a3 sp=0x0000008cbedf5000 mode 2
Event: 36.784 Thread 0x0000027866b042a0 Uncommon trap: trap_request=0xffffffc6 fr.pc=0x000002784c64cd80 relative=0x00000000000000c0
Event: 36.784 Thread 0x0000027866b042a0 Uncommon trap: reason=bimorphic_or_optimized_type_check action=maybe_recompile pc=0x000002784c64cd80 method=javafx.beans.property.DoublePropertyBase.get()D @ 23 c2
Event: 36.784 Thread 0x0000027866b042a0 DEOPT PACKING pc=0x000002784c64cd80 sp=0x0000008cbedf5620
Event: 36.784 Thread 0x0000027866b042a0 DEOPT UNPACKING pc=0x00000278449d23a3 sp=0x0000008cbedf55b0 mode 2
Event: 36.786 Thread 0x0000027866b042a0 Uncommon trap: trap_request=0xffffff45 fr.pc=0x000002784c5bc2bc relative=0x0000000000000f1c
Event: 36.786 Thread 0x0000027866b042a0 Uncommon trap: reason=unstable_if action=reinterpret pc=0x000002784c5bc2bc method=java.util.concurrent.ConcurrentHashMap.putVal(Ljava/lang/Object;Ljava/lang/Object;Z)Ljava/lang/Object; @ 148 c2
Event: 36.786 Thread 0x0000027866b042a0 DEOPT PACKING pc=0x000002784c5bc2bc sp=0x0000008cbedf4310
Event: 36.786 Thread 0x0000027866b042a0 DEOPT UNPACKING pc=0x00000278449d23a3 sp=0x0000008cbedf4290 mode 2
Event: 36.788 Thread 0x0000027866b042a0 Uncommon trap: trap_request=0xffffff45 fr.pc=0x000002784c539a4c relative=0x000000000000022c
Event: 36.788 Thread 0x0000027866b042a0 Uncommon trap: reason=unstable_if action=reinterpret pc=0x000002784c539a4c method=java.lang.StringLatin1.lastIndexOf([BI[BII)I @ 86 c2
Event: 36.788 Thread 0x0000027866b042a0 DEOPT PACKING pc=0x000002784c539a4c sp=0x0000008cbedf42d0
Event: 36.788 Thread 0x0000027866b042a0 DEOPT UNPACKING pc=0x00000278449d23a3 sp=0x0000008cbedf4118 mode 2
Event: 36.788 Thread 0x0000027866b042a0 Uncommon trap: trap_request=0xffffff45 fr.pc=0x000002784c53db30 relative=0x0000000000000210
Event: 36.788 Thread 0x0000027866b042a0 Uncommon trap: reason=unstable_if action=reinterpret pc=0x000002784c53db30 method=java.lang.StringLatin1.lastIndexOf([BI[BII)I @ 86 c2
Event: 36.788 Thread 0x0000027866b042a0 DEOPT PACKING pc=0x000002784c53db30 sp=0x0000008cbedf4300
Event: 36.788 Thread 0x0000027866b042a0 DEOPT UNPACKING pc=0x00000278449d23a3 sp=0x0000008cbedf41e0 mode 2

Classes unloaded (0 events):
No events

Classes redefined (0 events):
No events

Internal exceptions (20 events):
Event: 0.511 Thread 0x0000027866b042a0 Implicit null exception at 0x000002784c5878b4 to 0x000002784c587d94
Event: 0.511 Thread 0x0000027866b042a0 Implicit null exception at 0x000002784c580a0b to 0x000002784c580e34
Event: 0.516 Thread 0x0000027866b042a0 Implicit null exception at 0x000002784c54042f to 0x000002784c5405f0
Event: 0.570 Thread 0x0000027866b042a0 Exception <a 'java/lang/NoSuchMethodError'{0x00000006989dc608}: 'void java.lang.invoke.DirectMethodHandle$Holder.invokeSpecial(java.lang.Object, java.lang.Object, java.lang.Object, java.lang.Object, java.lang.Object)'> (0x00000006989dc608) 
thrown [t:\workspace\open\src\hotspot\share\interpreter\linkResolver.cpp, line 766]
Event: 0.571 Thread 0x0000027866b042a0 Exception <a 'java/lang/NoSuchMethodError'{0x00000006989f1090}: 'java.lang.Object java.lang.invoke.DirectMethodHandle$Holder.invokeInterface(java.lang.Object, java.lang.Object, java.lang.Object)'> (0x00000006989f1090) 
thrown [t:\workspace\open\src\hotspot\share\interpreter\linkResolver.cpp, line 766]
Event: 0.571 Thread 0x0000027866b042a0 Exception <a 'java/lang/IncompatibleClassChangeError'{0x00000006989f4a18}: Found class java.lang.Object, but interface was expected> (0x00000006989f4a18) 
thrown [t:\workspace\open\src\hotspot\share\interpreter\linkResolver.cpp, line 833]
Event: 0.608 Thread 0x0000027866b042a0 Exception <a 'java/lang/NoSuchMethodError'{0x0000000698be51e0}: 'java.lang.Object java.lang.invoke.DirectMethodHandle$Holder.newInvokeSpecial(java.lang.Object, java.lang.Object, int)'> (0x0000000698be51e0) 
thrown [t:\workspace\open\src\hotspot\share\interpreter\linkResolver.cpp, line 766]
Event: 0.622 Thread 0x00000278661ae310 Exception <a 'java/lang/NoSuchMethodError'{0x00000006984f6638}: 'int java.lang.invoke.DirectMethodHandle$Holder.invokeStaticInit(java.lang.Object, java.lang.Object)'> (0x00000006984f6638) 
thrown [t:\workspace\open\src\hotspot\share\interpreter\linkResolver.cpp, line 766]
Event: 1.526 Thread 0x0000027866b042a0 Exception <a 'java/lang/NoSuchMethodError'{0x00000006981a0538}: 'long java.lang.invoke.DirectMethodHandle$Holder.invokeStatic(java.lang.Object, java.lang.Object, java.lang.Object)'> (0x00000006981a0538) 
thrown [t:\workspace\open\src\hotspot\share\interpreter\linkResolver.cpp, line 766]
Event: 1.526 Thread 0x0000027866b042a0 Exception <a 'java/lang/NoSuchMethodError'{0x00000006981a3ce0}: 'long java.lang.invoke.DirectMethodHandle$Holder.invokeStaticInit(java.lang.Object, java.lang.Object, java.lang.Object)'> (0x00000006981a3ce0) 
thrown [t:\workspace\open\src\hotspot\share\interpreter\linkResolver.cpp, line 766]
Event: 1.528 Thread 0x0000027866b042a0 Exception <a 'java/lang/NoSuchMethodError'{0x00000006981bb8e8}: 'java.lang.Object java.lang.invoke.DirectMethodHandle$Holder.newInvokeSpecial(java.lang.Object, java.lang.Object, long)'> (0x00000006981bb8e8) 
thrown [t:\workspace\open\src\hotspot\share\interpreter\linkResolver.cpp, line 766]
Event: 1.528 Thread 0x0000027866b042a0 Exception <a 'java/lang/NoSuchMethodError'{0x00000006981bf458}: 'java.lang.Object java.lang.invoke.Invokers$Holder.linkToTargetMethod(java.lang.Object, long, java.lang.Object)'> (0x00000006981bf458) 
thrown [t:\workspace\open\src\hotspot\share\interpreter\linkResolver.cpp, line 766]
Event: 1.709 Thread 0x0000027866b042a0 Exception <a 'java/lang/ClassNotFoundException'{0x0000000697df0938}: com/sun/javafx/scene/control/skin/resources/controls> (0x0000000697df0938) 
thrown [t:\workspace\open\src\hotspot\share\prims\jni.cpp, line 535]
Event: 1.710 Thread 0x0000027866b042a0 Exception <a 'java/lang/ClassNotFoundException'{0x0000000697dfebd0}: com/sun/javafx/scene/control/skin/resources/controls_es> (0x0000000697dfebd0) 
thrown [t:\workspace\open\src\hotspot\share\prims\jni.cpp, line 535]
Event: 1.710 Thread 0x0000027866b042a0 Exception <a 'java/lang/ClassNotFoundException'{0x0000000697e0cb28}: com/sun/javafx/scene/control/skin/resources/controls_es_CO> (0x0000000697e0cb28) 
thrown [t:\workspace\open\src\hotspot\share\prims\jni.cpp, line 535]
Event: 3.686 Thread 0x0000027866b042a0 Exception <a 'java/lang/reflect/InvocationTargetException'{0x000000069a144460}> (0x000000069a144460) 
thrown [t:\workspace\open\src\hotspot\share\runtime\reflection.cpp, line 1121]
Event: 36.339 Thread 0x0000027866b042a0 Implicit null exception at 0x000002784c641bef to 0x000002784c64230c
Event: 37.681 Thread 0x0000027866b042a0 Exception <a 'java/lang/NoSuchMethodError'{0x00000006997f2f20}: 'java.lang.Object java.lang.invoke.DirectMethodHandle$Holder.newInvokeSpecial(java.lang.Object, java.lang.Object, int, int, int, int, int, java.lang.Object)'> (0x00000006997f2f20) 
thrown [t:\workspace\open\src\hotspot\share\interpreter\linkResolver.cpp, line 766]
Event: 37.682 Thread 0x0000027866b042a0 Exception <a 'java/lang/NoSuchMethodError'{0x00000006990073c8}: 'java.lang.Object java.lang.invoke.DirectMethodHandle$Holder.newInvokeSpecial(java.lang.Object, java.lang.Object, java.lang.Object, int, int, int, int, int)'> (0x00000006990073c8) 
thrown [t:\workspace\open\src\hotspot\share\interpreter\linkResolver.cpp, line 766]
Event: 37.682 Thread 0x0000027866b042a0 Exception <a 'java/lang/NoSuchMethodError'{0x000000069900fc18}: 'java.lang.Object java.lang.invoke.Invokers$Holder.linkToTargetMethod(java.lang.Object, java.lang.Object, int, int, int, int, int, java.lang.Object)'> (0x000000069900fc18) 
thrown [t:\workspace\open\src\hotspot\share\interpreter\linkResolver.cpp, line 766]

VM Operations (20 events):
Event: 1.774 Executing VM operation: G1CollectForAllocation done
Event: 3.774 Executing VM operation: Cleanup
Event: 3.774 Executing VM operation: Cleanup done
Event: 5.774 Executing VM operation: Cleanup
Event: 5.774 Executing VM operation: Cleanup done
Event: 13.775 Executing VM operation: Cleanup
Event: 13.775 Executing VM operation: Cleanup done
Event: 15.775 Executing VM operation: Cleanup
Event: 15.776 Executing VM operation: Cleanup done
Event: 18.776 Executing VM operation: Cleanup
Event: 18.776 Executing VM operation: Cleanup done
Event: 20.776 Executing VM operation: Cleanup
Event: 20.776 Executing VM operation: Cleanup done
Event: 35.843 Executing VM operation: Cleanup
Event: 35.843 Executing VM operation: Cleanup done
Event: 36.775 Executing VM operation: HandshakeAllThreads
Event: 36.775 Executing VM operation: HandshakeAllThreads done
Event: 37.779 Executing VM operation: Cleanup
Event: 37.779 Executing VM operation: Cleanup done
Event: 37.794 Executing VM operation: Exit

Events (20 events):
Event: 36.788 loading class sun/util/resources/BreakIteratorResourceBundle done
Event: 36.788 loading class sun/text/resources/BreakIteratorResources done
Event: 36.788 loading class sun/util/resources/Bundles$2
Event: 36.788 loading class sun/util/resources/Bundles$2 done
Event: 36.789 loading class sun/text/RuleBasedBreakIterator
Event: 36.789 loading class sun/text/RuleBasedBreakIterator done
Event: 36.789 loading class sun/text/CompactByteArray
Event: 36.789 loading class sun/text/CompactByteArray done
Event: 36.789 loading class sun/text/SupplementaryCharacterData
Event: 36.789 loading class sun/text/SupplementaryCharacterData done
Event: 36.789 loading class java/text/BreakIterator$BreakIteratorCache
Event: 36.789 loading class java/text/BreakIterator$BreakIteratorCache done
Event: 37.082 Thread 0x0000027867186150 Thread exited: 0x0000027867186150
Event: 37.490 Thread 0x0000027867187080 Thread exited: 0x0000027867187080
Event: 37.490 Thread 0x0000027867187590 Thread exited: 0x0000027867187590
Event: 37.501 Thread 0x0000027867185c40 Thread exited: 0x0000027867185c40
Event: 37.793 Thread 0x0000027871a4cba0 Thread added: 0x0000027871a4cba0
Event: 37.793 Thread 0x0000027871a4c200 Thread added: 0x0000027871a4c200
Event: 37.794 Thread 0x0000027871a4cba0 Thread exited: 0x0000027871a4cba0
Event: 37.794 Thread 0x0000027871a4c200 Thread exited: 0x0000027871a4c200


Dynamic libraries:
0x00007ff62ea40000 - 0x00007ff62ea50000 	C:\Program Files\Java\jdk-17.0.2\bin\java.exe
0x00007ffe9c380000 - 0x00007ffe9c589000 	C:\Windows\SYSTEM32\ntdll.dll
0x00007ffe9acd0000 - 0x00007ffe9ad8d000 	C:\Windows\System32\KERNEL32.DLL
0x00007ffe99de0000 - 0x00007ffe9a159000 	C:\Windows\System32\KERNELBASE.dll
0x00007ffe99cc0000 - 0x00007ffe99dd1000 	C:\Windows\System32\ucrtbase.dll
0x00007ffe93dd0000 - 0x00007ffe93dea000 	C:\Program Files\Java\jdk-17.0.2\bin\VCRUNTIME140.dll
0x00007ffe96950000 - 0x00007ffe96968000 	C:\Program Files\Java\jdk-17.0.2\bin\jli.dll
0x00007ffe9b9c0000 - 0x00007ffe9ba6e000 	C:\Windows\System32\ADVAPI32.dll
0x00007ffe9bfe0000 - 0x00007ffe9c083000 	C:\Windows\System32\msvcrt.dll
0x00007ffe9a510000 - 0x00007ffe9a5ae000 	C:\Windows\System32\sechost.dll
0x00007ffe9b540000 - 0x00007ffe9b660000 	C:\Windows\System32\RPCRT4.dll
0x00007ffe9a5b0000 - 0x00007ffe9a75c000 	C:\Windows\System32\USER32.dll
0x00007ffe8b040000 - 0x00007ffe8b2e5000 	C:\Windows\WinSxS\amd64_microsoft.windows.common-controls_6595b64144ccf1df_6.0.22000.120_none_9d947278b86cc467\COMCTL32.dll
0x00007ffe99b20000 - 0x00007ffe99b46000 	C:\Windows\System32\win32u.dll
0x00007ffe9b780000 - 0x00007ffe9b7a9000 	C:\Windows\System32\GDI32.dll
0x00007ffe99a00000 - 0x00007ffe99b12000 	C:\Windows\System32\gdi32full.dll
0x00007ffe99870000 - 0x00007ffe9990d000 	C:\Windows\System32\msvcp_win.dll
0x00007ffe92d20000 - 0x00007ffe92d2a000 	C:\Windows\SYSTEM32\VERSION.dll
0x00007ffe9b890000 - 0x00007ffe9b8c1000 	C:\Windows\System32\IMM32.DLL
0x00007ffe77680000 - 0x00007ffe7768c000 	C:\Program Files\Java\jdk-17.0.2\bin\vcruntime140_1.dll
0x00007ffe15110000 - 0x00007ffe1519d000 	C:\Program Files\Java\jdk-17.0.2\bin\msvcp140.dll
0x00007ffe06a20000 - 0x00007ffe075e1000 	C:\Program Files\Java\jdk-17.0.2\bin\server\jvm.dll
0x00007ffe9ba70000 - 0x00007ffe9ba78000 	C:\Windows\System32\PSAPI.DLL
0x00007ffe96650000 - 0x00007ffe96659000 	C:\Windows\SYSTEM32\WSOCK32.dll
0x00007ffe92d50000 - 0x00007ffe92d83000 	C:\Windows\SYSTEM32\WINMM.dll
0x00007ffe9a230000 - 0x00007ffe9a29f000 	C:\Windows\System32\WS2_32.dll
0x00007ffe98a60000 - 0x00007ffe98a78000 	C:\Windows\SYSTEM32\kernel.appcore.dll
0x00007ffe77670000 - 0x00007ffe7767a000 	C:\Program Files\Java\jdk-17.0.2\bin\jimage.dll
0x00007ffe96e60000 - 0x00007ffe97081000 	C:\Windows\SYSTEM32\DBGHELP.DLL
0x00007ffe822a0000 - 0x00007ffe822d1000 	C:\Windows\SYSTEM32\dbgcore.DLL
0x00007ffe99910000 - 0x00007ffe9998f000 	C:\Windows\System32\bcryptPrimitives.dll
0x00007ffe6fac0000 - 0x00007ffe6fae5000 	C:\Program Files\Java\jdk-17.0.2\bin\java.dll
0x00007ffe4b880000 - 0x00007ffe4b956000 	C:\Program Files\Java\jdk-17.0.2\bin\jsvml.dll
0x00007ffe9ad90000 - 0x00007ffe9b53f000 	C:\Windows\System32\SHELL32.dll
0x00007ffe979f0000 - 0x00007ffe98258000 	C:\Windows\SYSTEM32\windows.storage.dll
0x00007ffe9a830000 - 0x00007ffe9aba8000 	C:\Windows\System32\combase.dll
0x00007ffe97880000 - 0x00007ffe979e6000 	C:\Windows\SYSTEM32\wintypes.dll
0x00007ffe9bef0000 - 0x00007ffe9bfda000 	C:\Windows\System32\SHCORE.dll
0x00007ffe9a760000 - 0x00007ffe9a7bd000 	C:\Windows\System32\shlwapi.dll
0x00007ffe997a0000 - 0x00007ffe997c1000 	C:\Windows\SYSTEM32\profapi.dll
0x00007ffe6ef70000 - 0x00007ffe6ef89000 	C:\Program Files\Java\jdk-17.0.2\bin\net.dll
0x00007ffe93fb0000 - 0x00007ffe940bc000 	C:\Windows\SYSTEM32\WINHTTP.dll
0x00007ffe98e90000 - 0x00007ffe98ef7000 	C:\Windows\system32\mswsock.dll
0x00007ffe6ede0000 - 0x00007ffe6edf6000 	C:\Program Files\Java\jdk-17.0.2\bin\nio.dll
0x00007ffe658c0000 - 0x00007ffe658d8000 	C:\Program Files\Java\jdk-17.0.2\bin\zip.dll
0x000002783d080000 - 0x000002783d083000 	C:\Program Files\Java\javafx-sdk-18.0.1\bin\api-ms-win-core-console-l1-1-0.dll
0x000002783d090000 - 0x000002783d093000 	C:\Program Files\Java\javafx-sdk-18.0.1\bin\api-ms-win-core-console-l1-2-0.dll
0x000002783d0a0000 - 0x000002783d0a3000 	C:\Program Files\Java\javafx-sdk-18.0.1\bin\api-ms-win-core-datetime-l1-1-0.dll
0x000002783d0b0000 - 0x000002783d0b3000 	C:\Program Files\Java\javafx-sdk-18.0.1\bin\api-ms-win-core-debug-l1-1-0.dll
0x000002783d0c0000 - 0x000002783d0c3000 	C:\Program Files\Java\javafx-sdk-18.0.1\bin\api-ms-win-core-errorhandling-l1-1-0.dll
0x000002783d0d0000 - 0x000002783d0d4000 	C:\Program Files\Java\javafx-sdk-18.0.1\bin\api-ms-win-core-file-l1-1-0.dll
0x000002783d0e0000 - 0x000002783d0e3000 	C:\Program Files\Java\javafx-sdk-18.0.1\bin\api-ms-win-core-file-l1-2-0.dll
0x000002783d0f0000 - 0x000002783d0f3000 	C:\Program Files\Java\javafx-sdk-18.0.1\bin\api-ms-win-core-file-l2-1-0.dll
0x0000027865660000 - 0x0000027865663000 	C:\Program Files\Java\javafx-sdk-18.0.1\bin\api-ms-win-core-handle-l1-1-0.dll
0x0000027865670000 - 0x0000027865673000 	C:\Program Files\Java\javafx-sdk-18.0.1\bin\api-ms-win-core-heap-l1-1-0.dll
0x0000027865680000 - 0x0000027865683000 	C:\Program Files\Java\javafx-sdk-18.0.1\bin\api-ms-win-core-interlocked-l1-1-0.dll
0x0000027865690000 - 0x0000027865693000 	C:\Program Files\Java\javafx-sdk-18.0.1\bin\api-ms-win-core-libraryloader-l1-1-0.dll
0x00000278656a0000 - 0x00000278656a3000 	C:\Program Files\Java\javafx-sdk-18.0.1\bin\api-ms-win-core-localization-l1-2-0.dll
0x00000278656b0000 - 0x00000278656b3000 	C:\Program Files\Java\javafx-sdk-18.0.1\bin\api-ms-win-core-memory-l1-1-0.dll
0x00000278656c0000 - 0x00000278656c3000 	C:\Program Files\Java\javafx-sdk-18.0.1\bin\api-ms-win-core-namedpipe-l1-1-0.dll
0x00000278656d0000 - 0x00000278656d3000 	C:\Program Files\Java\javafx-sdk-18.0.1\bin\api-ms-win-core-processenvironment-l1-1-0.dll
0x00000278656e0000 - 0x00000278656e3000 	C:\Program Files\Java\javafx-sdk-18.0.1\bin\api-ms-win-core-processthreads-l1-1-0.dll
0x00000278656f0000 - 0x00000278656f3000 	C:\Program Files\Java\javafx-sdk-18.0.1\bin\api-ms-win-core-processthreads-l1-1-1.dll
0x0000027865700000 - 0x0000027865703000 	C:\Program Files\Java\javafx-sdk-18.0.1\bin\api-ms-win-core-profile-l1-1-0.dll
0x0000027865710000 - 0x0000027865713000 	C:\Program Files\Java\javafx-sdk-18.0.1\bin\api-ms-win-core-rtlsupport-l1-1-0.dll
0x0000027865720000 - 0x0000027865723000 	C:\Program Files\Java\javafx-sdk-18.0.1\bin\api-ms-win-core-string-l1-1-0.dll
0x0000027865730000 - 0x0000027865733000 	C:\Program Files\Java\javafx-sdk-18.0.1\bin\api-ms-win-core-synch-l1-1-0.dll
0x0000027865740000 - 0x0000027865743000 	C:\Program Files\Java\javafx-sdk-18.0.1\bin\api-ms-win-core-synch-l1-2-0.dll
0x0000027865750000 - 0x0000027865753000 	C:\Program Files\Java\javafx-sdk-18.0.1\bin\api-ms-win-core-sysinfo-l1-1-0.dll
0x0000027865760000 - 0x0000027865763000 	C:\Program Files\Java\javafx-sdk-18.0.1\bin\api-ms-win-core-timezone-l1-1-0.dll
0x0000027865770000 - 0x0000027865773000 	C:\Program Files\Java\javafx-sdk-18.0.1\bin\api-ms-win-core-util-l1-1-0.dll
0x0000027865780000 - 0x0000027865783000 	C:\Program Files\Java\javafx-sdk-18.0.1\bin\api-ms-win-crt-conio-l1-1-0.dll
0x0000027865790000 - 0x0000027865794000 	C:\Program Files\Java\javafx-sdk-18.0.1\bin\api-ms-win-crt-convert-l1-1-0.dll
0x00000278657a0000 - 0x00000278657a3000 	C:\Program Files\Java\javafx-sdk-18.0.1\bin\api-ms-win-crt-environment-l1-1-0.dll
0x00000278657b0000 - 0x00000278657b3000 	C:\Program Files\Java\javafx-sdk-18.0.1\bin\api-ms-win-crt-filesystem-l1-1-0.dll
0x00000278657c0000 - 0x00000278657c3000 	C:\Program Files\Java\javafx-sdk-18.0.1\bin\api-ms-win-crt-heap-l1-1-0.dll
0x00000278657d0000 - 0x00000278657d3000 	C:\Program Files\Java\javafx-sdk-18.0.1\bin\api-ms-win-crt-locale-l1-1-0.dll
0x00000278657e0000 - 0x00000278657e5000 	C:\Program Files\Java\javafx-sdk-18.0.1\bin\api-ms-win-crt-math-l1-1-0.dll
0x00000278657f0000 - 0x00000278657f5000 	C:\Program Files\Java\javafx-sdk-18.0.1\bin\api-ms-win-crt-multibyte-l1-1-0.dll
0x0000027867bd0000 - 0x0000027867be0000 	C:\Program Files\Java\javafx-sdk-18.0.1\bin\api-ms-win-crt-private-l1-1-0.dll
0x0000027867be0000 - 0x0000027867be3000 	C:\Program Files\Java\javafx-sdk-18.0.1\bin\api-ms-win-crt-process-l1-1-0.dll
0x0000027867bf0000 - 0x0000027867bf4000 	C:\Program Files\Java\javafx-sdk-18.0.1\bin\api-ms-win-crt-runtime-l1-1-0.dll
0x0000027867c00000 - 0x0000027867c04000 	C:\Program Files\Java\javafx-sdk-18.0.1\bin\api-ms-win-crt-stdio-l1-1-0.dll
0x0000027867c10000 - 0x0000027867c14000 	C:\Program Files\Java\javafx-sdk-18.0.1\bin\api-ms-win-crt-string-l1-1-0.dll
0x0000027867c20000 - 0x0000027867c23000 	C:\Program Files\Java\javafx-sdk-18.0.1\bin\api-ms-win-crt-time-l1-1-0.dll
0x0000027867c30000 - 0x0000027867c33000 	C:\Program Files\Java\javafx-sdk-18.0.1\bin\api-ms-win-crt-utility-l1-1-0.dll
0x00007ffe14f10000 - 0x00007ffe1500c000 	C:\Program Files\Java\javafx-sdk-18.0.1\bin\ucrtbase.dll
0x00007ffe77920000 - 0x00007ffe7793a000 	C:\Program Files\Java\javafx-sdk-18.0.1\bin\vcruntime140.dll
0x00007ffe96940000 - 0x00007ffe9694c000 	C:\Program Files\Java\javafx-sdk-18.0.1\bin\vcruntime140_1.dll
0x00007ffe14e80000 - 0x00007ffe14f0d000 	C:\Program Files\Java\javafx-sdk-18.0.1\bin\msvcp140.dll
0x00007ffe73640000 - 0x00007ffe7366c000 	C:\Program Files\Java\javafx-sdk-18.0.1\bin\prism_d3d.dll
0x00007ffe8e9e0000 - 0x00007ffe8eb86000 	C:\Windows\system32\d3d9.dll
0x00007ffe97340000 - 0x00007ffe9736f000 	C:\Windows\SYSTEM32\dwmapi.dll
0x00007ffe970e0000 - 0x00007ffe97118000 	C:\Windows\SYSTEM32\dxcore.dll
0x00007ffe96ac0000 - 0x00007ffe96b6c000 	C:\Windows\system32\uxtheme.dll
0x00007ffe8f850000 - 0x00007ffe8f957000 	C:\Windows\System32\DriverStore\FileRepository\nvltig.inf_amd64_ce837e92efe9cbc4\nvldumdx.dll
0x00007ffe99130000 - 0x00007ffe99142000 	C:\Windows\SYSTEM32\msasn1.dll
0x00007ffe910a0000 - 0x00007ffe910d1000 	C:\Windows\SYSTEM32\cryptnet.dll
0x00007ffe99b50000 - 0x00007ffe99cb2000 	C:\Windows\System32\CRYPT32.dll
0x00007ffe8f470000 - 0x00007ffe8f5b9000 	C:\Windows\SYSTEM32\drvstore.dll
0x00007ffe99590000 - 0x00007ffe995bc000 	C:\Windows\SYSTEM32\devobj.dll
0x00007ffe99540000 - 0x00007ffe9958c000 	C:\Windows\SYSTEM32\cfgmgr32.dll
0x00007ffe991a0000 - 0x00007ffe991dd000 	C:\Windows\SYSTEM32\wldp.dll
0x00007ffe990d0000 - 0x00007ffe990dc000 	C:\Windows\SYSTEM32\cryptbase.dll
0x00007ffe99990000 - 0x00007ffe999f7000 	C:\Windows\System32\WINTRUST.DLL
0x00007ffe9b870000 - 0x00007ffe9b88f000 	C:\Windows\System32\imagehlp.dll
0x00007ffe990e0000 - 0x00007ffe990f8000 	C:\Windows\SYSTEM32\CRYPTSP.dll
0x00007ffe989c0000 - 0x00007ffe989f5000 	C:\Windows\system32\rsaenh.dll
0x00007ffe99250000 - 0x00007ffe99277000 	C:\Windows\SYSTEM32\bcrypt.dll
0x00007ffe1daa0000 - 0x00007ffe1f228000 	C:\Windows\System32\DriverStore\FileRepository\nvltig.inf_amd64_ce837e92efe9cbc4\nvd3dumx.dll
0x00007ffe93380000 - 0x00007ffe933c4000 	C:\Windows\SYSTEM32\directxdatabasehelper.dll
0x00007ffe97160000 - 0x00007ffe97194000 	C:\Windows\SYSTEM32\ntmarta.dll
0x00007ffe6ef90000 - 0x00007ffe6efd2000 	C:\Program Files\Java\javafx-sdk-18.0.1\bin\glass.dll
0x00007ffe9c090000 - 0x00007ffe9c17c000 	C:\Windows\System32\COMDLG32.dll
0x00007ffe9a350000 - 0x00007ffe9a4ea000 	C:\Windows\System32\ole32.dll
0x00007ffe9b8e0000 - 0x00007ffe9b9b6000 	C:\Windows\System32\OLEAUT32.dll
0x00007ffe9abb0000 - 0x00007ffe9acce000 	C:\Windows\System32\MSCTF.dll
0x00007ffe2aad0000 - 0x00007ffe2ad93000 	C:\Windows\system32\nvspcap64.dll
0x00007ffe98f20000 - 0x00007ffe98f44000 	C:\Windows\SYSTEM32\gpapi.dll
0x00007ffe73620000 - 0x00007ffe73634000 	C:\Program Files\Java\javafx-sdk-18.0.1\bin\javafx_font.dll
0x00007ffe732c0000 - 0x00007ffe7351f000 	C:\Windows\SYSTEM32\dwrite.dll
0x00007ffe9a2a0000 - 0x00007ffe9a34f000 	C:\Windows\System32\clbcatq.dll
0x00007ffe91120000 - 0x00007ffe912ce000 	C:\Windows\SYSTEM32\WindowsCodecs.dll
0x00007ffe71060000 - 0x00007ffe710bd000 	C:\Windows\system32\dataexchange.dll
0x00007ffe90580000 - 0x00007ffe907e6000 	C:\Windows\system32\twinapi.appcore.dll
0x00007ffe60f50000 - 0x00007ffe60f82000 	C:\Program Files\Common Files\Microsoft Shared\Ink\rtscom.dll
0x00007ffe7dd60000 - 0x00007ffe7de8d000 	C:\Windows\SYSTEM32\textinputframework.dll
0x00007ffe96510000 - 0x00007ffe96642000 	C:\Windows\SYSTEM32\CoreMessaging.dll

dbghelp: loaded successfully - version: 4.0.5 - missing functions: none
symbol engine: initialized successfully - sym options: 0x614 - pdb path: .;C:\Program Files\Java\jdk-17.0.2\bin;C:\Windows\SYSTEM32;C:\Windows\WinSxS\amd64_microsoft.windows.common-controls_6595b64144ccf1df_6.0.22000.120_none_9d947278b86cc467;C:\Program Files\Java\jdk-17.0.2\bin\server;C:\Program Files\Java\javafx-sdk-18.0.1\bin;C:\Windows\System32\DriverStore\FileRepository\nvltig.inf_amd64_ce837e92efe9cbc4;C:\Program Files\Common Files\Microsoft Shared\Ink

VM Arguments:
jvm_args: -Dfile.encoding=UTF-8 --add-modules=javafx.controls,javafx.fxml --module-path=C:\Users\juanc\OneDrive\Documentos\Universidad 3\POO\SEATORA\build\classes;C:\Program Files\Java\javafx-sdk-18.0.1\lib\javafx-swt.jar;C:\Program Files\Java\javafx-sdk-18.0.1\lib\javafx.base.jar;C:\Program Files\Java\javafx-sdk-18.0.1\lib\javafx.controls.jar;C:\Program Files\Java\javafx-sdk-18.0.1\lib\javafx.fxml.jar;C:\Program Files\Java\javafx-sdk-18.0.1\lib\javafx.graphics.jar;C:\Program Files\Java\javafx-sdk-18.0.1\lib\javafx.media.jar;C:\Program Files\Java\javafx-sdk-18.0.1\lib\javafx.swing.jar;C:\Program Files\Java\javafx-sdk-18.0.1\lib\javafx.web.jar 
java_command: start.Seatora
java_class_path (initial): C:\Program Files\Java\javafx-sdk-18.0.1\lib\javafx-swt.jar;C:\Program Files\Java\javafx-sdk-18.0.1\lib\javafx.base.jar;C:\Program Files\Java\javafx-sdk-18.0.1\lib\javafx.controls.jar;C:\Program Files\Java\javafx-sdk-18.0.1\lib\javafx.fxml.jar;C:\Program Files\Java\javafx-sdk-18.0.1\lib\javafx.graphics.jar;C:\Program Files\Java\javafx-sdk-18.0.1\lib\javafx.media.jar;C:\Program Files\Java\javafx-sdk-18.0.1\lib\javafx.swing.jar;C:\Program Files\Java\javafx-sdk-18.0.1\lib\javafx.web.jar;C:\Users\juanc\OneDrive\Documentos\Universidad 3\POO\SEATORA\build\classes
Launcher Type: SUN_STANDARD

[Global flags]
     intx CICompilerCount                          = 12                                        {product} {ergonomic}
     uint ConcGCThreads                            = 3                                         {product} {ergonomic}
     uint G1ConcRefinementThreads                  = 13                                        {product} {ergonomic}
   size_t G1HeapRegionSize                         = 4194304                                   {product} {ergonomic}
    uintx GCDrainStackTargetSize                   = 64                                        {product} {ergonomic}
   size_t InitialHeapSize                          = 402653184                                 {product} {ergonomic}
   size_t MarkStackSize                            = 4194304                                   {product} {ergonomic}
   size_t MaxHeapSize                              = 6404702208                                {product} {ergonomic}
   size_t MaxNewSize                               = 3841982464                                {product} {ergonomic}
   size_t MinHeapDeltaBytes                        = 4194304                                   {product} {ergonomic}
   size_t MinHeapSize                              = 8388608                                   {product} {ergonomic}
    uintx NonNMethodCodeHeapSize                   = 7602480                                {pd product} {ergonomic}
    uintx NonProfiledCodeHeapSize                  = 122027880                              {pd product} {ergonomic}
    uintx ProfiledCodeHeapSize                     = 122027880                              {pd product} {ergonomic}
    uintx ReservedCodeCacheSize                    = 251658240                              {pd product} {ergonomic}
     bool SegmentedCodeCache                       = true                                      {product} {ergonomic}
   size_t SoftMaxHeapSize                          = 6404702208                             {manageable} {ergonomic}
     bool UseCompressedClassPointers               = true                           {product lp64_product} {ergonomic}
     bool UseCompressedOops                        = true                           {product lp64_product} {ergonomic}
     bool UseG1GC                                  = true                                      {product} {ergonomic}
     bool UseLargePagesIndividualAllocation        = false                                  {pd product} {ergonomic}

Logging:
Log output configuration:
 #0: stdout all=off uptime,level,tags
 #1: stderr all=off uptime,level,tags

Environment Variables:
PATH=C:\Program Files\Common Files\Oracle\Java\javapath;C:\Program Files (x86)\Common Files\Oracle\Java\javapath;C:\Windows\system32;C:\Windows;C:\Windows\System32\Wbem;C:\Windows\System32\WindowsPowerShell\v1.0\;C:\Windows\System32\OpenSSH\;C:\Program Files (x86)\NVIDIA Corporation\PhysX\Common;C:\Program Files\NVIDIA Corporation\NVIDIA NvDLISR;C:\Users\juanc\AppData\Local\Microsoft\WindowsApps;;C:\Users\juanc\AppData\Local\Programs\Microsoft VS Code\bin
USERNAME=juanc
OS=Windows_NT
PROCESSOR_IDENTIFIER=AMD64 Family 25 Model 80 Stepping 0, AuthenticAMD



---------------  S Y S T E M  ---------------

OS:
 Windows 11 , 64 bit Build 22000 (10.0.22000.675)
OS uptime: 0 days 0:10 hours

CPU: total 16 (initial active 16) (16 cores per cpu, 2 threads per core) family 25 model 80 stepping 0 microcode 0x0, cx8, cmov, fxsr, ht, mmx, 3dnowpref, sse, sse2, sse3, ssse3, sse4a, sse4.1, sse4.2, popcnt, lzcnt, tsc, tscinvbit, avx, avx2, aes, erms, clmul, bmi1, bmi2, adx, sha, fma, vzeroupper, clflush, clflushopt

Memory: 4k page, system-wide physical 24428M (17018M free)
TotalPageFile size 28012M (AvailPageFile size 17334M)
current process WorkingSet (physical memory assigned to process): 174M, peak: 219M
current process commit charge ("private bytes"): 626M, peak: 660M

vm_info: Java HotSpot(TM) 64-Bit Server VM (17.0.2+8-LTS-86) for windows-amd64 JRE (17.0.2+8-LTS-86), built on Dec  7 2021 21:51:03 by "mach5one" with MS VC++ 16.8 / 16.9 (VS2019)

END.
