#
# A fatal error has been detected by the Java Runtime Environment:
#
#  EXCEPTION_ACCESS_VIOLATION (0xc0000005) at pc=0x00007ffec71162d7, pid=14516, tid=18356
#
# JRE version: Java(TM) SE Runtime Environment (17.0.2+8) (build 17.0.2+8-LTS-86)
# Java VM: Java HotSpot(TM) 64-Bit Server VM (17.0.2+8-LTS-86, mixed mode, sharing, tiered, compressed oops, compressed class ptrs, g1 gc, windows-amd64)
# Problematic frame:
# C  [glass.dll+0x262d7]
#
# No core dump will be written. Minidumps are not enabled by default on client versions of Windows
#
# If you would like to submit a bug report, please visit:
#   https://bugreport.java.com/bugreport/crash.jsp
#

---------------  S U M M A R Y ------------

Command Line: -Dfile.encoding=UTF-8 --add-modules=javafx.controls,javafx.fxml --module-path=C:\Users\juanc\OneDrive\Documentos\Universidad 3\POO\SEATORA\build\classes;C:\Program Files\Java\javafx-sdk-18.0.1\lib\javafx-swt.jar;C:\Program Files\Java\javafx-sdk-18.0.1\lib\javafx.base.jar;C:\Program Files\Java\javafx-sdk-18.0.1\lib\javafx.controls.jar;C:\Program Files\Java\javafx-sdk-18.0.1\lib\javafx.fxml.jar;C:\Program Files\Java\javafx-sdk-18.0.1\lib\javafx.graphics.jar;C:\Program Files\Java\javafx-sdk-18.0.1\lib\javafx.media.jar;C:\Program Files\Java\javafx-sdk-18.0.1\lib\javafx.swing.jar;C:\Program Files\Java\javafx-sdk-18.0.1\lib\javafx.web.jar start.Seatora

Host: AMD Ryzen 7 5800H with Radeon Graphics         , 16 cores, 23G,  Windows 11 , 64 bit Build 22000 (10.0.22000.675)
Time: Wed May 25 12:55:36 2022 Hora est. Pacífico, Sudamérica elapsed time: 136.012825 seconds (0d 0h 2m 16s)

---------------  T H R E A D  ---------------

Current thread (0x000002161754f350):  VMThread "VM Thread" [stack: 0x0000005141c00000,0x0000005141d00000] [id=18356]

Stack: [0x0000005141c00000,0x0000005141d00000],  sp=0x0000005141cff2e0,  free space=1020k
Native frames: (J=compiled Java code, j=interpreted, Vv=VM code, C=native code)
C  [glass.dll+0x262d7]


siginfo: EXCEPTION_ACCESS_VIOLATION (0xc0000005), reading address 0x0000000000000000


Register to memory mapping:

RIP=0x00007ffec71162d7 glass.dll
RAX=0x0 is NULL
RBX=0x00000216175628e8 is a global jni handle
RCX=0x000002161754f350 points into unknown readable memory: 0x00007ffec878e890 | 90 e8 78 c8 fe 7f 00 00
RDX=0x0000005141cff2e0 points into unknown readable memory: 0x0000000000000000 | 00 00 00 00 00 00 00 00
RSP=0x0000005141cff2e0 points into unknown readable memory: 0x0000000000000000 | 00 00 00 00 00 00 00 00
RBP=0x0000021619301728 points into unknown readable memory: 0x000060eb94f08caa | aa 8c f0 94 eb 60 00 00
RSI=0x0000021619301700 points into unknown readable memory: 0x44db10eb950f77b6 | b6 77 0f 95 eb 10 db 44
RDI=0x000060eb94f08caa is an unknown value
R8 =0x0000000000010002 is an unknown value
R9 =0x000060eb94f08caa is an unknown value
R10=0x85f13e9656da4870 is an unknown value
R11=0x0000005141cff270 points into unknown readable memory: 0x0000021619301700 | 00 17 30 19 16 02 00 00
R12=0x00007ffec7113bc4 glass.dll
R13=0x00007ffec89349d0 jvm.dll
R14=0x0000005141cff3e8 points into unknown readable memory: 0x0000005141cff3d0 | d0 f3 cf 41 51 00 00 00
R15=0x0000021619301700 points into unknown readable memory: 0x44db10eb950f77b6 | b6 77 0f 95 eb 10 db 44


Registers:
RAX=0x0000000000000000, RBX=0x00000216175628e8, RCX=0x000002161754f350, RDX=0x0000005141cff2e0
RSP=0x0000005141cff2e0, RBP=0x0000021619301728, RSI=0x0000021619301700, RDI=0x000060eb94f08caa
R8 =0x0000000000010002, R9 =0x000060eb94f08caa, R10=0x85f13e9656da4870, R11=0x0000005141cff270
R12=0x00007ffec7113bc4, R13=0x00007ffec89349d0, R14=0x0000005141cff3e8, R15=0x0000021619301700
RIP=0x00007ffec71162d7, EFLAGS=0x0000000000010206

Top of Stack: (sp=0x0000005141cff2e0)
0x0000005141cff2e0:   0000000000000000 0000021619301700
0x0000005141cff2f0:   00007ffec89349d0 00007ffec7113bc4
0x0000005141cff300:   0000021619301708 00007fff5d93bea0
0x0000005141cff310:   000060eb94f08caa 0000021600000000
0x0000005141cff320:   0000021619301728 0000021619301700
0x0000005141cff330:   fffffffffffffffe 0000000000000000
0x0000005141cff340:   0000000000000001 00007ffec70f0000
0x0000005141cff350:   0000005141cff3d8 00007fff5d93bdb7
0x0000005141cff360:   0000000000000000 0000005141cff3e8
0x0000005141cff370:   0000005141cff6c0 00007fff5da212b0
0x0000005141cff380:   0000000000000001 00007fff5d93bd6d
0x0000005141cff390:   0000000000000000 0000000000000001
0x0000005141cff3a0:   0000000000000000 0000005141cff3d8
0x0000005141cff3b0:   fffffffffffffffe 0000005100000000
0x0000005141cff3c0:   ffffffff00000001 00007ffec7113a51
0x0000005141cff3d0:   00007ffec7129f88 00007ffe00000002 

Instructions: (pc=0x00007ffec71162d7)
0x00007ffec71161d7:   8b 4d 58 e8 2d cf ff ff 48 8b 4d 60 e8 24 cf ff
0x00007ffec71161e7:   ff 48 8b 95 80 00 00 00 48 8b 8d 18 01 00 00 e8
0x00007ffec71161f7:   16 c4 ff ff 33 d2 33 c9 e8 5c e1 ff ff 90 48 89
0x00007ffec7116207:   54 24 10 55 48 83 ec 20 48 8b ea 48 b8 00 00 00
0x00007ffec7116217:   00 00 00 00 00 48 83 c4 20 5d c3 cc 40 55 48 8b
0x00007ffec7116227:   ea 48 8b 01 33 c9 81 38 05 00 00 c0 0f 94 c1 8b
0x00007ffec7116237:   c1 5d c3 cc 40 55 48 83 ec 20 48 8b ea 8a 4d 40
0x00007ffec7116247:   48 83 c4 20 5d e9 17 d3 ff ff cc 40 55 48 83 ec
0x00007ffec7116257:   20 48 8b ea 8a 4d 20 e8 05 d3 ff ff 90 48 83 c4
0x00007ffec7116267:   20 5d c3 cc 40 55 48 83 ec 20 48 8b ea 48 83 c4
0x00007ffec7116277:   20 5d e9 66 d1 ff ff cc 40 55 48 83 ec 30 48 8b
0x00007ffec7116287:   ea 48 8b 01 8b 10 48 89 4c 24 28 89 54 24 20 4c
0x00007ffec7116297:   8d 0d 07 d6 ff ff 4c 8b 45 70 8b 55 68 48 8b 4d
0x00007ffec71162a7:   60 e8 a7 d0 ff ff 90 48 83 c4 30 5d c3 cc cc cc
0x00007ffec71162b7:   cc cc cc cc cc cc cc cc cc 40 53 48 83 ec 20 48
0x00007ffec71162c7:   8b 1d bb 36 01 00 48 85 db 74 16 e8 59 8b ff ff
0x00007ffec71162d7:   4c 8b 00 48 8b d3 48 8b c8 41 ff 90 b0 00 00 00
0x00007ffec71162e7:   90 48 83 c4 20 5b c3 cc cc 40 53 48 83 ec 20 48
0x00007ffec71162f7:   8b 1d 2b 38 01 00 48 85 db 74 57 b8 ff ff ff ff
0x00007ffec7116307:   f0 0f c1 43 10 83 f8 01 75 3d 48 85 db 74 38 48
0x00007ffec7116317:   8b 0b 48 85 c9 74 0d ff 15 84 0f 00 00 48 c7 03
0x00007ffec7116327:   00 00 00 00 48 8b 4b 08 48 85 c9 74 0d e8 d3 cd
0x00007ffec7116337:   ff ff 48 c7 43 08 00 00 00 00 ba 18 00 00 00 48
0x00007ffec7116347:   8b cb e8 be cd ff ff 48 c7 05 cf 37 01 00 00 00
0x00007ffec7116357:   00 00 48 83 c4 20 5b c3 cc 40 53 48 83 ec 20 48
0x00007ffec7116367:   8b 1d 9b 37 01 00 48 85 db 74 57 b8 ff ff ff ff
0x00007ffec7116377:   f0 0f c1 43 10 83 f8 01 75 3d 48 85 db 74 38 48
0x00007ffec7116387:   8b 0b 48 85 c9 74 0d ff 15 14 0f 00 00 48 c7 03
0x00007ffec7116397:   00 00 00 00 48 8b 4b 08 48 85 c9 74 0d e8 63 cd
0x00007ffec71163a7:   ff ff 48 c7 43 08 00 00 00 00 ba 18 00 00 00 48
0x00007ffec71163b7:   8b cb e8 4e cd ff ff 48 c7 05 3f 37 01 00 00 00
0x00007ffec71163c7:   00 00 48 83 c4 20 5b c3 cc 40 53 48 83 ec 20 48 


Stack slot to memory mapping:
stack at sp + 0 slots: 0x0 is NULL
stack at sp + 1 slots: 0x0000021619301700 points into unknown readable memory: 0x44db10eb950f77b6 | b6 77 0f 95 eb 10 db 44
stack at sp + 2 slots: 0x00007ffec89349d0 jvm.dll
stack at sp + 3 slots: 0x00007ffec7113bc4 glass.dll
stack at sp + 4 slots: 0x0000021619301708 points into unknown readable memory: 0x000060eb94f08caa | aa 8c f0 94 eb 60 00 00
stack at sp + 5 slots: 0x00007fff5d93bea0 ucrtbase.dll
stack at sp + 6 slots: 0x000060eb94f08caa is an unknown value
stack at sp + 7 slots: 0x0000021600000000 points into unknown readable memory: 0x0000000000000006 | 06 00 00 00 00 00 00 00

VM_Operation (0x00000051435f6be0): Exit, mode: safepoint, requested by thread 0x0000021619302fe0


---------------  P R O C E S S  ---------------

Threads class SMR info:
_java_thread_list=0x0000021623a7d650, length=19, elements={
0x000002166d0b9fa0, 0x0000021617552df0, 0x0000021617555980, 0x000002161756a4e0,
0x000002161756ada0, 0x000002161756b660, 0x000002161756bf20, 0x00000216175772e0,
0x000002161757fca0, 0x00000216175839c0, 0x00000216180a5240, 0x00000216190bc270,
0x0000021619268930, 0x0000021619301f60, 0x0000021619302fe0, 0x00000216196edd00,
0x00000216196eb8d0, 0x0000021619a01fc0, 0x00000216235064e0
}

Java Threads: ( => current thread )
  0x000002166d0b9fa0 JavaThread "main" [_thread_blocked, id=6296, stack(0x0000005141600000,0x0000005141700000)]
  0x0000021617552df0 JavaThread "Reference Handler" daemon [_thread_blocked, id=12884, stack(0x0000005141d00000,0x0000005141e00000)]
  0x0000021617555980 JavaThread "Finalizer" daemon [_thread_blocked, id=7172, stack(0x0000005141e00000,0x0000005141f00000)]
  0x000002161756a4e0 JavaThread "Signal Dispatcher" daemon [_thread_blocked, id=13720, stack(0x0000005141f00000,0x0000005142000000)]
  0x000002161756ada0 JavaThread "Attach Listener" daemon [_thread_blocked, id=12908, stack(0x0000005142000000,0x0000005142100000)]
  0x000002161756b660 JavaThread "Service Thread" daemon [_thread_blocked, id=2928, stack(0x0000005142100000,0x0000005142200000)]
  0x000002161756bf20 JavaThread "Monitor Deflation Thread" daemon [_thread_blocked, id=4112, stack(0x0000005142200000,0x0000005142300000)]
  0x00000216175772e0 JavaThread "C2 CompilerThread0" daemon [_thread_blocked, id=2768, stack(0x0000005142300000,0x0000005142400000)]
  0x000002161757fca0 JavaThread "C1 CompilerThread0" daemon [_thread_blocked, id=11612, stack(0x0000005142400000,0x0000005142500000)]
  0x00000216175839c0 JavaThread "Sweeper thread" daemon [_thread_blocked, id=20044, stack(0x0000005142500000,0x0000005142600000)]
  0x00000216180a5240 JavaThread "Common-Cleaner" daemon [_thread_blocked, id=15648, stack(0x0000005142700000,0x0000005142800000)]
  0x00000216190bc270 JavaThread "Notification Thread" daemon [_thread_blocked, id=17272, stack(0x0000005143000000,0x0000005143100000)]
  0x0000021619268930 JavaThread "QuantumRenderer-0" daemon [_thread_blocked, id=20220, stack(0x0000005143200000,0x0000005143300000)]
  0x0000021619301f60 JavaThread "InvokeLaterDispatcher" daemon [_thread_blocked, id=9332, stack(0x0000005143400000,0x0000005143500000)]
  0x0000021619302fe0 JavaThread "JavaFX Application Thread" [_thread_blocked, id=7468, stack(0x0000005143500000,0x0000005143600000)]
  0x00000216196edd00 JavaThread "JavaFX-Launcher" [_thread_blocked, id=15744, stack(0x0000005143800000,0x0000005143900000)]
  0x00000216196eb8d0 JavaThread "Thread-2" daemon [_thread_in_native, id=3336, stack(0x0000005143700000,0x0000005143800000)]
  0x0000021619a01fc0 JavaThread "Prism Font Disposer" daemon [_thread_blocked, id=6940, stack(0x0000005144100000,0x0000005144200000)]
  0x00000216235064e0 JavaThread "Cleaner-0" daemon [_thread_blocked, id=19088, stack(0x00000051445d0000,0x00000051446d0000)]

Other Threads:
=>0x000002161754f350 VMThread "VM Thread" [stack: 0x0000005141c00000,0x0000005141d00000] [id=18356]
  0x000002166f201a70 GCTaskThread "GC Thread#0" [stack: 0x0000005141700000,0x0000005141800000] [id=5352]
  0x0000021618f3d4f0 GCTaskThread "GC Thread#1" [stack: 0x0000005143900000,0x0000005143a00000] [id=11112]
  0x0000021618f3e260 GCTaskThread "GC Thread#2" [stack: 0x0000005143a00000,0x0000005143b00000] [id=18704]
  0x0000021618f3cce0 GCTaskThread "GC Thread#3" [stack: 0x0000005143b00000,0x0000005143c00000] [id=768]
  0x0000021618f3d7a0 GCTaskThread "GC Thread#4" [stack: 0x0000005143c00000,0x0000005143d00000] [id=14504]
  0x0000021618f3dd00 GCTaskThread "GC Thread#5" [stack: 0x0000005143d00000,0x0000005143e00000] [id=19776]
  0x00000216195f5df0 GCTaskThread "GC Thread#6" [stack: 0x0000005143e00000,0x0000005143f00000] [id=17752]
  0x00000216195f6e10 GCTaskThread "GC Thread#7" [stack: 0x0000005143f00000,0x0000005144000000] [id=13444]
  0x00000216195f78d0 GCTaskThread "GC Thread#8" [stack: 0x0000005144000000,0x0000005144100000] [id=18876]
  0x00000216195f80e0 GCTaskThread "GC Thread#9" [stack: 0x0000005142b00000,0x0000005142c00000] [id=18912]
  0x000002166f20e690 ConcurrentGCThread "G1 Main Marker" terminated
  0x000002166f20f650 ConcurrentGCThread "G1 Conc#0" [stack: 0x0000005141900000,0x0000005141a00000] [id=1336]
  0x00000216174120c0 ConcurrentGCThread "G1 Refine#0" terminated
  0x00000216174128f0 ConcurrentGCThread "G1 Service" terminated

Threads with active compile tasks:
C2 CompilerThread0  
[error occurred during error reporting (printing all threads), id 0xc0000005, EXCEPTION_ACCESS_VIOLATION (0xc0000005) at pc=0x00007ffec859e683]

VM state: at safepoint (shutting down)

VM Mutex/Monitor currently owned by a thread:  ([mutex/lock_event])
[0x000002166f1a13b0] Threads_lock - owner thread: 0x000002161754f350
[0x000002166f1a05a0] Heap_lock - owner thread: 0x0000021619302fe0

Heap address: 0x0000000682400000, size: 6108 MB, Compressed Oops mode: Zero based, Oop shift amount: 3

CDS archive(s) mapped at: [0x0000000800000000-0x0000000800bc0000-0x0000000800bc0000), size 12320768, SharedBaseAddress: 0x0000000800000000, ArchiveRelocationMode: 0.
Compressed class space mapped at: 0x0000000800c00000-0x0000000840c00000, reserved size: 1073741824
Narrow klass base: 0x0000000800000000, Narrow klass shift: 0, Narrow klass range: 0x100000000

GC Precious Log:
 CPUs: 16 total, 16 available
 Memory: 24428M
 Large Page Support: Disabled
 NUMA Support: Disabled
 Compressed Oops: Enabled (Zero based)
 Heap Region Size: 4M
 Heap Min Capacity: 8M
 Heap Initial Capacity: 384M
 Heap Max Capacity: 6108M
 Pre-touch: Disabled
 Parallel Workers: 13
 Concurrent Workers: 3
 Concurrent Refinement Workers: 13
 Periodic GC: Disabled

Heap:
 garbage-first heap   total 393216K, used 90288K [0x0000000682400000, 0x0000000800000000)
  region size 4096K, 17 young (69632K), 2 survivors (8192K)
 Metaspace       used 18897K, committed 19136K, reserved 1073152K
  class space    used 2629K, committed 2752K, reserved 1048576K

Heap Regions: E=young(eden), S=young(survivor), O=old, HS=humongous(starts), HC=humongous(continues), CS=collection set, F=free, OA=open archive, CA=closed archive, TAMS=top-at-mark-start (previous, next)
|   0|0x0000000682400000, 0x0000000682800000, 0x0000000682800000|100%|HS|  |TAMS 0x0000000682400000, 0x0000000682400000| Complete 
|   1|0x0000000682800000, 0x0000000682c00000, 0x0000000682c00000|100%|HS|  |TAMS 0x0000000682800000, 0x0000000682800000| Complete 
|   2|0x0000000682c00000, 0x0000000682c2c000, 0x0000000683000000|  4%| O|  |TAMS 0x0000000682c00000, 0x0000000682c00000| Untracked 
|   3|0x0000000683000000, 0x0000000683400000, 0x0000000683400000|100%|HS|  |TAMS 0x0000000683000000, 0x0000000683000000| Complete 
|   4|0x0000000683400000, 0x0000000683800000, 0x0000000683800000|100%|HS|  |TAMS 0x0000000683400000, 0x0000000683400000| Complete 
|   5|0x0000000683800000, 0x0000000683c00000, 0x0000000683c00000|100%|HS|  |TAMS 0x0000000683800000, 0x0000000683800000| Complete 
|   6|0x0000000683c00000, 0x0000000684000000, 0x0000000684000000|100%|HS|  |TAMS 0x0000000683c00000, 0x0000000683c00000| Complete 
|   7|0x0000000684000000, 0x0000000684000000, 0x0000000684400000|  0%| F|  |TAMS 0x0000000684000000, 0x0000000684000000| Untracked 
|   8|0x0000000684400000, 0x0000000684400000, 0x0000000684800000|  0%| F|  |TAMS 0x0000000684400000, 0x0000000684400000| Untracked 
|   9|0x0000000684800000, 0x0000000684800000, 0x0000000684c00000|  0%| F|  |TAMS 0x0000000684800000, 0x0000000684800000| Untracked 
|  10|0x0000000684c00000, 0x0000000684c00000, 0x0000000685000000|  0%| F|  |TAMS 0x0000000684c00000, 0x0000000684c00000| Untracked 
|  11|0x0000000685000000, 0x0000000685000000, 0x0000000685400000|  0%| F|  |TAMS 0x0000000685000000, 0x0000000685000000| Untracked 
|  12|0x0000000685400000, 0x0000000685400000, 0x0000000685800000|  0%| F|  |TAMS 0x0000000685400000, 0x0000000685400000| Untracked 
|  13|0x0000000685800000, 0x0000000685800000, 0x0000000685c00000|  0%| F|  |TAMS 0x0000000685800000, 0x0000000685800000| Untracked 
|  14|0x0000000685c00000, 0x0000000685c00000, 0x0000000686000000|  0%| F|  |TAMS 0x0000000685c00000, 0x0000000685c00000| Untracked 
|  15|0x0000000686000000, 0x0000000686000000, 0x0000000686400000|  0%| F|  |TAMS 0x0000000686000000, 0x0000000686000000| Untracked 
|  16|0x0000000686400000, 0x0000000686400000, 0x0000000686800000|  0%| F|  |TAMS 0x0000000686400000, 0x0000000686400000| Untracked 
|  17|0x0000000686800000, 0x0000000686800000, 0x0000000686c00000|  0%| F|  |TAMS 0x0000000686800000, 0x0000000686800000| Untracked 
|  18|0x0000000686c00000, 0x0000000686c00000, 0x0000000687000000|  0%| F|  |TAMS 0x0000000686c00000, 0x0000000686c00000| Untracked 
|  19|0x0000000687000000, 0x0000000687000000, 0x0000000687400000|  0%| F|  |TAMS 0x0000000687000000, 0x0000000687000000| Untracked 
|  20|0x0000000687400000, 0x0000000687400000, 0x0000000687800000|  0%| F|  |TAMS 0x0000000687400000, 0x0000000687400000| Untracked 
|  21|0x0000000687800000, 0x0000000687800000, 0x0000000687c00000|  0%| F|  |TAMS 0x0000000687800000, 0x0000000687800000| Untracked 
|  22|0x0000000687c00000, 0x0000000687c00000, 0x0000000688000000|  0%| F|  |TAMS 0x0000000687c00000, 0x0000000687c00000| Untracked 
|  23|0x0000000688000000, 0x0000000688000000, 0x0000000688400000|  0%| F|  |TAMS 0x0000000688000000, 0x0000000688000000| Untracked 
|  24|0x0000000688400000, 0x0000000688400000, 0x0000000688800000|  0%| F|  |TAMS 0x0000000688400000, 0x0000000688400000| Untracked 
|  25|0x0000000688800000, 0x0000000688800000, 0x0000000688c00000|  0%| F|  |TAMS 0x0000000688800000, 0x0000000688800000| Untracked 
|  26|0x0000000688c00000, 0x0000000688c00000, 0x0000000689000000|  0%| F|  |TAMS 0x0000000688c00000, 0x0000000688c00000| Untracked 
|  27|0x0000000689000000, 0x0000000689000000, 0x0000000689400000|  0%| F|  |TAMS 0x0000000689000000, 0x0000000689000000| Untracked 
|  28|0x0000000689400000, 0x0000000689400000, 0x0000000689800000|  0%| F|  |TAMS 0x0000000689400000, 0x0000000689400000| Untracked 
|  29|0x0000000689800000, 0x0000000689800000, 0x0000000689c00000|  0%| F|  |TAMS 0x0000000689800000, 0x0000000689800000| Untracked 
|  30|0x0000000689c00000, 0x0000000689c00000, 0x000000068a000000|  0%| F|  |TAMS 0x0000000689c00000, 0x0000000689c00000| Untracked 
|  31|0x000000068a000000, 0x000000068a000000, 0x000000068a400000|  0%| F|  |TAMS 0x000000068a000000, 0x000000068a000000| Untracked 
|  32|0x000000068a400000, 0x000000068a400000, 0x000000068a800000|  0%| F|  |TAMS 0x000000068a400000, 0x000000068a400000| Untracked 
|  33|0x000000068a800000, 0x000000068a800000, 0x000000068ac00000|  0%| F|  |TAMS 0x000000068a800000, 0x000000068a800000| Untracked 
|  34|0x000000068ac00000, 0x000000068ac00000, 0x000000068b000000|  0%| F|  |TAMS 0x000000068ac00000, 0x000000068ac00000| Untracked 
|  35|0x000000068b000000, 0x000000068b000000, 0x000000068b400000|  0%| F|  |TAMS 0x000000068b000000, 0x000000068b000000| Untracked 
|  36|0x000000068b400000, 0x000000068b400000, 0x000000068b800000|  0%| F|  |TAMS 0x000000068b400000, 0x000000068b400000| Untracked 
|  37|0x000000068b800000, 0x000000068b800000, 0x000000068bc00000|  0%| F|  |TAMS 0x000000068b800000, 0x000000068b800000| Untracked 
|  38|0x000000068bc00000, 0x000000068bc00000, 0x000000068c000000|  0%| F|  |TAMS 0x000000068bc00000, 0x000000068bc00000| Untracked 
|  39|0x000000068c000000, 0x000000068c000000, 0x000000068c400000|  0%| F|  |TAMS 0x000000068c000000, 0x000000068c000000| Untracked 
|  40|0x000000068c400000, 0x000000068c400000, 0x000000068c800000|  0%| F|  |TAMS 0x000000068c400000, 0x000000068c400000| Untracked 
|  41|0x000000068c800000, 0x000000068c800000, 0x000000068cc00000|  0%| F|  |TAMS 0x000000068c800000, 0x000000068c800000| Untracked 
|  42|0x000000068cc00000, 0x000000068cc00000, 0x000000068d000000|  0%| F|  |TAMS 0x000000068cc00000, 0x000000068cc00000| Untracked 
|  43|0x000000068d000000, 0x000000068d000000, 0x000000068d400000|  0%| F|  |TAMS 0x000000068d000000, 0x000000068d000000| Untracked 
|  44|0x000000068d400000, 0x000000068d400000, 0x000000068d800000|  0%| F|  |TAMS 0x000000068d400000, 0x000000068d400000| Untracked 
|  45|0x000000068d800000, 0x000000068d800000, 0x000000068dc00000|  0%| F|  |TAMS 0x000000068d800000, 0x000000068d800000| Untracked 
|  46|0x000000068dc00000, 0x000000068dc00000, 0x000000068e000000|  0%| F|  |TAMS 0x000000068dc00000, 0x000000068dc00000| Untracked 
|  47|0x000000068e000000, 0x000000068e000000, 0x000000068e400000|  0%| F|  |TAMS 0x000000068e000000, 0x000000068e000000| Untracked 
|  48|0x000000068e400000, 0x000000068e400000, 0x000000068e800000|  0%| F|  |TAMS 0x000000068e400000, 0x000000068e400000| Untracked 
|  49|0x000000068e800000, 0x000000068e800000, 0x000000068ec00000|  0%| F|  |TAMS 0x000000068e800000, 0x000000068e800000| Untracked 
|  50|0x000000068ec00000, 0x000000068ec00000, 0x000000068f000000|  0%| F|  |TAMS 0x000000068ec00000, 0x000000068ec00000| Untracked 
|  51|0x000000068f000000, 0x000000068f000000, 0x000000068f400000|  0%| F|  |TAMS 0x000000068f000000, 0x000000068f000000| Untracked 
|  52|0x000000068f400000, 0x000000068f400000, 0x000000068f800000|  0%| F|  |TAMS 0x000000068f400000, 0x000000068f400000| Untracked 
|  53|0x000000068f800000, 0x000000068f800000, 0x000000068fc00000|  0%| F|  |TAMS 0x000000068f800000, 0x000000068f800000| Untracked 
|  54|0x000000068fc00000, 0x000000068fc00000, 0x0000000690000000|  0%| F|  |TAMS 0x000000068fc00000, 0x000000068fc00000| Untracked 
|  55|0x0000000690000000, 0x0000000690000000, 0x0000000690400000|  0%| F|  |TAMS 0x0000000690000000, 0x0000000690000000| Untracked 
|  56|0x0000000690400000, 0x0000000690400000, 0x0000000690800000|  0%| F|  |TAMS 0x0000000690400000, 0x0000000690400000| Untracked 
|  57|0x0000000690800000, 0x0000000690800000, 0x0000000690c00000|  0%| F|  |TAMS 0x0000000690800000, 0x0000000690800000| Untracked 
|  58|0x0000000690c00000, 0x0000000690c00000, 0x0000000691000000|  0%| F|  |TAMS 0x0000000690c00000, 0x0000000690c00000| Untracked 
|  59|0x0000000691000000, 0x0000000691000000, 0x0000000691400000|  0%| F|  |TAMS 0x0000000691000000, 0x0000000691000000| Untracked 
|  60|0x0000000691400000, 0x0000000691400000, 0x0000000691800000|  0%| F|  |TAMS 0x0000000691400000, 0x0000000691400000| Untracked 
|  61|0x0000000691800000, 0x0000000691800000, 0x0000000691c00000|  0%| F|  |TAMS 0x0000000691800000, 0x0000000691800000| Untracked 
|  62|0x0000000691c00000, 0x0000000691c00000, 0x0000000692000000|  0%| F|  |TAMS 0x0000000691c00000, 0x0000000691c00000| Untracked 
|  63|0x0000000692000000, 0x0000000692000000, 0x0000000692400000|  0%| F|  |TAMS 0x0000000692000000, 0x0000000692000000| Untracked 
|  64|0x0000000692400000, 0x0000000692400000, 0x0000000692800000|  0%| F|  |TAMS 0x0000000692400000, 0x0000000692400000| Untracked 
|  65|0x0000000692800000, 0x0000000692800000, 0x0000000692c00000|  0%| F|  |TAMS 0x0000000692800000, 0x0000000692800000| Untracked 
|  66|0x0000000692c00000, 0x0000000692c00000, 0x0000000693000000|  0%| F|  |TAMS 0x0000000692c00000, 0x0000000692c00000| Untracked 
|  67|0x0000000693000000, 0x0000000693000000, 0x0000000693400000|  0%| F|  |TAMS 0x0000000693000000, 0x0000000693000000| Untracked 
|  68|0x0000000693400000, 0x0000000693400000, 0x0000000693800000|  0%| F|  |TAMS 0x0000000693400000, 0x0000000693400000| Untracked 
|  69|0x0000000693800000, 0x0000000693800000, 0x0000000693c00000|  0%| F|  |TAMS 0x0000000693800000, 0x0000000693800000| Untracked 
|  70|0x0000000693c00000, 0x0000000693c00000, 0x0000000694000000|  0%| F|  |TAMS 0x0000000693c00000, 0x0000000693c00000| Untracked 
|  71|0x0000000694000000, 0x0000000694000000, 0x0000000694400000|  0%| F|  |TAMS 0x0000000694000000, 0x0000000694000000| Untracked 
|  72|0x0000000694400000, 0x0000000694400000, 0x0000000694800000|  0%| F|  |TAMS 0x0000000694400000, 0x0000000694400000| Untracked 
|  73|0x0000000694800000, 0x0000000694800000, 0x0000000694c00000|  0%| F|  |TAMS 0x0000000694800000, 0x0000000694800000| Untracked 
|  74|0x0000000694c00000, 0x0000000694c00000, 0x0000000695000000|  0%| F|  |TAMS 0x0000000694c00000, 0x0000000694c00000| Untracked 
|  75|0x0000000695000000, 0x0000000695000000, 0x0000000695400000|  0%| F|  |TAMS 0x0000000695000000, 0x0000000695000000| Untracked 
|  76|0x0000000695400000, 0x0000000695400000, 0x0000000695800000|  0%| F|  |TAMS 0x0000000695400000, 0x0000000695400000| Untracked 
|  77|0x0000000695800000, 0x0000000695800000, 0x0000000695c00000|  0%| F|  |TAMS 0x0000000695800000, 0x0000000695800000| Untracked 
|  78|0x0000000695c00000, 0x0000000695c00000, 0x0000000696000000|  0%| F|  |TAMS 0x0000000695c00000, 0x0000000695c00000| Untracked 
|  79|0x0000000696000000, 0x0000000696336a50, 0x0000000696400000| 80%| E|  |TAMS 0x0000000696000000, 0x0000000696000000| Complete 
|  80|0x0000000696400000, 0x0000000696800000, 0x0000000696800000|100%| E|CS|TAMS 0x0000000696400000, 0x0000000696400000| Complete 
|  81|0x0000000696800000, 0x0000000696c00000, 0x0000000696c00000|100%| E|CS|TAMS 0x0000000696800000, 0x0000000696800000| Complete 
|  82|0x0000000696c00000, 0x0000000697000000, 0x0000000697000000|100%| E|CS|TAMS 0x0000000696c00000, 0x0000000696c00000| Complete 
|  83|0x0000000697000000, 0x0000000697400000, 0x0000000697400000|100%| S|CS|TAMS 0x0000000697000000, 0x0000000697000000| Complete 
|  84|0x0000000697400000, 0x0000000697800000, 0x0000000697800000|100%| S|CS|TAMS 0x0000000697400000, 0x0000000697400000| Complete 
|  85|0x0000000697800000, 0x0000000697c00000, 0x0000000697c00000|100%| E|CS|TAMS 0x0000000697800000, 0x0000000697800000| Complete 
|  86|0x0000000697c00000, 0x0000000698000000, 0x0000000698000000|100%| E|CS|TAMS 0x0000000697c00000, 0x0000000697c00000| Complete 
|  87|0x0000000698000000, 0x0000000698400000, 0x0000000698400000|100%| E|CS|TAMS 0x0000000698000000, 0x0000000698000000| Complete 
|  88|0x0000000698400000, 0x0000000698800000, 0x0000000698800000|100%| E|CS|TAMS 0x0000000698400000, 0x0000000698400000| Complete 
|  89|0x0000000698800000, 0x0000000698c00000, 0x0000000698c00000|100%| E|CS|TAMS 0x0000000698800000, 0x0000000698800000| Complete 
|  90|0x0000000698c00000, 0x0000000699000000, 0x0000000699000000|100%| E|CS|TAMS 0x0000000698c00000, 0x0000000698c00000| Complete 
|  91|0x0000000699000000, 0x0000000699400000, 0x0000000699400000|100%| E|CS|TAMS 0x0000000699000000, 0x0000000699000000| Complete 
|  92|0x0000000699400000, 0x0000000699800000, 0x0000000699800000|100%| E|CS|TAMS 0x0000000699400000, 0x0000000699400000| Complete 
|  93|0x0000000699800000, 0x0000000699c00000, 0x0000000699c00000|100%| E|CS|TAMS 0x0000000699800000, 0x0000000699800000| Complete 
|  94|0x0000000699c00000, 0x000000069a000000, 0x000000069a000000|100%| E|CS|TAMS 0x0000000699c00000, 0x0000000699c00000| Complete 
|  95|0x000000069a000000, 0x000000069a400000, 0x000000069a400000|100%| E|CS|TAMS 0x000000069a000000, 0x000000069a000000| Complete 

Card table byte_map: [0x0000021677e70000,0x0000021678a60000] _byte_map_base: 0x0000021674a5e000

Marking Bits (Prev, Next): (CMBitMap*) 0x000002166f201e90, (CMBitMap*) 0x000002166f201ed0
 Prev Bits: [0x0000021679650000, 0x000002167f5c0000)
 Next Bits: [0x000002160f000000, 0x0000021614f70000)

Polling page: 0x000002166d1a0000

Metaspace:

Usage:
  Non-class:     15.89 MB used.
      Class:      2.57 MB used.
       Both:     18.45 MB used.

Virtual space:
  Non-class space:       24.00 MB reserved,      16.00 MB ( 67%) committed,  3 nodes.
      Class space:        1.00 GB reserved,       2.69 MB ( <1%) committed,  1 nodes.
             Both:        1.02 GB reserved,      18.69 MB (  2%) committed. 

Chunk freelists:
   Non-Class:  3.86 MB
       Class:  1.19 MB
        Both:  5.05 MB

MaxMetaspaceSize: unlimited
CompressedClassSpaceSize: 1.00 GB
Initial GC threshold: 21.00 MB
Current GC threshold: 21.00 MB
CDS: on
MetaspaceReclaimPolicy: balanced
 - commit_granule_bytes: 65536.
 - commit_granule_words: 8192.
 - virtual_space_node_default_size: 1048576.
 - enlarge_chunks_in_place: 1.
 - new_chunks_are_fully_committed: 0.
 - uncommit_free_chunks: 1.
 - use_allocation_guard: 0.
 - handle_deallocations: 1.


Internal statistics:

num_allocs_failed_limit: 0.
num_arena_births: 232.
num_arena_deaths: 0.
num_vsnodes_births: 4.
num_vsnodes_deaths: 0.
num_space_committed: 299.
num_space_uncommitted: 0.
num_chunks_returned_to_freelist: 0.
num_chunks_taken_from_freelist: 892.
num_chunk_merges: 0.
num_chunk_splits: 624.
num_chunks_enlarged: 489.
num_purges: 0.
num_inconsistent_stats: 0.

CodeHeap 'non-profiled nmethods': size=119168Kb used=2808Kb max_used=2808Kb free=116359Kb
 bounds [0x0000021607ba0000, 0x0000021607e60000, 0x000002160f000000]
CodeHeap 'profiled nmethods': size=119104Kb used=11709Kb max_used=11709Kb free=107394Kb
 bounds [0x0000021600750000, 0x00000216012c0000, 0x0000021607ba0000]
CodeHeap 'non-nmethods': size=7488Kb used=1433Kb max_used=3183Kb free=6054Kb
 bounds [0x0000021600000000, 0x0000021600330000, 0x0000021600750000]
 total_blobs=6232 nmethods=5442 adapters=702
 compilation: enabled
              stopped_count=0, restarted_count=0
 full_count=0

Compilation events (20 events):
Event: 134.551 Thread 0x00000216175772e0 nmethod 5440 0x0000021607e5cb10 code [0x0000021607e5cca0, 0x0000021607e5cdb8]
Event: 134.551 Thread 0x00000216175772e0 5434       4       com.sun.javafx.css.CascadingStyle::getParsedValue (11 bytes)
Event: 134.552 Thread 0x00000216175772e0 nmethod 5434 0x0000021607e5cf90 code [0x0000021607e5d100, 0x0000021607e5d1b8]
Event: 134.552 Thread 0x00000216175772e0 5431       4       java.util.Arrays::copyOf (40 bytes)
Event: 134.553 Thread 0x00000216175772e0 nmethod 5431 0x0000021607e5d290 code [0x0000021607e5d420, 0x0000021607e5d878]
Event: 134.553 Thread 0x00000216175772e0 5442       4       com.sun.prism.d3d.D3DRTTexture::isMSAA (25 bytes)
Event: 134.554 Thread 0x00000216175772e0 nmethod 5442 0x0000021607e5db10 code [0x0000021607e5dca0, 0x0000021607e5dd98]
Event: 135.081 Thread 0x00000216175772e0 5443       4       java.lang.Enum::compareTo (44 bytes)
Event: 135.081 Thread 0x00000216175772e0 nmethod 5443 0x0000021607e5df10 code [0x0000021607e5e080, 0x0000021607e5e158]
Event: 135.593 Thread 0x000002161757fca0 5444       3       com.sun.marlin.Renderer::initConsumer (72 bytes)
Event: 135.593 Thread 0x000002161757fca0 nmethod 5444 0x00000216012bda90 code [0x00000216012bdc20, 0x00000216012bddb8]
Event: 135.676 Thread 0x000002161757fca0 5445       3       java.util.LinkedList::remove (77 bytes)
Event: 135.677 Thread 0x000002161757fca0 nmethod 5445 0x00000216012bde90 code [0x00000216012be080, 0x00000216012be5a8]
Event: 135.677 Thread 0x000002161757fca0 5446       3       javafx.scene.Node::scenesChanged (1 bytes)
Event: 135.677 Thread 0x000002161757fca0 nmethod 5446 0x00000216012be790 code [0x00000216012be920, 0x00000216012bea38]
Event: 135.677 Thread 0x000002161757fca0 5447       3       java.lang.invoke.DirectMethodHandle$Holder::invokeStatic (15 bytes)
Event: 135.677 Thread 0x00000216175772e0 5448       4       com.sun.javafx.css.StyleManager$Cache::getStyleMap (400 bytes)
Event: 135.677 Thread 0x000002161757fca0 nmethod 5447 0x00000216012beb10 code [0x00000216012bece0, 0x00000216012bf118]
Event: 135.682 Thread 0x000002161757fca0 5449       3       java.util.concurrent.locks.ReentrantLock::lock (8 bytes)
Event: 135.682 Thread 0x000002161757fca0 nmethod 5449 0x00000216012bf210 code [0x00000216012bf3c0, 0x00000216012bf678]

GC Heap History (4 events):
Event: 0.328 GC heap before
{Heap before GC invocations=0 (full 0):
 garbage-first heap   total 393216K, used 16384K [0x0000000682400000, 0x0000000800000000)
  region size 4096K, 5 young (20480K), 0 survivors (0K)
 Metaspace       used 4493K, committed 4608K, reserved 1056768K
  class space    used 510K, committed 576K, reserved 1048576K
}
Event: 0.330 GC heap after
{Heap after GC invocations=1 (full 0):
 garbage-first heap   total 393216K, used 2751K [0x0000000682400000, 0x0000000800000000)
  region size 4096K, 1 young (4096K), 1 survivors (4096K)
 Metaspace       used 4493K, committed 4608K, reserved 1056768K
  class space    used 510K, committed 576K, reserved 1048576K
}
Event: 2.019 GC heap before
{Heap before GC invocations=1 (full 0):
 garbage-first heap   total 393216K, used 47807K [0x0000000682400000, 0x0000000800000000)
  region size 4096K, 11 young (45056K), 1 survivors (4096K)
 Metaspace       used 14227K, committed 14400K, reserved 1064960K
  class space    used 2091K, committed 2176K, reserved 1048576K
}
Event: 2.022 GC heap after
{Heap after GC invocations=2 (full 0):
 garbage-first heap   total 393216K, used 16560K [0x0000000682400000, 0x0000000800000000)
  region size 4096K, 2 young (8192K), 2 survivors (8192K)
 Metaspace       used 14227K, committed 14400K, reserved 1064960K
  class space    used 2091K, committed 2176K, reserved 1048576K
}

Deoptimization events (20 events):
Event: 135.682 Thread 0x00000216235069b0 Uncommon trap: trap_request=0xffffff45 fr.pc=0x0000021607d7064c relative=0x000000000000014c
Event: 135.682 Thread 0x00000216235069b0 Uncommon trap: reason=unstable_if action=reinterpret pc=0x0000021607d7064c method=java.util.concurrent.locks.ReentrantLock$NonfairSync.initialTryLock()Z @ 10 c2
Event: 135.682 Thread 0x00000216235069b0 DEOPT PACKING pc=0x0000021607d7064c sp=0x00000051414fec70
Event: 135.682 Thread 0x00000216235069b0 DEOPT UNPACKING pc=0x00000216000523a3 sp=0x00000051414feb60 mode 2
Event: 135.682 Thread 0x00000216235069b0 Uncommon trap: trap_request=0xffffff45 fr.pc=0x0000021607db3460 relative=0x0000000000000140
Event: 135.682 Thread 0x00000216235069b0 Uncommon trap: reason=unstable_if action=reinterpret pc=0x0000021607db3460 method=java.util.concurrent.locks.ReentrantLock$Sync.tryRelease(I)Z @ 26 c2
Event: 135.682 Thread 0x0000021619268930 Uncommon trap: trap_request=0xffffff45 fr.pc=0x0000021607dd6fc0 relative=0x00000000000004c0
Event: 135.682 Thread 0x00000216235069b0 DEOPT PACKING pc=0x0000021607db3460 sp=0x00000051414fec60
Event: 135.682 Thread 0x0000021619268930 Uncommon trap: reason=unstable_if action=reinterpret pc=0x0000021607dd6fc0 method=java.util.concurrent.locks.AbstractQueuedSynchronizer$ConditionNode.isReleasable()Z @ 14 c2
Event: 135.682 Thread 0x00000216235069b0 DEOPT UNPACKING pc=0x00000216000523a3 sp=0x00000051414feb50 mode 2
Event: 135.682 Thread 0x0000021619268930 DEOPT PACKING pc=0x0000021607dd6fc0 sp=0x00000051432ff090
Event: 135.682 Thread 0x0000021619268930 DEOPT UNPACKING pc=0x00000216000523a3 sp=0x00000051432feeb8 mode 2
Event: 135.682 Thread 0x0000021619268930 Uncommon trap: trap_request=0xffffff45 fr.pc=0x0000021607d71b48 relative=0x0000000000000048
Event: 135.682 Thread 0x0000021619268930 Uncommon trap: reason=unstable_if action=reinterpret pc=0x0000021607d71b48 method=java.lang.Thread.interrupted()Z @ 10 c2
Event: 135.682 Thread 0x0000021619268930 DEOPT PACKING pc=0x0000021607d71b48 sp=0x00000051432ff040
Event: 135.682 Thread 0x0000021619268930 DEOPT UNPACKING pc=0x00000216000523a3 sp=0x00000051432fefd0 mode 2
Event: 135.682 Thread 0x0000021619268930 Uncommon trap: trap_request=0xffffff45 fr.pc=0x0000021607ddb15c relative=0x0000000000000edc
Event: 135.682 Thread 0x0000021619268930 Uncommon trap: reason=unstable_if action=reinterpret pc=0x0000021607ddb15c method=java.util.concurrent.locks.AbstractQueuedSynchronizer.acquire(Ljava/util/concurrent/locks/AbstractQueuedSynchronizer$Node;IZZZJ)I @ 155 c2
Event: 135.682 Thread 0x0000021619268930 DEOPT PACKING pc=0x0000021607ddb15c sp=0x00000051432fef70
Event: 135.682 Thread 0x0000021619268930 DEOPT UNPACKING pc=0x00000216000523a3 sp=0x00000051432fef50 mode 2

Classes unloaded (0 events):
No events

Classes redefined (0 events):
No events

Internal exceptions (20 events):
Event: 1.867 Thread 0x0000021619302fe0 Exception <a 'java/lang/NoSuchMethodError'{0x00000006982fce18}: 'java.lang.Object java.lang.invoke.Invokers$Holder.linkToTargetMethod(java.lang.Object, long, java.lang.Object)'> (0x00000006982fce18) 
thrown [t:\workspace\open\src\hotspot\share\interpreter\linkResolver.cpp, line 766]
Event: 1.966 Thread 0x0000021619302fe0 Exception <a 'java/lang/ClassNotFoundException'{0x0000000697ecaba0}: com/sun/javafx/scene/control/skin/resources/controls> (0x0000000697ecaba0) 
thrown [t:\workspace\open\src\hotspot\share\prims\jni.cpp, line 535]
Event: 1.967 Thread 0x0000021619302fe0 Exception <a 'java/lang/ClassNotFoundException'{0x0000000697ed90a0}: com/sun/javafx/scene/control/skin/resources/controls_es> (0x0000000697ed90a0) 
thrown [t:\workspace\open\src\hotspot\share\prims\jni.cpp, line 535]
Event: 1.968 Thread 0x0000021619302fe0 Exception <a 'java/lang/ClassNotFoundException'{0x0000000697ee6ff8}: com/sun/javafx/scene/control/skin/resources/controls_es_CO> (0x0000000697ee6ff8) 
thrown [t:\workspace\open\src\hotspot\share\prims\jni.cpp, line 535]
Event: 3.154 Thread 0x0000021619302fe0 Exception <a 'java/lang/NoSuchMethodError'{0x0000000699469958}: 'void java.lang.invoke.DirectMethodHandle$Holder.invokeSpecial(java.lang.Object, java.lang.Object, java.lang.Object, java.lang.Object, java.lang.Object, java.lang.Object)'> (0x0000000699469958) 
thrown [t:\workspace\open\src\hotspot\share\interpreter\linkResolver.cpp, line 766]
Event: 3.178 Thread 0x0000021619302fe0 Exception <a 'java/lang/NoSuchMethodError'{0x000000069908d668}: 'void java.lang.invoke.DirectMethodHandle$Holder.invokeSpecialIFC(java.lang.Object, java.lang.Object, java.lang.Object, java.lang.Object)'> (0x000000069908d668) 
thrown [t:\workspace\open\src\hotspot\share\interpreter\linkResolver.cpp, line 766]
Event: 3.187 Thread 0x0000021619302fe0 Exception <a 'java/lang/NoSuchMethodError'{0x00000006991a0380}: 'int java.lang.invoke.DirectMethodHandle$Holder.invokeSpecial(java.lang.Object, java.lang.Object, int)'> (0x00000006991a0380) 
thrown [t:\workspace\open\src\hotspot\share\interpreter\linkResolver.cpp, line 766]
Event: 11.640 Thread 0x0000021619302fe0 Exception <a 'java/lang/NoSuchMethodError'{0x0000000698e0ddc0}: 'java.lang.Object java.lang.invoke.DirectMethodHandle$Holder.newInvokeSpecial(java.lang.Object, java.lang.Object, int, int, int, int, int, java.lang.Object)'> (0x0000000698e0ddc0) 
thrown [t:\workspace\open\src\hotspot\share\interpreter\linkResolver.cpp, line 766]
Event: 11.641 Thread 0x0000021619302fe0 Exception <a 'java/lang/NoSuchMethodError'{0x0000000698e21840}: 'java.lang.Object java.lang.invoke.DirectMethodHandle$Holder.newInvokeSpecial(java.lang.Object, java.lang.Object, java.lang.Object, int, int, int, int, int)'> (0x0000000698e21840) 
thrown [t:\workspace\open\src\hotspot\share\interpreter\linkResolver.cpp, line 766]
Event: 11.641 Thread 0x0000021619302fe0 Exception <a 'java/lang/NoSuchMethodError'{0x0000000698e29b40}: 'java.lang.Object java.lang.invoke.Invokers$Holder.linkToTargetMethod(java.lang.Object, java.lang.Object, int, int, int, int, int, java.lang.Object)'> (0x0000000698e29b40) 
thrown [t:\workspace\open\src\hotspot\share\interpreter\linkResolver.cpp, line 766]
Event: 29.484 Thread 0x0000021619268930 Exception <a 'java/lang/NoSuchMethodError'{0x0000000699d1b560}: 'java.lang.Object java.lang.invoke.DirectMethodHandle$Holder.invokeStaticInit(java.lang.Object, int)'> (0x0000000699d1b560) 
thrown [t:\workspace\open\src\hotspot\share\interpreter\linkResolver.cpp, line 766]
Event: 87.316 Thread 0x0000021619302fe0 Exception <a 'java/lang/reflect/InvocationTargetException'{0x0000000697c820f0}> (0x0000000697c820f0) 
thrown [t:\workspace\open\src\hotspot\share\runtime\reflection.cpp, line 1121]
Event: 94.987 Thread 0x0000021619302fe0 Exception <a 'java/lang/reflect/InvocationTargetException'{0x0000000697cfd730}> (0x0000000697cfd730) 
thrown [t:\workspace\open\src\hotspot\share\runtime\reflection.cpp, line 1121]
Event: 102.620 Thread 0x0000021619302fe0 Exception <a 'java/lang/reflect/InvocationTargetException'{0x0000000697d88ba8}> (0x0000000697d88ba8) 
thrown [t:\workspace\open\src\hotspot\share\runtime\reflection.cpp, line 1121]
Event: 103.621 Thread 0x0000021619302fe0 Exception <a 'java/lang/reflect/InvocationTargetException'{0x0000000697de1ad8}> (0x0000000697de1ad8) 
thrown [t:\workspace\open\src\hotspot\share\runtime\reflection.cpp, line 1121]
Event: 121.568 Thread 0x0000021619302fe0 Exception <a 'java/lang/reflect/InvocationTargetException'{0x00000006969c7008}> (0x00000006969c7008) 
thrown [t:\workspace\open\src\hotspot\share\runtime\reflection.cpp, line 1121]
Event: 122.328 Thread 0x0000021619302fe0 Exception <a 'java/lang/reflect/InvocationTargetException'{0x0000000696a20738}> (0x0000000696a20738) 
thrown [t:\workspace\open\src\hotspot\share\runtime\reflection.cpp, line 1121]
Event: 122.903 Thread 0x0000021619302fe0 Exception <a 'java/lang/reflect/InvocationTargetException'{0x0000000696a77f58}> (0x0000000696a77f58) 
thrown [t:\workspace\open\src\hotspot\share\runtime\reflection.cpp, line 1121]
Event: 126.487 Thread 0x0000021619302fe0 Exception <a 'java/lang/reflect/InvocationTargetException'{0x0000000696b242d8}> (0x0000000696b242d8) 
thrown [t:\workspace\open\src\hotspot\share\runtime\reflection.cpp, line 1121]
Event: 132.740 Thread 0x0000021619302fe0 Implicit null exception at 0x0000021607d9d5d8 to 0x0000021607da51f0

VM Operations (20 events):
Event: 121.279 Executing VM operation: Cleanup done
Event: 123.279 Executing VM operation: Cleanup
Event: 123.279 Executing VM operation: Cleanup done
Event: 125.280 Executing VM operation: Cleanup
Event: 125.280 Executing VM operation: Cleanup done
Event: 127.280 Executing VM operation: Cleanup
Event: 127.280 Executing VM operation: Cleanup done
Event: 129.280 Executing VM operation: Cleanup
Event: 129.280 Executing VM operation: Cleanup done
Event: 132.281 Executing VM operation: Cleanup
Event: 132.281 Executing VM operation: Cleanup done
Event: 133.281 Executing VM operation: Cleanup
Event: 133.281 Executing VM operation: Cleanup done
Event: 134.281 Executing VM operation: Cleanup
Event: 134.281 Executing VM operation: Cleanup done
Event: 134.539 Executing VM operation: HandshakeAllThreads
Event: 134.539 Executing VM operation: HandshakeAllThreads done
Event: 135.539 Executing VM operation: Cleanup
Event: 135.539 Executing VM operation: Cleanup done
Event: 135.682 Executing VM operation: Exit

Events (20 events):
Event: 112.232 Thread 0x00000216182912c0 Thread exited: 0x00000216182912c0
Event: 112.744 Thread 0x000002161828ea40 Thread exited: 0x000002161828ea40
Event: 112.744 Thread 0x000002161828f460 Thread exited: 0x000002161828f460
Event: 112.744 Thread 0x000002161828f970 Thread exited: 0x000002161828f970
Event: 117.489 Thread 0x00000216182912c0 Thread added: 0x00000216182912c0
Event: 117.493 Thread 0x000002161828ea40 Thread added: 0x000002161828ea40
Event: 117.653 Thread 0x000002161828ea40 Thread exited: 0x000002161828ea40
Event: 117.653 Thread 0x00000216182912c0 Thread exited: 0x00000216182912c0
Event: 119.250 Thread 0x000002161828ea40 Thread added: 0x000002161828ea40
Event: 119.481 Thread 0x000002161828ea40 Thread exited: 0x000002161828ea40
Event: 132.743 Thread 0x00000216182912c0 Thread added: 0x00000216182912c0
Event: 132.754 Thread 0x000002161828ea40 Thread added: 0x000002161828ea40
Event: 133.800 Thread 0x000002161828ea40 Thread exited: 0x000002161828ea40
Event: 133.889 Thread 0x00000216182912c0 Thread exited: 0x00000216182912c0
Event: 134.025 Thread 0x000002161828ea40 Thread added: 0x000002161828ea40
Event: 135.081 Thread 0x000002161828ea40 Thread exited: 0x000002161828ea40
Event: 135.681 Thread 0x0000021623506010 Thread added: 0x0000021623506010
Event: 135.681 Thread 0x00000216235069b0 Thread added: 0x00000216235069b0
Event: 135.681 Thread 0x0000021623506010 Thread exited: 0x0000021623506010
Event: 135.682 Thread 0x00000216235069b0 Thread exited: 0x00000216235069b0


Dynamic libraries:
0x00007ff74bcd0000 - 0x00007ff74bce0000 	C:\Program Files\Java\jdk-17.0.2\bin\java.exe
0x00007fff5fc40000 - 0x00007fff5fe49000 	C:\Windows\SYSTEM32\ntdll.dll
0x00007fff5ee00000 - 0x00007fff5eebd000 	C:\Windows\System32\KERNEL32.DLL
0x00007fff5d3f0000 - 0x00007fff5d769000 	C:\Windows\System32\KERNELBASE.dll
0x00007fff5d920000 - 0x00007fff5da31000 	C:\Windows\System32\ucrtbase.dll
0x00007fff59390000 - 0x00007fff593aa000 	C:\Program Files\Java\jdk-17.0.2\bin\VCRUNTIME140.dll
0x00007fff2b5f0000 - 0x00007fff2b608000 	C:\Program Files\Java\jdk-17.0.2\bin\jli.dll
0x00007fff5ec50000 - 0x00007fff5ecfe000 	C:\Windows\System32\ADVAPI32.dll
0x00007fff5eb10000 - 0x00007fff5ebb3000 	C:\Windows\System32\msvcrt.dll
0x00007fff5dd90000 - 0x00007fff5de2e000 	C:\Windows\System32\sechost.dll
0x00007fff5fa30000 - 0x00007fff5fb50000 	C:\Windows\System32\RPCRT4.dll
0x00007fff5de30000 - 0x00007fff5dfdc000 	C:\Windows\System32\USER32.dll
0x00007fff4b610000 - 0x00007fff4b8b5000 	C:\Windows\WinSxS\amd64_microsoft.windows.common-controls_6595b64144ccf1df_6.0.22000.120_none_9d947278b86cc467\COMCTL32.dll
0x00007fff5d130000 - 0x00007fff5d156000 	C:\Windows\System32\win32u.dll
0x00007fff5ea10000 - 0x00007fff5ea39000 	C:\Windows\System32\GDI32.dll
0x00007fff5d2d0000 - 0x00007fff5d3e2000 	C:\Windows\System32\gdi32full.dll
0x00007fff5da40000 - 0x00007fff5dadd000 	C:\Windows\System32\msvcp_win.dll
0x00007fff54ae0000 - 0x00007fff54aea000 	C:\Windows\SYSTEM32\VERSION.dll
0x00007fff5fbc0000 - 0x00007fff5fbf1000 	C:\Windows\System32\IMM32.DLL
0x00007fff59380000 - 0x00007fff5938c000 	C:\Program Files\Java\jdk-17.0.2\bin\vcruntime140_1.dll
0x00007fff497f0000 - 0x00007fff4987d000 	C:\Program Files\Java\jdk-17.0.2\bin\msvcp140.dll
0x00007ffec7e10000 - 0x00007ffec89d1000 	C:\Program Files\Java\jdk-17.0.2\bin\server\jvm.dll
0x00007fff5f540000 - 0x00007fff5f548000 	C:\Windows\System32\PSAPI.DLL
0x00007fff59680000 - 0x00007fff59689000 	C:\Windows\SYSTEM32\WSOCK32.dll
0x00007fff55c20000 - 0x00007fff55c53000 	C:\Windows\SYSTEM32\WINMM.dll
0x00007fff5eec0000 - 0x00007fff5ef2f000 	C:\Windows\System32\WS2_32.dll
0x00007fff5c320000 - 0x00007fff5c338000 	C:\Windows\SYSTEM32\kernel.appcore.dll
0x00007fff59370000 - 0x00007fff5937a000 	C:\Program Files\Java\jdk-17.0.2\bin\jimage.dll
0x00007fff5a7c0000 - 0x00007fff5a9e1000 	C:\Windows\SYSTEM32\DBGHELP.DLL
0x00007fff44ba0000 - 0x00007fff44bd1000 	C:\Windows\SYSTEM32\dbgcore.DLL
0x00007fff5d770000 - 0x00007fff5d7ef000 	C:\Windows\System32\bcryptPrimitives.dll
0x00007fff49fb0000 - 0x00007fff49fd5000 	C:\Program Files\Java\jdk-17.0.2\bin\java.dll
0x00007fff498a0000 - 0x00007fff49976000 	C:\Program Files\Java\jdk-17.0.2\bin\jsvml.dll
0x00007fff5e260000 - 0x00007fff5ea0f000 	C:\Windows\System32\SHELL32.dll
0x00007fff5b2b0000 - 0x00007fff5bb18000 	C:\Windows\SYSTEM32\windows.storage.dll
0x00007fff5f6b0000 - 0x00007fff5fa28000 	C:\Windows\System32\combase.dll
0x00007fff5b140000 - 0x00007fff5b2a6000 	C:\Windows\SYSTEM32\wintypes.dll
0x00007fff5dae0000 - 0x00007fff5dbca000 	C:\Windows\System32\SHCORE.dll
0x00007fff5dfe0000 - 0x00007fff5e03d000 	C:\Windows\System32\shlwapi.dll
0x00007fff5d060000 - 0x00007fff5d081000 	C:\Windows\SYSTEM32\profapi.dll
0x00007fff59310000 - 0x00007fff59329000 	C:\Program Files\Java\jdk-17.0.2\bin\net.dll
0x00007fff57820000 - 0x00007fff5792c000 	C:\Windows\SYSTEM32\WINHTTP.dll
0x00007fff5c750000 - 0x00007fff5c7b7000 	C:\Windows\system32\mswsock.dll
0x00007fff49f90000 - 0x00007fff49fa6000 	C:\Program Files\Java\jdk-17.0.2\bin\nio.dll
0x00007fff49880000 - 0x00007fff49898000 	C:\Program Files\Java\jdk-17.0.2\bin\zip.dll
0x00000216176f0000 - 0x00000216176f3000 	C:\Program Files\Java\javafx-sdk-18.0.1\bin\api-ms-win-core-console-l1-1-0.dll
0x0000021617700000 - 0x0000021617703000 	C:\Program Files\Java\javafx-sdk-18.0.1\bin\api-ms-win-core-console-l1-2-0.dll
0x0000021617710000 - 0x0000021617713000 	C:\Program Files\Java\javafx-sdk-18.0.1\bin\api-ms-win-core-datetime-l1-1-0.dll
0x0000021617720000 - 0x0000021617723000 	C:\Program Files\Java\javafx-sdk-18.0.1\bin\api-ms-win-core-debug-l1-1-0.dll
0x0000021617730000 - 0x0000021617733000 	C:\Program Files\Java\javafx-sdk-18.0.1\bin\api-ms-win-core-errorhandling-l1-1-0.dll
0x0000021617740000 - 0x0000021617744000 	C:\Program Files\Java\javafx-sdk-18.0.1\bin\api-ms-win-core-file-l1-1-0.dll
0x0000021617750000 - 0x0000021617753000 	C:\Program Files\Java\javafx-sdk-18.0.1\bin\api-ms-win-core-file-l1-2-0.dll
0x0000021617760000 - 0x0000021617763000 	C:\Program Files\Java\javafx-sdk-18.0.1\bin\api-ms-win-core-file-l2-1-0.dll
0x0000021617770000 - 0x0000021617773000 	C:\Program Files\Java\javafx-sdk-18.0.1\bin\api-ms-win-core-handle-l1-1-0.dll
0x0000021617780000 - 0x0000021617783000 	C:\Program Files\Java\javafx-sdk-18.0.1\bin\api-ms-win-core-heap-l1-1-0.dll
0x0000021617790000 - 0x0000021617793000 	C:\Program Files\Java\javafx-sdk-18.0.1\bin\api-ms-win-core-interlocked-l1-1-0.dll
0x00000216177a0000 - 0x00000216177a3000 	C:\Program Files\Java\javafx-sdk-18.0.1\bin\api-ms-win-core-libraryloader-l1-1-0.dll
0x00000216177b0000 - 0x00000216177b3000 	C:\Program Files\Java\javafx-sdk-18.0.1\bin\api-ms-win-core-localization-l1-2-0.dll
0x00000216177c0000 - 0x00000216177c3000 	C:\Program Files\Java\javafx-sdk-18.0.1\bin\api-ms-win-core-memory-l1-1-0.dll
0x00000216177d0000 - 0x00000216177d3000 	C:\Program Files\Java\javafx-sdk-18.0.1\bin\api-ms-win-core-namedpipe-l1-1-0.dll
0x00000216177e0000 - 0x00000216177e3000 	C:\Program Files\Java\javafx-sdk-18.0.1\bin\api-ms-win-core-processenvironment-l1-1-0.dll
0x00000216177f0000 - 0x00000216177f3000 	C:\Program Files\Java\javafx-sdk-18.0.1\bin\api-ms-win-core-processthreads-l1-1-0.dll
0x0000021619bd0000 - 0x0000021619bd3000 	C:\Program Files\Java\javafx-sdk-18.0.1\bin\api-ms-win-core-processthreads-l1-1-1.dll
0x0000021619be0000 - 0x0000021619be3000 	C:\Program Files\Java\javafx-sdk-18.0.1\bin\api-ms-win-core-profile-l1-1-0.dll
0x0000021619bf0000 - 0x0000021619bf3000 	C:\Program Files\Java\javafx-sdk-18.0.1\bin\api-ms-win-core-rtlsupport-l1-1-0.dll
0x0000021619c00000 - 0x0000021619c03000 	C:\Program Files\Java\javafx-sdk-18.0.1\bin\api-ms-win-core-string-l1-1-0.dll
0x0000021619c10000 - 0x0000021619c13000 	C:\Program Files\Java\javafx-sdk-18.0.1\bin\api-ms-win-core-synch-l1-1-0.dll
0x0000021619c20000 - 0x0000021619c23000 	C:\Program Files\Java\javafx-sdk-18.0.1\bin\api-ms-win-core-synch-l1-2-0.dll
0x0000021619c30000 - 0x0000021619c33000 	C:\Program Files\Java\javafx-sdk-18.0.1\bin\api-ms-win-core-sysinfo-l1-1-0.dll
0x0000021619c40000 - 0x0000021619c43000 	C:\Program Files\Java\javafx-sdk-18.0.1\bin\api-ms-win-core-timezone-l1-1-0.dll
0x0000021619c50000 - 0x0000021619c53000 	C:\Program Files\Java\javafx-sdk-18.0.1\bin\api-ms-win-core-util-l1-1-0.dll
0x0000021619c60000 - 0x0000021619c63000 	C:\Program Files\Java\javafx-sdk-18.0.1\bin\api-ms-win-crt-conio-l1-1-0.dll
0x0000021619c70000 - 0x0000021619c74000 	C:\Program Files\Java\javafx-sdk-18.0.1\bin\api-ms-win-crt-convert-l1-1-0.dll
0x0000021619c80000 - 0x0000021619c83000 	C:\Program Files\Java\javafx-sdk-18.0.1\bin\api-ms-win-crt-environment-l1-1-0.dll
0x0000021619c90000 - 0x0000021619c93000 	C:\Program Files\Java\javafx-sdk-18.0.1\bin\api-ms-win-crt-filesystem-l1-1-0.dll
0x0000021619ca0000 - 0x0000021619ca3000 	C:\Program Files\Java\javafx-sdk-18.0.1\bin\api-ms-win-crt-heap-l1-1-0.dll
0x0000021619cb0000 - 0x0000021619cb3000 	C:\Program Files\Java\javafx-sdk-18.0.1\bin\api-ms-win-crt-locale-l1-1-0.dll
0x0000021619cc0000 - 0x0000021619cc5000 	C:\Program Files\Java\javafx-sdk-18.0.1\bin\api-ms-win-crt-math-l1-1-0.dll
0x0000021619cd0000 - 0x0000021619cd5000 	C:\Program Files\Java\javafx-sdk-18.0.1\bin\api-ms-win-crt-multibyte-l1-1-0.dll
0x0000021619ce0000 - 0x0000021619cf0000 	C:\Program Files\Java\javafx-sdk-18.0.1\bin\api-ms-win-crt-private-l1-1-0.dll
0x0000021619cf0000 - 0x0000021619cf3000 	C:\Program Files\Java\javafx-sdk-18.0.1\bin\api-ms-win-crt-process-l1-1-0.dll
0x0000021619d00000 - 0x0000021619d04000 	C:\Program Files\Java\javafx-sdk-18.0.1\bin\api-ms-win-crt-runtime-l1-1-0.dll
0x0000021619d10000 - 0x0000021619d14000 	C:\Program Files\Java\javafx-sdk-18.0.1\bin\api-ms-win-crt-stdio-l1-1-0.dll
0x0000021619d20000 - 0x0000021619d24000 	C:\Program Files\Java\javafx-sdk-18.0.1\bin\api-ms-win-crt-string-l1-1-0.dll
0x0000021619d30000 - 0x0000021619d33000 	C:\Program Files\Java\javafx-sdk-18.0.1\bin\api-ms-win-crt-time-l1-1-0.dll
0x0000021619d40000 - 0x0000021619d43000 	C:\Program Files\Java\javafx-sdk-18.0.1\bin\api-ms-win-crt-utility-l1-1-0.dll
0x00007ffed7bf0000 - 0x00007ffed7cec000 	C:\Program Files\Java\javafx-sdk-18.0.1\bin\ucrtbase.dll
0x00007fff22340000 - 0x00007fff2235a000 	C:\Program Files\Java\javafx-sdk-18.0.1\bin\vcruntime140.dll
0x00007fff356a0000 - 0x00007fff356ac000 	C:\Program Files\Java\javafx-sdk-18.0.1\bin\vcruntime140_1.dll
0x00007ffed7b60000 - 0x00007ffed7bed000 	C:\Program Files\Java\javafx-sdk-18.0.1\bin\msvcp140.dll
0x00007ffed7b30000 - 0x00007ffed7b5c000 	C:\Program Files\Java\javafx-sdk-18.0.1\bin\prism_d3d.dll
0x00007fff521e0000 - 0x00007fff52386000 	C:\Windows\system32\d3d9.dll
0x00007fff5ad70000 - 0x00007fff5ad9f000 	C:\Windows\SYSTEM32\dwmapi.dll
0x00007fff5a6a0000 - 0x00007fff5a6d8000 	C:\Windows\SYSTEM32\dxcore.dll
0x00007fff5a380000 - 0x00007fff5a42c000 	C:\Windows\system32\uxtheme.dll
0x00007fff532b0000 - 0x00007fff533b7000 	C:\Windows\System32\DriverStore\FileRepository\nvltig.inf_amd64_ce837e92efe9cbc4\nvldumdx.dll
0x00007fff5c9f0000 - 0x00007fff5ca02000 	C:\Windows\SYSTEM32\msasn1.dll
0x00007fff54980000 - 0x00007fff549b1000 	C:\Windows\SYSTEM32\cryptnet.dll
0x00007fff5d160000 - 0x00007fff5d2c2000 	C:\Windows\System32\CRYPT32.dll
0x00007fff52f50000 - 0x00007fff53099000 	C:\Windows\SYSTEM32\drvstore.dll
0x00007fff5ce50000 - 0x00007fff5ce7c000 	C:\Windows\SYSTEM32\devobj.dll
0x00007fff5ce00000 - 0x00007fff5ce4c000 	C:\Windows\SYSTEM32\cfgmgr32.dll
0x00007fff5ca60000 - 0x00007fff5ca9d000 	C:\Windows\SYSTEM32\wldp.dll
0x00007fff5c990000 - 0x00007fff5c99c000 	C:\Windows\SYSTEM32\cryptbase.dll
0x00007fff5d8b0000 - 0x00007fff5d917000 	C:\Windows\System32\WINTRUST.DLL
0x00007fff5eaf0000 - 0x00007fff5eb0f000 	C:\Windows\System32\imagehlp.dll
0x00007fff5c9a0000 - 0x00007fff5c9b8000 	C:\Windows\SYSTEM32\CRYPTSP.dll
0x00007fff5c280000 - 0x00007fff5c2b5000 	C:\Windows\system32\rsaenh.dll
0x00007fff5cb10000 - 0x00007fff5cb37000 	C:\Windows\SYSTEM32\bcrypt.dll
0x00007ffee0330000 - 0x00007ffee1ab8000 	C:\Windows\System32\DriverStore\FileRepository\nvltig.inf_amd64_ce837e92efe9cbc4\nvd3dumx.dll
0x00007fff56f80000 - 0x00007fff56fc4000 	C:\Windows\SYSTEM32\directxdatabasehelper.dll
0x00007fff5aa10000 - 0x00007fff5aa44000 	C:\Windows\SYSTEM32\ntmarta.dll
0x00007ffec70f0000 - 0x00007ffec7132000 	C:\Program Files\Java\javafx-sdk-18.0.1\bin\glass.dll
0x00007fff5ed00000 - 0x00007fff5edec000 	C:\Windows\System32\COMDLG32.dll
0x00007fff5ef30000 - 0x00007fff5f0ca000 	C:\Windows\System32\ole32.dll
0x00007fff5f550000 - 0x00007fff5f626000 	C:\Windows\System32\OLEAUT32.dll
0x00007fff5dc10000 - 0x00007fff5dd2e000 	C:\Windows\System32\MSCTF.dll
0x00007ffee2240000 - 0x00007ffee2503000 	C:\Windows\system32\nvspcap64.dll
0x00007fff5c7e0000 - 0x00007fff5c804000 	C:\Windows\SYSTEM32\gpapi.dll
0x00007ffedf7b0000 - 0x00007ffedf7c4000 	C:\Program Files\Java\javafx-sdk-18.0.1\bin\javafx_font.dll
0x00007fff37e10000 - 0x00007fff3806f000 	C:\Windows\SYSTEM32\dwrite.dll
0x00007fff5ea40000 - 0x00007fff5eaef000 	C:\Windows\System32\clbcatq.dll
0x00007fff54af0000 - 0x00007fff54c9e000 	C:\Windows\SYSTEM32\WindowsCodecs.dll
0x00007fff36300000 - 0x00007fff3635d000 	C:\Windows\system32\dataexchange.dll
0x00007fff53ce0000 - 0x00007fff53f46000 	C:\Windows\system32\twinapi.appcore.dll
0x00007fff35fe0000 - 0x00007fff36012000 	C:\Program Files\Common Files\Microsoft Shared\Ink\rtscom.dll
0x00007fff3f140000 - 0x00007fff3f26d000 	C:\Windows\SYSTEM32\textinputframework.dll
0x00007fff59fa0000 - 0x00007fff5a0d2000 	C:\Windows\SYSTEM32\CoreMessaging.dll

dbghelp: loaded successfully - version: 4.0.5 - missing functions: none
symbol engine: initialized successfully - sym options: 0x614 - pdb path: .;C:\Program Files\Java\jdk-17.0.2\bin;C:\Windows\SYSTEM32;C:\Windows\WinSxS\amd64_microsoft.windows.common-controls_6595b64144ccf1df_6.0.22000.120_none_9d947278b86cc467;C:\Program Files\Java\jdk-17.0.2\bin\server;C:\Program Files\Java\javafx-sdk-18.0.1\bin;C:\Windows\System32\DriverStore\FileRepository\nvltig.inf_amd64_ce837e92efe9cbc4;C:\Program Files\Common Files\Microsoft Shared\Ink

VM Arguments:
jvm_args: -Dfile.encoding=UTF-8 --add-modules=javafx.controls,javafx.fxml --module-path=C:\Users\juanc\OneDrive\Documentos\Universidad 3\POO\SEATORA\build\classes;C:\Program Files\Java\javafx-sdk-18.0.1\lib\javafx-swt.jar;C:\Program Files\Java\javafx-sdk-18.0.1\lib\javafx.base.jar;C:\Program Files\Java\javafx-sdk-18.0.1\lib\javafx.controls.jar;C:\Program Files\Java\javafx-sdk-18.0.1\lib\javafx.fxml.jar;C:\Program Files\Java\javafx-sdk-18.0.1\lib\javafx.graphics.jar;C:\Program Files\Java\javafx-sdk-18.0.1\lib\javafx.media.jar;C:\Program Files\Java\javafx-sdk-18.0.1\lib\javafx.swing.jar;C:\Program Files\Java\javafx-sdk-18.0.1\lib\javafx.web.jar 
java_command: start.Seatora
java_class_path (initial): C:\Program Files\Java\javafx-sdk-18.0.1\lib\javafx-swt.jar;C:\Program Files\Java\javafx-sdk-18.0.1\lib\javafx.base.jar;C:\Program Files\Java\javafx-sdk-18.0.1\lib\javafx.controls.jar;C:\Program Files\Java\javafx-sdk-18.0.1\lib\javafx.fxml.jar;C:\Program Files\Java\javafx-sdk-18.0.1\lib\javafx.graphics.jar;C:\Program Files\Java\javafx-sdk-18.0.1\lib\javafx.media.jar;C:\Program Files\Java\javafx-sdk-18.0.1\lib\javafx.swing.jar;C:\Program Files\Java\javafx-sdk-18.0.1\lib\javafx.web.jar;C:\Users\juanc\OneDrive\Documentos\Universidad 3\POO\SEATORA\build\classes
Launcher Type: SUN_STANDARD

[Global flags]
     intx CICompilerCount                          = 12                                        {product} {ergonomic}
     uint ConcGCThreads                            = 3                                         {product} {ergonomic}
     uint G1ConcRefinementThreads                  = 13                                        {product} {ergonomic}
   size_t G1HeapRegionSize                         = 4194304                                   {product} {ergonomic}
    uintx GCDrainStackTargetSize                   = 64                                        {product} {ergonomic}
   size_t InitialHeapSize                          = 402653184                                 {product} {ergonomic}
   size_t MarkStackSize                            = 4194304                                   {product} {ergonomic}
   size_t MaxHeapSize                              = 6404702208                                {product} {ergonomic}
   size_t MaxNewSize                               = 3841982464                                {product} {ergonomic}
   size_t MinHeapDeltaBytes                        = 4194304                                   {product} {ergonomic}
   size_t MinHeapSize                              = 8388608                                   {product} {ergonomic}
    uintx NonNMethodCodeHeapSize                   = 7602480                                {pd product} {ergonomic}
    uintx NonProfiledCodeHeapSize                  = 122027880                              {pd product} {ergonomic}
    uintx ProfiledCodeHeapSize                     = 122027880                              {pd product} {ergonomic}
    uintx ReservedCodeCacheSize                    = 251658240                              {pd product} {ergonomic}
     bool SegmentedCodeCache                       = true                                      {product} {ergonomic}
   size_t SoftMaxHeapSize                          = 6404702208                             {manageable} {ergonomic}
     bool UseCompressedClassPointers               = true                           {product lp64_product} {ergonomic}
     bool UseCompressedOops                        = true                           {product lp64_product} {ergonomic}
     bool UseG1GC                                  = true                                      {product} {ergonomic}
     bool UseLargePagesIndividualAllocation        = false                                  {pd product} {ergonomic}

Logging:
Log output configuration:
 #0: stdout all=off uptime,level,tags
 #1: stderr all=off uptime,level,tags

Environment Variables:
PATH=C:\Program Files\Common Files\Oracle\Java\javapath;C:\Program Files (x86)\Common Files\Oracle\Java\javapath;C:\Windows\system32;C:\Windows;C:\Windows\System32\Wbem;C:\Windows\System32\WindowsPowerShell\v1.0\;C:\Windows\System32\OpenSSH\;C:\Program Files (x86)\NVIDIA Corporation\PhysX\Common;C:\Program Files\NVIDIA Corporation\NVIDIA NvDLISR;C:\Users\juanc\AppData\Local\Microsoft\WindowsApps;;C:\Users\juanc\AppData\Local\Programs\Microsoft VS Code\bin
USERNAME=juanc
OS=Windows_NT
PROCESSOR_IDENTIFIER=AMD64 Family 25 Model 80 Stepping 0, AuthenticAMD



---------------  S Y S T E M  ---------------

OS:
 Windows 11 , 64 bit Build 22000 (10.0.22000.675)
OS uptime: 0 days 6:15 hours

CPU: total 16 (initial active 16) (16 cores per cpu, 2 threads per core) family 25 model 80 stepping 0 microcode 0x0, cx8, cmov, fxsr, ht, mmx, 3dnowpref, sse, sse2, sse3, ssse3, sse4a, sse4.1, sse4.2, popcnt, lzcnt, tsc, tscinvbit, avx, avx2, aes, erms, clmul, bmi1, bmi2, adx, sha, fma, vzeroupper, clflush, clflushopt

Memory: 4k page, system-wide physical 24428M (13619M free)
TotalPageFile size 28012M (AvailPageFile size 12639M)
current process WorkingSet (physical memory assigned to process): 235M, peak: 266M
current process commit charge ("private bytes"): 684M, peak: 715M

vm_info: Java HotSpot(TM) 64-Bit Server VM (17.0.2+8-LTS-86) for windows-amd64 JRE (17.0.2+8-LTS-86), built on Dec  7 2021 21:51:03 by "mach5one" with MS VC++ 16.8 / 16.9 (VS2019)

END.
