#
# A fatal error has been detected by the Java Runtime Environment:
#
#  EXCEPTION_ACCESS_VIOLATION (0xc0000005) at pc=0x00007ffe736462d7, pid=16588, tid=17824
#
# JRE version: Java(TM) SE Runtime Environment (17.0.2+8) (build 17.0.2+8-LTS-86)
# Java VM: Java HotSpot(TM) 64-Bit Server VM (17.0.2+8-LTS-86, mixed mode, sharing, tiered, compressed oops, compressed class ptrs, g1 gc, windows-amd64)
# Problematic frame:
# C  [glass.dll+0x262d7]
#
# No core dump will be written. Minidumps are not enabled by default on client versions of Windows
#
# If you would like to submit a bug report, please visit:
#   https://bugreport.java.com/bugreport/crash.jsp
#

---------------  S U M M A R Y ------------

Command Line: -Dfile.encoding=UTF-8 --add-modules=javafx.controls,javafx.fxml --module-path=C:\Users\juanc\OneDrive\Documentos\Universidad 3\POO\SEATORA\build\classes;C:\Program Files\Java\javafx-sdk-18.0.1\lib\javafx-swt.jar;C:\Program Files\Java\javafx-sdk-18.0.1\lib\javafx.base.jar;C:\Program Files\Java\javafx-sdk-18.0.1\lib\javafx.controls.jar;C:\Program Files\Java\javafx-sdk-18.0.1\lib\javafx.fxml.jar;C:\Program Files\Java\javafx-sdk-18.0.1\lib\javafx.graphics.jar;C:\Program Files\Java\javafx-sdk-18.0.1\lib\javafx.media.jar;C:\Program Files\Java\javafx-sdk-18.0.1\lib\javafx.swing.jar;C:\Program Files\Java\javafx-sdk-18.0.1\lib\javafx.web.jar start.Seatora

Host: AMD Ryzen 7 5800H with Radeon Graphics         , 16 cores, 23G,  Windows 11 , 64 bit Build 22000 (10.0.22000.675)
Time: Thu May 26 07:11:18 2022 Hora est. Pacífico, Sudamérica elapsed time: 150.201446 seconds (0d 0h 2m 30s)

---------------  T H R E A D  ---------------

Current thread (0x000001ae3f14f460):  VMThread "VM Thread" [stack: 0x0000000543a00000,0x0000000543b00000] [id=17824]

Stack: [0x0000000543a00000,0x0000000543b00000],  sp=0x0000000543aff000,  free space=1020k
Native frames: (J=compiled Java code, j=interpreted, Vv=VM code, C=native code)
C  [glass.dll+0x262d7]


siginfo: EXCEPTION_ACCESS_VIOLATION (0xc0000005), reading address 0x0000000000000000


Register to memory mapping:

RIP=0x00007ffe736462d7 glass.dll
RAX=0x0 is NULL
RBX=0x000001ae41241c80 is a global jni handle
RCX=0x000001ae3f14f460 points into unknown readable memory: 0x00007ffe0739e890 | 90 e8 39 07 fe 7f 00 00
RDX=0x0000000543aff000 points into unknown readable memory: 0x0000000000000000 | 00 00 00 00 00 00 00 00
RSP=0x0000000543aff000 points into unknown readable memory: 0x0000000000000000 | 00 00 00 00 00 00 00 00
RBP=0x000001ae41132ba8 points into unknown readable memory: 0x0000768b10a5642f | 2f 64 a5 10 8b 76 00 00
RSI=0x000001ae41132b80 points into unknown readable memory: 0x1b6e768b2f5a5d9d | 9d 5d 5a 2f 8b 76 6e 1b
RDI=0x0000768b10a5642f is an unknown value
R8 =0x0000000000010002 is an unknown value
R9 =0x0000768b10a5642f is an unknown value
R10=0x85f13e9656da4870 is an unknown value
R11=0x0000000543afef90 points into unknown readable memory: 0x000001ae41132b80 | 80 2b 13 41 ae 01 00 00
R12=0x00007ffe73643bc4 glass.dll
R13=0x00007ffe075449d0 jvm.dll
R14=0x0000000543aff108 points into unknown readable memory: 0x0000000543aff0f0 | f0 f0 af 43 05 00 00 00
R15=0x000001ae41132b80 points into unknown readable memory: 0x1b6e768b2f5a5d9d | 9d 5d 5a 2f 8b 76 6e 1b


Registers:
RAX=0x0000000000000000, RBX=0x000001ae41241c80, RCX=0x000001ae3f14f460, RDX=0x0000000543aff000
RSP=0x0000000543aff000, RBP=0x000001ae41132ba8, RSI=0x000001ae41132b80, RDI=0x0000768b10a5642f
R8 =0x0000000000010002, R9 =0x0000768b10a5642f, R10=0x85f13e9656da4870, R11=0x0000000543afef90
R12=0x00007ffe73643bc4, R13=0x00007ffe075449d0, R14=0x0000000543aff108, R15=0x000001ae41132b80
RIP=0x00007ffe736462d7, EFLAGS=0x0000000000010202

Top of Stack: (sp=0x0000000543aff000)
0x0000000543aff000:   0000000000000000 000001ae41132b80
0x0000000543aff010:   00007ffe075449d0 00007ffe73643bc4
0x0000000543aff020:   000001ae41132b88 00007ffe99cdbea0
0x0000000543aff030:   0000768b10a5642f 000001ae00000000
0x0000000543aff040:   000001ae41132ba8 000001ae41132b80
0x0000000543aff050:   fffffffffffffffe 0000000000000000
0x0000000543aff060:   0000000000000001 00007ffe73620000
0x0000000543aff070:   0000000543aff0f8 00007ffe99cdbdb7
0x0000000543aff080:   0000000000000000 0000000543aff108
0x0000000543aff090:   0000000543aff3e0 00007ffe99dc12b0
0x0000000543aff0a0:   0000000000000001 00007ffe99cdbd6d
0x0000000543aff0b0:   0000000000000000 0000000000000001
0x0000000543aff0c0:   0000000000000000 0000000543aff0f8
0x0000000543aff0d0:   fffffffffffffffe 0000000500000000
0x0000000543aff0e0:   ffffffff00000001 00007ffe73643a51
0x0000000543aff0f0:   00007ffe73659f88 00007ffe00000002 

Instructions: (pc=0x00007ffe736462d7)
0x00007ffe736461d7:   8b 4d 58 e8 2d cf ff ff 48 8b 4d 60 e8 24 cf ff
0x00007ffe736461e7:   ff 48 8b 95 80 00 00 00 48 8b 8d 18 01 00 00 e8
0x00007ffe736461f7:   16 c4 ff ff 33 d2 33 c9 e8 5c e1 ff ff 90 48 89
0x00007ffe73646207:   54 24 10 55 48 83 ec 20 48 8b ea 48 b8 00 00 00
0x00007ffe73646217:   00 00 00 00 00 48 83 c4 20 5d c3 cc 40 55 48 8b
0x00007ffe73646227:   ea 48 8b 01 33 c9 81 38 05 00 00 c0 0f 94 c1 8b
0x00007ffe73646237:   c1 5d c3 cc 40 55 48 83 ec 20 48 8b ea 8a 4d 40
0x00007ffe73646247:   48 83 c4 20 5d e9 17 d3 ff ff cc 40 55 48 83 ec
0x00007ffe73646257:   20 48 8b ea 8a 4d 20 e8 05 d3 ff ff 90 48 83 c4
0x00007ffe73646267:   20 5d c3 cc 40 55 48 83 ec 20 48 8b ea 48 83 c4
0x00007ffe73646277:   20 5d e9 66 d1 ff ff cc 40 55 48 83 ec 30 48 8b
0x00007ffe73646287:   ea 48 8b 01 8b 10 48 89 4c 24 28 89 54 24 20 4c
0x00007ffe73646297:   8d 0d 07 d6 ff ff 4c 8b 45 70 8b 55 68 48 8b 4d
0x00007ffe736462a7:   60 e8 a7 d0 ff ff 90 48 83 c4 30 5d c3 cc cc cc
0x00007ffe736462b7:   cc cc cc cc cc cc cc cc cc 40 53 48 83 ec 20 48
0x00007ffe736462c7:   8b 1d bb 36 01 00 48 85 db 74 16 e8 59 8b ff ff
0x00007ffe736462d7:   4c 8b 00 48 8b d3 48 8b c8 41 ff 90 b0 00 00 00
0x00007ffe736462e7:   90 48 83 c4 20 5b c3 cc cc 40 53 48 83 ec 20 48
0x00007ffe736462f7:   8b 1d 2b 38 01 00 48 85 db 74 57 b8 ff ff ff ff
0x00007ffe73646307:   f0 0f c1 43 10 83 f8 01 75 3d 48 85 db 74 38 48
0x00007ffe73646317:   8b 0b 48 85 c9 74 0d ff 15 84 0f 00 00 48 c7 03
0x00007ffe73646327:   00 00 00 00 48 8b 4b 08 48 85 c9 74 0d e8 d3 cd
0x00007ffe73646337:   ff ff 48 c7 43 08 00 00 00 00 ba 18 00 00 00 48
0x00007ffe73646347:   8b cb e8 be cd ff ff 48 c7 05 cf 37 01 00 00 00
0x00007ffe73646357:   00 00 48 83 c4 20 5b c3 cc 40 53 48 83 ec 20 48
0x00007ffe73646367:   8b 1d 9b 37 01 00 48 85 db 74 57 b8 ff ff ff ff
0x00007ffe73646377:   f0 0f c1 43 10 83 f8 01 75 3d 48 85 db 74 38 48
0x00007ffe73646387:   8b 0b 48 85 c9 74 0d ff 15 14 0f 00 00 48 c7 03
0x00007ffe73646397:   00 00 00 00 48 8b 4b 08 48 85 c9 74 0d e8 63 cd
0x00007ffe736463a7:   ff ff 48 c7 43 08 00 00 00 00 ba 18 00 00 00 48
0x00007ffe736463b7:   8b cb e8 4e cd ff ff 48 c7 05 3f 37 01 00 00 00
0x00007ffe736463c7:   00 00 48 83 c4 20 5b c3 cc 40 53 48 83 ec 20 48 


Stack slot to memory mapping:
stack at sp + 0 slots: 0x0 is NULL
stack at sp + 1 slots: 0x000001ae41132b80 points into unknown readable memory: 0x1b6e768b2f5a5d9d | 9d 5d 5a 2f 8b 76 6e 1b
stack at sp + 2 slots: 0x00007ffe075449d0 jvm.dll
stack at sp + 3 slots: 0x00007ffe73643bc4 glass.dll
stack at sp + 4 slots: 0x000001ae41132b88 points into unknown readable memory: 0x0000768b10a5642f | 2f 64 a5 10 8b 76 00 00
stack at sp + 5 slots: 0x00007ffe99cdbea0 ucrtbase.dll
stack at sp + 6 slots: 0x0000768b10a5642f is an unknown value
stack at sp + 7 slots: 0x000001ae00000000 is an unknown value

VM_Operation (0x00000005453f6b70): Exit, mode: safepoint, requested by thread 0x000001ae40c3dd60


---------------  P R O C E S S  ---------------

Threads class SMR info:
_java_thread_list=0x000001ae4e1bf700, length=20, elements={
0x000001ae16e4f120, 0x000001ae3f153260, 0x000001ae3f153de0, 0x000001ae3f168a30,
0x000001ae3f1692f0, 0x000001ae3f169bb0, 0x000001ae3f16a470, 0x000001ae3f16e610,
0x000001ae3f177fe0, 0x000001ae3f1830c0, 0x000001ae3fcd1d90, 0x000001ae402d47e0,
0x000001ae40c3eb10, 0x000001ae40c3dd60, 0x000001ae41326450, 0x000001ae41335b30,
0x000001ae41543710, 0x000001ae41543be0, 0x000001ae41544a50, 0x000001ae4089c080
}

Java Threads: ( => current thread )
  0x000001ae16e4f120 JavaThread "main" [_thread_blocked, id=18684, stack(0x0000000543400000,0x0000000543500000)]
  0x000001ae3f153260 JavaThread "Reference Handler" daemon [_thread_blocked, id=11440, stack(0x0000000543b00000,0x0000000543c00000)]
  0x000001ae3f153de0 JavaThread "Finalizer" daemon [_thread_blocked, id=16188, stack(0x0000000543c00000,0x0000000543d00000)]
  0x000001ae3f168a30 JavaThread "Signal Dispatcher" daemon [_thread_blocked, id=7860, stack(0x0000000543d00000,0x0000000543e00000)]
  0x000001ae3f1692f0 JavaThread "Attach Listener" daemon [_thread_blocked, id=2668, stack(0x0000000543e00000,0x0000000543f00000)]
  0x000001ae3f169bb0 JavaThread "Service Thread" daemon [_thread_blocked, id=16028, stack(0x0000000543f00000,0x0000000544000000)]
  0x000001ae3f16a470 JavaThread "Monitor Deflation Thread" daemon [_thread_blocked, id=14400, stack(0x0000000544000000,0x0000000544100000)]
  0x000001ae3f16e610 JavaThread "C2 CompilerThread0" daemon [_thread_blocked, id=8004, stack(0x0000000544100000,0x0000000544200000)]
  0x000001ae3f177fe0 JavaThread "C1 CompilerThread0" daemon [_thread_blocked, id=9700, stack(0x0000000544200000,0x0000000544300000)]
  0x000001ae3f1830c0 JavaThread "Sweeper thread" daemon [_thread_blocked, id=18200, stack(0x0000000544300000,0x0000000544400000)]
  0x000001ae3fcd1d90 JavaThread "Common-Cleaner" daemon [_thread_blocked, id=9864, stack(0x0000000544500000,0x0000000544600000)]
  0x000001ae402d47e0 JavaThread "Notification Thread" daemon [_thread_blocked, id=2784, stack(0x0000000544e00000,0x0000000544f00000)]
  0x000001ae40c3eb10 JavaThread "InvokeLaterDispatcher" daemon [_thread_blocked, id=1852, stack(0x0000000545200000,0x0000000545300000)]
  0x000001ae40c3dd60 JavaThread "JavaFX Application Thread" [_thread_blocked, id=2464, stack(0x0000000545300000,0x0000000545400000)]
  0x000001ae41326450 JavaThread "JavaFX-Launcher" [_thread_blocked, id=19296, stack(0x0000000545600000,0x0000000545700000)]
  0x000001ae41335b30 JavaThread "Thread-2" daemon [_thread_in_native, id=13940, stack(0x0000000545500000,0x0000000545600000)]
  0x000001ae41543710 JavaThread "Prism Font Disposer" daemon [_thread_blocked, id=3732, stack(0x0000000545f00000,0x0000000546000000)]
  0x000001ae41543be0 JavaThread "Cleaner-0" daemon [_thread_blocked, id=1412, stack(0x0000000546350000,0x0000000546450000)]
  0x000001ae41544a50 JavaThread "Java2D Disposer" daemon [_thread_blocked, id=16076, stack(0x0000000544400000,0x0000000544500000)]
  0x000001ae4089c080 JavaThread "AWT-Shutdown" [_thread_blocked, id=10304, stack(0x0000000546000000,0x0000000546100000)]

Other Threads:
=>0x000001ae3f14f460 VMThread "VM Thread" [stack: 0x0000000543a00000,0x0000000543b00000] [id=17824]
  0x000001ae16eb15c0 GCTaskThread "GC Thread#0" [stack: 0x0000000543500000,0x0000000543600000] [id=19448]
  0x000001ae413acb20 GCTaskThread "GC Thread#1" [stack: 0x0000000545700000,0x0000000545800000] [id=19252]
  0x000001ae411e2ca0 GCTaskThread "GC Thread#2" [stack: 0x0000000545800000,0x0000000545900000] [id=10812]
  0x000001ae41336fd0 GCTaskThread "GC Thread#3" [stack: 0x0000000545900000,0x0000000545a00000] [id=15636]
  0x000001ae41337280 GCTaskThread "GC Thread#4" [stack: 0x0000000545a00000,0x0000000545b00000] [id=6936]
  0x000001ae41337530 GCTaskThread "GC Thread#5" [stack: 0x0000000545b00000,0x0000000545c00000] [id=8400]
  0x000001ae413377e0 GCTaskThread "GC Thread#6" [stack: 0x0000000545c00000,0x0000000545d00000] [id=2384]
  0x000001ae411c7620 GCTaskThread "GC Thread#7" [stack: 0x0000000545d00000,0x0000000545e00000] [id=2508]
  0x000001ae411c80f0 GCTaskThread "GC Thread#8" [stack: 0x0000000545e00000,0x0000000545f00000] [id=3100]
  0x000001ae41407310 GCTaskThread "GC Thread#9" [stack: 0x0000000544a00000,0x0000000544b00000] [id=10676]
  0x000001ae41408330 GCTaskThread "GC Thread#10" [stack: 0x0000000544810000,0x0000000544910000] [id=3364]
  0x000001ae415e6ba0 GCTaskThread "GC Thread#11" [stack: 0x0000000544c00000,0x0000000544d00000] [id=19292]
  0x000001ae415e6e50 GCTaskThread "GC Thread#12" [stack: 0x0000000546660000,0x0000000546760000] [id=1948]
  0x000001ae16ebe1e0 ConcurrentGCThread "G1 Main Marker" terminated
  0x000001ae16ebf1a0 ConcurrentGCThread "G1 Conc#0" [stack: 0x0000000543700000,0x0000000543800000] [id=16268]
  0x000001ae415e5e30 ConcurrentGCThread "G1 Conc#1" [stack: 0x0000000546760000,0x0000000546860000] [id=18104]
  0x000001ae415e60e0 ConcurrentGCThread "G1 Conc#2" [stack: 0x0000000546860000,0x0000000546960000] [id=20260]
  0x000001ae3f0120c0 ConcurrentGCThread "G1 Refine#0" terminated
  0x000001ae3f012790 ConcurrentGCThread "G1 Service" terminated

Threads with active compile tasks:

VM state: at safepoint (shutting down)

VM Mutex/Monitor currently owned by a thread:  ([mutex/lock_event])
[0x000001ae16e4be90] Threads_lock - owner thread: 0x000001ae3f14f460
[0x000001ae16e4b7d0] Heap_lock - owner thread: 0x000001ae40c3dd60

Heap address: 0x0000000682400000, size: 6108 MB, Compressed Oops mode: Zero based, Oop shift amount: 3

CDS archive(s) mapped at: [0x0000000800000000-0x0000000800bc0000-0x0000000800bc0000), size 12320768, SharedBaseAddress: 0x0000000800000000, ArchiveRelocationMode: 0.
Compressed class space mapped at: 0x0000000800c00000-0x0000000840c00000, reserved size: 1073741824
Narrow klass base: 0x0000000800000000, Narrow klass shift: 0, Narrow klass range: 0x100000000

GC Precious Log:
 CPUs: 16 total, 16 available
 Memory: 24428M
 Large Page Support: Disabled
 NUMA Support: Disabled
 Compressed Oops: Enabled (Zero based)
 Heap Region Size: 4M
 Heap Min Capacity: 8M
 Heap Initial Capacity: 384M
 Heap Max Capacity: 6108M
 Pre-touch: Disabled
 Parallel Workers: 13
 Concurrent Workers: 3
 Concurrent Refinement Workers: 13
 Periodic GC: Disabled

Heap:
 garbage-first heap   total 139264K, used 56283K [0x0000000682400000, 0x0000000800000000)
  region size 4096K, 4 young (16384K), 2 survivors (8192K)
 Metaspace       used 26205K, committed 26496K, reserved 1073152K
  class space    used 3431K, committed 3584K, reserved 1048576K

Heap Regions: E=young(eden), S=young(survivor), O=old, HS=humongous(starts), HC=humongous(continues), CS=collection set, F=free, OA=open archive, CA=closed archive, TAMS=top-at-mark-start (previous, next)
|   0|0x0000000682400000, 0x0000000682800000, 0x0000000682800000|100%|HS|  |TAMS 0x0000000682800000, 0x0000000682400000| Complete 
|   1|0x0000000682800000, 0x0000000682c00000, 0x0000000682c00000|100%|HS|  |TAMS 0x0000000682c00000, 0x0000000682800000| Complete 
|   2|0x0000000682c00000, 0x0000000683000000, 0x0000000683000000|100%|HS|  |TAMS 0x0000000683000000, 0x0000000682c00000| Complete 
|   3|0x0000000683000000, 0x0000000683400000, 0x0000000683400000|100%|HS|  |TAMS 0x0000000683000000, 0x0000000683000000| Complete 
|   4|0x0000000683400000, 0x0000000683800000, 0x0000000683800000|100%|HS|  |TAMS 0x0000000683800000, 0x0000000683400000| Complete 
|   5|0x0000000683800000, 0x0000000683c00000, 0x0000000683c00000|100%| O|  |TAMS 0x0000000683800000, 0x0000000683800000| Untracked 
|   6|0x0000000683c00000, 0x0000000684000000, 0x0000000684000000|100%| O|  |TAMS 0x0000000683c00000, 0x0000000683c00000| Untracked 
|   7|0x0000000684000000, 0x0000000684400000, 0x0000000684400000|100%| O|  |TAMS 0x0000000684000000, 0x0000000684000000| Untracked 
|   8|0x0000000684400000, 0x0000000684800000, 0x0000000684800000|100%| O|  |TAMS 0x0000000684400000, 0x0000000684400000| Untracked 
|   9|0x0000000684800000, 0x0000000684c00000, 0x0000000684c00000|100%| O|  |TAMS 0x0000000684800000, 0x0000000684800000| Untracked 
|  10|0x0000000684c00000, 0x0000000685000000, 0x0000000685000000|100%| O|  |TAMS 0x0000000684c00000, 0x0000000684c00000| Untracked 
|  11|0x0000000685000000, 0x0000000685000000, 0x0000000685400000|  0%| F|  |TAMS 0x0000000685000000, 0x0000000685000000| Untracked 
|  12|0x0000000685400000, 0x0000000685400000, 0x0000000685800000|  0%| F|  |TAMS 0x0000000685400000, 0x0000000685400000| Untracked 
|  13|0x0000000685800000, 0x0000000685800000, 0x0000000685c00000|  0%| F|  |TAMS 0x0000000685800000, 0x0000000685800000| Untracked 
|  14|0x0000000685c00000, 0x0000000685d04800, 0x0000000686000000| 25%| O|  |TAMS 0x0000000685c00000, 0x0000000685c00000| Untracked 
|  15|0x0000000686000000, 0x0000000686000000, 0x0000000686400000|  0%| F|  |TAMS 0x0000000686000000, 0x0000000686000000| Untracked 
|  16|0x0000000686400000, 0x0000000686400000, 0x0000000686800000|  0%| F|  |TAMS 0x0000000686400000, 0x0000000686400000| Untracked 
|  17|0x0000000686800000, 0x0000000686800000, 0x0000000686c00000|  0%| F|  |TAMS 0x0000000686800000, 0x0000000686800000| Untracked 
|  18|0x0000000686c00000, 0x0000000686c00000, 0x0000000687000000|  0%| F|  |TAMS 0x0000000686c00000, 0x0000000686c00000| Untracked 
|  19|0x0000000687000000, 0x00000006871f27b0, 0x0000000687400000| 48%| S|CS|TAMS 0x0000000687000000, 0x0000000687000000| Complete 
|  20|0x0000000687400000, 0x0000000687800000, 0x0000000687800000|100%| S|CS|TAMS 0x0000000687400000, 0x0000000687400000| Complete 
|  21|0x0000000687800000, 0x0000000687800000, 0x0000000687c00000|  0%| F|  |TAMS 0x0000000687800000, 0x0000000687800000| Untracked 
|  22|0x0000000687c00000, 0x0000000687c00000, 0x0000000688000000|  0%| F|  |TAMS 0x0000000687c00000, 0x0000000687c00000| Untracked 
|  23|0x0000000688000000, 0x0000000688000000, 0x0000000688400000|  0%| F|  |TAMS 0x0000000688000000, 0x0000000688000000| Untracked 
|  24|0x0000000688400000, 0x0000000688400000, 0x0000000688800000|  0%| F|  |TAMS 0x0000000688400000, 0x0000000688400000| Untracked 
|  25|0x0000000688800000, 0x0000000688800000, 0x0000000688c00000|  0%| F|  |TAMS 0x0000000688800000, 0x0000000688800000| Untracked 
|  26|0x0000000688c00000, 0x0000000688c00000, 0x0000000689000000|  0%| F|  |TAMS 0x0000000688c00000, 0x0000000688c00000| Untracked 
|  27|0x0000000689000000, 0x0000000689000000, 0x0000000689400000|  0%| F|  |TAMS 0x0000000689000000, 0x0000000689000000| Untracked 
|  28|0x0000000689400000, 0x0000000689400000, 0x0000000689800000|  0%| F|  |TAMS 0x0000000689400000, 0x0000000689400000| Untracked 
|  78|0x0000000695c00000, 0x0000000695c00000, 0x0000000696000000|  0%| F|  |TAMS 0x0000000695c00000, 0x0000000695c00000| Untracked 
|  79|0x0000000696000000, 0x0000000696000000, 0x0000000696400000|  0%| F|  |TAMS 0x0000000696000000, 0x0000000696000000| Untracked 
|  80|0x0000000696400000, 0x0000000696400000, 0x0000000696800000|  0%| F|  |TAMS 0x0000000696400000, 0x0000000696400000| Untracked 
|  81|0x0000000696800000, 0x000000069686da08, 0x0000000696c00000| 10%| E|  |TAMS 0x0000000696800000, 0x0000000696800000| Complete 
|  95|0x000000069a000000, 0x000000069a400000, 0x000000069a400000|100%| E|CS|TAMS 0x000000069a000000, 0x000000069a000000| Complete 

Card table byte_map: [0x000001ae2eb20000,0x000001ae2f710000] _byte_map_base: 0x000001ae2b70e000

Marking Bits (Prev, Next): (CMBitMap*) 0x000001ae16eb1a20, (CMBitMap*) 0x000001ae16eb19e0
 Prev Bits: [0x000001ae36270000, 0x000001ae3c1e0000)
 Next Bits: [0x000001ae30300000, 0x000001ae36270000)

Polling page: 0x000001ae14db0000

Metaspace:

Usage:
  Non-class:     22.24 MB used.
      Class:      3.35 MB used.
       Both:     25.59 MB used.

Virtual space:
  Non-class space:       24.00 MB reserved,      22.38 MB ( 93%) committed,  3 nodes.
      Class space:        1.00 GB reserved,       3.50 MB ( <1%) committed,  1 nodes.
             Both:        1.02 GB reserved,      25.88 MB (  2%) committed. 

Chunk freelists:
   Non-Class:  732.00 KB
       Class:  545.00 KB
        Both:  1.25 MB

MaxMetaspaceSize: unlimited
CompressedClassSpaceSize: 1.00 GB
Initial GC threshold: 21.00 MB
Current GC threshold: 35.25 MB
CDS: on
MetaspaceReclaimPolicy: balanced
 - commit_granule_bytes: 65536.
 - commit_granule_words: 8192.
 - virtual_space_node_default_size: 1048576.
 - enlarge_chunks_in_place: 1.
 - new_chunks_are_fully_committed: 0.
 - uncommit_free_chunks: 1.
 - use_allocation_guard: 0.
 - handle_deallocations: 1.


Internal statistics:

num_allocs_failed_limit: 3.
num_arena_births: 352.
num_arena_deaths: 0.
num_vsnodes_births: 4.
num_vsnodes_deaths: 0.
num_space_committed: 414.
num_space_uncommitted: 0.
num_chunks_returned_to_freelist: 3.
num_chunks_taken_from_freelist: 1092.
num_chunk_merges: 3.
num_chunk_splits: 739.
num_chunks_enlarged: 550.
num_purges: 0.
num_inconsistent_stats: 0.

CodeHeap 'non-profiled nmethods': size=119168Kb used=4145Kb max_used=4145Kb free=115022Kb
 bounds [0x000001ae26250000, 0x000001ae26660000, 0x000001ae2d6b0000]
CodeHeap 'profiled nmethods': size=119104Kb used=14011Kb max_used=14011Kb free=105092Kb
 bounds [0x000001ae1ee00000, 0x000001ae1fbc0000, 0x000001ae26250000]
CodeHeap 'non-nmethods': size=7488Kb used=1547Kb max_used=3190Kb free=5941Kb
 bounds [0x000001ae1e6b0000, 0x000001ae1e9d0000, 0x000001ae1ee00000]
 total_blobs=7486 nmethods=6548 adapters=849
 compilation: enabled
              stopped_count=0, restarted_count=0
 full_count=0

Compilation events (20 events):
Event: 148.592 Thread 0x000001ae3f177fe0 nmethod 7257 0x000001ae1fba5b10 code [0x000001ae1fba5d40, 0x000001ae1fba67b8]
Event: 148.594 Thread 0x000001ae3f16e610 7259       4       javafx.scene.Node::isManaged (23 bytes)
Event: 148.594 Thread 0x000001ae3f177fe0 7260       3       javafx.scene.control.DialogPane::getHeader (11 bytes)
Event: 148.594 Thread 0x000001ae3f177fe0 nmethod 7260 0x000001ae1fba6a90 code [0x000001ae1fba6c40, 0x000001ae1fba7068]
Event: 148.594 Thread 0x000001ae3f177fe0 7263   !   3       javafx.scene.CssStyleHelper::transitionToState (1031 bytes)
Event: 148.595 Thread 0x000001ae3f16e610 nmethod 7259 0x000001ae2664f910 code [0x000001ae2664faa0, 0x000001ae2664fb98]
Event: 148.597 Thread 0x000001ae3f177fe0 nmethod 7263 0x000001ae1fba7190 code [0x000001ae1fba7a80, 0x000001ae1fbad8e8]
Event: 148.597 Thread 0x000001ae3f177fe0 7261       3       javafx.scene.layout.GridPane$CompositeSize::isPreset (18 bytes)
Event: 148.597 Thread 0x000001ae3f177fe0 nmethod 7261 0x000001ae1fbb0410 code [0x000001ae1fbb05c0, 0x000001ae1fbb0768]
Event: 148.597 Thread 0x000001ae3f177fe0 7262       3       javafx.scene.layout.GridPane::getMargin (10 bytes)
Event: 148.598 Thread 0x000001ae3f177fe0 nmethod 7262 0x000001ae1fbb0810 code [0x000001ae1fbb0a40, 0x000001ae1fbb14b8]
Event: 148.610 Thread 0x000001ae48b0d370 nmethod 7253 0x000001ae2664fc90 code [0x000001ae2664fec0, 0x000001ae26651aa8]
Event: 149.065 Thread 0x000001ae48b0d370 7264       4       javafx.scene.Scene::pick (149 bytes)
Event: 149.065 Thread 0x000001ae3f16e610 7265       4       com.sun.javafx.scene.input.PickResultChooser::toPickResult (41 bytes)
Event: 149.066 Thread 0x000001ae3f16e610 nmethod 7265 0x000001ae26652990 code [0x000001ae26652b20, 0x000001ae26652c38]
Event: 149.081 Thread 0x000001ae3f16e610 7266       4       javafx.scene.Scene$MouseHandler::handleEnterExit (369 bytes)
Event: 149.086 Thread 0x000001ae48b0d370 nmethod 7264 0x000001ae26652d10 code [0x000001ae26653020, 0x000001ae266549b0]
Event: 149.136 Thread 0x000001ae3f16e610 nmethod 7266 0x000001ae26656010 code [0x000001ae266563a0, 0x000001ae2665a540]
Event: 149.418 Thread 0x000001ae3f177fe0 7267       3       java.util.concurrent.CopyOnWriteArrayList::<init> (24 bytes)
Event: 149.418 Thread 0x000001ae3f177fe0 nmethod 7267 0x000001ae1fbb1790 code [0x000001ae1fbb1940, 0x000001ae1fbb1cf8]

GC Heap History (12 events):
Event: 0.321 GC heap before
{Heap before GC invocations=0 (full 0):
 garbage-first heap   total 393216K, used 16384K [0x0000000682400000, 0x0000000800000000)
  region size 4096K, 5 young (20480K), 0 survivors (0K)
 Metaspace       used 4505K, committed 4608K, reserved 1056768K
  class space    used 512K, committed 576K, reserved 1048576K
}
Event: 0.322 GC heap after
{Heap after GC invocations=1 (full 0):
 garbage-first heap   total 393216K, used 2819K [0x0000000682400000, 0x0000000800000000)
  region size 4096K, 1 young (4096K), 1 survivors (4096K)
 Metaspace       used 4505K, committed 4608K, reserved 1056768K
  class space    used 512K, committed 576K, reserved 1048576K
}
Event: 1.787 GC heap before
{Heap before GC invocations=1 (full 0):
 garbage-first heap   total 393216K, used 51971K [0x0000000682400000, 0x0000000800000000)
  region size 4096K, 11 young (45056K), 1 survivors (4096K)
 Metaspace       used 14180K, committed 14464K, reserved 1064960K
  class space    used 2058K, committed 2176K, reserved 1048576K
}
Event: 1.791 GC heap after
{Heap after GC invocations=2 (full 0):
 garbage-first heap   total 393216K, used 20865K [0x0000000682400000, 0x0000000800000000)
  region size 4096K, 2 young (8192K), 2 survivors (8192K)
 Metaspace       used 14180K, committed 14464K, reserved 1064960K
  class space    used 2058K, committed 2176K, reserved 1048576K
}
Event: 19.240 GC heap before
{Heap before GC invocations=2 (full 0):
 garbage-first heap   total 393216K, used 70017K [0x0000000682400000, 0x0000000800000000)
  region size 4096K, 14 young (57344K), 2 survivors (8192K)
 Metaspace       used 21289K, committed 21504K, reserved 1073152K
  class space    used 2947K, committed 3072K, reserved 1048576K
}
Event: 19.247 GC heap after
{Heap after GC invocations=3 (full 0):
 garbage-first heap   total 393216K, used 33106K [0x0000000682400000, 0x0000000800000000)
  region size 4096K, 4 young (16384K), 4 survivors (16384K)
 Metaspace       used 21289K, committed 21504K, reserved 1073152K
  class space    used 2947K, committed 3072K, reserved 1048576K
}
Event: 93.733 GC heap before
{Heap before GC invocations=4 (full 0):
 garbage-first heap   total 139264K, used 106834K [0x0000000682400000, 0x0000000800000000)
  region size 4096K, 20 young (81920K), 4 survivors (16384K)
 Metaspace       used 25725K, committed 26112K, reserved 1073152K
  class space    used 3418K, committed 3584K, reserved 1048576K
}
Event: 93.742 GC heap after
{Heap after GC invocations=5 (full 0):
 garbage-first heap   total 139264K, used 42920K [0x0000000682400000, 0x0000000800000000)
  region size 4096K, 3 young (12288K), 3 survivors (12288K)
 Metaspace       used 25725K, committed 26112K, reserved 1073152K
  class space    used 3418K, committed 3584K, reserved 1048576K
}
Event: 98.987 GC heap before
{Heap before GC invocations=5 (full 0):
 garbage-first heap   total 139264K, used 47016K [0x0000000682400000, 0x0000000800000000)
  region size 4096K, 4 young (16384K), 3 survivors (12288K)
 Metaspace       used 25736K, committed 26112K, reserved 1073152K
  class space    used 3418K, committed 3584K, reserved 1048576K
}
Event: 98.990 GC heap after
{Heap after GC invocations=6 (full 0):
 garbage-first heap   total 139264K, used 44315K [0x0000000682400000, 0x0000000800000000)
  region size 4096K, 1 young (4096K), 1 survivors (4096K)
 Metaspace       used 25736K, committed 26112K, reserved 1073152K
  class space    used 3418K, committed 3584K, reserved 1048576K
}
Event: 141.728 GC heap before
{Heap before GC invocations=6 (full 0):
 garbage-first heap   total 139264K, used 101659K [0x0000000682400000, 0x0000000800000000)
  region size 4096K, 13 young (53248K), 1 survivors (4096K)
 Metaspace       used 26180K, committed 26496K, reserved 1073152K
  class space    used 3429K, committed 3584K, reserved 1048576K
}
Event: 141.732 GC heap after
{Heap after GC invocations=7 (full 0):
 garbage-first heap   total 139264K, used 48091K [0x0000000682400000, 0x0000000800000000)
  region size 4096K, 2 young (8192K), 2 survivors (8192K)
 Metaspace       used 26180K, committed 26496K, reserved 1073152K
  class space    used 3429K, committed 3584K, reserved 1048576K
}

Deoptimization events (20 events):
Event: 147.765 Thread 0x000001ae40c3dd60 Uncommon trap: trap_request=0xffffffc6 fr.pc=0x000001ae26416d68 relative=0x0000000000001d88
Event: 147.765 Thread 0x000001ae40c3dd60 Uncommon trap: reason=bimorphic_or_optimized_type_check action=maybe_recompile pc=0x000001ae26416d68 method=javafx.css.CompoundSelector.stateMatches(Ljavafx/css/Styleable;Ljava/util/Set;I)Z @ 160 c2
Event: 147.765 Thread 0x000001ae40c3dd60 DEOPT PACKING pc=0x000001ae26416d68 sp=0x00000005453f8cd0
Event: 147.765 Thread 0x000001ae40c3dd60 DEOPT UNPACKING pc=0x000001ae1e7023a3 sp=0x00000005453f8c78 mode 2
Event: 147.765 Thread 0x000001ae40c3dd60 Uncommon trap: trap_request=0xffffff45 fr.pc=0x000001ae26515778 relative=0x0000000000004e78
Event: 147.765 Thread 0x000001ae40c3dd60 Uncommon trap: reason=unstable_if action=reinterpret pc=0x000001ae26515778 method=com.sun.javafx.text.PrismTextLayout.layout()V @ 933 c2
Event: 147.765 Thread 0x000001ae40c3dd60 DEOPT PACKING pc=0x000001ae26515778 sp=0x00000005453f8e70
Event: 147.765 Thread 0x000001ae40c3dd60 DEOPT UNPACKING pc=0x000001ae1e7023a3 sp=0x00000005453f8db0 mode 2
Event: 147.765 Thread 0x000001ae40c3dd60 Uncommon trap: trap_request=0xffffff45 fr.pc=0x000001ae265bfd7c relative=0x000000000000051c
Event: 147.765 Thread 0x000001ae40c3dd60 Uncommon trap: reason=unstable_if action=reinterpret pc=0x000001ae265bfd7c method=javafx.scene.layout.Region$InsetsProperty.get()Ljavafx/geometry/Insets; @ 55 c2
Event: 147.765 Thread 0x000001ae40c3dd60 DEOPT PACKING pc=0x000001ae265bfd7c sp=0x00000005453f8ae0
Event: 147.765 Thread 0x000001ae40c3dd60 DEOPT UNPACKING pc=0x000001ae1e7023a3 sp=0x00000005453f8a90 mode 2
Event: 148.288 Thread 0x000001ae41071020 Uncommon trap: trap_request=0xffffffc6 fr.pc=0x000001ae263e2500 relative=0x0000000000000ce0
Event: 148.288 Thread 0x000001ae41071020 Uncommon trap: reason=bimorphic_or_optimized_type_check action=maybe_recompile pc=0x000001ae263e2500 method=com.sun.javafx.sg.prism.NGNode.getOpaqueRegion()Lcom/sun/javafx/geom/RectBounds; @ 27 c2
Event: 148.288 Thread 0x000001ae41071020 DEOPT PACKING pc=0x000001ae263e2500 sp=0x00000005450fe8e0
Event: 148.288 Thread 0x000001ae41071020 DEOPT UNPACKING pc=0x000001ae1e7023a3 sp=0x00000005450fe810 mode 2
Event: 149.536 Thread 0x000001ae41071020 Uncommon trap: trap_request=0xffffff45 fr.pc=0x000001ae2660dfd0 relative=0x00000000000004d0
Event: 149.536 Thread 0x000001ae41071020 Uncommon trap: reason=unstable_if action=reinterpret pc=0x000001ae2660dfd0 method=java.util.concurrent.locks.AbstractQueuedSynchronizer$ConditionNode.isReleasable()Z @ 14 c2
Event: 149.536 Thread 0x000001ae41071020 DEOPT PACKING pc=0x000001ae2660dfd0 sp=0x00000005450ff030
Event: 149.536 Thread 0x000001ae41071020 DEOPT UNPACKING pc=0x000001ae1e7023a3 sp=0x00000005450fee58 mode 2

Classes unloaded (0 events):
No events

Classes redefined (0 events):
No events

Internal exceptions (20 events):
Event: 19.194 Thread 0x000001ae40c3dd60 Exception <a 'java/lang/NoSuchMethodError'{0x0000000697bf8a08}: 'java.lang.Object java.lang.invoke.Invokers$Holder.linkToTargetMethod(java.lang.Object, java.lang.Object, java.lang.Object, java.lang.Object, java.lang.Object, java.lang.Object, java.lang.Object, java.lang.Object, java.lang.Object)'> (0x0000000697bf8a08) 
thrown [t:\workspace\open\src\hotspot\share\interpreter\linkResolver.cpp, line 766]
Event: 19.198 Thread 0x000001ae40c3dd60 Exception <a 'java/lang/ClassNotFoundException'{0x0000000696c04f30}: sun/awt/resources/spi/awtProvider> (0x0000000696c04f30) 
thrown [t:\workspace\open\src\hotspot\share\classfile\systemDictionary.cpp, line 256]
Event: 19.201 Thread 0x000001ae40c3dd60 Exception <a 'java/io/FileNotFoundException'{0x0000000696c08cd0}> (0x0000000696c08cd0) 
thrown [t:\workspace\open\src\hotspot\share\prims\jni.cpp, line 516]
Event: 19.201 Thread 0x000001ae40c3dd60 Exception <a 'java/io/FileNotFoundException'{0x0000000696c0af78}> (0x0000000696c0af78) 
thrown [t:\workspace\open\src\hotspot\share\prims\jni.cpp, line 516]
Event: 19.221 Thread 0x000001ae40c3dd60 Implicit null exception at 0x000001ae2644be03 to 0x000001ae2644be80
Event: 19.226 Thread 0x000001ae40c3dd60 Exception <a 'java/lang/NoSuchMethodError'{0x0000000696c90b88}: 'java.lang.Object java.lang.invoke.DirectMethodHandle$Holder.invokeStatic(java.lang.Object, int, java.lang.Object, java.lang.Object, java.lang.Object, java.lang.Object)'> (0x0000000696c90b88) 
thrown [t:\workspace\open\src\hotspot\share\interpreter\linkResolver.cpp, line 766]
Event: 19.228 Thread 0x000001ae40c3dd60 Exception <a 'java/lang/NoSuchMethodError'{0x0000000696cb6f28}: 'java.lang.Object java.lang.invoke.DirectMethodHandle$Holder.invokeStatic(java.lang.Object, int, java.lang.Object)'> (0x0000000696cb6f28) 
thrown [t:\workspace\open\src\hotspot\share\interpreter\linkResolver.cpp, line 766]
Event: 19.238 Thread 0x000001ae40c3dd60 Exception <a 'java/lang/ClassNotFoundException'{0x0000000696d7b0a8}: com/sun/swing/internal/plaf/metal/resources/spi/metalProvider> (0x0000000696d7b0a8) 
thrown [t:\workspace\open\src\hotspot\share\classfile\systemDictionary.cpp, line 256]
Event: 19.238 Thread 0x000001ae40c3dd60 Exception <a 'java/lang/ClassNotFoundException'{0x0000000696d80030}: com/sun/swing/internal/plaf/basic/resources/spi/basicProvider> (0x0000000696d80030) 
thrown [t:\workspace\open\src\hotspot\share\classfile\systemDictionary.cpp, line 256]
Event: 19.253 Thread 0x000001ae41543240 Exception <a 'java/lang/NoSuchMethodError'{0x000000069a204ad8}: 'java.lang.Object java.lang.invoke.DirectMethodHandle$Holder.invokeStatic(java.lang.Object, java.lang.Object, java.lang.Object, int, int, int, int, int)'> (0x000000069a204ad8) 
thrown [t:\workspace\open\src\hotspot\share\interpreter\linkResolver.cpp, line 766]
Event: 19.323 Thread 0x000001ae41544580 Exception <a 'java/lang/NoSuchMethodError'{0x000000069a2717f8}: 'void java.lang.invoke.DirectMethodHandle$Holder.invokeVirtual(java.lang.Object, java.lang.Object)'> (0x000000069a2717f8) 
thrown [t:\workspace\open\src\hotspot\share\interpreter\linkResolver.cpp, line 766]
Event: 19.350 Thread 0x000001ae40c3dd60 Exception <a 'java/lang/NoSuchMethodError'{0x000000069a0b7030}: 'int java.lang.invoke.DirectMethodHandle$Holder.invokeStatic(java.lang.Object)'> (0x000000069a0b7030) 
thrown [t:\workspace\open\src\hotspot\share\interpreter\linkResolver.cpp, line 766]
Event: 63.736 Thread 0x000001ae40c3dd60 Exception <a 'java/lang/NoSuchMethodError'{0x00000006876ef4c0}: 'int java.lang.invoke.DirectMethodHandle$Holder.invokeVirtual(java.lang.Object, java.lang.Object)'> (0x00000006876ef4c0) 
thrown [t:\workspace\open\src\hotspot\share\interpreter\linkResolver.cpp, line 766]
Event: 63.737 Thread 0x000001ae40c3dd60 Exception <a 'java/lang/NoSuchMethodError'{0x00000006876f6148}: 'void java.lang.invoke.DirectMethodHandle$Holder.invokeVirtual(java.lang.Object, java.lang.Object, int)'> (0x00000006876f6148) 
thrown [t:\workspace\open\src\hotspot\share\interpreter\linkResolver.cpp, line 766]
Event: 73.066 Thread 0x000001ae40c3dd60 Implicit null exception at 0x000001ae264bfd80 to 0x000001ae264c3e4c
Event: 107.943 Thread 0x000001ae40c3dd60 Implicit null exception at 0x000001ae264db98c to 0x000001ae264db9bc
Event: 141.625 Thread 0x000001ae40c3dd60 Exception <a 'java/lang/NoSuchMethodError'{0x0000000687bf17a0}: 'int java.lang.invoke.DirectMethodHandle$Holder.invokeStatic(java.lang.Object, java.lang.Object, java.lang.Object, java.lang.Object)'> (0x0000000687bf17a0) 
thrown [t:\workspace\open\src\hotspot\share\interpreter\linkResolver.cpp, line 766]
Event: 141.626 Thread 0x000001ae40c3dd60 Exception <a 'java/lang/NoSuchMethodError'{0x0000000687bf5b10}: 'java.lang.Object java.lang.invoke.Invokers$Holder.invokeExact_MT(java.lang.Object, java.lang.Object, java.lang.Object, java.lang.Object, java.lang.Object, java.lang.Object)'> (0x0000000687bf5b10) 
thrown [t:\workspace\open\src\hotspot\share\interpreter\linkResolver.cpp, line 766]
Event: 147.765 Thread 0x000001ae40c3dd60 Implicit null exception at 0x000001ae2651c336 to 0x000001ae265271c4
Event: 147.765 Thread 0x000001ae40c3dd60 Implicit null exception at 0x000001ae265775f5 to 0x000001ae2657b1a4

VM Operations (20 events):
Event: 137.189 Executing VM operation: Cleanup done
Event: 138.189 Executing VM operation: Cleanup
Event: 138.189 Executing VM operation: Cleanup done
Event: 140.189 Executing VM operation: Cleanup
Event: 140.189 Executing VM operation: Cleanup done
Event: 141.627 Executing VM operation: HandshakeAllThreads
Event: 141.627 Executing VM operation: HandshakeAllThreads done
Event: 141.627 Executing VM operation: Cleanup
Event: 141.627 Executing VM operation: Cleanup done
Event: 141.728 Executing VM operation: G1CollectForAllocation
Event: 141.732 Executing VM operation: G1CollectForAllocation done
Event: 143.732 Executing VM operation: Cleanup
Event: 143.732 Executing VM operation: Cleanup done
Event: 144.733 Executing VM operation: Cleanup
Event: 144.733 Executing VM operation: Cleanup done
Event: 146.733 Executing VM operation: Cleanup
Event: 146.733 Executing VM operation: Cleanup done
Event: 148.733 Executing VM operation: Cleanup
Event: 148.733 Executing VM operation: Cleanup done
Event: 149.636 Executing VM operation: Exit

Events (20 events):
Event: 141.732 Thread 0x000001ae40899ed0 Thread added: 0x000001ae40899ed0
Event: 142.733 Thread 0x000001ae40899ed0 Thread exited: 0x000001ae40899ed0
Event: 147.682 Thread 0x000001ae48b0d370 Thread added: 0x000001ae48b0d370
Event: 147.682 Thread 0x000001ae48b0ecc0 Thread added: 0x000001ae48b0ecc0
Event: 147.682 Thread 0x000001ae48b0d880 Thread added: 0x000001ae48b0d880
Event: 148.433 Thread 0x000001ae48b0d880 Thread exited: 0x000001ae48b0d880
Event: 148.586 Thread 0x000001ae48b0ecc0 Thread exited: 0x000001ae48b0ecc0
Event: 149.418 Thread 0x000001ae48b0d370 Thread exited: 0x000001ae48b0d370
Event: 149.536 Thread 0x000001ae4089d3c0 Thread added: 0x000001ae4089d3c0
Event: 149.536 Thread 0x000001ae4089d890 Thread added: 0x000001ae4089d890
Event: 149.536 Thread 0x000001ae4089c550 Thread added: 0x000001ae4089c550
Event: 149.536 Thread 0x000001ae408a03e0 Thread added: 0x000001ae408a03e0
Event: 149.536 Thread 0x000001ae4089d890 Thread exited: 0x000001ae4089d890
Event: 149.536 Thread 0x000001ae4089ad40 Thread exited: 0x000001ae4089ad40
Event: 149.536 Thread 0x000001ae4089c080 Thread added: 0x000001ae4089c080
Event: 149.536 Thread 0x000001ae4089c550 Thread exited: 0x000001ae4089c550
Event: 149.536 Thread 0x000001ae408a03e0 Thread exited: 0x000001ae408a03e0
Event: 149.556 Thread 0x000001ae41071020 Thread exited: 0x000001ae41071020
Event: 149.557 Thread 0x000001ae41544580 Thread exited: 0x000001ae41544580
Event: 149.636 Thread 0x000001ae4089d3c0 Thread exited: 0x000001ae4089d3c0


Dynamic libraries:
0x00007ff62ea40000 - 0x00007ff62ea50000 	C:\Program Files\Java\jdk-17.0.2\bin\java.exe
0x00007ffe9c380000 - 0x00007ffe9c589000 	C:\Windows\SYSTEM32\ntdll.dll
0x00007ffe9acd0000 - 0x00007ffe9ad8d000 	C:\Windows\System32\KERNEL32.DLL
0x00007ffe99de0000 - 0x00007ffe9a159000 	C:\Windows\System32\KERNELBASE.dll
0x00007ffe99cc0000 - 0x00007ffe99dd1000 	C:\Windows\System32\ucrtbase.dll
0x00007ffe93dd0000 - 0x00007ffe93dea000 	C:\Program Files\Java\jdk-17.0.2\bin\VCRUNTIME140.dll
0x00007ffe96950000 - 0x00007ffe96968000 	C:\Program Files\Java\jdk-17.0.2\bin\jli.dll
0x00007ffe9b9c0000 - 0x00007ffe9ba6e000 	C:\Windows\System32\ADVAPI32.dll
0x00007ffe9bfe0000 - 0x00007ffe9c083000 	C:\Windows\System32\msvcrt.dll
0x00007ffe9a510000 - 0x00007ffe9a5ae000 	C:\Windows\System32\sechost.dll
0x00007ffe9b540000 - 0x00007ffe9b660000 	C:\Windows\System32\RPCRT4.dll
0x00007ffe9a5b0000 - 0x00007ffe9a75c000 	C:\Windows\System32\USER32.dll
0x00007ffe8b040000 - 0x00007ffe8b2e5000 	C:\Windows\WinSxS\amd64_microsoft.windows.common-controls_6595b64144ccf1df_6.0.22000.120_none_9d947278b86cc467\COMCTL32.dll
0x00007ffe99b20000 - 0x00007ffe99b46000 	C:\Windows\System32\win32u.dll
0x00007ffe9b780000 - 0x00007ffe9b7a9000 	C:\Windows\System32\GDI32.dll
0x00007ffe99a00000 - 0x00007ffe99b12000 	C:\Windows\System32\gdi32full.dll
0x00007ffe99870000 - 0x00007ffe9990d000 	C:\Windows\System32\msvcp_win.dll
0x00007ffe92d20000 - 0x00007ffe92d2a000 	C:\Windows\SYSTEM32\VERSION.dll
0x00007ffe9b890000 - 0x00007ffe9b8c1000 	C:\Windows\System32\IMM32.DLL
0x00007ffe77680000 - 0x00007ffe7768c000 	C:\Program Files\Java\jdk-17.0.2\bin\vcruntime140_1.dll
0x00007ffe15110000 - 0x00007ffe1519d000 	C:\Program Files\Java\jdk-17.0.2\bin\msvcp140.dll
0x00007ffe06a20000 - 0x00007ffe075e1000 	C:\Program Files\Java\jdk-17.0.2\bin\server\jvm.dll
0x00007ffe9ba70000 - 0x00007ffe9ba78000 	C:\Windows\System32\PSAPI.DLL
0x00007ffe96650000 - 0x00007ffe96659000 	C:\Windows\SYSTEM32\WSOCK32.dll
0x00007ffe92d50000 - 0x00007ffe92d83000 	C:\Windows\SYSTEM32\WINMM.dll
0x00007ffe9a230000 - 0x00007ffe9a29f000 	C:\Windows\System32\WS2_32.dll
0x00007ffe98a60000 - 0x00007ffe98a78000 	C:\Windows\SYSTEM32\kernel.appcore.dll
0x00007ffe77670000 - 0x00007ffe7767a000 	C:\Program Files\Java\jdk-17.0.2\bin\jimage.dll
0x00007ffe96e60000 - 0x00007ffe97081000 	C:\Windows\SYSTEM32\DBGHELP.DLL
0x00007ffe822a0000 - 0x00007ffe822d1000 	C:\Windows\SYSTEM32\dbgcore.DLL
0x00007ffe99910000 - 0x00007ffe9998f000 	C:\Windows\System32\bcryptPrimitives.dll
0x00007ffe6fac0000 - 0x00007ffe6fae5000 	C:\Program Files\Java\jdk-17.0.2\bin\java.dll
0x00007ffe4b880000 - 0x00007ffe4b956000 	C:\Program Files\Java\jdk-17.0.2\bin\jsvml.dll
0x00007ffe9ad90000 - 0x00007ffe9b53f000 	C:\Windows\System32\SHELL32.dll
0x00007ffe979f0000 - 0x00007ffe98258000 	C:\Windows\SYSTEM32\windows.storage.dll
0x00007ffe9a830000 - 0x00007ffe9aba8000 	C:\Windows\System32\combase.dll
0x00007ffe97880000 - 0x00007ffe979e6000 	C:\Windows\SYSTEM32\wintypes.dll
0x00007ffe9bef0000 - 0x00007ffe9bfda000 	C:\Windows\System32\SHCORE.dll
0x00007ffe9a760000 - 0x00007ffe9a7bd000 	C:\Windows\System32\shlwapi.dll
0x00007ffe997a0000 - 0x00007ffe997c1000 	C:\Windows\SYSTEM32\profapi.dll
0x00007ffe6ef70000 - 0x00007ffe6ef89000 	C:\Program Files\Java\jdk-17.0.2\bin\net.dll
0x00007ffe93fb0000 - 0x00007ffe940bc000 	C:\Windows\SYSTEM32\WINHTTP.dll
0x00007ffe98e90000 - 0x00007ffe98ef7000 	C:\Windows\system32\mswsock.dll
0x00007ffe6ede0000 - 0x00007ffe6edf6000 	C:\Program Files\Java\jdk-17.0.2\bin\nio.dll
0x00007ffe658c0000 - 0x00007ffe658d8000 	C:\Program Files\Java\jdk-17.0.2\bin\zip.dll
0x000001ae14df0000 - 0x000001ae14df3000 	C:\Program Files\Java\javafx-sdk-18.0.1\bin\api-ms-win-core-console-l1-1-0.dll
0x000001ae14e00000 - 0x000001ae14e03000 	C:\Program Files\Java\javafx-sdk-18.0.1\bin\api-ms-win-core-console-l1-2-0.dll
0x000001ae16e00000 - 0x000001ae16e03000 	C:\Program Files\Java\javafx-sdk-18.0.1\bin\api-ms-win-core-datetime-l1-1-0.dll
0x000001ae16e10000 - 0x000001ae16e13000 	C:\Program Files\Java\javafx-sdk-18.0.1\bin\api-ms-win-core-debug-l1-1-0.dll
0x000001ae16e20000 - 0x000001ae16e23000 	C:\Program Files\Java\javafx-sdk-18.0.1\bin\api-ms-win-core-errorhandling-l1-1-0.dll
0x000001ae3f2e0000 - 0x000001ae3f2e4000 	C:\Program Files\Java\javafx-sdk-18.0.1\bin\api-ms-win-core-file-l1-1-0.dll
0x000001ae3f2f0000 - 0x000001ae3f2f3000 	C:\Program Files\Java\javafx-sdk-18.0.1\bin\api-ms-win-core-file-l1-2-0.dll
0x000001ae3f300000 - 0x000001ae3f303000 	C:\Program Files\Java\javafx-sdk-18.0.1\bin\api-ms-win-core-file-l2-1-0.dll
0x000001ae3f310000 - 0x000001ae3f313000 	C:\Program Files\Java\javafx-sdk-18.0.1\bin\api-ms-win-core-handle-l1-1-0.dll
0x000001ae3f320000 - 0x000001ae3f323000 	C:\Program Files\Java\javafx-sdk-18.0.1\bin\api-ms-win-core-heap-l1-1-0.dll
0x000001ae3f330000 - 0x000001ae3f333000 	C:\Program Files\Java\javafx-sdk-18.0.1\bin\api-ms-win-core-interlocked-l1-1-0.dll
0x000001ae3f340000 - 0x000001ae3f343000 	C:\Program Files\Java\javafx-sdk-18.0.1\bin\api-ms-win-core-libraryloader-l1-1-0.dll
0x000001ae3f350000 - 0x000001ae3f353000 	C:\Program Files\Java\javafx-sdk-18.0.1\bin\api-ms-win-core-localization-l1-2-0.dll
0x000001ae3f360000 - 0x000001ae3f363000 	C:\Program Files\Java\javafx-sdk-18.0.1\bin\api-ms-win-core-memory-l1-1-0.dll
0x000001ae3f370000 - 0x000001ae3f373000 	C:\Program Files\Java\javafx-sdk-18.0.1\bin\api-ms-win-core-namedpipe-l1-1-0.dll
0x000001ae3f380000 - 0x000001ae3f383000 	C:\Program Files\Java\javafx-sdk-18.0.1\bin\api-ms-win-core-processenvironment-l1-1-0.dll
0x000001ae3f390000 - 0x000001ae3f393000 	C:\Program Files\Java\javafx-sdk-18.0.1\bin\api-ms-win-core-processthreads-l1-1-0.dll
0x000001ae3f3a0000 - 0x000001ae3f3a3000 	C:\Program Files\Java\javafx-sdk-18.0.1\bin\api-ms-win-core-processthreads-l1-1-1.dll
0x000001ae3f3b0000 - 0x000001ae3f3b3000 	C:\Program Files\Java\javafx-sdk-18.0.1\bin\api-ms-win-core-profile-l1-1-0.dll
0x000001ae3f3c0000 - 0x000001ae3f3c3000 	C:\Program Files\Java\javafx-sdk-18.0.1\bin\api-ms-win-core-rtlsupport-l1-1-0.dll
0x000001ae3f3d0000 - 0x000001ae3f3d3000 	C:\Program Files\Java\javafx-sdk-18.0.1\bin\api-ms-win-core-string-l1-1-0.dll
0x000001ae3f3e0000 - 0x000001ae3f3e3000 	C:\Program Files\Java\javafx-sdk-18.0.1\bin\api-ms-win-core-synch-l1-1-0.dll
0x000001ae3f3f0000 - 0x000001ae3f3f3000 	C:\Program Files\Java\javafx-sdk-18.0.1\bin\api-ms-win-core-synch-l1-2-0.dll
0x000001ae417d0000 - 0x000001ae417d3000 	C:\Program Files\Java\javafx-sdk-18.0.1\bin\api-ms-win-core-sysinfo-l1-1-0.dll
0x000001ae417e0000 - 0x000001ae417e3000 	C:\Program Files\Java\javafx-sdk-18.0.1\bin\api-ms-win-core-timezone-l1-1-0.dll
0x000001ae417f0000 - 0x000001ae417f3000 	C:\Program Files\Java\javafx-sdk-18.0.1\bin\api-ms-win-core-util-l1-1-0.dll
0x000001ae41800000 - 0x000001ae41803000 	C:\Program Files\Java\javafx-sdk-18.0.1\bin\api-ms-win-crt-conio-l1-1-0.dll
0x000001ae41810000 - 0x000001ae41814000 	C:\Program Files\Java\javafx-sdk-18.0.1\bin\api-ms-win-crt-convert-l1-1-0.dll
0x000001ae41820000 - 0x000001ae41823000 	C:\Program Files\Java\javafx-sdk-18.0.1\bin\api-ms-win-crt-environment-l1-1-0.dll
0x000001ae41830000 - 0x000001ae41833000 	C:\Program Files\Java\javafx-sdk-18.0.1\bin\api-ms-win-crt-filesystem-l1-1-0.dll
0x000001ae41840000 - 0x000001ae41843000 	C:\Program Files\Java\javafx-sdk-18.0.1\bin\api-ms-win-crt-heap-l1-1-0.dll
0x000001ae41850000 - 0x000001ae41853000 	C:\Program Files\Java\javafx-sdk-18.0.1\bin\api-ms-win-crt-locale-l1-1-0.dll
0x000001ae41860000 - 0x000001ae41865000 	C:\Program Files\Java\javafx-sdk-18.0.1\bin\api-ms-win-crt-math-l1-1-0.dll
0x000001ae41870000 - 0x000001ae41875000 	C:\Program Files\Java\javafx-sdk-18.0.1\bin\api-ms-win-crt-multibyte-l1-1-0.dll
0x000001ae41880000 - 0x000001ae41890000 	C:\Program Files\Java\javafx-sdk-18.0.1\bin\api-ms-win-crt-private-l1-1-0.dll
0x000001ae41890000 - 0x000001ae41893000 	C:\Program Files\Java\javafx-sdk-18.0.1\bin\api-ms-win-crt-process-l1-1-0.dll
0x000001ae418a0000 - 0x000001ae418a4000 	C:\Program Files\Java\javafx-sdk-18.0.1\bin\api-ms-win-crt-runtime-l1-1-0.dll
0x000001ae418b0000 - 0x000001ae418b4000 	C:\Program Files\Java\javafx-sdk-18.0.1\bin\api-ms-win-crt-stdio-l1-1-0.dll
0x000001ae418c0000 - 0x000001ae418c4000 	C:\Program Files\Java\javafx-sdk-18.0.1\bin\api-ms-win-crt-string-l1-1-0.dll
0x000001ae418d0000 - 0x000001ae418d3000 	C:\Program Files\Java\javafx-sdk-18.0.1\bin\api-ms-win-crt-time-l1-1-0.dll
0x000001ae418e0000 - 0x000001ae418e3000 	C:\Program Files\Java\javafx-sdk-18.0.1\bin\api-ms-win-crt-utility-l1-1-0.dll
0x00007ffe6b6a0000 - 0x00007ffe6b79c000 	C:\Program Files\Java\javafx-sdk-18.0.1\bin\ucrtbase.dll
0x00007ffe95600000 - 0x00007ffe9561a000 	C:\Program Files\Java\javafx-sdk-18.0.1\bin\vcruntime140.dll
0x00007ffe96940000 - 0x00007ffe9694c000 	C:\Program Files\Java\javafx-sdk-18.0.1\bin\vcruntime140_1.dll
0x00007ffe6b610000 - 0x00007ffe6b69d000 	C:\Program Files\Java\javafx-sdk-18.0.1\bin\msvcp140.dll
0x00007ffe77910000 - 0x00007ffe7793c000 	C:\Program Files\Java\javafx-sdk-18.0.1\bin\prism_d3d.dll
0x00007ffe8e9e0000 - 0x00007ffe8eb86000 	C:\Windows\system32\d3d9.dll
0x00007ffe97340000 - 0x00007ffe9736f000 	C:\Windows\SYSTEM32\dwmapi.dll
0x00007ffe970e0000 - 0x00007ffe97118000 	C:\Windows\SYSTEM32\dxcore.dll
0x00007ffe96ac0000 - 0x00007ffe96b6c000 	C:\Windows\system32\uxtheme.dll
0x00007ffe99130000 - 0x00007ffe99142000 	C:\Windows\SYSTEM32\msasn1.dll
0x00007ffe910a0000 - 0x00007ffe910d1000 	C:\Windows\SYSTEM32\cryptnet.dll
0x00007ffe99b50000 - 0x00007ffe99cb2000 	C:\Windows\System32\CRYPT32.dll
0x00007ffe8f470000 - 0x00007ffe8f5b9000 	C:\Windows\SYSTEM32\drvstore.dll
0x00007ffe99590000 - 0x00007ffe995bc000 	C:\Windows\SYSTEM32\devobj.dll
0x00007ffe99540000 - 0x00007ffe9958c000 	C:\Windows\SYSTEM32\cfgmgr32.dll
0x00007ffe991a0000 - 0x00007ffe991dd000 	C:\Windows\SYSTEM32\wldp.dll
0x00007ffe990d0000 - 0x00007ffe990dc000 	C:\Windows\SYSTEM32\cryptbase.dll
0x00007ffe99990000 - 0x00007ffe999f7000 	C:\Windows\System32\WINTRUST.DLL
0x00007ffe9b870000 - 0x00007ffe9b88f000 	C:\Windows\System32\imagehlp.dll
0x00007ffe990e0000 - 0x00007ffe990f8000 	C:\Windows\SYSTEM32\CRYPTSP.dll
0x00007ffe989c0000 - 0x00007ffe989f5000 	C:\Windows\system32\rsaenh.dll
0x00007ffe99250000 - 0x00007ffe99277000 	C:\Windows\SYSTEM32\bcrypt.dll
0x00007ffe93380000 - 0x00007ffe933c4000 	C:\Windows\SYSTEM32\directxdatabasehelper.dll
0x00007ffe97160000 - 0x00007ffe97194000 	C:\Windows\SYSTEM32\ntmarta.dll
0x00007ffe73620000 - 0x00007ffe73662000 	C:\Program Files\Java\javafx-sdk-18.0.1\bin\glass.dll
0x00007ffe9c090000 - 0x00007ffe9c17c000 	C:\Windows\System32\COMDLG32.dll
0x00007ffe9a350000 - 0x00007ffe9a4ea000 	C:\Windows\System32\ole32.dll
0x00007ffe9b8e0000 - 0x00007ffe9b9b6000 	C:\Windows\System32\OLEAUT32.dll
0x00007ffe9abb0000 - 0x00007ffe9acce000 	C:\Windows\System32\MSCTF.dll
0x00007ffe2aad0000 - 0x00007ffe2ad93000 	C:\Windows\system32\nvspcap64.dll
0x00007ffe98f20000 - 0x00007ffe98f44000 	C:\Windows\SYSTEM32\gpapi.dll
0x00007ffe94be0000 - 0x00007ffe94bf4000 	C:\Program Files\Java\javafx-sdk-18.0.1\bin\javafx_font.dll
0x00007ffe732c0000 - 0x00007ffe7351f000 	C:\Windows\SYSTEM32\dwrite.dll
0x00007ffe9a2a0000 - 0x00007ffe9a34f000 	C:\Windows\System32\clbcatq.dll
0x00007ffe91120000 - 0x00007ffe912ce000 	C:\Windows\SYSTEM32\WindowsCodecs.dll
0x00007ffe71060000 - 0x00007ffe710bd000 	C:\Windows\system32\dataexchange.dll
0x00007ffe90580000 - 0x00007ffe907e6000 	C:\Windows\system32\twinapi.appcore.dll
0x00007ffe6efa0000 - 0x00007ffe6efd2000 	C:\Program Files\Common Files\Microsoft Shared\Ink\rtscom.dll
0x00007ffe7dd60000 - 0x00007ffe7de8d000 	C:\Windows\SYSTEM32\textinputframework.dll
0x00007ffe96510000 - 0x00007ffe96642000 	C:\Windows\SYSTEM32\CoreMessaging.dll
0x00007ffe92550000 - 0x00007ffe928bd000 	C:\Windows\SYSTEM32\CoreUIComponents.dll
0x00007ffe6b5e0000 - 0x00007ffe6b60d000 	C:\Program Files\Java\javafx-sdk-18.0.1\bin\javafx_iio.dll

dbghelp: loaded successfully - version: 4.0.5 - missing functions: none
symbol engine: initialized successfully - sym options: 0x614 - pdb path: .;C:\Program Files\Java\jdk-17.0.2\bin;C:\Windows\SYSTEM32;C:\Windows\WinSxS\amd64_microsoft.windows.common-controls_6595b64144ccf1df_6.0.22000.120_none_9d947278b86cc467;C:\Program Files\Java\jdk-17.0.2\bin\server;C:\Program Files\Java\javafx-sdk-18.0.1\bin;C:\Windows\System32\DriverStore\FileRepository\nvltig.inf_amd64_ce837e92efe9cbc4;C:\Program Files\Common Files\Microsoft Shared\Ink

VM Arguments:
jvm_args: -Dfile.encoding=UTF-8 --add-modules=javafx.controls,javafx.fxml --module-path=C:\Users\juanc\OneDrive\Documentos\Universidad 3\POO\SEATORA\build\classes;C:\Program Files\Java\javafx-sdk-18.0.1\lib\javafx-swt.jar;C:\Program Files\Java\javafx-sdk-18.0.1\lib\javafx.base.jar;C:\Program Files\Java\javafx-sdk-18.0.1\lib\javafx.controls.jar;C:\Program Files\Java\javafx-sdk-18.0.1\lib\javafx.fxml.jar;C:\Program Files\Java\javafx-sdk-18.0.1\lib\javafx.graphics.jar;C:\Program Files\Java\javafx-sdk-18.0.1\lib\javafx.media.jar;C:\Program Files\Java\javafx-sdk-18.0.1\lib\javafx.swing.jar;C:\Program Files\Java\javafx-sdk-18.0.1\lib\javafx.web.jar 
java_command: start.Seatora
java_class_path (initial): C:\Program Files\Java\javafx-sdk-18.0.1\lib\javafx-swt.jar;C:\Program Files\Java\javafx-sdk-18.0.1\lib\javafx.base.jar;C:\Program Files\Java\javafx-sdk-18.0.1\lib\javafx.controls.jar;C:\Program Files\Java\javafx-sdk-18.0.1\lib\javafx.fxml.jar;C:\Program Files\Java\javafx-sdk-18.0.1\lib\javafx.graphics.jar;C:\Program Files\Java\javafx-sdk-18.0.1\lib\javafx.media.jar;C:\Program Files\Java\javafx-sdk-18.0.1\lib\javafx.swing.jar;C:\Program Files\Java\javafx-sdk-18.0.1\lib\javafx.web.jar;C:\Users\juanc\OneDrive\Documentos\Universidad 3\POO\SEATORA\build\classes
Launcher Type: SUN_STANDARD

[Global flags]
     intx CICompilerCount                          = 12                                        {product} {ergonomic}
     uint ConcGCThreads                            = 3                                         {product} {ergonomic}
     uint G1ConcRefinementThreads                  = 13                                        {product} {ergonomic}
   size_t G1HeapRegionSize                         = 4194304                                   {product} {ergonomic}
    uintx GCDrainStackTargetSize                   = 64                                        {product} {ergonomic}
   size_t InitialHeapSize                          = 402653184                                 {product} {ergonomic}
   size_t MarkStackSize                            = 4194304                                   {product} {ergonomic}
   size_t MaxHeapSize                              = 6404702208                                {product} {ergonomic}
   size_t MaxNewSize                               = 3841982464                                {product} {ergonomic}
   size_t MinHeapDeltaBytes                        = 4194304                                   {product} {ergonomic}
   size_t MinHeapSize                              = 8388608                                   {product} {ergonomic}
    uintx NonNMethodCodeHeapSize                   = 7602480                                {pd product} {ergonomic}
    uintx NonProfiledCodeHeapSize                  = 122027880                              {pd product} {ergonomic}
    uintx ProfiledCodeHeapSize                     = 122027880                              {pd product} {ergonomic}
    uintx ReservedCodeCacheSize                    = 251658240                              {pd product} {ergonomic}
     bool SegmentedCodeCache                       = true                                      {product} {ergonomic}
   size_t SoftMaxHeapSize                          = 6404702208                             {manageable} {ergonomic}
     bool UseCompressedClassPointers               = true                           {product lp64_product} {ergonomic}
     bool UseCompressedOops                        = true                           {product lp64_product} {ergonomic}
     bool UseG1GC                                  = true                                      {product} {ergonomic}
     bool UseLargePagesIndividualAllocation        = false                                  {pd product} {ergonomic}

Logging:
Log output configuration:
 #0: stdout all=off uptime,level,tags
 #1: stderr all=off uptime,level,tags

Environment Variables:
PATH=C:\Program Files\Common Files\Oracle\Java\javapath;C:\Program Files (x86)\Common Files\Oracle\Java\javapath;C:\Windows\system32;C:\Windows;C:\Windows\System32\Wbem;C:\Windows\System32\WindowsPowerShell\v1.0\;C:\Windows\System32\OpenSSH\;C:\Program Files (x86)\NVIDIA Corporation\PhysX\Common;C:\Program Files\NVIDIA Corporation\NVIDIA NvDLISR;C:\Users\juanc\AppData\Local\Microsoft\WindowsApps;;C:\Users\juanc\AppData\Local\Programs\Microsoft VS Code\bin
USERNAME=juanc
OS=Windows_NT
PROCESSOR_IDENTIFIER=AMD64 Family 25 Model 80 Stepping 0, AuthenticAMD



---------------  S Y S T E M  ---------------

OS:
 Windows 11 , 64 bit Build 22000 (10.0.22000.675)
OS uptime: 0 days 0:18 hours

CPU: total 16 (initial active 16) (16 cores per cpu, 2 threads per core) family 25 model 80 stepping 0 microcode 0x0, cx8, cmov, fxsr, ht, mmx, 3dnowpref, sse, sse2, sse3, ssse3, sse4a, sse4.1, sse4.2, popcnt, lzcnt, tsc, tscinvbit, avx, avx2, aes, erms, clmul, bmi1, bmi2, adx, sha, fma, vzeroupper, clflush, clflushopt

Memory: 4k page, system-wide physical 24428M (16605M free)
TotalPageFile size 28012M (AvailPageFile size 16757M)
current process WorkingSet (physical memory assigned to process): 274M, peak: 317M
current process commit charge ("private bytes"): 438M, peak: 726M

vm_info: Java HotSpot(TM) 64-Bit Server VM (17.0.2+8-LTS-86) for windows-amd64 JRE (17.0.2+8-LTS-86), built on Dec  7 2021 21:51:03 by "mach5one" with MS VC++ 16.8 / 16.9 (VS2019)

END.
