#
# A fatal error has been detected by the Java Runtime Environment:
#
#  EXCEPTION_ACCESS_VIOLATION (0xc0000005) at pc=0x00007ff91b6e62d7, pid=8672, tid=10800
#
# JRE version: Java(TM) SE Runtime Environment (17.0.2+8) (build 17.0.2+8-LTS-86)
# Java VM: Java HotSpot(TM) 64-Bit Server VM (17.0.2+8-LTS-86, mixed mode, sharing, tiered, compressed oops, compressed class ptrs, g1 gc, windows-amd64)
# Problematic frame:
# C  [glass.dll+0x262d7]
#
# No core dump will be written. Minidumps are not enabled by default on client versions of Windows
#
# If you would like to submit a bug report, please visit:
#   https://bugreport.java.com/bugreport/crash.jsp
#

---------------  S U M M A R Y ------------

Command Line: -Dfile.encoding=UTF-8 --add-modules=javafx.controls,javafx.fxml --module-path=C:\Users\juanc\OneDrive\Documentos\Universidad 3\POO\SEATORA\build\classes;C:\Program Files\Java\javafx-sdk-18.0.1\lib\javafx-swt.jar;C:\Program Files\Java\javafx-sdk-18.0.1\lib\javafx.base.jar;C:\Program Files\Java\javafx-sdk-18.0.1\lib\javafx.controls.jar;C:\Program Files\Java\javafx-sdk-18.0.1\lib\javafx.fxml.jar;C:\Program Files\Java\javafx-sdk-18.0.1\lib\javafx.graphics.jar;C:\Program Files\Java\javafx-sdk-18.0.1\lib\javafx.media.jar;C:\Program Files\Java\javafx-sdk-18.0.1\lib\javafx.swing.jar;C:\Program Files\Java\javafx-sdk-18.0.1\lib\javafx.web.jar start.Seatora

Host: AMD Ryzen 7 5800H with Radeon Graphics         , 16 cores, 23G,  Windows 11 , 64 bit Build 22000 (10.0.22000.675)
Time: Thu May 26 02:39:28 2022 Hora est. Pacífico, Sudamérica elapsed time: 9.151154 seconds (0d 0h 0m 9s)

---------------  T H R E A D  ---------------

Current thread (0x00000141b0ce4a50):  VMThread "VM Thread" [stack: 0x0000001f1a900000,0x0000001f1aa00000] [id=10800]

Stack: [0x0000001f1a900000,0x0000001f1aa00000],  sp=0x0000001f1a9fedc0,  free space=1019k
Native frames: (J=compiled Java code, j=interpreted, Vv=VM code, C=native code)
C  [glass.dll+0x262d7]


siginfo: EXCEPTION_ACCESS_VIOLATION (0xc0000005), reading address 0x0000000000000000


Register to memory mapping:

RIP=0x00007ff91b6e62d7 glass.dll
RAX=0x0 is NULL
RBX=0x00000141b0cf15f0 is a global jni handle
RCX=0x00000141b0ce4a50 points into unknown readable memory: 0x00007ff8c679e890 | 90 e8 79 c6 f8 7f 00 00
RDX=0x0000001f1a9fedc0 points into unknown readable memory: 0x0000000000000000 | 00 00 00 00 00 00 00 00
RSP=0x0000001f1a9fedc0 points into unknown readable memory: 0x0000000000000000 | 00 00 00 00 00 00 00 00
RBP=0x00000141b2740668 points into unknown readable memory: 0x00008b033b464673 | 73 46 46 3b 03 8b 00 00
RSI=0x00000141b2740640 points into unknown readable memory: 0xb6e08b00c48e9d02 | 02 9d 8e c4 00 8b e0 b6
RDI=0x00008b033b464673 is an unknown value
R8 =0x0000000000010002 is an unknown value
R9 =0x00008b033b464673 is an unknown value
R10=0x85f13e9656da4870 is an unknown value
R11=0x0000001f1a9fed50 points into unknown readable memory: 0x00000141b2740640 | 40 06 74 b2 41 01 00 00
R12=0x00007ff91b6e3bc4 glass.dll
R13=0x00007ff8c69449d0 jvm.dll
R14=0x0000001f1a9feec8 points into unknown readable memory: 0x0000001f1a9feeb0 | b0 ee 9f 1a 1f 00 00 00
R15=0x00000141b2740640 points into unknown readable memory: 0xb6e08b00c48e9d02 | 02 9d 8e c4 00 8b e0 b6


Registers:
RAX=0x0000000000000000, RBX=0x00000141b0cf15f0, RCX=0x00000141b0ce4a50, RDX=0x0000001f1a9fedc0
RSP=0x0000001f1a9fedc0, RBP=0x00000141b2740668, RSI=0x00000141b2740640, RDI=0x00008b033b464673
R8 =0x0000000000010002, R9 =0x00008b033b464673, R10=0x85f13e9656da4870, R11=0x0000001f1a9fed50
R12=0x00007ff91b6e3bc4, R13=0x00007ff8c69449d0, R14=0x0000001f1a9feec8, R15=0x00000141b2740640
RIP=0x00007ff91b6e62d7, EFLAGS=0x0000000000010206

Top of Stack: (sp=0x0000001f1a9fedc0)
0x0000001f1a9fedc0:   0000000000000000 00000141b2740640
0x0000001f1a9fedd0:   00007ff8c69449d0 00007ff91b6e3bc4
0x0000001f1a9fede0:   00000141b2740648 00007ff95a64bea0
0x0000001f1a9fedf0:   00008b033b464673 0000014100000000
0x0000001f1a9fee00:   00000141b2740668 00000141b2740640
0x0000001f1a9fee10:   fffffffffffffffe 0000000000000000
0x0000001f1a9fee20:   0000000000000001 00007ff91b6c0000
0x0000001f1a9fee30:   0000001f1a9feeb8 00007ff95a64bdb7
0x0000001f1a9fee40:   0000000000000000 0000001f1a9feec8
0x0000001f1a9fee50:   0000001f1a9ff1a0 00007ff95a7312b0
0x0000001f1a9fee60:   0000000000000001 00007ff95a64bd6d
0x0000001f1a9fee70:   0000000000000000 0000000000000001
0x0000001f1a9fee80:   0000000000000000 0000001f1a9feeb8
0x0000001f1a9fee90:   fffffffffffffffe 0000001f00000000
0x0000001f1a9feea0:   ffffffff00000001 00007ff91b6e3a51
0x0000001f1a9feeb0:   00007ff91b6f9f88 00007ff800000002 

Instructions: (pc=0x00007ff91b6e62d7)
0x00007ff91b6e61d7:   8b 4d 58 e8 2d cf ff ff 48 8b 4d 60 e8 24 cf ff
0x00007ff91b6e61e7:   ff 48 8b 95 80 00 00 00 48 8b 8d 18 01 00 00 e8
0x00007ff91b6e61f7:   16 c4 ff ff 33 d2 33 c9 e8 5c e1 ff ff 90 48 89
0x00007ff91b6e6207:   54 24 10 55 48 83 ec 20 48 8b ea 48 b8 00 00 00
0x00007ff91b6e6217:   00 00 00 00 00 48 83 c4 20 5d c3 cc 40 55 48 8b
0x00007ff91b6e6227:   ea 48 8b 01 33 c9 81 38 05 00 00 c0 0f 94 c1 8b
0x00007ff91b6e6237:   c1 5d c3 cc 40 55 48 83 ec 20 48 8b ea 8a 4d 40
0x00007ff91b6e6247:   48 83 c4 20 5d e9 17 d3 ff ff cc 40 55 48 83 ec
0x00007ff91b6e6257:   20 48 8b ea 8a 4d 20 e8 05 d3 ff ff 90 48 83 c4
0x00007ff91b6e6267:   20 5d c3 cc 40 55 48 83 ec 20 48 8b ea 48 83 c4
0x00007ff91b6e6277:   20 5d e9 66 d1 ff ff cc 40 55 48 83 ec 30 48 8b
0x00007ff91b6e6287:   ea 48 8b 01 8b 10 48 89 4c 24 28 89 54 24 20 4c
0x00007ff91b6e6297:   8d 0d 07 d6 ff ff 4c 8b 45 70 8b 55 68 48 8b 4d
0x00007ff91b6e62a7:   60 e8 a7 d0 ff ff 90 48 83 c4 30 5d c3 cc cc cc
0x00007ff91b6e62b7:   cc cc cc cc cc cc cc cc cc 40 53 48 83 ec 20 48
0x00007ff91b6e62c7:   8b 1d bb 36 01 00 48 85 db 74 16 e8 59 8b ff ff
0x00007ff91b6e62d7:   4c 8b 00 48 8b d3 48 8b c8 41 ff 90 b0 00 00 00
0x00007ff91b6e62e7:   90 48 83 c4 20 5b c3 cc cc 40 53 48 83 ec 20 48
0x00007ff91b6e62f7:   8b 1d 2b 38 01 00 48 85 db 74 57 b8 ff ff ff ff
0x00007ff91b6e6307:   f0 0f c1 43 10 83 f8 01 75 3d 48 85 db 74 38 48
0x00007ff91b6e6317:   8b 0b 48 85 c9 74 0d ff 15 84 0f 00 00 48 c7 03
0x00007ff91b6e6327:   00 00 00 00 48 8b 4b 08 48 85 c9 74 0d e8 d3 cd
0x00007ff91b6e6337:   ff ff 48 c7 43 08 00 00 00 00 ba 18 00 00 00 48
0x00007ff91b6e6347:   8b cb e8 be cd ff ff 48 c7 05 cf 37 01 00 00 00
0x00007ff91b6e6357:   00 00 48 83 c4 20 5b c3 cc 40 53 48 83 ec 20 48
0x00007ff91b6e6367:   8b 1d 9b 37 01 00 48 85 db 74 57 b8 ff ff ff ff
0x00007ff91b6e6377:   f0 0f c1 43 10 83 f8 01 75 3d 48 85 db 74 38 48
0x00007ff91b6e6387:   8b 0b 48 85 c9 74 0d ff 15 14 0f 00 00 48 c7 03
0x00007ff91b6e6397:   00 00 00 00 48 8b 4b 08 48 85 c9 74 0d e8 63 cd
0x00007ff91b6e63a7:   ff ff 48 c7 43 08 00 00 00 00 ba 18 00 00 00 48
0x00007ff91b6e63b7:   8b cb e8 4e cd ff ff 48 c7 05 3f 37 01 00 00 00
0x00007ff91b6e63c7:   00 00 48 83 c4 20 5b c3 cc 40 53 48 83 ec 20 48 


Stack slot to memory mapping:
stack at sp + 0 slots: 0x0 is NULL
stack at sp + 1 slots: 0x00000141b2740640 points into unknown readable memory: 0xb6e08b00c48e9d02 | 02 9d 8e c4 00 8b e0 b6
stack at sp + 2 slots: 0x00007ff8c69449d0 jvm.dll
stack at sp + 3 slots: 0x00007ff91b6e3bc4 glass.dll
stack at sp + 4 slots: 0x00000141b2740648 points into unknown readable memory: 0x00008b033b464673 | 73 46 46 3b 03 8b 00 00
stack at sp + 5 slots: 0x00007ff95a64bea0 ucrtbase.dll
stack at sp + 6 slots: 0x00008b033b464673 is an unknown value
stack at sp + 7 slots: 0x0000014100000000 is an unknown value

VM_Operation (0x0000001f1c3f5dc0): Exit, mode: safepoint, requested by thread 0x00000141b204b9f0


---------------  P R O C E S S  ---------------

Threads class SMR info:
_java_thread_list=0x00000141c0efd2e0, length=22, elements={
0x00000141889bf030, 0x00000141b0ce9280, 0x00000141b0cebe10, 0x00000141b0cfe5d0,
0x00000141b0cfee90, 0x00000141b0cffb60, 0x00000141b0d00420, 0x00000141b0d02160,
0x00000141b0d0d290, 0x00000141b0d213b0, 0x00000141b0d2db80, 0x00000141b0cd3ea0,
0x00000141b19a3910, 0x00000141b23c30f0, 0x00000141b22ccb00, 0x00000141b2680440,
0x00000141b204b9f0, 0x00000141b2ae6b10, 0x00000141b2b77800, 0x00000141b2d368c0,
0x00000141bcbbf920, 0x00000141b27be0c0
}

Java Threads: ( => current thread )
  0x00000141889bf030 JavaThread "main" [_thread_blocked, id=5844, stack(0x0000001f1a300000,0x0000001f1a400000)]
  0x00000141b0ce9280 JavaThread "Reference Handler" daemon [_thread_blocked, id=5588, stack(0x0000001f1aa00000,0x0000001f1ab00000)]
  0x00000141b0cebe10 JavaThread "Finalizer" daemon [_thread_blocked, id=5296, stack(0x0000001f1ab00000,0x0000001f1ac00000)]
  0x00000141b0cfe5d0 JavaThread "Signal Dispatcher" daemon [_thread_blocked, id=8984, stack(0x0000001f1ac00000,0x0000001f1ad00000)]
  0x00000141b0cfee90 JavaThread "Attach Listener" daemon [_thread_blocked, id=3488, stack(0x0000001f1ad00000,0x0000001f1ae00000)]
  0x00000141b0cffb60 JavaThread "Service Thread" daemon [_thread_blocked, id=3392, stack(0x0000001f1ae00000,0x0000001f1af00000)]
  0x00000141b0d00420 JavaThread "Monitor Deflation Thread" daemon [_thread_blocked, id=6148, stack(0x0000001f1af00000,0x0000001f1b000000)]
  0x00000141b0d02160 JavaThread "C2 CompilerThread0" daemon [_thread_blocked, id=6852, stack(0x0000001f1b000000,0x0000001f1b100000)]
  0x00000141b0d0d290 JavaThread "C1 CompilerThread0" daemon [_thread_blocked, id=14764, stack(0x0000001f1b100000,0x0000001f1b200000)]
  0x00000141b0d213b0 JavaThread "Sweeper thread" daemon [_thread_blocked, id=4500, stack(0x0000001f1b200000,0x0000001f1b300000)]
  0x00000141b0d2db80 JavaThread "C1 CompilerThread1" daemon [_thread_blocked, id=12696, stack(0x0000001f1b300000,0x0000001f1b400000)]
  0x00000141b0cd3ea0 JavaThread "Common-Cleaner" daemon [_thread_blocked, id=20600, stack(0x0000001f1b400000,0x0000001f1b500000)]
  0x00000141b19a3910 JavaThread "C1 CompilerThread2" daemon [_thread_blocked, id=17344, stack(0x0000001f1b500000,0x0000001f1b600000)]
  0x00000141b23c30f0 JavaThread "Notification Thread" daemon [_thread_blocked, id=21640, stack(0x0000001f1be00000,0x0000001f1bf00000)]
  0x00000141b22ccb00 JavaThread "QuantumRenderer-0" daemon [_thread_blocked, id=16824, stack(0x0000001f1c000000,0x0000001f1c100000)]
  0x00000141b2680440 JavaThread "InvokeLaterDispatcher" daemon [_thread_blocked, id=21344, stack(0x0000001f1c200000,0x0000001f1c300000)]
  0x00000141b204b9f0 JavaThread "JavaFX Application Thread" [_thread_blocked, id=18512, stack(0x0000001f1c300000,0x0000001f1c400000)]
  0x00000141b2ae6b10 JavaThread "JavaFX-Launcher" [_thread_blocked, id=3168, stack(0x0000001f1b800000,0x0000001f1b900000)]
  0x00000141b2b77800 JavaThread "Thread-2" daemon [_thread_in_native, id=6164, stack(0x0000001f1b700000,0x0000001f1b800000)]
  0x00000141b2d368c0 JavaThread "Prism Font Disposer" daemon [_thread_blocked, id=20464, stack(0x0000001f1ca00000,0x0000001f1cb00000)]
  0x00000141bcbbf920 JavaThread "Cleaner-0" daemon [_thread_blocked, id=19900, stack(0x0000001f1cf80000,0x0000001f1d080000)]
  0x00000141b27be0c0 JavaThread "C1 CompilerThread3" daemon [_thread_blocked, id=13068, stack(0x0000001f1c900000,0x0000001f1ca00000)]

Other Threads:
=>0x00000141b0ce4a50 VMThread "VM Thread" [stack: 0x0000001f1a900000,0x0000001f1aa00000] [id=10800]
  0x0000014188a20440 GCTaskThread "GC Thread#0" [stack: 0x0000001f1a400000,0x0000001f1a500000] [id=5396]
  0x00000141b2b23840 GCTaskThread "GC Thread#1" [stack: 0x0000001f1b900000,0x0000001f1ba00000] [id=1032]
  0x00000141b2b02fb0 GCTaskThread "GC Thread#2" [stack: 0x0000001f1ba00000,0x0000001f1bb00000] [id=9844]
  0x00000141b2bf42a0 GCTaskThread "GC Thread#3" [stack: 0x0000001f1bb00000,0x0000001f1bc00000] [id=8872]
  0x00000141b2b14320 GCTaskThread "GC Thread#4" [stack: 0x0000001f1bc00000,0x0000001f1bd00000] [id=20564]
  0x00000141b2b149e0 GCTaskThread "GC Thread#5" [stack: 0x0000001f1bd00000,0x0000001f1be00000] [id=12960]
  0x00000141b2b150a0 GCTaskThread "GC Thread#6" [stack: 0x0000001f1c500000,0x0000001f1c600000] [id=4528]
  0x00000141b2b15760 GCTaskThread "GC Thread#7" [stack: 0x0000001f1c600000,0x0000001f1c700000] [id=16588]
  0x00000141b2b15a10 GCTaskThread "GC Thread#8" [stack: 0x0000001f1c700000,0x0000001f1c800000] [id=3184]
  0x00000141b304a760 GCTaskThread "GC Thread#9" [stack: 0x0000001f1d090000,0x0000001f1d190000] [id=21724]
  0x0000014188a2d060 ConcurrentGCThread "G1 Main Marker" terminated
  0x0000014188a2e020 ConcurrentGCThread "G1 Conc#0" [stack: 0x0000001f1a600000,0x0000001f1a700000] [id=11900]
  0x00000141b0ba30e0 ConcurrentGCThread "G1 Refine#0" terminated
  0x00000141b0ba3910 ConcurrentGCThread "G1 Service" terminated

Threads with active compile tasks:

VM state: at safepoint (shutting down)

VM Mutex/Monitor currently owned by a thread:  ([mutex/lock_event])
[0x00000141889bbe60] Threads_lock - owner thread: 0x00000141b0ce4a50
[0x00000141889baea0] Heap_lock - owner thread: 0x00000141b204b9f0

Heap address: 0x0000000682400000, size: 6108 MB, Compressed Oops mode: Zero based, Oop shift amount: 3

CDS archive(s) mapped at: [0x0000000800000000-0x0000000800bc0000-0x0000000800bc0000), size 12320768, SharedBaseAddress: 0x0000000800000000, ArchiveRelocationMode: 0.
Compressed class space mapped at: 0x0000000800c00000-0x0000000840c00000, reserved size: 1073741824
Narrow klass base: 0x0000000800000000, Narrow klass shift: 0, Narrow klass range: 0x100000000

GC Precious Log:
 CPUs: 16 total, 16 available
 Memory: 24428M
 Large Page Support: Disabled
 NUMA Support: Disabled
 Compressed Oops: Enabled (Zero based)
 Heap Region Size: 4M
 Heap Min Capacity: 8M
 Heap Initial Capacity: 384M
 Heap Max Capacity: 6108M
 Pre-touch: Disabled
 Parallel Workers: 13
 Concurrent Workers: 3
 Concurrent Refinement Workers: 13
 Periodic GC: Disabled

Heap:
 garbage-first heap   total 393216K, used 49516K [0x0000000682400000, 0x0000000800000000)
  region size 4096K, 9 young (36864K), 2 survivors (8192K)
 Metaspace       used 17398K, committed 17664K, reserved 1064960K
  class space    used 2581K, committed 2752K, reserved 1048576K

Heap Regions: E=young(eden), S=young(survivor), O=old, HS=humongous(starts), HC=humongous(continues), CS=collection set, F=free, OA=open archive, CA=closed archive, TAMS=top-at-mark-start (previous, next)
|   0|0x0000000682400000, 0x0000000682800000, 0x0000000682800000|100%|HS|  |TAMS 0x0000000682400000, 0x0000000682400000| Complete 
|   1|0x0000000682800000, 0x0000000682c00000, 0x0000000682c00000|100%|HS|  |TAMS 0x0000000682800000, 0x0000000682800000| Complete 
|   2|0x0000000682c00000, 0x0000000682c5b000, 0x0000000683000000|  8%| O|  |TAMS 0x0000000682c00000, 0x0000000682c00000| Untracked 
|   3|0x0000000683000000, 0x0000000683400000, 0x0000000683400000|100%|HS|  |TAMS 0x0000000683000000, 0x0000000683000000| Complete 
|   4|0x0000000683400000, 0x0000000683800000, 0x0000000683800000|100%|HS|  |TAMS 0x0000000683400000, 0x0000000683400000| Complete 
|   5|0x0000000683800000, 0x0000000683800000, 0x0000000683c00000|  0%| F|  |TAMS 0x0000000683800000, 0x0000000683800000| Untracked 
|   6|0x0000000683c00000, 0x0000000683c00000, 0x0000000684000000|  0%| F|  |TAMS 0x0000000683c00000, 0x0000000683c00000| Untracked 
|   7|0x0000000684000000, 0x0000000684000000, 0x0000000684400000|  0%| F|  |TAMS 0x0000000684000000, 0x0000000684000000| Untracked 
|   8|0x0000000684400000, 0x0000000684400000, 0x0000000684800000|  0%| F|  |TAMS 0x0000000684400000, 0x0000000684400000| Untracked 
|   9|0x0000000684800000, 0x0000000684800000, 0x0000000684c00000|  0%| F|  |TAMS 0x0000000684800000, 0x0000000684800000| Untracked 
|  10|0x0000000684c00000, 0x0000000684c00000, 0x0000000685000000|  0%| F|  |TAMS 0x0000000684c00000, 0x0000000684c00000| Untracked 
|  11|0x0000000685000000, 0x0000000685000000, 0x0000000685400000|  0%| F|  |TAMS 0x0000000685000000, 0x0000000685000000| Untracked 
|  12|0x0000000685400000, 0x0000000685400000, 0x0000000685800000|  0%| F|  |TAMS 0x0000000685400000, 0x0000000685400000| Untracked 
|  13|0x0000000685800000, 0x0000000685800000, 0x0000000685c00000|  0%| F|  |TAMS 0x0000000685800000, 0x0000000685800000| Untracked 
|  14|0x0000000685c00000, 0x0000000685c00000, 0x0000000686000000|  0%| F|  |TAMS 0x0000000685c00000, 0x0000000685c00000| Untracked 
|  15|0x0000000686000000, 0x0000000686000000, 0x0000000686400000|  0%| F|  |TAMS 0x0000000686000000, 0x0000000686000000| Untracked 
|  16|0x0000000686400000, 0x0000000686400000, 0x0000000686800000|  0%| F|  |TAMS 0x0000000686400000, 0x0000000686400000| Untracked 
|  17|0x0000000686800000, 0x0000000686800000, 0x0000000686c00000|  0%| F|  |TAMS 0x0000000686800000, 0x0000000686800000| Untracked 
|  18|0x0000000686c00000, 0x0000000686c00000, 0x0000000687000000|  0%| F|  |TAMS 0x0000000686c00000, 0x0000000686c00000| Untracked 
|  19|0x0000000687000000, 0x0000000687000000, 0x0000000687400000|  0%| F|  |TAMS 0x0000000687000000, 0x0000000687000000| Untracked 
|  20|0x0000000687400000, 0x0000000687400000, 0x0000000687800000|  0%| F|  |TAMS 0x0000000687400000, 0x0000000687400000| Untracked 
|  21|0x0000000687800000, 0x0000000687800000, 0x0000000687c00000|  0%| F|  |TAMS 0x0000000687800000, 0x0000000687800000| Untracked 
|  22|0x0000000687c00000, 0x0000000687c00000, 0x0000000688000000|  0%| F|  |TAMS 0x0000000687c00000, 0x0000000687c00000| Untracked 
|  23|0x0000000688000000, 0x0000000688000000, 0x0000000688400000|  0%| F|  |TAMS 0x0000000688000000, 0x0000000688000000| Untracked 
|  24|0x0000000688400000, 0x0000000688400000, 0x0000000688800000|  0%| F|  |TAMS 0x0000000688400000, 0x0000000688400000| Untracked 
|  25|0x0000000688800000, 0x0000000688800000, 0x0000000688c00000|  0%| F|  |TAMS 0x0000000688800000, 0x0000000688800000| Untracked 
|  26|0x0000000688c00000, 0x0000000688c00000, 0x0000000689000000|  0%| F|  |TAMS 0x0000000688c00000, 0x0000000688c00000| Untracked 
|  27|0x0000000689000000, 0x0000000689000000, 0x0000000689400000|  0%| F|  |TAMS 0x0000000689000000, 0x0000000689000000| Untracked 
|  28|0x0000000689400000, 0x0000000689400000, 0x0000000689800000|  0%| F|  |TAMS 0x0000000689400000, 0x0000000689400000| Untracked 
|  29|0x0000000689800000, 0x0000000689800000, 0x0000000689c00000|  0%| F|  |TAMS 0x0000000689800000, 0x0000000689800000| Untracked 
|  30|0x0000000689c00000, 0x0000000689c00000, 0x000000068a000000|  0%| F|  |TAMS 0x0000000689c00000, 0x0000000689c00000| Untracked 
|  31|0x000000068a000000, 0x000000068a000000, 0x000000068a400000|  0%| F|  |TAMS 0x000000068a000000, 0x000000068a000000| Untracked 
|  32|0x000000068a400000, 0x000000068a400000, 0x000000068a800000|  0%| F|  |TAMS 0x000000068a400000, 0x000000068a400000| Untracked 
|  33|0x000000068a800000, 0x000000068a800000, 0x000000068ac00000|  0%| F|  |TAMS 0x000000068a800000, 0x000000068a800000| Untracked 
|  34|0x000000068ac00000, 0x000000068ac00000, 0x000000068b000000|  0%| F|  |TAMS 0x000000068ac00000, 0x000000068ac00000| Untracked 
|  35|0x000000068b000000, 0x000000068b000000, 0x000000068b400000|  0%| F|  |TAMS 0x000000068b000000, 0x000000068b000000| Untracked 
|  36|0x000000068b400000, 0x000000068b400000, 0x000000068b800000|  0%| F|  |TAMS 0x000000068b400000, 0x000000068b400000| Untracked 
|  37|0x000000068b800000, 0x000000068b800000, 0x000000068bc00000|  0%| F|  |TAMS 0x000000068b800000, 0x000000068b800000| Untracked 
|  38|0x000000068bc00000, 0x000000068bc00000, 0x000000068c000000|  0%| F|  |TAMS 0x000000068bc00000, 0x000000068bc00000| Untracked 
|  39|0x000000068c000000, 0x000000068c000000, 0x000000068c400000|  0%| F|  |TAMS 0x000000068c000000, 0x000000068c000000| Untracked 
|  40|0x000000068c400000, 0x000000068c400000, 0x000000068c800000|  0%| F|  |TAMS 0x000000068c400000, 0x000000068c400000| Untracked 
|  41|0x000000068c800000, 0x000000068c800000, 0x000000068cc00000|  0%| F|  |TAMS 0x000000068c800000, 0x000000068c800000| Untracked 
|  42|0x000000068cc00000, 0x000000068cc00000, 0x000000068d000000|  0%| F|  |TAMS 0x000000068cc00000, 0x000000068cc00000| Untracked 
|  43|0x000000068d000000, 0x000000068d000000, 0x000000068d400000|  0%| F|  |TAMS 0x000000068d000000, 0x000000068d000000| Untracked 
|  44|0x000000068d400000, 0x000000068d400000, 0x000000068d800000|  0%| F|  |TAMS 0x000000068d400000, 0x000000068d400000| Untracked 
|  45|0x000000068d800000, 0x000000068d800000, 0x000000068dc00000|  0%| F|  |TAMS 0x000000068d800000, 0x000000068d800000| Untracked 
|  46|0x000000068dc00000, 0x000000068dc00000, 0x000000068e000000|  0%| F|  |TAMS 0x000000068dc00000, 0x000000068dc00000| Untracked 
|  47|0x000000068e000000, 0x000000068e000000, 0x000000068e400000|  0%| F|  |TAMS 0x000000068e000000, 0x000000068e000000| Untracked 
|  48|0x000000068e400000, 0x000000068e400000, 0x000000068e800000|  0%| F|  |TAMS 0x000000068e400000, 0x000000068e400000| Untracked 
|  49|0x000000068e800000, 0x000000068e800000, 0x000000068ec00000|  0%| F|  |TAMS 0x000000068e800000, 0x000000068e800000| Untracked 
|  50|0x000000068ec00000, 0x000000068ec00000, 0x000000068f000000|  0%| F|  |TAMS 0x000000068ec00000, 0x000000068ec00000| Untracked 
|  51|0x000000068f000000, 0x000000068f000000, 0x000000068f400000|  0%| F|  |TAMS 0x000000068f000000, 0x000000068f000000| Untracked 
|  52|0x000000068f400000, 0x000000068f400000, 0x000000068f800000|  0%| F|  |TAMS 0x000000068f400000, 0x000000068f400000| Untracked 
|  53|0x000000068f800000, 0x000000068f800000, 0x000000068fc00000|  0%| F|  |TAMS 0x000000068f800000, 0x000000068f800000| Untracked 
|  54|0x000000068fc00000, 0x000000068fc00000, 0x0000000690000000|  0%| F|  |TAMS 0x000000068fc00000, 0x000000068fc00000| Untracked 
|  55|0x0000000690000000, 0x0000000690000000, 0x0000000690400000|  0%| F|  |TAMS 0x0000000690000000, 0x0000000690000000| Untracked 
|  56|0x0000000690400000, 0x0000000690400000, 0x0000000690800000|  0%| F|  |TAMS 0x0000000690400000, 0x0000000690400000| Untracked 
|  57|0x0000000690800000, 0x0000000690800000, 0x0000000690c00000|  0%| F|  |TAMS 0x0000000690800000, 0x0000000690800000| Untracked 
|  58|0x0000000690c00000, 0x0000000690c00000, 0x0000000691000000|  0%| F|  |TAMS 0x0000000690c00000, 0x0000000690c00000| Untracked 
|  59|0x0000000691000000, 0x0000000691000000, 0x0000000691400000|  0%| F|  |TAMS 0x0000000691000000, 0x0000000691000000| Untracked 
|  60|0x0000000691400000, 0x0000000691400000, 0x0000000691800000|  0%| F|  |TAMS 0x0000000691400000, 0x0000000691400000| Untracked 
|  61|0x0000000691800000, 0x0000000691800000, 0x0000000691c00000|  0%| F|  |TAMS 0x0000000691800000, 0x0000000691800000| Untracked 
|  62|0x0000000691c00000, 0x0000000691c00000, 0x0000000692000000|  0%| F|  |TAMS 0x0000000691c00000, 0x0000000691c00000| Untracked 
|  63|0x0000000692000000, 0x0000000692000000, 0x0000000692400000|  0%| F|  |TAMS 0x0000000692000000, 0x0000000692000000| Untracked 
|  64|0x0000000692400000, 0x0000000692400000, 0x0000000692800000|  0%| F|  |TAMS 0x0000000692400000, 0x0000000692400000| Untracked 
|  65|0x0000000692800000, 0x0000000692800000, 0x0000000692c00000|  0%| F|  |TAMS 0x0000000692800000, 0x0000000692800000| Untracked 
|  66|0x0000000692c00000, 0x0000000692c00000, 0x0000000693000000|  0%| F|  |TAMS 0x0000000692c00000, 0x0000000692c00000| Untracked 
|  67|0x0000000693000000, 0x0000000693000000, 0x0000000693400000|  0%| F|  |TAMS 0x0000000693000000, 0x0000000693000000| Untracked 
|  68|0x0000000693400000, 0x0000000693400000, 0x0000000693800000|  0%| F|  |TAMS 0x0000000693400000, 0x0000000693400000| Untracked 
|  69|0x0000000693800000, 0x0000000693800000, 0x0000000693c00000|  0%| F|  |TAMS 0x0000000693800000, 0x0000000693800000| Untracked 
|  70|0x0000000693c00000, 0x0000000693c00000, 0x0000000694000000|  0%| F|  |TAMS 0x0000000693c00000, 0x0000000693c00000| Untracked 
|  71|0x0000000694000000, 0x0000000694000000, 0x0000000694400000|  0%| F|  |TAMS 0x0000000694000000, 0x0000000694000000| Untracked 
|  72|0x0000000694400000, 0x0000000694400000, 0x0000000694800000|  0%| F|  |TAMS 0x0000000694400000, 0x0000000694400000| Untracked 
|  73|0x0000000694800000, 0x0000000694800000, 0x0000000694c00000|  0%| F|  |TAMS 0x0000000694800000, 0x0000000694800000| Untracked 
|  74|0x0000000694c00000, 0x0000000694c00000, 0x0000000695000000|  0%| F|  |TAMS 0x0000000694c00000, 0x0000000694c00000| Untracked 
|  75|0x0000000695000000, 0x0000000695000000, 0x0000000695400000|  0%| F|  |TAMS 0x0000000695000000, 0x0000000695000000| Untracked 
|  76|0x0000000695400000, 0x0000000695400000, 0x0000000695800000|  0%| F|  |TAMS 0x0000000695400000, 0x0000000695400000| Untracked 
|  77|0x0000000695800000, 0x0000000695800000, 0x0000000695c00000|  0%| F|  |TAMS 0x0000000695800000, 0x0000000695800000| Untracked 
|  78|0x0000000695c00000, 0x0000000695c00000, 0x0000000696000000|  0%| F|  |TAMS 0x0000000695c00000, 0x0000000695c00000| Untracked 
|  79|0x0000000696000000, 0x0000000696000000, 0x0000000696400000|  0%| F|  |TAMS 0x0000000696000000, 0x0000000696000000| Untracked 
|  80|0x0000000696400000, 0x0000000696400000, 0x0000000696800000|  0%| F|  |TAMS 0x0000000696400000, 0x0000000696400000| Untracked 
|  81|0x0000000696800000, 0x0000000696800000, 0x0000000696c00000|  0%| F|  |TAMS 0x0000000696800000, 0x0000000696800000| Untracked 
|  82|0x0000000696c00000, 0x0000000696c00000, 0x0000000697000000|  0%| F|  |TAMS 0x0000000696c00000, 0x0000000696c00000| Untracked 
|  83|0x0000000697000000, 0x0000000697400000, 0x0000000697400000|100%| S|CS|TAMS 0x0000000697000000, 0x0000000697000000| Complete 
|  84|0x0000000697400000, 0x0000000697800000, 0x0000000697800000|100%| S|CS|TAMS 0x0000000697400000, 0x0000000697400000| Complete 
|  85|0x0000000697800000, 0x0000000697800000, 0x0000000697c00000|  0%| F|  |TAMS 0x0000000697800000, 0x0000000697800000| Untracked 
|  86|0x0000000697c00000, 0x0000000697c00000, 0x0000000698000000|  0%| F|  |TAMS 0x0000000697c00000, 0x0000000697c00000| Untracked 
|  87|0x0000000698000000, 0x0000000698000000, 0x0000000698400000|  0%| F|  |TAMS 0x0000000698000000, 0x0000000698000000| Untracked 
|  88|0x0000000698400000, 0x0000000698400000, 0x0000000698800000|  0%| F|  |TAMS 0x0000000698400000, 0x0000000698400000| Untracked 
|  89|0x0000000698800000, 0x0000000698936a50, 0x0000000698c00000| 30%| E|  |TAMS 0x0000000698800000, 0x0000000698800000| Complete 
|  90|0x0000000698c00000, 0x0000000699000000, 0x0000000699000000|100%| E|CS|TAMS 0x0000000698c00000, 0x0000000698c00000| Complete 
|  91|0x0000000699000000, 0x0000000699400000, 0x0000000699400000|100%| E|CS|TAMS 0x0000000699000000, 0x0000000699000000| Complete 
|  92|0x0000000699400000, 0x0000000699800000, 0x0000000699800000|100%| E|CS|TAMS 0x0000000699400000, 0x0000000699400000| Complete 
|  93|0x0000000699800000, 0x0000000699c00000, 0x0000000699c00000|100%| E|CS|TAMS 0x0000000699800000, 0x0000000699800000| Complete 
|  94|0x0000000699c00000, 0x000000069a000000, 0x000000069a000000|100%| E|CS|TAMS 0x0000000699c00000, 0x0000000699c00000| Complete 
|  95|0x000000069a000000, 0x000000069a400000, 0x000000069a400000|100%| E|CS|TAMS 0x000000069a000000, 0x000000069a000000| Complete 

Card table byte_map: [0x00000141a0690000,0x00000141a1280000] _byte_map_base: 0x000001419d27e000

Marking Bits (Prev, Next): (CMBitMap*) 0x0000014188a20860, (CMBitMap*) 0x0000014188a208a0
 Prev Bits: [0x00000141a1e70000, 0x00000141a7de0000)
 Next Bits: [0x00000141a7de0000, 0x00000141add50000)

Polling page: 0x00000141881a0000

Metaspace:

Usage:
  Non-class:     14.47 MB used.
      Class:      2.52 MB used.
       Both:     16.99 MB used.

Virtual space:
  Non-class space:       16.00 MB reserved,      14.56 MB ( 91%) committed,  2 nodes.
      Class space:        1.00 GB reserved,       2.69 MB ( <1%) committed,  1 nodes.
             Both:        1.02 GB reserved,      17.25 MB (  2%) committed. 

Chunk freelists:
   Non-Class:  1.06 MB
       Class:  1.23 MB
        Both:  2.29 MB

MaxMetaspaceSize: unlimited
CompressedClassSpaceSize: 1.00 GB
Initial GC threshold: 21.00 MB
Current GC threshold: 21.00 MB
CDS: on
MetaspaceReclaimPolicy: balanced
 - commit_granule_bytes: 65536.
 - commit_granule_words: 8192.
 - virtual_space_node_default_size: 1048576.
 - enlarge_chunks_in_place: 1.
 - new_chunks_are_fully_committed: 0.
 - uncommit_free_chunks: 1.
 - use_allocation_guard: 0.
 - handle_deallocations: 1.


Internal statistics:

num_allocs_failed_limit: 0.
num_arena_births: 194.
num_arena_deaths: 0.
num_vsnodes_births: 3.
num_vsnodes_deaths: 0.
num_space_committed: 276.
num_space_uncommitted: 0.
num_chunks_returned_to_freelist: 0.
num_chunks_taken_from_freelist: 791.
num_chunk_merges: 0.
num_chunk_splits: 561.
num_chunks_enlarged: 445.
num_purges: 0.
num_inconsistent_stats: 0.

CodeHeap 'non-profiled nmethods': size=119168Kb used=1439Kb max_used=1439Kb free=117728Kb
 bounds [0x0000014197dc0000, 0x0000014198030000, 0x000001419f220000]
CodeHeap 'profiled nmethods': size=119104Kb used=7267Kb max_used=7267Kb free=111836Kb
 bounds [0x0000014190970000, 0x0000014191090000, 0x0000014197dc0000]
CodeHeap 'non-nmethods': size=7488Kb used=3116Kb max_used=3183Kb free=4371Kb
 bounds [0x0000014190220000, 0x0000014190560000, 0x0000014190970000]
 total_blobs=4265 nmethods=3478 adapters=696
 compilation: enabled
              stopped_count=0, restarted_count=0
 full_count=0

Compilation events (20 events):
Event: 8.588 Thread 0x00000141b0d0d290 3474       3       com.sun.marlin.Renderer::lineTo (41 bytes)
Event: 8.588 Thread 0x00000141b19a3910 nmethod 3470 0x0000014191085290 code [0x00000141910854c0, 0x0000014191085ee8]
Event: 8.588 Thread 0x00000141b0d2db80 3475       3       com.sun.marlin.Renderer::closePath (61 bytes)
Event: 8.588 Thread 0x00000141b0d0d290 nmethod 3474 0x0000014191086210 code [0x00000141910863e0, 0x0000014191086648]
Event: 8.588 Thread 0x00000141b0d02160 nmethod 3472 0x0000014197f27590 code [0x0000014197f27720, 0x0000014197f27778]
Event: 8.588 Thread 0x00000141b0d02160 3473       4       com.sun.marlin.Renderer::tosubpixy (10 bytes)
Event: 8.588 Thread 0x00000141b0d2db80 nmethod 3475 0x0000014191086790 code [0x0000014191086940, 0x0000014191086b68]
Event: 8.588 Thread 0x00000141b0d02160 nmethod 3473 0x0000014197f27890 code [0x0000014197f27a20, 0x0000014197f27a98]
Event: 8.747 Thread 0x00000141b0d02160 3476       4       java.lang.Math::round (70 bytes)
Event: 8.747 Thread 0x00000141b19a3910 3477       3       javafx.scene.layout.Region$StyleableProperties$3::getStyleableProperty (9 bytes)
Event: 8.747 Thread 0x00000141b27be0c0 3478       3       javafx.scene.layout.Region$StyleableProperties$3::getStyleableProperty (8 bytes)
Event: 8.747 Thread 0x00000141b27be0c0 nmethod 3478 0x0000014191086c10 code [0x0000014191086da0, 0x0000014191086fd8]
Event: 8.747 Thread 0x00000141b19a3910 nmethod 3477 0x0000014191087090 code [0x0000014191087240, 0x00000141910875d8]
Event: 8.747 Thread 0x00000141b27be0c0 3479       3       com.sun.javafx.geom.RectBounds::contains (70 bytes)
Event: 8.747 Thread 0x00000141b0d02160 nmethod 3476 0x0000014197f27b90 code [0x0000014197f27d20, 0x0000014197f27df8]
Event: 8.747 Thread 0x00000141b0d0d290 3480       3       com.sun.marlin.TransformingPathConsumer2D$PathClipFilter::finishPath (34 bytes)
Event: 8.747 Thread 0x00000141b27be0c0 nmethod 3479 0x0000014191087710 code [0x00000141910878e0, 0x0000014191087ed8]
Event: 8.747 Thread 0x00000141b27be0c0 3481       3       com.sun.marlin.TransformingPathConsumer2D$PathClipFilter::lineTo (208 bytes)
Event: 8.747 Thread 0x00000141b0d0d290 nmethod 3480 0x0000014191088010 code [0x00000141910881c0, 0x0000014191088428]
Event: 8.748 Thread 0x00000141b27be0c0 nmethod 3481 0x0000014191088510 code [0x0000014191088720, 0x0000014191088d18]

GC Heap History (4 events):
Event: 0.313 GC heap before
{Heap before GC invocations=0 (full 0):
 garbage-first heap   total 393216K, used 16384K [0x0000000682400000, 0x0000000800000000)
  region size 4096K, 5 young (20480K), 0 survivors (0K)
 Metaspace       used 4510K, committed 4608K, reserved 1056768K
  class space    used 512K, committed 576K, reserved 1048576K
}
Event: 0.315 GC heap after
{Heap after GC invocations=1 (full 0):
 garbage-first heap   total 393216K, used 2820K [0x0000000682400000, 0x0000000800000000)
  region size 4096K, 1 young (4096K), 1 survivors (4096K)
 Metaspace       used 4510K, committed 4608K, reserved 1056768K
  class space    used 512K, committed 576K, reserved 1048576K
}
Event: 1.632 GC heap before
{Heap before GC invocations=1 (full 0):
 garbage-first heap   total 393216K, used 47876K [0x0000000682400000, 0x0000000800000000)
  region size 4096K, 11 young (45056K), 1 survivors (4096K)
 Metaspace       used 14395K, committed 14656K, reserved 1064960K
  class space    used 2135K, committed 2240K, reserved 1048576K
}
Event: 1.635 GC heap after
{Heap after GC invocations=2 (full 0):
 garbage-first heap   total 393216K, used 16748K [0x0000000682400000, 0x0000000800000000)
  region size 4096K, 2 young (8192K), 2 survivors (8192K)
 Metaspace       used 14395K, committed 14656K, reserved 1064960K
  class space    used 2135K, committed 2240K, reserved 1048576K
}

Deoptimization events (20 events):
Event: 7.754 Thread 0x00000141b204b9f0 Uncommon trap: trap_request=0xffffff45 fr.pc=0x0000014197edb8ec relative=0x000000000000326c
Event: 7.754 Thread 0x00000141b204b9f0 Uncommon trap: reason=unstable_if action=reinterpret pc=0x0000014197edb8ec method=java.util.HashMap.removeNode(ILjava/lang/Object;Ljava/lang/Object;ZZ)Ljava/util/HashMap$Node; @ 46 c2
Event: 7.754 Thread 0x00000141b204b9f0 DEOPT PACKING pc=0x0000014197edb8ec sp=0x0000001f1c3f48d0
Event: 7.754 Thread 0x00000141b204b9f0 DEOPT UNPACKING pc=0x00000141902723a3 sp=0x0000001f1c3f4720 mode 2
Event: 7.756 Thread 0x00000141b204b9f0 Uncommon trap: trap_request=0xffffff45 fr.pc=0x0000014197f1565c relative=0x000000000000005c
Event: 7.756 Thread 0x00000141b204b9f0 Uncommon trap: reason=unstable_if action=reinterpret pc=0x0000014197f1565c method=java.util.Objects.equals(Ljava/lang/Object;Ljava/lang/Object;)Z @ 6 c2
Event: 7.756 Thread 0x00000141b204b9f0 DEOPT PACKING pc=0x0000014197f1565c sp=0x0000001f1c3f4d10
Event: 7.756 Thread 0x00000141b204b9f0 DEOPT UNPACKING pc=0x00000141902723a3 sp=0x0000001f1c3f4cb0 mode 2
Event: 7.759 Thread 0x00000141b204b9f0 Uncommon trap: trap_request=0xffffff45 fr.pc=0x0000014197e5653c relative=0x0000000000000f1c
Event: 7.759 Thread 0x00000141b204b9f0 Uncommon trap: reason=unstable_if action=reinterpret pc=0x0000014197e5653c method=java.util.concurrent.ConcurrentHashMap.putVal(Ljava/lang/Object;Ljava/lang/Object;Z)Ljava/lang/Object; @ 148 c2
Event: 7.759 Thread 0x00000141b204b9f0 DEOPT PACKING pc=0x0000014197e5653c sp=0x0000001f1c3f3fe0
Event: 7.759 Thread 0x00000141b204b9f0 DEOPT UNPACKING pc=0x00000141902723a3 sp=0x0000001f1c3f3f60 mode 2
Event: 7.761 Thread 0x00000141b204b9f0 Uncommon trap: trap_request=0xffffff45 fr.pc=0x0000014197ddaecc relative=0x000000000000022c
Event: 7.761 Thread 0x00000141b204b9f0 Uncommon trap: reason=unstable_if action=reinterpret pc=0x0000014197ddaecc method=java.lang.StringLatin1.lastIndexOf([BI[BII)I @ 86 c2
Event: 7.761 Thread 0x00000141b204b9f0 DEOPT PACKING pc=0x0000014197ddaecc sp=0x0000001f1c3f3fa0
Event: 7.761 Thread 0x00000141b204b9f0 DEOPT UNPACKING pc=0x00000141902723a3 sp=0x0000001f1c3f3de8 mode 2
Event: 7.761 Thread 0x00000141b204b9f0 Uncommon trap: trap_request=0xffffff45 fr.pc=0x0000014197dd0918 relative=0x00000000000000f8
Event: 7.761 Thread 0x00000141b204b9f0 Uncommon trap: reason=unstable_if action=reinterpret pc=0x0000014197dd0918 method=java.lang.StringLatin1.lastIndexOf([BI[BII)I @ 86 c2
Event: 7.761 Thread 0x00000141b204b9f0 DEOPT PACKING pc=0x0000014197dd0918 sp=0x0000001f1c3f3f60
Event: 7.761 Thread 0x00000141b204b9f0 DEOPT UNPACKING pc=0x00000141902723a3 sp=0x0000001f1c3f3eb8 mode 2

Classes unloaded (0 events):
No events

Classes redefined (0 events):
No events

Internal exceptions (20 events):
Event: 0.455 Thread 0x00000141b204b9f0 Exception <a 'java/lang/NoSuchMethodError'{0x000000069955e818}: 'void java.lang.invoke.DirectMethodHandle$Holder.invokeStaticInit(java.lang.Object, java.lang.Object)'> (0x000000069955e818) 
thrown [t:\workspace\open\src\hotspot\share\interpreter\linkResolver.cpp, line 766]
Event: 0.508 Thread 0x00000141b204b9f0 Implicit null exception at 0x0000014197e24b8e to 0x0000014197e24fb0
Event: 0.508 Thread 0x00000141b204b9f0 Implicit null exception at 0x0000014197e23e8b to 0x0000014197e242b0
Event: 0.513 Thread 0x00000141b204b9f0 Implicit null exception at 0x0000014197ddbc8f to 0x0000014197ddbd09
Event: 0.567 Thread 0x00000141b204b9f0 Exception <a 'java/lang/NoSuchMethodError'{0x00000006989d8018}: 'void java.lang.invoke.DirectMethodHandle$Holder.invokeSpecial(java.lang.Object, java.lang.Object, java.lang.Object, java.lang.Object, java.lang.Object)'> (0x00000006989d8018) 
thrown [t:\workspace\open\src\hotspot\share\interpreter\linkResolver.cpp, line 766]
Event: 0.568 Thread 0x00000141b204b9f0 Exception <a 'java/lang/NoSuchMethodError'{0x00000006989ecd68}: 'java.lang.Object java.lang.invoke.DirectMethodHandle$Holder.invokeInterface(java.lang.Object, java.lang.Object, java.lang.Object)'> (0x00000006989ecd68) 
thrown [t:\workspace\open\src\hotspot\share\interpreter\linkResolver.cpp, line 766]
Event: 0.568 Thread 0x00000141b204b9f0 Exception <a 'java/lang/IncompatibleClassChangeError'{0x00000006989f06f0}: Found class java.lang.Object, but interface was expected> (0x00000006989f06f0) 
thrown [t:\workspace\open\src\hotspot\share\interpreter\linkResolver.cpp, line 833]
Event: 0.606 Thread 0x00000141b204b9f0 Exception <a 'java/lang/NoSuchMethodError'{0x0000000698be1550}: 'java.lang.Object java.lang.invoke.DirectMethodHandle$Holder.newInvokeSpecial(java.lang.Object, java.lang.Object, int)'> (0x0000000698be1550) 
thrown [t:\workspace\open\src\hotspot\share\interpreter\linkResolver.cpp, line 766]
Event: 0.623 Thread 0x00000141b22ccb00 Exception <a 'java/lang/NoSuchMethodError'{0x00000006984f7658}: 'int java.lang.invoke.DirectMethodHandle$Holder.invokeStaticInit(java.lang.Object, java.lang.Object)'> (0x00000006984f7658) 
thrown [t:\workspace\open\src\hotspot\share\interpreter\linkResolver.cpp, line 766]
Event: 1.419 Thread 0x00000141b204b9f0 Exception <a 'java/lang/NoSuchMethodError'{0x00000006981a35b0}: 'long java.lang.invoke.DirectMethodHandle$Holder.invokeStatic(java.lang.Object, java.lang.Object, java.lang.Object)'> (0x00000006981a35b0) 
thrown [t:\workspace\open\src\hotspot\share\interpreter\linkResolver.cpp, line 766]
Event: 1.419 Thread 0x00000141b204b9f0 Exception <a 'java/lang/NoSuchMethodError'{0x00000006981a6d58}: 'long java.lang.invoke.DirectMethodHandle$Holder.invokeStaticInit(java.lang.Object, java.lang.Object, java.lang.Object)'> (0x00000006981a6d58) 
thrown [t:\workspace\open\src\hotspot\share\interpreter\linkResolver.cpp, line 766]
Event: 1.421 Thread 0x00000141b204b9f0 Exception <a 'java/lang/NoSuchMethodError'{0x00000006981be960}: 'java.lang.Object java.lang.invoke.DirectMethodHandle$Holder.newInvokeSpecial(java.lang.Object, java.lang.Object, long)'> (0x00000006981be960) 
thrown [t:\workspace\open\src\hotspot\share\interpreter\linkResolver.cpp, line 766]
Event: 1.421 Thread 0x00000141b204b9f0 Exception <a 'java/lang/NoSuchMethodError'{0x00000006981c24d0}: 'java.lang.Object java.lang.invoke.Invokers$Holder.linkToTargetMethod(java.lang.Object, long, java.lang.Object)'> (0x00000006981c24d0) 
thrown [t:\workspace\open\src\hotspot\share\interpreter\linkResolver.cpp, line 766]
Event: 1.569 Thread 0x00000141b204b9f0 Exception <a 'java/lang/ClassNotFoundException'{0x0000000697da1590}: com/sun/javafx/scene/control/skin/resources/controls> (0x0000000697da1590) 
thrown [t:\workspace\open\src\hotspot\share\prims\jni.cpp, line 535]
Event: 1.570 Thread 0x00000141b204b9f0 Exception <a 'java/lang/ClassNotFoundException'{0x0000000697daf828}: com/sun/javafx/scene/control/skin/resources/controls_es> (0x0000000697daf828) 
thrown [t:\workspace\open\src\hotspot\share\prims\jni.cpp, line 535]
Event: 1.570 Thread 0x00000141b204b9f0 Exception <a 'java/lang/ClassNotFoundException'{0x0000000697dbd780}: com/sun/javafx/scene/control/skin/resources/controls_es_CO> (0x0000000697dbd780) 
thrown [t:\workspace\open\src\hotspot\share\prims\jni.cpp, line 535]
Event: 3.044 Thread 0x00000141b204b9f0 Exception <a 'java/lang/NoSuchMethodError'{0x0000000699a214b8}: 'void java.lang.invoke.DirectMethodHandle$Holder.invokeSpecial(java.lang.Object, java.lang.Object, java.lang.Object, java.lang.Object, java.lang.Object, java.lang.Object)'> (0x0000000699a214b8) 
thrown [t:\workspace\open\src\hotspot\share\interpreter\linkResolver.cpp, line 766]
Event: 3.066 Thread 0x00000141b204b9f0 Exception <a 'java/lang/NoSuchMethodError'{0x0000000699447580}: 'void java.lang.invoke.DirectMethodHandle$Holder.invokeSpecialIFC(java.lang.Object, java.lang.Object, java.lang.Object, java.lang.Object)'> (0x0000000699447580) 
thrown [t:\workspace\open\src\hotspot\share\interpreter\linkResolver.cpp, line 766]
Event: 3.074 Thread 0x00000141b204b9f0 Exception <a 'java/lang/NoSuchMethodError'{0x000000069955a298}: 'int java.lang.invoke.DirectMethodHandle$Holder.invokeSpecial(java.lang.Object, java.lang.Object, int)'> (0x000000069955a298) 
thrown [t:\workspace\open\src\hotspot\share\interpreter\linkResolver.cpp, line 766]
Event: 3.949 Thread 0x00000141b204b9f0 Exception <a 'java/lang/reflect/InvocationTargetException'{0x000000069923d180}> (0x000000069923d180) 
thrown [t:\workspace\open\src\hotspot\share\runtime\reflection.cpp, line 1121]

VM Operations (20 events):
Event: 2.993 Executing VM operation: HandshakeAllThreads done
Event: 2.993 Executing VM operation: Cleanup
Event: 2.993 Executing VM operation: Cleanup done
Event: 3.061 Executing VM operation: HandshakeAllThreads
Event: 3.061 Executing VM operation: HandshakeAllThreads done
Event: 3.108 Executing VM operation: ICBufferFull
Event: 3.108 Executing VM operation: ICBufferFull done
Event: 3.143 Executing VM operation: HandshakeAllThreads
Event: 3.143 Executing VM operation: HandshakeAllThreads done
Event: 4.143 Executing VM operation: Cleanup
Event: 4.143 Executing VM operation: Cleanup done
Event: 5.144 Executing VM operation: Cleanup
Event: 5.144 Executing VM operation: Cleanup done
Event: 7.144 Executing VM operation: Cleanup
Event: 7.144 Executing VM operation: Cleanup done
Event: 7.750 Executing VM operation: HandshakeAllThreads
Event: 7.750 Executing VM operation: HandshakeAllThreads done
Event: 8.750 Executing VM operation: Cleanup
Event: 8.750 Executing VM operation: Cleanup done
Event: 8.826 Executing VM operation: Exit

Events (20 events):
Event: 7.760 loading class sun/text/resources/BreakIteratorInfo
Event: 7.760 loading class sun/text/resources/BreakIteratorInfo done
Event: 7.761 loading class sun/text/resources/BreakIteratorResources
Event: 7.761 loading class sun/util/resources/BreakIteratorResourceBundle
Event: 7.761 loading class sun/util/resources/BreakIteratorResourceBundle done
Event: 7.761 loading class sun/text/resources/BreakIteratorResources done
Event: 7.761 loading class sun/util/resources/Bundles$2
Event: 7.761 loading class sun/util/resources/Bundles$2 done
Event: 7.761 loading class sun/text/RuleBasedBreakIterator
Event: 7.761 loading class sun/text/RuleBasedBreakIterator done
Event: 7.762 loading class sun/text/CompactByteArray
Event: 7.762 loading class sun/text/CompactByteArray done
Event: 7.762 loading class sun/text/SupplementaryCharacterData
Event: 7.762 loading class sun/text/SupplementaryCharacterData done
Event: 7.762 loading class java/text/BreakIterator$BreakIteratorCache
Event: 7.762 loading class java/text/BreakIterator$BreakIteratorCache done
Event: 8.825 Thread 0x00000141bcbc0790 Thread added: 0x00000141bcbc0790
Event: 8.825 Thread 0x00000141bcbbe110 Thread added: 0x00000141bcbbe110
Event: 8.825 Thread 0x00000141bcbc0790 Thread exited: 0x00000141bcbc0790
Event: 8.825 Thread 0x00000141bcbbe110 Thread exited: 0x00000141bcbbe110


Dynamic libraries:
0x00007ff6c38d0000 - 0x00007ff6c38e0000 	C:\Program Files\Java\jdk-17.0.2\bin\java.exe
0x00007ff95ca40000 - 0x00007ff95cc49000 	C:\Windows\SYSTEM32\ntdll.dll
0x00007ff95ada0000 - 0x00007ff95ae5d000 	C:\Windows\System32\KERNEL32.DLL
0x00007ff95a280000 - 0x00007ff95a5f9000 	C:\Windows\System32\KERNELBASE.dll
0x00007ff95a630000 - 0x00007ff95a741000 	C:\Windows\System32\ucrtbase.dll
0x00007ff951430000 - 0x00007ff95144a000 	C:\Program Files\Java\jdk-17.0.2\bin\VCRUNTIME140.dll
0x00007ff92f410000 - 0x00007ff92f428000 	C:\Program Files\Java\jdk-17.0.2\bin\jli.dll
0x00007ff95c5e0000 - 0x00007ff95c68e000 	C:\Windows\System32\ADVAPI32.dll
0x00007ff95c530000 - 0x00007ff95c5d3000 	C:\Windows\System32\msvcrt.dll
0x00007ff95c2b0000 - 0x00007ff95c34e000 	C:\Windows\System32\sechost.dll
0x00007ff95b080000 - 0x00007ff95b1a0000 	C:\Windows\System32\RPCRT4.dll
0x00007ff95c700000 - 0x00007ff95c8ac000 	C:\Windows\System32\USER32.dll
0x00007ff94b670000 - 0x00007ff94b915000 	C:\Windows\WinSxS\amd64_microsoft.windows.common-controls_6595b64144ccf1df_6.0.22000.120_none_9d947278b86cc467\COMCTL32.dll
0x00007ff95a600000 - 0x00007ff95a626000 	C:\Windows\System32\win32u.dll
0x00007ff95b9d0000 - 0x00007ff95b9f9000 	C:\Windows\System32\GDI32.dll
0x00007ff959f30000 - 0x00007ff95a042000 	C:\Windows\System32\gdi32full.dll
0x00007ff95a7c0000 - 0x00007ff95a85d000 	C:\Windows\System32\msvcp_win.dll
0x00007ff9517b0000 - 0x00007ff9517ba000 	C:\Windows\SYSTEM32\VERSION.dll
0x00007ff95a8e0000 - 0x00007ff95a911000 	C:\Windows\System32\IMM32.DLL
0x00007ff930760000 - 0x00007ff93076c000 	C:\Program Files\Java\jdk-17.0.2\bin\vcruntime140_1.dll
0x00007ff8d9b90000 - 0x00007ff8d9c1d000 	C:\Program Files\Java\jdk-17.0.2\bin\msvcp140.dll
0x00007ff8c5e20000 - 0x00007ff8c69e1000 	C:\Program Files\Java\jdk-17.0.2\bin\server\jvm.dll
0x00007ff95b070000 - 0x00007ff95b078000 	C:\Windows\System32\PSAPI.DLL
0x00007ff951450000 - 0x00007ff951459000 	C:\Windows\SYSTEM32\WSOCK32.dll
0x00007ff953440000 - 0x00007ff953473000 	C:\Windows\SYSTEM32\WINMM.dll
0x00007ff95b960000 - 0x00007ff95b9cf000 	C:\Windows\System32\WS2_32.dll
0x00007ff959120000 - 0x00007ff959138000 	C:\Windows\SYSTEM32\kernel.appcore.dll
0x00007ff930750000 - 0x00007ff93075a000 	C:\Program Files\Java\jdk-17.0.2\bin\jimage.dll
0x00007ff9575c0000 - 0x00007ff9577e1000 	C:\Windows\SYSTEM32\DBGHELP.DLL
0x00007ff9435e0000 - 0x00007ff943611000 	C:\Windows\SYSTEM32\dbgcore.DLL
0x00007ff95a860000 - 0x00007ff95a8df000 	C:\Windows\System32\bcryptPrimitives.dll
0x00007ff925c90000 - 0x00007ff925cb5000 	C:\Program Files\Java\jdk-17.0.2\bin\java.dll
0x00007ff8d9c20000 - 0x00007ff8d9cf6000 	C:\Program Files\Java\jdk-17.0.2\bin\jsvml.dll
0x00007ff95ba00000 - 0x00007ff95c1af000 	C:\Windows\System32\SHELL32.dll
0x00007ff9580b0000 - 0x00007ff958918000 	C:\Windows\SYSTEM32\windows.storage.dll
0x00007ff95a9c0000 - 0x00007ff95ad38000 	C:\Windows\System32\combase.dll
0x00007ff957f40000 - 0x00007ff9580a6000 	C:\Windows\SYSTEM32\wintypes.dll
0x00007ff95c1b0000 - 0x00007ff95c29a000 	C:\Windows\System32\SHCORE.dll
0x00007ff95c8b0000 - 0x00007ff95c90d000 	C:\Windows\System32\shlwapi.dll
0x00007ff959e60000 - 0x00007ff959e81000 	C:\Windows\SYSTEM32\profapi.dll
0x00007ff930560000 - 0x00007ff930579000 	C:\Program Files\Java\jdk-17.0.2\bin\net.dll
0x00007ff954670000 - 0x00007ff95477c000 	C:\Windows\SYSTEM32\WINHTTP.dll
0x00007ff959550000 - 0x00007ff9595b7000 	C:\Windows\system32\mswsock.dll
0x00007ff92f4a0000 - 0x00007ff92f4b6000 	C:\Program Files\Java\jdk-17.0.2\bin\nio.dll
0x00007ff929420000 - 0x00007ff929438000 	C:\Program Files\Java\jdk-17.0.2\bin\zip.dll
0x00000141b0e70000 - 0x00000141b0e73000 	C:\Program Files\Java\javafx-sdk-18.0.1\bin\api-ms-win-core-console-l1-1-0.dll
0x00000141b0e80000 - 0x00000141b0e83000 	C:\Program Files\Java\javafx-sdk-18.0.1\bin\api-ms-win-core-console-l1-2-0.dll
0x00000141b0e90000 - 0x00000141b0e93000 	C:\Program Files\Java\javafx-sdk-18.0.1\bin\api-ms-win-core-datetime-l1-1-0.dll
0x00000141b0ea0000 - 0x00000141b0ea3000 	C:\Program Files\Java\javafx-sdk-18.0.1\bin\api-ms-win-core-debug-l1-1-0.dll
0x00000141b0eb0000 - 0x00000141b0eb3000 	C:\Program Files\Java\javafx-sdk-18.0.1\bin\api-ms-win-core-errorhandling-l1-1-0.dll
0x00000141b0ec0000 - 0x00000141b0ec4000 	C:\Program Files\Java\javafx-sdk-18.0.1\bin\api-ms-win-core-file-l1-1-0.dll
0x00000141b0ed0000 - 0x00000141b0ed3000 	C:\Program Files\Java\javafx-sdk-18.0.1\bin\api-ms-win-core-file-l1-2-0.dll
0x00000141b0ee0000 - 0x00000141b0ee3000 	C:\Program Files\Java\javafx-sdk-18.0.1\bin\api-ms-win-core-file-l2-1-0.dll
0x00000141b0ef0000 - 0x00000141b0ef3000 	C:\Program Files\Java\javafx-sdk-18.0.1\bin\api-ms-win-core-handle-l1-1-0.dll
0x00000141b0f00000 - 0x00000141b0f03000 	C:\Program Files\Java\javafx-sdk-18.0.1\bin\api-ms-win-core-heap-l1-1-0.dll
0x00000141b0f10000 - 0x00000141b0f13000 	C:\Program Files\Java\javafx-sdk-18.0.1\bin\api-ms-win-core-interlocked-l1-1-0.dll
0x00000141b0f20000 - 0x00000141b0f23000 	C:\Program Files\Java\javafx-sdk-18.0.1\bin\api-ms-win-core-libraryloader-l1-1-0.dll
0x00000141b0f30000 - 0x00000141b0f33000 	C:\Program Files\Java\javafx-sdk-18.0.1\bin\api-ms-win-core-localization-l1-2-0.dll
0x00000141b0f40000 - 0x00000141b0f43000 	C:\Program Files\Java\javafx-sdk-18.0.1\bin\api-ms-win-core-memory-l1-1-0.dll
0x00000141b0f50000 - 0x00000141b0f53000 	C:\Program Files\Java\javafx-sdk-18.0.1\bin\api-ms-win-core-namedpipe-l1-1-0.dll
0x00000141b0f60000 - 0x00000141b0f63000 	C:\Program Files\Java\javafx-sdk-18.0.1\bin\api-ms-win-core-processenvironment-l1-1-0.dll
0x00000141b0f70000 - 0x00000141b0f73000 	C:\Program Files\Java\javafx-sdk-18.0.1\bin\api-ms-win-core-processthreads-l1-1-0.dll
0x00000141b0f80000 - 0x00000141b0f83000 	C:\Program Files\Java\javafx-sdk-18.0.1\bin\api-ms-win-core-processthreads-l1-1-1.dll
0x00000141b0f90000 - 0x00000141b0f93000 	C:\Program Files\Java\javafx-sdk-18.0.1\bin\api-ms-win-core-profile-l1-1-0.dll
0x00000141b0fa0000 - 0x00000141b0fa3000 	C:\Program Files\Java\javafx-sdk-18.0.1\bin\api-ms-win-core-rtlsupport-l1-1-0.dll
0x00000141b0fb0000 - 0x00000141b0fb3000 	C:\Program Files\Java\javafx-sdk-18.0.1\bin\api-ms-win-core-string-l1-1-0.dll
0x00000141b0fc0000 - 0x00000141b0fc3000 	C:\Program Files\Java\javafx-sdk-18.0.1\bin\api-ms-win-core-synch-l1-1-0.dll
0x00000141b0fd0000 - 0x00000141b0fd3000 	C:\Program Files\Java\javafx-sdk-18.0.1\bin\api-ms-win-core-synch-l1-2-0.dll
0x00000141b0fe0000 - 0x00000141b0fe3000 	C:\Program Files\Java\javafx-sdk-18.0.1\bin\api-ms-win-core-sysinfo-l1-1-0.dll
0x00000141b0ff0000 - 0x00000141b0ff3000 	C:\Program Files\Java\javafx-sdk-18.0.1\bin\api-ms-win-core-timezone-l1-1-0.dll
0x00000141b33d0000 - 0x00000141b33d3000 	C:\Program Files\Java\javafx-sdk-18.0.1\bin\api-ms-win-core-util-l1-1-0.dll
0x00000141b33e0000 - 0x00000141b33e3000 	C:\Program Files\Java\javafx-sdk-18.0.1\bin\api-ms-win-crt-conio-l1-1-0.dll
0x00000141b33f0000 - 0x00000141b33f4000 	C:\Program Files\Java\javafx-sdk-18.0.1\bin\api-ms-win-crt-convert-l1-1-0.dll
0x00000141b3400000 - 0x00000141b3403000 	C:\Program Files\Java\javafx-sdk-18.0.1\bin\api-ms-win-crt-environment-l1-1-0.dll
0x00000141b3410000 - 0x00000141b3413000 	C:\Program Files\Java\javafx-sdk-18.0.1\bin\api-ms-win-crt-filesystem-l1-1-0.dll
0x00000141b3420000 - 0x00000141b3423000 	C:\Program Files\Java\javafx-sdk-18.0.1\bin\api-ms-win-crt-heap-l1-1-0.dll
0x00000141b3430000 - 0x00000141b3433000 	C:\Program Files\Java\javafx-sdk-18.0.1\bin\api-ms-win-crt-locale-l1-1-0.dll
0x00000141b3440000 - 0x00000141b3445000 	C:\Program Files\Java\javafx-sdk-18.0.1\bin\api-ms-win-crt-math-l1-1-0.dll
0x00000141b3450000 - 0x00000141b3455000 	C:\Program Files\Java\javafx-sdk-18.0.1\bin\api-ms-win-crt-multibyte-l1-1-0.dll
0x00000141b3460000 - 0x00000141b3470000 	C:\Program Files\Java\javafx-sdk-18.0.1\bin\api-ms-win-crt-private-l1-1-0.dll
0x00000141b3470000 - 0x00000141b3473000 	C:\Program Files\Java\javafx-sdk-18.0.1\bin\api-ms-win-crt-process-l1-1-0.dll
0x00000141b3480000 - 0x00000141b3484000 	C:\Program Files\Java\javafx-sdk-18.0.1\bin\api-ms-win-crt-runtime-l1-1-0.dll
0x00000141b3490000 - 0x00000141b3494000 	C:\Program Files\Java\javafx-sdk-18.0.1\bin\api-ms-win-crt-stdio-l1-1-0.dll
0x00000141b34a0000 - 0x00000141b34a4000 	C:\Program Files\Java\javafx-sdk-18.0.1\bin\api-ms-win-crt-string-l1-1-0.dll
0x00000141b34b0000 - 0x00000141b34b3000 	C:\Program Files\Java\javafx-sdk-18.0.1\bin\api-ms-win-crt-time-l1-1-0.dll
0x00000141b34c0000 - 0x00000141b34c3000 	C:\Program Files\Java\javafx-sdk-18.0.1\bin\api-ms-win-crt-utility-l1-1-0.dll
0x00007ff91b060000 - 0x00007ff91b15c000 	C:\Program Files\Java\javafx-sdk-18.0.1\bin\ucrtbase.dll
0x00007ff92bd20000 - 0x00007ff92bd3a000 	C:\Program Files\Java\javafx-sdk-18.0.1\bin\vcruntime140.dll
0x00007ff94ce80000 - 0x00007ff94ce8c000 	C:\Program Files\Java\javafx-sdk-18.0.1\bin\vcruntime140_1.dll
0x00007ff91b3e0000 - 0x00007ff91b46d000 	C:\Program Files\Java\javafx-sdk-18.0.1\bin\msvcp140.dll
0x00007ff91fc90000 - 0x00007ff91fcbc000 	C:\Program Files\Java\javafx-sdk-18.0.1\bin\prism_d3d.dll
0x00007ff94ecd0000 - 0x00007ff94ee76000 	C:\Windows\system32\d3d9.dll
0x00007ff957960000 - 0x00007ff95798f000 	C:\Windows\SYSTEM32\dwmapi.dll
0x00007ff9574a0000 - 0x00007ff9574d8000 	C:\Windows\SYSTEM32\dxcore.dll
0x00007ff957180000 - 0x00007ff95722c000 	C:\Windows\system32\uxtheme.dll
0x00007ff94fdc0000 - 0x00007ff94fec7000 	C:\Windows\System32\DriverStore\FileRepository\nvltig.inf_amd64_ce837e92efe9cbc4\nvldumdx.dll
0x00007ff9597f0000 - 0x00007ff959802000 	C:\Windows\SYSTEM32\msasn1.dll
0x00007ff951750000 - 0x00007ff951781000 	C:\Windows\SYSTEM32\cryptnet.dll
0x00007ff95a050000 - 0x00007ff95a1b2000 	C:\Windows\System32\CRYPT32.dll
0x00007ff94f9e0000 - 0x00007ff94fb29000 	C:\Windows\SYSTEM32\drvstore.dll
0x00007ff959c70000 - 0x00007ff959c9c000 	C:\Windows\SYSTEM32\devobj.dll
0x00007ff959c20000 - 0x00007ff959c6c000 	C:\Windows\SYSTEM32\cfgmgr32.dll
0x00007ff959860000 - 0x00007ff95989d000 	C:\Windows\SYSTEM32\wldp.dll
0x00007ff959790000 - 0x00007ff95979c000 	C:\Windows\SYSTEM32\cryptbase.dll
0x00007ff95a750000 - 0x00007ff95a7b7000 	C:\Windows\System32\WINTRUST.DLL
0x00007ff95c4f0000 - 0x00007ff95c50f000 	C:\Windows\System32\imagehlp.dll
0x00007ff9597a0000 - 0x00007ff9597b8000 	C:\Windows\SYSTEM32\CRYPTSP.dll
0x00007ff959080000 - 0x00007ff9590b5000 	C:\Windows\system32\rsaenh.dll
0x00007ff959910000 - 0x00007ff959937000 	C:\Windows\SYSTEM32\bcrypt.dll
0x00007ff8daef0000 - 0x00007ff8dc678000 	C:\Windows\System32\DriverStore\FileRepository\nvltig.inf_amd64_ce837e92efe9cbc4\nvd3dumx.dll
0x00007ff953ac0000 - 0x00007ff953b04000 	C:\Windows\SYSTEM32\directxdatabasehelper.dll
0x00007ff957820000 - 0x00007ff957854000 	C:\Windows\SYSTEM32\ntmarta.dll
0x00007ff91b6c0000 - 0x00007ff91b702000 	C:\Program Files\Java\javafx-sdk-18.0.1\bin\glass.dll
0x00007ff95c910000 - 0x00007ff95c9fc000 	C:\Windows\System32\COMDLG32.dll
0x00007ff95c350000 - 0x00007ff95c4ea000 	C:\Windows\System32\ole32.dll
0x00007ff95b1a0000 - 0x00007ff95b276000 	C:\Windows\System32\OLEAUT32.dll
0x00007ff95af50000 - 0x00007ff95b06e000 	C:\Windows\System32\MSCTF.dll
0x00007ff8dc9a0000 - 0x00007ff8dcc63000 	C:\Windows\system32\nvspcap64.dll
0x00007ff9595e0000 - 0x00007ff959604000 	C:\Windows\SYSTEM32\gpapi.dll
0x00007ff9297a0000 - 0x00007ff9297b4000 	C:\Program Files\Java\javafx-sdk-18.0.1\bin\javafx_font.dll
0x00007ff935810000 - 0x00007ff935a6f000 	C:\Windows\SYSTEM32\dwrite.dll
0x00007ff95b280000 - 0x00007ff95b32f000 	C:\Windows\System32\clbcatq.dll
0x00007ff951860000 - 0x00007ff951a0e000 	C:\Windows\SYSTEM32\WindowsCodecs.dll
0x00007ff933380000 - 0x00007ff9333dd000 	C:\Windows\system32\dataexchange.dll
0x00007ff950bb0000 - 0x00007ff950e16000 	C:\Windows\system32\twinapi.appcore.dll
0x00007ff921c40000 - 0x00007ff921c72000 	C:\Program Files\Common Files\Microsoft Shared\Ink\rtscom.dll
0x00007ff93c230000 - 0x00007ff93c35d000 	C:\Windows\SYSTEM32\textinputframework.dll
0x00007ff956ca0000 - 0x00007ff956dd2000 	C:\Windows\SYSTEM32\CoreMessaging.dll

dbghelp: loaded successfully - version: 4.0.5 - missing functions: none
symbol engine: initialized successfully - sym options: 0x614 - pdb path: .;C:\Program Files\Java\jdk-17.0.2\bin;C:\Windows\SYSTEM32;C:\Windows\WinSxS\amd64_microsoft.windows.common-controls_6595b64144ccf1df_6.0.22000.120_none_9d947278b86cc467;C:\Program Files\Java\jdk-17.0.2\bin\server;C:\Program Files\Java\javafx-sdk-18.0.1\bin;C:\Windows\System32\DriverStore\FileRepository\nvltig.inf_amd64_ce837e92efe9cbc4;C:\Program Files\Common Files\Microsoft Shared\Ink

VM Arguments:
jvm_args: -Dfile.encoding=UTF-8 --add-modules=javafx.controls,javafx.fxml --module-path=C:\Users\juanc\OneDrive\Documentos\Universidad 3\POO\SEATORA\build\classes;C:\Program Files\Java\javafx-sdk-18.0.1\lib\javafx-swt.jar;C:\Program Files\Java\javafx-sdk-18.0.1\lib\javafx.base.jar;C:\Program Files\Java\javafx-sdk-18.0.1\lib\javafx.controls.jar;C:\Program Files\Java\javafx-sdk-18.0.1\lib\javafx.fxml.jar;C:\Program Files\Java\javafx-sdk-18.0.1\lib\javafx.graphics.jar;C:\Program Files\Java\javafx-sdk-18.0.1\lib\javafx.media.jar;C:\Program Files\Java\javafx-sdk-18.0.1\lib\javafx.swing.jar;C:\Program Files\Java\javafx-sdk-18.0.1\lib\javafx.web.jar 
java_command: start.Seatora
java_class_path (initial): C:\Program Files\Java\javafx-sdk-18.0.1\lib\javafx-swt.jar;C:\Program Files\Java\javafx-sdk-18.0.1\lib\javafx.base.jar;C:\Program Files\Java\javafx-sdk-18.0.1\lib\javafx.controls.jar;C:\Program Files\Java\javafx-sdk-18.0.1\lib\javafx.fxml.jar;C:\Program Files\Java\javafx-sdk-18.0.1\lib\javafx.graphics.jar;C:\Program Files\Java\javafx-sdk-18.0.1\lib\javafx.media.jar;C:\Program Files\Java\javafx-sdk-18.0.1\lib\javafx.swing.jar;C:\Program Files\Java\javafx-sdk-18.0.1\lib\javafx.web.jar;C:\Users\juanc\OneDrive\Documentos\Universidad 3\POO\SEATORA\build\classes
Launcher Type: SUN_STANDARD

[Global flags]
     intx CICompilerCount                          = 12                                        {product} {ergonomic}
     uint ConcGCThreads                            = 3                                         {product} {ergonomic}
     uint G1ConcRefinementThreads                  = 13                                        {product} {ergonomic}
   size_t G1HeapRegionSize                         = 4194304                                   {product} {ergonomic}
    uintx GCDrainStackTargetSize                   = 64                                        {product} {ergonomic}
   size_t InitialHeapSize                          = 402653184                                 {product} {ergonomic}
   size_t MarkStackSize                            = 4194304                                   {product} {ergonomic}
   size_t MaxHeapSize                              = 6404702208                                {product} {ergonomic}
   size_t MaxNewSize                               = 3841982464                                {product} {ergonomic}
   size_t MinHeapDeltaBytes                        = 4194304                                   {product} {ergonomic}
   size_t MinHeapSize                              = 8388608                                   {product} {ergonomic}
    uintx NonNMethodCodeHeapSize                   = 7602480                                {pd product} {ergonomic}
    uintx NonProfiledCodeHeapSize                  = 122027880                              {pd product} {ergonomic}
    uintx ProfiledCodeHeapSize                     = 122027880                              {pd product} {ergonomic}
    uintx ReservedCodeCacheSize                    = 251658240                              {pd product} {ergonomic}
     bool SegmentedCodeCache                       = true                                      {product} {ergonomic}
   size_t SoftMaxHeapSize                          = 6404702208                             {manageable} {ergonomic}
     bool UseCompressedClassPointers               = true                           {product lp64_product} {ergonomic}
     bool UseCompressedOops                        = true                           {product lp64_product} {ergonomic}
     bool UseG1GC                                  = true                                      {product} {ergonomic}
     bool UseLargePagesIndividualAllocation        = false                                  {pd product} {ergonomic}

Logging:
Log output configuration:
 #0: stdout all=off uptime,level,tags
 #1: stderr all=off uptime,level,tags

Environment Variables:
PATH=C:\Program Files\Common Files\Oracle\Java\javapath;C:\Program Files (x86)\Common Files\Oracle\Java\javapath;C:\Windows\system32;C:\Windows;C:\Windows\System32\Wbem;C:\Windows\System32\WindowsPowerShell\v1.0\;C:\Windows\System32\OpenSSH\;C:\Program Files (x86)\NVIDIA Corporation\PhysX\Common;C:\Program Files\NVIDIA Corporation\NVIDIA NvDLISR;C:\Users\juanc\AppData\Local\Microsoft\WindowsApps;;C:\Users\juanc\AppData\Local\Programs\Microsoft VS Code\bin
USERNAME=juanc
OS=Windows_NT
PROCESSOR_IDENTIFIER=AMD64 Family 25 Model 80 Stepping 0, AuthenticAMD



---------------  S Y S T E M  ---------------

OS:
 Windows 11 , 64 bit Build 22000 (10.0.22000.675)
OS uptime: 0 days 5:18 hours

CPU: total 16 (initial active 16) (16 cores per cpu, 2 threads per core) family 25 model 80 stepping 0 microcode 0x0, cx8, cmov, fxsr, ht, mmx, 3dnowpref, sse, sse2, sse3, ssse3, sse4a, sse4.1, sse4.2, popcnt, lzcnt, tsc, tscinvbit, avx, avx2, aes, erms, clmul, bmi1, bmi2, adx, sha, fma, vzeroupper, clflush, clflushopt

Memory: 4k page, system-wide physical 24428M (13716M free)
TotalPageFile size 28012M (AvailPageFile size 13147M)
current process WorkingSet (physical memory assigned to process): 180M, peak: 266M
current process commit charge ("private bytes"): 638M, peak: 712M

vm_info: Java HotSpot(TM) 64-Bit Server VM (17.0.2+8-LTS-86) for windows-amd64 JRE (17.0.2+8-LTS-86), built on Dec  7 2021 21:51:03 by "mach5one" with MS VC++ 16.8 / 16.9 (VS2019)

END.
