#
# A fatal error has been detected by the Java Runtime Environment:
#
#  EXCEPTION_ACCESS_VIOLATION (0xc0000005) at pc=0x00007ffe736462d7, pid=12780, tid=2464
#
# JRE version: Java(TM) SE Runtime Environment (17.0.2+8) (build 17.0.2+8-LTS-86)
# Java VM: Java HotSpot(TM) 64-Bit Server VM (17.0.2+8-LTS-86, mixed mode, sharing, tiered, compressed oops, compressed class ptrs, g1 gc, windows-amd64)
# Problematic frame:
# C  [glass.dll+0x262d7]
#
# No core dump will be written. Minidumps are not enabled by default on client versions of Windows
#
# If you would like to submit a bug report, please visit:
#   https://bugreport.java.com/bugreport/crash.jsp
#

---------------  S U M M A R Y ------------

Command Line: -Dfile.encoding=UTF-8 --add-modules=javafx.controls,javafx.fxml --module-path=C:\Users\juanc\OneDrive\Documentos\Universidad 3\POO\SEATORA\build\classes;C:\Program Files\Java\javafx-sdk-18.0.1\lib\javafx-swt.jar;C:\Program Files\Java\javafx-sdk-18.0.1\lib\javafx.base.jar;C:\Program Files\Java\javafx-sdk-18.0.1\lib\javafx.controls.jar;C:\Program Files\Java\javafx-sdk-18.0.1\lib\javafx.fxml.jar;C:\Program Files\Java\javafx-sdk-18.0.1\lib\javafx.graphics.jar;C:\Program Files\Java\javafx-sdk-18.0.1\lib\javafx.media.jar;C:\Program Files\Java\javafx-sdk-18.0.1\lib\javafx.swing.jar;C:\Program Files\Java\javafx-sdk-18.0.1\lib\javafx.web.jar start.Seatora

Host: AMD Ryzen 7 5800H with Radeon Graphics         , 16 cores, 23G,  Windows 11 , 64 bit Build 22000 (10.0.22000.675)
Time: Thu May 26 07:04:31 2022 Hora est. Pacífico, Sudamérica elapsed time: 60.956068 seconds (0d 0h 1m 0s)

---------------  T H R E A D  ---------------

Current thread (0x0000022ba4c3f7a0):  VMThread "VM Thread" [stack: 0x000000fd18400000,0x000000fd18500000] [id=2464]

Stack: [0x000000fd18400000,0x000000fd18500000],  sp=0x000000fd184ff140,  free space=1020k
Native frames: (J=compiled Java code, j=interpreted, Vv=VM code, C=native code)
C  [glass.dll+0x262d7]


siginfo: EXCEPTION_ACCESS_VIOLATION (0xc0000005), reading address 0x0000000000000000


Register to memory mapping:

RIP=0x00007ffe736462d7 glass.dll
RAX=0x0 is NULL
RBX=0x0000022ba4c4b138 is a global jni handle
RCX=0x0000022ba4c3f7a0 points into unknown readable memory: 0x00007ffe0739e890 | 90 e8 39 07 fe 7f 00 00
RDX=0x000000fd184ff140 points into unknown readable memory: 0x0000000000000000 | 00 00 00 00 00 00 00 00
RSP=0x000000fd184ff140 points into unknown readable memory: 0x0000000000000000 | 00 00 00 00 00 00 00 00
RBP=0x0000022ba6a0dee8 points into unknown readable memory: 0x0000d13246a8a2e7 | e7 a2 a8 46 32 d1 00 00
RSI=0x0000022ba6a0dec0 points into unknown readable memory: 0xb21bbf3246975dde | de 5d 97 46 32 bf 1b b2
RDI=0x0000d13246a8a2e7 is an unknown value
R8 =0x0000000000010002 is an unknown value
R9 =0x0000d13246a8a2e7 is an unknown value
R10=0x85f13e9656da4870 is an unknown value
R11=0x000000fd184ff0d0 points into unknown readable memory: 0x0000022ba6a0dec0 | c0 de a0 a6 2b 02 00 00
R12=0x00007ffe73643bc4 glass.dll
R13=0x00007ffe075449d0 jvm.dll
R14=0x000000fd184ff248 points into unknown readable memory: 0x000000fd184ff230 | 30 f2 4f 18 fd 00 00 00
R15=0x0000022ba6a0dec0 points into unknown readable memory: 0xb21bbf3246975dde | de 5d 97 46 32 bf 1b b2


Registers:
RAX=0x0000000000000000, RBX=0x0000022ba4c4b138, RCX=0x0000022ba4c3f7a0, RDX=0x000000fd184ff140
RSP=0x000000fd184ff140, RBP=0x0000022ba6a0dee8, RSI=0x0000022ba6a0dec0, RDI=0x0000d13246a8a2e7
R8 =0x0000000000010002, R9 =0x0000d13246a8a2e7, R10=0x85f13e9656da4870, R11=0x000000fd184ff0d0
R12=0x00007ffe73643bc4, R13=0x00007ffe075449d0, R14=0x000000fd184ff248, R15=0x0000022ba6a0dec0
RIP=0x00007ffe736462d7, EFLAGS=0x0000000000010202

Top of Stack: (sp=0x000000fd184ff140)
0x000000fd184ff140:   0000000000000000 0000022ba6a0dec0
0x000000fd184ff150:   00007ffe075449d0 00007ffe73643bc4
0x000000fd184ff160:   0000022ba6a0dec8 00007ffe99cdbea0
0x000000fd184ff170:   0000d13246a8a2e7 0000022b00000000
0x000000fd184ff180:   0000022ba6a0dee8 0000022ba6a0dec0
0x000000fd184ff190:   fffffffffffffffe 0000000000000000
0x000000fd184ff1a0:   0000000000000001 00007ffe73620000
0x000000fd184ff1b0:   000000fd184ff238 00007ffe99cdbdb7
0x000000fd184ff1c0:   0000000000000000 000000fd184ff248
0x000000fd184ff1d0:   000000fd184ff520 00007ffe99dc12b0
0x000000fd184ff1e0:   0000000000000001 00007ffe99cdbd6d
0x000000fd184ff1f0:   0000000000000000 0000000000000001
0x000000fd184ff200:   0000000000000000 000000fd184ff238
0x000000fd184ff210:   fffffffffffffffe 000000fd00000000
0x000000fd184ff220:   ffffffff00000001 00007ffe73643a51
0x000000fd184ff230:   00007ffe73659f88 00007ffe00000002 

Instructions: (pc=0x00007ffe736462d7)
0x00007ffe736461d7:   8b 4d 58 e8 2d cf ff ff 48 8b 4d 60 e8 24 cf ff
0x00007ffe736461e7:   ff 48 8b 95 80 00 00 00 48 8b 8d 18 01 00 00 e8
0x00007ffe736461f7:   16 c4 ff ff 33 d2 33 c9 e8 5c e1 ff ff 90 48 89
0x00007ffe73646207:   54 24 10 55 48 83 ec 20 48 8b ea 48 b8 00 00 00
0x00007ffe73646217:   00 00 00 00 00 48 83 c4 20 5d c3 cc 40 55 48 8b
0x00007ffe73646227:   ea 48 8b 01 33 c9 81 38 05 00 00 c0 0f 94 c1 8b
0x00007ffe73646237:   c1 5d c3 cc 40 55 48 83 ec 20 48 8b ea 8a 4d 40
0x00007ffe73646247:   48 83 c4 20 5d e9 17 d3 ff ff cc 40 55 48 83 ec
0x00007ffe73646257:   20 48 8b ea 8a 4d 20 e8 05 d3 ff ff 90 48 83 c4
0x00007ffe73646267:   20 5d c3 cc 40 55 48 83 ec 20 48 8b ea 48 83 c4
0x00007ffe73646277:   20 5d e9 66 d1 ff ff cc 40 55 48 83 ec 30 48 8b
0x00007ffe73646287:   ea 48 8b 01 8b 10 48 89 4c 24 28 89 54 24 20 4c
0x00007ffe73646297:   8d 0d 07 d6 ff ff 4c 8b 45 70 8b 55 68 48 8b 4d
0x00007ffe736462a7:   60 e8 a7 d0 ff ff 90 48 83 c4 30 5d c3 cc cc cc
0x00007ffe736462b7:   cc cc cc cc cc cc cc cc cc 40 53 48 83 ec 20 48
0x00007ffe736462c7:   8b 1d bb 36 01 00 48 85 db 74 16 e8 59 8b ff ff
0x00007ffe736462d7:   4c 8b 00 48 8b d3 48 8b c8 41 ff 90 b0 00 00 00
0x00007ffe736462e7:   90 48 83 c4 20 5b c3 cc cc 40 53 48 83 ec 20 48
0x00007ffe736462f7:   8b 1d 2b 38 01 00 48 85 db 74 57 b8 ff ff ff ff
0x00007ffe73646307:   f0 0f c1 43 10 83 f8 01 75 3d 48 85 db 74 38 48
0x00007ffe73646317:   8b 0b 48 85 c9 74 0d ff 15 84 0f 00 00 48 c7 03
0x00007ffe73646327:   00 00 00 00 48 8b 4b 08 48 85 c9 74 0d e8 d3 cd
0x00007ffe73646337:   ff ff 48 c7 43 08 00 00 00 00 ba 18 00 00 00 48
0x00007ffe73646347:   8b cb e8 be cd ff ff 48 c7 05 cf 37 01 00 00 00
0x00007ffe73646357:   00 00 48 83 c4 20 5b c3 cc 40 53 48 83 ec 20 48
0x00007ffe73646367:   8b 1d 9b 37 01 00 48 85 db 74 57 b8 ff ff ff ff
0x00007ffe73646377:   f0 0f c1 43 10 83 f8 01 75 3d 48 85 db 74 38 48
0x00007ffe73646387:   8b 0b 48 85 c9 74 0d ff 15 14 0f 00 00 48 c7 03
0x00007ffe73646397:   00 00 00 00 48 8b 4b 08 48 85 c9 74 0d e8 63 cd
0x00007ffe736463a7:   ff ff 48 c7 43 08 00 00 00 00 ba 18 00 00 00 48
0x00007ffe736463b7:   8b cb e8 4e cd ff ff 48 c7 05 3f 37 01 00 00 00
0x00007ffe736463c7:   00 00 48 83 c4 20 5b c3 cc 40 53 48 83 ec 20 48 


Stack slot to memory mapping:
stack at sp + 0 slots: 0x0 is NULL
stack at sp + 1 slots: 0x0000022ba6a0dec0 points into unknown readable memory: 0xb21bbf3246975dde | de 5d 97 46 32 bf 1b b2
stack at sp + 2 slots: 0x00007ffe075449d0 jvm.dll
stack at sp + 3 slots: 0x00007ffe73643bc4 glass.dll
stack at sp + 4 slots: 0x0000022ba6a0dec8 points into unknown readable memory: 0x0000d13246a8a2e7 | e7 a2 a8 46 32 d1 00 00
stack at sp + 5 slots: 0x00007ffe99cdbea0 ucrtbase.dll
stack at sp + 6 slots: 0x0000d13246a8a2e7 is an unknown value
stack at sp + 7 slots: 0x0000022b00000000 is an unknown value

VM_Operation (0x000000fd19df6530): Exit, mode: safepoint, requested by thread 0x0000022ba6526820


---------------  P R O C E S S  ---------------

Threads class SMR info:
_java_thread_list=0x0000022bb496aa00, length=19, elements={
0x0000022bfc91eee0, 0x0000022ba4c431a0, 0x0000022ba4c45d30, 0x0000022ba4c57a70,
0x0000022ba4c58330, 0x0000022ba4c58bf0, 0x0000022ba4c59cc0, 0x0000022ba4c63600,
0x0000022ba4c6d320, 0x0000022ba4c7b060, 0x0000022ba4c2ef60, 0x0000022ba6256310,
0x0000022ba65259b0, 0x0000022ba6525e80, 0x0000022ba6526820, 0x0000022ba65254e0,
0x0000022ba6523330, 0x0000022ba6526350, 0x0000022ba6525010
}

Java Threads: ( => current thread )
  0x0000022bfc91eee0 JavaThread "main" [_thread_blocked, id=7860, stack(0x000000fd17e00000,0x000000fd17f00000)]
  0x0000022ba4c431a0 JavaThread "Reference Handler" daemon [_thread_blocked, id=2340, stack(0x000000fd18500000,0x000000fd18600000)]
  0x0000022ba4c45d30 JavaThread "Finalizer" daemon [_thread_blocked, id=4328, stack(0x000000fd18600000,0x000000fd18700000)]
  0x0000022ba4c57a70 JavaThread "Signal Dispatcher" daemon [_thread_blocked, id=13536, stack(0x000000fd18700000,0x000000fd18800000)]
  0x0000022ba4c58330 JavaThread "Attach Listener" daemon [_thread_blocked, id=9904, stack(0x000000fd18800000,0x000000fd18900000)]
  0x0000022ba4c58bf0 JavaThread "Service Thread" daemon [_thread_blocked, id=16028, stack(0x000000fd18900000,0x000000fd18a00000)]
  0x0000022ba4c59cc0 JavaThread "Monitor Deflation Thread" daemon [_thread_blocked, id=3268, stack(0x000000fd18a00000,0x000000fd18b00000)]
  0x0000022ba4c63600 JavaThread "C2 CompilerThread0" daemon [_thread_blocked, id=3860, stack(0x000000fd18b00000,0x000000fd18c00000)]
  0x0000022ba4c6d320 JavaThread "C1 CompilerThread0" daemon [_thread_blocked, id=15988, stack(0x000000fd18c00000,0x000000fd18d00000)]
  0x0000022ba4c7b060 JavaThread "Sweeper thread" daemon [_thread_blocked, id=18240, stack(0x000000fd18d00000,0x000000fd18e00000)]
  0x0000022ba4c2ef60 JavaThread "Common-Cleaner" daemon [_thread_blocked, id=13972, stack(0x000000fd18f00000,0x000000fd19000000)]
  0x0000022ba6256310 JavaThread "Notification Thread" daemon [_thread_blocked, id=1956, stack(0x000000fd19800000,0x000000fd19900000)]
  0x0000022ba65259b0 JavaThread "QuantumRenderer-0" daemon [_thread_blocked, id=19244, stack(0x000000fd19a00000,0x000000fd19b00000)]
  0x0000022ba6525e80 JavaThread "InvokeLaterDispatcher" daemon [_thread_blocked, id=9740, stack(0x000000fd19c00000,0x000000fd19d00000)]
  0x0000022ba6526820 JavaThread "JavaFX Application Thread" [_thread_blocked, id=19980, stack(0x000000fd19d00000,0x000000fd19e00000)]
  0x0000022ba65254e0 JavaThread "JavaFX-Launcher" [_thread_blocked, id=20140, stack(0x000000fd19f00000,0x000000fd1a000000)]
  0x0000022ba6523330 JavaThread "Thread-2" daemon [_thread_in_native, id=9616, stack(0x000000fd19700000,0x000000fd19800000)]
  0x0000022ba6526350 JavaThread "Prism Font Disposer" daemon [_thread_blocked, id=5428, stack(0x000000fd1a800000,0x000000fd1a900000)]
  0x0000022ba6525010 JavaThread "Cleaner-0" daemon [_thread_blocked, id=7184, stack(0x000000fd1ace0000,0x000000fd1ade0000)]

Other Threads:
=>0x0000022ba4c3f7a0 VMThread "VM Thread" [stack: 0x000000fd18400000,0x000000fd18500000] [id=2464]
  0x0000022bfc981480 GCTaskThread "GC Thread#0" [stack: 0x000000fd17f00000,0x000000fd18000000] [id=14840]
  0x0000022ba6d7ba60 GCTaskThread "GC Thread#1" [stack: 0x000000fd1a000000,0x000000fd1a100000] [id=11028]
  0x0000022ba6dc94b0 GCTaskThread "GC Thread#2" [stack: 0x000000fd1a100000,0x000000fd1a200000] [id=19496]
  0x0000022ba6dc3980 GCTaskThread "GC Thread#3" [stack: 0x000000fd1a200000,0x000000fd1a300000] [id=15404]
  0x0000022ba6e14eb0 GCTaskThread "GC Thread#4" [stack: 0x000000fd1a300000,0x000000fd1a400000] [id=4396]
  0x0000022ba6e16dc0 GCTaskThread "GC Thread#5" [stack: 0x000000fd1a400000,0x000000fd1a500000] [id=18548]
  0x0000022ba6e17ca0 GCTaskThread "GC Thread#6" [stack: 0x000000fd1a500000,0x000000fd1a600000] [id=5868]
  0x0000022ba6e18980 GCTaskThread "GC Thread#7" [stack: 0x000000fd1a600000,0x000000fd1a700000] [id=3288]
  0x0000022ba6e18c30 GCTaskThread "GC Thread#8" [stack: 0x000000fd1a700000,0x000000fd1a800000] [id=20260]
  0x0000022bb4b4b200 GCTaskThread "GC Thread#9" [stack: 0x000000fd19300000,0x000000fd19400000] [id=19296]
  0x0000022bfc98e0a0 ConcurrentGCThread "G1 Main Marker" terminated
  0x0000022bfc98f060 ConcurrentGCThread "G1 Conc#0" [stack: 0x000000fd18100000,0x000000fd18200000] [id=10580]
  0x0000022ba4b014c0 ConcurrentGCThread "G1 Refine#0" terminated
  0x0000022bb1b7b840 ConcurrentGCThread "G1 Refine#1" terminated
  0x0000022ba4b01cf0 ConcurrentGCThread "G1 Service" terminated

Threads with active compile tasks:

VM state: at safepoint (shutting down)

VM Mutex/Monitor currently owned by a thread:  ([mutex/lock_event])
[0x0000022bfc91c0d0] Threads_lock - owner thread: 0x0000022ba4c3f7a0
[0x0000022bfc91b980] Heap_lock - owner thread: 0x0000022ba6526820

Heap address: 0x0000000682400000, size: 6108 MB, Compressed Oops mode: Zero based, Oop shift amount: 3

CDS archive(s) mapped at: [0x0000000800000000-0x0000000800bc0000-0x0000000800bc0000), size 12320768, SharedBaseAddress: 0x0000000800000000, ArchiveRelocationMode: 0.
Compressed class space mapped at: 0x0000000800c00000-0x0000000840c00000, reserved size: 1073741824
Narrow klass base: 0x0000000800000000, Narrow klass shift: 0, Narrow klass range: 0x100000000

GC Precious Log:
 CPUs: 16 total, 16 available
 Memory: 24428M
 Large Page Support: Disabled
 NUMA Support: Disabled
 Compressed Oops: Enabled (Zero based)
 Heap Region Size: 4M
 Heap Min Capacity: 8M
 Heap Initial Capacity: 384M
 Heap Max Capacity: 6108M
 Pre-touch: Disabled
 Parallel Workers: 13
 Concurrent Workers: 3
 Concurrent Refinement Workers: 13
 Periodic GC: Disabled

Heap:
 garbage-first heap   total 393216K, used 78958K [0x0000000682400000, 0x0000000800000000)
  region size 4096K, 15 young (61440K), 2 survivors (8192K)
 Metaspace       used 18822K, committed 19136K, reserved 1073152K
  class space    used 2657K, committed 2816K, reserved 1048576K

Heap Regions: E=young(eden), S=young(survivor), O=old, HS=humongous(starts), HC=humongous(continues), CS=collection set, F=free, OA=open archive, CA=closed archive, TAMS=top-at-mark-start (previous, next)
|   0|0x0000000682400000, 0x0000000682800000, 0x0000000682800000|100%|HS|  |TAMS 0x0000000682400000, 0x0000000682400000| Complete 
|   1|0x0000000682800000, 0x0000000682c00000, 0x0000000682c00000|100%|HS|  |TAMS 0x0000000682800000, 0x0000000682800000| Complete 
|   2|0x0000000682c00000, 0x0000000683000000, 0x0000000683000000|100%|HS|  |TAMS 0x0000000682c00000, 0x0000000682c00000| Complete 
|   3|0x0000000683000000, 0x000000068311ba00, 0x0000000683400000| 27%| O|  |TAMS 0x0000000683000000, 0x0000000683000000| Untracked 
|   4|0x0000000683400000, 0x0000000683800000, 0x0000000683800000|100%|HS|  |TAMS 0x0000000683400000, 0x0000000683400000| Complete 
|   5|0x0000000683800000, 0x0000000683c00000, 0x0000000683c00000|100%|HS|  |TAMS 0x0000000683800000, 0x0000000683800000| Complete 
|   6|0x0000000683c00000, 0x0000000683c00000, 0x0000000684000000|  0%| F|  |TAMS 0x0000000683c00000, 0x0000000683c00000| Untracked 
|   7|0x0000000684000000, 0x0000000684000000, 0x0000000684400000|  0%| F|  |TAMS 0x0000000684000000, 0x0000000684000000| Untracked 
|   8|0x0000000684400000, 0x0000000684400000, 0x0000000684800000|  0%| F|  |TAMS 0x0000000684400000, 0x0000000684400000| Untracked 
|   9|0x0000000684800000, 0x0000000684800000, 0x0000000684c00000|  0%| F|  |TAMS 0x0000000684800000, 0x0000000684800000| Untracked 
|  10|0x0000000684c00000, 0x0000000684c00000, 0x0000000685000000|  0%| F|  |TAMS 0x0000000684c00000, 0x0000000684c00000| Untracked 
|  11|0x0000000685000000, 0x0000000685000000, 0x0000000685400000|  0%| F|  |TAMS 0x0000000685000000, 0x0000000685000000| Untracked 
|  12|0x0000000685400000, 0x0000000685400000, 0x0000000685800000|  0%| F|  |TAMS 0x0000000685400000, 0x0000000685400000| Untracked 
|  13|0x0000000685800000, 0x0000000685800000, 0x0000000685c00000|  0%| F|  |TAMS 0x0000000685800000, 0x0000000685800000| Untracked 
|  14|0x0000000685c00000, 0x0000000685c00000, 0x0000000686000000|  0%| F|  |TAMS 0x0000000685c00000, 0x0000000685c00000| Untracked 
|  15|0x0000000686000000, 0x0000000686000000, 0x0000000686400000|  0%| F|  |TAMS 0x0000000686000000, 0x0000000686000000| Untracked 
|  16|0x0000000686400000, 0x0000000686400000, 0x0000000686800000|  0%| F|  |TAMS 0x0000000686400000, 0x0000000686400000| Untracked 
|  17|0x0000000686800000, 0x0000000686800000, 0x0000000686c00000|  0%| F|  |TAMS 0x0000000686800000, 0x0000000686800000| Untracked 
|  18|0x0000000686c00000, 0x0000000686c00000, 0x0000000687000000|  0%| F|  |TAMS 0x0000000686c00000, 0x0000000686c00000| Untracked 
|  19|0x0000000687000000, 0x0000000687000000, 0x0000000687400000|  0%| F|  |TAMS 0x0000000687000000, 0x0000000687000000| Untracked 
|  20|0x0000000687400000, 0x0000000687400000, 0x0000000687800000|  0%| F|  |TAMS 0x0000000687400000, 0x0000000687400000| Untracked 
|  21|0x0000000687800000, 0x0000000687800000, 0x0000000687c00000|  0%| F|  |TAMS 0x0000000687800000, 0x0000000687800000| Untracked 
|  22|0x0000000687c00000, 0x0000000687c00000, 0x0000000688000000|  0%| F|  |TAMS 0x0000000687c00000, 0x0000000687c00000| Untracked 
|  23|0x0000000688000000, 0x0000000688000000, 0x0000000688400000|  0%| F|  |TAMS 0x0000000688000000, 0x0000000688000000| Untracked 
|  24|0x0000000688400000, 0x0000000688400000, 0x0000000688800000|  0%| F|  |TAMS 0x0000000688400000, 0x0000000688400000| Untracked 
|  25|0x0000000688800000, 0x0000000688800000, 0x0000000688c00000|  0%| F|  |TAMS 0x0000000688800000, 0x0000000688800000| Untracked 
|  26|0x0000000688c00000, 0x0000000688c00000, 0x0000000689000000|  0%| F|  |TAMS 0x0000000688c00000, 0x0000000688c00000| Untracked 
|  27|0x0000000689000000, 0x0000000689000000, 0x0000000689400000|  0%| F|  |TAMS 0x0000000689000000, 0x0000000689000000| Untracked 
|  28|0x0000000689400000, 0x0000000689400000, 0x0000000689800000|  0%| F|  |TAMS 0x0000000689400000, 0x0000000689400000| Untracked 
|  29|0x0000000689800000, 0x0000000689800000, 0x0000000689c00000|  0%| F|  |TAMS 0x0000000689800000, 0x0000000689800000| Untracked 
|  30|0x0000000689c00000, 0x0000000689c00000, 0x000000068a000000|  0%| F|  |TAMS 0x0000000689c00000, 0x0000000689c00000| Untracked 
|  31|0x000000068a000000, 0x000000068a000000, 0x000000068a400000|  0%| F|  |TAMS 0x000000068a000000, 0x000000068a000000| Untracked 
|  32|0x000000068a400000, 0x000000068a400000, 0x000000068a800000|  0%| F|  |TAMS 0x000000068a400000, 0x000000068a400000| Untracked 
|  33|0x000000068a800000, 0x000000068a800000, 0x000000068ac00000|  0%| F|  |TAMS 0x000000068a800000, 0x000000068a800000| Untracked 
|  34|0x000000068ac00000, 0x000000068ac00000, 0x000000068b000000|  0%| F|  |TAMS 0x000000068ac00000, 0x000000068ac00000| Untracked 
|  35|0x000000068b000000, 0x000000068b000000, 0x000000068b400000|  0%| F|  |TAMS 0x000000068b000000, 0x000000068b000000| Untracked 
|  36|0x000000068b400000, 0x000000068b400000, 0x000000068b800000|  0%| F|  |TAMS 0x000000068b400000, 0x000000068b400000| Untracked 
|  37|0x000000068b800000, 0x000000068b800000, 0x000000068bc00000|  0%| F|  |TAMS 0x000000068b800000, 0x000000068b800000| Untracked 
|  38|0x000000068bc00000, 0x000000068bc00000, 0x000000068c000000|  0%| F|  |TAMS 0x000000068bc00000, 0x000000068bc00000| Untracked 
|  39|0x000000068c000000, 0x000000068c000000, 0x000000068c400000|  0%| F|  |TAMS 0x000000068c000000, 0x000000068c000000| Untracked 
|  40|0x000000068c400000, 0x000000068c400000, 0x000000068c800000|  0%| F|  |TAMS 0x000000068c400000, 0x000000068c400000| Untracked 
|  41|0x000000068c800000, 0x000000068c800000, 0x000000068cc00000|  0%| F|  |TAMS 0x000000068c800000, 0x000000068c800000| Untracked 
|  42|0x000000068cc00000, 0x000000068cc00000, 0x000000068d000000|  0%| F|  |TAMS 0x000000068cc00000, 0x000000068cc00000| Untracked 
|  43|0x000000068d000000, 0x000000068d000000, 0x000000068d400000|  0%| F|  |TAMS 0x000000068d000000, 0x000000068d000000| Untracked 
|  44|0x000000068d400000, 0x000000068d400000, 0x000000068d800000|  0%| F|  |TAMS 0x000000068d400000, 0x000000068d400000| Untracked 
|  45|0x000000068d800000, 0x000000068d800000, 0x000000068dc00000|  0%| F|  |TAMS 0x000000068d800000, 0x000000068d800000| Untracked 
|  46|0x000000068dc00000, 0x000000068dc00000, 0x000000068e000000|  0%| F|  |TAMS 0x000000068dc00000, 0x000000068dc00000| Untracked 
|  47|0x000000068e000000, 0x000000068e000000, 0x000000068e400000|  0%| F|  |TAMS 0x000000068e000000, 0x000000068e000000| Untracked 
|  48|0x000000068e400000, 0x000000068e400000, 0x000000068e800000|  0%| F|  |TAMS 0x000000068e400000, 0x000000068e400000| Untracked 
|  49|0x000000068e800000, 0x000000068e800000, 0x000000068ec00000|  0%| F|  |TAMS 0x000000068e800000, 0x000000068e800000| Untracked 
|  50|0x000000068ec00000, 0x000000068ec00000, 0x000000068f000000|  0%| F|  |TAMS 0x000000068ec00000, 0x000000068ec00000| Untracked 
|  51|0x000000068f000000, 0x000000068f000000, 0x000000068f400000|  0%| F|  |TAMS 0x000000068f000000, 0x000000068f000000| Untracked 
|  52|0x000000068f400000, 0x000000068f400000, 0x000000068f800000|  0%| F|  |TAMS 0x000000068f400000, 0x000000068f400000| Untracked 
|  53|0x000000068f800000, 0x000000068f800000, 0x000000068fc00000|  0%| F|  |TAMS 0x000000068f800000, 0x000000068f800000| Untracked 
|  54|0x000000068fc00000, 0x000000068fc00000, 0x0000000690000000|  0%| F|  |TAMS 0x000000068fc00000, 0x000000068fc00000| Untracked 
|  55|0x0000000690000000, 0x0000000690000000, 0x0000000690400000|  0%| F|  |TAMS 0x0000000690000000, 0x0000000690000000| Untracked 
|  56|0x0000000690400000, 0x0000000690400000, 0x0000000690800000|  0%| F|  |TAMS 0x0000000690400000, 0x0000000690400000| Untracked 
|  57|0x0000000690800000, 0x0000000690800000, 0x0000000690c00000|  0%| F|  |TAMS 0x0000000690800000, 0x0000000690800000| Untracked 
|  58|0x0000000690c00000, 0x0000000690c00000, 0x0000000691000000|  0%| F|  |TAMS 0x0000000690c00000, 0x0000000690c00000| Untracked 
|  59|0x0000000691000000, 0x0000000691000000, 0x0000000691400000|  0%| F|  |TAMS 0x0000000691000000, 0x0000000691000000| Untracked 
|  60|0x0000000691400000, 0x0000000691400000, 0x0000000691800000|  0%| F|  |TAMS 0x0000000691400000, 0x0000000691400000| Untracked 
|  61|0x0000000691800000, 0x0000000691800000, 0x0000000691c00000|  0%| F|  |TAMS 0x0000000691800000, 0x0000000691800000| Untracked 
|  62|0x0000000691c00000, 0x0000000691c00000, 0x0000000692000000|  0%| F|  |TAMS 0x0000000691c00000, 0x0000000691c00000| Untracked 
|  63|0x0000000692000000, 0x0000000692000000, 0x0000000692400000|  0%| F|  |TAMS 0x0000000692000000, 0x0000000692000000| Untracked 
|  64|0x0000000692400000, 0x0000000692400000, 0x0000000692800000|  0%| F|  |TAMS 0x0000000692400000, 0x0000000692400000| Untracked 
|  65|0x0000000692800000, 0x0000000692800000, 0x0000000692c00000|  0%| F|  |TAMS 0x0000000692800000, 0x0000000692800000| Untracked 
|  66|0x0000000692c00000, 0x0000000692c00000, 0x0000000693000000|  0%| F|  |TAMS 0x0000000692c00000, 0x0000000692c00000| Untracked 
|  67|0x0000000693000000, 0x0000000693000000, 0x0000000693400000|  0%| F|  |TAMS 0x0000000693000000, 0x0000000693000000| Untracked 
|  68|0x0000000693400000, 0x0000000693400000, 0x0000000693800000|  0%| F|  |TAMS 0x0000000693400000, 0x0000000693400000| Untracked 
|  69|0x0000000693800000, 0x0000000693800000, 0x0000000693c00000|  0%| F|  |TAMS 0x0000000693800000, 0x0000000693800000| Untracked 
|  70|0x0000000693c00000, 0x0000000693c00000, 0x0000000694000000|  0%| F|  |TAMS 0x0000000693c00000, 0x0000000693c00000| Untracked 
|  71|0x0000000694000000, 0x0000000694000000, 0x0000000694400000|  0%| F|  |TAMS 0x0000000694000000, 0x0000000694000000| Untracked 
|  72|0x0000000694400000, 0x0000000694400000, 0x0000000694800000|  0%| F|  |TAMS 0x0000000694400000, 0x0000000694400000| Untracked 
|  73|0x0000000694800000, 0x0000000694800000, 0x0000000694c00000|  0%| F|  |TAMS 0x0000000694800000, 0x0000000694800000| Untracked 
|  74|0x0000000694c00000, 0x0000000694c00000, 0x0000000695000000|  0%| F|  |TAMS 0x0000000694c00000, 0x0000000694c00000| Untracked 
|  75|0x0000000695000000, 0x0000000695000000, 0x0000000695400000|  0%| F|  |TAMS 0x0000000695000000, 0x0000000695000000| Untracked 
|  76|0x0000000695400000, 0x0000000695400000, 0x0000000695800000|  0%| F|  |TAMS 0x0000000695400000, 0x0000000695400000| Untracked 
|  77|0x0000000695800000, 0x0000000695800000, 0x0000000695c00000|  0%| F|  |TAMS 0x0000000695800000, 0x0000000695800000| Untracked 
|  78|0x0000000695c00000, 0x0000000695c00000, 0x0000000696000000|  0%| F|  |TAMS 0x0000000695c00000, 0x0000000695c00000| Untracked 
|  79|0x0000000696000000, 0x0000000696000000, 0x0000000696400000|  0%| F|  |TAMS 0x0000000696000000, 0x0000000696000000| Untracked 
|  80|0x0000000696400000, 0x0000000696400000, 0x0000000696800000|  0%| F|  |TAMS 0x0000000696400000, 0x0000000696400000| Untracked 
|  81|0x0000000696800000, 0x00000006968813c8, 0x0000000696c00000| 12%| E|  |TAMS 0x0000000696800000, 0x0000000696800000| Complete 
|  82|0x0000000696c00000, 0x0000000697000000, 0x0000000697000000|100%| E|CS|TAMS 0x0000000696c00000, 0x0000000696c00000| Complete 
|  83|0x0000000697000000, 0x0000000697400000, 0x0000000697400000|100%| S|CS|TAMS 0x0000000697000000, 0x0000000697000000| Complete 
|  84|0x0000000697400000, 0x0000000697800000, 0x0000000697800000|100%| S|CS|TAMS 0x0000000697400000, 0x0000000697400000| Complete 
|  85|0x0000000697800000, 0x0000000697c00000, 0x0000000697c00000|100%| E|CS|TAMS 0x0000000697800000, 0x0000000697800000| Complete 
|  86|0x0000000697c00000, 0x0000000698000000, 0x0000000698000000|100%| E|CS|TAMS 0x0000000697c00000, 0x0000000697c00000| Complete 
|  87|0x0000000698000000, 0x0000000698400000, 0x0000000698400000|100%| E|CS|TAMS 0x0000000698000000, 0x0000000698000000| Complete 
|  88|0x0000000698400000, 0x0000000698800000, 0x0000000698800000|100%| E|CS|TAMS 0x0000000698400000, 0x0000000698400000| Complete 
|  89|0x0000000698800000, 0x0000000698c00000, 0x0000000698c00000|100%| E|CS|TAMS 0x0000000698800000, 0x0000000698800000| Complete 
|  90|0x0000000698c00000, 0x0000000699000000, 0x0000000699000000|100%| E|CS|TAMS 0x0000000698c00000, 0x0000000698c00000| Complete 
|  91|0x0000000699000000, 0x0000000699400000, 0x0000000699400000|100%| E|CS|TAMS 0x0000000699000000, 0x0000000699000000| Complete 
|  92|0x0000000699400000, 0x0000000699800000, 0x0000000699800000|100%| E|CS|TAMS 0x0000000699400000, 0x0000000699400000| Complete 
|  93|0x0000000699800000, 0x0000000699c00000, 0x0000000699c00000|100%| E|CS|TAMS 0x0000000699800000, 0x0000000699800000| Complete 
|  94|0x0000000699c00000, 0x000000069a000000, 0x000000069a000000|100%| E|CS|TAMS 0x0000000699c00000, 0x0000000699c00000| Complete 
|  95|0x000000069a000000, 0x000000069a400000, 0x000000069a400000|100%| E|CS|TAMS 0x000000069a000000, 0x000000069a000000| Complete 

Card table byte_map: [0x0000022bfde70000,0x0000022bfea60000] _byte_map_base: 0x0000022bfaa5e000

Marking Bits (Prev, Next): (CMBitMap*) 0x0000022bfc9818a0, (CMBitMap*) 0x0000022bfc9818e0
 Prev Bits: [0x0000022b96780000, 0x0000022b9c6f0000)
 Next Bits: [0x0000022b9c6f0000, 0x0000022ba2660000)

Polling page: 0x0000022bfa8b0000

Metaspace:

Usage:
  Non-class:     15.79 MB used.
      Class:      2.60 MB used.
       Both:     18.38 MB used.

Virtual space:
  Non-class space:       24.00 MB reserved,      15.94 MB ( 66%) committed,  3 nodes.
      Class space:        1.00 GB reserved,       2.75 MB ( <1%) committed,  1 nodes.
             Both:        1.02 GB reserved,      18.69 MB (  2%) committed. 

Chunk freelists:
   Non-Class:  3.84 MB
       Class:  1.16 MB
        Both:  5.00 MB

MaxMetaspaceSize: unlimited
CompressedClassSpaceSize: 1.00 GB
Initial GC threshold: 21.00 MB
Current GC threshold: 21.00 MB
CDS: on
MetaspaceReclaimPolicy: balanced
 - commit_granule_bytes: 65536.
 - commit_granule_words: 8192.
 - virtual_space_node_default_size: 1048576.
 - enlarge_chunks_in_place: 1.
 - new_chunks_are_fully_committed: 0.
 - uncommit_free_chunks: 1.
 - use_allocation_guard: 0.
 - handle_deallocations: 1.


Internal statistics:

num_allocs_failed_limit: 0.
num_arena_births: 228.
num_arena_deaths: 0.
num_vsnodes_births: 4.
num_vsnodes_deaths: 0.
num_space_committed: 299.
num_space_uncommitted: 0.
num_chunks_returned_to_freelist: 0.
num_chunks_taken_from_freelist: 878.
num_chunk_merges: 0.
num_chunk_splits: 622.
num_chunks_enlarged: 497.
num_purges: 0.
num_inconsistent_stats: 0.

CodeHeap 'non-profiled nmethods': size=119168Kb used=2781Kb max_used=2781Kb free=116387Kb
 bounds [0x0000022b8f320000, 0x0000022b8f5e0000, 0x0000022b96780000]
CodeHeap 'profiled nmethods': size=119104Kb used=11153Kb max_used=11153Kb free=107951Kb
 bounds [0x0000022b87ed0000, 0x0000022b889c0000, 0x0000022b8f320000]
CodeHeap 'non-nmethods': size=7488Kb used=1431Kb max_used=3187Kb free=6056Kb
 bounds [0x0000022b87780000, 0x0000022b87ab0000, 0x0000022b87ed0000]
 total_blobs=5929 nmethods=5137 adapters=704
 compilation: enabled
              stopped_count=0, restarted_count=0
 full_count=0

Compilation events (20 events):
Event: 59.808 Thread 0x0000022ba4c63600 5130       4       com.sun.javafx.sg.prism.NGNode::clearDirty (26 bytes)
Event: 59.808 Thread 0x0000022ba4c63600 nmethod 5130 0x0000022b8f5d6690 code [0x0000022b8f5d6820, 0x0000022b8f5d69d8]
Event: 59.808 Thread 0x0000022ba4c63600 5131       4       com.sun.javafx.geom.transform.Identity::transform (17 bytes)
Event: 59.809 Thread 0x0000022ba4c63600 nmethod 5131 0x0000022b8f5d6a90 code [0x0000022b8f5d6c00, 0x0000022b8f5d6cb8]
Event: 60.375 Thread 0x0000022ba4c6d320 5132       3       com.sun.prism.paint.Color::putBgraPreBytes (66 bytes)
Event: 60.375 Thread 0x0000022ba4c63600 5133   !   4       java.nio.DirectFloatBufferU::put (36 bytes)
Event: 60.375 Thread 0x0000022ba4c6d320 nmethod 5132 0x0000022b889b0110 code [0x0000022b889b02e0, 0x0000022b889b0758]
Event: 60.376 Thread 0x0000022ba4c63600 nmethod 5133 0x0000022b8f5d6d90 code [0x0000022b8f5d6f00, 0x0000022b8f5d6ff8]
Event: 60.533 Thread 0x0000022ba4c6d320 5134       1       javafx.animation.KeyFrame::getTime (5 bytes)
Event: 60.533 Thread 0x0000022ba4c6d320 nmethod 5134 0x0000022b8f5d7110 code [0x0000022b8f5d72a0, 0x0000022b8f5d7378]
Event: 60.533 Thread 0x0000022ba4c6d320 5136       3       java.util.stream.ReferencePipeline::collect (124 bytes)
Event: 60.533 Thread 0x0000022ba4c6d320 nmethod 5136 0x0000022b889b0890 code [0x0000022b889b0b20, 0x0000022b889b17e8]
Event: 60.533 Thread 0x0000022ba4c6d320 5135       3       java.util.stream.Collectors::toList (26 bytes)
Event: 60.533 Thread 0x0000022ba4c6d320 nmethod 5135 0x0000022b889b1c10 code [0x0000022b889b1e00, 0x0000022b889b2368]
Event: 60.534 Thread 0x0000022ba4c6d320 5137       3       com.sun.javafx.tk.Toolkit::getPaint (66 bytes)
Event: 60.534 Thread 0x0000022ba4c6d320 nmethod 5137 0x0000022b889b2510 code [0x0000022b889b2740, 0x0000022b889b3298]
Event: 60.622 Thread 0x0000022ba4c6d320 5138       3       java.util.ArrayList::remove (76 bytes)
Event: 60.622 Thread 0x0000022ba4c6d320 nmethod 5138 0x0000022b889b3410 code [0x0000022b889b3600, 0x0000022b889b3af8]
Event: 60.623 Thread 0x0000022ba4c6d320 5139       3       java.lang.invoke.DirectMethodHandle$Holder::invokeStatic (15 bytes)
Event: 60.623 Thread 0x0000022ba4c6d320 nmethod 5139 0x0000022b889b3d10 code [0x0000022b889b3ee0, 0x0000022b889b4318]

GC Heap History (4 events):
Event: 0.357 GC heap before
{Heap before GC invocations=0 (full 0):
 garbage-first heap   total 393216K, used 16384K [0x0000000682400000, 0x0000000800000000)
  region size 4096K, 5 young (20480K), 0 survivors (0K)
 Metaspace       used 4527K, committed 4672K, reserved 1056768K
  class space    used 515K, committed 576K, reserved 1048576K
}
Event: 0.359 GC heap after
{Heap after GC invocations=1 (full 0):
 garbage-first heap   total 393216K, used 2851K [0x0000000682400000, 0x0000000800000000)
  region size 4096K, 1 young (4096K), 1 survivors (4096K)
 Metaspace       used 4527K, committed 4672K, reserved 1056768K
  class space    used 515K, committed 576K, reserved 1048576K
}
Event: 1.948 GC heap before
{Heap before GC invocations=1 (full 0):
 garbage-first heap   total 393216K, used 52003K [0x0000000682400000, 0x0000000800000000)
  region size 4096K, 11 young (45056K), 1 survivors (4096K)
 Metaspace       used 13999K, committed 14208K, reserved 1064960K
  class space    used 2018K, committed 2112K, reserved 1048576K
}
Event: 1.952 GC heap after
{Heap after GC invocations=2 (full 0):
 garbage-first heap   total 393216K, used 21614K [0x0000000682400000, 0x0000000800000000)
  region size 4096K, 2 young (8192K), 2 survivors (8192K)
 Metaspace       used 13999K, committed 14208K, reserved 1064960K
  class space    used 2018K, committed 2112K, reserved 1048576K
}

Deoptimization events (20 events):
Event: 58.330 Thread 0x0000022ba6526820 Uncommon trap: trap_request=0xffffff45 fr.pc=0x0000022b8f59e2e8 relative=0x0000000000000228
Event: 58.330 Thread 0x0000022ba6526820 Uncommon trap: reason=unstable_if action=reinterpret pc=0x0000022b8f59e2e8 method=javafx.scene.layout.Region.snappedTopInset()D @ 9 c2
Event: 58.330 Thread 0x0000022ba6526820 DEOPT PACKING pc=0x0000022b8f59e2e8 sp=0x000000fd19df8a50
Event: 58.330 Thread 0x0000022ba6526820 DEOPT UNPACKING pc=0x0000022b877d23a3 sp=0x000000fd19df89f0 mode 2
Event: 59.783 Thread 0x0000022ba6526820 Uncommon trap: trap_request=0xffffff45 fr.pc=0x0000022b8f4994dc relative=0x00000000000000bc
Event: 59.783 Thread 0x0000022ba6526820 Uncommon trap: reason=unstable_if action=reinterpret pc=0x0000022b8f4994dc method=java.lang.Math.max(DD)D @ 28 c2
Event: 59.783 Thread 0x0000022ba6526820 DEOPT PACKING pc=0x0000022b8f4994dc sp=0x000000fd19df62e0
Event: 59.783 Thread 0x0000022ba6526820 DEOPT UNPACKING pc=0x0000022b877d23a3 sp=0x000000fd19df6280 mode 2
Event: 59.794 Thread 0x0000022ba6526820 Uncommon trap: trap_request=0xffffff45 fr.pc=0x0000022b8f440398 relative=0x0000000000005238
Event: 59.794 Thread 0x0000022ba6526820 Uncommon trap: reason=unstable_if action=reinterpret pc=0x0000022b8f440398 method=java.util.HashMap.removeNode(ILjava/lang/Object;Ljava/lang/Object;ZZ)Ljava/util/HashMap$Node; @ 46 c2
Event: 59.794 Thread 0x0000022ba6526820 DEOPT PACKING pc=0x0000022b8f440398 sp=0x000000fd19df5320
Event: 59.794 Thread 0x0000022ba6526820 DEOPT UNPACKING pc=0x0000022b877d23a3 sp=0x000000fd19df5190 mode 2
Event: 59.796 Thread 0x0000022ba6526820 Uncommon trap: trap_request=0xffffff45 fr.pc=0x0000022b8f4da7dc relative=0x000000000000005c
Event: 59.796 Thread 0x0000022ba6526820 Uncommon trap: reason=unstable_if action=reinterpret pc=0x0000022b8f4da7dc method=java.util.Objects.equals(Ljava/lang/Object;Ljava/lang/Object;)Z @ 6 c2
Event: 59.796 Thread 0x0000022ba6526820 DEOPT PACKING pc=0x0000022b8f4da7dc sp=0x000000fd19df52a0
Event: 59.796 Thread 0x0000022ba6526820 DEOPT UNPACKING pc=0x0000022b877d23a3 sp=0x000000fd19df5240 mode 2
Event: 60.627 Thread 0x0000022ba6523cd0 Uncommon trap: trap_request=0xffffff45 fr.pc=0x0000022b8f5b27c8 relative=0x00000000000000c8
Event: 60.627 Thread 0x0000022ba6523cd0 Uncommon trap: reason=unstable_if action=reinterpret pc=0x0000022b8f5b27c8 method=java.util.concurrent.locks.ReentrantLock$Sync.tryRelease(I)Z @ 26 c2
Event: 60.627 Thread 0x0000022ba6523cd0 DEOPT PACKING pc=0x0000022b8f5b27c8 sp=0x000000fd17cfebe0
Event: 60.627 Thread 0x0000022ba6523cd0 DEOPT UNPACKING pc=0x0000022b877d23a3 sp=0x000000fd17cfeb80 mode 2

Classes unloaded (0 events):
No events

Classes redefined (0 events):
No events

Internal exceptions (20 events):
Event: 0.674 Thread 0x0000022ba6526820 Exception <a 'java/lang/NoSuchMethodError'{0x00000006984bce88}: 'java.lang.Object java.lang.invoke.DirectMethodHandle$Holder.newInvokeSpecial(java.lang.Object, java.lang.Object, int)'> (0x00000006984bce88) 
thrown [t:\workspace\open\src\hotspot\share\interpreter\linkResolver.cpp, line 766]
Event: 0.688 Thread 0x0000022ba65259b0 Exception <a 'java/lang/NoSuchMethodError'{0x000000069864f708}: 'int java.lang.invoke.DirectMethodHandle$Holder.invokeStaticInit(java.lang.Object, java.lang.Object)'> (0x000000069864f708) 
thrown [t:\workspace\open\src\hotspot\share\interpreter\linkResolver.cpp, line 766]
Event: 1.735 Thread 0x0000022ba6526820 Exception <a 'java/lang/NoSuchMethodError'{0x00000006982e9448}: 'long java.lang.invoke.DirectMethodHandle$Holder.invokeStatic(java.lang.Object, java.lang.Object, java.lang.Object)'> (0x00000006982e9448) 
thrown [t:\workspace\open\src\hotspot\share\interpreter\linkResolver.cpp, line 766]
Event: 1.735 Thread 0x0000022ba6526820 Exception <a 'java/lang/NoSuchMethodError'{0x00000006982ecbf0}: 'long java.lang.invoke.DirectMethodHandle$Holder.invokeStaticInit(java.lang.Object, java.lang.Object, java.lang.Object)'> (0x00000006982ecbf0) 
thrown [t:\workspace\open\src\hotspot\share\interpreter\linkResolver.cpp, line 766]
Event: 1.736 Thread 0x0000022ba6526820 Exception <a 'java/lang/NoSuchMethodError'{0x00000006983047f8}: 'java.lang.Object java.lang.invoke.DirectMethodHandle$Holder.newInvokeSpecial(java.lang.Object, java.lang.Object, long)'> (0x00000006983047f8) 
thrown [t:\workspace\open\src\hotspot\share\interpreter\linkResolver.cpp, line 766]
Event: 1.736 Thread 0x0000022ba6526820 Exception <a 'java/lang/NoSuchMethodError'{0x0000000698308368}: 'java.lang.Object java.lang.invoke.Invokers$Holder.linkToTargetMethod(java.lang.Object, long, java.lang.Object)'> (0x0000000698308368) 
thrown [t:\workspace\open\src\hotspot\share\interpreter\linkResolver.cpp, line 766]
Event: 1.903 Thread 0x0000022ba6526820 Exception <a 'java/lang/ClassNotFoundException'{0x0000000697f39ae8}: com/sun/javafx/scene/control/skin/resources/controls> (0x0000000697f39ae8) 
thrown [t:\workspace\open\src\hotspot\share\prims\jni.cpp, line 535]
Event: 1.904 Thread 0x0000022ba6526820 Exception <a 'java/lang/ClassNotFoundException'{0x0000000697f47d80}: com/sun/javafx/scene/control/skin/resources/controls_es> (0x0000000697f47d80) 
thrown [t:\workspace\open\src\hotspot\share\prims\jni.cpp, line 535]
Event: 1.904 Thread 0x0000022ba6526820 Exception <a 'java/lang/ClassNotFoundException'{0x0000000697f55cd8}: com/sun/javafx/scene/control/skin/resources/controls_es_CO> (0x0000000697f55cd8) 
thrown [t:\workspace\open\src\hotspot\share\prims\jni.cpp, line 535]
Event: 3.005 Thread 0x0000022ba65259b0 Exception <a 'java/lang/NoSuchMethodError'{0x0000000699e4cfa8}: 'java.lang.Object java.lang.invoke.DirectMethodHandle$Holder.invokeStaticInit(java.lang.Object, int)'> (0x0000000699e4cfa8) 
thrown [t:\workspace\open\src\hotspot\share\interpreter\linkResolver.cpp, line 766]
Event: 7.098 Thread 0x0000022ba6526820 Exception <a 'java/lang/NoSuchMethodError'{0x00000006989fe510}: 'void java.lang.invoke.DirectMethodHandle$Holder.invokeSpecial(java.lang.Object, java.lang.Object, java.lang.Object, java.lang.Object, java.lang.Object, java.lang.Object)'> (0x00000006989fe510) 
thrown [t:\workspace\open\src\hotspot\share\interpreter\linkResolver.cpp, line 766]
Event: 7.119 Thread 0x0000022ba6526820 Exception <a 'java/lang/NoSuchMethodError'{0x00000006984136e0}: 'void java.lang.invoke.DirectMethodHandle$Holder.invokeSpecialIFC(java.lang.Object, java.lang.Object, java.lang.Object, java.lang.Object)'> (0x00000006984136e0) 
thrown [t:\workspace\open\src\hotspot\share\interpreter\linkResolver.cpp, line 766]
Event: 7.128 Thread 0x0000022ba6526820 Exception <a 'java/lang/NoSuchMethodError'{0x0000000698526390}: 'int java.lang.invoke.DirectMethodHandle$Holder.invokeSpecial(java.lang.Object, java.lang.Object, int)'> (0x0000000698526390) 
thrown [t:\workspace\open\src\hotspot\share\interpreter\linkResolver.cpp, line 766]
Event: 14.082 Thread 0x0000022ba6526820 Exception <a 'java/lang/NoSuchMethodError'{0x0000000697c35ef0}: 'java.lang.Object java.lang.invoke.DirectMethodHandle$Holder.newInvokeSpecial(java.lang.Object, java.lang.Object, int, int, int, int, int, java.lang.Object)'> (0x0000000697c35ef0) 
thrown [t:\workspace\open\src\hotspot\share\interpreter\linkResolver.cpp, line 766]
Event: 14.083 Thread 0x0000022ba6526820 Exception <a 'java/lang/NoSuchMethodError'{0x0000000697c49970}: 'java.lang.Object java.lang.invoke.DirectMethodHandle$Holder.newInvokeSpecial(java.lang.Object, java.lang.Object, java.lang.Object, int, int, int, int, int)'> (0x0000000697c49970) 
thrown [t:\workspace\open\src\hotspot\share\interpreter\linkResolver.cpp, line 766]
Event: 14.083 Thread 0x0000022ba6526820 Exception <a 'java/lang/NoSuchMethodError'{0x0000000697c51c70}: 'java.lang.Object java.lang.invoke.Invokers$Holder.linkToTargetMethod(java.lang.Object, java.lang.Object, int, int, int, int, int, java.lang.Object)'> (0x0000000697c51c70) 
thrown [t:\workspace\open\src\hotspot\share\interpreter\linkResolver.cpp, line 766]
Event: 24.239 Thread 0x0000022ba6526820 Exception <a 'java/lang/reflect/InvocationTargetException'{0x00000006978eaad0}> (0x00000006978eaad0) 
thrown [t:\workspace\open\src\hotspot\share\runtime\reflection.cpp, line 1121]
Event: 25.976 Thread 0x0000022ba6526820 Exception <a 'java/lang/reflect/InvocationTargetException'{0x000000069794b0b0}> (0x000000069794b0b0) 
thrown [t:\workspace\open\src\hotspot\share\runtime\reflection.cpp, line 1121]
Event: 54.378 Thread 0x0000022ba6526820 Implicit null exception at 0x0000022b8f510c83 to 0x0000022b8f510d00
Event: 58.329 Thread 0x0000022ba6526820 Implicit null exception at 0x0000022b8f5b37b6 to 0x0000022b8f5be644

VM Operations (20 events):
Event: 34.243 Executing VM operation: Cleanup done
Event: 50.290 Executing VM operation: Cleanup
Event: 50.290 Executing VM operation: Cleanup done
Event: 51.295 Executing VM operation: Cleanup
Event: 51.295 Executing VM operation: Cleanup done
Event: 52.309 Executing VM operation: Cleanup
Event: 52.309 Executing VM operation: Cleanup done
Event: 53.313 Executing VM operation: Cleanup
Event: 53.313 Executing VM operation: Cleanup done
Event: 55.316 Executing VM operation: Cleanup
Event: 55.316 Executing VM operation: Cleanup done
Event: 57.316 Executing VM operation: Cleanup
Event: 57.316 Executing VM operation: Cleanup done
Event: 58.316 Executing VM operation: Cleanup
Event: 58.316 Executing VM operation: Cleanup done
Event: 59.789 Executing VM operation: HandshakeAllThreads
Event: 59.789 Executing VM operation: HandshakeAllThreads done
Event: 59.789 Executing VM operation: Cleanup
Event: 59.789 Executing VM operation: Cleanup done
Event: 60.627 Executing VM operation: Exit

Events (20 events):
Event: 11.241 Thread 0x0000022ba6859050 Thread exited: 0x0000022ba6859050
Event: 11.254 Thread 0x0000022ba68562c0 Thread exited: 0x0000022ba68562c0
Event: 12.965 Thread 0x0000022ba6857c10 Thread exited: 0x0000022ba6857c10
Event: 13.014 Thread 0x0000022ba4c9e6d0 Thread exited: 0x0000022ba4c9e6d0
Event: 14.066 loading class java/text/StringCharacterIterator
Event: 14.066 loading class java/text/StringCharacterIterator done
Event: 19.702 Thread 0x0000022ba6858120 Thread added: 0x0000022ba6858120
Event: 20.727 Thread 0x0000022ba68571f0 Thread added: 0x0000022ba68571f0
Event: 21.071 Thread 0x0000022ba68571f0 Thread exited: 0x0000022ba68571f0
Event: 22.793 Thread 0x0000022ba6857c10 Thread added: 0x0000022ba6857c10
Event: 23.046 Thread 0x0000022ba6857c10 Thread exited: 0x0000022ba6857c10
Event: 24.166 Thread 0x0000022ba6858120 Thread exited: 0x0000022ba6858120
Event: 24.239 loading class java/lang/Throwable$WrappedPrintStream
Event: 24.239 loading class java/lang/Throwable$PrintStreamOrWriter
Event: 24.239 loading class java/lang/Throwable$PrintStreamOrWriter done
Event: 24.239 loading class java/lang/Throwable$WrappedPrintStream done
Event: 60.626 Thread 0x0000022ba6523800 Thread added: 0x0000022ba6523800
Event: 60.627 Thread 0x0000022ba6523cd0 Thread added: 0x0000022ba6523cd0
Event: 60.627 Thread 0x0000022ba6523800 Thread exited: 0x0000022ba6523800
Event: 60.627 Thread 0x0000022ba6523cd0 Thread exited: 0x0000022ba6523cd0


Dynamic libraries:
0x00007ff62ea40000 - 0x00007ff62ea50000 	C:\Program Files\Java\jdk-17.0.2\bin\java.exe
0x00007ffe9c380000 - 0x00007ffe9c589000 	C:\Windows\SYSTEM32\ntdll.dll
0x00007ffe9acd0000 - 0x00007ffe9ad8d000 	C:\Windows\System32\KERNEL32.DLL
0x00007ffe99de0000 - 0x00007ffe9a159000 	C:\Windows\System32\KERNELBASE.dll
0x00007ffe99cc0000 - 0x00007ffe99dd1000 	C:\Windows\System32\ucrtbase.dll
0x00007ffe93dd0000 - 0x00007ffe93dea000 	C:\Program Files\Java\jdk-17.0.2\bin\VCRUNTIME140.dll
0x00007ffe96950000 - 0x00007ffe96968000 	C:\Program Files\Java\jdk-17.0.2\bin\jli.dll
0x00007ffe9b9c0000 - 0x00007ffe9ba6e000 	C:\Windows\System32\ADVAPI32.dll
0x00007ffe9bfe0000 - 0x00007ffe9c083000 	C:\Windows\System32\msvcrt.dll
0x00007ffe9a510000 - 0x00007ffe9a5ae000 	C:\Windows\System32\sechost.dll
0x00007ffe9b540000 - 0x00007ffe9b660000 	C:\Windows\System32\RPCRT4.dll
0x00007ffe9a5b0000 - 0x00007ffe9a75c000 	C:\Windows\System32\USER32.dll
0x00007ffe99b20000 - 0x00007ffe99b46000 	C:\Windows\System32\win32u.dll
0x00007ffe8b040000 - 0x00007ffe8b2e5000 	C:\Windows\WinSxS\amd64_microsoft.windows.common-controls_6595b64144ccf1df_6.0.22000.120_none_9d947278b86cc467\COMCTL32.dll
0x00007ffe9b780000 - 0x00007ffe9b7a9000 	C:\Windows\System32\GDI32.dll
0x00007ffe99a00000 - 0x00007ffe99b12000 	C:\Windows\System32\gdi32full.dll
0x00007ffe99870000 - 0x00007ffe9990d000 	C:\Windows\System32\msvcp_win.dll
0x00007ffe92d20000 - 0x00007ffe92d2a000 	C:\Windows\SYSTEM32\VERSION.dll
0x00007ffe9b890000 - 0x00007ffe9b8c1000 	C:\Windows\System32\IMM32.DLL
0x00007ffe77680000 - 0x00007ffe7768c000 	C:\Program Files\Java\jdk-17.0.2\bin\vcruntime140_1.dll
0x00007ffe15110000 - 0x00007ffe1519d000 	C:\Program Files\Java\jdk-17.0.2\bin\msvcp140.dll
0x00007ffe06a20000 - 0x00007ffe075e1000 	C:\Program Files\Java\jdk-17.0.2\bin\server\jvm.dll
0x00007ffe9ba70000 - 0x00007ffe9ba78000 	C:\Windows\System32\PSAPI.DLL
0x00007ffe96650000 - 0x00007ffe96659000 	C:\Windows\SYSTEM32\WSOCK32.dll
0x00007ffe92d50000 - 0x00007ffe92d83000 	C:\Windows\SYSTEM32\WINMM.dll
0x00007ffe9a230000 - 0x00007ffe9a29f000 	C:\Windows\System32\WS2_32.dll
0x00007ffe98a60000 - 0x00007ffe98a78000 	C:\Windows\SYSTEM32\kernel.appcore.dll
0x00007ffe77670000 - 0x00007ffe7767a000 	C:\Program Files\Java\jdk-17.0.2\bin\jimage.dll
0x00007ffe96e60000 - 0x00007ffe97081000 	C:\Windows\SYSTEM32\DBGHELP.DLL
0x00007ffe822a0000 - 0x00007ffe822d1000 	C:\Windows\SYSTEM32\dbgcore.DLL
0x00007ffe99910000 - 0x00007ffe9998f000 	C:\Windows\System32\bcryptPrimitives.dll
0x00007ffe6fac0000 - 0x00007ffe6fae5000 	C:\Program Files\Java\jdk-17.0.2\bin\java.dll
0x00007ffe4b880000 - 0x00007ffe4b956000 	C:\Program Files\Java\jdk-17.0.2\bin\jsvml.dll
0x00007ffe9ad90000 - 0x00007ffe9b53f000 	C:\Windows\System32\SHELL32.dll
0x00007ffe979f0000 - 0x00007ffe98258000 	C:\Windows\SYSTEM32\windows.storage.dll
0x00007ffe9a830000 - 0x00007ffe9aba8000 	C:\Windows\System32\combase.dll
0x00007ffe97880000 - 0x00007ffe979e6000 	C:\Windows\SYSTEM32\wintypes.dll
0x00007ffe9bef0000 - 0x00007ffe9bfda000 	C:\Windows\System32\SHCORE.dll
0x00007ffe9a760000 - 0x00007ffe9a7bd000 	C:\Windows\System32\shlwapi.dll
0x00007ffe997a0000 - 0x00007ffe997c1000 	C:\Windows\SYSTEM32\profapi.dll
0x00007ffe6ef70000 - 0x00007ffe6ef89000 	C:\Program Files\Java\jdk-17.0.2\bin\net.dll
0x00007ffe93fb0000 - 0x00007ffe940bc000 	C:\Windows\SYSTEM32\WINHTTP.dll
0x00007ffe98e90000 - 0x00007ffe98ef7000 	C:\Windows\system32\mswsock.dll
0x00007ffe6ede0000 - 0x00007ffe6edf6000 	C:\Program Files\Java\jdk-17.0.2\bin\nio.dll
0x00007ffe658c0000 - 0x00007ffe658d8000 	C:\Program Files\Java\jdk-17.0.2\bin\zip.dll
0x0000022ba4de0000 - 0x0000022ba4de3000 	C:\Program Files\Java\javafx-sdk-18.0.1\bin\api-ms-win-core-console-l1-1-0.dll
0x0000022ba4df0000 - 0x0000022ba4df3000 	C:\Program Files\Java\javafx-sdk-18.0.1\bin\api-ms-win-core-console-l1-2-0.dll
0x0000022ba4e00000 - 0x0000022ba4e03000 	C:\Program Files\Java\javafx-sdk-18.0.1\bin\api-ms-win-core-datetime-l1-1-0.dll
0x0000022ba4e10000 - 0x0000022ba4e13000 	C:\Program Files\Java\javafx-sdk-18.0.1\bin\api-ms-win-core-debug-l1-1-0.dll
0x0000022ba4e20000 - 0x0000022ba4e23000 	C:\Program Files\Java\javafx-sdk-18.0.1\bin\api-ms-win-core-errorhandling-l1-1-0.dll
0x0000022ba4e30000 - 0x0000022ba4e34000 	C:\Program Files\Java\javafx-sdk-18.0.1\bin\api-ms-win-core-file-l1-1-0.dll
0x0000022ba4e40000 - 0x0000022ba4e43000 	C:\Program Files\Java\javafx-sdk-18.0.1\bin\api-ms-win-core-file-l1-2-0.dll
0x0000022ba4e50000 - 0x0000022ba4e53000 	C:\Program Files\Java\javafx-sdk-18.0.1\bin\api-ms-win-core-file-l2-1-0.dll
0x0000022ba4e60000 - 0x0000022ba4e63000 	C:\Program Files\Java\javafx-sdk-18.0.1\bin\api-ms-win-core-handle-l1-1-0.dll
0x0000022ba4e70000 - 0x0000022ba4e73000 	C:\Program Files\Java\javafx-sdk-18.0.1\bin\api-ms-win-core-heap-l1-1-0.dll
0x0000022ba4e80000 - 0x0000022ba4e83000 	C:\Program Files\Java\javafx-sdk-18.0.1\bin\api-ms-win-core-interlocked-l1-1-0.dll
0x0000022ba4e90000 - 0x0000022ba4e93000 	C:\Program Files\Java\javafx-sdk-18.0.1\bin\api-ms-win-core-libraryloader-l1-1-0.dll
0x0000022ba4ea0000 - 0x0000022ba4ea3000 	C:\Program Files\Java\javafx-sdk-18.0.1\bin\api-ms-win-core-localization-l1-2-0.dll
0x0000022ba4eb0000 - 0x0000022ba4eb3000 	C:\Program Files\Java\javafx-sdk-18.0.1\bin\api-ms-win-core-memory-l1-1-0.dll
0x0000022ba4ec0000 - 0x0000022ba4ec3000 	C:\Program Files\Java\javafx-sdk-18.0.1\bin\api-ms-win-core-namedpipe-l1-1-0.dll
0x0000022ba4ed0000 - 0x0000022ba4ed3000 	C:\Program Files\Java\javafx-sdk-18.0.1\bin\api-ms-win-core-processenvironment-l1-1-0.dll
0x0000022ba4ee0000 - 0x0000022ba4ee3000 	C:\Program Files\Java\javafx-sdk-18.0.1\bin\api-ms-win-core-processthreads-l1-1-0.dll
0x0000022ba4ef0000 - 0x0000022ba4ef3000 	C:\Program Files\Java\javafx-sdk-18.0.1\bin\api-ms-win-core-processthreads-l1-1-1.dll
0x0000022ba4f00000 - 0x0000022ba4f03000 	C:\Program Files\Java\javafx-sdk-18.0.1\bin\api-ms-win-core-profile-l1-1-0.dll
0x0000022ba4f10000 - 0x0000022ba4f13000 	C:\Program Files\Java\javafx-sdk-18.0.1\bin\api-ms-win-core-rtlsupport-l1-1-0.dll
0x0000022ba4f20000 - 0x0000022ba4f23000 	C:\Program Files\Java\javafx-sdk-18.0.1\bin\api-ms-win-core-string-l1-1-0.dll
0x0000022ba4f30000 - 0x0000022ba4f33000 	C:\Program Files\Java\javafx-sdk-18.0.1\bin\api-ms-win-core-synch-l1-1-0.dll
0x0000022ba4f40000 - 0x0000022ba4f43000 	C:\Program Files\Java\javafx-sdk-18.0.1\bin\api-ms-win-core-synch-l1-2-0.dll
0x0000022ba4f50000 - 0x0000022ba4f53000 	C:\Program Files\Java\javafx-sdk-18.0.1\bin\api-ms-win-core-sysinfo-l1-1-0.dll
0x0000022ba4f60000 - 0x0000022ba4f63000 	C:\Program Files\Java\javafx-sdk-18.0.1\bin\api-ms-win-core-timezone-l1-1-0.dll
0x0000022ba4f70000 - 0x0000022ba4f73000 	C:\Program Files\Java\javafx-sdk-18.0.1\bin\api-ms-win-core-util-l1-1-0.dll
0x0000022ba4f80000 - 0x0000022ba4f83000 	C:\Program Files\Java\javafx-sdk-18.0.1\bin\api-ms-win-crt-conio-l1-1-0.dll
0x0000022ba4f90000 - 0x0000022ba4f94000 	C:\Program Files\Java\javafx-sdk-18.0.1\bin\api-ms-win-crt-convert-l1-1-0.dll
0x0000022ba4fa0000 - 0x0000022ba4fa3000 	C:\Program Files\Java\javafx-sdk-18.0.1\bin\api-ms-win-crt-environment-l1-1-0.dll
0x0000022ba4fb0000 - 0x0000022ba4fb3000 	C:\Program Files\Java\javafx-sdk-18.0.1\bin\api-ms-win-crt-filesystem-l1-1-0.dll
0x0000022ba4fc0000 - 0x0000022ba4fc3000 	C:\Program Files\Java\javafx-sdk-18.0.1\bin\api-ms-win-crt-heap-l1-1-0.dll
0x0000022ba4fd0000 - 0x0000022ba4fd3000 	C:\Program Files\Java\javafx-sdk-18.0.1\bin\api-ms-win-crt-locale-l1-1-0.dll
0x0000022ba4fe0000 - 0x0000022ba4fe5000 	C:\Program Files\Java\javafx-sdk-18.0.1\bin\api-ms-win-crt-math-l1-1-0.dll
0x0000022ba4ff0000 - 0x0000022ba4ff5000 	C:\Program Files\Java\javafx-sdk-18.0.1\bin\api-ms-win-crt-multibyte-l1-1-0.dll
0x0000022ba73d0000 - 0x0000022ba73e0000 	C:\Program Files\Java\javafx-sdk-18.0.1\bin\api-ms-win-crt-private-l1-1-0.dll
0x0000022ba73e0000 - 0x0000022ba73e3000 	C:\Program Files\Java\javafx-sdk-18.0.1\bin\api-ms-win-crt-process-l1-1-0.dll
0x0000022ba73f0000 - 0x0000022ba73f4000 	C:\Program Files\Java\javafx-sdk-18.0.1\bin\api-ms-win-crt-runtime-l1-1-0.dll
0x0000022ba7400000 - 0x0000022ba7404000 	C:\Program Files\Java\javafx-sdk-18.0.1\bin\api-ms-win-crt-stdio-l1-1-0.dll
0x0000022ba7410000 - 0x0000022ba7414000 	C:\Program Files\Java\javafx-sdk-18.0.1\bin\api-ms-win-crt-string-l1-1-0.dll
0x0000022ba7420000 - 0x0000022ba7423000 	C:\Program Files\Java\javafx-sdk-18.0.1\bin\api-ms-win-crt-time-l1-1-0.dll
0x0000022ba7430000 - 0x0000022ba7433000 	C:\Program Files\Java\javafx-sdk-18.0.1\bin\api-ms-win-crt-utility-l1-1-0.dll
0x00007ffe6b6a0000 - 0x00007ffe6b79c000 	C:\Program Files\Java\javafx-sdk-18.0.1\bin\ucrtbase.dll
0x00007ffe95600000 - 0x00007ffe9561a000 	C:\Program Files\Java\javafx-sdk-18.0.1\bin\vcruntime140.dll
0x00007ffe96940000 - 0x00007ffe9694c000 	C:\Program Files\Java\javafx-sdk-18.0.1\bin\vcruntime140_1.dll
0x00007ffe6b610000 - 0x00007ffe6b69d000 	C:\Program Files\Java\javafx-sdk-18.0.1\bin\msvcp140.dll
0x00007ffe77910000 - 0x00007ffe7793c000 	C:\Program Files\Java\javafx-sdk-18.0.1\bin\prism_d3d.dll
0x00007ffe8e9e0000 - 0x00007ffe8eb86000 	C:\Windows\system32\d3d9.dll
0x00007ffe97340000 - 0x00007ffe9736f000 	C:\Windows\SYSTEM32\dwmapi.dll
0x00007ffe970e0000 - 0x00007ffe97118000 	C:\Windows\SYSTEM32\dxcore.dll
0x00007ffe96ac0000 - 0x00007ffe96b6c000 	C:\Windows\system32\uxtheme.dll
0x00007ffe8f850000 - 0x00007ffe8f957000 	C:\Windows\System32\DriverStore\FileRepository\nvltig.inf_amd64_ce837e92efe9cbc4\nvldumdx.dll
0x00007ffe99130000 - 0x00007ffe99142000 	C:\Windows\SYSTEM32\msasn1.dll
0x00007ffe910a0000 - 0x00007ffe910d1000 	C:\Windows\SYSTEM32\cryptnet.dll
0x00007ffe99b50000 - 0x00007ffe99cb2000 	C:\Windows\System32\CRYPT32.dll
0x00007ffe8f470000 - 0x00007ffe8f5b9000 	C:\Windows\SYSTEM32\drvstore.dll
0x00007ffe99590000 - 0x00007ffe995bc000 	C:\Windows\SYSTEM32\devobj.dll
0x00007ffe99540000 - 0x00007ffe9958c000 	C:\Windows\SYSTEM32\cfgmgr32.dll
0x00007ffe991a0000 - 0x00007ffe991dd000 	C:\Windows\SYSTEM32\wldp.dll
0x00007ffe990d0000 - 0x00007ffe990dc000 	C:\Windows\SYSTEM32\cryptbase.dll
0x00007ffe99990000 - 0x00007ffe999f7000 	C:\Windows\System32\WINTRUST.DLL
0x00007ffe9b870000 - 0x00007ffe9b88f000 	C:\Windows\System32\imagehlp.dll
0x00007ffe990e0000 - 0x00007ffe990f8000 	C:\Windows\SYSTEM32\CRYPTSP.dll
0x00007ffe989c0000 - 0x00007ffe989f5000 	C:\Windows\system32\rsaenh.dll
0x00007ffe99250000 - 0x00007ffe99277000 	C:\Windows\SYSTEM32\bcrypt.dll
0x00007ffe1daa0000 - 0x00007ffe1f228000 	C:\Windows\System32\DriverStore\FileRepository\nvltig.inf_amd64_ce837e92efe9cbc4\nvd3dumx.dll
0x00007ffe93380000 - 0x00007ffe933c4000 	C:\Windows\SYSTEM32\directxdatabasehelper.dll
0x00007ffe97160000 - 0x00007ffe97194000 	C:\Windows\SYSTEM32\ntmarta.dll
0x00007ffe73620000 - 0x00007ffe73662000 	C:\Program Files\Java\javafx-sdk-18.0.1\bin\glass.dll
0x00007ffe9c090000 - 0x00007ffe9c17c000 	C:\Windows\System32\COMDLG32.dll
0x00007ffe9a350000 - 0x00007ffe9a4ea000 	C:\Windows\System32\ole32.dll
0x00007ffe9b8e0000 - 0x00007ffe9b9b6000 	C:\Windows\System32\OLEAUT32.dll
0x00007ffe9abb0000 - 0x00007ffe9acce000 	C:\Windows\System32\MSCTF.dll
0x00007ffe2aad0000 - 0x00007ffe2ad93000 	C:\Windows\system32\nvspcap64.dll
0x00007ffe98f20000 - 0x00007ffe98f44000 	C:\Windows\SYSTEM32\gpapi.dll
0x00007ffe94be0000 - 0x00007ffe94bf4000 	C:\Program Files\Java\javafx-sdk-18.0.1\bin\javafx_font.dll
0x00007ffe732c0000 - 0x00007ffe7351f000 	C:\Windows\SYSTEM32\dwrite.dll
0x00007ffe9a2a0000 - 0x00007ffe9a34f000 	C:\Windows\System32\clbcatq.dll
0x00007ffe91120000 - 0x00007ffe912ce000 	C:\Windows\SYSTEM32\WindowsCodecs.dll
0x00007ffe71060000 - 0x00007ffe710bd000 	C:\Windows\system32\dataexchange.dll
0x00007ffe90580000 - 0x00007ffe907e6000 	C:\Windows\system32\twinapi.appcore.dll
0x00007ffe6efa0000 - 0x00007ffe6efd2000 	C:\Program Files\Common Files\Microsoft Shared\Ink\rtscom.dll
0x00007ffe7dd60000 - 0x00007ffe7de8d000 	C:\Windows\SYSTEM32\textinputframework.dll
0x00007ffe96510000 - 0x00007ffe96642000 	C:\Windows\SYSTEM32\CoreMessaging.dll

dbghelp: loaded successfully - version: 4.0.5 - missing functions: none
symbol engine: initialized successfully - sym options: 0x614 - pdb path: .;C:\Program Files\Java\jdk-17.0.2\bin;C:\Windows\SYSTEM32;C:\Windows\WinSxS\amd64_microsoft.windows.common-controls_6595b64144ccf1df_6.0.22000.120_none_9d947278b86cc467;C:\Program Files\Java\jdk-17.0.2\bin\server;C:\Program Files\Java\javafx-sdk-18.0.1\bin;C:\Windows\System32\DriverStore\FileRepository\nvltig.inf_amd64_ce837e92efe9cbc4;C:\Program Files\Common Files\Microsoft Shared\Ink

VM Arguments:
jvm_args: -Dfile.encoding=UTF-8 --add-modules=javafx.controls,javafx.fxml --module-path=C:\Users\juanc\OneDrive\Documentos\Universidad 3\POO\SEATORA\build\classes;C:\Program Files\Java\javafx-sdk-18.0.1\lib\javafx-swt.jar;C:\Program Files\Java\javafx-sdk-18.0.1\lib\javafx.base.jar;C:\Program Files\Java\javafx-sdk-18.0.1\lib\javafx.controls.jar;C:\Program Files\Java\javafx-sdk-18.0.1\lib\javafx.fxml.jar;C:\Program Files\Java\javafx-sdk-18.0.1\lib\javafx.graphics.jar;C:\Program Files\Java\javafx-sdk-18.0.1\lib\javafx.media.jar;C:\Program Files\Java\javafx-sdk-18.0.1\lib\javafx.swing.jar;C:\Program Files\Java\javafx-sdk-18.0.1\lib\javafx.web.jar 
java_command: start.Seatora
java_class_path (initial): C:\Program Files\Java\javafx-sdk-18.0.1\lib\javafx-swt.jar;C:\Program Files\Java\javafx-sdk-18.0.1\lib\javafx.base.jar;C:\Program Files\Java\javafx-sdk-18.0.1\lib\javafx.controls.jar;C:\Program Files\Java\javafx-sdk-18.0.1\lib\javafx.fxml.jar;C:\Program Files\Java\javafx-sdk-18.0.1\lib\javafx.graphics.jar;C:\Program Files\Java\javafx-sdk-18.0.1\lib\javafx.media.jar;C:\Program Files\Java\javafx-sdk-18.0.1\lib\javafx.swing.jar;C:\Program Files\Java\javafx-sdk-18.0.1\lib\javafx.web.jar;C:\Users\juanc\OneDrive\Documentos\Universidad 3\POO\SEATORA\build\classes
Launcher Type: SUN_STANDARD

[Global flags]
     intx CICompilerCount                          = 12                                        {product} {ergonomic}
     uint ConcGCThreads                            = 3                                         {product} {ergonomic}
     uint G1ConcRefinementThreads                  = 13                                        {product} {ergonomic}
   size_t G1HeapRegionSize                         = 4194304                                   {product} {ergonomic}
    uintx GCDrainStackTargetSize                   = 64                                        {product} {ergonomic}
   size_t InitialHeapSize                          = 402653184                                 {product} {ergonomic}
   size_t MarkStackSize                            = 4194304                                   {product} {ergonomic}
   size_t MaxHeapSize                              = 6404702208                                {product} {ergonomic}
   size_t MaxNewSize                               = 3841982464                                {product} {ergonomic}
   size_t MinHeapDeltaBytes                        = 4194304                                   {product} {ergonomic}
   size_t MinHeapSize                              = 8388608                                   {product} {ergonomic}
    uintx NonNMethodCodeHeapSize                   = 7602480                                {pd product} {ergonomic}
    uintx NonProfiledCodeHeapSize                  = 122027880                              {pd product} {ergonomic}
    uintx ProfiledCodeHeapSize                     = 122027880                              {pd product} {ergonomic}
    uintx ReservedCodeCacheSize                    = 251658240                              {pd product} {ergonomic}
     bool SegmentedCodeCache                       = true                                      {product} {ergonomic}
   size_t SoftMaxHeapSize                          = 6404702208                             {manageable} {ergonomic}
     bool UseCompressedClassPointers               = true                           {product lp64_product} {ergonomic}
     bool UseCompressedOops                        = true                           {product lp64_product} {ergonomic}
     bool UseG1GC                                  = true                                      {product} {ergonomic}
     bool UseLargePagesIndividualAllocation        = false                                  {pd product} {ergonomic}

Logging:
Log output configuration:
 #0: stdout all=off uptime,level,tags
 #1: stderr all=off uptime,level,tags

Environment Variables:
PATH=C:\Program Files\Common Files\Oracle\Java\javapath;C:\Program Files (x86)\Common Files\Oracle\Java\javapath;C:\Windows\system32;C:\Windows;C:\Windows\System32\Wbem;C:\Windows\System32\WindowsPowerShell\v1.0\;C:\Windows\System32\OpenSSH\;C:\Program Files (x86)\NVIDIA Corporation\PhysX\Common;C:\Program Files\NVIDIA Corporation\NVIDIA NvDLISR;C:\Users\juanc\AppData\Local\Microsoft\WindowsApps;;C:\Users\juanc\AppData\Local\Programs\Microsoft VS Code\bin
USERNAME=juanc
OS=Windows_NT
PROCESSOR_IDENTIFIER=AMD64 Family 25 Model 80 Stepping 0, AuthenticAMD



---------------  S Y S T E M  ---------------

OS:
 Windows 11 , 64 bit Build 22000 (10.0.22000.675)
OS uptime: 0 days 0:11 hours

CPU: total 16 (initial active 16) (16 cores per cpu, 2 threads per core) family 25 model 80 stepping 0 microcode 0x0, cx8, cmov, fxsr, ht, mmx, 3dnowpref, sse, sse2, sse3, ssse3, sse4a, sse4.1, sse4.2, popcnt, lzcnt, tsc, tscinvbit, avx, avx2, aes, erms, clmul, bmi1, bmi2, adx, sha, fma, vzeroupper, clflush, clflushopt

Memory: 4k page, system-wide physical 24428M (16940M free)
TotalPageFile size 28012M (AvailPageFile size 17298M)
current process WorkingSet (physical memory assigned to process): 200M, peak: 275M
current process commit charge ("private bytes"): 647M, peak: 717M

vm_info: Java HotSpot(TM) 64-Bit Server VM (17.0.2+8-LTS-86) for windows-amd64 JRE (17.0.2+8-LTS-86), built on Dec  7 2021 21:51:03 by "mach5one" with MS VC++ 16.8 / 16.9 (VS2019)

END.
