#
# A fatal error has been detected by the Java Runtime Environment:
#
#  EXCEPTION_ACCESS_VIOLATION (0xc0000005) at pc=0x00007ff91fc962d7, pid=17316, tid=11880
#
# JRE version: Java(TM) SE Runtime Environment (17.0.2+8) (build 17.0.2+8-LTS-86)
# Java VM: Java HotSpot(TM) 64-Bit Server VM (17.0.2+8-LTS-86, mixed mode, sharing, tiered, compressed oops, compressed class ptrs, g1 gc, windows-amd64)
# Problematic frame:
# C  [glass.dll+0x262d7]
#
# No core dump will be written. Minidumps are not enabled by default on client versions of Windows
#
# If you would like to submit a bug report, please visit:
#   https://bugreport.java.com/bugreport/crash.jsp
#

---------------  S U M M A R Y ------------

Command Line: -Dfile.encoding=UTF-8 --add-modules=javafx.controls,javafx.fxml --module-path=C:\Users\juanc\OneDrive\Documentos\Universidad 3\POO\SEATORA\build\classes;C:\Program Files\Java\javafx-sdk-18.0.1\lib\javafx-swt.jar;C:\Program Files\Java\javafx-sdk-18.0.1\lib\javafx.base.jar;C:\Program Files\Java\javafx-sdk-18.0.1\lib\javafx.controls.jar;C:\Program Files\Java\javafx-sdk-18.0.1\lib\javafx.fxml.jar;C:\Program Files\Java\javafx-sdk-18.0.1\lib\javafx.graphics.jar;C:\Program Files\Java\javafx-sdk-18.0.1\lib\javafx.media.jar;C:\Program Files\Java\javafx-sdk-18.0.1\lib\javafx.swing.jar;C:\Program Files\Java\javafx-sdk-18.0.1\lib\javafx.web.jar start.Seatora

Host: AMD Ryzen 7 5800H with Radeon Graphics         , 16 cores, 23G,  Windows 11 , 64 bit Build 22000 (10.0.22000.675)
Time: Thu May 26 02:46:23 2022 Hora est. Pacífico, Sudamérica elapsed time: 25.141847 seconds (0d 0h 0m 25s)

---------------  T H R E A D  ---------------

Current thread (0x00000278aabdee30):  VMThread "VM Thread" [stack: 0x000000c70e900000,0x000000c70ea00000] [id=11880]

Stack: [0x000000c70e900000,0x000000c70ea00000],  sp=0x000000c70e9ff470,  free space=1021k
Native frames: (J=compiled Java code, j=interpreted, Vv=VM code, C=native code)
C  [glass.dll+0x262d7]


siginfo: EXCEPTION_ACCESS_VIOLATION (0xc0000005), reading address 0x0000000000000000


Register to memory mapping:

RIP=0x00007ff91fc962d7 glass.dll
RAX=0x0 is NULL
RBX=0x00000278aabf2b08 is a global jni handle
RCX=0x00000278aabdee30 points into unknown readable memory: 0x00007ff8c679e890 | 90 e8 79 c6 f8 7f 00 00
RDX=0x000000c70e9ff470 points into unknown readable memory: 0x0000000000000000 | 00 00 00 00 00 00 00 00
RSP=0x000000c70e9ff470 points into unknown readable memory: 0x0000000000000000 | 00 00 00 00 00 00 00 00
RBP=0x00000278ac8545a8 points into unknown readable memory: 0x0000caae21c09491 | 91 94 c0 21 ae ca 00 00
RSI=0x00000278ac854580 points into unknown readable memory: 0xfff2f53c4c789491 | 91 94 78 4c 3c f5 f2 ff
RDI=0x0000caae21c09491 is an unknown value
R8 =0x0000000000010002 is an unknown value
R9 =0x0000caae21c09491 is an unknown value
R10=0x85f13e9656da4870 is an unknown value
R11=0x000000c70e9ff400 points into unknown readable memory: 0x00000278ac854580 | 80 45 85 ac 78 02 00 00
R12=0x00007ff91fc93bc4 glass.dll
R13=0x00007ff8c69449d0 jvm.dll
R14=0x000000c70e9ff578 points into unknown readable memory: 0x000000c70e9ff560 | 60 f5 9f 0e c7 00 00 00
R15=0x00000278ac854580 points into unknown readable memory: 0xfff2f53c4c789491 | 91 94 78 4c 3c f5 f2 ff


Registers:
RAX=0x0000000000000000, RBX=0x00000278aabf2b08, RCX=0x00000278aabdee30, RDX=0x000000c70e9ff470
RSP=0x000000c70e9ff470, RBP=0x00000278ac8545a8, RSI=0x00000278ac854580, RDI=0x0000caae21c09491
R8 =0x0000000000010002, R9 =0x0000caae21c09491, R10=0x85f13e9656da4870, R11=0x000000c70e9ff400
R12=0x00007ff91fc93bc4, R13=0x00007ff8c69449d0, R14=0x000000c70e9ff578, R15=0x00000278ac854580
RIP=0x00007ff91fc962d7, EFLAGS=0x0000000000010202

Top of Stack: (sp=0x000000c70e9ff470)
0x000000c70e9ff470:   0000000000000000 00000278ac854580
0x000000c70e9ff480:   00007ff8c69449d0 00007ff91fc93bc4
0x000000c70e9ff490:   00000278ac854588 00007ff95a64bea0
0x000000c70e9ff4a0:   0000caae21c09491 0000027800000000
0x000000c70e9ff4b0:   00000278ac8545a8 00000278ac854580
0x000000c70e9ff4c0:   fffffffffffffffe 0000000000000000
0x000000c70e9ff4d0:   0000000000000001 00007ff91fc70000
0x000000c70e9ff4e0:   000000c70e9ff568 00007ff95a64bdb7
0x000000c70e9ff4f0:   0000000000000000 000000c70e9ff578
0x000000c70e9ff500:   000000c70e9ff850 00007ff95a7312b0
0x000000c70e9ff510:   0000000000000001 00007ff95a64bd6d
0x000000c70e9ff520:   0000000000000000 0000000000000001
0x000000c70e9ff530:   0000000000000000 000000c70e9ff568
0x000000c70e9ff540:   fffffffffffffffe 000000c700000000
0x000000c70e9ff550:   ffffffff00000001 00007ff91fc93a51
0x000000c70e9ff560:   00007ff91fca9f88 00007ff800000002 

Instructions: (pc=0x00007ff91fc962d7)
0x00007ff91fc961d7:   8b 4d 58 e8 2d cf ff ff 48 8b 4d 60 e8 24 cf ff
0x00007ff91fc961e7:   ff 48 8b 95 80 00 00 00 48 8b 8d 18 01 00 00 e8
0x00007ff91fc961f7:   16 c4 ff ff 33 d2 33 c9 e8 5c e1 ff ff 90 48 89
0x00007ff91fc96207:   54 24 10 55 48 83 ec 20 48 8b ea 48 b8 00 00 00
0x00007ff91fc96217:   00 00 00 00 00 48 83 c4 20 5d c3 cc 40 55 48 8b
0x00007ff91fc96227:   ea 48 8b 01 33 c9 81 38 05 00 00 c0 0f 94 c1 8b
0x00007ff91fc96237:   c1 5d c3 cc 40 55 48 83 ec 20 48 8b ea 8a 4d 40
0x00007ff91fc96247:   48 83 c4 20 5d e9 17 d3 ff ff cc 40 55 48 83 ec
0x00007ff91fc96257:   20 48 8b ea 8a 4d 20 e8 05 d3 ff ff 90 48 83 c4
0x00007ff91fc96267:   20 5d c3 cc 40 55 48 83 ec 20 48 8b ea 48 83 c4
0x00007ff91fc96277:   20 5d e9 66 d1 ff ff cc 40 55 48 83 ec 30 48 8b
0x00007ff91fc96287:   ea 48 8b 01 8b 10 48 89 4c 24 28 89 54 24 20 4c
0x00007ff91fc96297:   8d 0d 07 d6 ff ff 4c 8b 45 70 8b 55 68 48 8b 4d
0x00007ff91fc962a7:   60 e8 a7 d0 ff ff 90 48 83 c4 30 5d c3 cc cc cc
0x00007ff91fc962b7:   cc cc cc cc cc cc cc cc cc 40 53 48 83 ec 20 48
0x00007ff91fc962c7:   8b 1d bb 36 01 00 48 85 db 74 16 e8 59 8b ff ff
0x00007ff91fc962d7:   4c 8b 00 48 8b d3 48 8b c8 41 ff 90 b0 00 00 00
0x00007ff91fc962e7:   90 48 83 c4 20 5b c3 cc cc 40 53 48 83 ec 20 48
0x00007ff91fc962f7:   8b 1d 2b 38 01 00 48 85 db 74 57 b8 ff ff ff ff
0x00007ff91fc96307:   f0 0f c1 43 10 83 f8 01 75 3d 48 85 db 74 38 48
0x00007ff91fc96317:   8b 0b 48 85 c9 74 0d ff 15 84 0f 00 00 48 c7 03
0x00007ff91fc96327:   00 00 00 00 48 8b 4b 08 48 85 c9 74 0d e8 d3 cd
0x00007ff91fc96337:   ff ff 48 c7 43 08 00 00 00 00 ba 18 00 00 00 48
0x00007ff91fc96347:   8b cb e8 be cd ff ff 48 c7 05 cf 37 01 00 00 00
0x00007ff91fc96357:   00 00 48 83 c4 20 5b c3 cc 40 53 48 83 ec 20 48
0x00007ff91fc96367:   8b 1d 9b 37 01 00 48 85 db 74 57 b8 ff ff ff ff
0x00007ff91fc96377:   f0 0f c1 43 10 83 f8 01 75 3d 48 85 db 74 38 48
0x00007ff91fc96387:   8b 0b 48 85 c9 74 0d ff 15 14 0f 00 00 48 c7 03
0x00007ff91fc96397:   00 00 00 00 48 8b 4b 08 48 85 c9 74 0d e8 63 cd
0x00007ff91fc963a7:   ff ff 48 c7 43 08 00 00 00 00 ba 18 00 00 00 48
0x00007ff91fc963b7:   8b cb e8 4e cd ff ff 48 c7 05 3f 37 01 00 00 00
0x00007ff91fc963c7:   00 00 48 83 c4 20 5b c3 cc 40 53 48 83 ec 20 48 


Stack slot to memory mapping:
stack at sp + 0 slots: 0x0 is NULL
stack at sp + 1 slots: 0x00000278ac854580 points into unknown readable memory: 0xfff2f53c4c789491 | 91 94 78 4c 3c f5 f2 ff
stack at sp + 2 slots: 0x00007ff8c69449d0 jvm.dll
stack at sp + 3 slots: 0x00007ff91fc93bc4 glass.dll
stack at sp + 4 slots: 0x00000278ac854588 points into unknown readable memory: 0x0000caae21c09491 | 91 94 c0 21 ae ca 00 00
stack at sp + 5 slots: 0x00007ff95a64bea0 ucrtbase.dll
stack at sp + 6 slots: 0x0000caae21c09491 is an unknown value
stack at sp + 7 slots: 0x0000027800000000 is an unknown value

VM_Operation (0x000000c7101f6320): Exit, mode: safepoint, requested by thread 0x00000278ac28b120


---------------  P R O C E S S  ---------------

Threads class SMR info:
_java_thread_list=0x00000278b6131b20, length=19, elements={
0x00000278828be070, 0x00000278aabe2920, 0x00000278aabe59a0, 0x00000278aabf8900,
0x00000278aabf92b0, 0x00000278aabf9c60, 0x00000278aabfa610, 0x00000278aabfb3a0,
0x00000278aabff340, 0x00000278aac146e0, 0x00000278ab8ecf00, 0x00000278ac9bbc30,
0x00000278ac28d7a0, 0x00000278ac28c460, 0x00000278ac28b120, 0x00000278ac28c930,
0x00000278ac28b5f0, 0x00000278ac28ce00, 0x00000278ac28d2d0
}

Java Threads: ( => current thread )
  0x00000278828be070 JavaThread "main" [_thread_blocked, id=5920, stack(0x000000c70e300000,0x000000c70e400000)]
  0x00000278aabe2920 JavaThread "Reference Handler" daemon [_thread_blocked, id=20916, stack(0x000000c70ea00000,0x000000c70eb00000)]
  0x00000278aabe59a0 JavaThread "Finalizer" daemon [_thread_blocked, id=15780, stack(0x000000c70eb00000,0x000000c70ec00000)]
  0x00000278aabf8900 JavaThread "Signal Dispatcher" daemon [_thread_blocked, id=11152, stack(0x000000c70ec00000,0x000000c70ed00000)]
  0x00000278aabf92b0 JavaThread "Attach Listener" daemon [_thread_blocked, id=6432, stack(0x000000c70ed00000,0x000000c70ee00000)]
  0x00000278aabf9c60 JavaThread "Service Thread" daemon [_thread_blocked, id=4328, stack(0x000000c70ee00000,0x000000c70ef00000)]
  0x00000278aabfa610 JavaThread "Monitor Deflation Thread" daemon [_thread_blocked, id=2648, stack(0x000000c70ef00000,0x000000c70f000000)]
  0x00000278aabfb3a0 JavaThread "C2 CompilerThread0" daemon [_thread_blocked, id=628, stack(0x000000c70f000000,0x000000c70f100000)]
  0x00000278aabff340 JavaThread "C1 CompilerThread0" daemon [_thread_blocked, id=11816, stack(0x000000c70f100000,0x000000c70f200000)]
  0x00000278aac146e0 JavaThread "Sweeper thread" daemon [_thread_blocked, id=13624, stack(0x000000c70f200000,0x000000c70f300000)]
  0x00000278ab8ecf00 JavaThread "Common-Cleaner" daemon [_thread_blocked, id=3020, stack(0x000000c70f400000,0x000000c70f500000)]
  0x00000278ac9bbc30 JavaThread "Notification Thread" daemon [_thread_blocked, id=19024, stack(0x000000c70fd00000,0x000000c70fe00000)]
  0x00000278ac28d7a0 JavaThread "QuantumRenderer-0" daemon [_thread_blocked, id=1000, stack(0x000000c70ff00000,0x000000c710000000)]
  0x00000278ac28c460 JavaThread "InvokeLaterDispatcher" daemon [_thread_blocked, id=16556, stack(0x000000c70fc00000,0x000000c70fd00000)]
  0x00000278ac28b120 JavaThread "JavaFX Application Thread" [_thread_blocked, id=5244, stack(0x000000c710100000,0x000000c710200000)]
  0x00000278ac28c930 JavaThread "JavaFX-Launcher" [_thread_blocked, id=22020, stack(0x000000c710400000,0x000000c710500000)]
  0x00000278ac28b5f0 JavaThread "Thread-2" daemon [_thread_in_native, id=20576, stack(0x000000c710300000,0x000000c710400000)]
  0x00000278ac28ce00 JavaThread "Prism Font Disposer" daemon [_thread_blocked, id=20816, stack(0x000000c710d00000,0x000000c710e00000)]
  0x00000278ac28d2d0 JavaThread "Cleaner-0" daemon [_thread_blocked, id=20776, stack(0x000000c711200000,0x000000c711300000)]

Other Threads:
=>0x00000278aabdee30 VMThread "VM Thread" [stack: 0x000000c70e900000,0x000000c70ea00000] [id=11880]
  0x000002788291fdf0 GCTaskThread "GC Thread#0" [stack: 0x000000c70e400000,0x000000c70e500000] [id=19160]
  0x00000278acdc27a0 GCTaskThread "GC Thread#1" [stack: 0x000000c710500000,0x000000c710600000] [id=21444]
  0x00000278acdeb110 GCTaskThread "GC Thread#2" [stack: 0x000000c710600000,0x000000c710700000] [id=2960]
  0x00000278acdebbd0 GCTaskThread "GC Thread#3" [stack: 0x000000c710700000,0x000000c710800000] [id=10216]
  0x00000278acdebe80 GCTaskThread "GC Thread#4" [stack: 0x000000c710800000,0x000000c710900000] [id=3812]
  0x00000278acdec130 GCTaskThread "GC Thread#5" [stack: 0x000000c710900000,0x000000c710a00000] [id=21804]
  0x00000278acdec3e0 GCTaskThread "GC Thread#6" [stack: 0x000000c710a00000,0x000000c710b00000] [id=21832]
  0x00000278acddacf0 GCTaskThread "GC Thread#7" [stack: 0x000000c710b00000,0x000000c710c00000] [id=20476]
  0x00000278acddafa0 GCTaskThread "GC Thread#8" [stack: 0x000000c710c00000,0x000000c710d00000] [id=10908]
  0x00000278acfe5020 GCTaskThread "GC Thread#9" [stack: 0x000000c70f700000,0x000000c70f800000] [id=4908]
  0x000002788292cb00 ConcurrentGCThread "G1 Main Marker" terminated
  0x000002788292d410 ConcurrentGCThread "G1 Conc#0" [stack: 0x000000c70e600000,0x000000c70e700000] [id=6564]
  0x0000027882996c20 ConcurrentGCThread "G1 Refine#0" terminated
  0x00000278aaaa2b00 ConcurrentGCThread "G1 Service" terminated

Threads with active compile tasks:
C2 CompilerThread0  
[error occurred during error reporting (printing all threads), id 0xc0000005, EXCEPTION_ACCESS_VIOLATION (0xc0000005) at pc=0x00007ff8c65ae683]

VM state: at safepoint (shutting down)

VM Mutex/Monitor currently owned by a thread:  ([mutex/lock_event])
[0x00000278828ba240] Threads_lock - owner thread: 0x00000278aabdee30
[0x00000278828b9c10] Heap_lock - owner thread: 0x00000278ac28b120

Heap address: 0x0000000682400000, size: 6108 MB, Compressed Oops mode: Zero based, Oop shift amount: 3

CDS archive(s) mapped at: [0x0000000800000000-0x0000000800bc0000-0x0000000800bc0000), size 12320768, SharedBaseAddress: 0x0000000800000000, ArchiveRelocationMode: 0.
Compressed class space mapped at: 0x0000000800c00000-0x0000000840c00000, reserved size: 1073741824
Narrow klass base: 0x0000000800000000, Narrow klass shift: 0, Narrow klass range: 0x100000000

GC Precious Log:
 CPUs: 16 total, 16 available
 Memory: 24428M
 Large Page Support: Disabled
 NUMA Support: Disabled
 Compressed Oops: Enabled (Zero based)
 Heap Region Size: 4M
 Heap Min Capacity: 8M
 Heap Initial Capacity: 384M
 Heap Max Capacity: 6108M
 Pre-touch: Disabled
 Parallel Workers: 13
 Concurrent Workers: 3
 Concurrent Refinement Workers: 13
 Periodic GC: Disabled

Heap:
 garbage-first heap   total 393216K, used 53923K [0x0000000682400000, 0x0000000800000000)
  region size 4096K, 10 young (40960K), 2 survivors (8192K)
 Metaspace       used 17520K, committed 17792K, reserved 1064960K
  class space    used 2583K, committed 2752K, reserved 1048576K

Heap Regions: E=young(eden), S=young(survivor), O=old, HS=humongous(starts), HC=humongous(continues), CS=collection set, F=free, OA=open archive, CA=closed archive, TAMS=top-at-mark-start (previous, next)
|   0|0x0000000682400000, 0x0000000682800000, 0x0000000682800000|100%|HS|  |TAMS 0x0000000682400000, 0x0000000682400000| Complete 
|   1|0x0000000682800000, 0x0000000682c00000, 0x0000000682c00000|100%|HS|  |TAMS 0x0000000682800000, 0x0000000682800000| Complete 
|   2|0x0000000682c00000, 0x0000000682ca8e00, 0x0000000683000000| 16%| O|  |TAMS 0x0000000682c00000, 0x0000000682c00000| Untracked 
|   3|0x0000000683000000, 0x0000000683400000, 0x0000000683400000|100%|HS|  |TAMS 0x0000000683000000, 0x0000000683000000| Complete 
|   4|0x0000000683400000, 0x0000000683800000, 0x0000000683800000|100%|HS|  |TAMS 0x0000000683400000, 0x0000000683400000| Complete 
|   5|0x0000000683800000, 0x0000000683800000, 0x0000000683c00000|  0%| F|  |TAMS 0x0000000683800000, 0x0000000683800000| Untracked 
|   6|0x0000000683c00000, 0x0000000683c00000, 0x0000000684000000|  0%| F|  |TAMS 0x0000000683c00000, 0x0000000683c00000| Untracked 
|   7|0x0000000684000000, 0x0000000684000000, 0x0000000684400000|  0%| F|  |TAMS 0x0000000684000000, 0x0000000684000000| Untracked 
|   8|0x0000000684400000, 0x0000000684400000, 0x0000000684800000|  0%| F|  |TAMS 0x0000000684400000, 0x0000000684400000| Untracked 
|   9|0x0000000684800000, 0x0000000684800000, 0x0000000684c00000|  0%| F|  |TAMS 0x0000000684800000, 0x0000000684800000| Untracked 
|  10|0x0000000684c00000, 0x0000000684c00000, 0x0000000685000000|  0%| F|  |TAMS 0x0000000684c00000, 0x0000000684c00000| Untracked 
|  11|0x0000000685000000, 0x0000000685000000, 0x0000000685400000|  0%| F|  |TAMS 0x0000000685000000, 0x0000000685000000| Untracked 
|  12|0x0000000685400000, 0x0000000685400000, 0x0000000685800000|  0%| F|  |TAMS 0x0000000685400000, 0x0000000685400000| Untracked 
|  13|0x0000000685800000, 0x0000000685800000, 0x0000000685c00000|  0%| F|  |TAMS 0x0000000685800000, 0x0000000685800000| Untracked 
|  14|0x0000000685c00000, 0x0000000685c00000, 0x0000000686000000|  0%| F|  |TAMS 0x0000000685c00000, 0x0000000685c00000| Untracked 
|  15|0x0000000686000000, 0x0000000686000000, 0x0000000686400000|  0%| F|  |TAMS 0x0000000686000000, 0x0000000686000000| Untracked 
|  16|0x0000000686400000, 0x0000000686400000, 0x0000000686800000|  0%| F|  |TAMS 0x0000000686400000, 0x0000000686400000| Untracked 
|  17|0x0000000686800000, 0x0000000686800000, 0x0000000686c00000|  0%| F|  |TAMS 0x0000000686800000, 0x0000000686800000| Untracked 
|  18|0x0000000686c00000, 0x0000000686c00000, 0x0000000687000000|  0%| F|  |TAMS 0x0000000686c00000, 0x0000000686c00000| Untracked 
|  19|0x0000000687000000, 0x0000000687000000, 0x0000000687400000|  0%| F|  |TAMS 0x0000000687000000, 0x0000000687000000| Untracked 
|  20|0x0000000687400000, 0x0000000687400000, 0x0000000687800000|  0%| F|  |TAMS 0x0000000687400000, 0x0000000687400000| Untracked 
|  21|0x0000000687800000, 0x0000000687800000, 0x0000000687c00000|  0%| F|  |TAMS 0x0000000687800000, 0x0000000687800000| Untracked 
|  22|0x0000000687c00000, 0x0000000687c00000, 0x0000000688000000|  0%| F|  |TAMS 0x0000000687c00000, 0x0000000687c00000| Untracked 
|  23|0x0000000688000000, 0x0000000688000000, 0x0000000688400000|  0%| F|  |TAMS 0x0000000688000000, 0x0000000688000000| Untracked 
|  24|0x0000000688400000, 0x0000000688400000, 0x0000000688800000|  0%| F|  |TAMS 0x0000000688400000, 0x0000000688400000| Untracked 
|  25|0x0000000688800000, 0x0000000688800000, 0x0000000688c00000|  0%| F|  |TAMS 0x0000000688800000, 0x0000000688800000| Untracked 
|  26|0x0000000688c00000, 0x0000000688c00000, 0x0000000689000000|  0%| F|  |TAMS 0x0000000688c00000, 0x0000000688c00000| Untracked 
|  27|0x0000000689000000, 0x0000000689000000, 0x0000000689400000|  0%| F|  |TAMS 0x0000000689000000, 0x0000000689000000| Untracked 
|  28|0x0000000689400000, 0x0000000689400000, 0x0000000689800000|  0%| F|  |TAMS 0x0000000689400000, 0x0000000689400000| Untracked 
|  29|0x0000000689800000, 0x0000000689800000, 0x0000000689c00000|  0%| F|  |TAMS 0x0000000689800000, 0x0000000689800000| Untracked 
|  30|0x0000000689c00000, 0x0000000689c00000, 0x000000068a000000|  0%| F|  |TAMS 0x0000000689c00000, 0x0000000689c00000| Untracked 
|  31|0x000000068a000000, 0x000000068a000000, 0x000000068a400000|  0%| F|  |TAMS 0x000000068a000000, 0x000000068a000000| Untracked 
|  32|0x000000068a400000, 0x000000068a400000, 0x000000068a800000|  0%| F|  |TAMS 0x000000068a400000, 0x000000068a400000| Untracked 
|  33|0x000000068a800000, 0x000000068a800000, 0x000000068ac00000|  0%| F|  |TAMS 0x000000068a800000, 0x000000068a800000| Untracked 
|  34|0x000000068ac00000, 0x000000068ac00000, 0x000000068b000000|  0%| F|  |TAMS 0x000000068ac00000, 0x000000068ac00000| Untracked 
|  35|0x000000068b000000, 0x000000068b000000, 0x000000068b400000|  0%| F|  |TAMS 0x000000068b000000, 0x000000068b000000| Untracked 
|  36|0x000000068b400000, 0x000000068b400000, 0x000000068b800000|  0%| F|  |TAMS 0x000000068b400000, 0x000000068b400000| Untracked 
|  37|0x000000068b800000, 0x000000068b800000, 0x000000068bc00000|  0%| F|  |TAMS 0x000000068b800000, 0x000000068b800000| Untracked 
|  38|0x000000068bc00000, 0x000000068bc00000, 0x000000068c000000|  0%| F|  |TAMS 0x000000068bc00000, 0x000000068bc00000| Untracked 
|  39|0x000000068c000000, 0x000000068c000000, 0x000000068c400000|  0%| F|  |TAMS 0x000000068c000000, 0x000000068c000000| Untracked 
|  40|0x000000068c400000, 0x000000068c400000, 0x000000068c800000|  0%| F|  |TAMS 0x000000068c400000, 0x000000068c400000| Untracked 
|  41|0x000000068c800000, 0x000000068c800000, 0x000000068cc00000|  0%| F|  |TAMS 0x000000068c800000, 0x000000068c800000| Untracked 
|  42|0x000000068cc00000, 0x000000068cc00000, 0x000000068d000000|  0%| F|  |TAMS 0x000000068cc00000, 0x000000068cc00000| Untracked 
|  43|0x000000068d000000, 0x000000068d000000, 0x000000068d400000|  0%| F|  |TAMS 0x000000068d000000, 0x000000068d000000| Untracked 
|  44|0x000000068d400000, 0x000000068d400000, 0x000000068d800000|  0%| F|  |TAMS 0x000000068d400000, 0x000000068d400000| Untracked 
|  45|0x000000068d800000, 0x000000068d800000, 0x000000068dc00000|  0%| F|  |TAMS 0x000000068d800000, 0x000000068d800000| Untracked 
|  46|0x000000068dc00000, 0x000000068dc00000, 0x000000068e000000|  0%| F|  |TAMS 0x000000068dc00000, 0x000000068dc00000| Untracked 
|  47|0x000000068e000000, 0x000000068e000000, 0x000000068e400000|  0%| F|  |TAMS 0x000000068e000000, 0x000000068e000000| Untracked 
|  48|0x000000068e400000, 0x000000068e400000, 0x000000068e800000|  0%| F|  |TAMS 0x000000068e400000, 0x000000068e400000| Untracked 
|  49|0x000000068e800000, 0x000000068e800000, 0x000000068ec00000|  0%| F|  |TAMS 0x000000068e800000, 0x000000068e800000| Untracked 
|  50|0x000000068ec00000, 0x000000068ec00000, 0x000000068f000000|  0%| F|  |TAMS 0x000000068ec00000, 0x000000068ec00000| Untracked 
|  51|0x000000068f000000, 0x000000068f000000, 0x000000068f400000|  0%| F|  |TAMS 0x000000068f000000, 0x000000068f000000| Untracked 
|  52|0x000000068f400000, 0x000000068f400000, 0x000000068f800000|  0%| F|  |TAMS 0x000000068f400000, 0x000000068f400000| Untracked 
|  53|0x000000068f800000, 0x000000068f800000, 0x000000068fc00000|  0%| F|  |TAMS 0x000000068f800000, 0x000000068f800000| Untracked 
|  54|0x000000068fc00000, 0x000000068fc00000, 0x0000000690000000|  0%| F|  |TAMS 0x000000068fc00000, 0x000000068fc00000| Untracked 
|  55|0x0000000690000000, 0x0000000690000000, 0x0000000690400000|  0%| F|  |TAMS 0x0000000690000000, 0x0000000690000000| Untracked 
|  56|0x0000000690400000, 0x0000000690400000, 0x0000000690800000|  0%| F|  |TAMS 0x0000000690400000, 0x0000000690400000| Untracked 
|  57|0x0000000690800000, 0x0000000690800000, 0x0000000690c00000|  0%| F|  |TAMS 0x0000000690800000, 0x0000000690800000| Untracked 
|  58|0x0000000690c00000, 0x0000000690c00000, 0x0000000691000000|  0%| F|  |TAMS 0x0000000690c00000, 0x0000000690c00000| Untracked 
|  59|0x0000000691000000, 0x0000000691000000, 0x0000000691400000|  0%| F|  |TAMS 0x0000000691000000, 0x0000000691000000| Untracked 
|  60|0x0000000691400000, 0x0000000691400000, 0x0000000691800000|  0%| F|  |TAMS 0x0000000691400000, 0x0000000691400000| Untracked 
|  61|0x0000000691800000, 0x0000000691800000, 0x0000000691c00000|  0%| F|  |TAMS 0x0000000691800000, 0x0000000691800000| Untracked 
|  62|0x0000000691c00000, 0x0000000691c00000, 0x0000000692000000|  0%| F|  |TAMS 0x0000000691c00000, 0x0000000691c00000| Untracked 
|  63|0x0000000692000000, 0x0000000692000000, 0x0000000692400000|  0%| F|  |TAMS 0x0000000692000000, 0x0000000692000000| Untracked 
|  64|0x0000000692400000, 0x0000000692400000, 0x0000000692800000|  0%| F|  |TAMS 0x0000000692400000, 0x0000000692400000| Untracked 
|  65|0x0000000692800000, 0x0000000692800000, 0x0000000692c00000|  0%| F|  |TAMS 0x0000000692800000, 0x0000000692800000| Untracked 
|  66|0x0000000692c00000, 0x0000000692c00000, 0x0000000693000000|  0%| F|  |TAMS 0x0000000692c00000, 0x0000000692c00000| Untracked 
|  67|0x0000000693000000, 0x0000000693000000, 0x0000000693400000|  0%| F|  |TAMS 0x0000000693000000, 0x0000000693000000| Untracked 
|  68|0x0000000693400000, 0x0000000693400000, 0x0000000693800000|  0%| F|  |TAMS 0x0000000693400000, 0x0000000693400000| Untracked 
|  69|0x0000000693800000, 0x0000000693800000, 0x0000000693c00000|  0%| F|  |TAMS 0x0000000693800000, 0x0000000693800000| Untracked 
|  70|0x0000000693c00000, 0x0000000693c00000, 0x0000000694000000|  0%| F|  |TAMS 0x0000000693c00000, 0x0000000693c00000| Untracked 
|  71|0x0000000694000000, 0x0000000694000000, 0x0000000694400000|  0%| F|  |TAMS 0x0000000694000000, 0x0000000694000000| Untracked 
|  72|0x0000000694400000, 0x0000000694400000, 0x0000000694800000|  0%| F|  |TAMS 0x0000000694400000, 0x0000000694400000| Untracked 
|  73|0x0000000694800000, 0x0000000694800000, 0x0000000694c00000|  0%| F|  |TAMS 0x0000000694800000, 0x0000000694800000| Untracked 
|  74|0x0000000694c00000, 0x0000000694c00000, 0x0000000695000000|  0%| F|  |TAMS 0x0000000694c00000, 0x0000000694c00000| Untracked 
|  75|0x0000000695000000, 0x0000000695000000, 0x0000000695400000|  0%| F|  |TAMS 0x0000000695000000, 0x0000000695000000| Untracked 
|  76|0x0000000695400000, 0x0000000695400000, 0x0000000695800000|  0%| F|  |TAMS 0x0000000695400000, 0x0000000695400000| Untracked 
|  77|0x0000000695800000, 0x0000000695800000, 0x0000000695c00000|  0%| F|  |TAMS 0x0000000695800000, 0x0000000695800000| Untracked 
|  78|0x0000000695c00000, 0x0000000695c00000, 0x0000000696000000|  0%| F|  |TAMS 0x0000000695c00000, 0x0000000695c00000| Untracked 
|  79|0x0000000696000000, 0x0000000696000000, 0x0000000696400000|  0%| F|  |TAMS 0x0000000696000000, 0x0000000696000000| Untracked 
|  80|0x0000000696400000, 0x0000000696400000, 0x0000000696800000|  0%| F|  |TAMS 0x0000000696400000, 0x0000000696400000| Untracked 
|  81|0x0000000696800000, 0x0000000696800000, 0x0000000696c00000|  0%| F|  |TAMS 0x0000000696800000, 0x0000000696800000| Untracked 
|  82|0x0000000696c00000, 0x0000000696c00000, 0x0000000697000000|  0%| F|  |TAMS 0x0000000696c00000, 0x0000000696c00000| Untracked 
|  83|0x0000000697000000, 0x0000000697400000, 0x0000000697400000|100%| S|CS|TAMS 0x0000000697000000, 0x0000000697000000| Complete 
|  84|0x0000000697400000, 0x0000000697800000, 0x0000000697800000|100%| S|CS|TAMS 0x0000000697400000, 0x0000000697400000| Complete 
|  85|0x0000000697800000, 0x0000000697800000, 0x0000000697c00000|  0%| F|  |TAMS 0x0000000697800000, 0x0000000697800000| Untracked 
|  86|0x0000000697c00000, 0x0000000697c00000, 0x0000000698000000|  0%| F|  |TAMS 0x0000000697c00000, 0x0000000697c00000| Untracked 
|  87|0x0000000698000000, 0x0000000698000000, 0x0000000698400000|  0%| F|  |TAMS 0x0000000698000000, 0x0000000698000000| Untracked 
|  88|0x0000000698400000, 0x000000069849e7e8, 0x0000000698800000| 15%| E|  |TAMS 0x0000000698400000, 0x0000000698400000| Complete 
|  89|0x0000000698800000, 0x0000000698c00000, 0x0000000698c00000|100%| E|CS|TAMS 0x0000000698800000, 0x0000000698800000| Complete 
|  90|0x0000000698c00000, 0x0000000699000000, 0x0000000699000000|100%| E|CS|TAMS 0x0000000698c00000, 0x0000000698c00000| Complete 
|  91|0x0000000699000000, 0x0000000699400000, 0x0000000699400000|100%| E|CS|TAMS 0x0000000699000000, 0x0000000699000000| Complete 
|  92|0x0000000699400000, 0x0000000699800000, 0x0000000699800000|100%| E|CS|TAMS 0x0000000699400000, 0x0000000699400000| Complete 
|  93|0x0000000699800000, 0x0000000699c00000, 0x0000000699c00000|100%| E|CS|TAMS 0x0000000699800000, 0x0000000699800000| Complete 
|  94|0x0000000699c00000, 0x000000069a000000, 0x000000069a000000|100%| E|CS|TAMS 0x0000000699c00000, 0x0000000699c00000| Complete 
|  95|0x000000069a000000, 0x000000069a400000, 0x000000069a400000|100%| E|CS|TAMS 0x000000069a000000, 0x000000069a000000| Complete 

Card table byte_map: [0x000002789a590000,0x000002789b180000] _byte_map_base: 0x000002789717e000

Marking Bits (Prev, Next): (CMBitMap*) 0x0000027882920300, (CMBitMap*) 0x0000027882920340
 Prev Bits: [0x000002789bd70000, 0x00000278a1ce0000)
 Next Bits: [0x00000278a1ce0000, 0x00000278a7c50000)

Polling page: 0x00000278808a0000

Metaspace:

Usage:
  Non-class:     14.59 MB used.
      Class:      2.52 MB used.
       Both:     17.11 MB used.

Virtual space:
  Non-class space:       16.00 MB reserved,      14.69 MB ( 92%) committed,  2 nodes.
      Class space:        1.00 GB reserved,       2.69 MB ( <1%) committed,  1 nodes.
             Both:        1.02 GB reserved,      17.38 MB (  2%) committed. 

Chunk freelists:
   Non-Class:  912.00 KB
       Class:  1.23 MB
        Both:  2.12 MB

MaxMetaspaceSize: unlimited
CompressedClassSpaceSize: 1.00 GB
Initial GC threshold: 21.00 MB
Current GC threshold: 21.00 MB
CDS: on
MetaspaceReclaimPolicy: balanced
 - commit_granule_bytes: 65536.
 - commit_granule_words: 8192.
 - virtual_space_node_default_size: 1048576.
 - enlarge_chunks_in_place: 1.
 - new_chunks_are_fully_committed: 0.
 - uncommit_free_chunks: 1.
 - use_allocation_guard: 0.
 - handle_deallocations: 1.


Internal statistics:

num_allocs_failed_limit: 0.
num_arena_births: 194.
num_arena_deaths: 0.
num_vsnodes_births: 3.
num_vsnodes_deaths: 0.
num_space_committed: 278.
num_space_uncommitted: 0.
num_chunks_returned_to_freelist: 0.
num_chunks_taken_from_freelist: 810.
num_chunk_merges: 0.
num_chunk_splits: 561.
num_chunks_enlarged: 446.
num_purges: 0.
num_inconsistent_stats: 0.

CodeHeap 'non-profiled nmethods': size=119168Kb used=1561Kb max_used=1561Kb free=117606Kb
 bounds [0x0000027891cc0000, 0x0000027891f30000, 0x0000027899120000]
CodeHeap 'profiled nmethods': size=119104Kb used=7517Kb max_used=7517Kb free=111586Kb
 bounds [0x000002788a870000, 0x000002788afd0000, 0x0000027891cc0000]
CodeHeap 'non-nmethods': size=7488Kb used=1427Kb max_used=3175Kb free=6060Kb
 bounds [0x000002788a120000, 0x000002788a440000, 0x000002788a870000]
 total_blobs=4387 nmethods=3602 adapters=697
 compilation: enabled
              stopped_count=0, restarted_count=0
 full_count=0

Compilation events (20 events):
Event: 24.231 Thread 0x00000278aabfb3a0 nmethod 3596 0x0000027891e43490 code [0x0000027891e43700, 0x0000027891e44408]
Event: 24.363 Thread 0x00000278aabff340 3597       1       javafx.animation.Animation$AnimationReadOnlyProperty::get (5 bytes)
Event: 24.363 Thread 0x00000278aabff340 nmethod 3597 0x0000027891e45390 code [0x0000027891e45520, 0x0000027891e455f8]
Event: 24.517 Thread 0x00000278aabff340 3598       3       com.sun.scenario.animation.AbstractPrimaryTimer$MainLoop::run (61 bytes)
Event: 24.517 Thread 0x00000278aabff340 nmethod 3598 0x000002788afc2210 code [0x000002788afc2420, 0x000002788afc29f8]
Event: 24.565 Thread 0x00000278aabfb3a0 3599       4       java.util.HashMap::containsKey (14 bytes)
Event: 24.565 Thread 0x00000278aabff340 3600       3       javafx.scene.paint.Color::hsb (41 bytes)
Event: 24.565 Thread 0x00000278aabff340 nmethod 3600 0x000002788afc2c90 code [0x000002788afc2e60, 0x000002788afc3108]
Event: 24.566 Thread 0x00000278aabff340 3602       3       com.sun.javafx.geom.Path2D::lineTo (78 bytes)
Event: 24.566 Thread 0x00000278aabff340 nmethod 3602 0x000002788afc3310 code [0x000002788afc34c0, 0x000002788afc36e8]
Event: 24.568 Thread 0x00000278aabfb3a0 nmethod 3599 0x0000027891e45690 code [0x0000027891e45840, 0x0000027891e45d38]
Event: 24.568 Thread 0x00000278aabfb3a0 3601       4       java.lang.ref.Reference::refersTo (6 bytes)
Event: 24.569 Thread 0x00000278aabfb3a0 nmethod 3601 0x0000027891e46090 code [0x0000027891e46200, 0x0000027891e46298]
Event: 24.732 Thread 0x00000278aabff340 3603       3       java.util.HashMap::values (25 bytes)
Event: 24.733 Thread 0x00000278aabff340 nmethod 3603 0x000002788afc3890 code [0x000002788afc3a40, 0x000002788afc3dd8]
Event: 24.741 Thread 0x00000278aabff340 3604       3       javafx.scene.layout.Region$4::invalidated (233 bytes)
Event: 24.742 Thread 0x00000278aabfb3a0 3605 %     4       com.sun.marlin.Renderer::_endRendering @ 235 (2473 bytes)
Event: 24.743 Thread 0x00000278aabff340 nmethod 3604 0x000002788afc3f10 code [0x000002788afc43a0, 0x000002788afc6af8]
Event: 24.806 Thread 0x00000278aabff340 3607       1       java.util.ArrayList$ArrayListSpliterator::characteristics (4 bytes)
Event: 24.806 Thread 0x00000278aabff340 nmethod 3607 0x0000027891e46390 code [0x0000027891e46520, 0x0000027891e465f8]

GC Heap History (4 events):
Event: 0.323 GC heap before
{Heap before GC invocations=0 (full 0):
 garbage-first heap   total 393216K, used 16384K [0x0000000682400000, 0x0000000800000000)
  region size 4096K, 5 young (20480K), 0 survivors (0K)
 Metaspace       used 4509K, committed 4608K, reserved 1056768K
  class space    used 513K, committed 576K, reserved 1048576K
}
Event: 0.324 GC heap after
{Heap after GC invocations=1 (full 0):
 garbage-first heap   total 393216K, used 2678K [0x0000000682400000, 0x0000000800000000)
  region size 4096K, 1 young (4096K), 1 survivors (4096K)
 Metaspace       used 4509K, committed 4608K, reserved 1056768K
  class space    used 513K, committed 576K, reserved 1048576K
}
Event: 1.907 GC heap before
{Heap before GC invocations=1 (full 0):
 garbage-first heap   total 393216K, used 47734K [0x0000000682400000, 0x0000000800000000)
  region size 4096K, 11 young (45056K), 1 survivors (4096K)
 Metaspace       used 14198K, committed 14400K, reserved 1064960K
  class space    used 2074K, committed 2176K, reserved 1048576K
}
Event: 1.910 GC heap after
{Heap after GC invocations=2 (full 0):
 garbage-first heap   total 393216K, used 17059K [0x0000000682400000, 0x0000000800000000)
  region size 4096K, 2 young (8192K), 2 survivors (8192K)
 Metaspace       used 14198K, committed 14400K, reserved 1064960K
  class space    used 2074K, committed 2176K, reserved 1048576K
}

Deoptimization events (20 events):
Event: 23.425 Thread 0x00000278ac28b120 Uncommon trap: trap_request=0xffffff45 fr.pc=0x0000027891de71dc relative=0x000000000000005c
Event: 23.425 Thread 0x00000278ac28b120 Uncommon trap: reason=unstable_if action=reinterpret pc=0x0000027891de71dc method=java.util.Objects.equals(Ljava/lang/Object;Ljava/lang/Object;)Z @ 6 c2
Event: 23.425 Thread 0x00000278ac28b120 DEOPT PACKING pc=0x0000027891de71dc sp=0x000000c7101f5180
Event: 23.425 Thread 0x00000278ac28b120 DEOPT UNPACKING pc=0x000002788a1723a3 sp=0x000000c7101f5120 mode 2
Event: 23.429 Thread 0x00000278ac28b120 Uncommon trap: trap_request=0xffffff45 fr.pc=0x0000027891d5afbc relative=0x0000000000000f1c
Event: 23.429 Thread 0x00000278ac28b120 Uncommon trap: reason=unstable_if action=reinterpret pc=0x0000027891d5afbc method=java.util.concurrent.ConcurrentHashMap.putVal(Ljava/lang/Object;Ljava/lang/Object;Z)Ljava/lang/Object; @ 148 c2
Event: 23.429 Thread 0x00000278ac28b120 DEOPT PACKING pc=0x0000027891d5afbc sp=0x000000c7101f4540
Event: 23.429 Thread 0x00000278ac28b120 DEOPT UNPACKING pc=0x000002788a1723a3 sp=0x000000c7101f44c0 mode 2
Event: 23.430 Thread 0x00000278ac28b120 Uncommon trap: trap_request=0xffffff45 fr.pc=0x0000027891ce1cb0 relative=0x0000000000000210
Event: 23.430 Thread 0x00000278ac28b120 Uncommon trap: reason=unstable_if action=reinterpret pc=0x0000027891ce1cb0 method=java.lang.StringLatin1.lastIndexOf([BI[BII)I @ 86 c2
Event: 23.430 Thread 0x00000278ac28b120 DEOPT PACKING pc=0x0000027891ce1cb0 sp=0x000000c7101f4490
Event: 23.430 Thread 0x00000278ac28b120 DEOPT UNPACKING pc=0x000002788a1723a3 sp=0x000000c7101f4348 mode 2
Event: 23.430 Thread 0x00000278ac28b120 Uncommon trap: trap_request=0xffffff45 fr.pc=0x0000027891cd0418 relative=0x00000000000000f8
Event: 23.430 Thread 0x00000278ac28b120 Uncommon trap: reason=unstable_if action=reinterpret pc=0x0000027891cd0418 method=java.lang.StringLatin1.lastIndexOf([BI[BII)I @ 86 c2
Event: 23.430 Thread 0x00000278ac28b120 DEOPT PACKING pc=0x0000027891cd0418 sp=0x000000c7101f4490
Event: 23.430 Thread 0x00000278ac28b120 DEOPT UNPACKING pc=0x000002788a1723a3 sp=0x000000c7101f4410 mode 2
Event: 23.868 Thread 0x00000278ac28b120 Uncommon trap: trap_request=0xffffff45 fr.pc=0x0000027891e2eed0 relative=0x00000000000002d0
Event: 23.868 Thread 0x00000278ac28b120 Uncommon trap: reason=unstable_if action=reinterpret pc=0x0000027891e2eed0 method=com.sun.javafx.event.EventHandlerManager.dispatchBubblingEvent(Ljavafx/event/EventType;Ljavafx/event/Event;)Ljavafx/event/Event; @ 22 c2
Event: 23.868 Thread 0x00000278ac28b120 DEOPT PACKING pc=0x0000027891e2eed0 sp=0x000000c7101f4950
Event: 23.868 Thread 0x00000278ac28b120 DEOPT UNPACKING pc=0x000002788a1723a3 sp=0x000000c7101f4900 mode 2

Classes unloaded (0 events):
No events

Classes redefined (0 events):
No events

Internal exceptions (20 events):
Event: 0.471 Thread 0x00000278ac28b120 Exception <a 'java/lang/NoSuchMethodError'{0x0000000699560480}: 'void java.lang.invoke.DirectMethodHandle$Holder.invokeStaticInit(java.lang.Object, java.lang.Object)'> (0x0000000699560480) 
thrown [t:\workspace\open\src\hotspot\share\interpreter\linkResolver.cpp, line 766]
Event: 0.531 Thread 0x00000278ac28b120 Implicit null exception at 0x0000027891d23e90 to 0x0000027891d242cc
Event: 0.590 Thread 0x00000278ac28b120 Exception <a 'java/lang/NoSuchMethodError'{0x0000000698ab10e0}: 'void java.lang.invoke.DirectMethodHandle$Holder.invokeSpecial(java.lang.Object, java.lang.Object, java.lang.Object, java.lang.Object, java.lang.Object)'> (0x0000000698ab10e0) 
thrown [t:\workspace\open\src\hotspot\share\interpreter\linkResolver.cpp, line 766]
Event: 0.591 Thread 0x00000278ac28b120 Exception <a 'java/lang/NoSuchMethodError'{0x0000000698ac5b68}: 'java.lang.Object java.lang.invoke.DirectMethodHandle$Holder.invokeInterface(java.lang.Object, java.lang.Object, java.lang.Object)'> (0x0000000698ac5b68) 
thrown [t:\workspace\open\src\hotspot\share\interpreter\linkResolver.cpp, line 766]
Event: 0.591 Thread 0x00000278ac28b120 Exception <a 'java/lang/IncompatibleClassChangeError'{0x0000000698ac9730}: Found class java.lang.Object, but interface was expected> (0x0000000698ac9730) 
thrown [t:\workspace\open\src\hotspot\share\interpreter\linkResolver.cpp, line 833]
Event: 0.627 Thread 0x00000278ac28b120 Exception <a 'java/lang/NoSuchMethodError'{0x00000006984b9390}: 'java.lang.Object java.lang.invoke.DirectMethodHandle$Holder.newInvokeSpecial(java.lang.Object, java.lang.Object, int)'> (0x00000006984b9390) 
thrown [t:\workspace\open\src\hotspot\share\interpreter\linkResolver.cpp, line 766]
Event: 0.641 Thread 0x00000278ac28d7a0 Exception <a 'java/lang/NoSuchMethodError'{0x000000069864d968}: 'int java.lang.invoke.DirectMethodHandle$Holder.invokeStaticInit(java.lang.Object, java.lang.Object)'> (0x000000069864d968) 
thrown [t:\workspace\open\src\hotspot\share\interpreter\linkResolver.cpp, line 766]
Event: 1.749 Thread 0x00000278ac28b120 Exception <a 'java/lang/NoSuchMethodError'{0x00000006982df6f8}: 'long java.lang.invoke.DirectMethodHandle$Holder.invokeStatic(java.lang.Object, java.lang.Object, java.lang.Object)'> (0x00000006982df6f8) 
thrown [t:\workspace\open\src\hotspot\share\interpreter\linkResolver.cpp, line 766]
Event: 1.750 Thread 0x00000278ac28b120 Exception <a 'java/lang/NoSuchMethodError'{0x00000006982e2ea0}: 'long java.lang.invoke.DirectMethodHandle$Holder.invokeStaticInit(java.lang.Object, java.lang.Object, java.lang.Object)'> (0x00000006982e2ea0) 
thrown [t:\workspace\open\src\hotspot\share\interpreter\linkResolver.cpp, line 766]
Event: 1.751 Thread 0x00000278ac28b120 Exception <a 'java/lang/NoSuchMethodError'{0x00000006982faaa8}: 'java.lang.Object java.lang.invoke.DirectMethodHandle$Holder.newInvokeSpecial(java.lang.Object, java.lang.Object, long)'> (0x00000006982faaa8) 
thrown [t:\workspace\open\src\hotspot\share\interpreter\linkResolver.cpp, line 766]
Event: 1.751 Thread 0x00000278ac28b120 Exception <a 'java/lang/NoSuchMethodError'{0x00000006982fe618}: 'java.lang.Object java.lang.invoke.Invokers$Holder.linkToTargetMethod(java.lang.Object, long, java.lang.Object)'> (0x00000006982fe618) 
thrown [t:\workspace\open\src\hotspot\share\interpreter\linkResolver.cpp, line 766]
Event: 1.857 Thread 0x00000278ac28b120 Exception <a 'java/lang/ClassNotFoundException'{0x0000000697edb4a8}: com/sun/javafx/scene/control/skin/resources/controls> (0x0000000697edb4a8) 
thrown [t:\workspace\open\src\hotspot\share\prims\jni.cpp, line 535]
Event: 1.858 Thread 0x00000278ac28b120 Exception <a 'java/lang/ClassNotFoundException'{0x0000000697ee9740}: com/sun/javafx/scene/control/skin/resources/controls_es> (0x0000000697ee9740) 
thrown [t:\workspace\open\src\hotspot\share\prims\jni.cpp, line 535]
Event: 1.858 Thread 0x00000278ac28b120 Exception <a 'java/lang/ClassNotFoundException'{0x0000000697ef7698}: com/sun/javafx/scene/control/skin/resources/controls_es_CO> (0x0000000697ef7698) 
thrown [t:\workspace\open\src\hotspot\share\prims\jni.cpp, line 535]
Event: 2.810 Thread 0x00000278ac28b120 Exception <a 'java/lang/NoSuchMethodError'{0x000000069948f8f0}: 'void java.lang.invoke.DirectMethodHandle$Holder.invokeSpecial(java.lang.Object, java.lang.Object, java.lang.Object, java.lang.Object, java.lang.Object, java.lang.Object)'> (0x000000069948f8f0) 
thrown [t:\workspace\open\src\hotspot\share\interpreter\linkResolver.cpp, line 766]
Event: 2.832 Thread 0x00000278ac28b120 Exception <a 'java/lang/NoSuchMethodError'{0x00000006990b3470}: 'void java.lang.invoke.DirectMethodHandle$Holder.invokeSpecialIFC(java.lang.Object, java.lang.Object, java.lang.Object, java.lang.Object)'> (0x00000006990b3470) 
thrown [t:\workspace\open\src\hotspot\share\interpreter\linkResolver.cpp, line 766]
Event: 2.842 Thread 0x00000278ac28b120 Exception <a 'java/lang/NoSuchMethodError'{0x00000006991c61b8}: 'int java.lang.invoke.DirectMethodHandle$Holder.invokeSpecial(java.lang.Object, java.lang.Object, int)'> (0x00000006991c61b8) 
thrown [t:\workspace\open\src\hotspot\share\interpreter\linkResolver.cpp, line 766]
Event: 6.396 Thread 0x00000278ac28b120 Exception <a 'java/io/FileNotFoundException'{0x0000000698d77440}> (0x0000000698d77440) 
thrown [t:\workspace\open\src\hotspot\share\prims\jni.cpp, line 516]
Event: 14.234 Thread 0x00000278ac28b120 Exception <a 'java/io/FileNotFoundException'{0x0000000698dd43b8}> (0x0000000698dd43b8) 
thrown [t:\workspace\open\src\hotspot\share\prims\jni.cpp, line 516]
Event: 19.924 Thread 0x00000278ac28b120 Exception <a 'java/io/FileNotFoundException'{0x0000000698e0d9c8}> (0x0000000698e0d9c8) 
thrown [t:\workspace\open\src\hotspot\share\prims\jni.cpp, line 516]

VM Operations (20 events):
Event: 6.915 Executing VM operation: Cleanup done
Event: 7.915 Executing VM operation: Cleanup
Event: 7.916 Executing VM operation: Cleanup done
Event: 8.916 Executing VM operation: Cleanup
Event: 8.916 Executing VM operation: Cleanup done
Event: 10.916 Executing VM operation: Cleanup
Event: 10.916 Executing VM operation: Cleanup done
Event: 13.917 Executing VM operation: Cleanup
Event: 13.917 Executing VM operation: Cleanup done
Event: 15.917 Executing VM operation: Cleanup
Event: 15.917 Executing VM operation: Cleanup done
Event: 20.918 Executing VM operation: Cleanup
Event: 20.918 Executing VM operation: Cleanup done
Event: 22.918 Executing VM operation: Cleanup
Event: 22.918 Executing VM operation: Cleanup done
Event: 23.419 Executing VM operation: HandshakeAllThreads
Event: 23.419 Executing VM operation: HandshakeAllThreads done
Event: 24.420 Executing VM operation: Cleanup
Event: 24.420 Executing VM operation: Cleanup done
Event: 24.812 Executing VM operation: Exit

Events (20 events):
Event: 23.430 loading class sun/text/resources/BreakIteratorInfo
Event: 23.430 loading class sun/text/resources/BreakIteratorInfo done
Event: 23.430 loading class sun/text/resources/BreakIteratorResources
Event: 23.430 loading class sun/util/resources/BreakIteratorResourceBundle
Event: 23.430 loading class sun/util/resources/BreakIteratorResourceBundle done
Event: 23.430 loading class sun/text/resources/BreakIteratorResources done
Event: 23.430 loading class sun/util/resources/Bundles$2
Event: 23.430 loading class sun/util/resources/Bundles$2 done
Event: 23.431 loading class sun/text/RuleBasedBreakIterator
Event: 23.431 loading class sun/text/RuleBasedBreakIterator done
Event: 23.431 loading class sun/text/CompactByteArray
Event: 23.431 loading class sun/text/CompactByteArray done
Event: 23.431 loading class sun/text/SupplementaryCharacterData
Event: 23.431 loading class sun/text/SupplementaryCharacterData done
Event: 23.431 loading class java/text/BreakIterator$BreakIteratorCache
Event: 23.431 loading class java/text/BreakIterator$BreakIteratorCache done
Event: 24.811 Thread 0x00000278ba20a880 Thread added: 0x00000278ba20a880
Event: 24.811 Thread 0x00000278ba20e710 Thread added: 0x00000278ba20e710
Event: 24.812 Thread 0x00000278ba20a880 Thread exited: 0x00000278ba20a880
Event: 24.812 Thread 0x00000278ba20e710 Thread exited: 0x00000278ba20e710


Dynamic libraries:
0x00007ff6c38d0000 - 0x00007ff6c38e0000 	C:\Program Files\Java\jdk-17.0.2\bin\java.exe
0x00007ff95ca40000 - 0x00007ff95cc49000 	C:\Windows\SYSTEM32\ntdll.dll
0x00007ff95ada0000 - 0x00007ff95ae5d000 	C:\Windows\System32\KERNEL32.DLL
0x00007ff95a280000 - 0x00007ff95a5f9000 	C:\Windows\System32\KERNELBASE.dll
0x00007ff95a630000 - 0x00007ff95a741000 	C:\Windows\System32\ucrtbase.dll
0x00007ff951430000 - 0x00007ff95144a000 	C:\Program Files\Java\jdk-17.0.2\bin\VCRUNTIME140.dll
0x00007ff92f410000 - 0x00007ff92f428000 	C:\Program Files\Java\jdk-17.0.2\bin\jli.dll
0x00007ff95c5e0000 - 0x00007ff95c68e000 	C:\Windows\System32\ADVAPI32.dll
0x00007ff95c530000 - 0x00007ff95c5d3000 	C:\Windows\System32\msvcrt.dll
0x00007ff95c2b0000 - 0x00007ff95c34e000 	C:\Windows\System32\sechost.dll
0x00007ff95b080000 - 0x00007ff95b1a0000 	C:\Windows\System32\RPCRT4.dll
0x00007ff95c700000 - 0x00007ff95c8ac000 	C:\Windows\System32\USER32.dll
0x00007ff95a600000 - 0x00007ff95a626000 	C:\Windows\System32\win32u.dll
0x00007ff94b670000 - 0x00007ff94b915000 	C:\Windows\WinSxS\amd64_microsoft.windows.common-controls_6595b64144ccf1df_6.0.22000.120_none_9d947278b86cc467\COMCTL32.dll
0x00007ff95b9d0000 - 0x00007ff95b9f9000 	C:\Windows\System32\GDI32.dll
0x00007ff959f30000 - 0x00007ff95a042000 	C:\Windows\System32\gdi32full.dll
0x00007ff95a7c0000 - 0x00007ff95a85d000 	C:\Windows\System32\msvcp_win.dll
0x00007ff9517b0000 - 0x00007ff9517ba000 	C:\Windows\SYSTEM32\VERSION.dll
0x00007ff95a8e0000 - 0x00007ff95a911000 	C:\Windows\System32\IMM32.DLL
0x00007ff930760000 - 0x00007ff93076c000 	C:\Program Files\Java\jdk-17.0.2\bin\vcruntime140_1.dll
0x00007ff8d9b90000 - 0x00007ff8d9c1d000 	C:\Program Files\Java\jdk-17.0.2\bin\msvcp140.dll
0x00007ff8c5e20000 - 0x00007ff8c69e1000 	C:\Program Files\Java\jdk-17.0.2\bin\server\jvm.dll
0x00007ff95b070000 - 0x00007ff95b078000 	C:\Windows\System32\PSAPI.DLL
0x00007ff951450000 - 0x00007ff951459000 	C:\Windows\SYSTEM32\WSOCK32.dll
0x00007ff953440000 - 0x00007ff953473000 	C:\Windows\SYSTEM32\WINMM.dll
0x00007ff95b960000 - 0x00007ff95b9cf000 	C:\Windows\System32\WS2_32.dll
0x00007ff959120000 - 0x00007ff959138000 	C:\Windows\SYSTEM32\kernel.appcore.dll
0x00007ff930750000 - 0x00007ff93075a000 	C:\Program Files\Java\jdk-17.0.2\bin\jimage.dll
0x00007ff9575c0000 - 0x00007ff9577e1000 	C:\Windows\SYSTEM32\DBGHELP.DLL
0x00007ff9435e0000 - 0x00007ff943611000 	C:\Windows\SYSTEM32\dbgcore.DLL
0x00007ff95a860000 - 0x00007ff95a8df000 	C:\Windows\System32\bcryptPrimitives.dll
0x00007ff925c90000 - 0x00007ff925cb5000 	C:\Program Files\Java\jdk-17.0.2\bin\java.dll
0x00007ff8d9c20000 - 0x00007ff8d9cf6000 	C:\Program Files\Java\jdk-17.0.2\bin\jsvml.dll
0x00007ff95ba00000 - 0x00007ff95c1af000 	C:\Windows\System32\SHELL32.dll
0x00007ff9580b0000 - 0x00007ff958918000 	C:\Windows\SYSTEM32\windows.storage.dll
0x00007ff95a9c0000 - 0x00007ff95ad38000 	C:\Windows\System32\combase.dll
0x00007ff957f40000 - 0x00007ff9580a6000 	C:\Windows\SYSTEM32\wintypes.dll
0x00007ff95c1b0000 - 0x00007ff95c29a000 	C:\Windows\System32\SHCORE.dll
0x00007ff95c8b0000 - 0x00007ff95c90d000 	C:\Windows\System32\shlwapi.dll
0x00007ff959e60000 - 0x00007ff959e81000 	C:\Windows\SYSTEM32\profapi.dll
0x00007ff930560000 - 0x00007ff930579000 	C:\Program Files\Java\jdk-17.0.2\bin\net.dll
0x00007ff954670000 - 0x00007ff95477c000 	C:\Windows\SYSTEM32\WINHTTP.dll
0x00007ff959550000 - 0x00007ff9595b7000 	C:\Windows\system32\mswsock.dll
0x00007ff92f4a0000 - 0x00007ff92f4b6000 	C:\Program Files\Java\jdk-17.0.2\bin\nio.dll
0x00007ff929420000 - 0x00007ff929438000 	C:\Program Files\Java\jdk-17.0.2\bin\zip.dll
0x00000278808e0000 - 0x00000278808e3000 	C:\Program Files\Java\javafx-sdk-18.0.1\bin\api-ms-win-core-console-l1-1-0.dll
0x0000027882870000 - 0x0000027882873000 	C:\Program Files\Java\javafx-sdk-18.0.1\bin\api-ms-win-core-console-l1-2-0.dll
0x0000027882880000 - 0x0000027882883000 	C:\Program Files\Java\javafx-sdk-18.0.1\bin\api-ms-win-core-datetime-l1-1-0.dll
0x0000027882890000 - 0x0000027882893000 	C:\Program Files\Java\javafx-sdk-18.0.1\bin\api-ms-win-core-debug-l1-1-0.dll
0x00000278aad70000 - 0x00000278aad73000 	C:\Program Files\Java\javafx-sdk-18.0.1\bin\api-ms-win-core-errorhandling-l1-1-0.dll
0x00000278aad80000 - 0x00000278aad84000 	C:\Program Files\Java\javafx-sdk-18.0.1\bin\api-ms-win-core-file-l1-1-0.dll
0x00000278aad90000 - 0x00000278aad93000 	C:\Program Files\Java\javafx-sdk-18.0.1\bin\api-ms-win-core-file-l1-2-0.dll
0x00000278aada0000 - 0x00000278aada3000 	C:\Program Files\Java\javafx-sdk-18.0.1\bin\api-ms-win-core-file-l2-1-0.dll
0x00000278aadb0000 - 0x00000278aadb3000 	C:\Program Files\Java\javafx-sdk-18.0.1\bin\api-ms-win-core-handle-l1-1-0.dll
0x00000278aadc0000 - 0x00000278aadc3000 	C:\Program Files\Java\javafx-sdk-18.0.1\bin\api-ms-win-core-heap-l1-1-0.dll
0x00000278aadd0000 - 0x00000278aadd3000 	C:\Program Files\Java\javafx-sdk-18.0.1\bin\api-ms-win-core-interlocked-l1-1-0.dll
0x00000278aade0000 - 0x00000278aade3000 	C:\Program Files\Java\javafx-sdk-18.0.1\bin\api-ms-win-core-libraryloader-l1-1-0.dll
0x00000278aadf0000 - 0x00000278aadf3000 	C:\Program Files\Java\javafx-sdk-18.0.1\bin\api-ms-win-core-localization-l1-2-0.dll
0x00000278aae00000 - 0x00000278aae03000 	C:\Program Files\Java\javafx-sdk-18.0.1\bin\api-ms-win-core-memory-l1-1-0.dll
0x00000278aae10000 - 0x00000278aae13000 	C:\Program Files\Java\javafx-sdk-18.0.1\bin\api-ms-win-core-namedpipe-l1-1-0.dll
0x00000278aae20000 - 0x00000278aae23000 	C:\Program Files\Java\javafx-sdk-18.0.1\bin\api-ms-win-core-processenvironment-l1-1-0.dll
0x00000278aae30000 - 0x00000278aae33000 	C:\Program Files\Java\javafx-sdk-18.0.1\bin\api-ms-win-core-processthreads-l1-1-0.dll
0x00000278aae40000 - 0x00000278aae43000 	C:\Program Files\Java\javafx-sdk-18.0.1\bin\api-ms-win-core-processthreads-l1-1-1.dll
0x00000278aae50000 - 0x00000278aae53000 	C:\Program Files\Java\javafx-sdk-18.0.1\bin\api-ms-win-core-profile-l1-1-0.dll
0x00000278aae60000 - 0x00000278aae63000 	C:\Program Files\Java\javafx-sdk-18.0.1\bin\api-ms-win-core-rtlsupport-l1-1-0.dll
0x00000278aae70000 - 0x00000278aae73000 	C:\Program Files\Java\javafx-sdk-18.0.1\bin\api-ms-win-core-string-l1-1-0.dll
0x00000278aae80000 - 0x00000278aae83000 	C:\Program Files\Java\javafx-sdk-18.0.1\bin\api-ms-win-core-synch-l1-1-0.dll
0x00000278aae90000 - 0x00000278aae93000 	C:\Program Files\Java\javafx-sdk-18.0.1\bin\api-ms-win-core-synch-l1-2-0.dll
0x00000278aaea0000 - 0x00000278aaea3000 	C:\Program Files\Java\javafx-sdk-18.0.1\bin\api-ms-win-core-sysinfo-l1-1-0.dll
0x00000278aaeb0000 - 0x00000278aaeb3000 	C:\Program Files\Java\javafx-sdk-18.0.1\bin\api-ms-win-core-timezone-l1-1-0.dll
0x00000278aaec0000 - 0x00000278aaec3000 	C:\Program Files\Java\javafx-sdk-18.0.1\bin\api-ms-win-core-util-l1-1-0.dll
0x00000278aaed0000 - 0x00000278aaed3000 	C:\Program Files\Java\javafx-sdk-18.0.1\bin\api-ms-win-crt-conio-l1-1-0.dll
0x00000278aaee0000 - 0x00000278aaee4000 	C:\Program Files\Java\javafx-sdk-18.0.1\bin\api-ms-win-crt-convert-l1-1-0.dll
0x00000278aaef0000 - 0x00000278aaef3000 	C:\Program Files\Java\javafx-sdk-18.0.1\bin\api-ms-win-crt-environment-l1-1-0.dll
0x00000278aaf00000 - 0x00000278aaf03000 	C:\Program Files\Java\javafx-sdk-18.0.1\bin\api-ms-win-crt-filesystem-l1-1-0.dll
0x00000278aaf10000 - 0x00000278aaf13000 	C:\Program Files\Java\javafx-sdk-18.0.1\bin\api-ms-win-crt-heap-l1-1-0.dll
0x00000278aaf20000 - 0x00000278aaf23000 	C:\Program Files\Java\javafx-sdk-18.0.1\bin\api-ms-win-crt-locale-l1-1-0.dll
0x00000278aaf30000 - 0x00000278aaf35000 	C:\Program Files\Java\javafx-sdk-18.0.1\bin\api-ms-win-crt-math-l1-1-0.dll
0x00000278aaf40000 - 0x00000278aaf45000 	C:\Program Files\Java\javafx-sdk-18.0.1\bin\api-ms-win-crt-multibyte-l1-1-0.dll
0x00000278aaf50000 - 0x00000278aaf60000 	C:\Program Files\Java\javafx-sdk-18.0.1\bin\api-ms-win-crt-private-l1-1-0.dll
0x00000278aaf60000 - 0x00000278aaf63000 	C:\Program Files\Java\javafx-sdk-18.0.1\bin\api-ms-win-crt-process-l1-1-0.dll
0x00000278aaf70000 - 0x00000278aaf74000 	C:\Program Files\Java\javafx-sdk-18.0.1\bin\api-ms-win-crt-runtime-l1-1-0.dll
0x00000278aaf80000 - 0x00000278aaf84000 	C:\Program Files\Java\javafx-sdk-18.0.1\bin\api-ms-win-crt-stdio-l1-1-0.dll
0x00000278aaf90000 - 0x00000278aaf94000 	C:\Program Files\Java\javafx-sdk-18.0.1\bin\api-ms-win-crt-string-l1-1-0.dll
0x00000278aafa0000 - 0x00000278aafa3000 	C:\Program Files\Java\javafx-sdk-18.0.1\bin\api-ms-win-crt-time-l1-1-0.dll
0x00000278aafb0000 - 0x00000278aafb3000 	C:\Program Files\Java\javafx-sdk-18.0.1\bin\api-ms-win-crt-utility-l1-1-0.dll
0x00007ff91b060000 - 0x00007ff91b15c000 	C:\Program Files\Java\javafx-sdk-18.0.1\bin\ucrtbase.dll
0x00007ff92bd20000 - 0x00007ff92bd3a000 	C:\Program Files\Java\javafx-sdk-18.0.1\bin\vcruntime140.dll
0x00007ff94ce80000 - 0x00007ff94ce8c000 	C:\Program Files\Java\javafx-sdk-18.0.1\bin\vcruntime140_1.dll
0x00007ff91b3e0000 - 0x00007ff91b46d000 	C:\Program Files\Java\javafx-sdk-18.0.1\bin\msvcp140.dll
0x00007ff921c10000 - 0x00007ff921c3c000 	C:\Program Files\Java\javafx-sdk-18.0.1\bin\prism_d3d.dll
0x00007ff94ecd0000 - 0x00007ff94ee76000 	C:\Windows\system32\d3d9.dll
0x00007ff957960000 - 0x00007ff95798f000 	C:\Windows\SYSTEM32\dwmapi.dll
0x00007ff9574a0000 - 0x00007ff9574d8000 	C:\Windows\SYSTEM32\dxcore.dll
0x00007ff957180000 - 0x00007ff95722c000 	C:\Windows\system32\uxtheme.dll
0x00007ff94fdc0000 - 0x00007ff94fec7000 	C:\Windows\System32\DriverStore\FileRepository\nvltig.inf_amd64_ce837e92efe9cbc4\nvldumdx.dll
0x00007ff9597f0000 - 0x00007ff959802000 	C:\Windows\SYSTEM32\msasn1.dll
0x00007ff951750000 - 0x00007ff951781000 	C:\Windows\SYSTEM32\cryptnet.dll
0x00007ff95a050000 - 0x00007ff95a1b2000 	C:\Windows\System32\CRYPT32.dll
0x00007ff94f9e0000 - 0x00007ff94fb29000 	C:\Windows\SYSTEM32\drvstore.dll
0x00007ff959c70000 - 0x00007ff959c9c000 	C:\Windows\SYSTEM32\devobj.dll
0x00007ff959c20000 - 0x00007ff959c6c000 	C:\Windows\SYSTEM32\cfgmgr32.dll
0x00007ff959860000 - 0x00007ff95989d000 	C:\Windows\SYSTEM32\wldp.dll
0x00007ff959790000 - 0x00007ff95979c000 	C:\Windows\SYSTEM32\cryptbase.dll
0x00007ff95a750000 - 0x00007ff95a7b7000 	C:\Windows\System32\WINTRUST.DLL
0x00007ff95c4f0000 - 0x00007ff95c50f000 	C:\Windows\System32\imagehlp.dll
0x00007ff9597a0000 - 0x00007ff9597b8000 	C:\Windows\SYSTEM32\CRYPTSP.dll
0x00007ff959080000 - 0x00007ff9590b5000 	C:\Windows\system32\rsaenh.dll
0x00007ff959910000 - 0x00007ff959937000 	C:\Windows\SYSTEM32\bcrypt.dll
0x00007ff8daef0000 - 0x00007ff8dc678000 	C:\Windows\System32\DriverStore\FileRepository\nvltig.inf_amd64_ce837e92efe9cbc4\nvd3dumx.dll
0x00007ff953ac0000 - 0x00007ff953b04000 	C:\Windows\SYSTEM32\directxdatabasehelper.dll
0x00007ff957820000 - 0x00007ff957854000 	C:\Windows\SYSTEM32\ntmarta.dll
0x00007ff91fc70000 - 0x00007ff91fcb2000 	C:\Program Files\Java\javafx-sdk-18.0.1\bin\glass.dll
0x00007ff95c910000 - 0x00007ff95c9fc000 	C:\Windows\System32\COMDLG32.dll
0x00007ff95c350000 - 0x00007ff95c4ea000 	C:\Windows\System32\ole32.dll
0x00007ff95b1a0000 - 0x00007ff95b276000 	C:\Windows\System32\OLEAUT32.dll
0x00007ff95af50000 - 0x00007ff95b06e000 	C:\Windows\System32\MSCTF.dll
0x00007ff8dc9a0000 - 0x00007ff8dcc63000 	C:\Windows\system32\nvspcap64.dll
0x00007ff9595e0000 - 0x00007ff959604000 	C:\Windows\SYSTEM32\gpapi.dll
0x00007ff9297a0000 - 0x00007ff9297b4000 	C:\Program Files\Java\javafx-sdk-18.0.1\bin\javafx_font.dll
0x00007ff935810000 - 0x00007ff935a6f000 	C:\Windows\SYSTEM32\dwrite.dll
0x00007ff95b280000 - 0x00007ff95b32f000 	C:\Windows\System32\clbcatq.dll
0x00007ff951860000 - 0x00007ff951a0e000 	C:\Windows\SYSTEM32\WindowsCodecs.dll
0x00007ff933380000 - 0x00007ff9333dd000 	C:\Windows\system32\dataexchange.dll
0x00007ff950bb0000 - 0x00007ff950e16000 	C:\Windows\system32\twinapi.appcore.dll
0x00007ff921c40000 - 0x00007ff921c72000 	C:\Program Files\Common Files\Microsoft Shared\Ink\rtscom.dll
0x00007ff93c230000 - 0x00007ff93c35d000 	C:\Windows\SYSTEM32\textinputframework.dll
0x00007ff956ca0000 - 0x00007ff956dd2000 	C:\Windows\SYSTEM32\CoreMessaging.dll

dbghelp: loaded successfully - version: 4.0.5 - missing functions: none
symbol engine: initialized successfully - sym options: 0x614 - pdb path: .;C:\Program Files\Java\jdk-17.0.2\bin;C:\Windows\SYSTEM32;C:\Windows\WinSxS\amd64_microsoft.windows.common-controls_6595b64144ccf1df_6.0.22000.120_none_9d947278b86cc467;C:\Program Files\Java\jdk-17.0.2\bin\server;C:\Program Files\Java\javafx-sdk-18.0.1\bin;C:\Windows\System32\DriverStore\FileRepository\nvltig.inf_amd64_ce837e92efe9cbc4;C:\Program Files\Common Files\Microsoft Shared\Ink;C:\Program Files (x86)\Common Files\Adobe\CoreSyncExtension

VM Arguments:
jvm_args: -Dfile.encoding=UTF-8 --add-modules=javafx.controls,javafx.fxml --module-path=C:\Users\juanc\OneDrive\Documentos\Universidad 3\POO\SEATORA\build\classes;C:\Program Files\Java\javafx-sdk-18.0.1\lib\javafx-swt.jar;C:\Program Files\Java\javafx-sdk-18.0.1\lib\javafx.base.jar;C:\Program Files\Java\javafx-sdk-18.0.1\lib\javafx.controls.jar;C:\Program Files\Java\javafx-sdk-18.0.1\lib\javafx.fxml.jar;C:\Program Files\Java\javafx-sdk-18.0.1\lib\javafx.graphics.jar;C:\Program Files\Java\javafx-sdk-18.0.1\lib\javafx.media.jar;C:\Program Files\Java\javafx-sdk-18.0.1\lib\javafx.swing.jar;C:\Program Files\Java\javafx-sdk-18.0.1\lib\javafx.web.jar 
java_command: start.Seatora
java_class_path (initial): C:\Program Files\Java\javafx-sdk-18.0.1\lib\javafx-swt.jar;C:\Program Files\Java\javafx-sdk-18.0.1\lib\javafx.base.jar;C:\Program Files\Java\javafx-sdk-18.0.1\lib\javafx.controls.jar;C:\Program Files\Java\javafx-sdk-18.0.1\lib\javafx.fxml.jar;C:\Program Files\Java\javafx-sdk-18.0.1\lib\javafx.graphics.jar;C:\Program Files\Java\javafx-sdk-18.0.1\lib\javafx.media.jar;C:\Program Files\Java\javafx-sdk-18.0.1\lib\javafx.swing.jar;C:\Program Files\Java\javafx-sdk-18.0.1\lib\javafx.web.jar;C:\Users\juanc\OneDrive\Documentos\Universidad 3\POO\SEATORA\build\classes
Launcher Type: SUN_STANDARD

[Global flags]
     intx CICompilerCount                          = 12                                        {product} {ergonomic}
     uint ConcGCThreads                            = 3                                         {product} {ergonomic}
     uint G1ConcRefinementThreads                  = 13                                        {product} {ergonomic}
   size_t G1HeapRegionSize                         = 4194304                                   {product} {ergonomic}
    uintx GCDrainStackTargetSize                   = 64                                        {product} {ergonomic}
   size_t InitialHeapSize                          = 402653184                                 {product} {ergonomic}
   size_t MarkStackSize                            = 4194304                                   {product} {ergonomic}
   size_t MaxHeapSize                              = 6404702208                                {product} {ergonomic}
   size_t MaxNewSize                               = 3841982464                                {product} {ergonomic}
   size_t MinHeapDeltaBytes                        = 4194304                                   {product} {ergonomic}
   size_t MinHeapSize                              = 8388608                                   {product} {ergonomic}
    uintx NonNMethodCodeHeapSize                   = 7602480                                {pd product} {ergonomic}
    uintx NonProfiledCodeHeapSize                  = 122027880                              {pd product} {ergonomic}
    uintx ProfiledCodeHeapSize                     = 122027880                              {pd product} {ergonomic}
    uintx ReservedCodeCacheSize                    = 251658240                              {pd product} {ergonomic}
     bool SegmentedCodeCache                       = true                                      {product} {ergonomic}
   size_t SoftMaxHeapSize                          = 6404702208                             {manageable} {ergonomic}
     bool UseCompressedClassPointers               = true                           {product lp64_product} {ergonomic}
     bool UseCompressedOops                        = true                           {product lp64_product} {ergonomic}
     bool UseG1GC                                  = true                                      {product} {ergonomic}
     bool UseLargePagesIndividualAllocation        = false                                  {pd product} {ergonomic}

Logging:
Log output configuration:
 #0: stdout all=off uptime,level,tags
 #1: stderr all=off uptime,level,tags

Environment Variables:
PATH=C:\Program Files\Common Files\Oracle\Java\javapath;C:\Program Files (x86)\Common Files\Oracle\Java\javapath;C:\Windows\system32;C:\Windows;C:\Windows\System32\Wbem;C:\Windows\System32\WindowsPowerShell\v1.0\;C:\Windows\System32\OpenSSH\;C:\Program Files (x86)\NVIDIA Corporation\PhysX\Common;C:\Program Files\NVIDIA Corporation\NVIDIA NvDLISR;C:\Users\juanc\AppData\Local\Microsoft\WindowsApps;;C:\Users\juanc\AppData\Local\Programs\Microsoft VS Code\bin
USERNAME=juanc
OS=Windows_NT
PROCESSOR_IDENTIFIER=AMD64 Family 25 Model 80 Stepping 0, AuthenticAMD



---------------  S Y S T E M  ---------------

OS:
 Windows 11 , 64 bit Build 22000 (10.0.22000.675)
OS uptime: 0 days 5:24 hours

CPU: total 16 (initial active 16) (16 cores per cpu, 2 threads per core) family 25 model 80 stepping 0 microcode 0x0, cx8, cmov, fxsr, ht, mmx, 3dnowpref, sse, sse2, sse3, ssse3, sse4a, sse4.1, sse4.2, popcnt, lzcnt, tsc, tscinvbit, avx, avx2, aes, erms, clmul, bmi1, bmi2, adx, sha, fma, vzeroupper, clflush, clflushopt

Memory: 4k page, system-wide physical 24428M (13952M free)
TotalPageFile size 28012M (AvailPageFile size 13424M)
current process WorkingSet (physical memory assigned to process): 206M, peak: 281M
current process commit charge ("private bytes"): 652M, peak: 732M

vm_info: Java HotSpot(TM) 64-Bit Server VM (17.0.2+8-LTS-86) for windows-amd64 JRE (17.0.2+8-LTS-86), built on Dec  7 2021 21:51:03 by "mach5one" with MS VC++ 16.8 / 16.9 (VS2019)

END.
