#
# A fatal error has been detected by the Java Runtime Environment:
#
#  EXCEPTION_ACCESS_VIOLATION (0xc0000005) at pc=0x00007ffd374b6a87, pid=7940, tid=7392
#
# JRE version: Java(TM) SE Runtime Environment (16.0.1+9) (build 16.0.1+9-24)
# Java VM: Java HotSpot(TM) 64-Bit Server VM (16.0.1+9-24, mixed mode, sharing, tiered, compressed oops, compressed class ptrs, g1 gc, windows-amd64)
# Problematic frame:
# C  [glass.dll+0x26a87]
#
# No core dump will be written. Minidumps are not enabled by default on client versions of Windows
#
# If you would like to submit a bug report, please visit:
#   https://bugreport.java.com/bugreport/crash.jsp
#

---------------  S U M M A R Y ------------

Command Line: -Dfile.encoding=UTF-8 --add-modules=javafx.controls,javafx.fxml --module-path=C:\Users\Adames\Music\Universidad\POO\HG_Performance\build\classes;C:\Program Files\Java\javafx-sdk-17.0.1\lib\javafx-swt.jar;C:\Program Files\Java\javafx-sdk-17.0.1\lib\javafx.base.jar;C:\Program Files\Java\javafx-sdk-17.0.1\lib\javafx.controls.jar;C:\Program Files\Java\javafx-sdk-17.0.1\lib\javafx.fxml.jar;C:\Program Files\Java\javafx-sdk-17.0.1\lib\javafx.graphics.jar;C:\Program Files\Java\javafx-sdk-17.0.1\lib\javafx.media.jar;C:\Program Files\Java\javafx-sdk-17.0.1\lib\javafx.swing.jar;C:\Program Files\Java\javafx-sdk-17.0.1\lib\javafx.web.jar start.HG_Performance

Host: Intel(R) Core(TM) i7-6500U CPU @ 2.50GHz, 4 cores, 15G,  Windows 10 , 64 bit Build 22499 (10.0.22499.1000)
Time: Tue Nov 16 18:35:48 2021 Hora est. Pacífico, Sudamérica elapsed time: 57.578490 seconds (0d 0h 0m 57s)

---------------  T H R E A D  ---------------

Current thread (0x0000021d74e30c20):  VMThread "VM Thread" [stack: 0x000000a0cbc00000,0x000000a0cbd00000] [id=7392]

Stack: [0x000000a0cbc00000,0x000000a0cbd00000],  sp=0x000000a0cbcff220,  free space=1020k
Native frames: (J=compiled Java code, j=interpreted, Vv=VM code, C=native code)
C  [glass.dll+0x26a87]


siginfo: EXCEPTION_ACCESS_VIOLATION (0xc0000005), reading address 0x0000000000000000


Register to memory mapping:

RIP=0x00007ffd374b6a87 glass.dll
RAX=0x0 is NULL
RBX=0x0000021d74e44c18 is a global jni handle
RCX=0x0000021d74e30c20 points into unknown readable memory: 0x00007ffd1925f628 | 28 f6 25 19 fd 7f 00 00
RDX=0x000000a0cbcff220 points into unknown readable memory: 0x0000000000000000 | 00 00 00 00 00 00 00 00
RSP=0x000000a0cbcff220 points into unknown readable memory: 0x0000000000000000 | 00 00 00 00 00 00 00 00
RBP=0x0000021d75ef4d48 points into unknown readable memory: 0x0000216b0734a299 | 99 a2 34 07 6b 21 00 00
RSI=0x000000a0cbcff328 points into unknown readable memory: 0x000000a0cbcff310 | 10 f3 cf cb a0 00 00 00
RDI=0x0000021d75ef4d20 points into unknown readable memory: 0xfa6eb717df34a266 | 66 a2 34 df 17 b7 6e fa
R8 =0x0000000000010002 is an unknown value
R9 =0x0000021d75ef4d20 points into unknown readable memory: 0xfa6eb717df34a266 | 66 a2 34 df 17 b7 6e fa
R10=0x85f13e9656da4870 is an unknown value
R11=0x000000a0cbcff1b0 points into unknown readable memory: 0x0000021d75ef4d20 | 20 4d ef 75 1d 02 00 00
R12=0x00007ffd374b4354 glass.dll
R13=0x0000021d52b949e0 points into unknown readable memory: 0x8000000900000001 | 01 00 00 00 09 00 00 80
R14=0x0000216b0734a299 is an unknown value
R15=0x0000021d75ef4d20 points into unknown readable memory: 0xfa6eb717df34a266 | 66 a2 34 df 17 b7 6e fa


Registers:
RAX=0x0000000000000000, RBX=0x0000021d74e44c18, RCX=0x0000021d74e30c20, RDX=0x000000a0cbcff220
RSP=0x000000a0cbcff220, RBP=0x0000021d75ef4d48, RSI=0x000000a0cbcff328, RDI=0x0000021d75ef4d20
R8 =0x0000000000010002, R9 =0x0000021d75ef4d20, R10=0x85f13e9656da4870, R11=0x000000a0cbcff1b0
R12=0x00007ffd374b4354, R13=0x0000021d52b949e0, R14=0x0000216b0734a299, R15=0x0000021d75ef4d20
RIP=0x00007ffd374b6a87, EFLAGS=0x0000000000010206

Top of Stack: (sp=0x000000a0cbcff220)
0x000000a0cbcff220:   0000000000000000 000000a0cbcff328
0x000000a0cbcff230:   0000021d52b949e0 00007ffd374b4354
0x000000a0cbcff240:   0000021d75ef4d28 00007ffd65773973
0x000000a0cbcff250:   0000021d75ef4d20 0000021d00000000
0x000000a0cbcff260:   0000021d75ef4d48 000000a0cbcff328
0x000000a0cbcff270:   fffffffffffffffe 0000000000000000
0x000000a0cbcff280:   0000000000000001 00007ffd37490000
0x000000a0cbcff290:   000000a0cbcff318 00007ffd65740022
0x000000a0cbcff2a0:   0000000000000000 000000a0cbcff328
0x000000a0cbcff2b0:   000000a0cbcff610 0000000000000001
0x000000a0cbcff2c0:   0000000000000001 00007ffd6573ffdd
0x000000a0cbcff2d0:   0000000000000000 00007ffd374b3b4d
0x000000a0cbcff2e0:   00007ffd5fda3ee0 000000a0cbcff318
0x000000a0cbcff2f0:   fffffffffffffffe 000000a0cbcff2e0
0x000000a0cbcff300:   0000000000000000 00007ffd374b41e1
0x000000a0cbcff310:   00007ffd374ca138 00007ffd00000002 

Instructions: (pc=0x00007ffd374b6a87)
0x00007ffd374b6987:   8b 4d 58 e8 01 cf ff ff 48 8b 4d 60 e8 f8 ce ff
0x00007ffd374b6997:   ff 48 8b 95 80 00 00 00 48 8b 8d 18 01 00 00 e8
0x00007ffd374b69a7:   c6 c3 ff ff 33 d2 33 c9 e8 3c e1 ff ff 90 48 89
0x00007ffd374b69b7:   54 24 10 55 48 83 ec 20 48 8b ea 48 b8 00 00 00
0x00007ffd374b69c7:   00 00 00 00 00 48 83 c4 20 5d c3 cc 40 55 48 8b
0x00007ffd374b69d7:   ea 48 8b 01 33 c9 81 38 05 00 00 c0 0f 94 c1 8b
0x00007ffd374b69e7:   c1 5d c3 cc 40 55 48 83 ec 20 48 8b ea 8a 4d 40
0x00007ffd374b69f7:   48 83 c4 20 5d e9 f7 d2 ff ff cc 40 55 48 83 ec
0x00007ffd374b6a07:   20 48 8b ea 8a 4d 20 e8 e5 d2 ff ff 90 48 83 c4
0x00007ffd374b6a17:   20 5d c3 cc 40 55 48 83 ec 20 48 8b ea 48 83 c4
0x00007ffd374b6a27:   20 5d e9 46 d1 ff ff cc 40 55 48 83 ec 30 48 8b
0x00007ffd374b6a37:   ea 48 8b 01 8b 10 48 89 4c 24 28 89 54 24 20 4c
0x00007ffd374b6a47:   8d 0d e7 d5 ff ff 4c 8b 45 70 8b 55 68 48 8b 4d
0x00007ffd374b6a57:   60 e8 87 d0 ff ff 90 48 83 c4 30 5d c3 cc cc cc
0x00007ffd374b6a67:   cc cc cc cc cc cc cc cc cc 40 53 48 83 ec 20 48
0x00007ffd374b6a77:   8b 1d b3 30 01 00 48 85 db 74 16 e8 09 8b ff ff
0x00007ffd374b6a87:   4c 8b 00 48 8b d3 48 8b c8 41 ff 90 b0 00 00 00
0x00007ffd374b6a97:   90 48 83 c4 20 5b c3 cc cc 40 53 48 83 ec 20 48
0x00007ffd374b6aa7:   8b 1d 2b 32 01 00 48 85 db 74 57 b8 ff ff ff ff
0x00007ffd374b6ab7:   f0 0f c1 43 10 83 f8 01 75 3d 48 85 db 74 38 48
0x00007ffd374b6ac7:   8b 0b 48 85 c9 74 0d ff 15 d4 07 00 00 48 c7 03
0x00007ffd374b6ad7:   00 00 00 00 48 8b 4b 08 48 85 c9 74 0d e8 a7 cd
0x00007ffd374b6ae7:   ff ff 48 c7 43 08 00 00 00 00 ba 18 00 00 00 48
0x00007ffd374b6af7:   8b cb e8 92 cd ff ff 48 c7 05 cf 31 01 00 00 00
0x00007ffd374b6b07:   00 00 48 83 c4 20 5b c3 cc 40 53 48 83 ec 20 48
0x00007ffd374b6b17:   8b 1d 9b 31 01 00 48 85 db 74 57 b8 ff ff ff ff
0x00007ffd374b6b27:   f0 0f c1 43 10 83 f8 01 75 3d 48 85 db 74 38 48
0x00007ffd374b6b37:   8b 0b 48 85 c9 74 0d ff 15 64 07 00 00 48 c7 03
0x00007ffd374b6b47:   00 00 00 00 48 8b 4b 08 48 85 c9 74 0d e8 37 cd
0x00007ffd374b6b57:   ff ff 48 c7 43 08 00 00 00 00 ba 18 00 00 00 48
0x00007ffd374b6b67:   8b cb e8 22 cd ff ff 48 c7 05 3f 31 01 00 00 00
0x00007ffd374b6b77:   00 00 48 83 c4 20 5b c3 cc 40 53 48 83 ec 20 48 


Stack slot to memory mapping:
stack at sp + 0 slots: 0x0 is NULL
stack at sp + 1 slots: 0x000000a0cbcff328 points into unknown readable memory: 0x000000a0cbcff310 | 10 f3 cf cb a0 00 00 00
stack at sp + 2 slots: 0x0000021d52b949e0 points into unknown readable memory: 0x8000000900000001 | 01 00 00 00 09 00 00 80
stack at sp + 3 slots: 0x00007ffd374b4354 glass.dll
stack at sp + 4 slots: 0x0000021d75ef4d28 points into unknown readable memory: 0x0000216b0734a299 | 99 a2 34 07 6b 21 00 00
stack at sp + 5 slots: 0x00007ffd65773973 ucrtbase.dll
stack at sp + 6 slots: 0x0000021d75ef4d20 points into unknown readable memory: 0xfa6eb717df34a266 | 66 a2 34 df 17 b7 6e fa
stack at sp + 7 slots: 0x0000021d00000000 points into unknown readable memory: 0x000000000000007d | 7d 00 00 00 00 00 00 00

VM_Operation (0x000000a0ccef6090): Exit, mode: safepoint, requested by thread 0x0000021d75ef6930


---------------  P R O C E S S  ---------------

Threads class SMR info:
_java_thread_list=0x0000021d75818f30, length=19, elements={
0x0000021d52b2a1b0, 0x0000021d74e33b60, 0x0000021d74e34820, 0x0000021d74e45910,
0x0000021d74e4b330, 0x0000021d74e4bd30, 0x0000021d74e4fc30, 0x0000021d74e56960,
0x0000021d74e61780, 0x0000021d74e75ce0, 0x0000021d7588ab00, 0x0000021d75cb8c90,
0x0000021d75f868f0, 0x0000021d75ef6040, 0x0000021d75ef6930, 0x0000021d76165790,
0x0000021d7630f9b0, 0x0000021d7651f080, 0x0000021d7651f5d0
}

Java Threads: ( => current thread )
  0x0000021d52b2a1b0 JavaThread "main" [_thread_blocked, id=14920, stack(0x000000a0cb600000,0x000000a0cb700000)]
  0x0000021d74e33b60 JavaThread "Reference Handler" daemon [_thread_blocked, id=4668, stack(0x000000a0cbd00000,0x000000a0cbe00000)]
  0x0000021d74e34820 JavaThread "Finalizer" daemon [_thread_blocked, id=13952, stack(0x000000a0cbe00000,0x000000a0cbf00000)]
  0x0000021d74e45910 JavaThread "Signal Dispatcher" daemon [_thread_blocked, id=11044, stack(0x000000a0cbf00000,0x000000a0cc000000)]
  0x0000021d74e4b330 JavaThread "Attach Listener" daemon [_thread_blocked, id=4016, stack(0x000000a0cc000000,0x000000a0cc100000)]
  0x0000021d74e4bd30 JavaThread "Service Thread" daemon [_thread_blocked, id=9560, stack(0x000000a0cc100000,0x000000a0cc200000)]
  0x0000021d74e4fc30 JavaThread "Monitor Deflation Thread" daemon [_thread_blocked, id=6468, stack(0x000000a0cc200000,0x000000a0cc300000)]
  0x0000021d74e56960 JavaThread "C2 CompilerThread0" daemon [_thread_blocked, id=7428, stack(0x000000a0cc300000,0x000000a0cc400000)]
  0x0000021d74e61780 JavaThread "C1 CompilerThread0" daemon [_thread_blocked, id=10280, stack(0x000000a0cc400000,0x000000a0cc500000)]
  0x0000021d74e75ce0 JavaThread "Sweeper thread" daemon [_thread_blocked, id=11904, stack(0x000000a0cc500000,0x000000a0cc600000)]
  0x0000021d7588ab00 JavaThread "Common-Cleaner" daemon [_thread_blocked, id=2092, stack(0x000000a0cc600000,0x000000a0cc700000)]
  0x0000021d75cb8c90 JavaThread "Notification Thread" daemon [_thread_blocked, id=14540, stack(0x000000a0cc800000,0x000000a0cc900000)]
  0x0000021d75f868f0 JavaThread "QuantumRenderer-0" daemon [_thread_blocked, id=5760, stack(0x000000a0cc700000,0x000000a0cc800000)]
  0x0000021d75ef6040 JavaThread "InvokeLaterDispatcher" daemon [_thread_blocked, id=12036, stack(0x000000a0ccd00000,0x000000a0cce00000)]
  0x0000021d75ef6930 JavaThread "JavaFX Application Thread" [_thread_blocked, id=5348, stack(0x000000a0cce00000,0x000000a0ccf00000)]
  0x0000021d76165790 JavaThread "JavaFX-Launcher" [_thread_blocked, id=11384, stack(0x000000a0cd300000,0x000000a0cd400000)]
  0x0000021d7630f9b0 JavaThread "Thread-2" daemon [_thread_in_native, id=7332, stack(0x000000a0cd200000,0x000000a0cd300000)]
  0x0000021d7651f080 JavaThread "Prism Font Disposer" daemon [_thread_blocked, id=13712, stack(0x000000a0cd800000,0x000000a0cd900000)]
  0x0000021d7651f5d0 JavaThread "Cleaner-0" daemon [_thread_blocked, id=15108, stack(0x000000a0cd900000,0x000000a0cda00000)]

Other Threads:
=>0x0000021d74e30c20 VMThread "VM Thread" [stack: 0x000000a0cbc00000,0x000000a0cbd00000] [id=7392]
  0x0000021d52b74820 GCTaskThread "GC Thread#0" [stack: 0x000000a0cb700000,0x000000a0cb800000] [id=6328]
  0x0000021d75f3b8a0 GCTaskThread "GC Thread#1" [stack: 0x000000a0cca00000,0x000000a0ccb00000] [id=12824]
  0x0000021d761d7e80 GCTaskThread "GC Thread#2" [stack: 0x000000a0ccb00000,0x000000a0ccc00000] [id=11056]
  0x0000021d75f38080 GCTaskThread "GC Thread#3" [stack: 0x000000a0ccc00000,0x000000a0ccd00000] [id=5136]
  0x0000021d52b85560 ConcurrentGCThread "G1 Main Marker" terminated
  0x0000021d52b85ed0 ConcurrentGCThread "G1 Conc#0" [stack: 0x000000a0cb900000,0x000000a0cba00000] [id=13760]
  0x0000021d74ce44c0 ConcurrentGCThread "G1 Refine#0" terminated
  0x0000021d74ce4e40 ConcurrentGCThread "G1 Service" terminated

Threads with active compile tasks:

VM state: at safepoint (shutting down)

VM Mutex/Monitor currently owned by a thread:  ([mutex/lock_event])
[0x0000021d52b27030] Threads_lock - owner thread: 0x0000021d74e30c20
[0x0000021d52b254a0] Heap_lock - owner thread: 0x0000021d75ef6930

Heap address: 0x0000000702000000, size: 4064 MB, Compressed Oops mode: Zero based, Oop shift amount: 3

CDS archive(s) mapped at: [0x0000000800000000-0x0000000800bb0000-0x0000000800bb0000), size 12255232, SharedBaseAddress: 0x0000000800000000, ArchiveRelocationMode: 0.
Compressed class space mapped at: 0x0000000800c00000-0x0000000840c00000, reserved size: 1073741824
Narrow klass base: 0x0000000800000000, Narrow klass shift: 3, Narrow klass range: 0x100000000

GC Precious Log:
 CPUs: 4 total, 4 available
 Memory: 16255M
 Large Page Support: Disabled
 NUMA Support: Disabled
 Compressed Oops: Enabled (Zero based)
 Heap Region Size: 2M
 Heap Min Capacity: 8M
 Heap Initial Capacity: 254M
 Heap Max Capacity: 4064M
 Pre-touch: Disabled
 Parallel Workers: 4
 Concurrent Workers: 1
 Concurrent Refinement Workers: 4
 Periodic GC: Disabled

Heap:
 garbage-first heap   total 260096K, used 64280K [0x0000000702000000, 0x0000000800000000)
  region size 2048K, 31 young (63488K), 2 survivors (4096K)
 Metaspace       used 18510K, committed 18816K, reserved 1064960K
  class space    used 2576K, committed 2752K, reserved 1048576K

Heap Regions: E=young(eden), S=young(survivor), O=old, HS=humongous(starts), HC=humongous(continues), CS=collection set, F=free, OA=open archive, CA=closed archive, TAMS=top-at-mark-start (previous, next)
|   0|0x0000000702000000, 0x00000007020c6000, 0x0000000702200000| 38%| O|  |TAMS 0x0000000702000000, 0x0000000702000000| Untracked 
|   1|0x0000000702200000, 0x0000000702400000, 0x0000000702400000|100%|HS|  |TAMS 0x0000000702200000, 0x0000000702200000| Complete 
|   2|0x0000000702400000, 0x0000000702400000, 0x0000000702600000|  0%| F|  |TAMS 0x0000000702400000, 0x0000000702400000| Untracked 
|   3|0x0000000702600000, 0x0000000702600000, 0x0000000702800000|  0%| F|  |TAMS 0x0000000702600000, 0x0000000702600000| Untracked 
|   4|0x0000000702800000, 0x0000000702800000, 0x0000000702a00000|  0%| F|  |TAMS 0x0000000702800000, 0x0000000702800000| Untracked 
|   5|0x0000000702a00000, 0x0000000702a00000, 0x0000000702c00000|  0%| F|  |TAMS 0x0000000702a00000, 0x0000000702a00000| Untracked 
|   6|0x0000000702c00000, 0x0000000702c00000, 0x0000000702e00000|  0%| F|  |TAMS 0x0000000702c00000, 0x0000000702c00000| Untracked 
|   7|0x0000000702e00000, 0x0000000702e00000, 0x0000000703000000|  0%| F|  |TAMS 0x0000000702e00000, 0x0000000702e00000| Untracked 
|   8|0x0000000703000000, 0x0000000703000000, 0x0000000703200000|  0%| F|  |TAMS 0x0000000703000000, 0x0000000703000000| Untracked 
|   9|0x0000000703200000, 0x0000000703200000, 0x0000000703400000|  0%| F|  |TAMS 0x0000000703200000, 0x0000000703200000| Untracked 
|  10|0x0000000703400000, 0x0000000703400000, 0x0000000703600000|  0%| F|  |TAMS 0x0000000703400000, 0x0000000703400000| Untracked 
|  11|0x0000000703600000, 0x0000000703600000, 0x0000000703800000|  0%| F|  |TAMS 0x0000000703600000, 0x0000000703600000| Untracked 
|  12|0x0000000703800000, 0x0000000703800000, 0x0000000703a00000|  0%| F|  |TAMS 0x0000000703800000, 0x0000000703800000| Untracked 
|  13|0x0000000703a00000, 0x0000000703a00000, 0x0000000703c00000|  0%| F|  |TAMS 0x0000000703a00000, 0x0000000703a00000| Untracked 
|  14|0x0000000703c00000, 0x0000000703c00000, 0x0000000703e00000|  0%| F|  |TAMS 0x0000000703c00000, 0x0000000703c00000| Untracked 
|  15|0x0000000703e00000, 0x0000000703e00000, 0x0000000704000000|  0%| F|  |TAMS 0x0000000703e00000, 0x0000000703e00000| Untracked 
|  16|0x0000000704000000, 0x0000000704000000, 0x0000000704200000|  0%| F|  |TAMS 0x0000000704000000, 0x0000000704000000| Untracked 
|  17|0x0000000704200000, 0x0000000704200000, 0x0000000704400000|  0%| F|  |TAMS 0x0000000704200000, 0x0000000704200000| Untracked 
|  18|0x0000000704400000, 0x0000000704400000, 0x0000000704600000|  0%| F|  |TAMS 0x0000000704400000, 0x0000000704400000| Untracked 
|  19|0x0000000704600000, 0x0000000704600000, 0x0000000704800000|  0%| F|  |TAMS 0x0000000704600000, 0x0000000704600000| Untracked 
|  20|0x0000000704800000, 0x0000000704800000, 0x0000000704a00000|  0%| F|  |TAMS 0x0000000704800000, 0x0000000704800000| Untracked 
|  21|0x0000000704a00000, 0x0000000704a00000, 0x0000000704c00000|  0%| F|  |TAMS 0x0000000704a00000, 0x0000000704a00000| Untracked 
|  22|0x0000000704c00000, 0x0000000704c00000, 0x0000000704e00000|  0%| F|  |TAMS 0x0000000704c00000, 0x0000000704c00000| Untracked 
|  23|0x0000000704e00000, 0x0000000704e00000, 0x0000000705000000|  0%| F|  |TAMS 0x0000000704e00000, 0x0000000704e00000| Untracked 
|  24|0x0000000705000000, 0x0000000705000000, 0x0000000705200000|  0%| F|  |TAMS 0x0000000705000000, 0x0000000705000000| Untracked 
|  25|0x0000000705200000, 0x0000000705200000, 0x0000000705400000|  0%| F|  |TAMS 0x0000000705200000, 0x0000000705200000| Untracked 
|  26|0x0000000705400000, 0x0000000705400000, 0x0000000705600000|  0%| F|  |TAMS 0x0000000705400000, 0x0000000705400000| Untracked 
|  27|0x0000000705600000, 0x0000000705600000, 0x0000000705800000|  0%| F|  |TAMS 0x0000000705600000, 0x0000000705600000| Untracked 
|  28|0x0000000705800000, 0x0000000705800000, 0x0000000705a00000|  0%| F|  |TAMS 0x0000000705800000, 0x0000000705800000| Untracked 
|  29|0x0000000705a00000, 0x0000000705a00000, 0x0000000705c00000|  0%| F|  |TAMS 0x0000000705a00000, 0x0000000705a00000| Untracked 
|  30|0x0000000705c00000, 0x0000000705c00000, 0x0000000705e00000|  0%| F|  |TAMS 0x0000000705c00000, 0x0000000705c00000| Untracked 
|  31|0x0000000705e00000, 0x0000000705e00000, 0x0000000706000000|  0%| F|  |TAMS 0x0000000705e00000, 0x0000000705e00000| Untracked 
|  32|0x0000000706000000, 0x0000000706000000, 0x0000000706200000|  0%| F|  |TAMS 0x0000000706000000, 0x0000000706000000| Untracked 
|  33|0x0000000706200000, 0x0000000706200000, 0x0000000706400000|  0%| F|  |TAMS 0x0000000706200000, 0x0000000706200000| Untracked 
|  34|0x0000000706400000, 0x0000000706400000, 0x0000000706600000|  0%| F|  |TAMS 0x0000000706400000, 0x0000000706400000| Untracked 
|  35|0x0000000706600000, 0x0000000706600000, 0x0000000706800000|  0%| F|  |TAMS 0x0000000706600000, 0x0000000706600000| Untracked 
|  36|0x0000000706800000, 0x0000000706800000, 0x0000000706a00000|  0%| F|  |TAMS 0x0000000706800000, 0x0000000706800000| Untracked 
|  37|0x0000000706a00000, 0x0000000706a00000, 0x0000000706c00000|  0%| F|  |TAMS 0x0000000706a00000, 0x0000000706a00000| Untracked 
|  38|0x0000000706c00000, 0x0000000706c00000, 0x0000000706e00000|  0%| F|  |TAMS 0x0000000706c00000, 0x0000000706c00000| Untracked 
|  39|0x0000000706e00000, 0x0000000706e00000, 0x0000000707000000|  0%| F|  |TAMS 0x0000000706e00000, 0x0000000706e00000| Untracked 
|  40|0x0000000707000000, 0x0000000707000000, 0x0000000707200000|  0%| F|  |TAMS 0x0000000707000000, 0x0000000707000000| Untracked 
|  41|0x0000000707200000, 0x0000000707200000, 0x0000000707400000|  0%| F|  |TAMS 0x0000000707200000, 0x0000000707200000| Untracked 
|  42|0x0000000707400000, 0x0000000707400000, 0x0000000707600000|  0%| F|  |TAMS 0x0000000707400000, 0x0000000707400000| Untracked 
|  43|0x0000000707600000, 0x0000000707600000, 0x0000000707800000|  0%| F|  |TAMS 0x0000000707600000, 0x0000000707600000| Untracked 
|  44|0x0000000707800000, 0x0000000707800000, 0x0000000707a00000|  0%| F|  |TAMS 0x0000000707800000, 0x0000000707800000| Untracked 
|  45|0x0000000707a00000, 0x0000000707a00000, 0x0000000707c00000|  0%| F|  |TAMS 0x0000000707a00000, 0x0000000707a00000| Untracked 
|  46|0x0000000707c00000, 0x0000000707c00000, 0x0000000707e00000|  0%| F|  |TAMS 0x0000000707c00000, 0x0000000707c00000| Untracked 
|  47|0x0000000707e00000, 0x0000000707e00000, 0x0000000708000000|  0%| F|  |TAMS 0x0000000707e00000, 0x0000000707e00000| Untracked 
|  48|0x0000000708000000, 0x0000000708000000, 0x0000000708200000|  0%| F|  |TAMS 0x0000000708000000, 0x0000000708000000| Untracked 
|  49|0x0000000708200000, 0x0000000708200000, 0x0000000708400000|  0%| F|  |TAMS 0x0000000708200000, 0x0000000708200000| Untracked 
|  50|0x0000000708400000, 0x0000000708400000, 0x0000000708600000|  0%| F|  |TAMS 0x0000000708400000, 0x0000000708400000| Untracked 
|  51|0x0000000708600000, 0x0000000708600000, 0x0000000708800000|  0%| F|  |TAMS 0x0000000708600000, 0x0000000708600000| Untracked 
|  52|0x0000000708800000, 0x0000000708800000, 0x0000000708a00000|  0%| F|  |TAMS 0x0000000708800000, 0x0000000708800000| Untracked 
|  53|0x0000000708a00000, 0x0000000708a00000, 0x0000000708c00000|  0%| F|  |TAMS 0x0000000708a00000, 0x0000000708a00000| Untracked 
|  54|0x0000000708c00000, 0x0000000708c00000, 0x0000000708e00000|  0%| F|  |TAMS 0x0000000708c00000, 0x0000000708c00000| Untracked 
|  55|0x0000000708e00000, 0x0000000708e00000, 0x0000000709000000|  0%| F|  |TAMS 0x0000000708e00000, 0x0000000708e00000| Untracked 
|  56|0x0000000709000000, 0x0000000709000000, 0x0000000709200000|  0%| F|  |TAMS 0x0000000709000000, 0x0000000709000000| Untracked 
|  57|0x0000000709200000, 0x0000000709200000, 0x0000000709400000|  0%| F|  |TAMS 0x0000000709200000, 0x0000000709200000| Untracked 
|  58|0x0000000709400000, 0x0000000709400000, 0x0000000709600000|  0%| F|  |TAMS 0x0000000709400000, 0x0000000709400000| Untracked 
|  59|0x0000000709600000, 0x0000000709600000, 0x0000000709800000|  0%| F|  |TAMS 0x0000000709600000, 0x0000000709600000| Untracked 
|  60|0x0000000709800000, 0x0000000709800000, 0x0000000709a00000|  0%| F|  |TAMS 0x0000000709800000, 0x0000000709800000| Untracked 
|  61|0x0000000709a00000, 0x0000000709a00000, 0x0000000709c00000|  0%| F|  |TAMS 0x0000000709a00000, 0x0000000709a00000| Untracked 
|  62|0x0000000709c00000, 0x0000000709c00000, 0x0000000709e00000|  0%| F|  |TAMS 0x0000000709c00000, 0x0000000709c00000| Untracked 
|  63|0x0000000709e00000, 0x0000000709e00000, 0x000000070a000000|  0%| F|  |TAMS 0x0000000709e00000, 0x0000000709e00000| Untracked 
|  64|0x000000070a000000, 0x000000070a000000, 0x000000070a200000|  0%| F|  |TAMS 0x000000070a000000, 0x000000070a000000| Untracked 
|  65|0x000000070a200000, 0x000000070a200000, 0x000000070a400000|  0%| F|  |TAMS 0x000000070a200000, 0x000000070a200000| Untracked 
|  66|0x000000070a400000, 0x000000070a400000, 0x000000070a600000|  0%| F|  |TAMS 0x000000070a400000, 0x000000070a400000| Untracked 
|  67|0x000000070a600000, 0x000000070a600000, 0x000000070a800000|  0%| F|  |TAMS 0x000000070a600000, 0x000000070a600000| Untracked 
|  68|0x000000070a800000, 0x000000070a800000, 0x000000070aa00000|  0%| F|  |TAMS 0x000000070a800000, 0x000000070a800000| Untracked 
|  69|0x000000070aa00000, 0x000000070aa00000, 0x000000070ac00000|  0%| F|  |TAMS 0x000000070aa00000, 0x000000070aa00000| Untracked 
|  70|0x000000070ac00000, 0x000000070ac00000, 0x000000070ae00000|  0%| F|  |TAMS 0x000000070ac00000, 0x000000070ac00000| Untracked 
|  71|0x000000070ae00000, 0x000000070ae00000, 0x000000070b000000|  0%| F|  |TAMS 0x000000070ae00000, 0x000000070ae00000| Untracked 
|  72|0x000000070b000000, 0x000000070b000000, 0x000000070b200000|  0%| F|  |TAMS 0x000000070b000000, 0x000000070b000000| Untracked 
|  73|0x000000070b200000, 0x000000070b200000, 0x000000070b400000|  0%| F|  |TAMS 0x000000070b200000, 0x000000070b200000| Untracked 
|  74|0x000000070b400000, 0x000000070b400000, 0x000000070b600000|  0%| F|  |TAMS 0x000000070b400000, 0x000000070b400000| Untracked 
|  75|0x000000070b600000, 0x000000070b600000, 0x000000070b800000|  0%| F|  |TAMS 0x000000070b600000, 0x000000070b600000| Untracked 
|  76|0x000000070b800000, 0x000000070b800000, 0x000000070ba00000|  0%| F|  |TAMS 0x000000070b800000, 0x000000070b800000| Untracked 
|  77|0x000000070ba00000, 0x000000070ba00000, 0x000000070bc00000|  0%| F|  |TAMS 0x000000070ba00000, 0x000000070ba00000| Untracked 
|  78|0x000000070bc00000, 0x000000070bc00000, 0x000000070be00000|  0%| F|  |TAMS 0x000000070bc00000, 0x000000070bc00000| Untracked 
|  79|0x000000070be00000, 0x000000070be00000, 0x000000070c000000|  0%| F|  |TAMS 0x000000070be00000, 0x000000070be00000| Untracked 
|  80|0x000000070c000000, 0x000000070c000000, 0x000000070c200000|  0%| F|  |TAMS 0x000000070c000000, 0x000000070c000000| Untracked 
|  81|0x000000070c200000, 0x000000070c200000, 0x000000070c400000|  0%| F|  |TAMS 0x000000070c200000, 0x000000070c200000| Untracked 
|  82|0x000000070c400000, 0x000000070c400000, 0x000000070c600000|  0%| F|  |TAMS 0x000000070c400000, 0x000000070c400000| Untracked 
|  83|0x000000070c600000, 0x000000070c600000, 0x000000070c800000|  0%| F|  |TAMS 0x000000070c600000, 0x000000070c600000| Untracked 
|  84|0x000000070c800000, 0x000000070c800000, 0x000000070ca00000|  0%| F|  |TAMS 0x000000070c800000, 0x000000070c800000| Untracked 
|  85|0x000000070ca00000, 0x000000070ca00000, 0x000000070cc00000|  0%| F|  |TAMS 0x000000070ca00000, 0x000000070ca00000| Untracked 
|  86|0x000000070cc00000, 0x000000070cc00000, 0x000000070ce00000|  0%| F|  |TAMS 0x000000070cc00000, 0x000000070cc00000| Untracked 
|  87|0x000000070ce00000, 0x000000070ce00000, 0x000000070d000000|  0%| F|  |TAMS 0x000000070ce00000, 0x000000070ce00000| Untracked 
|  88|0x000000070d000000, 0x000000070d000000, 0x000000070d200000|  0%| F|  |TAMS 0x000000070d000000, 0x000000070d000000| Untracked 
|  89|0x000000070d200000, 0x000000070d200000, 0x000000070d400000|  0%| F|  |TAMS 0x000000070d200000, 0x000000070d200000| Untracked 
|  90|0x000000070d400000, 0x000000070d400000, 0x000000070d600000|  0%| F|  |TAMS 0x000000070d400000, 0x000000070d400000| Untracked 
|  91|0x000000070d600000, 0x000000070d600000, 0x000000070d800000|  0%| F|  |TAMS 0x000000070d600000, 0x000000070d600000| Untracked 
|  92|0x000000070d800000, 0x000000070d800000, 0x000000070da00000|  0%| F|  |TAMS 0x000000070d800000, 0x000000070d800000| Untracked 
|  93|0x000000070da00000, 0x000000070da00000, 0x000000070dc00000|  0%| F|  |TAMS 0x000000070da00000, 0x000000070da00000| Untracked 
|  94|0x000000070dc00000, 0x000000070dc00000, 0x000000070de00000|  0%| F|  |TAMS 0x000000070dc00000, 0x000000070dc00000| Untracked 
|  95|0x000000070de00000, 0x000000070de00000, 0x000000070e000000|  0%| F|  |TAMS 0x000000070de00000, 0x000000070de00000| Untracked 
|  96|0x000000070e000000, 0x000000070e1ce5f0, 0x000000070e200000| 90%| E|  |TAMS 0x000000070e000000, 0x000000070e000000| Complete 
|  97|0x000000070e200000, 0x000000070e400000, 0x000000070e400000|100%| E|CS|TAMS 0x000000070e200000, 0x000000070e200000| Complete 
|  98|0x000000070e400000, 0x000000070e600000, 0x000000070e600000|100%| E|CS|TAMS 0x000000070e400000, 0x000000070e400000| Complete 
|  99|0x000000070e600000, 0x000000070e800000, 0x000000070e800000|100%| E|CS|TAMS 0x000000070e600000, 0x000000070e600000| Complete 
| 100|0x000000070e800000, 0x000000070ea00000, 0x000000070ea00000|100%| E|CS|TAMS 0x000000070e800000, 0x000000070e800000| Complete 
| 101|0x000000070ea00000, 0x000000070ec00000, 0x000000070ec00000|100%| E|CS|TAMS 0x000000070ea00000, 0x000000070ea00000| Complete 
| 102|0x000000070ec00000, 0x000000070ee00000, 0x000000070ee00000|100%| E|CS|TAMS 0x000000070ec00000, 0x000000070ec00000| Complete 
| 103|0x000000070ee00000, 0x000000070f000000, 0x000000070f000000|100%| E|CS|TAMS 0x000000070ee00000, 0x000000070ee00000| Complete 
| 104|0x000000070f000000, 0x000000070f200000, 0x000000070f200000|100%| E|CS|TAMS 0x000000070f000000, 0x000000070f000000| Complete 
| 105|0x000000070f200000, 0x000000070f400000, 0x000000070f400000|100%| E|CS|TAMS 0x000000070f200000, 0x000000070f200000| Complete 
| 106|0x000000070f400000, 0x000000070f600000, 0x000000070f600000|100%| E|CS|TAMS 0x000000070f400000, 0x000000070f400000| Complete 
| 107|0x000000070f600000, 0x000000070f800000, 0x000000070f800000|100%| E|CS|TAMS 0x000000070f600000, 0x000000070f600000| Complete 
| 108|0x000000070f800000, 0x000000070fa00000, 0x000000070fa00000|100%| E|CS|TAMS 0x000000070f800000, 0x000000070f800000| Complete 
| 109|0x000000070fa00000, 0x000000070fc00000, 0x000000070fc00000|100%| E|CS|TAMS 0x000000070fa00000, 0x000000070fa00000| Complete 
| 110|0x000000070fc00000, 0x000000070fe00000, 0x000000070fe00000|100%| E|CS|TAMS 0x000000070fc00000, 0x000000070fc00000| Complete 
| 111|0x000000070fe00000, 0x0000000710000000, 0x0000000710000000|100%| E|CS|TAMS 0x000000070fe00000, 0x000000070fe00000| Complete 
| 112|0x0000000710000000, 0x0000000710200000, 0x0000000710200000|100%| E|CS|TAMS 0x0000000710000000, 0x0000000710000000| Complete 
| 113|0x0000000710200000, 0x0000000710400000, 0x0000000710400000|100%| E|CS|TAMS 0x0000000710200000, 0x0000000710200000| Complete 
| 114|0x0000000710400000, 0x0000000710600000, 0x0000000710600000|100%| E|CS|TAMS 0x0000000710400000, 0x0000000710400000| Complete 
| 115|0x0000000710600000, 0x0000000710800000, 0x0000000710800000|100%| E|CS|TAMS 0x0000000710600000, 0x0000000710600000| Complete 
| 116|0x0000000710800000, 0x0000000710a00000, 0x0000000710a00000|100%| S|CS|TAMS 0x0000000710800000, 0x0000000710800000| Complete 
| 117|0x0000000710a00000, 0x0000000710c00000, 0x0000000710c00000|100%| S|CS|TAMS 0x0000000710a00000, 0x0000000710a00000| Complete 
| 118|0x0000000710c00000, 0x0000000710e00000, 0x0000000710e00000|100%| E|CS|TAMS 0x0000000710c00000, 0x0000000710c00000| Complete 
| 119|0x0000000710e00000, 0x0000000711000000, 0x0000000711000000|100%| E|CS|TAMS 0x0000000710e00000, 0x0000000710e00000| Complete 
| 120|0x0000000711000000, 0x0000000711200000, 0x0000000711200000|100%| E|CS|TAMS 0x0000000711000000, 0x0000000711000000| Complete 
| 121|0x0000000711200000, 0x0000000711400000, 0x0000000711400000|100%| E|CS|TAMS 0x0000000711200000, 0x0000000711200000| Complete 
| 122|0x0000000711400000, 0x0000000711600000, 0x0000000711600000|100%| E|CS|TAMS 0x0000000711400000, 0x0000000711400000| Complete 
| 123|0x0000000711600000, 0x0000000711800000, 0x0000000711800000|100%| E|CS|TAMS 0x0000000711600000, 0x0000000711600000| Complete 
| 124|0x0000000711800000, 0x0000000711a00000, 0x0000000711a00000|100%| E|CS|TAMS 0x0000000711800000, 0x0000000711800000| Complete 
| 125|0x0000000711a00000, 0x0000000711c00000, 0x0000000711c00000|100%| E|CS|TAMS 0x0000000711a00000, 0x0000000711a00000| Complete 
| 126|0x0000000711c00000, 0x0000000711e00000, 0x0000000711e00000|100%| E|CS|TAMS 0x0000000711c00000, 0x0000000711c00000| Complete 

Card table byte_map: [0x0000021d69a90000,0x0000021d6a280000] _byte_map_base: 0x0000021d66280000

Marking Bits (Prev, Next): (CMBitMap*) 0x0000021d52b74d90, (CMBitMap*) 0x0000021d52b74dd0
 Prev Bits: [0x0000021d6aa70000, 0x0000021d6e9f0000)
 Next Bits: [0x0000021d6e9f0000, 0x0000021d72970000)

Polling page: 0x0000021d52300000

Metaspace:

Usage:
  Non-class:     15.56 MB used.
      Class:      2.52 MB used.
       Both:     18.08 MB used.

Virtual space:
  Non-class space:       16.00 MB reserved,      15.69 MB ( 98%) committed,  2 nodes.
      Class space:        1.00 GB reserved,       2.69 MB ( <1%) committed,  1 nodes.
              Both:        1.02 GB reserved,      18.38 MB (  2%) committed. 

Chunk freelists:
   Non-Class:  207.00 KB
       Class:  1.23 MB
        Both:  1.43 MB

MaxMetaspaceSize: 17179869184.00 GB
CompressedClassSpaceSize: 1.00 GB
 - commit_granule_bytes: 65536.
 - commit_granule_words: 8192.
 - virtual_space_node_default_size: 1048576.
 - enlarge_chunks_in_place: 1.
 - new_chunks_are_fully_committed: 0.
 - uncommit_free_chunks: 1.
 - use_allocation_guard: 0.
 - handle_deallocations: 1.


Internal statistics:

num_allocs_failed_limit: 0.
num_arena_births: 244.
num_arena_deaths: 0.
num_vsnodes_births: 3.
num_vsnodes_deaths: 0.
num_space_committed: 294.
num_space_uncommitted: 0.
num_chunks_returned_to_freelist: 0.
num_chunks_taken_from_freelist: 911.
num_chunk_merges: 0.
num_chunk_splits: 620.
num_chunks_enlarged: 474.
num_purges: 0.

CodeHeap 'non-profiled nmethods': size=120000Kb used=1922Kb max_used=1922Kb free=118077Kb
 bounds [0x0000021d61d70000, 0x0000021d61fe0000, 0x0000021d692a0000]
CodeHeap 'profiled nmethods': size=120000Kb used=8789Kb max_used=8789Kb free=111210Kb
 bounds [0x0000021d5a840000, 0x0000021d5b0e0000, 0x0000021d61d70000]
CodeHeap 'non-nmethods': size=5760Kb used=1452Kb max_used=1544Kb free=4307Kb
 bounds [0x0000021d5a2a0000, 0x0000021d5a510000, 0x0000021d5a840000]
 total_blobs=5143 nmethods=4332 adapters=723
 compilation: enabled
              stopped_count=0, restarted_count=0
 full_count=0

Compilation events (20 events):
Event: 55.503 Thread 0x0000021d74e61780 4324       1       com.sun.prism.d3d.D3DContext::getResourceFactory (5 bytes)
Event: 55.503 Thread 0x0000021d74e61780 nmethod 4324 0x0000021d61f50310 code [0x0000021d61f504a0, 0x0000021d61f50578]
Event: 55.515 Thread 0x0000021d74e61780 4325       3       com.sun.javafx.sg.prism.NGRegion::updateBackgroundInsets (219 bytes)
Event: 55.517 Thread 0x0000021d74e61780 nmethod 4325 0x0000021d5b0c8290 code [0x0000021d5b0c85a0, 0x0000021d5b0c95e8]
Event: 56.421 Thread 0x0000021d74e56960 4326       4       javafx.event.Event::<init> (36 bytes)
Event: 56.425 Thread 0x0000021d74e56960 nmethod 4326 0x0000021d61f50610 code [0x0000021d61f507a0, 0x0000021d61f50b18]
Event: 56.439 Thread 0x0000021d74e61780 4327       3       java.util.concurrent.CountDownLatch::countDown (10 bytes)
Event: 56.440 Thread 0x0000021d74e61780 nmethod 4327 0x0000021d5b0c9b90 code [0x0000021d5b0c9d60, 0x0000021d5b0c9fb8]
Event: 56.440 Thread 0x0000021d74e61780 4328       3       java.util.concurrent.CountDownLatch$Sync::tryReleaseShared (37 bytes)
Event: 56.440 Thread 0x0000021d74e61780 nmethod 4328 0x0000021d5b0ca110 code [0x0000021d5b0ca2e0, 0x0000021d5b0ca5c8]
Event: 56.806 Thread 0x0000021d74e61780 4329   !   3       javafx.scene.CssStyleHelper::transitionToState (1031 bytes)
Event: 56.815 Thread 0x0000021d74e61780 nmethod 4329 0x0000021d5b0ca690 code [0x0000021d5b0caf80, 0x0000021d5b0d0f08]
Event: 56.815 Thread 0x0000021d74e61780 4330       3       java.util.concurrent.atomic.AtomicInteger::getAndIncrement (12 bytes)
Event: 56.815 Thread 0x0000021d74e61780 nmethod 4330 0x0000021d5b0d3a10 code [0x0000021d5b0d3ba0, 0x0000021d5b0d3cb8]
Event: 56.815 Thread 0x0000021d74e61780 4331       3       com.sun.javafx.tk.quantum.SceneState::isValid (41 bytes)
Event: 56.815 Thread 0x0000021d74e61780 nmethod 4331 0x0000021d5b0d3d90 code [0x0000021d5b0d3f40, 0x0000021d5b0d44b8]
Event: 56.965 Thread 0x0000021d74e61780 4332       3       java.util.stream.ReferencePipeline$3::opWrapSink (10 bytes)
Event: 56.966 Thread 0x0000021d74e61780 nmethod 4332 0x0000021d5b0d4590 code [0x0000021d5b0d4780, 0x0000021d5b0d4d68]
Event: 56.966 Thread 0x0000021d74e61780 4333       3       java.util.stream.ReferencePipeline$3$1::<init> (11 bytes)
Event: 56.966 Thread 0x0000021d74e61780 nmethod 4333 0x0000021d5b0d4f10 code [0x0000021d5b0d50e0, 0x0000021d5b0d55e8]

GC Heap History (4 events):
Event: 0.628 GC heap before
{Heap before GC invocations=0 (full 0):
 garbage-first heap   total 260096K, used 10240K [0x0000000702000000, 0x0000000800000000)
  region size 2048K, 6 young (12288K), 0 survivors (0K)
 Metaspace       used 2347K, committed 2496K, reserved 1056768K
  class space    used 234K, committed 320K, reserved 1048576K
}
Event: 0.632 GC heap after
{Heap after GC invocations=1 (full 0):
 garbage-first heap   total 260096K, used 1828K [0x0000000702000000, 0x0000000800000000)
  region size 2048K, 1 young (2048K), 1 survivors (2048K)
 Metaspace       used 2347K, committed 2496K, reserved 1056768K
  class space    used 234K, committed 320K, reserved 1048576K
}
Event: 1.072 GC heap before
{Heap before GC invocations=1 (full 0):
 garbage-first heap   total 260096K, used 16164K [0x0000000702000000, 0x0000000800000000)
  region size 2048K, 9 young (18432K), 1 survivors (2048K)
 Metaspace       used 7611K, committed 7808K, reserved 1064960K
  class space    used 941K, committed 1024K, reserved 1048576K
}
Event: 1.077 GC heap after
{Heap after GC invocations=2 (full 0):
 garbage-first heap   total 260096K, used 4888K [0x0000000702000000, 0x0000000800000000)
  region size 2048K, 2 young (4096K), 2 survivors (4096K)
 Metaspace       used 7611K, committed 7808K, reserved 1064960K
  class space    used 941K, committed 1024K, reserved 1048576K
}

Deoptimization events (20 events):
Event: 55.484 Thread 0x0000021d75ef6930 Uncommon trap: trap_request=0xffffffc6 fr.pc=0x0000021d61eacf7c relative=0x000000000000143c
Event: 55.484 Thread 0x0000021d75ef6930 Uncommon trap: reason=bimorphic_or_optimized_type_check action=maybe_recompile pc=0x0000021d61eacf7c method=javafx.css.CompoundSelector.stateMatches(Ljavafx/css/Styleable;Ljava/util/Set;I)Z @ 160 c2
Event: 55.484 Thread 0x0000021d75ef6930 DEOPT PACKING pc=0x0000021d61eacf7c sp=0x000000a0ccef84d0
Event: 55.484 Thread 0x0000021d75ef6930 DEOPT UNPACKING pc=0x0000021d5a2ed72e sp=0x000000a0ccef8468 mode 2
Event: 55.484 Thread 0x0000021d75ef6930 Uncommon trap: trap_request=0xffffffc6 fr.pc=0x0000021d61eacf7c relative=0x000000000000143c
Event: 55.484 Thread 0x0000021d75ef6930 Uncommon trap: reason=bimorphic_or_optimized_type_check action=maybe_recompile pc=0x0000021d61eacf7c method=javafx.css.CompoundSelector.stateMatches(Ljavafx/css/Styleable;Ljava/util/Set;I)Z @ 160 c2
Event: 55.484 Thread 0x0000021d75ef6930 DEOPT PACKING pc=0x0000021d61eacf7c sp=0x000000a0ccef84d0
Event: 55.484 Thread 0x0000021d75ef6930 DEOPT UNPACKING pc=0x0000021d5a2ed72e sp=0x000000a0ccef8468 mode 2
Event: 55.484 Thread 0x0000021d75ef6930 Uncommon trap: trap_request=0xffffffc6 fr.pc=0x0000021d61eacf7c relative=0x000000000000143c
Event: 55.484 Thread 0x0000021d75ef6930 Uncommon trap: reason=bimorphic_or_optimized_type_check action=maybe_recompile pc=0x0000021d61eacf7c method=javafx.css.CompoundSelector.stateMatches(Ljavafx/css/Styleable;Ljava/util/Set;I)Z @ 160 c2
Event: 55.484 Thread 0x0000021d75ef6930 DEOPT PACKING pc=0x0000021d61eacf7c sp=0x000000a0ccef84d0
Event: 55.484 Thread 0x0000021d75ef6930 DEOPT UNPACKING pc=0x0000021d5a2ed72e sp=0x000000a0ccef8468 mode 2
Event: 56.988 Thread 0x0000021d765319e0 Uncommon trap: trap_request=0xffffff45 fr.pc=0x0000021d61f39b8c relative=0x000000000000016c
Event: 56.988 Thread 0x0000021d765319e0 Uncommon trap: reason=unstable_if action=reinterpret pc=0x0000021d61f39b8c method=java.util.concurrent.locks.ReentrantLock$NonfairSync.initialTryLock()Z @ 10 c2
Event: 56.988 Thread 0x0000021d765319e0 DEOPT PACKING pc=0x0000021d61f39b8c sp=0x000000a0cdafec90
Event: 56.988 Thread 0x0000021d765319e0 DEOPT UNPACKING pc=0x0000021d5a2ed72e sp=0x000000a0cdafec38 mode 2
Event: 56.988 Thread 0x0000021d765319e0 Uncommon trap: trap_request=0xffffff45 fr.pc=0x0000021d61f17574 relative=0x00000000000000d4
Event: 56.988 Thread 0x0000021d765319e0 Uncommon trap: reason=unstable_if action=reinterpret pc=0x0000021d61f17574 method=java.util.concurrent.locks.ReentrantLock$Sync.tryRelease(I)Z @ 26 c2
Event: 56.988 Thread 0x0000021d765319e0 DEOPT PACKING pc=0x0000021d61f17574 sp=0x000000a0cdafec90
Event: 56.988 Thread 0x0000021d765319e0 DEOPT UNPACKING pc=0x0000021d5a2ed72e sp=0x000000a0cdafec30 mode 2

Classes unloaded (0 events):
No events

Classes redefined (0 events):
No events

Internal exceptions (20 events):
Event: 3.371 Thread 0x0000021d75ef6930 Exception <a 'java/lang/NoSuchMethodError'{0x000000071075c810}: 'java.lang.Object java.lang.invoke.DirectMethodHandle$Holder.newInvokeSpecial(java.lang.Object, java.lang.Object, java.lang.Object, int, int, int, int, int)'> (0x000000071075c810) 
thrown [t:\workspace\open\src\hotspot\share\interpreter\linkResolver.cpp, line 790]
Event: 3.372 Thread 0x0000021d75ef6930 Exception <a 'java/lang/NoSuchMethodError'{0x0000000710764380}: 'java.lang.Object java.lang.invoke.Invokers$Holder.linkToTargetMethod(java.lang.Object, java.lang.Object, int, int, int, int, int, java.lang.Object)'> (0x0000000710764380) 
thrown [t:\workspace\open\src\hotspot\share\interpreter\linkResolver.cpp, line 790]
Event: 3.383 Thread 0x0000021d75ef6930 Exception <a 'java/lang/NoSuchMethodError'{0x000000071077c450}: 'long java.lang.invoke.DirectMethodHandle$Holder.invokeStatic(java.lang.Object, java.lang.Object, java.lang.Object)'> (0x000000071077c450) 
thrown [t:\workspace\open\src\hotspot\share\interpreter\linkResolver.cpp, line 790]
Event: 3.384 Thread 0x0000021d75ef6930 Exception <a 'java/lang/NoSuchMethodError'{0x000000071077fe00}: 'long java.lang.invoke.DirectMethodHandle$Holder.invokeStaticInit(java.lang.Object, java.lang.Object, java.lang.Object)'> (0x000000071077fe00) 
thrown [t:\workspace\open\src\hotspot\share\interpreter\linkResolver.cpp, line 790]
Event: 3.389 Thread 0x0000021d75ef6930 Exception <a 'java/lang/NoSuchMethodError'{0x0000000710797f68}: 'java.lang.Object java.lang.invoke.DirectMethodHandle$Holder.newInvokeSpecial(java.lang.Object, java.lang.Object, long)'> (0x0000000710797f68) 
thrown [t:\workspace\open\src\hotspot\share\interpreter\linkResolver.cpp, line 790]
Event: 3.390 Thread 0x0000021d75ef6930 Exception <a 'java/lang/NoSuchMethodError'{0x000000071079bcd8}: 'java.lang.Object java.lang.invoke.Invokers$Holder.linkToTargetMethod(java.lang.Object, long, java.lang.Object)'> (0x000000071079bcd8) 
thrown [t:\workspace\open\src\hotspot\share\interpreter\linkResolver.cpp, line 790]
Event: 3.551 Thread 0x0000021d75ef6930 Exception <a 'java/lang/ClassNotFoundException'{0x0000000710046448}: com/sun/javafx/scene/control/skin/resources/controls> (0x0000000710046448) 
thrown [t:\workspace\open\src\hotspot\share\prims\jni.cpp, line 600]
Event: 3.551 Thread 0x0000021d75ef6930 Exception <a 'java/lang/ClassNotFoundException'{0x00000007100546e0}: com/sun/javafx/scene/control/skin/resources/controls_es> (0x00000007100546e0) 
thrown [t:\workspace\open\src\hotspot\share\prims\jni.cpp, line 600]
Event: 3.552 Thread 0x0000021d75ef6930 Exception <a 'java/lang/ClassNotFoundException'{0x0000000710062638}: com/sun/javafx/scene/control/skin/resources/controls_es_CO> (0x0000000710062638) 
thrown [t:\workspace\open\src\hotspot\share\prims\jni.cpp, line 600]
Event: 3.732 Thread 0x0000021d75ef6930 Exception <a 'java/lang/NoSuchMethodError'{0x000000070fddf710}: 'void java.lang.invoke.DirectMethodHandle$Holder.invokeSpecial(java.lang.Object, java.lang.Object, java.lang.Object, java.lang.Object, java.lang.Object, java.lang.Object)'> (0x000000070fddf710) 
thrown [t:\workspace\open\src\hotspot\share\interpreter\linkResolver.cpp, line 790]
Event: 3.839 Thread 0x0000021d75ef6930 Exception <a 'java/lang/NoSuchMethodError'{0x000000070f9849a0}: 'void java.lang.invoke.DirectMethodHandle$Holder.invokeSpecialIFC(java.lang.Object, java.lang.Object, java.lang.Object, java.lang.Object)'> (0x000000070f9849a0) 
thrown [t:\workspace\open\src\hotspot\share\interpreter\linkResolver.cpp, line 790]
Event: 3.886 Thread 0x0000021d75ef6930 Exception <a 'java/lang/NoSuchMethodError'{0x000000070f69d0e0}: 'int java.lang.invoke.DirectMethodHandle$Holder.invokeSpecial(java.lang.Object, java.lang.Object, int)'> (0x000000070f69d0e0) 
thrown [t:\workspace\open\src\hotspot\share\interpreter\linkResolver.cpp, line 790]
Event: 13.768 Thread 0x0000021d75f868f0 Exception <a 'java/lang/NoSuchMethodError'{0x000000070f558a28}: 'java.lang.Object java.lang.invoke.DirectMethodHandle$Holder.invokeStaticInit(java.lang.Object, int)'> (0x000000070f558a28) 
thrown [t:\workspace\open\src\hotspot\share\interpreter\linkResolver.cpp, line 790]
Event: 30.052 Thread 0x0000021d75ef6930 Exception <a 'java/lang/NoSuchMethodError'{0x000000070eba65b8}: 'int java.lang.invoke.DirectMethodHandle$Holder.invokeVirtual(java.lang.Object, java.lang.Object)'> (0x000000070eba65b8) 
thrown [t:\workspace\open\src\hotspot\share\interpreter\linkResolver.cpp, line 790]
Event: 30.052 Thread 0x0000021d75ef6930 Exception <a 'java/lang/NoSuchMethodError'{0x000000070ebad4a0}: 'void java.lang.invoke.DirectMethodHandle$Holder.invokeVirtual(java.lang.Object, java.lang.Object, int)'> (0x000000070ebad4a0) 
thrown [t:\workspace\open\src\hotspot\share\interpreter\linkResolver.cpp, line 790]
Event: 35.023 Thread 0x0000021d75ef6930 Implicit null exception at 0x0000021d61ea1bc0 to 0x0000021d61ea30e8
Event: 35.023 Thread 0x0000021d75ef6930 Implicit null exception at 0x0000021d61e9db20 to 0x0000021d61e9e6a4
Event: 35.023 Thread 0x0000021d75ef6930 Implicit null exception at 0x0000021d61e96597 to 0x0000021d61e965f8
Event: 46.260 Thread 0x0000021d75ef6930 Exception <a 'java/lang/reflect/InvocationTargetException'{0x000000070e226da8}> (0x000000070e226da8) 
thrown [t:\workspace\open\src\hotspot\share\runtime\reflection.cpp, line 1157]
Event: 55.484 Thread 0x0000021d75ef6930 Implicit null exception at 0x0000021d61ee9260 to 0x0000021d61ef2d60

Events (20 events):
Event: 46.261 loading class java/lang/Throwable$PrintStreamOrWriter
Event: 46.261 loading class java/lang/Throwable$PrintStreamOrWriter done
Event: 46.261 loading class java/lang/Throwable$WrappedPrintStream done
Event: 46.833 Executing  VM operation: Cleanup
Event: 46.833 Executing  VM operation: Cleanup done
Event: 49.834 Executing  VM operation: Cleanup
Event: 49.834 Executing  VM operation: Cleanup done
Event: 51.835 Executing  VM operation: Cleanup
Event: 51.835 Executing  VM operation: Cleanup done
Event: 53.835 Executing  VM operation: Cleanup
Event: 53.836 Executing  VM operation: Cleanup done
Event: 55.836 Executing  VM operation: Cleanup
Event: 55.836 Executing  VM operation: Cleanup done
Event: 56.837 Executing  VM operation: Cleanup
Event: 56.837 Executing  VM operation: Cleanup done
Event: 56.975 Thread 0x0000021d765304a0 Thread added: 0x0000021d765304a0
Event: 56.975 Thread 0x0000021d765319e0 Thread added: 0x0000021d765319e0
Event: 56.989 Thread 0x0000021d765319e0 Thread exited: 0x0000021d765319e0
Event: 56.994 Thread 0x0000021d765304a0 Thread exited: 0x0000021d765304a0
Event: 56.994 Executing  VM operation: Exit


Dynamic libraries:
0x00007ff655b90000 - 0x00007ff655ba0000 	C:\Program Files\Java\jdk-16.0.1\bin\java.exe
0x00007ffd67da0000 - 0x00007ffd67faf000 	C:\WINDOWS\SYSTEM32\ntdll.dll
0x00007ffd66b30000 - 0x00007ffd66bed000 	C:\WINDOWS\System32\KERNEL32.DLL
0x00007ffd652c0000 - 0x00007ffd6564c000 	C:\WINDOWS\System32\KERNELBASE.dll
0x00007ffd65720000 - 0x00007ffd65831000 	C:\WINDOWS\System32\ucrtbase.dll
0x00007ffd54670000 - 0x00007ffd54689000 	C:\Program Files\Java\jdk-16.0.1\bin\VCRUNTIME140.dll
0x00007ffd59380000 - 0x00007ffd59398000 	C:\Program Files\Java\jdk-16.0.1\bin\jli.dll
0x00007ffd67b10000 - 0x00007ffd67bbe000 	C:\WINDOWS\System32\ADVAPI32.dll
0x00007ffd675d0000 - 0x00007ffd67674000 	C:\WINDOWS\System32\msvcrt.dll
0x00007ffd66bf0000 - 0x00007ffd66c91000 	C:\WINDOWS\System32\sechost.dll
0x00007ffd66ca0000 - 0x00007ffd66dbf000 	C:\WINDOWS\System32\RPCRT4.dll
0x00007ffd66260000 - 0x00007ffd66406000 	C:\WINDOWS\System32\USER32.dll
0x00007ffd65650000 - 0x00007ffd65676000 	C:\WINDOWS\System32\win32u.dll
0x00007ffd65d10000 - 0x00007ffd65d39000 	C:\WINDOWS\System32\GDI32.dll
0x00007ffd65900000 - 0x00007ffd65a17000 	C:\WINDOWS\System32\gdi32full.dll
0x00007ffd65680000 - 0x00007ffd6571a000 	C:\WINDOWS\System32\msvcp_win.dll
0x00007ffd5af80000 - 0x00007ffd5b221000 	C:\WINDOWS\WinSxS\amd64_microsoft.windows.common-controls_6595b64144ccf1df_6.0.22499.1000_none_268c46d844651e1d\COMCTL32.dll
0x00007ffd54780000 - 0x00007ffd5478a000 	C:\WINDOWS\SYSTEM32\VERSION.dll
0x00007ffd67590000 - 0x00007ffd675c1000 	C:\WINDOWS\System32\IMM32.DLL
0x00007ffd53080000 - 0x00007ffd5308c000 	C:\Program Files\Java\jdk-16.0.1\bin\vcruntime140_1.dll
0x00007ffd36820000 - 0x00007ffd368b1000 	C:\Program Files\Java\jdk-16.0.1\bin\msvcp140.dll
0x00007ffd188f0000 - 0x00007ffd1949b000 	C:\Program Files\Java\jdk-16.0.1\bin\server\jvm.dll
0x00007ffd66250000 - 0x00007ffd66258000 	C:\WINDOWS\System32\PSAPI.DLL
0x00007ffd56f30000 - 0x00007ffd56f39000 	C:\WINDOWS\SYSTEM32\WSOCK32.dll
0x00007ffd65c90000 - 0x00007ffd65d01000 	C:\WINDOWS\System32\WS2_32.dll
0x00007ffd56670000 - 0x00007ffd566a4000 	C:\WINDOWS\SYSTEM32\WINMM.dll
0x00007ffd64420000 - 0x00007ffd64438000 	C:\WINDOWS\SYSTEM32\kernel.appcore.dll
0x00007ffd4fdf0000 - 0x00007ffd4fdfa000 	C:\Program Files\Java\jdk-16.0.1\bin\jimage.dll
0x00007ffd5b510000 - 0x00007ffd5b736000 	C:\WINDOWS\SYSTEM32\DBGHELP.DLL
0x00007ffd676a0000 - 0x00007ffd67a1c000 	C:\WINDOWS\System32\combase.dll
0x00007ffd60e50000 - 0x00007ffd60e81000 	C:\WINDOWS\SYSTEM32\dbgcore.DLL
0x00007ffd65b80000 - 0x00007ffd65c00000 	C:\WINDOWS\System32\bcryptPrimitives.dll
0x00007ffd411a0000 - 0x00007ffd411c5000 	C:\Program Files\Java\jdk-16.0.1\bin\java.dll
0x00007ffd66dd0000 - 0x00007ffd67584000 	C:\WINDOWS\System32\SHELL32.dll
0x00007ffd63380000 - 0x00007ffd63bdd000 	C:\WINDOWS\SYSTEM32\windows.storage.dll
0x00007ffd63230000 - 0x00007ffd63379000 	C:\WINDOWS\SYSTEM32\wintypes.dll
0x00007ffd66880000 - 0x00007ffd66971000 	C:\WINDOWS\System32\SHCORE.dll
0x00007ffd65c00000 - 0x00007ffd65c5b000 	C:\WINDOWS\System32\shlwapi.dll
0x00007ffd65190000 - 0x00007ffd651b1000 	C:\WINDOWS\SYSTEM32\profapi.dll
0x00007ffd3b080000 - 0x00007ffd3b099000 	C:\Program Files\Java\jdk-16.0.1\bin\net.dll
0x00007ffd58a80000 - 0x00007ffd58b92000 	C:\WINDOWS\SYSTEM32\WINHTTP.dll
0x00007ffd64860000 - 0x00007ffd648c9000 	C:\WINDOWS\system32\mswsock.dll
0x00007ffd38260000 - 0x00007ffd38273000 	C:\Program Files\Java\jdk-16.0.1\bin\nio.dll
0x00007ffd37de0000 - 0x00007ffd37df8000 	C:\Program Files\Java\jdk-16.0.1\bin\zip.dll
0x0000021d52ad0000 - 0x0000021d52ad3000 	C:\Program Files\Java\javafx-sdk-17.0.1\bin\api-ms-win-core-console-l1-1-0.dll
0x0000021d52ae0000 - 0x0000021d52ae3000 	C:\Program Files\Java\javafx-sdk-17.0.1\bin\api-ms-win-core-console-l1-2-0.dll
0x0000021d52af0000 - 0x0000021d52af3000 	C:\Program Files\Java\javafx-sdk-17.0.1\bin\api-ms-win-core-datetime-l1-1-0.dll
0x0000021d74fd0000 - 0x0000021d74fd3000 	C:\Program Files\Java\javafx-sdk-17.0.1\bin\api-ms-win-core-debug-l1-1-0.dll
0x0000021d74fe0000 - 0x0000021d74fe3000 	C:\Program Files\Java\javafx-sdk-17.0.1\bin\api-ms-win-core-errorhandling-l1-1-0.dll
0x0000021d74ff0000 - 0x0000021d74ff4000 	C:\Program Files\Java\javafx-sdk-17.0.1\bin\api-ms-win-core-file-l1-1-0.dll
0x0000021d773d0000 - 0x0000021d773d3000 	C:\Program Files\Java\javafx-sdk-17.0.1\bin\api-ms-win-core-file-l1-2-0.dll
0x0000021d773e0000 - 0x0000021d773e3000 	C:\Program Files\Java\javafx-sdk-17.0.1\bin\api-ms-win-core-file-l2-1-0.dll
0x0000021d773f0000 - 0x0000021d773f3000 	C:\Program Files\Java\javafx-sdk-17.0.1\bin\api-ms-win-core-handle-l1-1-0.dll
0x0000021d77400000 - 0x0000021d77403000 	C:\Program Files\Java\javafx-sdk-17.0.1\bin\api-ms-win-core-heap-l1-1-0.dll
0x0000021d77410000 - 0x0000021d77413000 	C:\Program Files\Java\javafx-sdk-17.0.1\bin\api-ms-win-core-interlocked-l1-1-0.dll
0x0000021d77420000 - 0x0000021d77423000 	C:\Program Files\Java\javafx-sdk-17.0.1\bin\api-ms-win-core-libraryloader-l1-1-0.dll
0x0000021d77430000 - 0x0000021d77433000 	C:\Program Files\Java\javafx-sdk-17.0.1\bin\api-ms-win-core-localization-l1-2-0.dll
0x0000021d77440000 - 0x0000021d77443000 	C:\Program Files\Java\javafx-sdk-17.0.1\bin\api-ms-win-core-memory-l1-1-0.dll
0x0000021d77450000 - 0x0000021d77453000 	C:\Program Files\Java\javafx-sdk-17.0.1\bin\api-ms-win-core-namedpipe-l1-1-0.dll
0x0000021d77460000 - 0x0000021d77463000 	C:\Program Files\Java\javafx-sdk-17.0.1\bin\api-ms-win-core-processenvironment-l1-1-0.dll
0x0000021d77470000 - 0x0000021d77473000 	C:\Program Files\Java\javafx-sdk-17.0.1\bin\api-ms-win-core-processthreads-l1-1-0.dll
0x0000021d77480000 - 0x0000021d77483000 	C:\Program Files\Java\javafx-sdk-17.0.1\bin\api-ms-win-core-processthreads-l1-1-1.dll
0x0000021d77490000 - 0x0000021d77493000 	C:\Program Files\Java\javafx-sdk-17.0.1\bin\api-ms-win-core-profile-l1-1-0.dll
0x0000021d774a0000 - 0x0000021d774a3000 	C:\Program Files\Java\javafx-sdk-17.0.1\bin\api-ms-win-core-rtlsupport-l1-1-0.dll
0x0000021d774b0000 - 0x0000021d774b3000 	C:\Program Files\Java\javafx-sdk-17.0.1\bin\api-ms-win-core-string-l1-1-0.dll
0x0000021d774c0000 - 0x0000021d774c3000 	C:\Program Files\Java\javafx-sdk-17.0.1\bin\api-ms-win-core-synch-l1-1-0.dll
0x0000021d774d0000 - 0x0000021d774d3000 	C:\Program Files\Java\javafx-sdk-17.0.1\bin\api-ms-win-core-synch-l1-2-0.dll
0x0000021d774e0000 - 0x0000021d774e3000 	C:\Program Files\Java\javafx-sdk-17.0.1\bin\api-ms-win-core-sysinfo-l1-1-0.dll
0x0000021d774f0000 - 0x0000021d774f3000 	C:\Program Files\Java\javafx-sdk-17.0.1\bin\api-ms-win-core-timezone-l1-1-0.dll
0x0000021d77500000 - 0x0000021d77503000 	C:\Program Files\Java\javafx-sdk-17.0.1\bin\api-ms-win-core-util-l1-1-0.dll
0x0000021d77510000 - 0x0000021d77513000 	C:\Program Files\Java\javafx-sdk-17.0.1\bin\api-ms-win-crt-conio-l1-1-0.dll
0x0000021d77520000 - 0x0000021d77524000 	C:\Program Files\Java\javafx-sdk-17.0.1\bin\api-ms-win-crt-convert-l1-1-0.dll
0x0000021d77530000 - 0x0000021d77533000 	C:\Program Files\Java\javafx-sdk-17.0.1\bin\api-ms-win-crt-environment-l1-1-0.dll
0x0000021d77540000 - 0x0000021d77543000 	C:\Program Files\Java\javafx-sdk-17.0.1\bin\api-ms-win-crt-filesystem-l1-1-0.dll
0x0000021d77550000 - 0x0000021d77553000 	C:\Program Files\Java\javafx-sdk-17.0.1\bin\api-ms-win-crt-heap-l1-1-0.dll
0x0000021d77560000 - 0x0000021d77563000 	C:\Program Files\Java\javafx-sdk-17.0.1\bin\api-ms-win-crt-locale-l1-1-0.dll
0x0000021d77570000 - 0x0000021d77575000 	C:\Program Files\Java\javafx-sdk-17.0.1\bin\api-ms-win-crt-math-l1-1-0.dll
0x0000021d77580000 - 0x0000021d77585000 	C:\Program Files\Java\javafx-sdk-17.0.1\bin\api-ms-win-crt-multibyte-l1-1-0.dll
0x0000021d77590000 - 0x0000021d775a0000 	C:\Program Files\Java\javafx-sdk-17.0.1\bin\api-ms-win-crt-private-l1-1-0.dll
0x0000021d775a0000 - 0x0000021d775a3000 	C:\Program Files\Java\javafx-sdk-17.0.1\bin\api-ms-win-crt-process-l1-1-0.dll
0x0000021d775b0000 - 0x0000021d775b4000 	C:\Program Files\Java\javafx-sdk-17.0.1\bin\api-ms-win-crt-runtime-l1-1-0.dll
0x0000021d775c0000 - 0x0000021d775c4000 	C:\Program Files\Java\javafx-sdk-17.0.1\bin\api-ms-win-crt-stdio-l1-1-0.dll
0x0000021d775d0000 - 0x0000021d775d4000 	C:\Program Files\Java\javafx-sdk-17.0.1\bin\api-ms-win-crt-string-l1-1-0.dll
0x0000021d775e0000 - 0x0000021d775e3000 	C:\Program Files\Java\javafx-sdk-17.0.1\bin\api-ms-win-crt-time-l1-1-0.dll
0x0000021d775f0000 - 0x0000021d775f3000 	C:\Program Files\Java\javafx-sdk-17.0.1\bin\api-ms-win-crt-utility-l1-1-0.dll
0x00007ffd36ac0000 - 0x00007ffd36bbc000 	C:\Program Files\Java\javafx-sdk-17.0.1\bin\ucrtbase.dll
0x00007ffd59320000 - 0x00007ffd5933a000 	C:\Program Files\Java\javafx-sdk-17.0.1\bin\vcruntime140.dll
0x00007ffd59230000 - 0x00007ffd5923c000 	C:\Program Files\Java\javafx-sdk-17.0.1\bin\vcruntime140_1.dll
0x00007ffd36fb0000 - 0x00007ffd3703d000 	C:\Program Files\Java\javafx-sdk-17.0.1\bin\msvcp140.dll
0x00007ffd3f1b0000 - 0x00007ffd3f1da000 	C:\Program Files\Java\javafx-sdk-17.0.1\bin\prism_d3d.dll
0x00007ffd27f70000 - 0x00007ffd28116000 	C:\WINDOWS\system32\d3d9.dll
0x00007ffd62e50000 - 0x00007ffd62e80000 	C:\WINDOWS\SYSTEM32\dwmapi.dll
0x00007ffd62d00000 - 0x00007ffd62d38000 	C:\WINDOWS\SYSTEM32\dxcore.dll
0x00007ffd62c20000 - 0x00007ffd62ccb000 	C:\WINDOWS\system32\uxtheme.dll
0x00007ffcff220000 - 0x00007ffd0221d000 	C:\WINDOWS\System32\DriverStore\FileRepository\igdlh64.inf_amd64_4645af5c659ae51a\igd9dxva64.dll
0x00007ffd67bc0000 - 0x00007ffd67d5a000 	C:\WINDOWS\System32\ole32.dll
0x00007ffd65d40000 - 0x00007ffd65e17000 	C:\WINDOWS\System32\OLEAUT32.dll
0x00007ffd60dc0000 - 0x00007ffd60e04000 	C:\WINDOWS\SYSTEM32\directxdatabasehelper.dll
0x00007ffd37490000 - 0x00007ffd374d2000 	C:\Program Files\Java\javafx-sdk-17.0.1\bin\glass.dll
0x00007ffd66980000 - 0x00007ffd66a6a000 	C:\WINDOWS\System32\COMDLG32.dll
0x00007ffd65e20000 - 0x00007ffd65f3d000 	C:\WINDOWS\System32\MSCTF.dll
0x00007ffd3d480000 - 0x00007ffd3d4ad000 	C:\Program Files\Java\javafx-sdk-17.0.1\bin\javafx_iio.dll
0x00007ffd47010000 - 0x00007ffd47024000 	C:\Program Files\Java\javafx-sdk-17.0.1\bin\javafx_font.dll
0x00007ffd486e0000 - 0x00007ffd48946000 	C:\WINDOWS\SYSTEM32\dwrite.dll
0x00007ffd66100000 - 0x00007ffd661af000 	C:\WINDOWS\System32\clbcatq.dll
0x00007ffd5fc10000 - 0x00007ffd5fdbe000 	C:\WINDOWS\SYSTEM32\WindowsCodecs.dll
0x00007ffd37160000 - 0x00007ffd371bd000 	C:\WINDOWS\system32\dataexchange.dll
0x00007ffd5f2b0000 - 0x00007ffd5f51c000 	C:\WINDOWS\system32\twinapi.appcore.dll
0x00007ffd402e0000 - 0x00007ffd40312000 	C:\Program Files\Common Files\Microsoft Shared\Ink\rtscom.dll
0x00007ffd4e610000 - 0x00007ffd4e73c000 	C:\WINDOWS\SYSTEM32\textinputframework.dll
0x00007ffd62410000 - 0x00007ffd6253d000 	C:\WINDOWS\SYSTEM32\CoreMessaging.dll
0x00007ffd60760000 - 0x00007ffd60acb000 	C:\WINDOWS\SYSTEM32\CoreUIComponents.dll
0x00007ffd64ad0000 - 0x00007ffd64adc000 	C:\WINDOWS\SYSTEM32\CRYPTBASE.DLL

dbghelp: loaded successfully - version: 4.0.5 - missing functions: none
symbol engine: initialized successfully - sym options: 0x614 - pdb path: .;C:\Program Files\Java\jdk-16.0.1\bin;C:\WINDOWS\SYSTEM32;C:\WINDOWS\WinSxS\amd64_microsoft.windows.common-controls_6595b64144ccf1df_6.0.22499.1000_none_268c46d844651e1d;C:\Program Files\Java\jdk-16.0.1\bin\server;C:\Program Files\Java\javafx-sdk-17.0.1\bin;C:\WINDOWS\System32\DriverStore\FileRepository\igdlh64.inf_amd64_4645af5c659ae51a;C:\Program Files\Common Files\Microsoft Shared\Ink

VM Arguments:
jvm_args: -Dfile.encoding=UTF-8 --add-modules=javafx.controls,javafx.fxml --module-path=C:\Users\Adames\Music\Universidad\POO\HG_Performance\build\classes;C:\Program Files\Java\javafx-sdk-17.0.1\lib\javafx-swt.jar;C:\Program Files\Java\javafx-sdk-17.0.1\lib\javafx.base.jar;C:\Program Files\Java\javafx-sdk-17.0.1\lib\javafx.controls.jar;C:\Program Files\Java\javafx-sdk-17.0.1\lib\javafx.fxml.jar;C:\Program Files\Java\javafx-sdk-17.0.1\lib\javafx.graphics.jar;C:\Program Files\Java\javafx-sdk-17.0.1\lib\javafx.media.jar;C:\Program Files\Java\javafx-sdk-17.0.1\lib\javafx.swing.jar;C:\Program Files\Java\javafx-sdk-17.0.1\lib\javafx.web.jar 
java_command: start.HG_Performance
java_class_path (initial): C:\Program Files\Java\javafx-sdk-17.0.1\lib\javafx-swt.jar;C:\Program Files\Java\javafx-sdk-17.0.1\lib\javafx.base.jar;C:\Program Files\Java\javafx-sdk-17.0.1\lib\javafx.controls.jar;C:\Program Files\Java\javafx-sdk-17.0.1\lib\javafx.fxml.jar;C:\Program Files\Java\javafx-sdk-17.0.1\lib\javafx.graphics.jar;C:\Program Files\Java\javafx-sdk-17.0.1\lib\javafx.media.jar;C:\Program Files\Java\javafx-sdk-17.0.1\lib\javafx.swing.jar;C:\Program Files\Java\javafx-sdk-17.0.1\lib\javafx.web.jar;C:\Users\Adames\Music\Universidad\POO\HG_Performance\build\classes
Launcher Type: SUN_STANDARD

[Global flags]
     intx CICompilerCount                          = 3                                         {product} {ergonomic}
     uint ConcGCThreads                            = 1                                         {product} {ergonomic}
     uint G1ConcRefinementThreads                  = 4                                         {product} {ergonomic}
   size_t G1HeapRegionSize                         = 2097152                                   {product} {ergonomic}
    uintx GCDrainStackTargetSize                   = 64                                        {product} {ergonomic}
   size_t InitialHeapSize                          = 266338304                                 {product} {ergonomic}
   size_t MarkStackSize                            = 4194304                                   {product} {ergonomic}
   size_t MaxHeapSize                              = 4261412864                                {product} {ergonomic}
   size_t MaxNewSize                               = 2556428288                                {product} {ergonomic}
   size_t MinHeapDeltaBytes                        = 2097152                                   {product} {ergonomic}
   size_t MinHeapSize                              = 8388608                                   {product} {ergonomic}
    uintx NonNMethodCodeHeapSize                   = 5832780                                {pd product} {ergonomic}
    uintx NonProfiledCodeHeapSize                  = 122912730                              {pd product} {ergonomic}
    uintx ProfiledCodeHeapSize                     = 122912730                              {pd product} {ergonomic}
    uintx ReservedCodeCacheSize                    = 251658240                              {pd product} {ergonomic}
     bool SegmentedCodeCache                       = true                                      {product} {ergonomic}
   size_t SoftMaxHeapSize                          = 4261412864                             {manageable} {ergonomic}
     bool UseCompressedClassPointers               = true                           {product lp64_product} {ergonomic}
     bool UseCompressedOops                        = true                           {product lp64_product} {ergonomic}
     bool UseG1GC                                  = true                                      {product} {ergonomic}
     bool UseLargePagesIndividualAllocation        = false                                  {pd product} {ergonomic}

Logging:
Log output configuration:
 #0: stdout all=off uptime,level,tags
 #1: stderr all=off uptime,level,tags

Environment Variables:
PATH=C:\ProgramData\Oracle\Java\javapath;C:\Program Files\Common Files\Oracle\Java\javapath;C:\Program Files (x86)\Common Files\Oracle\Java\javapath;C:\WINDOWS\system32;C:\WINDOWS;C:\WINDOWS\System32\Wbem;C:\WINDOWS\System32\WindowsPowerShell\v1.0\;C:\WINDOWS\System32\OpenSSH\;C:\Program Files\Huawei QuickApp IDE\resources\app\extensions\deveco-debug\lib\toolkit\nodeTool;C:\Program Files\Huawei QuickApp IDE\resources\app\extensions\deveco-debug\lib\toolkit;C:\Program Files\Microsoft SQL Server\130\Tools\Binn\;C:\ProgramData\chocolatey\bin;C:\Program Files\Git\cmd;C:\Users\Adames\AppData\Local\Programs\Python\Python39\Scripts\;C:\Users\Adames\AppData\Local\Programs\Python\Python39\;C:\Users\Adames\AppData\Local\Microsoft\WindowsApps;C:\Users\Adames\AppData\Local\GitHubDesktop\bin;C:\Users\Adames\AppData\Local\Programs\Microsoft VS Code\bin;
USERNAME=Adames
OS=Windows_NT
PROCESSOR_IDENTIFIER=Intel64 Family 6 Model 78 Stepping 3, GenuineIntel



---------------  S Y S T E M  ---------------

OS:
 Windows 10 , 64 bit Build 22499 (10.0.22499.1000)
OS uptime: 0 days 9:07 hours

CPU: total 4 (initial active 4) (2 cores per cpu, 2 threads per core) family 6 model 78 stepping 3 microcode 0xea, cx8, cmov, fxsr, ht, mmx, 3dnowpref, sse, sse2, sse3, ssse3, sse4.1, sse4.2, popcnt, lzcnt, tsc, tscinvbit, avx, avx2, aes, erms, clmul, bmi1, bmi2, adx, fma, vzeroupper, clflush, clflushopt

Memory: 4k page, system-wide physical 16255M (7513M free)
TotalPageFile size 20095M (AvailPageFile size 7752M)
current process WorkingSet (physical memory assigned to process): 174M, peak: 204M
current process commit charge ("private bytes"): 410M, peak: 445M

vm_info: Java HotSpot(TM) 64-Bit Server VM (16.0.1+9-24) for windows-amd64 JRE (16.0.1+9-24), built on Mar 26 2021 19:31:42 by "mach5one" with MS VC++ 16.7 (VS2019)

END.
