#
# A fatal error has been detected by the Java Runtime Environment:
#
#  EXCEPTION_ACCESS_VIOLATION (0xc0000005) at pc=0x00007ffd46656a87, pid=10772, tid=11380
#
# JRE version: Java(TM) SE Runtime Environment (16.0.1+9) (build 16.0.1+9-24)
# Java VM: Java HotSpot(TM) 64-Bit Server VM (16.0.1+9-24, mixed mode, sharing, tiered, compressed oops, compressed class ptrs, g1 gc, windows-amd64)
# Problematic frame:
# C  [glass.dll+0x26a87]
#
# No core dump will be written. Minidumps are not enabled by default on client versions of Windows
#
# If you would like to submit a bug report, please visit:
#   https://bugreport.java.com/bugreport/crash.jsp
#

---------------  S U M M A R Y ------------

Command Line: -Dfile.encoding=UTF-8 --add-modules=javafx.controls,javafx.fxml --module-path=C:\Users\Adames\Music\Universidad\POO\HG_Performance\build\classes;C:\Program Files\Java\javafx-sdk-17.0.1\lib\javafx-swt.jar;C:\Program Files\Java\javafx-sdk-17.0.1\lib\javafx.base.jar;C:\Program Files\Java\javafx-sdk-17.0.1\lib\javafx.controls.jar;C:\Program Files\Java\javafx-sdk-17.0.1\lib\javafx.fxml.jar;C:\Program Files\Java\javafx-sdk-17.0.1\lib\javafx.graphics.jar;C:\Program Files\Java\javafx-sdk-17.0.1\lib\javafx.media.jar;C:\Program Files\Java\javafx-sdk-17.0.1\lib\javafx.swing.jar;C:\Program Files\Java\javafx-sdk-17.0.1\lib\javafx.web.jar start.HG_Performance

Host: Intel(R) Core(TM) i7-6500U CPU @ 2.50GHz, 4 cores, 15G,  Windows 10 , 64 bit Build 22499 (10.0.22499.1000)
Time: Tue Nov 16 12:52:52 2021 Hora est. Pacífico, Sudamérica elapsed time: 98.378631 seconds (0d 0h 1m 38s)

---------------  T H R E A D  ---------------

Current thread (0x000002f1a5eadef0):  VMThread "VM Thread" [stack: 0x000000fec5b00000,0x000000fec5c00000] [id=11380]

Stack: [0x000000fec5b00000,0x000000fec5c00000],  sp=0x000000fec5bfec80,  free space=1019k
Native frames: (J=compiled Java code, j=interpreted, Vv=VM code, C=native code)
C  [glass.dll+0x26a87]


siginfo: EXCEPTION_ACCESS_VIOLATION (0xc0000005), reading address 0x0000000000000000


Register to memory mapping:

RIP=0x00007ffd46656a87 glass.dll
RAX=0x0 is NULL
RBX=0x000002f1a5ebcc98 is a global jni handle
RCX=0x000002f1a5eadef0 points into unknown readable memory: 0x00007ffd1925f628 | 28 f6 25 19 fd 7f 00 00
RDX=0x000000fec5bfec80 points into unknown readable memory: 0x0000000000000000 | 00 00 00 00 00 00 00 00
RSP=0x000000fec5bfec80 points into unknown readable memory: 0x0000000000000000 | 00 00 00 00 00 00 00 00
RBP=0x000002f1a6fd8168 points into unknown readable memory: 0x0000679c72736568 | 68 65 73 72 9c 67 00 00
RSI=0x000000fec5bfed88 points into unknown readable memory: 0x000000fec5bfed70 | 70 ed bf c5 fe 00 00 00
RDI=0x000002f1a6fd8140 points into unknown readable memory: 0x653e0b9c720c982e | 2e 98 0c 72 9c 0b 3e 65
R8 =0x0000000000010002 is an unknown value
R9 =0x000002f1a6fd8140 points into unknown readable memory: 0x653e0b9c720c982e | 2e 98 0c 72 9c 0b 3e 65
R10=0x85f13e9656da4870 is an unknown value
R11=0x000000fec5bfec10 points into unknown readable memory: 0x000002f1a6fd8140 | 40 81 fd a6 f1 02 00 00
R12=0x00007ffd46654354 glass.dll
R13=0x000002f183bf92b0 points into unknown readable memory: 0x8000000900000001 | 01 00 00 00 09 00 00 80
R14=0x0000679c72736568 is an unknown value
R15=0x000002f1a6fd8140 points into unknown readable memory: 0x653e0b9c720c982e | 2e 98 0c 72 9c 0b 3e 65


Registers:
RAX=0x0000000000000000, RBX=0x000002f1a5ebcc98, RCX=0x000002f1a5eadef0, RDX=0x000000fec5bfec80
RSP=0x000000fec5bfec80, RBP=0x000002f1a6fd8168, RSI=0x000000fec5bfed88, RDI=0x000002f1a6fd8140
R8 =0x0000000000010002, R9 =0x000002f1a6fd8140, R10=0x85f13e9656da4870, R11=0x000000fec5bfec10
R12=0x00007ffd46654354, R13=0x000002f183bf92b0, R14=0x0000679c72736568, R15=0x000002f1a6fd8140
RIP=0x00007ffd46656a87, EFLAGS=0x0000000000010206

Top of Stack: (sp=0x000000fec5bfec80)
0x000000fec5bfec80:   0000000000000000 000000fec5bfed88
0x000000fec5bfec90:   000002f183bf92b0 00007ffd46654354
0x000000fec5bfeca0:   000002f1a6fd8148 00007ffd65773973
0x000000fec5bfecb0:   000002f1a6fd8140 000002f100000000
0x000000fec5bfecc0:   000002f1a6fd8168 000000fec5bfed88
0x000000fec5bfecd0:   fffffffffffffffe 0000000000000000
0x000000fec5bfece0:   0000000000000001 00007ffd46630000
0x000000fec5bfecf0:   000000fec5bfed78 00007ffd65740022
0x000000fec5bfed00:   0000000000000000 000000fec5bfed88
0x000000fec5bfed10:   000000fec5bff070 0000000000000001
0x000000fec5bfed20:   0000000000000001 00007ffd6573ffdd
0x000000fec5bfed30:   0000000000000000 00007ffd46653b4d
0x000000fec5bfed40:   000000fec5bff070 000000fec5bfed78
0x000000fec5bfed50:   fffffffffffffffe 000000fe00000000
0x000000fec5bfed60:   0000000000000001 00007ffd466541e1
0x000000fec5bfed70:   00007ffd4666a138 00007ffd00000002 

Instructions: (pc=0x00007ffd46656a87)
0x00007ffd46656987:   8b 4d 58 e8 01 cf ff ff 48 8b 4d 60 e8 f8 ce ff
0x00007ffd46656997:   ff 48 8b 95 80 00 00 00 48 8b 8d 18 01 00 00 e8
0x00007ffd466569a7:   c6 c3 ff ff 33 d2 33 c9 e8 3c e1 ff ff 90 48 89
0x00007ffd466569b7:   54 24 10 55 48 83 ec 20 48 8b ea 48 b8 00 00 00
0x00007ffd466569c7:   00 00 00 00 00 48 83 c4 20 5d c3 cc 40 55 48 8b
0x00007ffd466569d7:   ea 48 8b 01 33 c9 81 38 05 00 00 c0 0f 94 c1 8b
0x00007ffd466569e7:   c1 5d c3 cc 40 55 48 83 ec 20 48 8b ea 8a 4d 40
0x00007ffd466569f7:   48 83 c4 20 5d e9 f7 d2 ff ff cc 40 55 48 83 ec
0x00007ffd46656a07:   20 48 8b ea 8a 4d 20 e8 e5 d2 ff ff 90 48 83 c4
0x00007ffd46656a17:   20 5d c3 cc 40 55 48 83 ec 20 48 8b ea 48 83 c4
0x00007ffd46656a27:   20 5d e9 46 d1 ff ff cc 40 55 48 83 ec 30 48 8b
0x00007ffd46656a37:   ea 48 8b 01 8b 10 48 89 4c 24 28 89 54 24 20 4c
0x00007ffd46656a47:   8d 0d e7 d5 ff ff 4c 8b 45 70 8b 55 68 48 8b 4d
0x00007ffd46656a57:   60 e8 87 d0 ff ff 90 48 83 c4 30 5d c3 cc cc cc
0x00007ffd46656a67:   cc cc cc cc cc cc cc cc cc 40 53 48 83 ec 20 48
0x00007ffd46656a77:   8b 1d b3 30 01 00 48 85 db 74 16 e8 09 8b ff ff
0x00007ffd46656a87:   4c 8b 00 48 8b d3 48 8b c8 41 ff 90 b0 00 00 00
0x00007ffd46656a97:   90 48 83 c4 20 5b c3 cc cc 40 53 48 83 ec 20 48
0x00007ffd46656aa7:   8b 1d 2b 32 01 00 48 85 db 74 57 b8 ff ff ff ff
0x00007ffd46656ab7:   f0 0f c1 43 10 83 f8 01 75 3d 48 85 db 74 38 48
0x00007ffd46656ac7:   8b 0b 48 85 c9 74 0d ff 15 d4 07 00 00 48 c7 03
0x00007ffd46656ad7:   00 00 00 00 48 8b 4b 08 48 85 c9 74 0d e8 a7 cd
0x00007ffd46656ae7:   ff ff 48 c7 43 08 00 00 00 00 ba 18 00 00 00 48
0x00007ffd46656af7:   8b cb e8 92 cd ff ff 48 c7 05 cf 31 01 00 00 00
0x00007ffd46656b07:   00 00 48 83 c4 20 5b c3 cc 40 53 48 83 ec 20 48
0x00007ffd46656b17:   8b 1d 9b 31 01 00 48 85 db 74 57 b8 ff ff ff ff
0x00007ffd46656b27:   f0 0f c1 43 10 83 f8 01 75 3d 48 85 db 74 38 48
0x00007ffd46656b37:   8b 0b 48 85 c9 74 0d ff 15 64 07 00 00 48 c7 03
0x00007ffd46656b47:   00 00 00 00 48 8b 4b 08 48 85 c9 74 0d e8 37 cd
0x00007ffd46656b57:   ff ff 48 c7 43 08 00 00 00 00 ba 18 00 00 00 48
0x00007ffd46656b67:   8b cb e8 22 cd ff ff 48 c7 05 3f 31 01 00 00 00
0x00007ffd46656b77:   00 00 48 83 c4 20 5b c3 cc 40 53 48 83 ec 20 48 


Stack slot to memory mapping:
stack at sp + 0 slots: 0x0 is NULL
stack at sp + 1 slots: 0x000000fec5bfed88 points into unknown readable memory: 0x000000fec5bfed70 | 70 ed bf c5 fe 00 00 00
stack at sp + 2 slots: 0x000002f183bf92b0 points into unknown readable memory: 0x8000000900000001 | 01 00 00 00 09 00 00 80
stack at sp + 3 slots: 0x00007ffd46654354 glass.dll
stack at sp + 4 slots: 0x000002f1a6fd8148 points into unknown readable memory: 0x0000679c72736568 | 68 65 73 72 9c 67 00 00
stack at sp + 5 slots: 0x00007ffd65773973 ucrtbase.dll
stack at sp + 6 slots: 0x000002f1a6fd8140 points into unknown readable memory: 0x653e0b9c720c982e | 2e 98 0c 72 9c 0b 3e 65
stack at sp + 7 slots: 0x000002f100000000 is an unknown value

VM_Operation (0x000000fec6df6230): Exit, mode: safepoint, requested by thread 0x000002f1a73c7c10


---------------  P R O C E S S  ---------------

Threads class SMR info:
_java_thread_list=0x000002f1a795ff50, length=19, elements={
0x000002f183b9a2d0, 0x000002f1a5eb1260, 0x000002f1a5eb2030, 0x000002f1a5ebf610,
0x000002f1a5ec3040, 0x000002f1a5ec3950, 0x000002f1a5ec4260, 0x000002f1a5ed5490,
0x000002f1a5ef7eb0, 0x000002f1a6940060, 0x000002f1a5e95250, 0x000002f1a6b50550,
0x000002f1a70d7730, 0x000002f1a73c4840, 0x000002f1a73c7c10, 0x000002f1a740b640,
0x000002f1a741c820, 0x000002f1a72fc0e0, 0x000002f1a72fcb80
}

Java Threads: ( => current thread )
  0x000002f183b9a2d0 JavaThread "main" [_thread_blocked, id=14176, stack(0x000000fec5500000,0x000000fec5600000)]
  0x000002f1a5eb1260 JavaThread "Reference Handler" daemon [_thread_blocked, id=8492, stack(0x000000fec5c00000,0x000000fec5d00000)]
  0x000002f1a5eb2030 JavaThread "Finalizer" daemon [_thread_blocked, id=12600, stack(0x000000fec5d00000,0x000000fec5e00000)]
  0x000002f1a5ebf610 JavaThread "Signal Dispatcher" daemon [_thread_blocked, id=14224, stack(0x000000fec5e00000,0x000000fec5f00000)]
  0x000002f1a5ec3040 JavaThread "Attach Listener" daemon [_thread_blocked, id=13384, stack(0x000000fec5f00000,0x000000fec6000000)]
  0x000002f1a5ec3950 JavaThread "Service Thread" daemon [_thread_blocked, id=13640, stack(0x000000fec6000000,0x000000fec6100000)]
  0x000002f1a5ec4260 JavaThread "Monitor Deflation Thread" daemon [_thread_blocked, id=14072, stack(0x000000fec6100000,0x000000fec6200000)]
  0x000002f1a5ed5490 JavaThread "C2 CompilerThread0" daemon [_thread_blocked, id=8636, stack(0x000000fec6200000,0x000000fec6300000)]
  0x000002f1a5ef7eb0 JavaThread "C1 CompilerThread0" daemon [_thread_blocked, id=12468, stack(0x000000fec6300000,0x000000fec6400000)]
  0x000002f1a6940060 JavaThread "Sweeper thread" daemon [_thread_blocked, id=9428, stack(0x000000fec6400000,0x000000fec6500000)]
  0x000002f1a5e95250 JavaThread "Common-Cleaner" daemon [_thread_blocked, id=9876, stack(0x000000fec6500000,0x000000fec6600000)]
  0x000002f1a6b50550 JavaThread "Notification Thread" daemon [_thread_blocked, id=13536, stack(0x000000fec6700000,0x000000fec6800000)]
  0x000002f1a70d7730 JavaThread "QuantumRenderer-0" daemon [_thread_blocked, id=3696, stack(0x000000fec6600000,0x000000fec6700000)]
  0x000002f1a73c4840 JavaThread "InvokeLaterDispatcher" daemon [_thread_blocked, id=13728, stack(0x000000fec6c00000,0x000000fec6d00000)]
  0x000002f1a73c7c10 JavaThread "JavaFX Application Thread" [_thread_blocked, id=6688, stack(0x000000fec6d00000,0x000000fec6e00000)]
  0x000002f1a740b640 JavaThread "JavaFX-Launcher" [_thread_blocked, id=1516, stack(0x000000fec7200000,0x000000fec7300000)]
  0x000002f1a741c820 JavaThread "Thread-2" daemon [_thread_in_native, id=3656, stack(0x000000fec7100000,0x000000fec7200000)]
  0x000002f1a72fc0e0 JavaThread "Prism Font Disposer" daemon [_thread_blocked, id=10276, stack(0x000000fec7700000,0x000000fec7800000)]
  0x000002f1a72fcb80 JavaThread "Cleaner-0" daemon [_thread_blocked, id=800, stack(0x000000fec7800000,0x000000fec7900000)]

Other Threads:
=>0x000002f1a5eadef0 VMThread "VM Thread" [stack: 0x000000fec5b00000,0x000000fec5c00000] [id=11380]
  0x000002f183be4a40 GCTaskThread "GC Thread#0" [stack: 0x000000fec5600000,0x000000fec5700000] [id=5408]
  0x000002f1a7305c40 GCTaskThread "GC Thread#1" [stack: 0x000000fec6900000,0x000000fec6a00000] [id=8896]
  0x000002f1a7019d70 GCTaskThread "GC Thread#2" [stack: 0x000000fec6a00000,0x000000fec6b00000] [id=1936]
  0x000002f1a6fe5df0 GCTaskThread "GC Thread#3" [stack: 0x000000fec6b00000,0x000000fec6c00000] [id=9868]
  0x000002f183bf58e0 ConcurrentGCThread "G1 Main Marker" terminated
  0x000002f183bf6a00 ConcurrentGCThread "G1 Conc#0" [stack: 0x000000fec5800000,0x000000fec5900000] [id=13232]
  0x000002f183c60240 ConcurrentGCThread "G1 Refine#0" terminated
  0x000002f183c60bd0 ConcurrentGCThread "G1 Service" terminated

Threads with active compile tasks:

VM state: at safepoint (shutting down)

VM Mutex/Monitor currently owned by a thread:  ([mutex/lock_event])
[0x000002f183b96190] Threads_lock - owner thread: 0x000002f1a5eadef0
[0x000002f183b967c0] Heap_lock - owner thread: 0x000002f1a73c7c10

Heap address: 0x0000000702000000, size: 4064 MB, Compressed Oops mode: Zero based, Oop shift amount: 3

CDS archive(s) mapped at: [0x0000000800000000-0x0000000800bb0000-0x0000000800bb0000), size 12255232, SharedBaseAddress: 0x0000000800000000, ArchiveRelocationMode: 0.
Compressed class space mapped at: 0x0000000800c00000-0x0000000840c00000, reserved size: 1073741824
Narrow klass base: 0x0000000800000000, Narrow klass shift: 3, Narrow klass range: 0x100000000

GC Precious Log:
 CPUs: 4 total, 4 available
 Memory: 16255M
 Large Page Support: Disabled
 NUMA Support: Disabled
 Compressed Oops: Enabled (Zero based)
 Heap Region Size: 2M
 Heap Min Capacity: 8M
 Heap Initial Capacity: 254M
 Heap Max Capacity: 4064M
 Pre-touch: Disabled
 Parallel Workers: 4
 Concurrent Workers: 1
 Concurrent Refinement Workers: 4
 Periodic GC: Disabled

Heap:
 garbage-first heap   total 260096K, used 80272K [0x0000000702000000, 0x0000000800000000)
  region size 2048K, 40 young (81920K), 2 survivors (4096K)
 Metaspace       used 19591K, committed 19904K, reserved 1073152K
  class space    used 2713K, committed 2880K, reserved 1048576K

Heap Regions: E=young(eden), S=young(survivor), O=old, HS=humongous(starts), HC=humongous(continues), CS=collection set, F=free, OA=open archive, CA=closed archive, TAMS=top-at-mark-start (previous, next)
|   0|0x0000000702000000, 0x0000000702064200, 0x0000000702200000| 19%| O|  |TAMS 0x0000000702000000, 0x0000000702000000| Untracked 
|   1|0x0000000702200000, 0x0000000702400000, 0x0000000702400000|100%|HS|  |TAMS 0x0000000702200000, 0x0000000702200000| Complete 
|   2|0x0000000702400000, 0x0000000702400000, 0x0000000702600000|  0%| F|  |TAMS 0x0000000702400000, 0x0000000702400000| Untracked 
|   3|0x0000000702600000, 0x0000000702600000, 0x0000000702800000|  0%| F|  |TAMS 0x0000000702600000, 0x0000000702600000| Untracked 
|   4|0x0000000702800000, 0x0000000702800000, 0x0000000702a00000|  0%| F|  |TAMS 0x0000000702800000, 0x0000000702800000| Untracked 
|   5|0x0000000702a00000, 0x0000000702a00000, 0x0000000702c00000|  0%| F|  |TAMS 0x0000000702a00000, 0x0000000702a00000| Untracked 
|   6|0x0000000702c00000, 0x0000000702c00000, 0x0000000702e00000|  0%| F|  |TAMS 0x0000000702c00000, 0x0000000702c00000| Untracked 
|   7|0x0000000702e00000, 0x0000000702e00000, 0x0000000703000000|  0%| F|  |TAMS 0x0000000702e00000, 0x0000000702e00000| Untracked 
|   8|0x0000000703000000, 0x0000000703000000, 0x0000000703200000|  0%| F|  |TAMS 0x0000000703000000, 0x0000000703000000| Untracked 
|   9|0x0000000703200000, 0x0000000703200000, 0x0000000703400000|  0%| F|  |TAMS 0x0000000703200000, 0x0000000703200000| Untracked 
|  10|0x0000000703400000, 0x0000000703400000, 0x0000000703600000|  0%| F|  |TAMS 0x0000000703400000, 0x0000000703400000| Untracked 
|  11|0x0000000703600000, 0x0000000703600000, 0x0000000703800000|  0%| F|  |TAMS 0x0000000703600000, 0x0000000703600000| Untracked 
|  12|0x0000000703800000, 0x0000000703800000, 0x0000000703a00000|  0%| F|  |TAMS 0x0000000703800000, 0x0000000703800000| Untracked 
|  13|0x0000000703a00000, 0x0000000703a00000, 0x0000000703c00000|  0%| F|  |TAMS 0x0000000703a00000, 0x0000000703a00000| Untracked 
|  14|0x0000000703c00000, 0x0000000703c00000, 0x0000000703e00000|  0%| F|  |TAMS 0x0000000703c00000, 0x0000000703c00000| Untracked 
|  15|0x0000000703e00000, 0x0000000703e00000, 0x0000000704000000|  0%| F|  |TAMS 0x0000000703e00000, 0x0000000703e00000| Untracked 
|  16|0x0000000704000000, 0x0000000704000000, 0x0000000704200000|  0%| F|  |TAMS 0x0000000704000000, 0x0000000704000000| Untracked 
|  17|0x0000000704200000, 0x0000000704200000, 0x0000000704400000|  0%| F|  |TAMS 0x0000000704200000, 0x0000000704200000| Untracked 
|  18|0x0000000704400000, 0x0000000704400000, 0x0000000704600000|  0%| F|  |TAMS 0x0000000704400000, 0x0000000704400000| Untracked 
|  19|0x0000000704600000, 0x0000000704600000, 0x0000000704800000|  0%| F|  |TAMS 0x0000000704600000, 0x0000000704600000| Untracked 
|  20|0x0000000704800000, 0x0000000704800000, 0x0000000704a00000|  0%| F|  |TAMS 0x0000000704800000, 0x0000000704800000| Untracked 
|  21|0x0000000704a00000, 0x0000000704a00000, 0x0000000704c00000|  0%| F|  |TAMS 0x0000000704a00000, 0x0000000704a00000| Untracked 
|  22|0x0000000704c00000, 0x0000000704c00000, 0x0000000704e00000|  0%| F|  |TAMS 0x0000000704c00000, 0x0000000704c00000| Untracked 
|  23|0x0000000704e00000, 0x0000000704e00000, 0x0000000705000000|  0%| F|  |TAMS 0x0000000704e00000, 0x0000000704e00000| Untracked 
|  24|0x0000000705000000, 0x0000000705000000, 0x0000000705200000|  0%| F|  |TAMS 0x0000000705000000, 0x0000000705000000| Untracked 
|  25|0x0000000705200000, 0x0000000705200000, 0x0000000705400000|  0%| F|  |TAMS 0x0000000705200000, 0x0000000705200000| Untracked 
|  26|0x0000000705400000, 0x0000000705400000, 0x0000000705600000|  0%| F|  |TAMS 0x0000000705400000, 0x0000000705400000| Untracked 
|  27|0x0000000705600000, 0x0000000705600000, 0x0000000705800000|  0%| F|  |TAMS 0x0000000705600000, 0x0000000705600000| Untracked 
|  28|0x0000000705800000, 0x0000000705800000, 0x0000000705a00000|  0%| F|  |TAMS 0x0000000705800000, 0x0000000705800000| Untracked 
|  29|0x0000000705a00000, 0x0000000705a00000, 0x0000000705c00000|  0%| F|  |TAMS 0x0000000705a00000, 0x0000000705a00000| Untracked 
|  30|0x0000000705c00000, 0x0000000705c00000, 0x0000000705e00000|  0%| F|  |TAMS 0x0000000705c00000, 0x0000000705c00000| Untracked 
|  31|0x0000000705e00000, 0x0000000705e00000, 0x0000000706000000|  0%| F|  |TAMS 0x0000000705e00000, 0x0000000705e00000| Untracked 
|  32|0x0000000706000000, 0x0000000706000000, 0x0000000706200000|  0%| F|  |TAMS 0x0000000706000000, 0x0000000706000000| Untracked 
|  33|0x0000000706200000, 0x0000000706200000, 0x0000000706400000|  0%| F|  |TAMS 0x0000000706200000, 0x0000000706200000| Untracked 
|  34|0x0000000706400000, 0x0000000706400000, 0x0000000706600000|  0%| F|  |TAMS 0x0000000706400000, 0x0000000706400000| Untracked 
|  35|0x0000000706600000, 0x0000000706600000, 0x0000000706800000|  0%| F|  |TAMS 0x0000000706600000, 0x0000000706600000| Untracked 
|  36|0x0000000706800000, 0x0000000706800000, 0x0000000706a00000|  0%| F|  |TAMS 0x0000000706800000, 0x0000000706800000| Untracked 
|  37|0x0000000706a00000, 0x0000000706a00000, 0x0000000706c00000|  0%| F|  |TAMS 0x0000000706a00000, 0x0000000706a00000| Untracked 
|  38|0x0000000706c00000, 0x0000000706c00000, 0x0000000706e00000|  0%| F|  |TAMS 0x0000000706c00000, 0x0000000706c00000| Untracked 
|  39|0x0000000706e00000, 0x0000000706e00000, 0x0000000707000000|  0%| F|  |TAMS 0x0000000706e00000, 0x0000000706e00000| Untracked 
|  40|0x0000000707000000, 0x0000000707000000, 0x0000000707200000|  0%| F|  |TAMS 0x0000000707000000, 0x0000000707000000| Untracked 
|  41|0x0000000707200000, 0x0000000707200000, 0x0000000707400000|  0%| F|  |TAMS 0x0000000707200000, 0x0000000707200000| Untracked 
|  42|0x0000000707400000, 0x0000000707400000, 0x0000000707600000|  0%| F|  |TAMS 0x0000000707400000, 0x0000000707400000| Untracked 
|  43|0x0000000707600000, 0x0000000707600000, 0x0000000707800000|  0%| F|  |TAMS 0x0000000707600000, 0x0000000707600000| Untracked 
|  44|0x0000000707800000, 0x0000000707800000, 0x0000000707a00000|  0%| F|  |TAMS 0x0000000707800000, 0x0000000707800000| Untracked 
|  45|0x0000000707a00000, 0x0000000707a00000, 0x0000000707c00000|  0%| F|  |TAMS 0x0000000707a00000, 0x0000000707a00000| Untracked 
|  46|0x0000000707c00000, 0x0000000707c00000, 0x0000000707e00000|  0%| F|  |TAMS 0x0000000707c00000, 0x0000000707c00000| Untracked 
|  47|0x0000000707e00000, 0x0000000707e00000, 0x0000000708000000|  0%| F|  |TAMS 0x0000000707e00000, 0x0000000707e00000| Untracked 
|  48|0x0000000708000000, 0x0000000708000000, 0x0000000708200000|  0%| F|  |TAMS 0x0000000708000000, 0x0000000708000000| Untracked 
|  49|0x0000000708200000, 0x0000000708200000, 0x0000000708400000|  0%| F|  |TAMS 0x0000000708200000, 0x0000000708200000| Untracked 
|  50|0x0000000708400000, 0x0000000708400000, 0x0000000708600000|  0%| F|  |TAMS 0x0000000708400000, 0x0000000708400000| Untracked 
|  51|0x0000000708600000, 0x0000000708600000, 0x0000000708800000|  0%| F|  |TAMS 0x0000000708600000, 0x0000000708600000| Untracked 
|  52|0x0000000708800000, 0x0000000708800000, 0x0000000708a00000|  0%| F|  |TAMS 0x0000000708800000, 0x0000000708800000| Untracked 
|  53|0x0000000708a00000, 0x0000000708a00000, 0x0000000708c00000|  0%| F|  |TAMS 0x0000000708a00000, 0x0000000708a00000| Untracked 
|  54|0x0000000708c00000, 0x0000000708c00000, 0x0000000708e00000|  0%| F|  |TAMS 0x0000000708c00000, 0x0000000708c00000| Untracked 
|  55|0x0000000708e00000, 0x0000000708e00000, 0x0000000709000000|  0%| F|  |TAMS 0x0000000708e00000, 0x0000000708e00000| Untracked 
|  56|0x0000000709000000, 0x0000000709000000, 0x0000000709200000|  0%| F|  |TAMS 0x0000000709000000, 0x0000000709000000| Untracked 
|  57|0x0000000709200000, 0x0000000709200000, 0x0000000709400000|  0%| F|  |TAMS 0x0000000709200000, 0x0000000709200000| Untracked 
|  58|0x0000000709400000, 0x0000000709400000, 0x0000000709600000|  0%| F|  |TAMS 0x0000000709400000, 0x0000000709400000| Untracked 
|  59|0x0000000709600000, 0x0000000709600000, 0x0000000709800000|  0%| F|  |TAMS 0x0000000709600000, 0x0000000709600000| Untracked 
|  60|0x0000000709800000, 0x0000000709800000, 0x0000000709a00000|  0%| F|  |TAMS 0x0000000709800000, 0x0000000709800000| Untracked 
|  61|0x0000000709a00000, 0x0000000709a00000, 0x0000000709c00000|  0%| F|  |TAMS 0x0000000709a00000, 0x0000000709a00000| Untracked 
|  62|0x0000000709c00000, 0x0000000709c00000, 0x0000000709e00000|  0%| F|  |TAMS 0x0000000709c00000, 0x0000000709c00000| Untracked 
|  63|0x0000000709e00000, 0x0000000709e00000, 0x000000070a000000|  0%| F|  |TAMS 0x0000000709e00000, 0x0000000709e00000| Untracked 
|  64|0x000000070a000000, 0x000000070a000000, 0x000000070a200000|  0%| F|  |TAMS 0x000000070a000000, 0x000000070a000000| Untracked 
|  65|0x000000070a200000, 0x000000070a200000, 0x000000070a400000|  0%| F|  |TAMS 0x000000070a200000, 0x000000070a200000| Untracked 
|  66|0x000000070a400000, 0x000000070a400000, 0x000000070a600000|  0%| F|  |TAMS 0x000000070a400000, 0x000000070a400000| Untracked 
|  67|0x000000070a600000, 0x000000070a600000, 0x000000070a800000|  0%| F|  |TAMS 0x000000070a600000, 0x000000070a600000| Untracked 
|  68|0x000000070a800000, 0x000000070a800000, 0x000000070aa00000|  0%| F|  |TAMS 0x000000070a800000, 0x000000070a800000| Untracked 
|  69|0x000000070aa00000, 0x000000070aa00000, 0x000000070ac00000|  0%| F|  |TAMS 0x000000070aa00000, 0x000000070aa00000| Untracked 
|  70|0x000000070ac00000, 0x000000070ac00000, 0x000000070ae00000|  0%| F|  |TAMS 0x000000070ac00000, 0x000000070ac00000| Untracked 
|  71|0x000000070ae00000, 0x000000070ae00000, 0x000000070b000000|  0%| F|  |TAMS 0x000000070ae00000, 0x000000070ae00000| Untracked 
|  72|0x000000070b000000, 0x000000070b000000, 0x000000070b200000|  0%| F|  |TAMS 0x000000070b000000, 0x000000070b000000| Untracked 
|  73|0x000000070b200000, 0x000000070b200000, 0x000000070b400000|  0%| F|  |TAMS 0x000000070b200000, 0x000000070b200000| Untracked 
|  74|0x000000070b400000, 0x000000070b400000, 0x000000070b600000|  0%| F|  |TAMS 0x000000070b400000, 0x000000070b400000| Untracked 
|  75|0x000000070b600000, 0x000000070b600000, 0x000000070b800000|  0%| F|  |TAMS 0x000000070b600000, 0x000000070b600000| Untracked 
|  76|0x000000070b800000, 0x000000070b800000, 0x000000070ba00000|  0%| F|  |TAMS 0x000000070b800000, 0x000000070b800000| Untracked 
|  77|0x000000070ba00000, 0x000000070ba00000, 0x000000070bc00000|  0%| F|  |TAMS 0x000000070ba00000, 0x000000070ba00000| Untracked 
|  78|0x000000070bc00000, 0x000000070bc00000, 0x000000070be00000|  0%| F|  |TAMS 0x000000070bc00000, 0x000000070bc00000| Untracked 
|  79|0x000000070be00000, 0x000000070be00000, 0x000000070c000000|  0%| F|  |TAMS 0x000000070be00000, 0x000000070be00000| Untracked 
|  80|0x000000070c000000, 0x000000070c000000, 0x000000070c200000|  0%| F|  |TAMS 0x000000070c000000, 0x000000070c000000| Untracked 
|  81|0x000000070c200000, 0x000000070c200000, 0x000000070c400000|  0%| F|  |TAMS 0x000000070c200000, 0x000000070c200000| Untracked 
|  82|0x000000070c400000, 0x000000070c400000, 0x000000070c600000|  0%| F|  |TAMS 0x000000070c400000, 0x000000070c400000| Untracked 
|  83|0x000000070c600000, 0x000000070c600000, 0x000000070c800000|  0%| F|  |TAMS 0x000000070c600000, 0x000000070c600000| Untracked 
|  84|0x000000070c800000, 0x000000070c800000, 0x000000070ca00000|  0%| F|  |TAMS 0x000000070c800000, 0x000000070c800000| Untracked 
|  85|0x000000070ca00000, 0x000000070ca00000, 0x000000070cc00000|  0%| F|  |TAMS 0x000000070ca00000, 0x000000070ca00000| Untracked 
|  86|0x000000070cc00000, 0x000000070cc00000, 0x000000070ce00000|  0%| F|  |TAMS 0x000000070cc00000, 0x000000070cc00000| Untracked 
|  87|0x000000070ce00000, 0x000000070ce69780, 0x000000070d000000| 20%| E|  |TAMS 0x000000070ce00000, 0x000000070ce00000| Complete 
|  88|0x000000070d000000, 0x000000070d200000, 0x000000070d200000|100%| E|CS|TAMS 0x000000070d000000, 0x000000070d000000| Complete 
|  89|0x000000070d200000, 0x000000070d400000, 0x000000070d400000|100%| E|CS|TAMS 0x000000070d200000, 0x000000070d200000| Complete 
|  90|0x000000070d400000, 0x000000070d600000, 0x000000070d600000|100%| E|CS|TAMS 0x000000070d400000, 0x000000070d400000| Complete 
|  91|0x000000070d600000, 0x000000070d800000, 0x000000070d800000|100%| E|CS|TAMS 0x000000070d600000, 0x000000070d600000| Complete 
|  92|0x000000070d800000, 0x000000070da00000, 0x000000070da00000|100%| E|CS|TAMS 0x000000070d800000, 0x000000070d800000| Complete 
|  93|0x000000070da00000, 0x000000070dc00000, 0x000000070dc00000|100%| E|CS|TAMS 0x000000070da00000, 0x000000070da00000| Complete 
|  94|0x000000070dc00000, 0x000000070de00000, 0x000000070de00000|100%| E|  |TAMS 0x000000070dc00000, 0x000000070dc00000| Complete 
|  95|0x000000070de00000, 0x000000070e000000, 0x000000070e000000|100%| E|CS|TAMS 0x000000070de00000, 0x000000070de00000| Complete 
|  96|0x000000070e000000, 0x000000070e200000, 0x000000070e200000|100%| E|CS|TAMS 0x000000070e000000, 0x000000070e000000| Complete 
|  97|0x000000070e200000, 0x000000070e400000, 0x000000070e400000|100%| E|CS|TAMS 0x000000070e200000, 0x000000070e200000| Complete 
|  98|0x000000070e400000, 0x000000070e600000, 0x000000070e600000|100%| E|CS|TAMS 0x000000070e400000, 0x000000070e400000| Complete 
|  99|0x000000070e600000, 0x000000070e800000, 0x000000070e800000|100%| E|CS|TAMS 0x000000070e600000, 0x000000070e600000| Complete 
| 100|0x000000070e800000, 0x000000070ea00000, 0x000000070ea00000|100%| E|CS|TAMS 0x000000070e800000, 0x000000070e800000| Complete 
| 101|0x000000070ea00000, 0x000000070ec00000, 0x000000070ec00000|100%| E|CS|TAMS 0x000000070ea00000, 0x000000070ea00000| Complete 
| 102|0x000000070ec00000, 0x000000070ee00000, 0x000000070ee00000|100%| E|CS|TAMS 0x000000070ec00000, 0x000000070ec00000| Complete 
| 103|0x000000070ee00000, 0x000000070f000000, 0x000000070f000000|100%| E|CS|TAMS 0x000000070ee00000, 0x000000070ee00000| Complete 
| 104|0x000000070f000000, 0x000000070f200000, 0x000000070f200000|100%| E|CS|TAMS 0x000000070f000000, 0x000000070f000000| Complete 
| 105|0x000000070f200000, 0x000000070f400000, 0x000000070f400000|100%| E|CS|TAMS 0x000000070f200000, 0x000000070f200000| Complete 
| 106|0x000000070f400000, 0x000000070f600000, 0x000000070f600000|100%| E|CS|TAMS 0x000000070f400000, 0x000000070f400000| Complete 
| 107|0x000000070f600000, 0x000000070f800000, 0x000000070f800000|100%| E|CS|TAMS 0x000000070f600000, 0x000000070f600000| Complete 
| 108|0x000000070f800000, 0x000000070fa00000, 0x000000070fa00000|100%| E|CS|TAMS 0x000000070f800000, 0x000000070f800000| Complete 
| 109|0x000000070fa00000, 0x000000070fc00000, 0x000000070fc00000|100%| E|CS|TAMS 0x000000070fa00000, 0x000000070fa00000| Complete 
| 110|0x000000070fc00000, 0x000000070fe00000, 0x000000070fe00000|100%| E|CS|TAMS 0x000000070fc00000, 0x000000070fc00000| Complete 
| 111|0x000000070fe00000, 0x0000000710000000, 0x0000000710000000|100%| E|CS|TAMS 0x000000070fe00000, 0x000000070fe00000| Complete 
| 112|0x0000000710000000, 0x0000000710200000, 0x0000000710200000|100%| E|CS|TAMS 0x0000000710000000, 0x0000000710000000| Complete 
| 113|0x0000000710200000, 0x0000000710400000, 0x0000000710400000|100%| E|CS|TAMS 0x0000000710200000, 0x0000000710200000| Complete 
| 114|0x0000000710400000, 0x0000000710600000, 0x0000000710600000|100%| E|CS|TAMS 0x0000000710400000, 0x0000000710400000| Complete 
| 115|0x0000000710600000, 0x0000000710800000, 0x0000000710800000|100%| E|CS|TAMS 0x0000000710600000, 0x0000000710600000| Complete 
| 116|0x0000000710800000, 0x0000000710a00000, 0x0000000710a00000|100%| S|CS|TAMS 0x0000000710800000, 0x0000000710800000| Complete 
| 117|0x0000000710a00000, 0x0000000710c00000, 0x0000000710c00000|100%| S|CS|TAMS 0x0000000710a00000, 0x0000000710a00000| Complete 
| 118|0x0000000710c00000, 0x0000000710e00000, 0x0000000710e00000|100%| E|CS|TAMS 0x0000000710c00000, 0x0000000710c00000| Complete 
| 119|0x0000000710e00000, 0x0000000711000000, 0x0000000711000000|100%| E|CS|TAMS 0x0000000710e00000, 0x0000000710e00000| Complete 
| 120|0x0000000711000000, 0x0000000711200000, 0x0000000711200000|100%| E|CS|TAMS 0x0000000711000000, 0x0000000711000000| Complete 
| 121|0x0000000711200000, 0x0000000711400000, 0x0000000711400000|100%| E|CS|TAMS 0x0000000711200000, 0x0000000711200000| Complete 
| 122|0x0000000711400000, 0x0000000711600000, 0x0000000711600000|100%| E|CS|TAMS 0x0000000711400000, 0x0000000711400000| Complete 
| 123|0x0000000711600000, 0x0000000711800000, 0x0000000711800000|100%| E|CS|TAMS 0x0000000711600000, 0x0000000711600000| Complete 
| 124|0x0000000711800000, 0x0000000711a00000, 0x0000000711a00000|100%| E|CS|TAMS 0x0000000711800000, 0x0000000711800000| Complete 
| 125|0x0000000711a00000, 0x0000000711c00000, 0x0000000711c00000|100%| E|CS|TAMS 0x0000000711a00000, 0x0000000711a00000| Complete 
| 126|0x0000000711c00000, 0x0000000711e00000, 0x0000000711e00000|100%| E|CS|TAMS 0x0000000711c00000, 0x0000000711c00000| Complete 

Card table byte_map: [0x000002f19ab00000,0x000002f19b2f0000] _byte_map_base: 0x000002f1972f0000

Marking Bits (Prev, Next): (CMBitMap*) 0x000002f183be4fc0, (CMBitMap*) 0x000002f183be5000
 Prev Bits: [0x000002f19bae0000, 0x000002f19fa60000)
 Next Bits: [0x000002f19fa60000, 0x000002f1a39e0000)

Polling page: 0x000002f181b80000

Metaspace:

Usage:
  Non-class:     16.48 MB used.
      Class:      2.65 MB used.
       Both:     19.13 MB used.

Virtual space:
  Non-class space:       24.00 MB reserved,      16.62 MB ( 69%) committed,  3 nodes.
      Class space:        1.00 GB reserved,       2.81 MB ( <1%) committed,  1 nodes.
              Both:        1.02 GB reserved,      19.44 MB (  2%) committed. 

Chunk freelists:
   Non-Class:  2.52 MB
       Class:  1.12 MB
        Both:  3.64 MB

MaxMetaspaceSize: 17179869184.00 GB
CompressedClassSpaceSize: 1.00 GB
 - commit_granule_bytes: 65536.
 - commit_granule_words: 8192.
 - virtual_space_node_default_size: 1048576.
 - enlarge_chunks_in_place: 1.
 - new_chunks_are_fully_committed: 0.
 - uncommit_free_chunks: 1.
 - use_allocation_guard: 0.
 - handle_deallocations: 1.


Internal statistics:

num_allocs_failed_limit: 0.
num_arena_births: 262.
num_arena_deaths: 0.
num_vsnodes_births: 4.
num_vsnodes_deaths: 0.
num_space_committed: 311.
num_space_uncommitted: 0.
num_chunks_returned_to_freelist: 0.
num_chunks_taken_from_freelist: 984.
num_chunk_merges: 0.
num_chunk_splits: 659.
num_chunks_enlarged: 493.
num_purges: 0.

CodeHeap 'non-profiled nmethods': size=120000Kb used=2003Kb max_used=2003Kb free=117996Kb
 bounds [0x000002f192de0000, 0x000002f193050000, 0x000002f19a310000]
CodeHeap 'profiled nmethods': size=120000Kb used=10488Kb max_used=10488Kb free=109511Kb
 bounds [0x000002f18b8b0000, 0x000002f18c2f0000, 0x000002f192de0000]
CodeHeap 'non-nmethods': size=5760Kb used=1463Kb max_used=1549Kb free=4296Kb
 bounds [0x000002f18b310000, 0x000002f18b580000, 0x000002f18b8b0000]
 total_blobs=5740 nmethods=4916 adapters=735
 compilation: enabled
              stopped_count=0, restarted_count=0
 full_count=0

Compilation events (20 events):
Event: 94.383 Thread 0x000002f1a5ed5490 4912   !   4       com.sun.javafx.tk.Toolkit::firePulse (279 bytes)
Event: 94.678 Thread 0x000002f1a5ed5490 nmethod 4912 0x000002f192fc7c90 code [0x000002f192fc8040, 0x000002f192fccca8]
Event: 94.679 Thread 0x000002f1a5ed5490 4913       4       javafx.scene.input.MouseEvent::copyFor (18 bytes)
Event: 94.685 Thread 0x000002f1a5ed5490 nmethod 4913 0x000002f192fce910 code [0x000002f192fceac0, 0x000002f192fcef38]
Event: 94.781 Thread 0x000002f1a5ed5490 4914       4       com.sun.javafx.sg.prism.NGNode::doRender (473 bytes)
Event: 94.797 Thread 0x000002f1a5ed5490 nmethod 4914 0x000002f192fcf190 code [0x000002f192fcf440, 0x000002f192fd0010]
Event: 94.861 Thread 0x000002f1a5ed5490 4915       4       javafx.css.converter.DeriveColorConverter::convert (7 bytes)
Event: 94.862 Thread 0x000002f1a5ef7eb0 4916       1       com.sun.javafx.sg.prism.NGNode::getCacheFilter (5 bytes)
Event: 94.862 Thread 0x000002f1a5ef7eb0 nmethod 4916 0x000002f192fd0a10 code [0x000002f192fd0ba0, 0x000002f192fd0c78]
Event: 94.865 Thread 0x000002f1a5ed5490 nmethod 4915 0x000002f192fd0d10 code [0x000002f192fd0f00, 0x000002f192fd11c8]
Event: 94.865 Thread 0x000002f1a5ed5490 4917       4       com.sun.marlin.MaskMarlinAlphaConsumer::setAndClearRelativeAlphas (263 bytes)
Event: 94.879 Thread 0x000002f1a5ed5490 nmethod 4917 0x000002f192fd1590 code [0x000002f192fd1720, 0x000002f192fd1db8]
Event: 94.957 Thread 0x000002f1a5ed5490 4918       4       com.sun.javafx.util.Utils::deriveColor (327 bytes)
Event: 94.971 Thread 0x000002f1a5ed5490 nmethod 4918 0x000002f192fd2210 code [0x000002f192fd2580, 0x000002f192fd3478]
Event: 94.971 Thread 0x000002f1a5ed5490 4919       4       javafx.css.converter.StopConverter::convert (7 bytes)
Event: 94.977 Thread 0x000002f1a5ed5490 nmethod 4919 0x000002f192fd3d10 code [0x000002f192fd3f00, 0x000002f192fd4238]
Event: 95.575 Thread 0x000002f1a5ed5490 4920       4       com.sun.javafx.geom.Vec3d::length (33 bytes)
Event: 95.576 Thread 0x000002f1a5ed5490 nmethod 4920 0x000002f192fd4690 code [0x000002f192fd4800, 0x000002f192fd4898]
Event: 97.064 Thread 0x000002f1a5ed5490 4921       4       com.sun.javafx.geom.transform.Translate2D::inverseDeltaTransform (19 bytes)
Event: 97.065 Thread 0x000002f1a5ed5490 nmethod 4921 0x000002f192fd4990 code [0x000002f192fd4b20, 0x000002f192fd4bf8]

GC Heap History (4 events):
Event: 0.742 GC heap before
{Heap before GC invocations=0 (full 0):
 garbage-first heap   total 260096K, used 10240K [0x0000000702000000, 0x0000000800000000)
  region size 2048K, 6 young (12288K), 0 survivors (0K)
 Metaspace       used 2323K, committed 2496K, reserved 1056768K
  class space    used 235K, committed 320K, reserved 1048576K
}
Event: 0.745 GC heap after
{Heap after GC invocations=1 (full 0):
 garbage-first heap   total 260096K, used 1884K [0x0000000702000000, 0x0000000800000000)
  region size 2048K, 1 young (2048K), 1 survivors (2048K)
 Metaspace       used 2323K, committed 2496K, reserved 1056768K
  class space    used 235K, committed 320K, reserved 1048576K
}
Event: 1.200 GC heap before
{Heap before GC invocations=1 (full 0):
 garbage-first heap   total 260096K, used 16220K [0x0000000702000000, 0x0000000800000000)
  region size 2048K, 9 young (18432K), 1 survivors (2048K)
 Metaspace       used 7616K, committed 7808K, reserved 1064960K
  class space    used 944K, committed 1024K, reserved 1048576K
}
Event: 1.204 GC heap after
{Heap after GC invocations=2 (full 0):
 garbage-first heap   total 260096K, used 4496K [0x0000000702000000, 0x0000000800000000)
  region size 2048K, 2 young (4096K), 2 survivors (4096K)
 Metaspace       used 7616K, committed 7808K, reserved 1064960K
  class space    used 944K, committed 1024K, reserved 1048576K
}

Deoptimization events (20 events):
Event: 94.047 Thread 0x000002f1a73c7c10 DEOPT PACKING pc=0x000002f192f0aeec sp=0x000000fec6df4b80
Event: 94.047 Thread 0x000002f1a73c7c10 DEOPT UNPACKING pc=0x000002f18b35d72e sp=0x000000fec6df4848 mode 2
Event: 94.055 Thread 0x000002f1a73c7c10 Uncommon trap: trap_request=0xffffff45 fr.pc=0x000002f192f07f54 relative=0x0000000000000254
Event: 94.055 Thread 0x000002f1a73c7c10 Uncommon trap: reason=unstable_if action=reinterpret pc=0x000002f192f07f54 method=javafx.scene.Node.pickNode(Lcom/sun/javafx/geom/PickRay;Lcom/sun/javafx/scene/input/PickResultChooser;)V @ 18 c2
Event: 94.055 Thread 0x000002f1a73c7c10 DEOPT PACKING pc=0x000002f192f07f54 sp=0x000000fec6df4800
Event: 94.055 Thread 0x000002f1a73c7c10 DEOPT UNPACKING pc=0x000002f18b35d72e sp=0x000000fec6df4760 mode 2
Event: 94.863 Thread 0x000002f1a70d7730 Uncommon trap: trap_request=0xffffff45 fr.pc=0x000002f192f78aa4 relative=0x00000000000001c4
Event: 94.863 Thread 0x000002f1a70d7730 Uncommon trap: reason=unstable_if action=reinterpret pc=0x000002f192f78aa4 method=com.sun.javafx.geom.transform.AffineBase.updateState2D()V @ 33 c2
Event: 94.863 Thread 0x000002f1a70d7730 DEOPT PACKING pc=0x000002f192f78aa4 sp=0x000000fec66fe0a0
Event: 94.863 Thread 0x000002f1a70d7730 DEOPT UNPACKING pc=0x000002f18b35d72e sp=0x000000fec66fe038 mode 2
Event: 94.863 Thread 0x000002f1a70d7730 DEOPT PACKING pc=0x000002f18bb39738 sp=0x000000fec66fdd50
Event: 94.863 Thread 0x000002f1a70d7730 DEOPT UNPACKING pc=0x000002f18b35dece sp=0x000000fec66fd108 mode 0
Event: 97.952 Thread 0x000002f1a72fd0d0 Uncommon trap: trap_request=0xffffff45 fr.pc=0x000002f192f73f0c relative=0x000000000000016c
Event: 97.952 Thread 0x000002f1a72fd0d0 Uncommon trap: reason=unstable_if action=reinterpret pc=0x000002f192f73f0c method=java.util.concurrent.locks.ReentrantLock$NonfairSync.initialTryLock()Z @ 10 c2
Event: 97.952 Thread 0x000002f1a72fd0d0 DEOPT PACKING pc=0x000002f192f73f0c sp=0x000000fec53fef20
Event: 97.952 Thread 0x000002f1a72fd0d0 DEOPT UNPACKING pc=0x000002f18b35d72e sp=0x000000fec53feec8 mode 2
Event: 97.952 Thread 0x000002f1a72fd0d0 Uncommon trap: trap_request=0xffffff45 fr.pc=0x000002f192f3ab74 relative=0x00000000000000d4
Event: 97.952 Thread 0x000002f1a72fd0d0 Uncommon trap: reason=unstable_if action=reinterpret pc=0x000002f192f3ab74 method=java.util.concurrent.locks.ReentrantLock$Sync.tryRelease(I)Z @ 26 c2
Event: 97.952 Thread 0x000002f1a72fd0d0 DEOPT PACKING pc=0x000002f192f3ab74 sp=0x000000fec53fef20
Event: 97.952 Thread 0x000002f1a72fd0d0 DEOPT UNPACKING pc=0x000002f18b35d72e sp=0x000000fec53feec0 mode 2

Classes unloaded (0 events):
No events

Classes redefined (0 events):
No events

Internal exceptions (20 events):
Event: 6.599 Thread 0x000002f1a73c7c10 Exception <a 'java/lang/ClassNotFoundException'{0x00000007105c1510}: com/sun/javafx/scene/control/skin/resources/controls_es_CO> (0x00000007105c1510) 
thrown [t:\workspace\open\src\hotspot\share\prims\jni.cpp, line 600]
Event: 17.186 Thread 0x000002f1a73c7c10 Exception <a 'java/lang/NoSuchMethodError'{0x000000070f93c058}: 'void java.lang.invoke.DirectMethodHandle$Holder.invokeSpecial(java.lang.Object, java.lang.Object, java.lang.Object, java.lang.Object, java.lang.Object, java.lang.Object)'> (0x000000070f93c058) 
thrown [t:\workspace\open\src\hotspot\share\interpreter\linkResolver.cpp, line 790]
Event: 35.836 Thread 0x000002f1a70d7730 Exception <a 'java/lang/NoSuchMethodError'{0x000000070fa60f20}: 'java.lang.Object java.lang.invoke.DirectMethodHandle$Holder.invokeStaticInit(java.lang.Object, int)'> (0x000000070fa60f20) 
thrown [t:\workspace\open\src\hotspot\share\interpreter\linkResolver.cpp, line 790]
Event: 39.657 Thread 0x000002f1a73c7c10 Exception <a 'java/lang/NoSuchMethodError'{0x000000070ef82718}: 'java.lang.Object java.lang.invoke.DirectMethodHandle$Holder.newInvokeSpecial(java.lang.Object, java.lang.Object, int, int, int, int, int, java.lang.Object)'> (0x000000070ef82718) 
thrown [t:\workspace\open\src\hotspot\share\interpreter\linkResolver.cpp, line 790]
Event: 39.659 Thread 0x000002f1a73c7c10 Exception <a 'java/lang/NoSuchMethodError'{0x000000070ef96628}: 'java.lang.Object java.lang.invoke.DirectMethodHandle$Holder.newInvokeSpecial(java.lang.Object, java.lang.Object, java.lang.Object, int, int, int, int, int)'> (0x000000070ef96628) 
thrown [t:\workspace\open\src\hotspot\share\interpreter\linkResolver.cpp, line 790]
Event: 39.659 Thread 0x000002f1a73c7c10 Exception <a 'java/lang/NoSuchMethodError'{0x000000070ef9e6e8}: 'java.lang.Object java.lang.invoke.Invokers$Holder.linkToTargetMethod(java.lang.Object, java.lang.Object, int, int, int, int, int, java.lang.Object)'> (0x000000070ef9e6e8) 
thrown [t:\workspace\open\src\hotspot\share\interpreter\linkResolver.cpp, line 790]
Event: 43.766 Thread 0x000002f1a73c7c10 Exception <a 'java/lang/NoSuchMethodError'{0x000000070ed2fc38}: 'int java.lang.invoke.DirectMethodHandle$Holder.invokeVirtual(java.lang.Object, java.lang.Object)'> (0x000000070ed2fc38) 
thrown [t:\workspace\open\src\hotspot\share\interpreter\linkResolver.cpp, line 790]
Event: 43.768 Thread 0x000002f1a73c7c10 Exception <a 'java/lang/NoSuchMethodError'{0x000000070ed36b20}: 'void java.lang.invoke.DirectMethodHandle$Holder.invokeVirtual(java.lang.Object, java.lang.Object, int)'> (0x000000070ed36b20) 
thrown [t:\workspace\open\src\hotspot\share\interpreter\linkResolver.cpp, line 790]
Event: 83.480 Thread 0x000002f1a73c7c10 Implicit null exception at 0x000002f192f4ca60 to 0x000002f192f5691c
Event: 89.887 Thread 0x000002f1a73c7c10 Exception <a 'java/lang/ClassCastException'{0x000000070d862d08}: class control.Sal_viewController cannot be cast to class control.Shopp_viewController (control.Sal_viewController and control.Shopp_viewController are in unnamed module of loader 'app')> (0x000000070d862d08) 
thrown [t:\workspace\open\src\hotspot\share\interpreter\interpreterRuntime.cpp, line 441]
Event: 89.887 Thread 0x000002f1a73c7c10 Exception <a 'java/lang/reflect/InvocationTargetException'{0x000000070d863d20}> (0x000000070d863d20) 
thrown [t:\workspace\open\src\hotspot\share\runtime\reflection.cpp, line 1157]
Event: 91.283 Thread 0x000002f1a73c7c10 Exception <a 'java/lang/ClassCastException'{0x000000070d8ecdd0}: class control.Sal_viewController cannot be cast to class control.Shopp_viewController (control.Sal_viewController and control.Shopp_viewController are in unnamed module of loader 'app')> (0x000000070d8ecdd0) 
thrown [t:\workspace\open\src\hotspot\share\interpreter\interpreterRuntime.cpp, line 441]
Event: 91.283 Thread 0x000002f1a73c7c10 Exception <a 'java/lang/reflect/InvocationTargetException'{0x000000070d8edde8}> (0x000000070d8edde8) 
thrown [t:\workspace\open\src\hotspot\share\runtime\reflection.cpp, line 1157]
Event: 91.518 Thread 0x000002f1a73c7c10 Exception <a 'java/lang/ClassCastException'{0x000000070d975dc8}: class control.Sal_viewController cannot be cast to class control.Shopp_viewController (control.Sal_viewController and control.Shopp_viewController are in unnamed module of loader 'app')> (0x000000070d975dc8) 
thrown [t:\workspace\open\src\hotspot\share\interpreter\interpreterRuntime.cpp, line 441]
Event: 91.518 Thread 0x000002f1a73c7c10 Exception <a 'java/lang/reflect/InvocationTargetException'{0x000000070d976de0}> (0x000000070d976de0) 
thrown [t:\workspace\open\src\hotspot\share\runtime\reflection.cpp, line 1157]
Event: 93.604 Thread 0x000002f1a73c7c10 Exception <a 'java/lang/ClassNotFoundException'{0x000000070d67be00}: com/sun/javafx/scene/control/skin/resources/controls-nt> (0x000000070d67be00) 
thrown [t:\workspace\open\src\hotspot\share\prims\jni.cpp, line 600]
Event: 93.604 Thread 0x000002f1a73c7c10 Exception <a 'java/lang/ClassNotFoundException'{0x000000070d685148}: com/sun/javafx/scene/control/skin/resources/controls-nt_es> (0x000000070d685148) 
thrown [t:\workspace\open\src\hotspot\share\prims\jni.cpp, line 600]
Event: 93.605 Thread 0x000002f1a73c7c10 Exception <a 'java/lang/ClassNotFoundException'{0x000000070d6875d8}: com/sun/javafx/scene/control/skin/resources/controls-nt_es_CO> (0x000000070d6875d8) 
thrown [t:\workspace\open\src\hotspot\share\prims\jni.cpp, line 600]
Event: 93.642 Thread 0x000002f1a73c7c10 Exception <a 'java/lang/NoSuchMethodError'{0x000000070d779da8}: 'void java.lang.invoke.DirectMethodHandle$Holder.invokeSpecialIFC(java.lang.Object, java.lang.Object, java.lang.Object, java.lang.Object)'> (0x000000070d779da8) 
thrown [t:\workspace\open\src\hotspot\share\interpreter\linkResolver.cpp, line 790]
Event: 93.697 Thread 0x000002f1a73c7c10 Exception <a 'java/lang/NoSuchMethodError'{0x000000070d58bbe0}: 'int java.lang.invoke.DirectMethodHandle$Holder.invokeSpecial(java.lang.Object, java.lang.Object, int)'> (0x000000070d58bbe0) 
thrown [t:\workspace\open\src\hotspot\share\interpreter\linkResolver.cpp, line 790]

Events (20 events):
Event: 93.660 loading class java/util/BitSet$1BitSetSpliterator done
Event: 93.660 loading class java/util/stream/IntPipeline$1
Event: 93.661 loading class java/util/stream/IntPipeline$1 done
Event: 93.661 loading class java/util/stream/IntPipeline$1$1
Event: 93.661 loading class java/util/stream/IntPipeline$1$1 done
Event: 93.735 Executing  VM operation: HandshakeAllThreads
Event: 93.735 Executing  VM operation: HandshakeAllThreads done
Event: 94.735 Executing  VM operation: Cleanup
Event: 94.735 Executing  VM operation: Cleanup done
Event: 95.736 Executing  VM operation: Cleanup
Event: 95.736 Executing  VM operation: Cleanup done
Event: 96.736 Executing  VM operation: Cleanup
Event: 96.736 Executing  VM operation: Cleanup done
Event: 97.737 Executing  VM operation: Cleanup
Event: 97.737 Executing  VM operation: Cleanup done
Event: 97.946 Thread 0x000002f1a72fc630 Thread added: 0x000002f1a72fc630
Event: 97.946 Thread 0x000002f1a72fd0d0 Thread added: 0x000002f1a72fd0d0
Event: 97.950 Thread 0x000002f1a72fc630 Thread exited: 0x000002f1a72fc630
Event: 97.953 Thread 0x000002f1a72fd0d0 Thread exited: 0x000002f1a72fd0d0
Event: 97.953 Executing  VM operation: Exit


Dynamic libraries:
0x00007ff655b90000 - 0x00007ff655ba0000 	C:\Program Files\Java\jdk-16.0.1\bin\java.exe
0x00007ffd67da0000 - 0x00007ffd67faf000 	C:\WINDOWS\SYSTEM32\ntdll.dll
0x00007ffd66b30000 - 0x00007ffd66bed000 	C:\WINDOWS\System32\KERNEL32.DLL
0x00007ffd652c0000 - 0x00007ffd6564c000 	C:\WINDOWS\System32\KERNELBASE.dll
0x00007ffd65720000 - 0x00007ffd65831000 	C:\WINDOWS\System32\ucrtbase.dll
0x00007ffd54670000 - 0x00007ffd54689000 	C:\Program Files\Java\jdk-16.0.1\bin\VCRUNTIME140.dll
0x00007ffd59160000 - 0x00007ffd59178000 	C:\Program Files\Java\jdk-16.0.1\bin\jli.dll
0x00007ffd67b10000 - 0x00007ffd67bbe000 	C:\WINDOWS\System32\ADVAPI32.dll
0x00007ffd675d0000 - 0x00007ffd67674000 	C:\WINDOWS\System32\msvcrt.dll
0x00007ffd66bf0000 - 0x00007ffd66c91000 	C:\WINDOWS\System32\sechost.dll
0x00007ffd66ca0000 - 0x00007ffd66dbf000 	C:\WINDOWS\System32\RPCRT4.dll
0x00007ffd66260000 - 0x00007ffd66406000 	C:\WINDOWS\System32\USER32.dll
0x00007ffd65650000 - 0x00007ffd65676000 	C:\WINDOWS\System32\win32u.dll
0x00007ffd65d10000 - 0x00007ffd65d39000 	C:\WINDOWS\System32\GDI32.dll
0x00007ffd65900000 - 0x00007ffd65a17000 	C:\WINDOWS\System32\gdi32full.dll
0x00007ffd65680000 - 0x00007ffd6571a000 	C:\WINDOWS\System32\msvcp_win.dll
0x00007ffd5af80000 - 0x00007ffd5b221000 	C:\WINDOWS\WinSxS\amd64_microsoft.windows.common-controls_6595b64144ccf1df_6.0.22499.1000_none_268c46d844651e1d\COMCTL32.dll
0x00007ffd54780000 - 0x00007ffd5478a000 	C:\WINDOWS\SYSTEM32\VERSION.dll
0x00007ffd67590000 - 0x00007ffd675c1000 	C:\WINDOWS\System32\IMM32.DLL
0x00007ffd53080000 - 0x00007ffd5308c000 	C:\Program Files\Java\jdk-16.0.1\bin\vcruntime140_1.dll
0x00007ffd36820000 - 0x00007ffd368b1000 	C:\Program Files\Java\jdk-16.0.1\bin\msvcp140.dll
0x00007ffd188f0000 - 0x00007ffd1949b000 	C:\Program Files\Java\jdk-16.0.1\bin\server\jvm.dll
0x00007ffd66250000 - 0x00007ffd66258000 	C:\WINDOWS\System32\PSAPI.DLL
0x00007ffd56670000 - 0x00007ffd566a4000 	C:\WINDOWS\SYSTEM32\WINMM.dll
0x00007ffd56f30000 - 0x00007ffd56f39000 	C:\WINDOWS\SYSTEM32\WSOCK32.dll
0x00007ffd65c90000 - 0x00007ffd65d01000 	C:\WINDOWS\System32\WS2_32.dll
0x00007ffd64420000 - 0x00007ffd64438000 	C:\WINDOWS\SYSTEM32\kernel.appcore.dll
0x00007ffd4fdf0000 - 0x00007ffd4fdfa000 	C:\Program Files\Java\jdk-16.0.1\bin\jimage.dll
0x00007ffd5b510000 - 0x00007ffd5b736000 	C:\WINDOWS\SYSTEM32\DBGHELP.DLL
0x00007ffd676a0000 - 0x00007ffd67a1c000 	C:\WINDOWS\System32\combase.dll
0x00007ffd60e50000 - 0x00007ffd60e81000 	C:\WINDOWS\SYSTEM32\dbgcore.DLL
0x00007ffd65b80000 - 0x00007ffd65c00000 	C:\WINDOWS\System32\bcryptPrimitives.dll
0x00007ffd411a0000 - 0x00007ffd411c5000 	C:\Program Files\Java\jdk-16.0.1\bin\java.dll
0x00007ffd66dd0000 - 0x00007ffd67584000 	C:\WINDOWS\System32\SHELL32.dll
0x00007ffd63380000 - 0x00007ffd63bdd000 	C:\WINDOWS\SYSTEM32\windows.storage.dll
0x00007ffd63230000 - 0x00007ffd63379000 	C:\WINDOWS\SYSTEM32\wintypes.dll
0x00007ffd66880000 - 0x00007ffd66971000 	C:\WINDOWS\System32\SHCORE.dll
0x00007ffd65c00000 - 0x00007ffd65c5b000 	C:\WINDOWS\System32\shlwapi.dll
0x00007ffd65190000 - 0x00007ffd651b1000 	C:\WINDOWS\SYSTEM32\profapi.dll
0x00007ffd3b080000 - 0x00007ffd3b099000 	C:\Program Files\Java\jdk-16.0.1\bin\net.dll
0x00007ffd58a80000 - 0x00007ffd58b92000 	C:\WINDOWS\SYSTEM32\WINHTTP.dll
0x00007ffd64860000 - 0x00007ffd648c9000 	C:\WINDOWS\system32\mswsock.dll
0x00007ffd38260000 - 0x00007ffd38273000 	C:\Program Files\Java\jdk-16.0.1\bin\nio.dll
0x00007ffd37de0000 - 0x00007ffd37df8000 	C:\Program Files\Java\jdk-16.0.1\bin\zip.dll
0x000002f183af0000 - 0x000002f183af3000 	C:\Program Files\Java\javafx-sdk-17.0.1\bin\api-ms-win-core-console-l1-1-0.dll
0x000002f183b00000 - 0x000002f183b03000 	C:\Program Files\Java\javafx-sdk-17.0.1\bin\api-ms-win-core-console-l1-2-0.dll
0x000002f183b10000 - 0x000002f183b13000 	C:\Program Files\Java\javafx-sdk-17.0.1\bin\api-ms-win-core-datetime-l1-1-0.dll
0x000002f183b20000 - 0x000002f183b23000 	C:\Program Files\Java\javafx-sdk-17.0.1\bin\api-ms-win-core-debug-l1-1-0.dll
0x000002f183b30000 - 0x000002f183b33000 	C:\Program Files\Java\javafx-sdk-17.0.1\bin\api-ms-win-core-errorhandling-l1-1-0.dll
0x000002f183b40000 - 0x000002f183b44000 	C:\Program Files\Java\javafx-sdk-17.0.1\bin\api-ms-win-core-file-l1-1-0.dll
0x000002f183b50000 - 0x000002f183b53000 	C:\Program Files\Java\javafx-sdk-17.0.1\bin\api-ms-win-core-file-l1-2-0.dll
0x000002f183b60000 - 0x000002f183b63000 	C:\Program Files\Java\javafx-sdk-17.0.1\bin\api-ms-win-core-file-l2-1-0.dll
0x000002f1a5f10000 - 0x000002f1a5f13000 	C:\Program Files\Java\javafx-sdk-17.0.1\bin\api-ms-win-core-handle-l1-1-0.dll
0x000002f1a5f20000 - 0x000002f1a5f23000 	C:\Program Files\Java\javafx-sdk-17.0.1\bin\api-ms-win-core-heap-l1-1-0.dll
0x000002f1a5f30000 - 0x000002f1a5f33000 	C:\Program Files\Java\javafx-sdk-17.0.1\bin\api-ms-win-core-interlocked-l1-1-0.dll
0x000002f1a5f40000 - 0x000002f1a5f43000 	C:\Program Files\Java\javafx-sdk-17.0.1\bin\api-ms-win-core-libraryloader-l1-1-0.dll
0x000002f1a5f50000 - 0x000002f1a5f53000 	C:\Program Files\Java\javafx-sdk-17.0.1\bin\api-ms-win-core-localization-l1-2-0.dll
0x000002f1a5f60000 - 0x000002f1a5f63000 	C:\Program Files\Java\javafx-sdk-17.0.1\bin\api-ms-win-core-memory-l1-1-0.dll
0x000002f1a5f70000 - 0x000002f1a5f73000 	C:\Program Files\Java\javafx-sdk-17.0.1\bin\api-ms-win-core-namedpipe-l1-1-0.dll
0x000002f1a5f80000 - 0x000002f1a5f83000 	C:\Program Files\Java\javafx-sdk-17.0.1\bin\api-ms-win-core-processenvironment-l1-1-0.dll
0x000002f1a5f90000 - 0x000002f1a5f93000 	C:\Program Files\Java\javafx-sdk-17.0.1\bin\api-ms-win-core-processthreads-l1-1-0.dll
0x000002f1a5fa0000 - 0x000002f1a5fa3000 	C:\Program Files\Java\javafx-sdk-17.0.1\bin\api-ms-win-core-processthreads-l1-1-1.dll
0x000002f1a5fb0000 - 0x000002f1a5fb3000 	C:\Program Files\Java\javafx-sdk-17.0.1\bin\api-ms-win-core-profile-l1-1-0.dll
0x000002f1a5fc0000 - 0x000002f1a5fc3000 	C:\Program Files\Java\javafx-sdk-17.0.1\bin\api-ms-win-core-rtlsupport-l1-1-0.dll
0x000002f1a5fd0000 - 0x000002f1a5fd3000 	C:\Program Files\Java\javafx-sdk-17.0.1\bin\api-ms-win-core-string-l1-1-0.dll
0x000002f1a5fe0000 - 0x000002f1a5fe3000 	C:\Program Files\Java\javafx-sdk-17.0.1\bin\api-ms-win-core-synch-l1-1-0.dll
0x000002f1a5ff0000 - 0x000002f1a5ff3000 	C:\Program Files\Java\javafx-sdk-17.0.1\bin\api-ms-win-core-synch-l1-2-0.dll
0x000002f1a8500000 - 0x000002f1a8503000 	C:\Program Files\Java\javafx-sdk-17.0.1\bin\api-ms-win-core-sysinfo-l1-1-0.dll
0x000002f1a8510000 - 0x000002f1a8513000 	C:\Program Files\Java\javafx-sdk-17.0.1\bin\api-ms-win-core-timezone-l1-1-0.dll
0x000002f1a8520000 - 0x000002f1a8523000 	C:\Program Files\Java\javafx-sdk-17.0.1\bin\api-ms-win-core-util-l1-1-0.dll
0x000002f1a8530000 - 0x000002f1a8533000 	C:\Program Files\Java\javafx-sdk-17.0.1\bin\api-ms-win-crt-conio-l1-1-0.dll
0x000002f1a8540000 - 0x000002f1a8544000 	C:\Program Files\Java\javafx-sdk-17.0.1\bin\api-ms-win-crt-convert-l1-1-0.dll
0x000002f1a8550000 - 0x000002f1a8553000 	C:\Program Files\Java\javafx-sdk-17.0.1\bin\api-ms-win-crt-environment-l1-1-0.dll
0x000002f1a8560000 - 0x000002f1a8563000 	C:\Program Files\Java\javafx-sdk-17.0.1\bin\api-ms-win-crt-filesystem-l1-1-0.dll
0x000002f1a8570000 - 0x000002f1a8573000 	C:\Program Files\Java\javafx-sdk-17.0.1\bin\api-ms-win-crt-heap-l1-1-0.dll
0x000002f1a8580000 - 0x000002f1a8583000 	C:\Program Files\Java\javafx-sdk-17.0.1\bin\api-ms-win-crt-locale-l1-1-0.dll
0x000002f1a8590000 - 0x000002f1a8595000 	C:\Program Files\Java\javafx-sdk-17.0.1\bin\api-ms-win-crt-math-l1-1-0.dll
0x000002f1a85a0000 - 0x000002f1a85a5000 	C:\Program Files\Java\javafx-sdk-17.0.1\bin\api-ms-win-crt-multibyte-l1-1-0.dll
0x000002f1a85b0000 - 0x000002f1a85c0000 	C:\Program Files\Java\javafx-sdk-17.0.1\bin\api-ms-win-crt-private-l1-1-0.dll
0x000002f1a85c0000 - 0x000002f1a85c3000 	C:\Program Files\Java\javafx-sdk-17.0.1\bin\api-ms-win-crt-process-l1-1-0.dll
0x000002f1a85d0000 - 0x000002f1a85d4000 	C:\Program Files\Java\javafx-sdk-17.0.1\bin\api-ms-win-crt-runtime-l1-1-0.dll
0x000002f1a85e0000 - 0x000002f1a85e4000 	C:\Program Files\Java\javafx-sdk-17.0.1\bin\api-ms-win-crt-stdio-l1-1-0.dll
0x000002f1a85f0000 - 0x000002f1a85f4000 	C:\Program Files\Java\javafx-sdk-17.0.1\bin\api-ms-win-crt-string-l1-1-0.dll
0x000002f1a8600000 - 0x000002f1a8603000 	C:\Program Files\Java\javafx-sdk-17.0.1\bin\api-ms-win-crt-time-l1-1-0.dll
0x000002f1a8610000 - 0x000002f1a8613000 	C:\Program Files\Java\javafx-sdk-17.0.1\bin\api-ms-win-crt-utility-l1-1-0.dll
0x00007ffd58fb0000 - 0x00007ffd590ac000 	C:\Program Files\Java\javafx-sdk-17.0.1\bin\ucrtbase.dll
0x00007ffd58f90000 - 0x00007ffd58faa000 	C:\Program Files\Java\javafx-sdk-17.0.1\bin\vcruntime140.dll
0x00007ffd62950000 - 0x00007ffd6295c000 	C:\Program Files\Java\javafx-sdk-17.0.1\bin\vcruntime140_1.dll
0x00007ffd3a280000 - 0x00007ffd3a30d000 	C:\Program Files\Java\javafx-sdk-17.0.1\bin\msvcp140.dll
0x00007ffd48d90000 - 0x00007ffd48dba000 	C:\Program Files\Java\javafx-sdk-17.0.1\bin\prism_d3d.dll
0x00007ffd27f70000 - 0x00007ffd28116000 	C:\WINDOWS\system32\d3d9.dll
0x00007ffd62e50000 - 0x00007ffd62e80000 	C:\WINDOWS\SYSTEM32\dwmapi.dll
0x00007ffd62d00000 - 0x00007ffd62d38000 	C:\WINDOWS\SYSTEM32\dxcore.dll
0x00007ffd62c20000 - 0x00007ffd62ccb000 	C:\WINDOWS\system32\uxtheme.dll
0x00007ffcfe3a0000 - 0x00007ffcfe577000 	C:\WINDOWS\System32\DriverStore\FileRepository\igdlh64.inf_amd64_4645af5c659ae51a\igdumdim64.dll
0x00007ffcff220000 - 0x00007ffd0221d000 	C:\WINDOWS\System32\DriverStore\FileRepository\igdlh64.inf_amd64_4645af5c659ae51a\igd9dxva64.dll
0x00007ffd67bc0000 - 0x00007ffd67d5a000 	C:\WINDOWS\System32\ole32.dll
0x00007ffd65d40000 - 0x00007ffd65e17000 	C:\WINDOWS\System32\OLEAUT32.dll
0x00007ffd60dc0000 - 0x00007ffd60e04000 	C:\WINDOWS\SYSTEM32\directxdatabasehelper.dll
0x00007ffd46630000 - 0x00007ffd46672000 	C:\Program Files\Java\javafx-sdk-17.0.1\bin\glass.dll
0x00007ffd66980000 - 0x00007ffd66a6a000 	C:\WINDOWS\System32\COMDLG32.dll
0x00007ffd65e20000 - 0x00007ffd65f3d000 	C:\WINDOWS\System32\MSCTF.dll
0x00007ffd5b770000 - 0x00007ffd5d505000 	C:\WINDOWS\System32\DriverStore\FileRepository\igdlh64.inf_amd64_4645af5c659ae51a\igc64.dll
0x00007ffd48960000 - 0x00007ffd4898d000 	C:\Program Files\Java\javafx-sdk-17.0.1\bin\javafx_iio.dll
0x00007ffd57490000 - 0x00007ffd574a4000 	C:\Program Files\Java\javafx-sdk-17.0.1\bin\javafx_font.dll
0x00007ffd486e0000 - 0x00007ffd48946000 	C:\WINDOWS\SYSTEM32\dwrite.dll
0x00007ffd66100000 - 0x00007ffd661af000 	C:\WINDOWS\System32\clbcatq.dll
0x00007ffd5fc10000 - 0x00007ffd5fdbe000 	C:\WINDOWS\SYSTEM32\WindowsCodecs.dll
0x00007ffd37160000 - 0x00007ffd371bd000 	C:\WINDOWS\system32\dataexchange.dll
0x00007ffd5f2b0000 - 0x00007ffd5f51c000 	C:\WINDOWS\system32\twinapi.appcore.dll
0x00007ffd37d50000 - 0x00007ffd37d82000 	C:\Program Files\Common Files\Microsoft Shared\Ink\rtscom.dll
0x00007ffd4e610000 - 0x00007ffd4e73c000 	C:\WINDOWS\SYSTEM32\textinputframework.dll
0x00007ffd62410000 - 0x00007ffd6253d000 	C:\WINDOWS\SYSTEM32\CoreMessaging.dll
0x00007ffd60760000 - 0x00007ffd60acb000 	C:\WINDOWS\SYSTEM32\CoreUIComponents.dll
0x00007ffd64ad0000 - 0x00007ffd64adc000 	C:\WINDOWS\SYSTEM32\CRYPTBASE.DLL

dbghelp: loaded successfully - version: 4.0.5 - missing functions: none
symbol engine: initialized successfully - sym options: 0x614 - pdb path: .;C:\Program Files\Java\jdk-16.0.1\bin;C:\WINDOWS\SYSTEM32;C:\WINDOWS\WinSxS\amd64_microsoft.windows.common-controls_6595b64144ccf1df_6.0.22499.1000_none_268c46d844651e1d;C:\Program Files\Java\jdk-16.0.1\bin\server;C:\Program Files\Java\javafx-sdk-17.0.1\bin;C:\WINDOWS\System32\DriverStore\FileRepository\igdlh64.inf_amd64_4645af5c659ae51a;C:\Program Files\Common Files\Microsoft Shared\Ink

VM Arguments:
jvm_args: -Dfile.encoding=UTF-8 --add-modules=javafx.controls,javafx.fxml --module-path=C:\Users\Adames\Music\Universidad\POO\HG_Performance\build\classes;C:\Program Files\Java\javafx-sdk-17.0.1\lib\javafx-swt.jar;C:\Program Files\Java\javafx-sdk-17.0.1\lib\javafx.base.jar;C:\Program Files\Java\javafx-sdk-17.0.1\lib\javafx.controls.jar;C:\Program Files\Java\javafx-sdk-17.0.1\lib\javafx.fxml.jar;C:\Program Files\Java\javafx-sdk-17.0.1\lib\javafx.graphics.jar;C:\Program Files\Java\javafx-sdk-17.0.1\lib\javafx.media.jar;C:\Program Files\Java\javafx-sdk-17.0.1\lib\javafx.swing.jar;C:\Program Files\Java\javafx-sdk-17.0.1\lib\javafx.web.jar 
java_command: start.HG_Performance
java_class_path (initial): C:\Program Files\Java\javafx-sdk-17.0.1\lib\javafx-swt.jar;C:\Program Files\Java\javafx-sdk-17.0.1\lib\javafx.base.jar;C:\Program Files\Java\javafx-sdk-17.0.1\lib\javafx.controls.jar;C:\Program Files\Java\javafx-sdk-17.0.1\lib\javafx.fxml.jar;C:\Program Files\Java\javafx-sdk-17.0.1\lib\javafx.graphics.jar;C:\Program Files\Java\javafx-sdk-17.0.1\lib\javafx.media.jar;C:\Program Files\Java\javafx-sdk-17.0.1\lib\javafx.swing.jar;C:\Program Files\Java\javafx-sdk-17.0.1\lib\javafx.web.jar;C:\Users\Adames\Music\Universidad\POO\HG_Performance\build\classes
Launcher Type: SUN_STANDARD

[Global flags]
     intx CICompilerCount                          = 3                                         {product} {ergonomic}
     uint ConcGCThreads                            = 1                                         {product} {ergonomic}
     uint G1ConcRefinementThreads                  = 4                                         {product} {ergonomic}
   size_t G1HeapRegionSize                         = 2097152                                   {product} {ergonomic}
    uintx GCDrainStackTargetSize                   = 64                                        {product} {ergonomic}
   size_t InitialHeapSize                          = 266338304                                 {product} {ergonomic}
   size_t MarkStackSize                            = 4194304                                   {product} {ergonomic}
   size_t MaxHeapSize                              = 4261412864                                {product} {ergonomic}
   size_t MaxNewSize                               = 2556428288                                {product} {ergonomic}
   size_t MinHeapDeltaBytes                        = 2097152                                   {product} {ergonomic}
   size_t MinHeapSize                              = 8388608                                   {product} {ergonomic}
    uintx NonNMethodCodeHeapSize                   = 5832780                                {pd product} {ergonomic}
    uintx NonProfiledCodeHeapSize                  = 122912730                              {pd product} {ergonomic}
    uintx ProfiledCodeHeapSize                     = 122912730                              {pd product} {ergonomic}
    uintx ReservedCodeCacheSize                    = 251658240                              {pd product} {ergonomic}
     bool SegmentedCodeCache                       = true                                      {product} {ergonomic}
   size_t SoftMaxHeapSize                          = 4261412864                             {manageable} {ergonomic}
     bool UseCompressedClassPointers               = true                           {product lp64_product} {ergonomic}
     bool UseCompressedOops                        = true                           {product lp64_product} {ergonomic}
     bool UseG1GC                                  = true                                      {product} {ergonomic}
     bool UseLargePagesIndividualAllocation        = false                                  {pd product} {ergonomic}

Logging:
Log output configuration:
 #0: stdout all=off uptime,level,tags
 #1: stderr all=off uptime,level,tags

Environment Variables:
PATH=C:\ProgramData\Oracle\Java\javapath;C:\Program Files\Common Files\Oracle\Java\javapath;C:\Program Files (x86)\Common Files\Oracle\Java\javapath;C:\WINDOWS\system32;C:\WINDOWS;C:\WINDOWS\System32\Wbem;C:\WINDOWS\System32\WindowsPowerShell\v1.0\;C:\WINDOWS\System32\OpenSSH\;C:\Program Files\Huawei QuickApp IDE\resources\app\extensions\deveco-debug\lib\toolkit\nodeTool;C:\Program Files\Huawei QuickApp IDE\resources\app\extensions\deveco-debug\lib\toolkit;C:\Program Files\Microsoft SQL Server\130\Tools\Binn\;C:\ProgramData\chocolatey\bin;C:\Program Files\Git\cmd;C:\Users\Adames\AppData\Local\Programs\Python\Python39\Scripts\;C:\Users\Adames\AppData\Local\Programs\Python\Python39\;C:\Users\Adames\AppData\Local\Microsoft\WindowsApps;C:\Users\Adames\AppData\Local\GitHubDesktop\bin;C:\Users\Adames\AppData\Local\Programs\Microsoft VS Code\bin;
USERNAME=Adames
OS=Windows_NT
PROCESSOR_IDENTIFIER=Intel64 Family 6 Model 78 Stepping 3, GenuineIntel



---------------  S Y S T E M  ---------------

OS:
 Windows 10 , 64 bit Build 22499 (10.0.22499.1000)
OS uptime: 0 days 3:24 hours

CPU: total 4 (initial active 4) (2 cores per cpu, 2 threads per core) family 6 model 78 stepping 3 microcode 0xea, cx8, cmov, fxsr, ht, mmx, 3dnowpref, sse, sse2, sse3, ssse3, sse4.1, sse4.2, popcnt, lzcnt, tsc, tscinvbit, avx, avx2, aes, erms, clmul, bmi1, bmi2, adx, fma, vzeroupper, clflush, clflushopt

Memory: 4k page, system-wide physical 16255M (8426M free)
TotalPageFile size 20095M (AvailPageFile size 9839M)
current process WorkingSet (physical memory assigned to process): 202M, peak: 216M
current process commit charge ("private bytes"): 417M, peak: 442M

vm_info: Java HotSpot(TM) 64-Bit Server VM (16.0.1+9-24) for windows-amd64 JRE (16.0.1+9-24), built on Mar 26 2021 19:31:42 by "mach5one" with MS VC++ 16.7 (VS2019)

END.
