#
# A fatal error has been detected by the Java Runtime Environment:
#
#  EXCEPTION_ACCESS_VIOLATION (0xc0000005) at pc=0x00007ff91ff362d7, pid=19276, tid=14072
#
# JRE version: Java(TM) SE Runtime Environment (17.0.2+8) (build 17.0.2+8-LTS-86)
# Java VM: Java HotSpot(TM) 64-Bit Server VM (17.0.2+8-LTS-86, mixed mode, sharing, tiered, compressed oops, compressed class ptrs, g1 gc, windows-amd64)
# Problematic frame:
# C  [glass.dll+0x262d7]
#
# No core dump will be written. Minidumps are not enabled by default on client versions of Windows
#
# If you would like to submit a bug report, please visit:
#   https://bugreport.java.com/bugreport/crash.jsp
#

---------------  S U M M A R Y ------------

Command Line: -Dfile.encoding=UTF-8 --add-modules=javafx.controls,javafx.fxml --module-path=C:\Users\juanc\OneDrive\Documentos\Universidad 3\POO\SEATORA\build\classes;C:\Program Files\Java\javafx-sdk-18.0.1\lib\javafx-swt.jar;C:\Program Files\Java\javafx-sdk-18.0.1\lib\javafx.base.jar;C:\Program Files\Java\javafx-sdk-18.0.1\lib\javafx.controls.jar;C:\Program Files\Java\javafx-sdk-18.0.1\lib\javafx.fxml.jar;C:\Program Files\Java\javafx-sdk-18.0.1\lib\javafx.graphics.jar;C:\Program Files\Java\javafx-sdk-18.0.1\lib\javafx.media.jar;C:\Program Files\Java\javafx-sdk-18.0.1\lib\javafx.swing.jar;C:\Program Files\Java\javafx-sdk-18.0.1\lib\javafx.web.jar start.Seatora

Host: AMD Ryzen 7 5800H with Radeon Graphics         , 16 cores, 23G,  Windows 11 , 64 bit Build 22000 (10.0.22000.675)
Time: Thu May 26 00:08:03 2022 Hora est. Pacífico, Sudamérica elapsed time: 23.699202 seconds (0d 0h 0m 23s)

---------------  T H R E A D  ---------------

Current thread (0x00000175dc941560):  VMThread "VM Thread" [stack: 0x000000716c300000,0x000000716c400000] [id=14072]

Stack: [0x000000716c300000,0x000000716c400000],  sp=0x000000716c3fed90,  free space=1019k
Native frames: (J=compiled Java code, j=interpreted, Vv=VM code, C=native code)
C  [glass.dll+0x262d7]


siginfo: EXCEPTION_ACCESS_VIOLATION (0xc0000005), reading address 0x0000000000000000


Register to memory mapping:

RIP=0x00007ff91ff362d7 glass.dll
RAX=0x0 is NULL
RBX=0x00000175dc9551f0 is a global jni handle
RCX=0x00000175dc941560 points into unknown readable memory: 0x00007ff8c679e890 | 90 e8 79 c6 f8 7f 00 00
RDX=0x000000716c3fed90 points into unknown readable memory: 0x0000000000000000 | 00 00 00 00 00 00 00 00
RSP=0x000000716c3fed90 points into unknown readable memory: 0x0000000000000000 | 00 00 00 00 00 00 00 00
RBP=0x00000175dda5ee48 points into unknown readable memory: 0x00004b90327d9ee2 | e2 9e 7d 32 90 4b 00 00
RSI=0x00000175dda5ee20 points into unknown readable memory: 0x7fcc90e0327c6106 | 06 61 7c 32 e0 90 cc 7f
RDI=0x00004b90327d9ee2 is an unknown value
R8 =0x0000000000010002 is an unknown value
R9 =0x00004b90327d9ee2 is an unknown value
R10=0x85f13e9656da4870 is an unknown value
R11=0x000000716c3fed20 points into unknown readable memory: 0x00000175dda5ee20 | 20 ee a5 dd 75 01 00 00
R12=0x00007ff91ff33bc4 glass.dll
R13=0x00007ff8c69449d0 jvm.dll
R14=0x000000716c3fee98 points into unknown readable memory: 0x000000716c3fee80 | 80 ee 3f 6c 71 00 00 00
R15=0x00000175dda5ee20 points into unknown readable memory: 0x7fcc90e0327c6106 | 06 61 7c 32 e0 90 cc 7f


Registers:
RAX=0x0000000000000000, RBX=0x00000175dc9551f0, RCX=0x00000175dc941560, RDX=0x000000716c3fed90
RSP=0x000000716c3fed90, RBP=0x00000175dda5ee48, RSI=0x00000175dda5ee20, RDI=0x00004b90327d9ee2
R8 =0x0000000000010002, R9 =0x00004b90327d9ee2, R10=0x85f13e9656da4870, R11=0x000000716c3fed20
R12=0x00007ff91ff33bc4, R13=0x00007ff8c69449d0, R14=0x000000716c3fee98, R15=0x00000175dda5ee20
RIP=0x00007ff91ff362d7, EFLAGS=0x0000000000010206

Top of Stack: (sp=0x000000716c3fed90)
0x000000716c3fed90:   0000000000000000 00000175dda5ee20
0x000000716c3feda0:   00007ff8c69449d0 00007ff91ff33bc4
0x000000716c3fedb0:   00000175dda5ee28 00007ff95a64bea0
0x000000716c3fedc0:   00004b90327d9ee2 0000017500000000
0x000000716c3fedd0:   00000175dda5ee48 00000175dda5ee20
0x000000716c3fede0:   fffffffffffffffe 0000000000000000
0x000000716c3fedf0:   0000000000000001 00007ff91ff10000
0x000000716c3fee00:   000000716c3fee88 00007ff95a64bdb7
0x000000716c3fee10:   0000000000000000 000000716c3fee98
0x000000716c3fee20:   000000716c3ff170 00007ff95a7312b0
0x000000716c3fee30:   0000000000000001 00007ff95a64bd6d
0x000000716c3fee40:   0000000000000000 0000000000000001
0x000000716c3fee50:   0000000000000000 000000716c3fee88
0x000000716c3fee60:   fffffffffffffffe 0000007100000000
0x000000716c3fee70:   ffffffff00000001 00007ff91ff33a51
0x000000716c3fee80:   00007ff91ff49f88 00007ff800000002 

Instructions: (pc=0x00007ff91ff362d7)
0x00007ff91ff361d7:   8b 4d 58 e8 2d cf ff ff 48 8b 4d 60 e8 24 cf ff
0x00007ff91ff361e7:   ff 48 8b 95 80 00 00 00 48 8b 8d 18 01 00 00 e8
0x00007ff91ff361f7:   16 c4 ff ff 33 d2 33 c9 e8 5c e1 ff ff 90 48 89
0x00007ff91ff36207:   54 24 10 55 48 83 ec 20 48 8b ea 48 b8 00 00 00
0x00007ff91ff36217:   00 00 00 00 00 48 83 c4 20 5d c3 cc 40 55 48 8b
0x00007ff91ff36227:   ea 48 8b 01 33 c9 81 38 05 00 00 c0 0f 94 c1 8b
0x00007ff91ff36237:   c1 5d c3 cc 40 55 48 83 ec 20 48 8b ea 8a 4d 40
0x00007ff91ff36247:   48 83 c4 20 5d e9 17 d3 ff ff cc 40 55 48 83 ec
0x00007ff91ff36257:   20 48 8b ea 8a 4d 20 e8 05 d3 ff ff 90 48 83 c4
0x00007ff91ff36267:   20 5d c3 cc 40 55 48 83 ec 20 48 8b ea 48 83 c4
0x00007ff91ff36277:   20 5d e9 66 d1 ff ff cc 40 55 48 83 ec 30 48 8b
0x00007ff91ff36287:   ea 48 8b 01 8b 10 48 89 4c 24 28 89 54 24 20 4c
0x00007ff91ff36297:   8d 0d 07 d6 ff ff 4c 8b 45 70 8b 55 68 48 8b 4d
0x00007ff91ff362a7:   60 e8 a7 d0 ff ff 90 48 83 c4 30 5d c3 cc cc cc
0x00007ff91ff362b7:   cc cc cc cc cc cc cc cc cc 40 53 48 83 ec 20 48
0x00007ff91ff362c7:   8b 1d bb 36 01 00 48 85 db 74 16 e8 59 8b ff ff
0x00007ff91ff362d7:   4c 8b 00 48 8b d3 48 8b c8 41 ff 90 b0 00 00 00
0x00007ff91ff362e7:   90 48 83 c4 20 5b c3 cc cc 40 53 48 83 ec 20 48
0x00007ff91ff362f7:   8b 1d 2b 38 01 00 48 85 db 74 57 b8 ff ff ff ff
0x00007ff91ff36307:   f0 0f c1 43 10 83 f8 01 75 3d 48 85 db 74 38 48
0x00007ff91ff36317:   8b 0b 48 85 c9 74 0d ff 15 84 0f 00 00 48 c7 03
0x00007ff91ff36327:   00 00 00 00 48 8b 4b 08 48 85 c9 74 0d e8 d3 cd
0x00007ff91ff36337:   ff ff 48 c7 43 08 00 00 00 00 ba 18 00 00 00 48
0x00007ff91ff36347:   8b cb e8 be cd ff ff 48 c7 05 cf 37 01 00 00 00
0x00007ff91ff36357:   00 00 48 83 c4 20 5b c3 cc 40 53 48 83 ec 20 48
0x00007ff91ff36367:   8b 1d 9b 37 01 00 48 85 db 74 57 b8 ff ff ff ff
0x00007ff91ff36377:   f0 0f c1 43 10 83 f8 01 75 3d 48 85 db 74 38 48
0x00007ff91ff36387:   8b 0b 48 85 c9 74 0d ff 15 14 0f 00 00 48 c7 03
0x00007ff91ff36397:   00 00 00 00 48 8b 4b 08 48 85 c9 74 0d e8 63 cd
0x00007ff91ff363a7:   ff ff 48 c7 43 08 00 00 00 00 ba 18 00 00 00 48
0x00007ff91ff363b7:   8b cb e8 4e cd ff ff 48 c7 05 3f 37 01 00 00 00
0x00007ff91ff363c7:   00 00 48 83 c4 20 5b c3 cc 40 53 48 83 ec 20 48 


Stack slot to memory mapping:
stack at sp + 0 slots: 0x0 is NULL
stack at sp + 1 slots: 0x00000175dda5ee20 points into unknown readable memory: 0x7fcc90e0327c6106 | 06 61 7c 32 e0 90 cc 7f
stack at sp + 2 slots: 0x00007ff8c69449d0 jvm.dll
stack at sp + 3 slots: 0x00007ff91ff33bc4 glass.dll
stack at sp + 4 slots: 0x00000175dda5ee28 points into unknown readable memory: 0x00004b90327d9ee2 | e2 9e 7d 32 90 4b 00 00
stack at sp + 5 slots: 0x00007ff95a64bea0 ucrtbase.dll
stack at sp + 6 slots: 0x00004b90327d9ee2 is an unknown value
stack at sp + 7 slots: 0x0000017500000000 is an unknown value

VM_Operation (0x000000716dbf6070): Exit, mode: safepoint, requested by thread 0x00000175de08c100


---------------  P R O C E S S  ---------------

Threads class SMR info:
_java_thread_list=0x00000175de9581d0, length=19, elements={
0x00000175b2449e40, 0x00000175dc945450, 0x00000175dc9480d0, 0x00000175dc95af10,
0x00000175dc95b8c0, 0x00000175dc95c270, 0x00000175dc95cc20, 0x00000175dc95d9b0,
0x00000175dc969960, 0x00000175dc96d370, 0x00000175dd4e4710, 0x00000175de46d750,
0x00000175ddd96980, 0x00000175de1e8860, 0x00000175de08c100, 0x00000175de8a2260,
0x00000175de8bccf0, 0x00000175dee66540, 0x00000175ded9cad0
}

Java Threads: ( => current thread )
  0x00000175b2449e40 JavaThread "main" [_thread_blocked, id=10504, stack(0x000000716bd00000,0x000000716be00000)]
  0x00000175dc945450 JavaThread "Reference Handler" daemon [_thread_blocked, id=21724, stack(0x000000716c400000,0x000000716c500000)]
  0x00000175dc9480d0 JavaThread "Finalizer" daemon [_thread_blocked, id=12632, stack(0x000000716c500000,0x000000716c600000)]
  0x00000175dc95af10 JavaThread "Signal Dispatcher" daemon [_thread_blocked, id=5028, stack(0x000000716c600000,0x000000716c700000)]
  0x00000175dc95b8c0 JavaThread "Attach Listener" daemon [_thread_blocked, id=22020, stack(0x000000716c700000,0x000000716c800000)]
  0x00000175dc95c270 JavaThread "Service Thread" daemon [_thread_blocked, id=19028, stack(0x000000716c800000,0x000000716c900000)]
  0x00000175dc95cc20 JavaThread "Monitor Deflation Thread" daemon [_thread_blocked, id=11300, stack(0x000000716c900000,0x000000716ca00000)]
  0x00000175dc95d9b0 JavaThread "C2 CompilerThread0" daemon [_thread_blocked, id=19416, stack(0x000000716ca00000,0x000000716cb00000)]
  0x00000175dc969960 JavaThread "C1 CompilerThread0" daemon [_thread_blocked, id=8848, stack(0x000000716cb00000,0x000000716cc00000)]
  0x00000175dc96d370 JavaThread "Sweeper thread" daemon [_thread_blocked, id=21132, stack(0x000000716cc00000,0x000000716cd00000)]
  0x00000175dd4e4710 JavaThread "Common-Cleaner" daemon [_thread_blocked, id=11748, stack(0x000000716ce00000,0x000000716cf00000)]
  0x00000175de46d750 JavaThread "Notification Thread" daemon [_thread_blocked, id=8212, stack(0x000000716d600000,0x000000716d700000)]
  0x00000175ddd96980 JavaThread "QuantumRenderer-0" daemon [_thread_blocked, id=19736, stack(0x000000716d800000,0x000000716d900000)]
  0x00000175de1e8860 JavaThread "InvokeLaterDispatcher" daemon [_thread_blocked, id=17348, stack(0x000000716da00000,0x000000716db00000)]
  0x00000175de08c100 JavaThread "JavaFX Application Thread" [_thread_blocked, id=12900, stack(0x000000716db00000,0x000000716dc00000)]
  0x00000175de8a2260 JavaThread "JavaFX-Launcher" [_thread_blocked, id=19492, stack(0x000000716dd00000,0x000000716de00000)]
  0x00000175de8bccf0 JavaThread "Thread-2" daemon [_thread_in_native, id=21048, stack(0x000000716d500000,0x000000716d600000)]
  0x00000175dee66540 JavaThread "Prism Font Disposer" daemon [_thread_blocked, id=10244, stack(0x000000716e600000,0x000000716e700000)]
  0x00000175ded9cad0 JavaThread "Cleaner-0" daemon [_thread_blocked, id=14540, stack(0x000000716ea50000,0x000000716eb50000)]

Other Threads:
=>0x00000175dc941560 VMThread "VM Thread" [stack: 0x000000716c300000,0x000000716c400000] [id=14072]
  0x00000175b46a0cd0 GCTaskThread "GC Thread#0" [stack: 0x000000716be00000,0x000000716bf00000] [id=19872]
  0x00000175de8a5d40 GCTaskThread "GC Thread#1" [stack: 0x000000716de00000,0x000000716df00000] [id=8540]
  0x00000175de8d6100 GCTaskThread "GC Thread#2" [stack: 0x000000716df00000,0x000000716e000000] [id=19864]
  0x00000175de8d63b0 GCTaskThread "GC Thread#3" [stack: 0x000000716e000000,0x000000716e100000] [id=21044]
  0x00000175de8d6a70 GCTaskThread "GC Thread#4" [stack: 0x000000716e100000,0x000000716e200000] [id=11196]
  0x00000175de8d6d20 GCTaskThread "GC Thread#5" [stack: 0x000000716e200000,0x000000716e300000] [id=12952]
  0x00000175de8d73e0 GCTaskThread "GC Thread#6" [stack: 0x000000716e300000,0x000000716e400000] [id=764]
  0x00000175de9c9480 GCTaskThread "GC Thread#7" [stack: 0x000000716e400000,0x000000716e500000] [id=19828]
  0x00000175de9c9730 GCTaskThread "GC Thread#8" [stack: 0x000000716e500000,0x000000716e600000] [id=16816]
  0x00000175deb29870 GCTaskThread "GC Thread#9" [stack: 0x000000716d200000,0x000000716d300000] [id=18360]
  0x00000175b46ad9e0 ConcurrentGCThread "G1 Main Marker" terminated
  0x00000175b46ae2f0 ConcurrentGCThread "G1 Conc#0" [stack: 0x000000716c000000,0x000000716c100000] [id=18576]
  0x00000175b4717200 ConcurrentGCThread "G1 Refine#0" terminated
  0x00000175b4717b20 ConcurrentGCThread "G1 Service" terminated

Threads with active compile tasks:

VM state: at safepoint (shutting down)

VM Mutex/Monitor currently owned by a thread:  ([mutex/lock_event])
[0x00000175b46420a0] Threads_lock - owner thread: 0x00000175dc941560
[0x00000175b4641b00] Heap_lock - owner thread: 0x00000175de08c100

Heap address: 0x0000000682400000, size: 6108 MB, Compressed Oops mode: Zero based, Oop shift amount: 3

CDS archive(s) mapped at: [0x0000000800000000-0x0000000800bc0000-0x0000000800bc0000), size 12320768, SharedBaseAddress: 0x0000000800000000, ArchiveRelocationMode: 0.
Compressed class space mapped at: 0x0000000800c00000-0x0000000840c00000, reserved size: 1073741824
Narrow klass base: 0x0000000800000000, Narrow klass shift: 0, Narrow klass range: 0x100000000

GC Precious Log:
 CPUs: 16 total, 16 available
 Memory: 24428M
 Large Page Support: Disabled
 NUMA Support: Disabled
 Compressed Oops: Enabled (Zero based)
 Heap Region Size: 4M
 Heap Min Capacity: 8M
 Heap Initial Capacity: 384M
 Heap Max Capacity: 6108M
 Pre-touch: Disabled
 Parallel Workers: 13
 Concurrent Workers: 3
 Concurrent Refinement Workers: 13
 Periodic GC: Disabled

Heap:
 garbage-first heap   total 393216K, used 86189K [0x0000000682400000, 0x0000000800000000)
  region size 4096K, 17 young (69632K), 2 survivors (8192K)
 Metaspace       used 18861K, committed 19136K, reserved 1073152K
  class space    used 2671K, committed 2816K, reserved 1048576K

Heap Regions: E=young(eden), S=young(survivor), O=old, HS=humongous(starts), HC=humongous(continues), CS=collection set, F=free, OA=open archive, CA=closed archive, TAMS=top-at-mark-start (previous, next)
|   0|0x0000000682400000, 0x0000000682800000, 0x0000000682800000|100%|HS|  |TAMS 0x0000000682400000, 0x0000000682400000| Complete 
|   1|0x0000000682800000, 0x0000000682c00000, 0x0000000682c00000|100%|HS|  |TAMS 0x0000000682800000, 0x0000000682800000| Complete 
|   2|0x0000000682c00000, 0x0000000682c2b600, 0x0000000683000000|  4%| O|  |TAMS 0x0000000682c00000, 0x0000000682c00000| Untracked 
|   3|0x0000000683000000, 0x0000000683400000, 0x0000000683400000|100%|HS|  |TAMS 0x0000000683000000, 0x0000000683000000| Complete 
|   4|0x0000000683400000, 0x0000000683800000, 0x0000000683800000|100%|HS|  |TAMS 0x0000000683400000, 0x0000000683400000| Complete 
|   5|0x0000000683800000, 0x0000000683c00000, 0x0000000683c00000|100%|HS|  |TAMS 0x0000000683800000, 0x0000000683800000| Complete 
|   6|0x0000000683c00000, 0x0000000683c00000, 0x0000000684000000|  0%| F|  |TAMS 0x0000000683c00000, 0x0000000683c00000| Untracked 
|   7|0x0000000684000000, 0x0000000684000000, 0x0000000684400000|  0%| F|  |TAMS 0x0000000684000000, 0x0000000684000000| Untracked 
|   8|0x0000000684400000, 0x0000000684400000, 0x0000000684800000|  0%| F|  |TAMS 0x0000000684400000, 0x0000000684400000| Untracked 
|   9|0x0000000684800000, 0x0000000684800000, 0x0000000684c00000|  0%| F|  |TAMS 0x0000000684800000, 0x0000000684800000| Untracked 
|  10|0x0000000684c00000, 0x0000000684c00000, 0x0000000685000000|  0%| F|  |TAMS 0x0000000684c00000, 0x0000000684c00000| Untracked 
|  11|0x0000000685000000, 0x0000000685000000, 0x0000000685400000|  0%| F|  |TAMS 0x0000000685000000, 0x0000000685000000| Untracked 
|  12|0x0000000685400000, 0x0000000685400000, 0x0000000685800000|  0%| F|  |TAMS 0x0000000685400000, 0x0000000685400000| Untracked 
|  13|0x0000000685800000, 0x0000000685800000, 0x0000000685c00000|  0%| F|  |TAMS 0x0000000685800000, 0x0000000685800000| Untracked 
|  14|0x0000000685c00000, 0x0000000685c00000, 0x0000000686000000|  0%| F|  |TAMS 0x0000000685c00000, 0x0000000685c00000| Untracked 
|  15|0x0000000686000000, 0x0000000686000000, 0x0000000686400000|  0%| F|  |TAMS 0x0000000686000000, 0x0000000686000000| Untracked 
|  16|0x0000000686400000, 0x0000000686400000, 0x0000000686800000|  0%| F|  |TAMS 0x0000000686400000, 0x0000000686400000| Untracked 
|  17|0x0000000686800000, 0x0000000686800000, 0x0000000686c00000|  0%| F|  |TAMS 0x0000000686800000, 0x0000000686800000| Untracked 
|  18|0x0000000686c00000, 0x0000000686c00000, 0x0000000687000000|  0%| F|  |TAMS 0x0000000686c00000, 0x0000000686c00000| Untracked 
|  19|0x0000000687000000, 0x0000000687000000, 0x0000000687400000|  0%| F|  |TAMS 0x0000000687000000, 0x0000000687000000| Untracked 
|  20|0x0000000687400000, 0x0000000687400000, 0x0000000687800000|  0%| F|  |TAMS 0x0000000687400000, 0x0000000687400000| Untracked 
|  21|0x0000000687800000, 0x0000000687800000, 0x0000000687c00000|  0%| F|  |TAMS 0x0000000687800000, 0x0000000687800000| Untracked 
|  22|0x0000000687c00000, 0x0000000687c00000, 0x0000000688000000|  0%| F|  |TAMS 0x0000000687c00000, 0x0000000687c00000| Untracked 
|  23|0x0000000688000000, 0x0000000688000000, 0x0000000688400000|  0%| F|  |TAMS 0x0000000688000000, 0x0000000688000000| Untracked 
|  24|0x0000000688400000, 0x0000000688400000, 0x0000000688800000|  0%| F|  |TAMS 0x0000000688400000, 0x0000000688400000| Untracked 
|  25|0x0000000688800000, 0x0000000688800000, 0x0000000688c00000|  0%| F|  |TAMS 0x0000000688800000, 0x0000000688800000| Untracked 
|  26|0x0000000688c00000, 0x0000000688c00000, 0x0000000689000000|  0%| F|  |TAMS 0x0000000688c00000, 0x0000000688c00000| Untracked 
|  27|0x0000000689000000, 0x0000000689000000, 0x0000000689400000|  0%| F|  |TAMS 0x0000000689000000, 0x0000000689000000| Untracked 
|  28|0x0000000689400000, 0x0000000689400000, 0x0000000689800000|  0%| F|  |TAMS 0x0000000689400000, 0x0000000689400000| Untracked 
|  29|0x0000000689800000, 0x0000000689800000, 0x0000000689c00000|  0%| F|  |TAMS 0x0000000689800000, 0x0000000689800000| Untracked 
|  30|0x0000000689c00000, 0x0000000689c00000, 0x000000068a000000|  0%| F|  |TAMS 0x0000000689c00000, 0x0000000689c00000| Untracked 
|  31|0x000000068a000000, 0x000000068a000000, 0x000000068a400000|  0%| F|  |TAMS 0x000000068a000000, 0x000000068a000000| Untracked 
|  32|0x000000068a400000, 0x000000068a400000, 0x000000068a800000|  0%| F|  |TAMS 0x000000068a400000, 0x000000068a400000| Untracked 
|  33|0x000000068a800000, 0x000000068a800000, 0x000000068ac00000|  0%| F|  |TAMS 0x000000068a800000, 0x000000068a800000| Untracked 
|  34|0x000000068ac00000, 0x000000068ac00000, 0x000000068b000000|  0%| F|  |TAMS 0x000000068ac00000, 0x000000068ac00000| Untracked 
|  35|0x000000068b000000, 0x000000068b000000, 0x000000068b400000|  0%| F|  |TAMS 0x000000068b000000, 0x000000068b000000| Untracked 
|  36|0x000000068b400000, 0x000000068b400000, 0x000000068b800000|  0%| F|  |TAMS 0x000000068b400000, 0x000000068b400000| Untracked 
|  37|0x000000068b800000, 0x000000068b800000, 0x000000068bc00000|  0%| F|  |TAMS 0x000000068b800000, 0x000000068b800000| Untracked 
|  38|0x000000068bc00000, 0x000000068bc00000, 0x000000068c000000|  0%| F|  |TAMS 0x000000068bc00000, 0x000000068bc00000| Untracked 
|  39|0x000000068c000000, 0x000000068c000000, 0x000000068c400000|  0%| F|  |TAMS 0x000000068c000000, 0x000000068c000000| Untracked 
|  40|0x000000068c400000, 0x000000068c400000, 0x000000068c800000|  0%| F|  |TAMS 0x000000068c400000, 0x000000068c400000| Untracked 
|  41|0x000000068c800000, 0x000000068c800000, 0x000000068cc00000|  0%| F|  |TAMS 0x000000068c800000, 0x000000068c800000| Untracked 
|  42|0x000000068cc00000, 0x000000068cc00000, 0x000000068d000000|  0%| F|  |TAMS 0x000000068cc00000, 0x000000068cc00000| Untracked 
|  43|0x000000068d000000, 0x000000068d000000, 0x000000068d400000|  0%| F|  |TAMS 0x000000068d000000, 0x000000068d000000| Untracked 
|  44|0x000000068d400000, 0x000000068d400000, 0x000000068d800000|  0%| F|  |TAMS 0x000000068d400000, 0x000000068d400000| Untracked 
|  45|0x000000068d800000, 0x000000068d800000, 0x000000068dc00000|  0%| F|  |TAMS 0x000000068d800000, 0x000000068d800000| Untracked 
|  46|0x000000068dc00000, 0x000000068dc00000, 0x000000068e000000|  0%| F|  |TAMS 0x000000068dc00000, 0x000000068dc00000| Untracked 
|  47|0x000000068e000000, 0x000000068e000000, 0x000000068e400000|  0%| F|  |TAMS 0x000000068e000000, 0x000000068e000000| Untracked 
|  48|0x000000068e400000, 0x000000068e400000, 0x000000068e800000|  0%| F|  |TAMS 0x000000068e400000, 0x000000068e400000| Untracked 
|  49|0x000000068e800000, 0x000000068e800000, 0x000000068ec00000|  0%| F|  |TAMS 0x000000068e800000, 0x000000068e800000| Untracked 
|  50|0x000000068ec00000, 0x000000068ec00000, 0x000000068f000000|  0%| F|  |TAMS 0x000000068ec00000, 0x000000068ec00000| Untracked 
|  51|0x000000068f000000, 0x000000068f000000, 0x000000068f400000|  0%| F|  |TAMS 0x000000068f000000, 0x000000068f000000| Untracked 
|  52|0x000000068f400000, 0x000000068f400000, 0x000000068f800000|  0%| F|  |TAMS 0x000000068f400000, 0x000000068f400000| Untracked 
|  53|0x000000068f800000, 0x000000068f800000, 0x000000068fc00000|  0%| F|  |TAMS 0x000000068f800000, 0x000000068f800000| Untracked 
|  54|0x000000068fc00000, 0x000000068fc00000, 0x0000000690000000|  0%| F|  |TAMS 0x000000068fc00000, 0x000000068fc00000| Untracked 
|  55|0x0000000690000000, 0x0000000690000000, 0x0000000690400000|  0%| F|  |TAMS 0x0000000690000000, 0x0000000690000000| Untracked 
|  56|0x0000000690400000, 0x0000000690400000, 0x0000000690800000|  0%| F|  |TAMS 0x0000000690400000, 0x0000000690400000| Untracked 
|  57|0x0000000690800000, 0x0000000690800000, 0x0000000690c00000|  0%| F|  |TAMS 0x0000000690800000, 0x0000000690800000| Untracked 
|  58|0x0000000690c00000, 0x0000000690c00000, 0x0000000691000000|  0%| F|  |TAMS 0x0000000690c00000, 0x0000000690c00000| Untracked 
|  59|0x0000000691000000, 0x0000000691000000, 0x0000000691400000|  0%| F|  |TAMS 0x0000000691000000, 0x0000000691000000| Untracked 
|  60|0x0000000691400000, 0x0000000691400000, 0x0000000691800000|  0%| F|  |TAMS 0x0000000691400000, 0x0000000691400000| Untracked 
|  61|0x0000000691800000, 0x0000000691800000, 0x0000000691c00000|  0%| F|  |TAMS 0x0000000691800000, 0x0000000691800000| Untracked 
|  62|0x0000000691c00000, 0x0000000691c00000, 0x0000000692000000|  0%| F|  |TAMS 0x0000000691c00000, 0x0000000691c00000| Untracked 
|  63|0x0000000692000000, 0x0000000692000000, 0x0000000692400000|  0%| F|  |TAMS 0x0000000692000000, 0x0000000692000000| Untracked 
|  64|0x0000000692400000, 0x0000000692400000, 0x0000000692800000|  0%| F|  |TAMS 0x0000000692400000, 0x0000000692400000| Untracked 
|  65|0x0000000692800000, 0x0000000692800000, 0x0000000692c00000|  0%| F|  |TAMS 0x0000000692800000, 0x0000000692800000| Untracked 
|  66|0x0000000692c00000, 0x0000000692c00000, 0x0000000693000000|  0%| F|  |TAMS 0x0000000692c00000, 0x0000000692c00000| Untracked 
|  67|0x0000000693000000, 0x0000000693000000, 0x0000000693400000|  0%| F|  |TAMS 0x0000000693000000, 0x0000000693000000| Untracked 
|  68|0x0000000693400000, 0x0000000693400000, 0x0000000693800000|  0%| F|  |TAMS 0x0000000693400000, 0x0000000693400000| Untracked 
|  69|0x0000000693800000, 0x0000000693800000, 0x0000000693c00000|  0%| F|  |TAMS 0x0000000693800000, 0x0000000693800000| Untracked 
|  70|0x0000000693c00000, 0x0000000693c00000, 0x0000000694000000|  0%| F|  |TAMS 0x0000000693c00000, 0x0000000693c00000| Untracked 
|  71|0x0000000694000000, 0x0000000694000000, 0x0000000694400000|  0%| F|  |TAMS 0x0000000694000000, 0x0000000694000000| Untracked 
|  72|0x0000000694400000, 0x0000000694400000, 0x0000000694800000|  0%| F|  |TAMS 0x0000000694400000, 0x0000000694400000| Untracked 
|  73|0x0000000694800000, 0x0000000694800000, 0x0000000694c00000|  0%| F|  |TAMS 0x0000000694800000, 0x0000000694800000| Untracked 
|  74|0x0000000694c00000, 0x0000000694c00000, 0x0000000695000000|  0%| F|  |TAMS 0x0000000694c00000, 0x0000000694c00000| Untracked 
|  75|0x0000000695000000, 0x0000000695000000, 0x0000000695400000|  0%| F|  |TAMS 0x0000000695000000, 0x0000000695000000| Untracked 
|  76|0x0000000695400000, 0x0000000695400000, 0x0000000695800000|  0%| F|  |TAMS 0x0000000695400000, 0x0000000695400000| Untracked 
|  77|0x0000000695800000, 0x0000000695800000, 0x0000000695c00000|  0%| F|  |TAMS 0x0000000695800000, 0x0000000695800000| Untracked 
|  78|0x0000000695c00000, 0x0000000695c00000, 0x0000000696000000|  0%| F|  |TAMS 0x0000000695c00000, 0x0000000695c00000| Untracked 
|  79|0x0000000696000000, 0x0000000696286f98, 0x0000000696400000| 63%| E|  |TAMS 0x0000000696000000, 0x0000000696000000| Complete 
|  80|0x0000000696400000, 0x0000000696800000, 0x0000000696800000|100%| E|CS|TAMS 0x0000000696400000, 0x0000000696400000| Complete 
|  81|0x0000000696800000, 0x0000000696c00000, 0x0000000696c00000|100%| E|CS|TAMS 0x0000000696800000, 0x0000000696800000| Complete 
|  82|0x0000000696c00000, 0x0000000697000000, 0x0000000697000000|100%| E|CS|TAMS 0x0000000696c00000, 0x0000000696c00000| Complete 
|  83|0x0000000697000000, 0x0000000697400000, 0x0000000697400000|100%| S|CS|TAMS 0x0000000697000000, 0x0000000697000000| Complete 
|  84|0x0000000697400000, 0x0000000697800000, 0x0000000697800000|100%| S|CS|TAMS 0x0000000697400000, 0x0000000697400000| Complete 
|  85|0x0000000697800000, 0x0000000697c00000, 0x0000000697c00000|100%| E|CS|TAMS 0x0000000697800000, 0x0000000697800000| Complete 
|  86|0x0000000697c00000, 0x0000000698000000, 0x0000000698000000|100%| E|CS|TAMS 0x0000000697c00000, 0x0000000697c00000| Complete 
|  87|0x0000000698000000, 0x0000000698400000, 0x0000000698400000|100%| E|CS|TAMS 0x0000000698000000, 0x0000000698000000| Complete 
|  88|0x0000000698400000, 0x0000000698800000, 0x0000000698800000|100%| E|CS|TAMS 0x0000000698400000, 0x0000000698400000| Complete 
|  89|0x0000000698800000, 0x0000000698c00000, 0x0000000698c00000|100%| E|CS|TAMS 0x0000000698800000, 0x0000000698800000| Complete 
|  90|0x0000000698c00000, 0x0000000699000000, 0x0000000699000000|100%| E|CS|TAMS 0x0000000698c00000, 0x0000000698c00000| Complete 
|  91|0x0000000699000000, 0x0000000699400000, 0x0000000699400000|100%| E|CS|TAMS 0x0000000699000000, 0x0000000699000000| Complete 
|  92|0x0000000699400000, 0x0000000699800000, 0x0000000699800000|100%| E|CS|TAMS 0x0000000699400000, 0x0000000699400000| Complete 
|  93|0x0000000699800000, 0x0000000699c00000, 0x0000000699c00000|100%| E|CS|TAMS 0x0000000699800000, 0x0000000699800000| Complete 
|  94|0x0000000699c00000, 0x000000069a000000, 0x000000069a000000|100%| E|CS|TAMS 0x0000000699c00000, 0x0000000699c00000| Complete 
|  95|0x000000069a000000, 0x000000069a400000, 0x000000069a400000|100%| E|CS|TAMS 0x000000069a000000, 0x000000069a000000| Complete 

Card table byte_map: [0x00000175cc310000,0x00000175ccf00000] _byte_map_base: 0x00000175c8efe000

Marking Bits (Prev, Next): (CMBitMap*) 0x00000175b46a11e0, (CMBitMap*) 0x00000175b46a1220
 Prev Bits: [0x00000175cdaf0000, 0x00000175d3a60000)
 Next Bits: [0x00000175d3a60000, 0x00000175d99d0000)

Polling page: 0x00000175b3e20000

Metaspace:

Usage:
  Non-class:     15.81 MB used.
      Class:      2.61 MB used.
       Both:     18.42 MB used.

Virtual space:
  Non-class space:       24.00 MB reserved,      15.94 MB ( 66%) committed,  3 nodes.
      Class space:        1.00 GB reserved,       2.75 MB ( <1%) committed,  1 nodes.
             Both:        1.02 GB reserved,      18.69 MB (  2%) committed. 

Chunk freelists:
   Non-Class:  3.83 MB
       Class:  1.13 MB
        Both:  4.96 MB

MaxMetaspaceSize: unlimited
CompressedClassSpaceSize: 1.00 GB
Initial GC threshold: 21.00 MB
Current GC threshold: 21.00 MB
CDS: on
MetaspaceReclaimPolicy: balanced
 - commit_granule_bytes: 65536.
 - commit_granule_words: 8192.
 - virtual_space_node_default_size: 1048576.
 - enlarge_chunks_in_place: 1.
 - new_chunks_are_fully_committed: 0.
 - uncommit_free_chunks: 1.
 - use_allocation_guard: 0.
 - handle_deallocations: 1.


Internal statistics:

num_allocs_failed_limit: 0.
num_arena_births: 250.
num_arena_deaths: 0.
num_vsnodes_births: 4.
num_vsnodes_deaths: 0.
num_space_committed: 299.
num_space_uncommitted: 0.
num_chunks_returned_to_freelist: 0.
num_chunks_taken_from_freelist: 921.
num_chunk_merges: 0.
num_chunk_splits: 640.
num_chunks_enlarged: 498.
num_purges: 0.
num_inconsistent_stats: 0.

CodeHeap 'non-profiled nmethods': size=119168Kb used=2743Kb max_used=2743Kb free=116424Kb
 bounds [0x00000175c3a40000, 0x00000175c3cf0000, 0x00000175caea0000]
CodeHeap 'profiled nmethods': size=119104Kb used=11119Kb max_used=11119Kb free=107984Kb
 bounds [0x00000175bc5f0000, 0x00000175bd0d0000, 0x00000175c3a40000]
CodeHeap 'non-nmethods': size=7488Kb used=1433Kb max_used=3196Kb free=6054Kb
 bounds [0x00000175bbea0000, 0x00000175bc1c0000, 0x00000175bc5f0000]
 total_blobs=5869 nmethods=5077 adapters=704
 compilation: enabled
              stopped_count=0, restarted_count=0
 full_count=0

Compilation events (20 events):
Event: 22.607 Thread 0x00000175f0833230 nmethod 5069 0x00000175c3ce1310 code [0x00000175c3ce1480, 0x00000175c3ce1538]
Event: 22.607 Thread 0x00000175f0833230 5071       4       com.sun.javafx.font.directwrite.DWFontStrike::getQuantizedPosition (151 bytes)
Event: 22.608 Thread 0x00000175f0833230 nmethod 5071 0x00000175c3ce1610 code [0x00000175c3ce17e0, 0x00000175c3ce1ad8]
Event: 22.614 Thread 0x00000175dc95d9b0 nmethod 5072 0x00000175c3ce1c90 code [0x00000175c3ce1f40, 0x00000175c3ce3038]
Event: 23.075 Thread 0x00000175dc95d9b0 5073       4       javafx.scene.CssStyleHelper::getCachedFont (156 bytes)
Event: 23.076 Thread 0x00000175dc969960 5074       1       com.sun.javafx.sg.prism.NGNode::supportsOpaqueRegions (2 bytes)
Event: 23.076 Thread 0x00000175dc969960 nmethod 5074 0x00000175c3ce4390 code [0x00000175c3ce4520, 0x00000175c3ce45f8]
Event: 23.134 Thread 0x00000175dc95d9b0 nmethod 5073 0x00000175c3ce4690 code [0x00000175c3ce4bc0, 0x00000175c3ce9518]
Event: 23.135 Thread 0x00000175dc95d9b0 5075       4       com.sun.prism.impl.GlyphCache::addDataToQuad (305 bytes)
Event: 23.141 Thread 0x00000175dc95d9b0 nmethod 5075 0x00000175c3cec690 code [0x00000175c3cec880, 0x00000175c3ced3a8]
Event: 23.371 Thread 0x00000175dc969960 5076       3       java.lang.invoke.DirectMethodHandle$Holder::invokeStatic (15 bytes)
Event: 23.371 Thread 0x00000175dc969960 nmethod 5076 0x00000175bd0ca490 code [0x00000175bd0ca660, 0x00000175bd0caa98]
Event: 23.371 Thread 0x00000175dc969960 5077       3       com.sun.javafx.collections.ObservableMapWrapper$SimpleChange::<init> (63 bytes)
Event: 23.371 Thread 0x00000175dc969960 nmethod 5077 0x00000175bd0cab90 code [0x00000175bd0cad40, 0x00000175bd0cb118]
Event: 23.371 Thread 0x00000175dc969960 5078       3       javafx.collections.MapChangeListener$Change::<init> (10 bytes)
Event: 23.371 Thread 0x00000175dc969960 nmethod 5078 0x00000175bd0cb210 code [0x00000175bd0cb3a0, 0x00000175bd0cb558]
Event: 23.371 Thread 0x00000175dc969960 5079       3       com.sun.javafx.collections.ObservableMapWrapper::callObservers (9 bytes)
Event: 23.372 Thread 0x00000175dc969960 nmethod 5079 0x00000175bd0cb610 code [0x00000175bd0cb7c0, 0x00000175bd0cba28]
Event: 23.372 Thread 0x00000175dc969960 5080       3       com.sun.javafx.collections.MapListenerHelper::fireValueChangedEvent (10 bytes)
Event: 23.372 Thread 0x00000175dc969960 nmethod 5080 0x00000175bd0cbb10 code [0x00000175bd0cbcc0, 0x00000175bd0cbea8]

GC Heap History (4 events):
Event: 0.321 GC heap before
{Heap before GC invocations=0 (full 0):
 garbage-first heap   total 393216K, used 16384K [0x0000000682400000, 0x0000000800000000)
  region size 4096K, 5 young (20480K), 0 survivors (0K)
 Metaspace       used 4442K, committed 4544K, reserved 1056768K
  class space    used 506K, committed 576K, reserved 1048576K
}
Event: 0.323 GC heap after
{Heap after GC invocations=1 (full 0):
 garbage-first heap   total 393216K, used 2710K [0x0000000682400000, 0x0000000800000000)
  region size 4096K, 1 young (4096K), 1 survivors (4096K)
 Metaspace       used 4442K, committed 4544K, reserved 1056768K
  class space    used 506K, committed 576K, reserved 1048576K
}
Event: 1.674 GC heap before
{Heap before GC invocations=1 (full 0):
 garbage-first heap   total 393216K, used 51862K [0x0000000682400000, 0x0000000800000000)
  region size 4096K, 11 young (45056K), 1 survivors (4096K)
 Metaspace       used 14204K, committed 14400K, reserved 1064960K
  class space    used 2096K, committed 2176K, reserved 1048576K
}
Event: 1.677 GC heap after
{Heap after GC invocations=2 (full 0):
 garbage-first heap   total 393216K, used 16557K [0x0000000682400000, 0x0000000800000000)
  region size 4096K, 2 young (8192K), 2 survivors (8192K)
 Metaspace       used 14204K, committed 14400K, reserved 1064960K
  class space    used 2096K, committed 2176K, reserved 1048576K
}

Deoptimization events (20 events):
Event: 22.062 Thread 0x00000175de08c100 Uncommon trap: trap_request=0xffffffbe fr.pc=0x00000175c3cafa70 relative=0x00000000000042f0
Event: 22.062 Thread 0x00000175de08c100 Uncommon trap: reason=profile_predicate action=maybe_recompile pc=0x00000175c3cafa70 method=javafx.scene.CssStyleHelper$CacheContainer.<init>(Ljavafx/scene/Node;Lcom/sun/javafx/css/StyleMap;I)V @ 164 c2
Event: 22.062 Thread 0x00000175de08c100 DEOPT PACKING pc=0x00000175c3cafa70 sp=0x000000716dbf82a0
Event: 22.062 Thread 0x00000175de08c100 DEOPT UNPACKING pc=0x00000175bbef23a3 sp=0x000000716dbf81b0 mode 2
Event: 22.062 Thread 0x00000175de08c100 Uncommon trap: trap_request=0xffffff45 fr.pc=0x00000175c3c7adc8 relative=0x000000000000aec8
Event: 22.062 Thread 0x00000175de08c100 Uncommon trap: reason=unstable_if action=reinterpret pc=0x00000175c3c7adc8 method=javafx.scene.CssStyleHelper.transitionToState(Ljavafx/scene/Node;)V @ 4 c2
Event: 22.062 Thread 0x00000175de08c100 DEOPT PACKING pc=0x00000175c3c7adc8 sp=0x000000716dbf89c0
Event: 22.062 Thread 0x00000175de08c100 DEOPT UNPACKING pc=0x00000175bbef23a3 sp=0x000000716dbf8930 mode 2
Event: 22.062 Thread 0x00000175de08c100 Uncommon trap: trap_request=0xffffffc6 fr.pc=0x00000175c3c99aa0 relative=0x0000000000001dc0
Event: 22.062 Thread 0x00000175de08c100 Uncommon trap: reason=bimorphic_or_optimized_type_check action=maybe_recompile pc=0x00000175c3c99aa0 method=javafx.css.CompoundSelector.stateMatches(Ljavafx/css/Styleable;Ljava/util/Set;I)Z @ 160 c2
Event: 22.062 Thread 0x00000175de08c100 DEOPT PACKING pc=0x00000175c3c99aa0 sp=0x000000716dbf8610
Event: 22.062 Thread 0x00000175de08c100 DEOPT UNPACKING pc=0x00000175bbef23a3 sp=0x000000716dbf85b8 mode 2
Event: 22.062 Thread 0x00000175de08c100 Uncommon trap: trap_request=0xffffffc6 fr.pc=0x00000175c3c99aa0 relative=0x0000000000001dc0
Event: 22.062 Thread 0x00000175de08c100 Uncommon trap: reason=bimorphic_or_optimized_type_check action=maybe_recompile pc=0x00000175c3c99aa0 method=javafx.css.CompoundSelector.stateMatches(Ljavafx/css/Styleable;Ljava/util/Set;I)Z @ 160 c2
Event: 22.062 Thread 0x00000175de08c100 DEOPT PACKING pc=0x00000175c3c99aa0 sp=0x000000716dbf8610
Event: 22.062 Thread 0x00000175de08c100 DEOPT UNPACKING pc=0x00000175bbef23a3 sp=0x000000716dbf85b8 mode 2
Event: 22.062 Thread 0x00000175de08c100 Uncommon trap: trap_request=0xffffffbe fr.pc=0x00000175c3ca5ed4 relative=0x0000000000001134
Event: 22.062 Thread 0x00000175de08c100 Uncommon trap: reason=profile_predicate action=maybe_recompile pc=0x00000175c3ca5ed4 method=javafx.scene.CssStyleHelper$CacheContainer.<init>(Ljavafx/scene/Node;Lcom/sun/javafx/css/StyleMap;I)V @ 164 c2
Event: 22.062 Thread 0x00000175de08c100 DEOPT PACKING pc=0x00000175c3ca5ed4 sp=0x000000716dbf7d50
Event: 22.062 Thread 0x00000175de08c100 DEOPT UNPACKING pc=0x00000175bbef23a3 sp=0x000000716dbf7cf8 mode 2

Classes unloaded (0 events):
No events

Classes redefined (0 events):
No events

Internal exceptions (20 events):
Event: 0.595 Thread 0x00000175de08c100 Exception <a 'java/lang/IncompatibleClassChangeError'{0x0000000698ac6238}: Found class java.lang.Object, but interface was expected> (0x0000000698ac6238) 
thrown [t:\workspace\open\src\hotspot\share\interpreter\linkResolver.cpp, line 833]
Event: 0.633 Thread 0x00000175de08c100 Exception <a 'java/lang/NoSuchMethodError'{0x00000006984b6a90}: 'java.lang.Object java.lang.invoke.DirectMethodHandle$Holder.newInvokeSpecial(java.lang.Object, java.lang.Object, int)'> (0x00000006984b6a90) 
thrown [t:\workspace\open\src\hotspot\share\interpreter\linkResolver.cpp, line 766]
Event: 0.648 Thread 0x00000175ddd96980 Exception <a 'java/lang/NoSuchMethodError'{0x00000006985dda80}: 'int java.lang.invoke.DirectMethodHandle$Holder.invokeStaticInit(java.lang.Object, java.lang.Object)'> (0x00000006985dda80) 
thrown [t:\workspace\open\src\hotspot\share\interpreter\linkResolver.cpp, line 766]
Event: 1.476 Thread 0x00000175de08c100 Exception <a 'java/lang/NoSuchMethodError'{0x00000006982d1818}: 'long java.lang.invoke.DirectMethodHandle$Holder.invokeStatic(java.lang.Object, java.lang.Object, java.lang.Object)'> (0x00000006982d1818) 
thrown [t:\workspace\open\src\hotspot\share\interpreter\linkResolver.cpp, line 766]
Event: 1.476 Thread 0x00000175de08c100 Exception <a 'java/lang/NoSuchMethodError'{0x00000006982d4fc0}: 'long java.lang.invoke.DirectMethodHandle$Holder.invokeStaticInit(java.lang.Object, java.lang.Object, java.lang.Object)'> (0x00000006982d4fc0) 
thrown [t:\workspace\open\src\hotspot\share\interpreter\linkResolver.cpp, line 766]
Event: 1.478 Thread 0x00000175de08c100 Exception <a 'java/lang/NoSuchMethodError'{0x00000006982ecbc8}: 'java.lang.Object java.lang.invoke.DirectMethodHandle$Holder.newInvokeSpecial(java.lang.Object, java.lang.Object, long)'> (0x00000006982ecbc8) 
thrown [t:\workspace\open\src\hotspot\share\interpreter\linkResolver.cpp, line 766]
Event: 1.478 Thread 0x00000175de08c100 Exception <a 'java/lang/NoSuchMethodError'{0x00000006982f0738}: 'java.lang.Object java.lang.invoke.Invokers$Holder.linkToTargetMethod(java.lang.Object, long, java.lang.Object)'> (0x00000006982f0738) 
thrown [t:\workspace\open\src\hotspot\share\interpreter\linkResolver.cpp, line 766]
Event: 1.621 Thread 0x00000175de08c100 Exception <a 'java/lang/ClassNotFoundException'{0x0000000697ebe100}: com/sun/javafx/scene/control/skin/resources/controls> (0x0000000697ebe100) 
thrown [t:\workspace\open\src\hotspot\share\prims\jni.cpp, line 535]
Event: 1.622 Thread 0x00000175de08c100 Exception <a 'java/lang/ClassNotFoundException'{0x0000000697ecc608}: com/sun/javafx/scene/control/skin/resources/controls_es> (0x0000000697ecc608) 
thrown [t:\workspace\open\src\hotspot\share\prims\jni.cpp, line 535]
Event: 1.622 Thread 0x00000175de08c100 Exception <a 'java/lang/ClassNotFoundException'{0x0000000697eda560}: com/sun/javafx/scene/control/skin/resources/controls_es_CO> (0x0000000697eda560) 
thrown [t:\workspace\open\src\hotspot\share\prims\jni.cpp, line 535]
Event: 2.526 Thread 0x00000175de08c100 Exception <a 'java/lang/NoSuchMethodError'{0x0000000699afc698}: 'void java.lang.invoke.DirectMethodHandle$Holder.invokeSpecial(java.lang.Object, java.lang.Object, java.lang.Object, java.lang.Object, java.lang.Object, java.lang.Object)'> (0x0000000699afc698) 
thrown [t:\workspace\open\src\hotspot\share\interpreter\linkResolver.cpp, line 766]
Event: 2.550 Thread 0x00000175de08c100 Exception <a 'java/lang/NoSuchMethodError'{0x00000006995233e0}: 'void java.lang.invoke.DirectMethodHandle$Holder.invokeSpecialIFC(java.lang.Object, java.lang.Object, java.lang.Object, java.lang.Object)'> (0x00000006995233e0) 
thrown [t:\workspace\open\src\hotspot\share\interpreter\linkResolver.cpp, line 766]
Event: 2.559 Thread 0x00000175de08c100 Exception <a 'java/lang/NoSuchMethodError'{0x0000000699033050}: 'int java.lang.invoke.DirectMethodHandle$Holder.invokeSpecial(java.lang.Object, java.lang.Object, int)'> (0x0000000699033050) 
thrown [t:\workspace\open\src\hotspot\share\interpreter\linkResolver.cpp, line 766]
Event: 7.823 Thread 0x00000175ddd96980 Exception <a 'java/lang/NoSuchMethodError'{0x0000000699cfae78}: 'java.lang.Object java.lang.invoke.DirectMethodHandle$Holder.invokeStaticInit(java.lang.Object, int)'> (0x0000000699cfae78) 
thrown [t:\workspace\open\src\hotspot\share\interpreter\linkResolver.cpp, line 766]
Event: 8.111 Thread 0x00000175de08c100 Exception <a 'java/lang/NoSuchMethodError'{0x0000000698f1a158}: 'java.lang.Object java.lang.invoke.DirectMethodHandle$Holder.newInvokeSpecial(java.lang.Object, java.lang.Object, int, int, int, int, int, java.lang.Object)'> (0x0000000698f1a158) 
thrown [t:\workspace\open\src\hotspot\share\interpreter\linkResolver.cpp, line 766]
Event: 8.112 Thread 0x00000175de08c100 Exception <a 'java/lang/NoSuchMethodError'{0x0000000698f2dbd8}: 'java.lang.Object java.lang.invoke.DirectMethodHandle$Holder.newInvokeSpecial(java.lang.Object, java.lang.Object, java.lang.Object, int, int, int, int, int)'> (0x0000000698f2dbd8) 
thrown [t:\workspace\open\src\hotspot\share\interpreter\linkResolver.cpp, line 766]
Event: 8.112 Thread 0x00000175de08c100 Exception <a 'java/lang/NoSuchMethodError'{0x0000000698f35ed8}: 'java.lang.Object java.lang.invoke.Invokers$Holder.linkToTargetMethod(java.lang.Object, java.lang.Object, int, int, int, int, int, java.lang.Object)'> (0x0000000698f35ed8) 
thrown [t:\workspace\open\src\hotspot\share\interpreter\linkResolver.cpp, line 766]
Event: 15.593 Thread 0x00000175de08c100 Exception <a 'java/lang/NoSuchMethodError'{0x0000000697ab0230}: 'int java.lang.invoke.DirectMethodHandle$Holder.invokeVirtual(java.lang.Object, java.lang.Object)'> (0x0000000697ab0230) 
thrown [t:\workspace\open\src\hotspot\share\interpreter\linkResolver.cpp, line 766]
Event: 15.593 Thread 0x00000175de08c100 Exception <a 'java/lang/NoSuchMethodError'{0x0000000697ab6eb8}: 'void java.lang.invoke.DirectMethodHandle$Holder.invokeVirtual(java.lang.Object, java.lang.Object, int)'> (0x0000000697ab6eb8) 
thrown [t:\workspace\open\src\hotspot\share\interpreter\linkResolver.cpp, line 766]
Event: 22.062 Thread 0x00000175de08c100 Implicit null exception at 0x00000175c3c6ff36 to 0x00000175c3c7adac

VM Operations (20 events):
Event: 13.846 Executing VM operation: HandshakeAllThreads done
Event: 13.846 Executing VM operation: Cleanup
Event: 13.846 Executing VM operation: Cleanup done
Event: 14.608 Executing VM operation: HandshakeAllThreads
Event: 14.608 Executing VM operation: HandshakeAllThreads done
Event: 14.632 Executing VM operation: ICBufferFull
Event: 14.632 Executing VM operation: ICBufferFull done
Event: 15.595 Executing VM operation: HandshakeAllThreads
Event: 15.595 Executing VM operation: HandshakeAllThreads done
Event: 16.595 Executing VM operation: Cleanup
Event: 16.595 Executing VM operation: Cleanup done
Event: 17.596 Executing VM operation: Cleanup
Event: 17.596 Executing VM operation: Cleanup done
Event: 19.596 Executing VM operation: Cleanup
Event: 19.596 Executing VM operation: Cleanup done
Event: 21.596 Executing VM operation: Cleanup
Event: 21.596 Executing VM operation: Cleanup done
Event: 22.596 Executing VM operation: Cleanup
Event: 22.596 Executing VM operation: Cleanup done
Event: 23.375 Executing VM operation: Exit

Events (20 events):
Event: 16.319 Thread 0x00000175f082fa80 Thread exited: 0x00000175f082fa80
Event: 16.319 Thread 0x00000175f08318e0 Thread exited: 0x00000175f08318e0
Event: 16.319 Thread 0x00000175f082ff90 Thread exited: 0x00000175f082ff90
Event: 17.102 Thread 0x00000175f08313d0 Thread added: 0x00000175f08313d0
Event: 17.102 Thread 0x00000175f0832810 Thread added: 0x00000175f0832810
Event: 17.120 Thread 0x00000175f082fa80 Thread added: 0x00000175f082fa80
Event: 17.133 Thread 0x00000175f0831df0 Thread added: 0x00000175f0831df0
Event: 17.652 Thread 0x00000175f0832810 Thread exited: 0x00000175f0832810
Event: 17.652 Thread 0x00000175f0831df0 Thread exited: 0x00000175f0831df0
Event: 18.147 Thread 0x00000175f082fa80 Thread exited: 0x00000175f082fa80
Event: 18.159 Thread 0x00000175f08313d0 Thread exited: 0x00000175f08313d0
Event: 20.148 Thread 0x00000175f0832810 Thread added: 0x00000175f0832810
Event: 20.291 Thread 0x00000175f0832810 Thread exited: 0x00000175f0832810
Event: 20.755 Thread 0x00000175f08304a0 Thread exited: 0x00000175f08304a0
Event: 22.603 Thread 0x00000175f0833230 Thread added: 0x00000175f0833230
Event: 23.075 Thread 0x00000175f0833230 Thread exited: 0x00000175f0833230
Event: 23.374 Thread 0x00000175ded9cfa0 Thread added: 0x00000175ded9cfa0
Event: 23.374 Thread 0x00000175ded9f150 Thread added: 0x00000175ded9f150
Event: 23.374 Thread 0x00000175ded9cfa0 Thread exited: 0x00000175ded9cfa0
Event: 23.375 Thread 0x00000175ded9f150 Thread exited: 0x00000175ded9f150


Dynamic libraries:
0x00007ff6c38d0000 - 0x00007ff6c38e0000 	C:\Program Files\Java\jdk-17.0.2\bin\java.exe
0x00007ff95ca40000 - 0x00007ff95cc49000 	C:\Windows\SYSTEM32\ntdll.dll
0x00007ff95ada0000 - 0x00007ff95ae5d000 	C:\Windows\System32\KERNEL32.DLL
0x00007ff95a280000 - 0x00007ff95a5f9000 	C:\Windows\System32\KERNELBASE.dll
0x00007ff95a630000 - 0x00007ff95a741000 	C:\Windows\System32\ucrtbase.dll
0x00007ff951430000 - 0x00007ff95144a000 	C:\Program Files\Java\jdk-17.0.2\bin\VCRUNTIME140.dll
0x00007ff932220000 - 0x00007ff932238000 	C:\Program Files\Java\jdk-17.0.2\bin\jli.dll
0x00007ff95c5e0000 - 0x00007ff95c68e000 	C:\Windows\System32\ADVAPI32.dll
0x00007ff95c530000 - 0x00007ff95c5d3000 	C:\Windows\System32\msvcrt.dll
0x00007ff95c2b0000 - 0x00007ff95c34e000 	C:\Windows\System32\sechost.dll
0x00007ff95b080000 - 0x00007ff95b1a0000 	C:\Windows\System32\RPCRT4.dll
0x00007ff95c700000 - 0x00007ff95c8ac000 	C:\Windows\System32\USER32.dll
0x00007ff94b670000 - 0x00007ff94b915000 	C:\Windows\WinSxS\amd64_microsoft.windows.common-controls_6595b64144ccf1df_6.0.22000.120_none_9d947278b86cc467\COMCTL32.dll
0x00007ff95a600000 - 0x00007ff95a626000 	C:\Windows\System32\win32u.dll
0x00007ff95b9d0000 - 0x00007ff95b9f9000 	C:\Windows\System32\GDI32.dll
0x00007ff959f30000 - 0x00007ff95a042000 	C:\Windows\System32\gdi32full.dll
0x00007ff95a7c0000 - 0x00007ff95a85d000 	C:\Windows\System32\msvcp_win.dll
0x00007ff9517b0000 - 0x00007ff9517ba000 	C:\Windows\SYSTEM32\VERSION.dll
0x00007ff95a8e0000 - 0x00007ff95a911000 	C:\Windows\System32\IMM32.DLL
0x00007ff930760000 - 0x00007ff93076c000 	C:\Program Files\Java\jdk-17.0.2\bin\vcruntime140_1.dll
0x00007ff8d9b90000 - 0x00007ff8d9c1d000 	C:\Program Files\Java\jdk-17.0.2\bin\msvcp140.dll
0x00007ff8c5e20000 - 0x00007ff8c69e1000 	C:\Program Files\Java\jdk-17.0.2\bin\server\jvm.dll
0x00007ff95b070000 - 0x00007ff95b078000 	C:\Windows\System32\PSAPI.DLL
0x00007ff953440000 - 0x00007ff953473000 	C:\Windows\SYSTEM32\WINMM.dll
0x00007ff951450000 - 0x00007ff951459000 	C:\Windows\SYSTEM32\WSOCK32.dll
0x00007ff95b960000 - 0x00007ff95b9cf000 	C:\Windows\System32\WS2_32.dll
0x00007ff959120000 - 0x00007ff959138000 	C:\Windows\SYSTEM32\kernel.appcore.dll
0x00007ff930750000 - 0x00007ff93075a000 	C:\Program Files\Java\jdk-17.0.2\bin\jimage.dll
0x00007ff9575c0000 - 0x00007ff9577e1000 	C:\Windows\SYSTEM32\DBGHELP.DLL
0x00007ff9435e0000 - 0x00007ff943611000 	C:\Windows\SYSTEM32\dbgcore.DLL
0x00007ff95a860000 - 0x00007ff95a8df000 	C:\Windows\System32\bcryptPrimitives.dll
0x00007ff925c90000 - 0x00007ff925cb5000 	C:\Program Files\Java\jdk-17.0.2\bin\java.dll
0x00007ff8d9c20000 - 0x00007ff8d9cf6000 	C:\Program Files\Java\jdk-17.0.2\bin\jsvml.dll
0x00007ff95ba00000 - 0x00007ff95c1af000 	C:\Windows\System32\SHELL32.dll
0x00007ff9580b0000 - 0x00007ff958918000 	C:\Windows\SYSTEM32\windows.storage.dll
0x00007ff95a9c0000 - 0x00007ff95ad38000 	C:\Windows\System32\combase.dll
0x00007ff957f40000 - 0x00007ff9580a6000 	C:\Windows\SYSTEM32\wintypes.dll
0x00007ff95c1b0000 - 0x00007ff95c29a000 	C:\Windows\System32\SHCORE.dll
0x00007ff95c8b0000 - 0x00007ff95c90d000 	C:\Windows\System32\shlwapi.dll
0x00007ff959e60000 - 0x00007ff959e81000 	C:\Windows\SYSTEM32\profapi.dll
0x00007ff930560000 - 0x00007ff930579000 	C:\Program Files\Java\jdk-17.0.2\bin\net.dll
0x00007ff954670000 - 0x00007ff95477c000 	C:\Windows\SYSTEM32\WINHTTP.dll
0x00007ff959550000 - 0x00007ff9595b7000 	C:\Windows\system32\mswsock.dll
0x00007ff92f4a0000 - 0x00007ff92f4b6000 	C:\Program Files\Java\jdk-17.0.2\bin\nio.dll
0x00007ff929420000 - 0x00007ff929438000 	C:\Program Files\Java\jdk-17.0.2\bin\zip.dll
0x00000175dcae0000 - 0x00000175dcae3000 	C:\Program Files\Java\javafx-sdk-18.0.1\bin\api-ms-win-core-console-l1-1-0.dll
0x00000175dcaf0000 - 0x00000175dcaf3000 	C:\Program Files\Java\javafx-sdk-18.0.1\bin\api-ms-win-core-console-l1-2-0.dll
0x00000175dcb00000 - 0x00000175dcb03000 	C:\Program Files\Java\javafx-sdk-18.0.1\bin\api-ms-win-core-datetime-l1-1-0.dll
0x00000175dcb10000 - 0x00000175dcb13000 	C:\Program Files\Java\javafx-sdk-18.0.1\bin\api-ms-win-core-debug-l1-1-0.dll
0x00000175dcb20000 - 0x00000175dcb23000 	C:\Program Files\Java\javafx-sdk-18.0.1\bin\api-ms-win-core-errorhandling-l1-1-0.dll
0x00000175dcb30000 - 0x00000175dcb34000 	C:\Program Files\Java\javafx-sdk-18.0.1\bin\api-ms-win-core-file-l1-1-0.dll
0x00000175dcb40000 - 0x00000175dcb43000 	C:\Program Files\Java\javafx-sdk-18.0.1\bin\api-ms-win-core-file-l1-2-0.dll
0x00000175dcb50000 - 0x00000175dcb53000 	C:\Program Files\Java\javafx-sdk-18.0.1\bin\api-ms-win-core-file-l2-1-0.dll
0x00000175dcb60000 - 0x00000175dcb63000 	C:\Program Files\Java\javafx-sdk-18.0.1\bin\api-ms-win-core-handle-l1-1-0.dll
0x00000175dcb70000 - 0x00000175dcb73000 	C:\Program Files\Java\javafx-sdk-18.0.1\bin\api-ms-win-core-heap-l1-1-0.dll
0x00000175dcb80000 - 0x00000175dcb83000 	C:\Program Files\Java\javafx-sdk-18.0.1\bin\api-ms-win-core-interlocked-l1-1-0.dll
0x00000175dcb90000 - 0x00000175dcb93000 	C:\Program Files\Java\javafx-sdk-18.0.1\bin\api-ms-win-core-libraryloader-l1-1-0.dll
0x00000175dcba0000 - 0x00000175dcba3000 	C:\Program Files\Java\javafx-sdk-18.0.1\bin\api-ms-win-core-localization-l1-2-0.dll
0x00000175dcbb0000 - 0x00000175dcbb3000 	C:\Program Files\Java\javafx-sdk-18.0.1\bin\api-ms-win-core-memory-l1-1-0.dll
0x00000175dcbc0000 - 0x00000175dcbc3000 	C:\Program Files\Java\javafx-sdk-18.0.1\bin\api-ms-win-core-namedpipe-l1-1-0.dll
0x00000175dcbd0000 - 0x00000175dcbd3000 	C:\Program Files\Java\javafx-sdk-18.0.1\bin\api-ms-win-core-processenvironment-l1-1-0.dll
0x00000175dcbe0000 - 0x00000175dcbe3000 	C:\Program Files\Java\javafx-sdk-18.0.1\bin\api-ms-win-core-processthreads-l1-1-0.dll
0x00000175dcbf0000 - 0x00000175dcbf3000 	C:\Program Files\Java\javafx-sdk-18.0.1\bin\api-ms-win-core-processthreads-l1-1-1.dll
0x00000175defd0000 - 0x00000175defd3000 	C:\Program Files\Java\javafx-sdk-18.0.1\bin\api-ms-win-core-profile-l1-1-0.dll
0x00000175defe0000 - 0x00000175defe3000 	C:\Program Files\Java\javafx-sdk-18.0.1\bin\api-ms-win-core-rtlsupport-l1-1-0.dll
0x00000175deff0000 - 0x00000175deff3000 	C:\Program Files\Java\javafx-sdk-18.0.1\bin\api-ms-win-core-string-l1-1-0.dll
0x00000175df000000 - 0x00000175df003000 	C:\Program Files\Java\javafx-sdk-18.0.1\bin\api-ms-win-core-synch-l1-1-0.dll
0x00000175df010000 - 0x00000175df013000 	C:\Program Files\Java\javafx-sdk-18.0.1\bin\api-ms-win-core-synch-l1-2-0.dll
0x00000175df020000 - 0x00000175df023000 	C:\Program Files\Java\javafx-sdk-18.0.1\bin\api-ms-win-core-sysinfo-l1-1-0.dll
0x00000175df030000 - 0x00000175df033000 	C:\Program Files\Java\javafx-sdk-18.0.1\bin\api-ms-win-core-timezone-l1-1-0.dll
0x00000175df040000 - 0x00000175df043000 	C:\Program Files\Java\javafx-sdk-18.0.1\bin\api-ms-win-core-util-l1-1-0.dll
0x00000175df050000 - 0x00000175df053000 	C:\Program Files\Java\javafx-sdk-18.0.1\bin\api-ms-win-crt-conio-l1-1-0.dll
0x00000175df060000 - 0x00000175df064000 	C:\Program Files\Java\javafx-sdk-18.0.1\bin\api-ms-win-crt-convert-l1-1-0.dll
0x00000175df070000 - 0x00000175df073000 	C:\Program Files\Java\javafx-sdk-18.0.1\bin\api-ms-win-crt-environment-l1-1-0.dll
0x00000175df080000 - 0x00000175df083000 	C:\Program Files\Java\javafx-sdk-18.0.1\bin\api-ms-win-crt-filesystem-l1-1-0.dll
0x00000175df090000 - 0x00000175df093000 	C:\Program Files\Java\javafx-sdk-18.0.1\bin\api-ms-win-crt-heap-l1-1-0.dll
0x00000175df0a0000 - 0x00000175df0a3000 	C:\Program Files\Java\javafx-sdk-18.0.1\bin\api-ms-win-crt-locale-l1-1-0.dll
0x00000175df0b0000 - 0x00000175df0b5000 	C:\Program Files\Java\javafx-sdk-18.0.1\bin\api-ms-win-crt-math-l1-1-0.dll
0x00000175df0c0000 - 0x00000175df0c5000 	C:\Program Files\Java\javafx-sdk-18.0.1\bin\api-ms-win-crt-multibyte-l1-1-0.dll
0x00000175df0d0000 - 0x00000175df0e0000 	C:\Program Files\Java\javafx-sdk-18.0.1\bin\api-ms-win-crt-private-l1-1-0.dll
0x00000175df0e0000 - 0x00000175df0e3000 	C:\Program Files\Java\javafx-sdk-18.0.1\bin\api-ms-win-crt-process-l1-1-0.dll
0x00000175df0f0000 - 0x00000175df0f4000 	C:\Program Files\Java\javafx-sdk-18.0.1\bin\api-ms-win-crt-runtime-l1-1-0.dll
0x00000175df100000 - 0x00000175df104000 	C:\Program Files\Java\javafx-sdk-18.0.1\bin\api-ms-win-crt-stdio-l1-1-0.dll
0x00000175df110000 - 0x00000175df114000 	C:\Program Files\Java\javafx-sdk-18.0.1\bin\api-ms-win-crt-string-l1-1-0.dll
0x00000175df120000 - 0x00000175df123000 	C:\Program Files\Java\javafx-sdk-18.0.1\bin\api-ms-win-crt-time-l1-1-0.dll
0x00000175df130000 - 0x00000175df133000 	C:\Program Files\Java\javafx-sdk-18.0.1\bin\api-ms-win-crt-utility-l1-1-0.dll
0x00007ff91a8e0000 - 0x00007ff91a9dc000 	C:\Program Files\Java\javafx-sdk-18.0.1\bin\ucrtbase.dll
0x00007ff92f460000 - 0x00007ff92f47a000 	C:\Program Files\Java\javafx-sdk-18.0.1\bin\vcruntime140.dll
0x00007ff952e60000 - 0x00007ff952e6c000 	C:\Program Files\Java\javafx-sdk-18.0.1\bin\vcruntime140_1.dll
0x00007ff91ade0000 - 0x00007ff91ae6d000 	C:\Program Files\Java\javafx-sdk-18.0.1\bin\msvcp140.dll
0x00007ff92f400000 - 0x00007ff92f42c000 	C:\Program Files\Java\javafx-sdk-18.0.1\bin\prism_d3d.dll
0x00007ff94ecd0000 - 0x00007ff94ee76000 	C:\Windows\system32\d3d9.dll
0x00007ff957960000 - 0x00007ff95798f000 	C:\Windows\SYSTEM32\dwmapi.dll
0x00007ff9574a0000 - 0x00007ff9574d8000 	C:\Windows\SYSTEM32\dxcore.dll
0x00007ff957180000 - 0x00007ff95722c000 	C:\Windows\system32\uxtheme.dll
0x00007ff94fdc0000 - 0x00007ff94fec7000 	C:\Windows\System32\DriverStore\FileRepository\nvltig.inf_amd64_ce837e92efe9cbc4\nvldumdx.dll
0x00007ff9597f0000 - 0x00007ff959802000 	C:\Windows\SYSTEM32\msasn1.dll
0x00007ff951750000 - 0x00007ff951781000 	C:\Windows\SYSTEM32\cryptnet.dll
0x00007ff95a050000 - 0x00007ff95a1b2000 	C:\Windows\System32\CRYPT32.dll
0x00007ff94f9e0000 - 0x00007ff94fb29000 	C:\Windows\SYSTEM32\drvstore.dll
0x00007ff959c70000 - 0x00007ff959c9c000 	C:\Windows\SYSTEM32\devobj.dll
0x00007ff959c20000 - 0x00007ff959c6c000 	C:\Windows\SYSTEM32\cfgmgr32.dll
0x00007ff959860000 - 0x00007ff95989d000 	C:\Windows\SYSTEM32\wldp.dll
0x00007ff959790000 - 0x00007ff95979c000 	C:\Windows\SYSTEM32\cryptbase.dll
0x00007ff95a750000 - 0x00007ff95a7b7000 	C:\Windows\System32\WINTRUST.DLL
0x00007ff95c4f0000 - 0x00007ff95c50f000 	C:\Windows\System32\imagehlp.dll
0x00007ff9597a0000 - 0x00007ff9597b8000 	C:\Windows\SYSTEM32\CRYPTSP.dll
0x00007ff959080000 - 0x00007ff9590b5000 	C:\Windows\system32\rsaenh.dll
0x00007ff959910000 - 0x00007ff959937000 	C:\Windows\SYSTEM32\bcrypt.dll
0x00007ff8daef0000 - 0x00007ff8dc678000 	C:\Windows\System32\DriverStore\FileRepository\nvltig.inf_amd64_ce837e92efe9cbc4\nvd3dumx.dll
0x00007ff953ac0000 - 0x00007ff953b04000 	C:\Windows\SYSTEM32\directxdatabasehelper.dll
0x00007ff957820000 - 0x00007ff957854000 	C:\Windows\SYSTEM32\ntmarta.dll
0x00007ff91ff10000 - 0x00007ff91ff52000 	C:\Program Files\Java\javafx-sdk-18.0.1\bin\glass.dll
0x00007ff95c910000 - 0x00007ff95c9fc000 	C:\Windows\System32\COMDLG32.dll
0x00007ff95c350000 - 0x00007ff95c4ea000 	C:\Windows\System32\ole32.dll
0x00007ff95b1a0000 - 0x00007ff95b276000 	C:\Windows\System32\OLEAUT32.dll
0x00007ff95af50000 - 0x00007ff95b06e000 	C:\Windows\System32\MSCTF.dll
0x00007ff8dc9a0000 - 0x00007ff8dcc63000 	C:\Windows\system32\nvspcap64.dll
0x00007ff9595e0000 - 0x00007ff959604000 	C:\Windows\SYSTEM32\gpapi.dll
0x00007ff92bd20000 - 0x00007ff92bd34000 	C:\Program Files\Java\javafx-sdk-18.0.1\bin\javafx_font.dll
0x00007ff935810000 - 0x00007ff935a6f000 	C:\Windows\SYSTEM32\dwrite.dll
0x00007ff95b280000 - 0x00007ff95b32f000 	C:\Windows\System32\clbcatq.dll
0x00007ff951860000 - 0x00007ff951a0e000 	C:\Windows\SYSTEM32\WindowsCodecs.dll
0x00007ff933380000 - 0x00007ff9333dd000 	C:\Windows\system32\dataexchange.dll
0x00007ff950bb0000 - 0x00007ff950e16000 	C:\Windows\system32\twinapi.appcore.dll
0x00007ff921c40000 - 0x00007ff921c72000 	C:\Program Files\Common Files\Microsoft Shared\Ink\rtscom.dll
0x00007ff93c230000 - 0x00007ff93c35d000 	C:\Windows\SYSTEM32\textinputframework.dll
0x00007ff956ca0000 - 0x00007ff956dd2000 	C:\Windows\SYSTEM32\CoreMessaging.dll

dbghelp: loaded successfully - version: 4.0.5 - missing functions: none
symbol engine: initialized successfully - sym options: 0x614 - pdb path: .;C:\Program Files\Java\jdk-17.0.2\bin;C:\Windows\SYSTEM32;C:\Windows\WinSxS\amd64_microsoft.windows.common-controls_6595b64144ccf1df_6.0.22000.120_none_9d947278b86cc467;C:\Program Files\Java\jdk-17.0.2\bin\server;C:\Program Files\Java\javafx-sdk-18.0.1\bin;C:\Windows\System32\DriverStore\FileRepository\nvltig.inf_amd64_ce837e92efe9cbc4;C:\Program Files\Common Files\Microsoft Shared\Ink

VM Arguments:
jvm_args: -Dfile.encoding=UTF-8 --add-modules=javafx.controls,javafx.fxml --module-path=C:\Users\juanc\OneDrive\Documentos\Universidad 3\POO\SEATORA\build\classes;C:\Program Files\Java\javafx-sdk-18.0.1\lib\javafx-swt.jar;C:\Program Files\Java\javafx-sdk-18.0.1\lib\javafx.base.jar;C:\Program Files\Java\javafx-sdk-18.0.1\lib\javafx.controls.jar;C:\Program Files\Java\javafx-sdk-18.0.1\lib\javafx.fxml.jar;C:\Program Files\Java\javafx-sdk-18.0.1\lib\javafx.graphics.jar;C:\Program Files\Java\javafx-sdk-18.0.1\lib\javafx.media.jar;C:\Program Files\Java\javafx-sdk-18.0.1\lib\javafx.swing.jar;C:\Program Files\Java\javafx-sdk-18.0.1\lib\javafx.web.jar 
java_command: start.Seatora
java_class_path (initial): C:\Program Files\Java\javafx-sdk-18.0.1\lib\javafx-swt.jar;C:\Program Files\Java\javafx-sdk-18.0.1\lib\javafx.base.jar;C:\Program Files\Java\javafx-sdk-18.0.1\lib\javafx.controls.jar;C:\Program Files\Java\javafx-sdk-18.0.1\lib\javafx.fxml.jar;C:\Program Files\Java\javafx-sdk-18.0.1\lib\javafx.graphics.jar;C:\Program Files\Java\javafx-sdk-18.0.1\lib\javafx.media.jar;C:\Program Files\Java\javafx-sdk-18.0.1\lib\javafx.swing.jar;C:\Program Files\Java\javafx-sdk-18.0.1\lib\javafx.web.jar;C:\Users\juanc\OneDrive\Documentos\Universidad 3\POO\SEATORA\build\classes
Launcher Type: SUN_STANDARD

[Global flags]
     intx CICompilerCount                          = 12                                        {product} {ergonomic}
     uint ConcGCThreads                            = 3                                         {product} {ergonomic}
     uint G1ConcRefinementThreads                  = 13                                        {product} {ergonomic}
   size_t G1HeapRegionSize                         = 4194304                                   {product} {ergonomic}
    uintx GCDrainStackTargetSize                   = 64                                        {product} {ergonomic}
   size_t InitialHeapSize                          = 402653184                                 {product} {ergonomic}
   size_t MarkStackSize                            = 4194304                                   {product} {ergonomic}
   size_t MaxHeapSize                              = 6404702208                                {product} {ergonomic}
   size_t MaxNewSize                               = 3841982464                                {product} {ergonomic}
   size_t MinHeapDeltaBytes                        = 4194304                                   {product} {ergonomic}
   size_t MinHeapSize                              = 8388608                                   {product} {ergonomic}
    uintx NonNMethodCodeHeapSize                   = 7602480                                {pd product} {ergonomic}
    uintx NonProfiledCodeHeapSize                  = 122027880                              {pd product} {ergonomic}
    uintx ProfiledCodeHeapSize                     = 122027880                              {pd product} {ergonomic}
    uintx ReservedCodeCacheSize                    = 251658240                              {pd product} {ergonomic}
     bool SegmentedCodeCache                       = true                                      {product} {ergonomic}
   size_t SoftMaxHeapSize                          = 6404702208                             {manageable} {ergonomic}
     bool UseCompressedClassPointers               = true                           {product lp64_product} {ergonomic}
     bool UseCompressedOops                        = true                           {product lp64_product} {ergonomic}
     bool UseG1GC                                  = true                                      {product} {ergonomic}
     bool UseLargePagesIndividualAllocation        = false                                  {pd product} {ergonomic}

Logging:
Log output configuration:
 #0: stdout all=off uptime,level,tags
 #1: stderr all=off uptime,level,tags

Environment Variables:
PATH=C:\Program Files\Common Files\Oracle\Java\javapath;C:\Program Files (x86)\Common Files\Oracle\Java\javapath;C:\Windows\system32;C:\Windows;C:\Windows\System32\Wbem;C:\Windows\System32\WindowsPowerShell\v1.0\;C:\Windows\System32\OpenSSH\;C:\Program Files (x86)\NVIDIA Corporation\PhysX\Common;C:\Program Files\NVIDIA Corporation\NVIDIA NvDLISR;C:\Users\juanc\AppData\Local\Microsoft\WindowsApps;;C:\Users\juanc\AppData\Local\Programs\Microsoft VS Code\bin
USERNAME=juanc
OS=Windows_NT
PROCESSOR_IDENTIFIER=AMD64 Family 25 Model 80 Stepping 0, AuthenticAMD



---------------  S Y S T E M  ---------------

OS:
 Windows 11 , 64 bit Build 22000 (10.0.22000.675)
OS uptime: 0 days 2:46 hours

CPU: total 16 (initial active 16) (16 cores per cpu, 2 threads per core) family 25 model 80 stepping 0 microcode 0x0, cx8, cmov, fxsr, ht, mmx, 3dnowpref, sse, sse2, sse3, ssse3, sse4a, sse4.1, sse4.2, popcnt, lzcnt, tsc, tscinvbit, avx, avx2, aes, erms, clmul, bmi1, bmi2, adx, sha, fma, vzeroupper, clflush, clflushopt

Memory: 4k page, system-wide physical 24428M (14677M free)
TotalPageFile size 28012M (AvailPageFile size 13536M)
current process WorkingSet (physical memory assigned to process): 218M, peak: 269M
current process commit charge ("private bytes"): 665M, peak: 714M

vm_info: Java HotSpot(TM) 64-Bit Server VM (17.0.2+8-LTS-86) for windows-amd64 JRE (17.0.2+8-LTS-86), built on Dec  7 2021 21:51:03 by "mach5one" with MS VC++ 16.8 / 16.9 (VS2019)

END.
