#
# A fatal error has been detected by the Java Runtime Environment:
#
#  EXCEPTION_ACCESS_VIOLATION (0xc0000005) at pc=0x00007ffb526a62d7, pid=14816, tid=19088
#
# JRE version: Java(TM) SE Runtime Environment (17.0.2+8) (build 17.0.2+8-LTS-86)
# Java VM: Java HotSpot(TM) 64-Bit Server VM (17.0.2+8-LTS-86, mixed mode, sharing, tiered, compressed oops, compressed class ptrs, g1 gc, windows-amd64)
# Problematic frame:
# C  [glass.dll+0x262d7]
#
# No core dump will be written. Minidumps are not enabled by default on client versions of Windows
#
# If you would like to submit a bug report, please visit:
#   https://bugreport.java.com/bugreport/crash.jsp
#

---------------  S U M M A R Y ------------

Command Line: -Dfile.encoding=UTF-8 --add-modules=javafx.controls,javafx.fxml --module-path=C:\Users\juanc\OneDrive\Documentos\Universidad 3\POO\SEATORA\build\classes;C:\Program Files\Java\javafx-sdk-18.0.1\lib\javafx-swt.jar;C:\Program Files\Java\javafx-sdk-18.0.1\lib\javafx.base.jar;C:\Program Files\Java\javafx-sdk-18.0.1\lib\javafx.controls.jar;C:\Program Files\Java\javafx-sdk-18.0.1\lib\javafx.fxml.jar;C:\Program Files\Java\javafx-sdk-18.0.1\lib\javafx.graphics.jar;C:\Program Files\Java\javafx-sdk-18.0.1\lib\javafx.media.jar;C:\Program Files\Java\javafx-sdk-18.0.1\lib\javafx.swing.jar;C:\Program Files\Java\javafx-sdk-18.0.1\lib\javafx.web.jar start.Seatora

Host: AMD Ryzen 7 5800H with Radeon Graphics         , 16 cores, 23G,  Windows 11 , 64 bit Build 22000 (10.0.22000.675)
Time: Thu May 26 20:17:24 2022 Hora est. Pacífico, Sudamérica elapsed time: 106.505928 seconds (0d 0h 1m 46s)

---------------  T H R E A D  ---------------

Current thread (0x000002dae78dcf30):  VMThread "VM Thread" [stack: 0x000000e3c6000000,0x000000e3c6100000] [id=19088]

Stack: [0x000000e3c6000000,0x000000e3c6100000],  sp=0x000000e3c60ff260,  free space=1020k
Native frames: (J=compiled Java code, j=interpreted, Vv=VM code, C=native code)
C  [glass.dll+0x262d7]


siginfo: EXCEPTION_ACCESS_VIOLATION (0xc0000005), reading address 0x0000000000000000


Register to memory mapping:

RIP=0x00007ffb526a62d7 glass.dll
RAX=0x0 is NULL
RBX=0x000002daf571bb80 is a global jni handle
RCX=0x000002dae78dcf30 points into unknown readable memory: 0x00007ffb2277e890 | 90 e8 77 22 fb 7f 00 00
RDX=0x000000e3c60ff260 points into unknown readable memory: 0x0000000000000000 | 00 00 00 00 00 00 00 00
RSP=0x000000e3c60ff260 points into unknown readable memory: 0x0000000000000000 | 00 00 00 00 00 00 00 00
RBP=0x000002dae8aaa928 points into unknown readable memory: 0x0000ee52e1e91f60 | 60 1f e9 e1 52 ee 00 00
RSI=0x000002dae8aaa900 points into unknown readable memory: 0x526ad88ee1e9609b | 9b 60 e9 e1 8e d8 6a 52
RDI=0x0000ee52e1e91f60 is an unknown value
R8 =0x0000000000010002 is an unknown value
R9 =0x0000ee52e1e91f60 is an unknown value
R10=0x85f13e9656da4870 is an unknown value
R11=0x000000e3c60ff1f0 points into unknown readable memory: 0x000002dae8aaa900 | 00 a9 aa e8 da 02 00 00
R12=0x00007ffb526a3bc4 glass.dll
R13=0x00007ffb229249d0 jvm.dll
R14=0x000000e3c60ff368 points into unknown readable memory: 0x000000e3c60ff350 | 50 f3 0f c6 e3 00 00 00
R15=0x000002dae8aaa900 points into unknown readable memory: 0x526ad88ee1e9609b | 9b 60 e9 e1 8e d8 6a 52


Registers:
RAX=0x0000000000000000, RBX=0x000002daf571bb80, RCX=0x000002dae78dcf30, RDX=0x000000e3c60ff260
RSP=0x000000e3c60ff260, RBP=0x000002dae8aaa928, RSI=0x000002dae8aaa900, RDI=0x0000ee52e1e91f60
R8 =0x0000000000010002, R9 =0x0000ee52e1e91f60, R10=0x85f13e9656da4870, R11=0x000000e3c60ff1f0
R12=0x00007ffb526a3bc4, R13=0x00007ffb229249d0, R14=0x000000e3c60ff368, R15=0x000002dae8aaa900
RIP=0x00007ffb526a62d7, EFLAGS=0x0000000000010202

Top of Stack: (sp=0x000000e3c60ff260)
0x000000e3c60ff260:   0000000000000000 000002dae8aaa900
0x000000e3c60ff270:   00007ffb229249d0 00007ffb526a3bc4
0x000000e3c60ff280:   000002dae8aaa908 00007ffbb50dbea0
0x000000e3c60ff290:   0000ee52e1e91f60 000002da00000000
0x000000e3c60ff2a0:   000002dae8aaa928 000002dae8aaa900
0x000000e3c60ff2b0:   fffffffffffffffe 0000000000000000
0x000000e3c60ff2c0:   0000000000000001 00007ffb52680000
0x000000e3c60ff2d0:   000000e3c60ff358 00007ffbb50dbdb7
0x000000e3c60ff2e0:   0000000000000000 000000e3c60ff368
0x000000e3c60ff2f0:   000000e3c60ff640 00007ffbb51c12b0
0x000000e3c60ff300:   0000000000000001 00007ffbb50dbd6d
0x000000e3c60ff310:   0000000000000000 0000000000000001
0x000000e3c60ff320:   0000000000000000 000000e3c60ff358
0x000000e3c60ff330:   fffffffffffffffe 000000e300000000
0x000000e3c60ff340:   ffffffff00000001 00007ffb526a3a51
0x000000e3c60ff350:   00007ffb526b9f88 00007ffb00000002 

Instructions: (pc=0x00007ffb526a62d7)
0x00007ffb526a61d7:   8b 4d 58 e8 2d cf ff ff 48 8b 4d 60 e8 24 cf ff
0x00007ffb526a61e7:   ff 48 8b 95 80 00 00 00 48 8b 8d 18 01 00 00 e8
0x00007ffb526a61f7:   16 c4 ff ff 33 d2 33 c9 e8 5c e1 ff ff 90 48 89
0x00007ffb526a6207:   54 24 10 55 48 83 ec 20 48 8b ea 48 b8 00 00 00
0x00007ffb526a6217:   00 00 00 00 00 48 83 c4 20 5d c3 cc 40 55 48 8b
0x00007ffb526a6227:   ea 48 8b 01 33 c9 81 38 05 00 00 c0 0f 94 c1 8b
0x00007ffb526a6237:   c1 5d c3 cc 40 55 48 83 ec 20 48 8b ea 8a 4d 40
0x00007ffb526a6247:   48 83 c4 20 5d e9 17 d3 ff ff cc 40 55 48 83 ec
0x00007ffb526a6257:   20 48 8b ea 8a 4d 20 e8 05 d3 ff ff 90 48 83 c4
0x00007ffb526a6267:   20 5d c3 cc 40 55 48 83 ec 20 48 8b ea 48 83 c4
0x00007ffb526a6277:   20 5d e9 66 d1 ff ff cc 40 55 48 83 ec 30 48 8b
0x00007ffb526a6287:   ea 48 8b 01 8b 10 48 89 4c 24 28 89 54 24 20 4c
0x00007ffb526a6297:   8d 0d 07 d6 ff ff 4c 8b 45 70 8b 55 68 48 8b 4d
0x00007ffb526a62a7:   60 e8 a7 d0 ff ff 90 48 83 c4 30 5d c3 cc cc cc
0x00007ffb526a62b7:   cc cc cc cc cc cc cc cc cc 40 53 48 83 ec 20 48
0x00007ffb526a62c7:   8b 1d bb 36 01 00 48 85 db 74 16 e8 59 8b ff ff
0x00007ffb526a62d7:   4c 8b 00 48 8b d3 48 8b c8 41 ff 90 b0 00 00 00
0x00007ffb526a62e7:   90 48 83 c4 20 5b c3 cc cc 40 53 48 83 ec 20 48
0x00007ffb526a62f7:   8b 1d 2b 38 01 00 48 85 db 74 57 b8 ff ff ff ff
0x00007ffb526a6307:   f0 0f c1 43 10 83 f8 01 75 3d 48 85 db 74 38 48
0x00007ffb526a6317:   8b 0b 48 85 c9 74 0d ff 15 84 0f 00 00 48 c7 03
0x00007ffb526a6327:   00 00 00 00 48 8b 4b 08 48 85 c9 74 0d e8 d3 cd
0x00007ffb526a6337:   ff ff 48 c7 43 08 00 00 00 00 ba 18 00 00 00 48
0x00007ffb526a6347:   8b cb e8 be cd ff ff 48 c7 05 cf 37 01 00 00 00
0x00007ffb526a6357:   00 00 48 83 c4 20 5b c3 cc 40 53 48 83 ec 20 48
0x00007ffb526a6367:   8b 1d 9b 37 01 00 48 85 db 74 57 b8 ff ff ff ff
0x00007ffb526a6377:   f0 0f c1 43 10 83 f8 01 75 3d 48 85 db 74 38 48
0x00007ffb526a6387:   8b 0b 48 85 c9 74 0d ff 15 14 0f 00 00 48 c7 03
0x00007ffb526a6397:   00 00 00 00 48 8b 4b 08 48 85 c9 74 0d e8 63 cd
0x00007ffb526a63a7:   ff ff 48 c7 43 08 00 00 00 00 ba 18 00 00 00 48
0x00007ffb526a63b7:   8b cb e8 4e cd ff ff 48 c7 05 3f 37 01 00 00 00
0x00007ffb526a63c7:   00 00 48 83 c4 20 5b c3 cc 40 53 48 83 ec 20 48 


Stack slot to memory mapping:
stack at sp + 0 slots: 0x0 is NULL
stack at sp + 1 slots: 0x000002dae8aaa900 points into unknown readable memory: 0x526ad88ee1e9609b | 9b 60 e9 e1 8e d8 6a 52
stack at sp + 2 slots: 0x00007ffb229249d0 jvm.dll
stack at sp + 3 slots: 0x00007ffb526a3bc4 glass.dll
stack at sp + 4 slots: 0x000002dae8aaa908 points into unknown readable memory: 0x0000ee52e1e91f60 | 60 1f e9 e1 52 ee 00 00
stack at sp + 5 slots: 0x00007ffbb50dbea0 ucrtbase.dll
stack at sp + 6 slots: 0x0000ee52e1e91f60 is an unknown value
stack at sp + 7 slots: 0x000002da00000000 is an unknown value

VM_Operation (0x000000e3c76eb570): Exit, mode: safepoint, requested by thread 0x000002dae8aa7630


---------------  P R O C E S S  ---------------

Threads class SMR info:
_java_thread_list=0x000002daf3353910, length=21, elements={
0x000002dabf5cc060, 0x000002dae78e0b20, 0x000002dae78e1990, 0x000002dae78f7150,
0x000002dae78f9c10, 0x000002dae78fa5c0, 0x000002dae78faf70, 0x000002dae78fe6d0,
0x000002dae79104f0, 0x000002dae7926e20, 0x000002dae78cd160, 0x000002dae8e567d0,
0x000002dae8aad8e0, 0x000002dae8aa7630, 0x000002dae94708a0, 0x000002dae87fdfe0,
0x000002dae9e0cbf0, 0x000002dae9646770, 0x000002dae96492c0, 0x000002daf27eced0,
0x000002daf27ec530
}

Java Threads: ( => current thread )
  0x000002dabf5cc060 JavaThread "main" [_thread_blocked, id=4964, stack(0x000000e3c5a00000,0x000000e3c5b00000)]
  0x000002dae78e0b20 JavaThread "Reference Handler" daemon [_thread_blocked, id=10788, stack(0x000000e3c6100000,0x000000e3c6200000)]
  0x000002dae78e1990 JavaThread "Finalizer" daemon [_thread_blocked, id=7212, stack(0x000000e3c6200000,0x000000e3c6300000)]
  0x000002dae78f7150 JavaThread "Signal Dispatcher" daemon [_thread_blocked, id=16852, stack(0x000000e3c6300000,0x000000e3c6400000)]
  0x000002dae78f9c10 JavaThread "Attach Listener" daemon [_thread_blocked, id=18400, stack(0x000000e3c6400000,0x000000e3c6500000)]
  0x000002dae78fa5c0 JavaThread "Service Thread" daemon [_thread_blocked, id=19348, stack(0x000000e3c6500000,0x000000e3c6600000)]
  0x000002dae78faf70 JavaThread "Monitor Deflation Thread" daemon [_thread_blocked, id=17924, stack(0x000000e3c6600000,0x000000e3c6700000)]
  0x000002dae78fe6d0 JavaThread "C2 CompilerThread0" daemon [_thread_blocked, id=8996, stack(0x000000e3c6700000,0x000000e3c6800000)]
  0x000002dae79104f0 JavaThread "C1 CompilerThread0" daemon [_thread_blocked, id=11420, stack(0x000000e3c6800000,0x000000e3c6900000)]
  0x000002dae7926e20 JavaThread "Sweeper thread" daemon [_thread_blocked, id=2772, stack(0x000000e3c6900000,0x000000e3c6a00000)]
  0x000002dae78cd160 JavaThread "Common-Cleaner" daemon [_thread_blocked, id=10036, stack(0x000000e3c6b00000,0x000000e3c6c00000)]
  0x000002dae8e567d0 JavaThread "Notification Thread" daemon [_thread_blocked, id=17332, stack(0x000000e3c7200000,0x000000e3c7300000)]
  0x000002dae8aad8e0 JavaThread "InvokeLaterDispatcher" daemon [_thread_blocked, id=2628, stack(0x000000e3c7100000,0x000000e3c7200000)]
  0x000002dae8aa7630 JavaThread "JavaFX Application Thread" [_thread_blocked, id=14048, stack(0x000000e3c7600000,0x000000e3c7700000)]
  0x000002dae94708a0 JavaThread "JavaFX-Launcher" [_thread_blocked, id=716, stack(0x000000e3c7900000,0x000000e3c7a00000)]
  0x000002dae87fdfe0 JavaThread "Thread-2" daemon [_thread_in_native, id=17836, stack(0x000000e3c7800000,0x000000e3c7900000)]
  0x000002dae9e0cbf0 JavaThread "Prism Font Disposer" daemon [_thread_blocked, id=18828, stack(0x000000e3c8200000,0x000000e3c8300000)]
  0x000002dae9646770 JavaThread "Cleaner-0" daemon [_thread_blocked, id=10876, stack(0x000000e3c8740000,0x000000e3c8840000)]
  0x000002dae96492c0 JavaThread "Java2D Disposer" daemon [_thread_blocked, id=19036, stack(0x000000e3c6a00000,0x000000e3c6b00000)]
  0x000002daf27eced0 JavaThread "TimerQueue" daemon [_thread_blocked, id=18308, stack(0x000000e3c9380000,0x000000e3c9480000)]
  0x000002daf27ec530 JavaThread "AWT-Shutdown" [_thread_blocked, id=19072, stack(0x000000e3c8e60000,0x000000e3c8f60000)]

Other Threads:
=>0x000002dae78dcf30 VMThread "VM Thread" [stack: 0x000000e3c6000000,0x000000e3c6100000] [id=19088]
  0x000002dabf62db60 GCTaskThread "GC Thread#0" [stack: 0x000000e3c5b00000,0x000000e3c5c00000] [id=13516]
  0x000002dae94edce0 GCTaskThread "GC Thread#1" [stack: 0x000000e3c7a00000,0x000000e3c7b00000] [id=1816]
  0x000002dae94ee3a0 GCTaskThread "GC Thread#2" [stack: 0x000000e3c7b00000,0x000000e3c7c00000] [id=8072]
  0x000002dae94ee650 GCTaskThread "GC Thread#3" [stack: 0x000000e3c7c00000,0x000000e3c7d00000] [id=10508]
  0x000002dae94ef110 GCTaskThread "GC Thread#4" [stack: 0x000000e3c7d00000,0x000000e3c7e00000] [id=9768]
  0x000002dae94effe0 GCTaskThread "GC Thread#5" [stack: 0x000000e3c7e00000,0x000000e3c7f00000] [id=10352]
  0x000002dae94f7760 GCTaskThread "GC Thread#6" [stack: 0x000000e3c7f00000,0x000000e3c8000000] [id=6392]
  0x000002dae94f8630 GCTaskThread "GC Thread#7" [stack: 0x000000e3c8000000,0x000000e3c8100000] [id=7008]
  0x000002dae94f88e0 GCTaskThread "GC Thread#8" [stack: 0x000000e3c8100000,0x000000e3c8200000] [id=4980]
  0x000002dae95a79f0 GCTaskThread "GC Thread#9" [stack: 0x000000e3c7000000,0x000000e3c7100000] [id=10908]
  0x000002dae95a9220 GCTaskThread "GC Thread#10" [stack: 0x000000e3c7500000,0x000000e3c7600000] [id=5540]
  0x000002daf497bb80 GCTaskThread "GC Thread#11" [stack: 0x000000e3c8a60000,0x000000e3c8b60000] [id=18264]
  0x000002daf497ab60 GCTaskThread "GC Thread#12" [stack: 0x000000e3c8b60000,0x000000e3c8c60000] [id=2944]
  0x000002dabf63a970 ConcurrentGCThread "G1 Main Marker" terminated
  0x000002dabf63bb20 ConcurrentGCThread "G1 Conc#0" [stack: 0x000000e3c5d00000,0x000000e3c5e00000] [id=2224]
  0x000002daf4978060 ConcurrentGCThread "G1 Conc#1" [stack: 0x000000e3c8c60000,0x000000e3c8d60000] [id=4364]
  0x000002daf497b8d0 ConcurrentGCThread "G1 Conc#2" [stack: 0x000000e3c8d60000,0x000000e3c8e60000] [id=14804]
  0x000002dabf6a5f70 ConcurrentGCThread "G1 Refine#0" terminated
  0x000002dabf6a6990 ConcurrentGCThread "G1 Service" terminated

Threads with active compile tasks:

VM state: at safepoint (shutting down)

VM Mutex/Monitor currently owned by a thread:  ([mutex/lock_event])
[0x000002dabf5c8a10] Threads_lock - owner thread: 0x000002dae78dcf30
[0x000002dabf5c8350] Heap_lock - owner thread: 0x000002dae8aa7630

Heap address: 0x0000000682400000, size: 6108 MB, Compressed Oops mode: Zero based, Oop shift amount: 3

CDS archive(s) mapped at: [0x0000000800000000-0x0000000800bc0000-0x0000000800bc0000), size 12320768, SharedBaseAddress: 0x0000000800000000, ArchiveRelocationMode: 0.
Compressed class space mapped at: 0x0000000800c00000-0x0000000840c00000, reserved size: 1073741824
Narrow klass base: 0x0000000800000000, Narrow klass shift: 0, Narrow klass range: 0x100000000

GC Precious Log:
 CPUs: 16 total, 16 available
 Memory: 24428M
 Large Page Support: Disabled
 NUMA Support: Disabled
 Compressed Oops: Enabled (Zero based)
 Heap Region Size: 4M
 Heap Min Capacity: 8M
 Heap Initial Capacity: 384M
 Heap Max Capacity: 6108M
 Pre-touch: Disabled
 Parallel Workers: 13
 Concurrent Workers: 3
 Concurrent Refinement Workers: 13
 Periodic GC: Disabled

Heap:
 garbage-first heap   total 151552K, used 79295K [0x0000000682400000, 0x0000000800000000)
  region size 4096K, 2 young (8192K), 1 survivors (4096K)
 Metaspace       used 27604K, committed 27968K, reserved 1073152K
  class space    used 3665K, committed 3840K, reserved 1048576K

Heap Regions: E=young(eden), S=young(survivor), O=old, HS=humongous(starts), HC=humongous(continues), CS=collection set, F=free, OA=open archive, CA=closed archive, TAMS=top-at-mark-start (previous, next)
|   0|0x0000000682400000, 0x0000000682800000, 0x0000000682800000|100%|HS|  |TAMS 0x0000000682800000, 0x0000000682400000| Complete 
|   1|0x0000000682800000, 0x0000000682c00000, 0x0000000682c00000|100%|HS|  |TAMS 0x0000000682c00000, 0x0000000682800000| Complete 
|   2|0x0000000682c00000, 0x0000000683000000, 0x0000000683000000|100%|HS|  |TAMS 0x0000000683000000, 0x0000000682c00000| Complete 
|   3|0x0000000683000000, 0x0000000683400000, 0x0000000683400000|100%|HS|  |TAMS 0x0000000683400000, 0x0000000683000000| Complete 
|   4|0x0000000683400000, 0x0000000683400000, 0x0000000683800000|  0%| F|  |TAMS 0x0000000683400000, 0x0000000683400000| Untracked 
|   5|0x0000000683800000, 0x0000000683c00000, 0x0000000683c00000|100%| O|  |TAMS 0x0000000683c00000, 0x0000000683800000| Untracked 
|   6|0x0000000683c00000, 0x0000000684000000, 0x0000000684000000|100%| O|  |TAMS 0x0000000684000000, 0x0000000683c00000| Untracked 
|   7|0x0000000684000000, 0x0000000684400000, 0x0000000684400000|100%| O|  |TAMS 0x0000000684400000, 0x0000000684000000| Complete 
|   8|0x0000000684400000, 0x0000000684800000, 0x0000000684800000|100%| O|  |TAMS 0x0000000684800000, 0x0000000684400000| Complete 
|   9|0x0000000684800000, 0x0000000684c00000, 0x0000000684c00000|100%| O|  |TAMS 0x0000000684c00000, 0x0000000684800000| Untracked 
|  10|0x0000000684c00000, 0x0000000685000000, 0x0000000685000000|100%| O|  |TAMS 0x0000000685000000, 0x0000000684c00000| Complete 
|  11|0x0000000685000000, 0x0000000685400000, 0x0000000685400000|100%| O|  |TAMS 0x00000006852fa400, 0x0000000685000000| Untracked 
|  12|0x0000000685400000, 0x0000000685800000, 0x0000000685800000|100%|HS|  |TAMS 0x0000000685800000, 0x0000000685400000| Complete 
|  13|0x0000000685800000, 0x0000000685c00000, 0x0000000685c00000|100%|HS|  |TAMS 0x0000000685c00000, 0x0000000685800000| Complete 
|  14|0x0000000685c00000, 0x0000000686000000, 0x0000000686000000|100%|HS|  |TAMS 0x0000000686000000, 0x0000000685c00000| Complete 
|  15|0x0000000686000000, 0x0000000686400000, 0x0000000686400000|100%|HS|  |TAMS 0x0000000686400000, 0x0000000686000000| Complete 
|  16|0x0000000686400000, 0x0000000686800000, 0x0000000686800000|100%|HS|  |TAMS 0x0000000686800000, 0x0000000686400000| Complete 
|  17|0x0000000686800000, 0x0000000686c00000, 0x0000000686c00000|100%| O|  |TAMS 0x0000000686800000, 0x0000000686800000| Untracked 
|  18|0x0000000686c00000, 0x0000000686fb9e00, 0x0000000687000000| 93%| O|  |TAMS 0x0000000686c00000, 0x0000000686c00000| Untracked 
|  19|0x0000000687000000, 0x0000000687400000, 0x0000000687400000|100%|HS|  |TAMS 0x0000000687000000, 0x0000000687000000| Complete 
|  20|0x0000000687400000, 0x0000000687400000, 0x0000000687800000|  0%| F|  |TAMS 0x0000000687400000, 0x0000000687400000| Untracked 
|  21|0x0000000687800000, 0x0000000687800000, 0x0000000687c00000|  0%| F|  |TAMS 0x0000000687800000, 0x0000000687800000| Untracked 
|  22|0x0000000687c00000, 0x0000000687c00000, 0x0000000688000000|  0%| F|  |TAMS 0x0000000687c00000, 0x0000000687c00000| Untracked 
|  23|0x0000000688000000, 0x0000000688000000, 0x0000000688400000|  0%| F|  |TAMS 0x0000000688000000, 0x0000000688000000| Untracked 
|  24|0x0000000688400000, 0x0000000688400000, 0x0000000688800000|  0%| F|  |TAMS 0x0000000688400000, 0x0000000688400000| Untracked 
|  25|0x0000000688800000, 0x0000000688800000, 0x0000000688c00000|  0%| F|  |TAMS 0x0000000688800000, 0x0000000688800000| Untracked 
|  26|0x0000000688c00000, 0x0000000688c00000, 0x0000000689000000|  0%| F|  |TAMS 0x0000000688c00000, 0x0000000688c00000| Untracked 
|  27|0x0000000689000000, 0x0000000689000000, 0x0000000689400000|  0%| F|  |TAMS 0x0000000689000000, 0x0000000689000000| Untracked 
|  28|0x0000000689400000, 0x0000000689400000, 0x0000000689800000|  0%| F|  |TAMS 0x0000000689400000, 0x0000000689400000| Untracked 
|  29|0x0000000689800000, 0x0000000689800000, 0x0000000689c00000|  0%| F|  |TAMS 0x0000000689800000, 0x0000000689800000| Untracked 
|  30|0x0000000689c00000, 0x0000000689c00000, 0x000000068a000000|  0%| F|  |TAMS 0x0000000689c00000, 0x0000000689c00000| Untracked 
|  76|0x0000000695400000, 0x0000000695400000, 0x0000000695800000|  0%| F|  |TAMS 0x0000000695400000, 0x0000000695400000| Untracked 
|  77|0x0000000695800000, 0x0000000695800000, 0x0000000695c00000|  0%| F|  |TAMS 0x0000000695800000, 0x0000000695800000| Untracked 
|  78|0x0000000695c00000, 0x0000000695c00000, 0x0000000696000000|  0%| F|  |TAMS 0x0000000695c00000, 0x0000000695c00000| Untracked 
|  79|0x0000000696000000, 0x00000006961b61c0, 0x0000000696400000| 42%| S|CS|TAMS 0x0000000696000000, 0x0000000696000000| Complete 
|  80|0x0000000696400000, 0x0000000696400000, 0x0000000696800000|  0%| F|  |TAMS 0x0000000696400000, 0x0000000696400000| Untracked 
|  95|0x000000069a000000, 0x000000069a3436a8, 0x000000069a400000| 81%| E|  |TAMS 0x000000069a000000, 0x000000069a000000| Complete 

Card table byte_map: [0x000002dad72b0000,0x000002dad7ea0000] _byte_map_base: 0x000002dad3e9e000

Marking Bits (Prev, Next): (CMBitMap*) 0x000002dabf62e170, (CMBitMap*) 0x000002dabf62e1b0
 Prev Bits: [0x000002dad8a90000, 0x000002dadea00000)
 Next Bits: [0x000002dadea00000, 0x000002dae4970000)

Polling page: 0x000002dabd530000

Metaspace:

Usage:
  Non-class:     23.38 MB used.
      Class:      3.58 MB used.
       Both:     26.96 MB used.

Virtual space:
  Non-class space:       24.00 MB reserved,      23.56 MB ( 98%) committed,  3 nodes.
      Class space:        1.00 GB reserved,       3.75 MB ( <1%) committed,  1 nodes.
             Both:        1.02 GB reserved,      27.31 MB (  3%) committed. 

Chunk freelists:
   Non-Class:  112.00 KB
       Class:  206.00 KB
        Both:  318.00 KB

MaxMetaspaceSize: unlimited
CompressedClassSpaceSize: 1.00 GB
Initial GC threshold: 21.00 MB
Current GC threshold: 45.44 MB
CDS: on
MetaspaceReclaimPolicy: balanced
 - commit_granule_bytes: 65536.
 - commit_granule_words: 8192.
 - virtual_space_node_default_size: 1048576.
 - enlarge_chunks_in_place: 1.
 - new_chunks_are_fully_committed: 0.
 - uncommit_free_chunks: 1.
 - use_allocation_guard: 0.
 - handle_deallocations: 1.


Internal statistics:

num_allocs_failed_limit: 3.
num_arena_births: 410.
num_arena_deaths: 0.
num_vsnodes_births: 4.
num_vsnodes_deaths: 0.
num_space_committed: 437.
num_space_uncommitted: 0.
num_chunks_returned_to_freelist: 3.
num_chunks_taken_from_freelist: 1159.
num_chunk_merges: 3.
num_chunk_splits: 776.
num_chunks_enlarged: 572.
num_purges: 0.
num_inconsistent_stats: 0.

CodeHeap 'non-profiled nmethods': size=119168Kb used=3766Kb max_used=3766Kb free=115401Kb
 bounds [0x000002dace9d0000, 0x000002daced80000, 0x000002dad5e30000]
CodeHeap 'profiled nmethods': size=119104Kb used=13424Kb max_used=13424Kb free=105679Kb
 bounds [0x000002dac7580000, 0x000002dac82a0000, 0x000002dace9d0000]
CodeHeap 'non-nmethods': size=7488Kb used=1566Kb max_used=3181Kb free=5921Kb
 bounds [0x000002dac6e30000, 0x000002dac71e0000, 0x000002dac7580000]
 total_blobs=7277 nmethods=6310 adapters=878
 compilation: enabled
              stopped_count=0, restarted_count=0
 full_count=0

Compilation events (20 events):
Event: 104.859 Thread 0x000002dae78fe6d0 7059       4       javafx.scene.Node::<init> (231 bytes)
Event: 104.862 Thread 0x000002dae79104f0 7061       3       java.io.WinNTFileSystem::normalize (224 bytes)
Event: 104.863 Thread 0x000002dae79104f0 nmethod 7061 0x000002dac828e690 code [0x000002dac828ea80, 0x000002dac8290618]
Event: 104.863 Thread 0x000002dae79104f0 7062       3       java.lang.Character::getType (9 bytes)
Event: 104.863 Thread 0x000002dae79104f0 nmethod 7062 0x000002dac8291090 code [0x000002dac8291240, 0x000002dac8291438]
Event: 104.863 Thread 0x000002dae79104f0 7063       3       java.lang.CharacterDataLatin1::getType (11 bytes)
Event: 104.864 Thread 0x000002dae79104f0 nmethod 7063 0x000002dac8291510 code [0x000002dac82916c0, 0x000002dac8291878]
Event: 104.866 Thread 0x000002dae79104f0 7064       3       javafx.scene.layout.GridPane::computeGridMetrics (967 bytes)
Event: 104.870 Thread 0x000002dae79104f0 nmethod 7064 0x000002dac8291990 code [0x000002dac8292460, 0x000002dac8299dd8]
Event: 104.870 Thread 0x000002dae79104f0 7065       3       javafx.scene.layout.Region::computeXOffset (60 bytes)
Event: 104.870 Thread 0x000002dae79104f0 nmethod 7065 0x000002dac829bd90 code [0x000002dac829bf80, 0x000002dac829c288]
Event: 104.870 Thread 0x000002dae79104f0 7066       3       javafx.scene.layout.Region::computeYOffset (64 bytes)
Event: 104.870 Thread 0x000002dae79104f0 nmethod 7066 0x000002dac829c410 code [0x000002dac829c600, 0x000002dac829c928]
Event: 104.915 Thread 0x000002dae78fe6d0 nmethod 7059 0x000002daced76990 code [0x000002daced76e60, 0x000002daced7b588]
Event: 104.915 Thread 0x000002dae78fe6d0 7060       4       java.util.RegularEnumSet::addAll (23 bytes)
Event: 104.915 Thread 0x000002dae78fe6d0 nmethod 7060 0x000002daced7d610 code [0x000002daced7d780, 0x000002daced7d838]
Event: 105.837 Thread 0x000002dae79104f0 7067       3       com.sun.javafx.css.StyleManager$CacheContainer::nextSmapId (23 bytes)
Event: 105.837 Thread 0x000002dae79104f0 nmethod 7067 0x000002dac829ca90 code [0x000002dac829cc60, 0x000002dac829d1a8]
Event: 105.837 Thread 0x000002dae79104f0 7068       3       com.sun.javafx.css.StyleManager$CacheContainer::addStyleMap (12 bytes)
Event: 105.838 Thread 0x000002dae79104f0 nmethod 7068 0x000002dac829d390 code [0x000002dac829d560, 0x000002dac829da88]

GC Heap History (14 events):
Event: 0.523 GC heap before
{Heap before GC invocations=0 (full 0):
 garbage-first heap   total 393216K, used 16384K [0x0000000682400000, 0x0000000800000000)
  region size 4096K, 5 young (20480K), 0 survivors (0K)
 Metaspace       used 4507K, committed 4608K, reserved 1056768K
  class space    used 513K, committed 576K, reserved 1048576K
}
Event: 0.525 GC heap after
{Heap after GC invocations=1 (full 0):
 garbage-first heap   total 393216K, used 2762K [0x0000000682400000, 0x0000000800000000)
  region size 4096K, 1 young (4096K), 1 survivors (4096K)
 Metaspace       used 4507K, committed 4608K, reserved 1056768K
  class space    used 513K, committed 576K, reserved 1048576K
}
Event: 2.450 GC heap before
{Heap before GC invocations=1 (full 0):
 garbage-first heap   total 393216K, used 56010K [0x0000000682400000, 0x0000000800000000)
  region size 4096K, 11 young (45056K), 1 survivors (4096K)
 Metaspace       used 13999K, committed 14272K, reserved 1064960K
  class space    used 2014K, committed 2112K, reserved 1048576K
}
Event: 2.453 GC heap after
{Heap after GC invocations=2 (full 0):
 garbage-first heap   total 393216K, used 20844K [0x0000000682400000, 0x0000000800000000)
  region size 4096K, 2 young (8192K), 2 survivors (8192K)
 Metaspace       used 13999K, committed 14272K, reserved 1064960K
  class space    used 2014K, committed 2112K, reserved 1048576K
}
Event: 43.008 GC heap before
{Heap before GC invocations=2 (full 0):
 garbage-first heap   total 393216K, used 74092K [0x0000000682400000, 0x0000000800000000)
  region size 4096K, 15 young (61440K), 2 survivors (8192K)
 Metaspace       used 21286K, committed 21504K, reserved 1073152K
  class space    used 2940K, committed 3072K, reserved 1048576K
}
Event: 43.015 GC heap after
{Heap after GC invocations=3 (full 0):
 garbage-first heap   total 393216K, used 34927K [0x0000000682400000, 0x0000000800000000)
  region size 4096K, 5 young (20480K), 5 survivors (20480K)
 Metaspace       used 21286K, committed 21504K, reserved 1073152K
  class space    used 2940K, committed 3072K, reserved 1048576K
}
Event: 87.129 GC heap before
{Heap before GC invocations=4 (full 0):
 garbage-first heap   total 151552K, used 104559K [0x0000000682400000, 0x0000000800000000)
  region size 4096K, 22 young (90112K), 5 survivors (20480K)
 Metaspace       used 27195K, committed 27584K, reserved 1073152K
  class space    used 3651K, committed 3840K, reserved 1048576K
}
Event: 87.139 GC heap after
{Heap after GC invocations=5 (full 0):
 garbage-first heap   total 151552K, used 43312K [0x0000000682400000, 0x0000000800000000)
  region size 4096K, 3 young (12288K), 3 survivors (12288K)
 Metaspace       used 27195K, committed 27584K, reserved 1073152K
  class space    used 3651K, committed 3840K, reserved 1048576K
}
Event: 87.147 GC heap before
{Heap before GC invocations=5 (full 0):
 garbage-first heap   total 151552K, used 47408K [0x0000000682400000, 0x0000000800000000)
  region size 4096K, 4 young (16384K), 3 survivors (12288K)
 Metaspace       used 27196K, committed 27584K, reserved 1073152K
  class space    used 3651K, committed 3840K, reserved 1048576K
}
Event: 87.150 GC heap after
{Heap after GC invocations=6 (full 0):
 garbage-first heap   total 151552K, used 45485K [0x0000000682400000, 0x0000000800000000)
  region size 4096K, 1 young (4096K), 1 survivors (4096K)
 Metaspace       used 27196K, committed 27584K, reserved 1073152K
  class space    used 3651K, committed 3840K, reserved 1048576K
}
Event: 98.805 GC heap before
{Heap before GC invocations=6 (full 0):
 garbage-first heap   total 151552K, used 78253K [0x0000000682400000, 0x0000000800000000)
  region size 4096K, 6 young (24576K), 1 survivors (4096K)
 Metaspace       used 27498K, committed 27840K, reserved 1073152K
  class space    used 3659K, committed 3840K, reserved 1048576K
}
Event: 98.808 GC heap after
{Heap after GC invocations=7 (full 0):
 garbage-first heap   total 151552K, used 72681K [0x0000000682400000, 0x0000000800000000)
  region size 4096K, 2 young (8192K), 2 survivors (8192K)
 Metaspace       used 27498K, committed 27840K, reserved 1073152K
  class space    used 3659K, committed 3840K, reserved 1048576K
}
Event: 104.508 GC heap before
{Heap before GC invocations=7 (full 0):
 garbage-first heap   total 151552K, used 80873K [0x0000000682400000, 0x0000000800000000)
  region size 4096K, 4 young (16384K), 2 survivors (8192K)
 Metaspace       used 27581K, committed 27904K, reserved 1073152K
  class space    used 3664K, committed 3840K, reserved 1048576K
}
Event: 104.510 GC heap after
{Heap after GC invocations=8 (full 0):
 garbage-first heap   total 151552K, used 79295K [0x0000000682400000, 0x0000000800000000)
  region size 4096K, 1 young (4096K), 1 survivors (4096K)
 Metaspace       used 27581K, committed 27904K, reserved 1073152K
  class space    used 3664K, committed 3840K, reserved 1048576K
}

Deoptimization events (20 events):
Event: 94.483 Thread 0x000002dae89188e0 Uncommon trap: trap_request=0xffffffc6 fr.pc=0x000002dacea91bdc relative=0x000000000000053c
Event: 94.483 Thread 0x000002dae89188e0 Uncommon trap: reason=bimorphic_or_optimized_type_check action=maybe_recompile pc=0x000002dacea91bdc method=com.sun.javafx.sg.prism.NGNode.clearDirtyTree()V @ 74 c2
Event: 94.483 Thread 0x000002dae89188e0 DEOPT PACKING pc=0x000002dacea91bdc sp=0x000000e3c74fdd70
Event: 94.483 Thread 0x000002dae89188e0 DEOPT UNPACKING pc=0x000002dac6e823a3 sp=0x000000e3c74fdd20 mode 2
Event: 97.614 Thread 0x000002dae8aa7630 DEOPT PACKING pc=0x000002dac76364cf sp=0x000000e3c76f3200
Event: 97.614 Thread 0x000002dae8aa7630 DEOPT UNPACKING pc=0x000002dac6e82b43 sp=0x000000e3c76f2690 mode 0
Event: 97.614 Thread 0x000002dae8aa7630 DEOPT PACKING pc=0x000002dac76364cf sp=0x000000e3c76f3200
Event: 97.614 Thread 0x000002dae8aa7630 DEOPT UNPACKING pc=0x000002dac6e82b43 sp=0x000000e3c76f2690 mode 0
Event: 100.696 Thread 0x000002dae8aa7630 DEOPT PACKING pc=0x000002dac826a183 sp=0x000000e3c76efae0
Event: 100.696 Thread 0x000002dae8aa7630 DEOPT UNPACKING pc=0x000002dac6e82b43 sp=0x000000e3c76eef50 mode 0
Event: 104.507 Thread 0x000002dae8aa7630 DEOPT PACKING pc=0x000002dac79d9ad6 sp=0x000000e3c76ed960
Event: 104.507 Thread 0x000002dae8aa7630 DEOPT UNPACKING pc=0x000002dac6e82b43 sp=0x000000e3c76ece00 mode 0
Event: 104.541 Thread 0x000002dae8aa7630 Uncommon trap: trap_request=0xffffff45 fr.pc=0x000002daceb5cd8c relative=0x0000000000000bcc
Event: 104.541 Thread 0x000002dae8aa7630 Uncommon trap: reason=unstable_if action=reinterpret pc=0x000002daceb5cd8c method=java.util.WeakHashMap.expungeStaleEntries()V @ 66 c2
Event: 104.541 Thread 0x000002dae8aa7630 DEOPT PACKING pc=0x000002daceb5cd8c sp=0x000000e3c76ed9b0
Event: 104.541 Thread 0x000002dae8aa7630 DEOPT UNPACKING pc=0x000002dac6e823a3 sp=0x000000e3c76ed930 mode 2
Event: 105.841 Thread 0x000002dae9648450 Uncommon trap: trap_request=0xffffff45 fr.pc=0x000002daceba8a34 relative=0x0000000000000554
Event: 105.841 Thread 0x000002dae9648450 Uncommon trap: reason=unstable_if action=reinterpret pc=0x000002daceba8a34 method=sun.awt.AWTAutoShutdown.setToolkitBusy(Z)V @ 38 c2
Event: 105.841 Thread 0x000002dae9648450 DEOPT PACKING pc=0x000002daceba8a34 sp=0x000000e3c6dfeb70
Event: 105.841 Thread 0x000002dae9648450 DEOPT UNPACKING pc=0x000002dac6e823a3 sp=0x000000e3c6dfeb30 mode 2

Classes unloaded (0 events):
No events

Classes redefined (0 events):
No events

Internal exceptions (20 events):
Event: 43.105 Thread 0x000002dae8aa7630 Implicit null exception at 0x000002dacec7d46f to 0x000002dacec7da58
Event: 43.110 Thread 0x000002dae9648450 Exception <a 'java/lang/NoSuchMethodError'{0x000000069a252d48}: 'void java.lang.invoke.DirectMethodHandle$Holder.invokeVirtual(java.lang.Object, java.lang.Object)'> (0x000000069a252d48) 
thrown [t:\workspace\open\src\hotspot\share\interpreter\linkResolver.cpp, line 766]
Event: 43.141 Thread 0x000002dae8aa7630 Exception <a 'java/lang/NoSuchMethodError'{0x000000069a0c9998}: 'int java.lang.invoke.DirectMethodHandle$Holder.invokeStatic(java.lang.Object)'> (0x000000069a0c9998) 
thrown [t:\workspace\open\src\hotspot\share\interpreter\linkResolver.cpp, line 766]
Event: 55.955 Thread 0x000002dae8aa7630 Exception <a 'java/lang/NoSuchMethodError'{0x00000006892de578}: 'java.lang.Object java.lang.invoke.DirectMethodHandle$Holder.invokeSpecial(java.lang.Object, java.lang.Object, long, int, java.lang.Object, java.lang.Object, java.lang.Object, java.lang.Object, java.lang.Object, java.lang.Object, java.lang.Object)'> (0x00000006892de578) 
thrown [t:\workspace\open\src\hotspot\share\interpreter\linkResolver.cpp, line 766]
Event: 55.955 Thread 0x000002dae8aa7630 Exception <a 'java/lang/NoSuchMethodError'{0x00000006892e38d0}: 'java.lang.Object java.lang.invoke.DelegatingMethodHandle$Holder.reinvoke_L(java.lang.Object, long, int, java.lang.Object, java.lang.Object, java.lang.Object, java.lang.Object, java.lang.Object, java.lang.Object, java.lang.Object)'> (0x00000006892e38d0) 
thrown [t:\workspace\open\src\hotspot\share\interpreter\linkResolver.cpp, line 766]
Event: 58.317 Thread 0x000002dae8aa7630 Exception <a 'java/lang/NoSuchMethodError'{0x00000006887bc938}: 'java.lang.Object java.lang.invoke.Invokers$Holder.invokeExact_MT(java.lang.Object, java.lang.Object, java.lang.Object, java.lang.Object, java.lang.Object, java.lang.Object)'> (0x00000006887bc938) 
thrown [t:\workspace\open\src\hotspot\share\interpreter\linkResolver.cpp, line 766]
Event: 75.631 Thread 0x000002dae8aa7630 Implicit null exception at 0x000002dacec53b76 to 0x000002dacec550c0
Event: 75.631 Thread 0x000002dae8aa7630 Implicit null exception at 0x000002dacec34195 to 0x000002dacec38140
Event: 75.631 Thread 0x000002dae8aa7630 Implicit null exception at 0x000002dacebb1017 to 0x000002dacebb1074
Event: 76.766 Thread 0x000002dae8aa7630 Implicit null exception at 0x000002dacec40ffc to 0x000002dacec4184c
Event: 87.115 Thread 0x000002dae8aa7630 Implicit null exception at 0x000002daceb833e6 to 0x000002daceb85844
Event: 87.115 Thread 0x000002dae8aa7630 Implicit null exception at 0x000002daceb3351e to 0x000002daceb348bc
Event: 87.116 Thread 0x000002dae8aa7630 Implicit null exception at 0x000002dacecca0a0 to 0x000002daceccf91c
Event: 87.116 Thread 0x000002dae8aa7630 Implicit null exception at 0x000002dacea3b1ac to 0x000002dacea4080c
Event: 91.718 Thread 0x000002dae8aa7630 Implicit null exception at 0x000002dacebebcf6 to 0x000002dacebf72c4
Event: 91.718 Thread 0x000002dae8aa7630 Implicit null exception at 0x000002dacecb5dfb to 0x000002dacecbf368
Event: 91.718 Thread 0x000002dae8aa7630 Implicit null exception at 0x000002daceca3091 to 0x000002daceca58d8
Event: 99.775 Thread 0x000002dae8aa7630 Exception <a 'java/lang/reflect/InvocationTargetException'{0x000000069a1bed78}> (0x000000069a1bed78) 
thrown [t:\workspace\open\src\hotspot\share\runtime\reflection.cpp, line 1121]
Event: 100.644 Thread 0x000002dae8aa7630 Exception <a 'java/lang/reflect/InvocationTargetException'{0x000000069a2ec970}> (0x000000069a2ec970) 
thrown [t:\workspace\open\src\hotspot\share\runtime\reflection.cpp, line 1121]
Event: 101.722 Thread 0x000002dae8aa7630 Exception <a 'java/lang/reflect/InvocationTargetException'{0x000000069a3a03a0}> (0x000000069a3a03a0) 
thrown [t:\workspace\open\src\hotspot\share\runtime\reflection.cpp, line 1121]

VM Operations (20 events):
Event: 97.025 Executing VM operation: Cleanup done
Event: 98.025 Executing VM operation: Cleanup
Event: 98.025 Executing VM operation: Cleanup done
Event: 98.805 Executing VM operation: G1TryInitiateConcMark
Event: 98.808 Executing VM operation: G1TryInitiateConcMark done
Event: 99.809 Executing VM operation: Cleanup
Event: 99.809 Executing VM operation: Cleanup done
Event: 100.809 Executing VM operation: Cleanup
Event: 100.809 Executing VM operation: Cleanup done
Event: 103.810 Executing VM operation: Cleanup
Event: 103.810 Executing VM operation: Cleanup done
Event: 104.508 Executing VM operation: G1TryInitiateConcMark
Event: 104.510 Executing VM operation: G1TryInitiateConcMark done
Event: 104.518 Executing VM operation: G1Concurrent
Event: 104.520 Executing VM operation: G1Concurrent done
Event: 104.525 Executing VM operation: G1Concurrent
Event: 104.525 Executing VM operation: G1Concurrent done
Event: 105.526 Executing VM operation: Cleanup
Event: 105.526 Executing VM operation: Cleanup done
Event: 105.942 Executing VM operation: Exit

Events (20 events):
Event: 97.547 Thread 0x000002daf32fe860 Thread exited: 0x000002daf32fe860
Event: 97.613 Thread 0x000002daf32fe350 Thread exited: 0x000002daf32fe350
Event: 99.776 loading class java/lang/Throwable$WrappedPrintStream
Event: 99.776 loading class java/lang/Throwable$PrintStreamOrWriter
Event: 99.776 loading class java/lang/Throwable$PrintStreamOrWriter done
Event: 99.776 loading class java/lang/Throwable$WrappedPrintStream done
Event: 104.544 Thread 0x000002daf32fcf10 Thread added: 0x000002daf32fcf10
Event: 104.794 Thread 0x000002daf32fcf10 Thread exited: 0x000002daf32fcf10
Event: 105.840 Thread 0x000002daf27ef080 Thread added: 0x000002daf27ef080
Event: 105.840 Thread 0x000002daf27f0d60 Thread added: 0x000002daf27f0d60
Event: 105.840 Thread 0x000002daf27ee6e0 Thread added: 0x000002daf27ee6e0
Event: 105.840 Thread 0x000002daf27f1700 Thread added: 0x000002daf27f1700
Event: 105.841 Thread 0x000002daf27f1700 Thread exited: 0x000002daf27f1700
Event: 105.841 Thread 0x000002daf27eebb0 Thread exited: 0x000002daf27eebb0
Event: 105.841 Thread 0x000002daf27ef080 Thread exited: 0x000002daf27ef080
Event: 105.841 Thread 0x000002daf27ec530 Thread added: 0x000002daf27ec530
Event: 105.841 Thread 0x000002daf27ee6e0 Thread exited: 0x000002daf27ee6e0
Event: 105.853 Thread 0x000002dae9648450 Thread exited: 0x000002dae9648450
Event: 105.876 Thread 0x000002dae89188e0 Thread exited: 0x000002dae89188e0
Event: 105.941 Thread 0x000002daf27f0d60 Thread exited: 0x000002daf27f0d60


Dynamic libraries:
0x00007ff73e860000 - 0x00007ff73e870000 	C:\Program Files\Java\jdk-17.0.2\bin\java.exe
0x00007ffbb7ba0000 - 0x00007ffbb7da9000 	C:\Windows\SYSTEM32\ntdll.dll
0x00007ffbb6e80000 - 0x00007ffbb6f3d000 	C:\Windows\System32\KERNEL32.DLL
0x00007ffbb5310000 - 0x00007ffbb5689000 	C:\Windows\System32\KERNELBASE.dll
0x00007ffbb50c0000 - 0x00007ffbb51d1000 	C:\Windows\System32\ucrtbase.dll
0x00007ffbb0800000 - 0x00007ffbb081a000 	C:\Program Files\Java\jdk-17.0.2\bin\VCRUNTIME140.dll
0x00007ffbaf8b0000 - 0x00007ffbaf8c8000 	C:\Program Files\Java\jdk-17.0.2\bin\jli.dll
0x00007ffbb64f0000 - 0x00007ffbb659e000 	C:\Windows\System32\ADVAPI32.dll
0x00007ffbb5fd0000 - 0x00007ffbb6073000 	C:\Windows\System32\msvcrt.dll
0x00007ffbb72d0000 - 0x00007ffbb736e000 	C:\Windows\System32\sechost.dll
0x00007ffbb6b90000 - 0x00007ffbb6cb0000 	C:\Windows\System32\RPCRT4.dll
0x00007ffbb6cd0000 - 0x00007ffbb6e7c000 	C:\Windows\System32\USER32.dll
0x00007ffba36a0000 - 0x00007ffba3945000 	C:\Windows\WinSxS\amd64_microsoft.windows.common-controls_6595b64144ccf1df_6.0.22000.120_none_9d947278b86cc467\COMCTL32.dll
0x00007ffbb5090000 - 0x00007ffbb50b6000 	C:\Windows\System32\win32u.dll
0x00007ffbb7b30000 - 0x00007ffbb7b59000 	C:\Windows\System32\GDI32.dll
0x00007ffbb5690000 - 0x00007ffbb57a2000 	C:\Windows\System32\gdi32full.dll
0x00007ffbb59a0000 - 0x00007ffbb5a3d000 	C:\Windows\System32\msvcp_win.dll
0x00007ffbac9a0000 - 0x00007ffbac9aa000 	C:\Windows\SYSTEM32\VERSION.dll
0x00007ffbb6b50000 - 0x00007ffbb6b81000 	C:\Windows\System32\IMM32.DLL
0x00007ffbb07f0000 - 0x00007ffbb07fc000 	C:\Program Files\Java\jdk-17.0.2\bin\vcruntime140_1.dll
0x00007ffb86140000 - 0x00007ffb861cd000 	C:\Program Files\Java\jdk-17.0.2\bin\msvcp140.dll
0x00007ffb21e00000 - 0x00007ffb229c1000 	C:\Program Files\Java\jdk-17.0.2\bin\server\jvm.dll
0x00007ffbb7b20000 - 0x00007ffbb7b28000 	C:\Windows\System32\PSAPI.DLL
0x00007ffbb2210000 - 0x00007ffbb2219000 	C:\Windows\SYSTEM32\WSOCK32.dll
0x00007ffbae4e0000 - 0x00007ffbae513000 	C:\Windows\SYSTEM32\WINMM.dll
0x00007ffbb5a50000 - 0x00007ffbb5abf000 	C:\Windows\System32\WS2_32.dll
0x00007ffbb4280000 - 0x00007ffbb4298000 	C:\Windows\SYSTEM32\kernel.appcore.dll
0x00007ffbaf0a0000 - 0x00007ffbaf0aa000 	C:\Program Files\Java\jdk-17.0.2\bin\jimage.dll
0x00007ffbb2680000 - 0x00007ffbb28a1000 	C:\Windows\SYSTEM32\DBGHELP.DLL
0x00007ffb9b7e0000 - 0x00007ffb9b811000 	C:\Windows\SYSTEM32\dbgcore.DLL
0x00007ffbb57b0000 - 0x00007ffbb582f000 	C:\Windows\System32\bcryptPrimitives.dll
0x00007ffbac520000 - 0x00007ffbac545000 	C:\Program Files\Java\jdk-17.0.2\bin\java.dll
0x00007ffb83080000 - 0x00007ffb83156000 	C:\Program Files\Java\jdk-17.0.2\bin\jsvml.dll
0x00007ffbb7370000 - 0x00007ffbb7b1f000 	C:\Windows\System32\SHELL32.dll
0x00007ffbb3210000 - 0x00007ffbb3a78000 	C:\Windows\SYSTEM32\windows.storage.dll
0x00007ffbb6750000 - 0x00007ffbb6ac8000 	C:\Windows\System32\combase.dll
0x00007ffbb30a0000 - 0x00007ffbb3206000 	C:\Windows\SYSTEM32\wintypes.dll
0x00007ffbb6400000 - 0x00007ffbb64ea000 	C:\Windows\System32\SHCORE.dll
0x00007ffbb6fd0000 - 0x00007ffbb702d000 	C:\Windows\System32\shlwapi.dll
0x00007ffbb4fc0000 - 0x00007ffbb4fe1000 	C:\Windows\SYSTEM32\profapi.dll
0x00007ffbac9d0000 - 0x00007ffbac9e9000 	C:\Program Files\Java\jdk-17.0.2\bin\net.dll
0x00007ffbaffc0000 - 0x00007ffbb00cc000 	C:\Windows\SYSTEM32\WINHTTP.dll
0x00007ffbb46b0000 - 0x00007ffbb4717000 	C:\Windows\system32\mswsock.dll
0x00007ffb947b0000 - 0x00007ffb947c6000 	C:\Program Files\Java\jdk-17.0.2\bin\nio.dll
0x00007ffb8a780000 - 0x00007ffb8a798000 	C:\Program Files\Java\jdk-17.0.2\bin\zip.dll
0x000002dabf4f0000 - 0x000002dabf4f3000 	C:\Program Files\Java\javafx-sdk-18.0.1\bin\api-ms-win-core-console-l1-1-0.dll
0x000002dabf500000 - 0x000002dabf503000 	C:\Program Files\Java\javafx-sdk-18.0.1\bin\api-ms-win-core-console-l1-2-0.dll
0x000002dabf510000 - 0x000002dabf513000 	C:\Program Files\Java\javafx-sdk-18.0.1\bin\api-ms-win-core-datetime-l1-1-0.dll
0x000002dabf520000 - 0x000002dabf523000 	C:\Program Files\Java\javafx-sdk-18.0.1\bin\api-ms-win-core-debug-l1-1-0.dll
0x000002dabf530000 - 0x000002dabf533000 	C:\Program Files\Java\javafx-sdk-18.0.1\bin\api-ms-win-core-errorhandling-l1-1-0.dll
0x000002dabf540000 - 0x000002dabf544000 	C:\Program Files\Java\javafx-sdk-18.0.1\bin\api-ms-win-core-file-l1-1-0.dll
0x000002dabf550000 - 0x000002dabf553000 	C:\Program Files\Java\javafx-sdk-18.0.1\bin\api-ms-win-core-file-l1-2-0.dll
0x000002dabf560000 - 0x000002dabf563000 	C:\Program Files\Java\javafx-sdk-18.0.1\bin\api-ms-win-core-file-l2-1-0.dll
0x000002dabf570000 - 0x000002dabf573000 	C:\Program Files\Java\javafx-sdk-18.0.1\bin\api-ms-win-core-handle-l1-1-0.dll
0x000002dabf580000 - 0x000002dabf583000 	C:\Program Files\Java\javafx-sdk-18.0.1\bin\api-ms-win-core-heap-l1-1-0.dll
0x000002dabf590000 - 0x000002dabf593000 	C:\Program Files\Java\javafx-sdk-18.0.1\bin\api-ms-win-core-interlocked-l1-1-0.dll
0x000002dabf5a0000 - 0x000002dabf5a3000 	C:\Program Files\Java\javafx-sdk-18.0.1\bin\api-ms-win-core-libraryloader-l1-1-0.dll
0x000002dae7a70000 - 0x000002dae7a73000 	C:\Program Files\Java\javafx-sdk-18.0.1\bin\api-ms-win-core-localization-l1-2-0.dll
0x000002dae7a80000 - 0x000002dae7a83000 	C:\Program Files\Java\javafx-sdk-18.0.1\bin\api-ms-win-core-memory-l1-1-0.dll
0x000002dae7a90000 - 0x000002dae7a93000 	C:\Program Files\Java\javafx-sdk-18.0.1\bin\api-ms-win-core-namedpipe-l1-1-0.dll
0x000002dae7aa0000 - 0x000002dae7aa3000 	C:\Program Files\Java\javafx-sdk-18.0.1\bin\api-ms-win-core-processenvironment-l1-1-0.dll
0x000002dae7ab0000 - 0x000002dae7ab3000 	C:\Program Files\Java\javafx-sdk-18.0.1\bin\api-ms-win-core-processthreads-l1-1-0.dll
0x000002dae7ac0000 - 0x000002dae7ac3000 	C:\Program Files\Java\javafx-sdk-18.0.1\bin\api-ms-win-core-processthreads-l1-1-1.dll
0x000002dae7ad0000 - 0x000002dae7ad3000 	C:\Program Files\Java\javafx-sdk-18.0.1\bin\api-ms-win-core-profile-l1-1-0.dll
0x000002dae7ae0000 - 0x000002dae7ae3000 	C:\Program Files\Java\javafx-sdk-18.0.1\bin\api-ms-win-core-rtlsupport-l1-1-0.dll
0x000002dae7af0000 - 0x000002dae7af3000 	C:\Program Files\Java\javafx-sdk-18.0.1\bin\api-ms-win-core-string-l1-1-0.dll
0x000002dae7b00000 - 0x000002dae7b03000 	C:\Program Files\Java\javafx-sdk-18.0.1\bin\api-ms-win-core-synch-l1-1-0.dll
0x000002dae7b10000 - 0x000002dae7b13000 	C:\Program Files\Java\javafx-sdk-18.0.1\bin\api-ms-win-core-synch-l1-2-0.dll
0x000002dae7b20000 - 0x000002dae7b23000 	C:\Program Files\Java\javafx-sdk-18.0.1\bin\api-ms-win-core-sysinfo-l1-1-0.dll
0x000002dae7b30000 - 0x000002dae7b33000 	C:\Program Files\Java\javafx-sdk-18.0.1\bin\api-ms-win-core-timezone-l1-1-0.dll
0x000002dae7b40000 - 0x000002dae7b43000 	C:\Program Files\Java\javafx-sdk-18.0.1\bin\api-ms-win-core-util-l1-1-0.dll
0x000002dae7b50000 - 0x000002dae7b53000 	C:\Program Files\Java\javafx-sdk-18.0.1\bin\api-ms-win-crt-conio-l1-1-0.dll
0x000002dae7b60000 - 0x000002dae7b64000 	C:\Program Files\Java\javafx-sdk-18.0.1\bin\api-ms-win-crt-convert-l1-1-0.dll
0x000002dae7b70000 - 0x000002dae7b73000 	C:\Program Files\Java\javafx-sdk-18.0.1\bin\api-ms-win-crt-environment-l1-1-0.dll
0x000002dae7b80000 - 0x000002dae7b83000 	C:\Program Files\Java\javafx-sdk-18.0.1\bin\api-ms-win-crt-filesystem-l1-1-0.dll
0x000002dae7b90000 - 0x000002dae7b93000 	C:\Program Files\Java\javafx-sdk-18.0.1\bin\api-ms-win-crt-heap-l1-1-0.dll
0x000002dae7ba0000 - 0x000002dae7ba3000 	C:\Program Files\Java\javafx-sdk-18.0.1\bin\api-ms-win-crt-locale-l1-1-0.dll
0x000002dae7bb0000 - 0x000002dae7bb5000 	C:\Program Files\Java\javafx-sdk-18.0.1\bin\api-ms-win-crt-math-l1-1-0.dll
0x000002dae7bc0000 - 0x000002dae7bc5000 	C:\Program Files\Java\javafx-sdk-18.0.1\bin\api-ms-win-crt-multibyte-l1-1-0.dll
0x000002dae7bd0000 - 0x000002dae7be0000 	C:\Program Files\Java\javafx-sdk-18.0.1\bin\api-ms-win-crt-private-l1-1-0.dll
0x000002dae7be0000 - 0x000002dae7be3000 	C:\Program Files\Java\javafx-sdk-18.0.1\bin\api-ms-win-crt-process-l1-1-0.dll
0x000002dae7bf0000 - 0x000002dae7bf4000 	C:\Program Files\Java\javafx-sdk-18.0.1\bin\api-ms-win-crt-runtime-l1-1-0.dll
0x000002dae9fd0000 - 0x000002dae9fd4000 	C:\Program Files\Java\javafx-sdk-18.0.1\bin\api-ms-win-crt-stdio-l1-1-0.dll
0x000002dae9fe0000 - 0x000002dae9fe4000 	C:\Program Files\Java\javafx-sdk-18.0.1\bin\api-ms-win-crt-string-l1-1-0.dll
0x000002dae9ff0000 - 0x000002dae9ff3000 	C:\Program Files\Java\javafx-sdk-18.0.1\bin\api-ms-win-crt-time-l1-1-0.dll
0x000002daea000000 - 0x000002daea003000 	C:\Program Files\Java\javafx-sdk-18.0.1\bin\api-ms-win-crt-utility-l1-1-0.dll
0x00007ffb2ff50000 - 0x00007ffb3004c000 	C:\Program Files\Java\javafx-sdk-18.0.1\bin\ucrtbase.dll
0x00007ffba1c70000 - 0x00007ffba1c8a000 	C:\Program Files\Java\javafx-sdk-18.0.1\bin\vcruntime140.dll
0x00007ffbac930000 - 0x00007ffbac93c000 	C:\Program Files\Java\javafx-sdk-18.0.1\bin\vcruntime140_1.dll
0x00007ffb30300000 - 0x00007ffb3038d000 	C:\Program Files\Java\javafx-sdk-18.0.1\bin\msvcp140.dll
0x00007ffb8a950000 - 0x00007ffb8a97c000 	C:\Program Files\Java\javafx-sdk-18.0.1\bin\prism_d3d.dll
0x00007ffbaa200000 - 0x00007ffbaa3a6000 	C:\Windows\system32\d3d9.dll
0x00007ffbb2ac0000 - 0x00007ffbb2aef000 	C:\Windows\SYSTEM32\dwmapi.dll
0x00007ffbb2900000 - 0x00007ffbb2938000 	C:\Windows\SYSTEM32\dxcore.dll
0x00007ffbb2320000 - 0x00007ffbb23cc000 	C:\Windows\system32\uxtheme.dll
0x00007ffbb4950000 - 0x00007ffbb4962000 	C:\Windows\SYSTEM32\msasn1.dll
0x00007ffbac960000 - 0x00007ffbac991000 	C:\Windows\SYSTEM32\cryptnet.dll
0x00007ffbb5830000 - 0x00007ffbb5992000 	C:\Windows\System32\CRYPT32.dll
0x00007ffbab7d0000 - 0x00007ffbab919000 	C:\Windows\SYSTEM32\drvstore.dll
0x00007ffbb4d60000 - 0x00007ffbb4d8c000 	C:\Windows\SYSTEM32\devobj.dll
0x00007ffbb4d90000 - 0x00007ffbb4ddc000 	C:\Windows\SYSTEM32\cfgmgr32.dll
0x00007ffbb49c0000 - 0x00007ffbb49fd000 	C:\Windows\SYSTEM32\wldp.dll
0x00007ffbb48f0000 - 0x00007ffbb48fc000 	C:\Windows\SYSTEM32\cryptbase.dll
0x00007ffbb52a0000 - 0x00007ffbb5307000 	C:\Windows\System32\WINTRUST.DLL
0x00007ffbb5fb0000 - 0x00007ffbb5fcf000 	C:\Windows\System32\imagehlp.dll
0x00007ffbb4900000 - 0x00007ffbb4918000 	C:\Windows\SYSTEM32\CRYPTSP.dll
0x00007ffbb41e0000 - 0x00007ffbb4215000 	C:\Windows\system32\rsaenh.dll
0x00007ffbb4a70000 - 0x00007ffbb4a97000 	C:\Windows\SYSTEM32\bcrypt.dll
0x00007ffbae2b0000 - 0x00007ffbae2f4000 	C:\Windows\SYSTEM32\directxdatabasehelper.dll
0x00007ffbb2980000 - 0x00007ffbb29b4000 	C:\Windows\SYSTEM32\ntmarta.dll
0x00007ffb52680000 - 0x00007ffb526c2000 	C:\Program Files\Java\javafx-sdk-18.0.1\bin\glass.dll
0x00007ffbb6130000 - 0x00007ffbb621c000 	C:\Windows\System32\COMDLG32.dll
0x00007ffbb65b0000 - 0x00007ffbb674a000 	C:\Windows\System32\ole32.dll
0x00007ffbb7030000 - 0x00007ffbb7106000 	C:\Windows\System32\OLEAUT32.dll
0x00007ffbb6280000 - 0x00007ffbb639e000 	C:\Windows\System32\MSCTF.dll
0x00007ffb48d50000 - 0x00007ffb49013000 	C:\Windows\system32\nvspcap64.dll
0x00007ffbb4740000 - 0x00007ffbb4764000 	C:\Windows\SYSTEM32\gpapi.dll
0x00007ffb9cfe0000 - 0x00007ffb9cff4000 	C:\Program Files\Java\javafx-sdk-18.0.1\bin\javafx_font.dll
0x00007ffb8f530000 - 0x00007ffb8f78f000 	C:\Windows\SYSTEM32\dwrite.dll
0x00007ffbb6080000 - 0x00007ffbb612f000 	C:\Windows\System32\clbcatq.dll
0x00007ffbac760000 - 0x00007ffbac90e000 	C:\Windows\SYSTEM32\WindowsCodecs.dll
0x00007ffb8cfa0000 - 0x00007ffb8cffd000 	C:\Windows\system32\dataexchange.dll
0x00007ffbabf90000 - 0x00007ffbac1f6000 	C:\Windows\system32\twinapi.appcore.dll
0x00007ffb89f90000 - 0x00007ffb89fc2000 	C:\Program Files\Common Files\Microsoft Shared\Ink\rtscom.dll
0x00007ffb96ad0000 - 0x00007ffb96bfd000 	C:\Windows\SYSTEM32\textinputframework.dll
0x00007ffbb1210000 - 0x00007ffbb1342000 	C:\Windows\SYSTEM32\CoreMessaging.dll
0x00007ffbad840000 - 0x00007ffbadbad000 	C:\Windows\SYSTEM32\CoreUIComponents.dll
0x00007ffb861f0000 - 0x00007ffb8621d000 	C:\Program Files\Java\javafx-sdk-18.0.1\bin\javafx_iio.dll

dbghelp: loaded successfully - version: 4.0.5 - missing functions: none
symbol engine: initialized successfully - sym options: 0x614 - pdb path: .;C:\Program Files\Java\jdk-17.0.2\bin;C:\Windows\SYSTEM32;C:\Windows\WinSxS\amd64_microsoft.windows.common-controls_6595b64144ccf1df_6.0.22000.120_none_9d947278b86cc467;C:\Program Files\Java\jdk-17.0.2\bin\server;C:\Program Files\Java\javafx-sdk-18.0.1\bin;C:\Windows\System32\DriverStore\FileRepository\nvltig.inf_amd64_ce837e92efe9cbc4;C:\Program Files\Common Files\Microsoft Shared\Ink

VM Arguments:
jvm_args: -Dfile.encoding=UTF-8 --add-modules=javafx.controls,javafx.fxml --module-path=C:\Users\juanc\OneDrive\Documentos\Universidad 3\POO\SEATORA\build\classes;C:\Program Files\Java\javafx-sdk-18.0.1\lib\javafx-swt.jar;C:\Program Files\Java\javafx-sdk-18.0.1\lib\javafx.base.jar;C:\Program Files\Java\javafx-sdk-18.0.1\lib\javafx.controls.jar;C:\Program Files\Java\javafx-sdk-18.0.1\lib\javafx.fxml.jar;C:\Program Files\Java\javafx-sdk-18.0.1\lib\javafx.graphics.jar;C:\Program Files\Java\javafx-sdk-18.0.1\lib\javafx.media.jar;C:\Program Files\Java\javafx-sdk-18.0.1\lib\javafx.swing.jar;C:\Program Files\Java\javafx-sdk-18.0.1\lib\javafx.web.jar 
java_command: start.Seatora
java_class_path (initial): C:\Program Files\Java\javafx-sdk-18.0.1\lib\javafx-swt.jar;C:\Program Files\Java\javafx-sdk-18.0.1\lib\javafx.base.jar;C:\Program Files\Java\javafx-sdk-18.0.1\lib\javafx.controls.jar;C:\Program Files\Java\javafx-sdk-18.0.1\lib\javafx.fxml.jar;C:\Program Files\Java\javafx-sdk-18.0.1\lib\javafx.graphics.jar;C:\Program Files\Java\javafx-sdk-18.0.1\lib\javafx.media.jar;C:\Program Files\Java\javafx-sdk-18.0.1\lib\javafx.swing.jar;C:\Program Files\Java\javafx-sdk-18.0.1\lib\javafx.web.jar;C:\Users\juanc\OneDrive\Documentos\Universidad 3\POO\SEATORA\build\classes
Launcher Type: SUN_STANDARD

[Global flags]
     intx CICompilerCount                          = 12                                        {product} {ergonomic}
     uint ConcGCThreads                            = 3                                         {product} {ergonomic}
     uint G1ConcRefinementThreads                  = 13                                        {product} {ergonomic}
   size_t G1HeapRegionSize                         = 4194304                                   {product} {ergonomic}
    uintx GCDrainStackTargetSize                   = 64                                        {product} {ergonomic}
   size_t InitialHeapSize                          = 402653184                                 {product} {ergonomic}
   size_t MarkStackSize                            = 4194304                                   {product} {ergonomic}
   size_t MaxHeapSize                              = 6404702208                                {product} {ergonomic}
   size_t MaxNewSize                               = 3841982464                                {product} {ergonomic}
   size_t MinHeapDeltaBytes                        = 4194304                                   {product} {ergonomic}
   size_t MinHeapSize                              = 8388608                                   {product} {ergonomic}
    uintx NonNMethodCodeHeapSize                   = 7602480                                {pd product} {ergonomic}
    uintx NonProfiledCodeHeapSize                  = 122027880                              {pd product} {ergonomic}
    uintx ProfiledCodeHeapSize                     = 122027880                              {pd product} {ergonomic}
    uintx ReservedCodeCacheSize                    = 251658240                              {pd product} {ergonomic}
     bool SegmentedCodeCache                       = true                                      {product} {ergonomic}
   size_t SoftMaxHeapSize                          = 6404702208                             {manageable} {ergonomic}
     bool UseCompressedClassPointers               = true                           {product lp64_product} {ergonomic}
     bool UseCompressedOops                        = true                           {product lp64_product} {ergonomic}
     bool UseG1GC                                  = true                                      {product} {ergonomic}
     bool UseLargePagesIndividualAllocation        = false                                  {pd product} {ergonomic}

Logging:
Log output configuration:
 #0: stdout all=off uptime,level,tags
 #1: stderr all=off uptime,level,tags

Environment Variables:
PATH=C:\Program Files\Common Files\Oracle\Java\javapath;C:\Program Files (x86)\Common Files\Oracle\Java\javapath;C:\Windows\system32;C:\Windows;C:\Windows\System32\Wbem;C:\Windows\System32\WindowsPowerShell\v1.0\;C:\Windows\System32\OpenSSH\;C:\Program Files (x86)\NVIDIA Corporation\PhysX\Common;C:\Program Files\NVIDIA Corporation\NVIDIA NvDLISR;C:\Users\juanc\AppData\Local\Microsoft\WindowsApps;;C:\Users\juanc\AppData\Local\Programs\Microsoft VS Code\bin
USERNAME=juanc
OS=Windows_NT
PROCESSOR_IDENTIFIER=AMD64 Family 25 Model 80 Stepping 0, AuthenticAMD



---------------  S Y S T E M  ---------------

OS:
 Windows 11 , 64 bit Build 22000 (10.0.22000.675)
OS uptime: 0 days 1:34 hours

CPU: total 16 (initial active 16) (16 cores per cpu, 2 threads per core) family 25 model 80 stepping 0 microcode 0x0, cx8, cmov, fxsr, ht, mmx, 3dnowpref, sse, sse2, sse3, ssse3, sse4a, sse4.1, sse4.2, popcnt, lzcnt, tsc, tscinvbit, avx, avx2, aes, erms, clmul, bmi1, bmi2, adx, sha, fma, vzeroupper, clflush, clflushopt

Memory: 4k page, system-wide physical 24428M (16515M free)
TotalPageFile size 28012M (AvailPageFile size 17038M)
current process WorkingSet (physical memory assigned to process): 283M, peak: 342M
current process commit charge ("private bytes"): 472M, peak: 721M

vm_info: Java HotSpot(TM) 64-Bit Server VM (17.0.2+8-LTS-86) for windows-amd64 JRE (17.0.2+8-LTS-86), built on Dec  7 2021 21:51:03 by "mach5one" with MS VC++ 16.8 / 16.9 (VS2019)

END.
