#
# A fatal error has been detected by the Java Runtime Environment:
#
#  EXCEPTION_ACCESS_VIOLATION (0xc0000005) at pc=0x00007ffd46b76a87, pid=12856, tid=12748
#
# JRE version: Java(TM) SE Runtime Environment (16.0.1+9) (build 16.0.1+9-24)
# Java VM: Java HotSpot(TM) 64-Bit Server VM (16.0.1+9-24, mixed mode, sharing, tiered, compressed oops, compressed class ptrs, g1 gc, windows-amd64)
# Problematic frame:
# C  [glass.dll+0x26a87]
#
# No core dump will be written. Minidumps are not enabled by default on client versions of Windows
#
# If you would like to submit a bug report, please visit:
#   https://bugreport.java.com/bugreport/crash.jsp
#

---------------  S U M M A R Y ------------

Command Line: -Dfile.encoding=UTF-8 --add-modules=javafx.controls,javafx.fxml --module-path=C:\Users\Adames\Music\Universidad\POO\HG_Performance\build\classes;C:\Program Files\Java\javafx-sdk-17.0.1\lib\javafx-swt.jar;C:\Program Files\Java\javafx-sdk-17.0.1\lib\javafx.base.jar;C:\Program Files\Java\javafx-sdk-17.0.1\lib\javafx.controls.jar;C:\Program Files\Java\javafx-sdk-17.0.1\lib\javafx.fxml.jar;C:\Program Files\Java\javafx-sdk-17.0.1\lib\javafx.graphics.jar;C:\Program Files\Java\javafx-sdk-17.0.1\lib\javafx.media.jar;C:\Program Files\Java\javafx-sdk-17.0.1\lib\javafx.swing.jar;C:\Program Files\Java\javafx-sdk-17.0.1\lib\javafx.web.jar start.HG_Performance

Host: Intel(R) Core(TM) i7-6500U CPU @ 2.50GHz, 4 cores, 15G,  Windows 10 , 64 bit Build 22499 (10.0.22499.1000)
Time: Tue Nov 16 20:17:43 2021 Hora est. Pacífico, Sudamérica elapsed time: 247.401860 seconds (0d 0h 4m 7s)

---------------  T H R E A D  ---------------

Current thread (0x000002a4de691820):  VMThread "VM Thread" [stack: 0x000000aa66c00000,0x000000aa66d00000] [id=12748]

Stack: [0x000000aa66c00000,0x000000aa66d00000],  sp=0x000000aa66cfea40,  free space=1018k
Native frames: (J=compiled Java code, j=interpreted, Vv=VM code, C=native code)
C  [glass.dll+0x26a87]


siginfo: EXCEPTION_ACCESS_VIOLATION (0xc0000005), reading address 0x0000000000000000


Register to memory mapping:

RIP=0x00007ffd46b76a87 glass.dll
RAX=0x0 is NULL
RBX=0x000002a4de6a4a08 is a global jni handle
RCX=0x000002a4de691820 points into unknown readable memory: 0x00007ffd1925f628 | 28 f6 25 19 fd 7f 00 00
RDX=0x000000aa66cfea40 points into unknown readable memory: 0x0000000000000000 | 00 00 00 00 00 00 00 00
RSP=0x000000aa66cfea40 points into unknown readable memory: 0x0000000000000000 | 00 00 00 00 00 00 00 00
RBP=0x000002a4df6a39d8 points into unknown readable memory: 0x00002ed5c0d38373 | 73 83 d3 c0 d5 2e 00 00
RSI=0x000000aa66cfeb48 points into unknown readable memory: 0x000000aa66cfeb30 | 30 eb cf 66 aa 00 00 00
RDI=0x000002a4df6a39b0 points into unknown readable memory: 0xf3602ed63f39b6ca | ca b6 39 3f d6 2e 60 f3
R8 =0x0000000000010002 is an unknown value
R9 =0x000002a4df6a39b0 points into unknown readable memory: 0xf3602ed63f39b6ca | ca b6 39 3f d6 2e 60 f3
R10=0x85f13e9656da4870 is an unknown value
R11=0x000000aa66cfe9d0 points into unknown readable memory: 0x000002a4df6a39b0 | b0 39 6a df a4 02 00 00
R12=0x00007ffd46b74354 glass.dll
R13=0x000002a4bc3a9cf0 points into unknown readable memory: 0x8000000900000001 | 01 00 00 00 09 00 00 80
R14=0x00002ed5c0d38373 is an unknown value
R15=0x000002a4df6a39b0 points into unknown readable memory: 0xf3602ed63f39b6ca | ca b6 39 3f d6 2e 60 f3


Registers:
RAX=0x0000000000000000, RBX=0x000002a4de6a4a08, RCX=0x000002a4de691820, RDX=0x000000aa66cfea40
RSP=0x000000aa66cfea40, RBP=0x000002a4df6a39d8, RSI=0x000000aa66cfeb48, RDI=0x000002a4df6a39b0
R8 =0x0000000000010002, R9 =0x000002a4df6a39b0, R10=0x85f13e9656da4870, R11=0x000000aa66cfe9d0
R12=0x00007ffd46b74354, R13=0x000002a4bc3a9cf0, R14=0x00002ed5c0d38373, R15=0x000002a4df6a39b0
RIP=0x00007ffd46b76a87, EFLAGS=0x0000000000010202

Top of Stack: (sp=0x000000aa66cfea40)
0x000000aa66cfea40:   0000000000000000 000000aa66cfeb48
0x000000aa66cfea50:   000002a4bc3a9cf0 00007ffd46b74354
0x000000aa66cfea60:   000002a4df6a39b8 00007ffd65773973
0x000000aa66cfea70:   000002a4df6a39b0 000002a400000000
0x000000aa66cfea80:   000002a4df6a39d8 000000aa66cfeb48
0x000000aa66cfea90:   fffffffffffffffe 0000000000000000
0x000000aa66cfeaa0:   0000000000000001 00007ffd46b50000
0x000000aa66cfeab0:   000000aa66cfeb38 00007ffd65740022
0x000000aa66cfeac0:   0000000000000000 000000aa66cfeb48
0x000000aa66cfead0:   000000aa66cfee30 0000000000000001
0x000000aa66cfeae0:   0000000000000001 00007ffd6573ffdd
0x000000aa66cfeaf0:   0000000000000000 00007ffd46b73b4d
0x000000aa66cfeb00:   000000aa66cfee30 000000aa66cfeb38
0x000000aa66cfeb10:   fffffffffffffffe 000000aa00000000
0x000000aa66cfeb20:   0000000000000001 00007ffd46b741e1
0x000000aa66cfeb30:   00007ffd46b8a138 00007ffd00000002 

Instructions: (pc=0x00007ffd46b76a87)
0x00007ffd46b76987:   8b 4d 58 e8 01 cf ff ff 48 8b 4d 60 e8 f8 ce ff
0x00007ffd46b76997:   ff 48 8b 95 80 00 00 00 48 8b 8d 18 01 00 00 e8
0x00007ffd46b769a7:   c6 c3 ff ff 33 d2 33 c9 e8 3c e1 ff ff 90 48 89
0x00007ffd46b769b7:   54 24 10 55 48 83 ec 20 48 8b ea 48 b8 00 00 00
0x00007ffd46b769c7:   00 00 00 00 00 48 83 c4 20 5d c3 cc 40 55 48 8b
0x00007ffd46b769d7:   ea 48 8b 01 33 c9 81 38 05 00 00 c0 0f 94 c1 8b
0x00007ffd46b769e7:   c1 5d c3 cc 40 55 48 83 ec 20 48 8b ea 8a 4d 40
0x00007ffd46b769f7:   48 83 c4 20 5d e9 f7 d2 ff ff cc 40 55 48 83 ec
0x00007ffd46b76a07:   20 48 8b ea 8a 4d 20 e8 e5 d2 ff ff 90 48 83 c4
0x00007ffd46b76a17:   20 5d c3 cc 40 55 48 83 ec 20 48 8b ea 48 83 c4
0x00007ffd46b76a27:   20 5d e9 46 d1 ff ff cc 40 55 48 83 ec 30 48 8b
0x00007ffd46b76a37:   ea 48 8b 01 8b 10 48 89 4c 24 28 89 54 24 20 4c
0x00007ffd46b76a47:   8d 0d e7 d5 ff ff 4c 8b 45 70 8b 55 68 48 8b 4d
0x00007ffd46b76a57:   60 e8 87 d0 ff ff 90 48 83 c4 30 5d c3 cc cc cc
0x00007ffd46b76a67:   cc cc cc cc cc cc cc cc cc 40 53 48 83 ec 20 48
0x00007ffd46b76a77:   8b 1d b3 30 01 00 48 85 db 74 16 e8 09 8b ff ff
0x00007ffd46b76a87:   4c 8b 00 48 8b d3 48 8b c8 41 ff 90 b0 00 00 00
0x00007ffd46b76a97:   90 48 83 c4 20 5b c3 cc cc 40 53 48 83 ec 20 48
0x00007ffd46b76aa7:   8b 1d 2b 32 01 00 48 85 db 74 57 b8 ff ff ff ff
0x00007ffd46b76ab7:   f0 0f c1 43 10 83 f8 01 75 3d 48 85 db 74 38 48
0x00007ffd46b76ac7:   8b 0b 48 85 c9 74 0d ff 15 d4 07 00 00 48 c7 03
0x00007ffd46b76ad7:   00 00 00 00 48 8b 4b 08 48 85 c9 74 0d e8 a7 cd
0x00007ffd46b76ae7:   ff ff 48 c7 43 08 00 00 00 00 ba 18 00 00 00 48
0x00007ffd46b76af7:   8b cb e8 92 cd ff ff 48 c7 05 cf 31 01 00 00 00
0x00007ffd46b76b07:   00 00 48 83 c4 20 5b c3 cc 40 53 48 83 ec 20 48
0x00007ffd46b76b17:   8b 1d 9b 31 01 00 48 85 db 74 57 b8 ff ff ff ff
0x00007ffd46b76b27:   f0 0f c1 43 10 83 f8 01 75 3d 48 85 db 74 38 48
0x00007ffd46b76b37:   8b 0b 48 85 c9 74 0d ff 15 64 07 00 00 48 c7 03
0x00007ffd46b76b47:   00 00 00 00 48 8b 4b 08 48 85 c9 74 0d e8 37 cd
0x00007ffd46b76b57:   ff ff 48 c7 43 08 00 00 00 00 ba 18 00 00 00 48
0x00007ffd46b76b67:   8b cb e8 22 cd ff ff 48 c7 05 3f 31 01 00 00 00
0x00007ffd46b76b77:   00 00 48 83 c4 20 5b c3 cc 40 53 48 83 ec 20 48 


Stack slot to memory mapping:
stack at sp + 0 slots: 0x0 is NULL
stack at sp + 1 slots: 0x000000aa66cfeb48 points into unknown readable memory: 0x000000aa66cfeb30 | 30 eb cf 66 aa 00 00 00
stack at sp + 2 slots: 0x000002a4bc3a9cf0 points into unknown readable memory: 0x8000000900000001 | 01 00 00 00 09 00 00 80
stack at sp + 3 slots: 0x00007ffd46b74354 glass.dll
stack at sp + 4 slots: 0x000002a4df6a39b8 points into unknown readable memory: 0x00002ed5c0d38373 | 73 83 d3 c0 d5 2e 00 00
stack at sp + 5 slots: 0x00007ffd65773973 ucrtbase.dll
stack at sp + 6 slots: 0x000002a4df6a39b0 points into unknown readable memory: 0xf3602ed63f39b6ca | ca b6 39 3f d6 2e 60 f3
stack at sp + 7 slots: 0x000002a400000000 is an unknown value

VM_Operation (0x000000aa67fe6f90): Exit, mode: safepoint, requested by thread 0x000002a4df994340


---------------  P R O C E S S  ---------------

Threads class SMR info:
_java_thread_list=0x000002a4e78e2890, length=18, elements={
0x000002a4bc34a190, 0x000002a4de692a00, 0x000002a4de697d90, 0x000002a4de6a7130,
0x000002a4de6a81e0, 0x000002a4de6a9290, 0x000002a4de6b6fb0, 0x000002a4de6bb5e0,
0x000002a4de6bbb40, 0x000002a4df0fad70, 0x000002a4df5e3d90, 0x000002a4dfc83fe0,
0x000002a4df992a60, 0x000002a4df994340, 0x000002a4df7dcfa0, 0x000002a4df839e10,
0x000002a4e02e2f10, 0x000002a4e02e3460
}

Java Threads: ( => current thread )
  0x000002a4bc34a190 JavaThread "main" [_thread_blocked, id=17264, stack(0x000000aa66600000,0x000000aa66700000)]
  0x000002a4de692a00 JavaThread "Reference Handler" daemon [_thread_blocked, id=16704, stack(0x000000aa66d00000,0x000000aa66e00000)]
  0x000002a4de697d90 JavaThread "Finalizer" daemon [_thread_blocked, id=17320, stack(0x000000aa66e00000,0x000000aa66f00000)]
  0x000002a4de6a7130 JavaThread "Attach Listener" daemon [_thread_blocked, id=15808, stack(0x000000aa67000000,0x000000aa67100000)]
  0x000002a4de6a81e0 JavaThread "Service Thread" daemon [_thread_blocked, id=3892, stack(0x000000aa67100000,0x000000aa67200000)]
  0x000002a4de6a9290 JavaThread "Monitor Deflation Thread" daemon [_thread_blocked, id=14952, stack(0x000000aa67200000,0x000000aa67300000)]
  0x000002a4de6b6fb0 JavaThread "C2 CompilerThread0" daemon [_thread_blocked, id=17272, stack(0x000000aa67300000,0x000000aa67400000)]
  0x000002a4de6bb5e0 JavaThread "C1 CompilerThread0" daemon [_thread_blocked, id=16980, stack(0x000000aa67400000,0x000000aa67500000)]
  0x000002a4de6bbb40 JavaThread "Sweeper thread" daemon [_thread_blocked, id=18120, stack(0x000000aa67500000,0x000000aa67600000)]
  0x000002a4df0fad70 JavaThread "Common-Cleaner" daemon [_thread_blocked, id=15584, stack(0x000000aa67600000,0x000000aa67700000)]
  0x000002a4df5e3d90 JavaThread "Notification Thread" daemon [_thread_blocked, id=7532, stack(0x000000aa67800000,0x000000aa67900000)]
  0x000002a4dfc83fe0 JavaThread "QuantumRenderer-0" daemon [_thread_blocked, id=15800, stack(0x000000aa67a00000,0x000000aa67b00000)]
  0x000002a4df992a60 JavaThread "InvokeLaterDispatcher" daemon [_thread_blocked, id=18296, stack(0x000000aa67e00000,0x000000aa67f00000)]
  0x000002a4df994340 JavaThread "JavaFX Application Thread" [_thread_blocked, id=14564, stack(0x000000aa67f00000,0x000000aa68000000)]
  0x000002a4df7dcfa0 JavaThread "JavaFX-Launcher" [_thread_blocked, id=9720, stack(0x000000aa68400000,0x000000aa68500000)]
  0x000002a4df839e10 JavaThread "Thread-2" daemon [_thread_in_native, id=15628, stack(0x000000aa68300000,0x000000aa68400000)]
  0x000002a4e02e2f10 JavaThread "Prism Font Disposer" daemon [_thread_blocked, id=8120, stack(0x000000aa68800000,0x000000aa68900000)]
  0x000002a4e02e3460 JavaThread "Cleaner-0" daemon [_thread_blocked, id=17480, stack(0x000000aa68a00000,0x000000aa68b00000)]

Other Threads:
=>0x000002a4de691820 VMThread "VM Thread" [stack: 0x000000aa66c00000,0x000000aa66d00000] [id=12748]
  0x000002a4bc394790 GCTaskThread "GC Thread#0" [stack: 0x000000aa66700000,0x000000aa66800000] [id=13640]
  0x000002a4df7471a0 GCTaskThread "GC Thread#1" [stack: 0x000000aa67b00000,0x000000aa67c00000] [id=2040]
  0x000002a4df6f08d0 GCTaskThread "GC Thread#2" [stack: 0x000000aa67c00000,0x000000aa67d00000] [id=14744]
  0x000002a4df748130 GCTaskThread "GC Thread#3" [stack: 0x000000aa67d00000,0x000000aa67e00000] [id=16808]
  0x000002a4bc3a5630 ConcurrentGCThread "G1 Main Marker" terminated
  0x000002a4bc3a6750 ConcurrentGCThread "G1 Conc#0" [stack: 0x000000aa66900000,0x000000aa66a00000] [id=14324]
  0x000002a4bc41d540 ConcurrentGCThread "G1 Refine#0" terminated
  0x000002a4df148b10 ConcurrentGCThread "G1 Refine#1" terminated
  0x000002a4e7a4d600 ConcurrentGCThread "G1 Refine#2" terminated
  0x000002a4df144360 ConcurrentGCThread "G1 Refine#3" terminated
  0x000002a4bc41ddd0 ConcurrentGCThread "G1 Service" terminated

Threads with active compile tasks:

VM state: at safepoint (shutting down)

VM Mutex/Monitor currently owned by a thread:  ([mutex/lock_event])
[0x000002a4bc346fd0] Threads_lock - owner thread: 0x000002a4de691820
[0x000002a4bc3477b0] Heap_lock - owner thread: 0x000002a4df994340

Heap address: 0x0000000702000000, size: 4064 MB, Compressed Oops mode: Zero based, Oop shift amount: 3

CDS archive(s) mapped at: [0x0000000800000000-0x0000000800bb0000-0x0000000800bb0000), size 12255232, SharedBaseAddress: 0x0000000800000000, ArchiveRelocationMode: 0.
Compressed class space mapped at: 0x0000000800c00000-0x0000000840c00000, reserved size: 1073741824
Narrow klass base: 0x0000000800000000, Narrow klass shift: 3, Narrow klass range: 0x100000000

GC Precious Log:
 CPUs: 4 total, 4 available
 Memory: 16255M
 Large Page Support: Disabled
 NUMA Support: Disabled
 Compressed Oops: Enabled (Zero based)
 Heap Region Size: 2M
 Heap Min Capacity: 8M
 Heap Initial Capacity: 254M
 Heap Max Capacity: 4064M
 Pre-touch: Disabled
 Parallel Workers: 4
 Concurrent Workers: 1
 Concurrent Refinement Workers: 4
 Periodic GC: Disabled

Heap:
 garbage-first heap   total 260096K, used 126100K [0x0000000702000000, 0x0000000800000000)
  region size 2048K, 16 young (32768K), 3 survivors (6144K)
 Metaspace       used 21411K, committed 21632K, reserved 1073152K
  class space    used 2849K, committed 2944K, reserved 1048576K

Heap Regions: E=young(eden), S=young(survivor), O=old, HS=humongous(starts), HC=humongous(continues), CS=collection set, F=free, OA=open archive, CA=closed archive, TAMS=top-at-mark-start (previous, next)
|   0|0x0000000702000000, 0x0000000702200000, 0x0000000702200000|100%| O|  |TAMS 0x0000000702200000, 0x0000000702000000| Untracked 
|   1|0x0000000702200000, 0x0000000702200000, 0x0000000702400000|  0%| F|  |TAMS 0x0000000702200000, 0x0000000702200000| Untracked 
|   2|0x0000000702400000, 0x0000000702600000, 0x0000000702600000|100%| O|  |TAMS 0x0000000702600000, 0x0000000702400000| Untracked 
|   3|0x0000000702600000, 0x0000000702800000, 0x0000000702800000|100%| O|  |TAMS 0x0000000702800000, 0x0000000702600000| Untracked 
|   4|0x0000000702800000, 0x0000000702a00000, 0x0000000702a00000|100%| O|  |TAMS 0x0000000702a00000, 0x0000000702800000| Untracked 
|   5|0x0000000702a00000, 0x0000000702c00000, 0x0000000702c00000|100%| O|  |TAMS 0x0000000702c00000, 0x0000000702a00000| Untracked 
|   6|0x0000000702c00000, 0x0000000702e00000, 0x0000000702e00000|100%| O|  |TAMS 0x0000000702e00000, 0x0000000702c00000| Untracked 
|   7|0x0000000702e00000, 0x0000000703000000, 0x0000000703000000|100%| O|  |TAMS 0x0000000703000000, 0x0000000702e00000| Untracked 
|   8|0x0000000703000000, 0x0000000703200000, 0x0000000703200000|100%| O|  |TAMS 0x0000000703200000, 0x0000000703000000| Untracked 
|   9|0x0000000703200000, 0x0000000703355e00, 0x0000000703400000| 66%| O|  |TAMS 0x0000000703355e00, 0x0000000703200000| Untracked 
|  10|0x0000000703400000, 0x0000000703600000, 0x0000000703600000|100%|HS|  |TAMS 0x0000000703600000, 0x0000000703400000| Complete 
|  11|0x0000000703600000, 0x0000000703800000, 0x0000000703800000|100%|HC|  |TAMS 0x0000000703800000, 0x0000000703600000| Complete 
|  12|0x0000000703800000, 0x0000000703a00000, 0x0000000703a00000|100%|HC|  |TAMS 0x0000000703a00000, 0x0000000703800000| Complete 
|  13|0x0000000703a00000, 0x0000000703c00000, 0x0000000703c00000|100%|HC|  |TAMS 0x0000000703c00000, 0x0000000703a00000| Complete 
|  14|0x0000000703c00000, 0x0000000703e00000, 0x0000000703e00000|100%|HC|  |TAMS 0x0000000703e00000, 0x0000000703c00000| Complete 
|  15|0x0000000703e00000, 0x0000000704000000, 0x0000000704000000|100%|HC|  |TAMS 0x0000000704000000, 0x0000000703e00000| Complete 
|  16|0x0000000704000000, 0x0000000704200000, 0x0000000704200000|100%|HC|  |TAMS 0x0000000704200000, 0x0000000704000000| Complete 
|  17|0x0000000704200000, 0x0000000704400000, 0x0000000704400000|100%|HC|  |TAMS 0x0000000704400000, 0x0000000704200000| Complete 
|  18|0x0000000704400000, 0x0000000704600000, 0x0000000704600000|100%|HC|  |TAMS 0x0000000704600000, 0x0000000704400000| Complete 
|  19|0x0000000704600000, 0x0000000704800000, 0x0000000704800000|100%|HC|  |TAMS 0x0000000704800000, 0x0000000704600000| Complete 
|  20|0x0000000704800000, 0x0000000704a00000, 0x0000000704a00000|100%|HC|  |TAMS 0x0000000704a00000, 0x0000000704800000| Complete 
|  21|0x0000000704a00000, 0x0000000704c00000, 0x0000000704c00000|100%|HC|  |TAMS 0x0000000704c00000, 0x0000000704a00000| Complete 
|  22|0x0000000704c00000, 0x0000000704e00000, 0x0000000704e00000|100%|HC|  |TAMS 0x0000000704e00000, 0x0000000704c00000| Complete 
|  23|0x0000000704e00000, 0x0000000705000000, 0x0000000705000000|100%|HC|  |TAMS 0x0000000705000000, 0x0000000704e00000| Complete 
|  24|0x0000000705000000, 0x0000000705200000, 0x0000000705200000|100%|HC|  |TAMS 0x0000000705200000, 0x0000000705000000| Complete 
|  25|0x0000000705200000, 0x0000000705400000, 0x0000000705400000|100%|HC|  |TAMS 0x0000000705400000, 0x0000000705200000| Complete 
|  26|0x0000000705400000, 0x0000000705600000, 0x0000000705600000|100%|HC|  |TAMS 0x0000000705600000, 0x0000000705400000| Complete 
|  27|0x0000000705600000, 0x0000000705800000, 0x0000000705800000|100%|HC|  |TAMS 0x0000000705800000, 0x0000000705600000| Complete 
|  28|0x0000000705800000, 0x0000000705a00000, 0x0000000705a00000|100%|HC|  |TAMS 0x0000000705a00000, 0x0000000705800000| Complete 
|  29|0x0000000705a00000, 0x0000000705c00000, 0x0000000705c00000|100%|HC|  |TAMS 0x0000000705c00000, 0x0000000705a00000| Complete 
|  30|0x0000000705c00000, 0x0000000705e00000, 0x0000000705e00000|100%|HC|  |TAMS 0x0000000705e00000, 0x0000000705c00000| Complete 
|  31|0x0000000705e00000, 0x0000000706000000, 0x0000000706000000|100%|HC|  |TAMS 0x0000000706000000, 0x0000000705e00000| Complete 
|  32|0x0000000706000000, 0x0000000706200000, 0x0000000706200000|100%|HC|  |TAMS 0x0000000706200000, 0x0000000706000000| Complete 
|  33|0x0000000706200000, 0x0000000706400000, 0x0000000706400000|100%|HC|  |TAMS 0x0000000706400000, 0x0000000706200000| Complete 
|  34|0x0000000706400000, 0x0000000706600000, 0x0000000706600000|100%|HC|  |TAMS 0x0000000706600000, 0x0000000706400000| Complete 
|  35|0x0000000706600000, 0x0000000706800000, 0x0000000706800000|100%|HC|  |TAMS 0x0000000706800000, 0x0000000706600000| Complete 
|  36|0x0000000706800000, 0x0000000706a00000, 0x0000000706a00000|100%|HC|  |TAMS 0x0000000706a00000, 0x0000000706800000| Complete 
|  37|0x0000000706a00000, 0x0000000706c00000, 0x0000000706c00000|100%|HC|  |TAMS 0x0000000706c00000, 0x0000000706a00000| Complete 
|  38|0x0000000706c00000, 0x0000000706e00000, 0x0000000706e00000|100%|HC|  |TAMS 0x0000000706e00000, 0x0000000706c00000| Complete 
|  39|0x0000000706e00000, 0x0000000707000000, 0x0000000707000000|100%|HC|  |TAMS 0x0000000707000000, 0x0000000706e00000| Complete 
|  40|0x0000000707000000, 0x0000000707200000, 0x0000000707200000|100%|HC|  |TAMS 0x0000000707200000, 0x0000000707000000| Complete 
|  41|0x0000000707200000, 0x0000000707400000, 0x0000000707400000|100%|HC|  |TAMS 0x0000000707400000, 0x0000000707200000| Complete 
|  42|0x0000000707400000, 0x0000000707600000, 0x0000000707600000|100%|HC|  |TAMS 0x0000000707600000, 0x0000000707400000| Complete 
|  43|0x0000000707600000, 0x0000000707800000, 0x0000000707800000|100%|HC|  |TAMS 0x0000000707800000, 0x0000000707600000| Complete 
|  44|0x0000000707800000, 0x0000000707a00000, 0x0000000707a00000|100%|HC|  |TAMS 0x0000000707a00000, 0x0000000707800000| Complete 
|  45|0x0000000707a00000, 0x0000000707c00000, 0x0000000707c00000|100%|HC|  |TAMS 0x0000000707c00000, 0x0000000707a00000| Complete 
|  46|0x0000000707c00000, 0x0000000707e00000, 0x0000000707e00000|100%|HC|  |TAMS 0x0000000707e00000, 0x0000000707c00000| Complete 
|  47|0x0000000707e00000, 0x0000000708000000, 0x0000000708000000|100%|HS|  |TAMS 0x0000000708000000, 0x0000000707e00000| Complete 
|  48|0x0000000708000000, 0x0000000708000000, 0x0000000708200000|  0%| F|  |TAMS 0x0000000708000000, 0x0000000708000000| Untracked 
|  49|0x0000000708200000, 0x0000000708200000, 0x0000000708400000|  0%| F|  |TAMS 0x0000000708200000, 0x0000000708200000| Untracked 
|  50|0x0000000708400000, 0x0000000708400000, 0x0000000708600000|  0%| F|  |TAMS 0x0000000708400000, 0x0000000708400000| Untracked 
|  51|0x0000000708600000, 0x0000000708600000, 0x0000000708800000|  0%| F|  |TAMS 0x0000000708600000, 0x0000000708600000| Untracked 
|  52|0x0000000708800000, 0x0000000708800000, 0x0000000708a00000|  0%| F|  |TAMS 0x0000000708800000, 0x0000000708800000| Untracked 
|  53|0x0000000708a00000, 0x0000000708a00000, 0x0000000708c00000|  0%| F|  |TAMS 0x0000000708a00000, 0x0000000708a00000| Untracked 
|  54|0x0000000708c00000, 0x0000000708c00000, 0x0000000708e00000|  0%| F|  |TAMS 0x0000000708c00000, 0x0000000708c00000| Untracked 
|  55|0x0000000708e00000, 0x0000000708e00000, 0x0000000709000000|  0%| F|  |TAMS 0x0000000708e00000, 0x0000000708e00000| Untracked 
|  56|0x0000000709000000, 0x0000000709000000, 0x0000000709200000|  0%| F|  |TAMS 0x0000000709000000, 0x0000000709000000| Untracked 
|  57|0x0000000709200000, 0x0000000709200000, 0x0000000709400000|  0%| F|  |TAMS 0x0000000709200000, 0x0000000709200000| Untracked 
|  58|0x0000000709400000, 0x0000000709400000, 0x0000000709600000|  0%| F|  |TAMS 0x0000000709400000, 0x0000000709400000| Untracked 
|  59|0x0000000709600000, 0x0000000709600000, 0x0000000709800000|  0%| F|  |TAMS 0x0000000709600000, 0x0000000709600000| Untracked 
|  60|0x0000000709800000, 0x0000000709800000, 0x0000000709a00000|  0%| F|  |TAMS 0x0000000709800000, 0x0000000709800000| Untracked 
|  61|0x0000000709a00000, 0x0000000709a00000, 0x0000000709c00000|  0%| F|  |TAMS 0x0000000709a00000, 0x0000000709a00000| Untracked 
|  62|0x0000000709c00000, 0x0000000709c00000, 0x0000000709e00000|  0%| F|  |TAMS 0x0000000709c00000, 0x0000000709c00000| Untracked 
|  63|0x0000000709e00000, 0x0000000709e00000, 0x000000070a000000|  0%| F|  |TAMS 0x0000000709e00000, 0x0000000709e00000| Untracked 
|  64|0x000000070a000000, 0x000000070a000000, 0x000000070a200000|  0%| F|  |TAMS 0x000000070a000000, 0x000000070a000000| Untracked 
|  65|0x000000070a200000, 0x000000070a200000, 0x000000070a400000|  0%| F|  |TAMS 0x000000070a200000, 0x000000070a200000| Untracked 
|  66|0x000000070a400000, 0x000000070a400000, 0x000000070a600000|  0%| F|  |TAMS 0x000000070a400000, 0x000000070a400000| Untracked 
|  67|0x000000070a600000, 0x000000070a600000, 0x000000070a800000|  0%| F|  |TAMS 0x000000070a600000, 0x000000070a600000| Untracked 
|  68|0x000000070a800000, 0x000000070a800000, 0x000000070aa00000|  0%| F|  |TAMS 0x000000070a800000, 0x000000070a800000| Untracked 
|  69|0x000000070aa00000, 0x000000070aa00000, 0x000000070ac00000|  0%| F|  |TAMS 0x000000070aa00000, 0x000000070aa00000| Untracked 
|  70|0x000000070ac00000, 0x000000070ac00000, 0x000000070ae00000|  0%| F|  |TAMS 0x000000070ac00000, 0x000000070ac00000| Untracked 
|  71|0x000000070ae00000, 0x000000070ae00000, 0x000000070b000000|  0%| F|  |TAMS 0x000000070ae00000, 0x000000070ae00000| Untracked 
|  72|0x000000070b000000, 0x000000070b000000, 0x000000070b200000|  0%| F|  |TAMS 0x000000070b000000, 0x000000070b000000| Untracked 
|  73|0x000000070b200000, 0x000000070b200000, 0x000000070b400000|  0%| F|  |TAMS 0x000000070b200000, 0x000000070b200000| Untracked 
|  74|0x000000070b400000, 0x000000070b400000, 0x000000070b600000|  0%| F|  |TAMS 0x000000070b400000, 0x000000070b400000| Untracked 
|  75|0x000000070b600000, 0x000000070b600000, 0x000000070b800000|  0%| F|  |TAMS 0x000000070b600000, 0x000000070b600000| Untracked 
|  76|0x000000070b800000, 0x000000070b800000, 0x000000070ba00000|  0%| F|  |TAMS 0x000000070b800000, 0x000000070b800000| Untracked 
|  77|0x000000070ba00000, 0x000000070ba00000, 0x000000070bc00000|  0%| F|  |TAMS 0x000000070ba00000, 0x000000070ba00000| Untracked 
|  78|0x000000070bc00000, 0x000000070bc00000, 0x000000070be00000|  0%| F|  |TAMS 0x000000070bc00000, 0x000000070bc00000| Untracked 
|  79|0x000000070be00000, 0x000000070be00000, 0x000000070c000000|  0%| F|  |TAMS 0x000000070be00000, 0x000000070be00000| Untracked 
|  80|0x000000070c000000, 0x000000070c000000, 0x000000070c200000|  0%| F|  |TAMS 0x000000070c000000, 0x000000070c000000| Untracked 
|  81|0x000000070c200000, 0x000000070c200000, 0x000000070c400000|  0%| F|  |TAMS 0x000000070c200000, 0x000000070c200000| Untracked 
|  82|0x000000070c400000, 0x000000070c400000, 0x000000070c600000|  0%| F|  |TAMS 0x000000070c400000, 0x000000070c400000| Untracked 
|  83|0x000000070c600000, 0x000000070c600000, 0x000000070c800000|  0%| F|  |TAMS 0x000000070c600000, 0x000000070c600000| Untracked 
|  84|0x000000070c800000, 0x000000070c800000, 0x000000070ca00000|  0%| F|  |TAMS 0x000000070c800000, 0x000000070c800000| Untracked 
|  85|0x000000070ca00000, 0x000000070ca00000, 0x000000070cc00000|  0%| F|  |TAMS 0x000000070ca00000, 0x000000070ca00000| Untracked 
|  86|0x000000070cc00000, 0x000000070cc00000, 0x000000070ce00000|  0%| F|  |TAMS 0x000000070cc00000, 0x000000070cc00000| Untracked 
|  87|0x000000070ce00000, 0x000000070ce00000, 0x000000070d000000|  0%| F|  |TAMS 0x000000070ce00000, 0x000000070ce00000| Untracked 
|  88|0x000000070d000000, 0x000000070d000000, 0x000000070d200000|  0%| F|  |TAMS 0x000000070d000000, 0x000000070d000000| Untracked 
|  89|0x000000070d200000, 0x000000070d200000, 0x000000070d400000|  0%| F|  |TAMS 0x000000070d200000, 0x000000070d200000| Untracked 
|  90|0x000000070d400000, 0x000000070d400000, 0x000000070d600000|  0%| F|  |TAMS 0x000000070d400000, 0x000000070d400000| Untracked 
|  91|0x000000070d600000, 0x000000070d600000, 0x000000070d800000|  0%| F|  |TAMS 0x000000070d600000, 0x000000070d600000| Untracked 
|  92|0x000000070d800000, 0x000000070d800000, 0x000000070da00000|  0%| F|  |TAMS 0x000000070d800000, 0x000000070d800000| Untracked 
|  93|0x000000070da00000, 0x000000070da00000, 0x000000070dc00000|  0%| F|  |TAMS 0x000000070da00000, 0x000000070da00000| Untracked 
|  94|0x000000070dc00000, 0x000000070dc00000, 0x000000070de00000|  0%| F|  |TAMS 0x000000070dc00000, 0x000000070dc00000| Untracked 
|  95|0x000000070de00000, 0x000000070de00000, 0x000000070e000000|  0%| F|  |TAMS 0x000000070de00000, 0x000000070de00000| Untracked 
|  96|0x000000070e000000, 0x000000070e000000, 0x000000070e200000|  0%| F|  |TAMS 0x000000070e000000, 0x000000070e000000| Untracked 
|  97|0x000000070e200000, 0x000000070e200000, 0x000000070e400000|  0%| F|  |TAMS 0x000000070e200000, 0x000000070e200000| Untracked 
|  98|0x000000070e400000, 0x000000070e400000, 0x000000070e600000|  0%| F|  |TAMS 0x000000070e400000, 0x000000070e400000| Untracked 
|  99|0x000000070e600000, 0x000000070e600000, 0x000000070e800000|  0%| F|  |TAMS 0x000000070e600000, 0x000000070e600000| Untracked 
| 100|0x000000070e800000, 0x000000070e800000, 0x000000070ea00000|  0%| F|  |TAMS 0x000000070e800000, 0x000000070e800000| Untracked 
| 101|0x000000070ea00000, 0x000000070ea00000, 0x000000070ec00000|  0%| F|  |TAMS 0x000000070ea00000, 0x000000070ea00000| Untracked 
| 102|0x000000070ec00000, 0x000000070ec00000, 0x000000070ee00000|  0%| F|  |TAMS 0x000000070ec00000, 0x000000070ec00000| Untracked 
| 103|0x000000070ee00000, 0x000000070ee00000, 0x000000070f000000|  0%| F|  |TAMS 0x000000070ee00000, 0x000000070ee00000| Untracked 
| 104|0x000000070f000000, 0x000000070f000000, 0x000000070f200000|  0%| F|  |TAMS 0x000000070f000000, 0x000000070f000000| Untracked 
| 105|0x000000070f200000, 0x000000070f200000, 0x000000070f400000|  0%| F|  |TAMS 0x000000070f200000, 0x000000070f200000| Untracked 
| 106|0x000000070f400000, 0x000000070f400000, 0x000000070f600000|  0%| F|  |TAMS 0x000000070f400000, 0x000000070f400000| Untracked 
| 107|0x000000070f600000, 0x000000070f600000, 0x000000070f800000|  0%| F|  |TAMS 0x000000070f600000, 0x000000070f600000| Untracked 
| 108|0x000000070f800000, 0x000000070f800000, 0x000000070fa00000|  0%| F|  |TAMS 0x000000070f800000, 0x000000070f800000| Untracked 
| 109|0x000000070fa00000, 0x000000070fa00000, 0x000000070fc00000|  0%| F|  |TAMS 0x000000070fa00000, 0x000000070fa00000| Untracked 
| 110|0x000000070fc00000, 0x000000070fc00000, 0x000000070fe00000|  0%| F|  |TAMS 0x000000070fc00000, 0x000000070fc00000| Untracked 
| 111|0x000000070fe00000, 0x000000070ffac8d0, 0x0000000710000000| 83%| E|  |TAMS 0x000000070fe00000, 0x000000070fe00000| Complete 
| 112|0x0000000710000000, 0x0000000710200000, 0x0000000710200000|100%| E|CS|TAMS 0x0000000710000000, 0x0000000710000000| Complete 
| 113|0x0000000710200000, 0x0000000710400000, 0x0000000710400000|100%| E|CS|TAMS 0x0000000710200000, 0x0000000710200000| Complete 
| 114|0x0000000710400000, 0x0000000710600000, 0x0000000710600000|100%| E|CS|TAMS 0x0000000710400000, 0x0000000710400000| Complete 
| 115|0x0000000710600000, 0x0000000710800000, 0x0000000710800000|100%| E|CS|TAMS 0x0000000710600000, 0x0000000710600000| Complete 
| 116|0x0000000710800000, 0x0000000710a00000, 0x0000000710a00000|100%| E|CS|TAMS 0x0000000710800000, 0x0000000710800000| Complete 
| 117|0x0000000710a00000, 0x0000000710bcf548, 0x0000000710c00000| 90%| S|CS|TAMS 0x0000000710a00000, 0x0000000710a00000| Complete 
| 118|0x0000000710c00000, 0x0000000710e00000, 0x0000000710e00000|100%| S|CS|TAMS 0x0000000710c00000, 0x0000000710c00000| Complete 
| 119|0x0000000710e00000, 0x0000000711000000, 0x0000000711000000|100%| S|CS|TAMS 0x0000000710e00000, 0x0000000710e00000| Complete 
| 120|0x0000000711000000, 0x0000000711200000, 0x0000000711200000|100%| E|CS|TAMS 0x0000000711000000, 0x0000000711000000| Complete 
| 121|0x0000000711200000, 0x0000000711400000, 0x0000000711400000|100%| E|CS|TAMS 0x0000000711200000, 0x0000000711200000| Complete 
| 122|0x0000000711400000, 0x0000000711600000, 0x0000000711600000|100%| E|CS|TAMS 0x0000000711400000, 0x0000000711400000| Complete 
| 123|0x0000000711600000, 0x0000000711800000, 0x0000000711800000|100%| E|CS|TAMS 0x0000000711600000, 0x0000000711600000| Complete 
| 124|0x0000000711800000, 0x0000000711a00000, 0x0000000711a00000|100%| E|CS|TAMS 0x0000000711800000, 0x0000000711800000| Complete 
| 125|0x0000000711a00000, 0x0000000711c00000, 0x0000000711c00000|100%| E|CS|TAMS 0x0000000711a00000, 0x0000000711a00000| Complete 
| 126|0x0000000711c00000, 0x0000000711e00000, 0x0000000711e00000|100%| E|CS|TAMS 0x0000000711c00000, 0x0000000711c00000| Complete 

Card table byte_map: [0x000002a4d32b0000,0x000002a4d3aa0000] _byte_map_base: 0x000002a4cfaa0000

Marking Bits (Prev, Next): (CMBitMap*) 0x000002a4bc394d50, (CMBitMap*) 0x000002a4bc394d10
 Prev Bits: [0x000002a4d8210000, 0x000002a4dc190000)
 Next Bits: [0x000002a4d4290000, 0x000002a4d8210000)

Polling page: 0x000002a4ba2f0000

Metaspace:

Usage:
  Non-class:     18.13 MB used.
      Class:      2.78 MB used.
       Both:     20.91 MB used.

Virtual space:
  Non-class space:       24.00 MB reserved,      18.25 MB ( 76%) committed,  3 nodes.
      Class space:        1.00 GB reserved,       2.88 MB ( <1%) committed,  1 nodes.
              Both:        1.02 GB reserved,      21.12 MB (  2%) committed. 

Chunk freelists:
   Non-Class:  1.72 MB
       Class:  1.06 MB
        Both:  2.78 MB

MaxMetaspaceSize: 17179869184.00 GB
CompressedClassSpaceSize: 1.00 GB
 - commit_granule_bytes: 65536.
 - commit_granule_words: 8192.
 - virtual_space_node_default_size: 1048576.
 - enlarge_chunks_in_place: 1.
 - new_chunks_are_fully_committed: 0.
 - uncommit_free_chunks: 1.
 - use_allocation_guard: 0.
 - handle_deallocations: 1.


Internal statistics:

num_allocs_failed_limit: 3.
num_arena_births: 268.
num_arena_deaths: 0.
num_vsnodes_births: 4.
num_vsnodes_deaths: 0.
num_space_committed: 338.
num_space_uncommitted: 0.
num_chunks_returned_to_freelist: 3.
num_chunks_taken_from_freelist: 1029.
num_chunk_merges: 0.
num_chunk_splits: 692.
num_chunks_enlarged: 520.
num_purges: 0.

CodeHeap 'non-profiled nmethods': size=120000Kb used=3479Kb max_used=3488Kb free=116520Kb
 bounds [0x000002a4cb590000, 0x000002a4cb900000, 0x000002a4d2ac0000]
CodeHeap 'profiled nmethods': size=120000Kb used=11933Kb max_used=13009Kb free=108066Kb
 bounds [0x000002a4c4060000, 0x000002a4c4d20000, 0x000002a4cb590000]
CodeHeap 'non-nmethods': size=5760Kb used=1478Kb max_used=1553Kb free=4281Kb
 bounds [0x000002a4c3ac0000, 0x000002a4c3d30000, 0x000002a4c4060000]
 total_blobs=6485 nmethods=5641 adapters=753
 compilation: enabled
              stopped_count=0, restarted_count=0
 full_count=0

Compilation events (20 events):
Event: 245.436 Thread 0x000002a4de6bb5e0 6469       3       java.util.LinkedList::listIterator (15 bytes)
Event: 245.436 Thread 0x000002a4de6b6fb0 6473       4       javafx.beans.property.SimpleObjectProperty::<init> (11 bytes)
Event: 245.436 Thread 0x000002a4de6bb5e0 nmethod 6469 0x000002a4c4070e90 code [0x000002a4c4071080, 0x000002a4c40714e8]
Event: 245.436 Thread 0x000002a4de6bb5e0 6472       3       com.sun.org.apache.xerces.internal.impl.XMLStreamReaderImpl::getTextLength (83 bytes)
Event: 245.437 Thread 0x000002a4de6bb5e0 nmethod 6472 0x000002a4c44e3910 code [0x000002a4c44e3b20, 0x000002a4c44e40e8]
Event: 245.441 Thread 0x000002a4de6b6fb0 nmethod 6473 0x000002a4cb733510 code [0x000002a4cb7336a0, 0x000002a4cb733ab8]
Event: 245.443 Thread 0x000002a4de6b6fb0 6474       4       com.sun.javafx.scene.control.inputmap.InputMap$Mapping::equals (56 bytes)
Event: 245.444 Thread 0x000002a4de6b6fb0 nmethod 6474 0x000002a4cb733190 code [0x000002a4cb733320, 0x000002a4cb733418]
Event: 245.444 Thread 0x000002a4de6b6fb0 6475       4       javafx.scene.layout.Region::minWidth (52 bytes)
Event: 245.447 Thread 0x000002a4de6b6fb0 nmethod 6475 0x000002a4cb732a10 code [0x000002a4cb732c00, 0x000002a4cb732f18]
Event: 245.457 Thread 0x000002a4de6bb5e0 6476       1       com.sun.prism.Image::getPixelFormat (5 bytes)
Event: 245.457 Thread 0x000002a4de6bb5e0 nmethod 6476 0x000002a4cb732710 code [0x000002a4cb7328a0, 0x000002a4cb732978]
Event: 246.239 Thread 0x000002a4de6bb5e0 6477   !   3       com.sun.prism.impl.BaseResourceFactory::checkDisposed (34 bytes)
Event: 246.239 Thread 0x000002a4de6bb5e0 nmethod 6477 0x000002a4c44e3510 code [0x000002a4c44e36a0, 0x000002a4c44e3858]
Event: 246.283 Thread 0x000002a4de6bb5e0 6478       3       javafx.scene.Scene::getCursor (22 bytes)
Event: 246.284 Thread 0x000002a4de6bb5e0 nmethod 6478 0x000002a4c44e2e10 code [0x000002a4c44e2fc0, 0x000002a4c44e3308]
Event: 246.346 Thread 0x000002a4de6bb5e0 6479       3       javafx.scene.Scene$MouseHandler::process (793 bytes)
Event: 246.349 Thread 0x000002a4de6bb5e0 nmethod 6479 0x000002a4c455ab90 code [0x000002a4c455b120, 0x000002a4c455e4f8]
Event: 246.639 Thread 0x000002a4de6b6fb0 6480       4       java.util.Collections$EmptyList::iterator (4 bytes)
Event: 246.639 Thread 0x000002a4de6b6fb0 nmethod 6480 0x000002a4cb732410 code [0x000002a4cb7325a0, 0x000002a4cb732618]

GC Heap History (20 events):
Event: 0.583 GC heap before
{Heap before GC invocations=0 (full 0):
 garbage-first heap   total 260096K, used 10240K [0x0000000702000000, 0x0000000800000000)
  region size 2048K, 6 young (12288K), 0 survivors (0K)
 Metaspace       used 2356K, committed 2560K, reserved 1056768K
  class space    used 234K, committed 320K, reserved 1048576K
}
Event: 0.586 GC heap after
{Heap after GC invocations=1 (full 0):
 garbage-first heap   total 260096K, used 1828K [0x0000000702000000, 0x0000000800000000)
  region size 2048K, 1 young (2048K), 1 survivors (2048K)
 Metaspace       used 2356K, committed 2560K, reserved 1056768K
  class space    used 234K, committed 320K, reserved 1048576K
}
Event: 0.895 GC heap before
{Heap before GC invocations=1 (full 0):
 garbage-first heap   total 260096K, used 16164K [0x0000000702000000, 0x0000000800000000)
  region size 2048K, 9 young (18432K), 1 survivors (2048K)
 Metaspace       used 7639K, committed 7808K, reserved 1064960K
  class space    used 948K, committed 1024K, reserved 1048576K
}
Event: 0.900 GC heap after
{Heap after GC invocations=2 (full 0):
 garbage-first heap   total 260096K, used 4871K [0x0000000702000000, 0x0000000800000000)
  region size 2048K, 2 young (4096K), 2 survivors (4096K)
 Metaspace       used 7639K, committed 7808K, reserved 1064960K
  class space    used 948K, committed 1024K, reserved 1048576K
}
Event: 125.983 GC heap before
{Heap before GC invocations=2 (full 0):
 garbage-first heap   total 260096K, used 88839K [0x0000000702000000, 0x0000000800000000)
  region size 2048K, 42 young (86016K), 2 survivors (4096K)
 Metaspace       used 19670K, committed 19904K, reserved 1073152K
  class space    used 2690K, committed 2816K, reserved 1048576K
}
Event: 126.006 GC heap after
{Heap after GC invocations=3 (full 0):
 garbage-first heap   total 260096K, used 19505K [0x0000000702000000, 0x0000000800000000)
  region size 2048K, 6 young (12288K), 6 survivors (12288K)
 Metaspace       used 19670K, committed 19904K, reserved 1073152K
  class space    used 2690K, committed 2816K, reserved 1048576K
}
Event: 130.846 GC heap before
{Heap before GC invocations=3 (full 0):
 garbage-first heap   total 260096K, used 21553K [0x0000000702000000, 0x0000000800000000)
  region size 2048K, 7 young (14336K), 6 survivors (12288K)
 Metaspace       used 19691K, committed 19968K, reserved 1073152K
  class space    used 2690K, committed 2816K, reserved 1048576K
}
Event: 130.868 GC heap after
{Heap after GC invocations=4 (full 0):
 garbage-first heap   total 260096K, used 21370K [0x0000000702000000, 0x0000000800000000)
  region size 2048K, 1 young (2048K), 1 survivors (2048K)
 Metaspace       used 19691K, committed 19968K, reserved 1073152K
  class space    used 2690K, committed 2816K, reserved 1048576K
}
Event: 170.178 GC heap before
{Heap before GC invocations=4 (full 0):
 garbage-first heap   total 260096K, used 109434K [0x0000000702000000, 0x0000000800000000)
  region size 2048K, 8 young (16384K), 1 survivors (2048K)
 Metaspace       used 20319K, committed 20544K, reserved 1073152K
  class space    used 2732K, committed 2816K, reserved 1048576K
}
Event: 170.182 GC heap after
{Heap after GC invocations=5 (full 0):
 garbage-first heap   total 260096K, used 22484K [0x0000000702000000, 0x0000000800000000)
  region size 2048K, 2 young (4096K), 2 survivors (4096K)
 Metaspace       used 20319K, committed 20544K, reserved 1073152K
  class space    used 2732K, committed 2816K, reserved 1048576K
}
Event: 175.160 GC heap before
{Heap before GC invocations=5 (full 0):
 garbage-first heap   total 260096K, used 98260K [0x0000000702000000, 0x0000000800000000)
  region size 2048K, 3 young (6144K), 2 survivors (4096K)
 Metaspace       used 20323K, committed 20544K, reserved 1073152K
  class space    used 2732K, committed 2816K, reserved 1048576K
}
Event: 175.163 GC heap after
{Heap after GC invocations=6 (full 0):
 garbage-first heap   total 260096K, used 22548K [0x0000000702000000, 0x0000000800000000)
  region size 2048K, 2 young (4096K), 2 survivors (4096K)
 Metaspace       used 20323K, committed 20544K, reserved 1073152K
  class space    used 2732K, committed 2816K, reserved 1048576K
}
Event: 186.451 GC heap before
{Heap before GC invocations=6 (full 0):
 garbage-first heap   total 260096K, used 106516K [0x0000000702000000, 0x0000000800000000)
  region size 2048K, 6 young (12288K), 2 survivors (4096K)
 Metaspace       used 20383K, committed 20608K, reserved 1073152K
  class space    used 2733K, committed 2816K, reserved 1048576K
}
Event: 186.455 GC heap after
{Heap after GC invocations=7 (full 0):
 garbage-first heap   total 260096K, used 24374K [0x0000000702000000, 0x0000000800000000)
  region size 2048K, 2 young (4096K), 2 survivors (4096K)
 Metaspace       used 20383K, committed 20608K, reserved 1073152K
  class space    used 2733K, committed 2816K, reserved 1048576K
}
Event: 192.836 GC heap before
{Heap before GC invocations=7 (full 0):
 garbage-first heap   total 260096K, used 100150K [0x0000000702000000, 0x0000000800000000)
  region size 2048K, 3 young (6144K), 2 survivors (4096K)
 Metaspace       used 20389K, committed 20608K, reserved 1073152K
  class space    used 2733K, committed 2816K, reserved 1048576K
}
Event: 192.840 GC heap after
{Heap after GC invocations=8 (full 0):
 garbage-first heap   total 260096K, used 24629K [0x0000000702000000, 0x0000000800000000)
  region size 2048K, 2 young (4096K), 2 survivors (4096K)
 Metaspace       used 20389K, committed 20608K, reserved 1073152K
  class space    used 2733K, committed 2816K, reserved 1048576K
}
Event: 197.526 GC heap before
{Heap before GC invocations=8 (full 0):
 garbage-first heap   total 260096K, used 104501K [0x0000000702000000, 0x0000000800000000)
  region size 2048K, 5 young (10240K), 2 survivors (4096K)
 Metaspace       used 20452K, committed 20672K, reserved 1073152K
  class space    used 2742K, committed 2816K, reserved 1048576K
}
Event: 197.529 GC heap after
{Heap after GC invocations=9 (full 0):
 garbage-first heap   total 260096K, used 24508K [0x0000000702000000, 0x0000000800000000)
  region size 2048K, 2 young (4096K), 2 survivors (4096K)
 Metaspace       used 20452K, committed 20672K, reserved 1073152K
  class space    used 2742K, committed 2816K, reserved 1048576K
}
Event: 201.332 GC heap before
{Heap before GC invocations=9 (full 0):
 garbage-first heap   total 260096K, used 108476K [0x0000000702000000, 0x0000000800000000)
  region size 2048K, 7 young (14336K), 2 survivors (4096K)
 Metaspace       used 21051K, committed 21248K, reserved 1073152K
  class space    used 2827K, committed 2944K, reserved 1048576K
}
Event: 201.338 GC heap after
{Heap after GC invocations=10 (full 0):
 garbage-first heap   total 260096K, used 103572K [0x0000000702000000, 0x0000000800000000)
  region size 2048K, 3 young (6144K), 3 survivors (6144K)
 Metaspace       used 21051K, committed 21248K, reserved 1073152K
  class space    used 2827K, committed 2944K, reserved 1048576K
}

Deoptimization events (20 events):
Event: 247.008 Thread 0x000002a4e02e4ef0 Uncommon trap: trap_request=0xffffff45 fr.pc=0x000002a4cb76b88c relative=0x000000000000016c
Event: 247.008 Thread 0x000002a4e02e4ef0 Uncommon trap: reason=unstable_if action=reinterpret pc=0x000002a4cb76b88c method=java.util.concurrent.locks.ReentrantLock$NonfairSync.initialTryLock()Z @ 10 c2
Event: 247.008 Thread 0x000002a4e02e4ef0 DEOPT PACKING pc=0x000002a4cb76b88c sp=0x000000aa682feee0
Event: 247.008 Thread 0x000002a4e02e4ef0 DEOPT UNPACKING pc=0x000002a4c3b0d72e sp=0x000000aa682fee88 mode 2
Event: 247.008 Thread 0x000002a4e02e4ef0 Uncommon trap: trap_request=0xffffff45 fr.pc=0x000002a4cb716cf4 relative=0x00000000000000d4
Event: 247.008 Thread 0x000002a4e02e4ef0 Uncommon trap: reason=unstable_if action=reinterpret pc=0x000002a4cb716cf4 method=java.util.concurrent.locks.ReentrantLock$Sync.tryRelease(I)Z @ 26 c2
Event: 247.008 Thread 0x000002a4dfc83fe0 Uncommon trap: trap_request=0xffffff45 fr.pc=0x000002a4cb827ecc relative=0x00000000000004cc
Event: 247.008 Thread 0x000002a4dfc83fe0 Uncommon trap: reason=unstable_if action=reinterpret pc=0x000002a4cb827ecc method=java.util.concurrent.locks.AbstractQueuedSynchronizer$ConditionNode.isReleasable()Z @ 14 c2
Event: 247.008 Thread 0x000002a4e02e4ef0 DEOPT PACKING pc=0x000002a4cb716cf4 sp=0x000000aa682feee0
Event: 247.008 Thread 0x000002a4dfc83fe0 DEOPT PACKING pc=0x000002a4cb827ecc sp=0x000000aa67afefc0
Event: 247.008 Thread 0x000002a4e02e4ef0 DEOPT UNPACKING pc=0x000002a4c3b0d72e sp=0x000000aa682fee80 mode 2
Event: 247.008 Thread 0x000002a4dfc83fe0 DEOPT UNPACKING pc=0x000002a4c3b0d72e sp=0x000000aa67afee30 mode 2
Event: 247.008 Thread 0x000002a4dfc83fe0 Uncommon trap: trap_request=0xffffff45 fr.pc=0x000002a4cb8d3f4c relative=0x000000000000004c
Event: 247.008 Thread 0x000002a4dfc83fe0 Uncommon trap: reason=unstable_if action=reinterpret pc=0x000002a4cb8d3f4c method=java.lang.Thread.interrupted()Z @ 10 c2
Event: 247.008 Thread 0x000002a4dfc83fe0 DEOPT PACKING pc=0x000002a4cb8d3f4c sp=0x000000aa67afef70
Event: 247.008 Thread 0x000002a4dfc83fe0 DEOPT UNPACKING pc=0x000002a4c3b0d72e sp=0x000000aa67afef00 mode 2
Event: 247.008 Thread 0x000002a4dfc83fe0 Uncommon trap: trap_request=0xffffff45 fr.pc=0x000002a4cb868ea8 relative=0x0000000000000f88
Event: 247.008 Thread 0x000002a4dfc83fe0 Uncommon trap: reason=unstable_if action=reinterpret pc=0x000002a4cb868ea8 method=java.util.concurrent.locks.AbstractQueuedSynchronizer.acquire(Ljava/util/concurrent/locks/AbstractQueuedSynchronizer$Node;IZZZJ)I @ 155 c2
Event: 247.008 Thread 0x000002a4dfc83fe0 DEOPT PACKING pc=0x000002a4cb868ea8 sp=0x000000aa67afeeb0
Event: 247.008 Thread 0x000002a4dfc83fe0 DEOPT UNPACKING pc=0x000002a4c3b0d72e sp=0x000000aa67afee90 mode 2

Classes unloaded (0 events):
No events

Classes redefined (0 events):
No events

Internal exceptions (20 events):
Event: 35.392 Thread 0x000002a4df994340 Implicit null exception at 0x000002a4cb706751 to 0x000002a4cb706fa8
Event: 35.393 Thread 0x000002a4df994340 Implicit null exception at 0x000002a4cb6cb12d to 0x000002a4cb6cb17c
Event: 47.307 Thread 0x000002a4df994340 Exception <a 'java/lang/NoSuchMethodError'{0x000000070e524dd8}: 'int java.lang.invoke.DirectMethodHandle$Holder.invokeVirtual(java.lang.Object, java.lang.Object)'> (0x000000070e524dd8) 
thrown [t:\workspace\open\src\hotspot\share\interpreter\linkResolver.cpp, line 790]
Event: 47.308 Thread 0x000002a4df994340 Exception <a 'java/lang/NoSuchMethodError'{0x000000070e52bcc0}: 'void java.lang.invoke.DirectMethodHandle$Holder.invokeVirtual(java.lang.Object, java.lang.Object, int)'> (0x000000070e52bcc0) 
thrown [t:\workspace\open\src\hotspot\share\interpreter\linkResolver.cpp, line 790]
Event: 78.966 Thread 0x000002a4df994340 Implicit null exception at 0x000002a4cb747700 to 0x000002a4cb751658
Event: 126.047 Thread 0x000002a4dfc83fe0 Implicit null exception at 0x000002a4cb7acb2c to 0x000002a4cb7acbb0
Event: 134.449 Thread 0x000002a4df994340 Implicit null exception at 0x000002a4cb5d47f2 to 0x000002a4cb5d4db0
Event: 134.450 Thread 0x000002a4df994340 Implicit null exception at 0x000002a4cb5d7ff2 to 0x000002a4cb5d85d4
Event: 178.398 Thread 0x000002a4dfc83fe0 Implicit null exception at 0x000002a4cb77f3d0 to 0x000002a4cb77f440
Event: 195.934 Thread 0x000002a4df994340 Exception <a 'java/lang/NoSuchMethodError'{0x0000000711c94ea0}: 'int java.lang.invoke.DirectMethodHandle$Holder.invokeStatic(java.lang.Object, java.lang.Object, java.lang.Object, java.lang.Object)'> (0x0000000711c94ea0) 
thrown [t:\workspace\open\src\hotspot\share\interpreter\linkResolver.cpp, line 790]
Event: 195.934 Thread 0x000002a4df994340 Exception <a 'java/lang/NoSuchMethodError'{0x0000000711c9abf8}: 'java.lang.Object java.lang.invoke.Invokers$Holder.invokeExact_MT(java.lang.Object, java.lang.Object, java.lang.Object, java.lang.Object, java.lang.Object, java.lang.Object)'> (0x0000000711c9abf8) 
thrown [t:\workspace\open\src\hotspot\share\interpreter\linkResolver.cpp, line 790]
Event: 199.780 Thread 0x000002a4df994340 Exception <a 'java/lang/ClassNotFoundException'{0x0000000711b94df8}: com/sun/javafx/scene/control/skin/resources/controls-nt> (0x0000000711b94df8) 
thrown [t:\workspace\open\src\hotspot\share\prims\jni.cpp, line 600]
Event: 199.781 Thread 0x000002a4df994340 Exception <a 'java/lang/ClassNotFoundException'{0x0000000711b9f680}: com/sun/javafx/scene/control/skin/resources/controls-nt_es> (0x0000000711b9f680) 
thrown [t:\workspace\open\src\hotspot\share\prims\jni.cpp, line 600]
Event: 199.781 Thread 0x000002a4df994340 Exception <a 'java/lang/ClassNotFoundException'{0x0000000711ba3050}: com/sun/javafx/scene/control/skin/resources/controls-nt_es_CO> (0x0000000711ba3050) 
thrown [t:\workspace\open\src\hotspot\share\prims\jni.cpp, line 600]
Event: 201.398 Thread 0x000002a4df994340 Implicit null exception at 0x000002a4cb8ee4ef to 0x000002a4cb8eeb7c
Event: 201.400 Thread 0x000002a4df994340 Implicit null exception at 0x000002a4cb88fa4a to 0x000002a4cb88fe84
Event: 241.366 Thread 0x000002a4df994340 Exception <a 'java/lang/ClassCastException'{0x00000007102aa120}: class control.All_PurchasesController cannot be cast to class control.All_SalesController (control.All_PurchasesController and control.All_SalesController are in unnamed module of loader 'app')> (0x00000007102aa120) 
thrown [t:\workspace\open\src\hotspot\share\interpreter\interpreterRuntime.cpp, line 441]
Event: 241.366 Thread 0x000002a4df994340 Exception <a 'java/lang/reflect/InvocationTargetException'{0x00000007102acbc8}> (0x00000007102acbc8) 
thrown [t:\workspace\open\src\hotspot\share\runtime\reflection.cpp, line 1157]
Event: 242.646 Thread 0x000002a4df994340 Exception <a 'java/lang/ClassCastException'{0x00000007103e6400}: class control.All_PurchasesController cannot be cast to class control.All_SalesController (control.All_PurchasesController and control.All_SalesController are in unnamed module of loader 'app')> (0x00000007103e6400) 
thrown [t:\workspace\open\src\hotspot\share\interpreter\interpreterRuntime.cpp, line 441]
Event: 242.646 Thread 0x000002a4df994340 Exception <a 'java/lang/reflect/InvocationTargetException'{0x00000007103e8ea8}> (0x00000007103e8ea8) 
thrown [t:\workspace\open\src\hotspot\share\runtime\reflection.cpp, line 1157]

Events (20 events):
Event: 241.367 loading class java/lang/Throwable$PrintStreamOrWriter
Event: 241.367 loading class java/lang/Throwable$PrintStreamOrWriter done
Event: 241.367 loading class java/lang/Throwable$WrappedPrintStream done
Event: 241.438 Executing  VM operation: Cleanup
Event: 241.438 Executing  VM operation: Cleanup done
Event: 241.485 Thread 0x000002a4dfa3a140 Thread exited: 0x000002a4dfa3a140
Event: 242.438 Executing  VM operation: Cleanup
Event: 242.439 Executing  VM operation: Cleanup done
Event: 242.955 loading class jdk/internal/access/foreign/MemorySegmentProxy
Event: 242.955 loading class jdk/internal/access/foreign/MemorySegmentProxy done
Event: 244.439 Executing  VM operation: Cleanup
Event: 244.439 Executing  VM operation: Cleanup done
Event: 246.440 Executing  VM operation: Cleanup
Event: 246.440 Executing  VM operation: Cleanup done
Event: 247.003 Thread 0x000002a4e02e49a0 Thread added: 0x000002a4e02e49a0
Event: 247.003 Thread 0x000002a4e02e4ef0 Thread added: 0x000002a4e02e4ef0
Event: 247.007 Thread 0x000002a4e02e49a0 Thread exited: 0x000002a4e02e49a0
Event: 247.008 Thread 0x000002a4e02e4ef0 Thread exited: 0x000002a4e02e4ef0
Event: 247.009 Thread 0x000002a4de6a5810 Thread exited: 0x000002a4de6a5810
Event: 247.009 Executing  VM operation: Exit


Dynamic libraries:
0x00007ff655b90000 - 0x00007ff655ba0000 	C:\Program Files\Java\jdk-16.0.1\bin\java.exe
0x00007ffd67da0000 - 0x00007ffd67faf000 	C:\WINDOWS\SYSTEM32\ntdll.dll
0x00007ffd66b30000 - 0x00007ffd66bed000 	C:\WINDOWS\System32\KERNEL32.DLL
0x00007ffd652c0000 - 0x00007ffd6564c000 	C:\WINDOWS\System32\KERNELBASE.dll
0x00007ffd65720000 - 0x00007ffd65831000 	C:\WINDOWS\System32\ucrtbase.dll
0x00007ffd54670000 - 0x00007ffd54689000 	C:\Program Files\Java\jdk-16.0.1\bin\VCRUNTIME140.dll
0x00007ffd63180000 - 0x00007ffd63198000 	C:\Program Files\Java\jdk-16.0.1\bin\jli.dll
0x00007ffd67b10000 - 0x00007ffd67bbe000 	C:\WINDOWS\System32\ADVAPI32.dll
0x00007ffd675d0000 - 0x00007ffd67674000 	C:\WINDOWS\System32\msvcrt.dll
0x00007ffd66bf0000 - 0x00007ffd66c91000 	C:\WINDOWS\System32\sechost.dll
0x00007ffd66ca0000 - 0x00007ffd66dbf000 	C:\WINDOWS\System32\RPCRT4.dll
0x00007ffd66260000 - 0x00007ffd66406000 	C:\WINDOWS\System32\USER32.dll
0x00007ffd65650000 - 0x00007ffd65676000 	C:\WINDOWS\System32\win32u.dll
0x00007ffd5af80000 - 0x00007ffd5b221000 	C:\WINDOWS\WinSxS\amd64_microsoft.windows.common-controls_6595b64144ccf1df_6.0.22499.1000_none_268c46d844651e1d\COMCTL32.dll
0x00007ffd65d10000 - 0x00007ffd65d39000 	C:\WINDOWS\System32\GDI32.dll
0x00007ffd65900000 - 0x00007ffd65a17000 	C:\WINDOWS\System32\gdi32full.dll
0x00007ffd65680000 - 0x00007ffd6571a000 	C:\WINDOWS\System32\msvcp_win.dll
0x00007ffd54780000 - 0x00007ffd5478a000 	C:\WINDOWS\SYSTEM32\VERSION.dll
0x00007ffd67590000 - 0x00007ffd675c1000 	C:\WINDOWS\System32\IMM32.DLL
0x00007ffd53080000 - 0x00007ffd5308c000 	C:\Program Files\Java\jdk-16.0.1\bin\vcruntime140_1.dll
0x00007ffd36820000 - 0x00007ffd368b1000 	C:\Program Files\Java\jdk-16.0.1\bin\msvcp140.dll
0x00007ffd188f0000 - 0x00007ffd1949b000 	C:\Program Files\Java\jdk-16.0.1\bin\server\jvm.dll
0x00007ffd66250000 - 0x00007ffd66258000 	C:\WINDOWS\System32\PSAPI.DLL
0x00007ffd56f30000 - 0x00007ffd56f39000 	C:\WINDOWS\SYSTEM32\WSOCK32.dll
0x00007ffd56670000 - 0x00007ffd566a4000 	C:\WINDOWS\SYSTEM32\WINMM.dll
0x00007ffd65c90000 - 0x00007ffd65d01000 	C:\WINDOWS\System32\WS2_32.dll
0x00007ffd64420000 - 0x00007ffd64438000 	C:\WINDOWS\SYSTEM32\kernel.appcore.dll
0x00007ffd4fdf0000 - 0x00007ffd4fdfa000 	C:\Program Files\Java\jdk-16.0.1\bin\jimage.dll
0x00007ffd5b510000 - 0x00007ffd5b736000 	C:\WINDOWS\SYSTEM32\DBGHELP.DLL
0x00007ffd676a0000 - 0x00007ffd67a1c000 	C:\WINDOWS\System32\combase.dll
0x00007ffd60e50000 - 0x00007ffd60e81000 	C:\WINDOWS\SYSTEM32\dbgcore.DLL
0x00007ffd65b80000 - 0x00007ffd65c00000 	C:\WINDOWS\System32\bcryptPrimitives.dll
0x00007ffd411a0000 - 0x00007ffd411c5000 	C:\Program Files\Java\jdk-16.0.1\bin\java.dll
0x00007ffd66dd0000 - 0x00007ffd67584000 	C:\WINDOWS\System32\SHELL32.dll
0x00007ffd63380000 - 0x00007ffd63bdd000 	C:\WINDOWS\SYSTEM32\windows.storage.dll
0x00007ffd63230000 - 0x00007ffd63379000 	C:\WINDOWS\SYSTEM32\wintypes.dll
0x00007ffd66880000 - 0x00007ffd66971000 	C:\WINDOWS\System32\SHCORE.dll
0x00007ffd65c00000 - 0x00007ffd65c5b000 	C:\WINDOWS\System32\shlwapi.dll
0x00007ffd65190000 - 0x00007ffd651b1000 	C:\WINDOWS\SYSTEM32\profapi.dll
0x00007ffd3b080000 - 0x00007ffd3b099000 	C:\Program Files\Java\jdk-16.0.1\bin\net.dll
0x00007ffd58a80000 - 0x00007ffd58b92000 	C:\WINDOWS\SYSTEM32\WINHTTP.dll
0x00007ffd64860000 - 0x00007ffd648c9000 	C:\WINDOWS\system32\mswsock.dll
0x00007ffd38260000 - 0x00007ffd38273000 	C:\Program Files\Java\jdk-16.0.1\bin\nio.dll
0x00007ffd37de0000 - 0x00007ffd37df8000 	C:\Program Files\Java\jdk-16.0.1\bin\zip.dll
0x000002a4bc260000 - 0x000002a4bc263000 	C:\Program Files\Java\javafx-sdk-17.0.1\bin\api-ms-win-core-console-l1-1-0.dll
0x000002a4bc270000 - 0x000002a4bc273000 	C:\Program Files\Java\javafx-sdk-17.0.1\bin\api-ms-win-core-console-l1-2-0.dll
0x000002a4bc280000 - 0x000002a4bc283000 	C:\Program Files\Java\javafx-sdk-17.0.1\bin\api-ms-win-core-datetime-l1-1-0.dll
0x000002a4bc290000 - 0x000002a4bc293000 	C:\Program Files\Java\javafx-sdk-17.0.1\bin\api-ms-win-core-debug-l1-1-0.dll
0x000002a4bc2a0000 - 0x000002a4bc2a3000 	C:\Program Files\Java\javafx-sdk-17.0.1\bin\api-ms-win-core-errorhandling-l1-1-0.dll
0x000002a4bc2b0000 - 0x000002a4bc2b4000 	C:\Program Files\Java\javafx-sdk-17.0.1\bin\api-ms-win-core-file-l1-1-0.dll
0x000002a4bc2c0000 - 0x000002a4bc2c3000 	C:\Program Files\Java\javafx-sdk-17.0.1\bin\api-ms-win-core-file-l1-2-0.dll
0x000002a4bc2d0000 - 0x000002a4bc2d3000 	C:\Program Files\Java\javafx-sdk-17.0.1\bin\api-ms-win-core-file-l2-1-0.dll
0x000002a4bc2e0000 - 0x000002a4bc2e3000 	C:\Program Files\Java\javafx-sdk-17.0.1\bin\api-ms-win-core-handle-l1-1-0.dll
0x000002a4bc2f0000 - 0x000002a4bc2f3000 	C:\Program Files\Java\javafx-sdk-17.0.1\bin\api-ms-win-core-heap-l1-1-0.dll
0x000002a4bc300000 - 0x000002a4bc303000 	C:\Program Files\Java\javafx-sdk-17.0.1\bin\api-ms-win-core-interlocked-l1-1-0.dll
0x000002a4bc310000 - 0x000002a4bc313000 	C:\Program Files\Java\javafx-sdk-17.0.1\bin\api-ms-win-core-libraryloader-l1-1-0.dll
0x000002a4de7f0000 - 0x000002a4de7f3000 	C:\Program Files\Java\javafx-sdk-17.0.1\bin\api-ms-win-core-localization-l1-2-0.dll
0x000002a4e0bd0000 - 0x000002a4e0bd3000 	C:\Program Files\Java\javafx-sdk-17.0.1\bin\api-ms-win-core-memory-l1-1-0.dll
0x000002a4e0be0000 - 0x000002a4e0be3000 	C:\Program Files\Java\javafx-sdk-17.0.1\bin\api-ms-win-core-namedpipe-l1-1-0.dll
0x000002a4e0bf0000 - 0x000002a4e0bf3000 	C:\Program Files\Java\javafx-sdk-17.0.1\bin\api-ms-win-core-processenvironment-l1-1-0.dll
0x000002a4e0c00000 - 0x000002a4e0c03000 	C:\Program Files\Java\javafx-sdk-17.0.1\bin\api-ms-win-core-processthreads-l1-1-0.dll
0x000002a4e0c10000 - 0x000002a4e0c13000 	C:\Program Files\Java\javafx-sdk-17.0.1\bin\api-ms-win-core-processthreads-l1-1-1.dll
0x000002a4e0c20000 - 0x000002a4e0c23000 	C:\Program Files\Java\javafx-sdk-17.0.1\bin\api-ms-win-core-profile-l1-1-0.dll
0x000002a4e0c30000 - 0x000002a4e0c33000 	C:\Program Files\Java\javafx-sdk-17.0.1\bin\api-ms-win-core-rtlsupport-l1-1-0.dll
0x000002a4e0c40000 - 0x000002a4e0c43000 	C:\Program Files\Java\javafx-sdk-17.0.1\bin\api-ms-win-core-string-l1-1-0.dll
0x000002a4e0c50000 - 0x000002a4e0c53000 	C:\Program Files\Java\javafx-sdk-17.0.1\bin\api-ms-win-core-synch-l1-1-0.dll
0x000002a4e0c60000 - 0x000002a4e0c63000 	C:\Program Files\Java\javafx-sdk-17.0.1\bin\api-ms-win-core-synch-l1-2-0.dll
0x000002a4e0c70000 - 0x000002a4e0c73000 	C:\Program Files\Java\javafx-sdk-17.0.1\bin\api-ms-win-core-sysinfo-l1-1-0.dll
0x000002a4e0c80000 - 0x000002a4e0c83000 	C:\Program Files\Java\javafx-sdk-17.0.1\bin\api-ms-win-core-timezone-l1-1-0.dll
0x000002a4e0c90000 - 0x000002a4e0c93000 	C:\Program Files\Java\javafx-sdk-17.0.1\bin\api-ms-win-core-util-l1-1-0.dll
0x000002a4e0ca0000 - 0x000002a4e0ca3000 	C:\Program Files\Java\javafx-sdk-17.0.1\bin\api-ms-win-crt-conio-l1-1-0.dll
0x000002a4e0cb0000 - 0x000002a4e0cb4000 	C:\Program Files\Java\javafx-sdk-17.0.1\bin\api-ms-win-crt-convert-l1-1-0.dll
0x000002a4e0cc0000 - 0x000002a4e0cc3000 	C:\Program Files\Java\javafx-sdk-17.0.1\bin\api-ms-win-crt-environment-l1-1-0.dll
0x000002a4e0cd0000 - 0x000002a4e0cd3000 	C:\Program Files\Java\javafx-sdk-17.0.1\bin\api-ms-win-crt-filesystem-l1-1-0.dll
0x000002a4e0ce0000 - 0x000002a4e0ce3000 	C:\Program Files\Java\javafx-sdk-17.0.1\bin\api-ms-win-crt-heap-l1-1-0.dll
0x000002a4e0cf0000 - 0x000002a4e0cf3000 	C:\Program Files\Java\javafx-sdk-17.0.1\bin\api-ms-win-crt-locale-l1-1-0.dll
0x000002a4e0d00000 - 0x000002a4e0d05000 	C:\Program Files\Java\javafx-sdk-17.0.1\bin\api-ms-win-crt-math-l1-1-0.dll
0x000002a4e0d10000 - 0x000002a4e0d15000 	C:\Program Files\Java\javafx-sdk-17.0.1\bin\api-ms-win-crt-multibyte-l1-1-0.dll
0x000002a4e0d20000 - 0x000002a4e0d30000 	C:\Program Files\Java\javafx-sdk-17.0.1\bin\api-ms-win-crt-private-l1-1-0.dll
0x000002a4e0d30000 - 0x000002a4e0d33000 	C:\Program Files\Java\javafx-sdk-17.0.1\bin\api-ms-win-crt-process-l1-1-0.dll
0x000002a4e0d40000 - 0x000002a4e0d44000 	C:\Program Files\Java\javafx-sdk-17.0.1\bin\api-ms-win-crt-runtime-l1-1-0.dll
0x000002a4e0d50000 - 0x000002a4e0d54000 	C:\Program Files\Java\javafx-sdk-17.0.1\bin\api-ms-win-crt-stdio-l1-1-0.dll
0x000002a4e0d60000 - 0x000002a4e0d64000 	C:\Program Files\Java\javafx-sdk-17.0.1\bin\api-ms-win-crt-string-l1-1-0.dll
0x000002a4e0d70000 - 0x000002a4e0d73000 	C:\Program Files\Java\javafx-sdk-17.0.1\bin\api-ms-win-crt-time-l1-1-0.dll
0x000002a4e0d80000 - 0x000002a4e0d83000 	C:\Program Files\Java\javafx-sdk-17.0.1\bin\api-ms-win-crt-utility-l1-1-0.dll
0x00007ffd46ba0000 - 0x00007ffd46c9c000 	C:\Program Files\Java\javafx-sdk-17.0.1\bin\ucrtbase.dll
0x00007ffd63160000 - 0x00007ffd6317a000 	C:\Program Files\Java\javafx-sdk-17.0.1\bin\vcruntime140.dll
0x00007ffd59230000 - 0x00007ffd5923c000 	C:\Program Files\Java\javafx-sdk-17.0.1\bin\vcruntime140_1.dll
0x00007ffd47180000 - 0x00007ffd4720d000 	C:\Program Files\Java\javafx-sdk-17.0.1\bin\msvcp140.dll
0x00007ffd47150000 - 0x00007ffd4717a000 	C:\Program Files\Java\javafx-sdk-17.0.1\bin\prism_d3d.dll
0x00007ffd27f70000 - 0x00007ffd28116000 	C:\WINDOWS\system32\d3d9.dll
0x00007ffd62e50000 - 0x00007ffd62e80000 	C:\WINDOWS\SYSTEM32\dwmapi.dll
0x00007ffd62d00000 - 0x00007ffd62d38000 	C:\WINDOWS\SYSTEM32\dxcore.dll
0x00007ffd62c20000 - 0x00007ffd62ccb000 	C:\WINDOWS\system32\uxtheme.dll
0x00007ffcfe3a0000 - 0x00007ffcfe577000 	C:\WINDOWS\System32\DriverStore\FileRepository\igdlh64.inf_amd64_4645af5c659ae51a\igdumdim64.dll
0x00007ffcff220000 - 0x00007ffd0221d000 	C:\WINDOWS\System32\DriverStore\FileRepository\igdlh64.inf_amd64_4645af5c659ae51a\igd9dxva64.dll
0x00007ffd67bc0000 - 0x00007ffd67d5a000 	C:\WINDOWS\System32\ole32.dll
0x00007ffd65d40000 - 0x00007ffd65e17000 	C:\WINDOWS\System32\OLEAUT32.dll
0x00007ffd60dc0000 - 0x00007ffd60e04000 	C:\WINDOWS\SYSTEM32\directxdatabasehelper.dll
0x00007ffd46b50000 - 0x00007ffd46b92000 	C:\Program Files\Java\javafx-sdk-17.0.1\bin\glass.dll
0x00007ffd66980000 - 0x00007ffd66a6a000 	C:\WINDOWS\System32\COMDLG32.dll
0x00007ffd65e20000 - 0x00007ffd65f3d000 	C:\WINDOWS\System32\MSCTF.dll
0x00007ffd5b770000 - 0x00007ffd5d505000 	C:\WINDOWS\System32\DriverStore\FileRepository\igdlh64.inf_amd64_4645af5c659ae51a\igc64.dll
0x00007ffd47010000 - 0x00007ffd4703d000 	C:\Program Files\Java\javafx-sdk-17.0.1\bin\javafx_iio.dll
0x00007ffd46b30000 - 0x00007ffd46b44000 	C:\Program Files\Java\javafx-sdk-17.0.1\bin\javafx_font.dll
0x00007ffd486e0000 - 0x00007ffd48946000 	C:\WINDOWS\SYSTEM32\dwrite.dll
0x00007ffd66100000 - 0x00007ffd661af000 	C:\WINDOWS\System32\clbcatq.dll
0x00007ffd5fc10000 - 0x00007ffd5fdbe000 	C:\WINDOWS\SYSTEM32\WindowsCodecs.dll
0x00007ffd37160000 - 0x00007ffd371bd000 	C:\WINDOWS\system32\dataexchange.dll
0x00007ffd5f2b0000 - 0x00007ffd5f51c000 	C:\WINDOWS\system32\twinapi.appcore.dll
0x00007ffd402e0000 - 0x00007ffd40312000 	C:\Program Files\Common Files\Microsoft Shared\Ink\rtscom.dll
0x00007ffd4e610000 - 0x00007ffd4e73c000 	C:\WINDOWS\SYSTEM32\textinputframework.dll
0x00007ffd62410000 - 0x00007ffd6253d000 	C:\WINDOWS\SYSTEM32\CoreMessaging.dll
0x00007ffd60760000 - 0x00007ffd60acb000 	C:\WINDOWS\SYSTEM32\CoreUIComponents.dll
0x00007ffd64ad0000 - 0x00007ffd64adc000 	C:\WINDOWS\SYSTEM32\CRYPTBASE.DLL
0x00007ffd64dc0000 - 0x00007ffd64e0d000 	C:\WINDOWS\SYSTEM32\CFGMGR32.dll
0x00007ffd5b3d0000 - 0x00007ffd5b4d0000 	C:\WINDOWS\system32\propsys.dll
0x00007ffcf5c50000 - 0x00007ffcf5e0c000 	C:\WINDOWS\SYSTEM32\DUI70.dll
0x00007ffd59180000 - 0x00007ffd59219000 	C:\WINDOWS\SYSTEM32\DUser.dll
0x00007ffd30e20000 - 0x00007ffd30ec1000 	C:\Program Files\Common Files\microsoft shared\ink\tiptsf.dll
0x00007ffd62800000 - 0x00007ffd628af000 	C:\WINDOWS\SYSTEM32\TextShaping.dll
0x00007ffd52230000 - 0x00007ffd52257000 	C:\WINDOWS\SYSTEM32\edputil.dll
0x00007ffd33a70000 - 0x00007ffd33ce2000 	C:\WINDOWS\system32\explorerframe.dll
0x00007ffd3df40000 - 0x00007ffd3dfa9000 	C:\Windows\System32\oleacc.dll
0x00007ffd33ee0000 - 0x00007ffd33f45000 	C:\Windows\System32\thumbcache.dll
0x00007ffd36ae0000 - 0x00007ffd36bbd000 	C:\Windows\System32\Windows.UI.FileExplorer.dll
0x00007ffd40d90000 - 0x00007ffd40e45000 	C:\WINDOWS\System32\StructuredQuery.dll
0x00007ffd51a40000 - 0x00007ffd51a4e000 	C:\WINDOWS\SYSTEM32\atlthunk.dll

dbghelp: loaded successfully - version: 4.0.5 - missing functions: none
symbol engine: initialized successfully - sym options: 0x614 - pdb path: .;C:\Program Files\Java\jdk-16.0.1\bin;C:\WINDOWS\SYSTEM32;C:\WINDOWS\WinSxS\amd64_microsoft.windows.common-controls_6595b64144ccf1df_6.0.22499.1000_none_268c46d844651e1d;C:\Program Files\Java\jdk-16.0.1\bin\server;C:\Program Files\Java\javafx-sdk-17.0.1\bin;C:\WINDOWS\System32\DriverStore\FileRepository\igdlh64.inf_amd64_4645af5c659ae51a;C:\Program Files\Common Files\Microsoft Shared\Ink

VM Arguments:
jvm_args: -Dfile.encoding=UTF-8 --add-modules=javafx.controls,javafx.fxml --module-path=C:\Users\Adames\Music\Universidad\POO\HG_Performance\build\classes;C:\Program Files\Java\javafx-sdk-17.0.1\lib\javafx-swt.jar;C:\Program Files\Java\javafx-sdk-17.0.1\lib\javafx.base.jar;C:\Program Files\Java\javafx-sdk-17.0.1\lib\javafx.controls.jar;C:\Program Files\Java\javafx-sdk-17.0.1\lib\javafx.fxml.jar;C:\Program Files\Java\javafx-sdk-17.0.1\lib\javafx.graphics.jar;C:\Program Files\Java\javafx-sdk-17.0.1\lib\javafx.media.jar;C:\Program Files\Java\javafx-sdk-17.0.1\lib\javafx.swing.jar;C:\Program Files\Java\javafx-sdk-17.0.1\lib\javafx.web.jar 
java_command: start.HG_Performance
java_class_path (initial): C:\Program Files\Java\javafx-sdk-17.0.1\lib\javafx-swt.jar;C:\Program Files\Java\javafx-sdk-17.0.1\lib\javafx.base.jar;C:\Program Files\Java\javafx-sdk-17.0.1\lib\javafx.controls.jar;C:\Program Files\Java\javafx-sdk-17.0.1\lib\javafx.fxml.jar;C:\Program Files\Java\javafx-sdk-17.0.1\lib\javafx.graphics.jar;C:\Program Files\Java\javafx-sdk-17.0.1\lib\javafx.media.jar;C:\Program Files\Java\javafx-sdk-17.0.1\lib\javafx.swing.jar;C:\Program Files\Java\javafx-sdk-17.0.1\lib\javafx.web.jar;C:\Users\Adames\Music\Universidad\POO\HG_Performance\build\classes
Launcher Type: SUN_STANDARD

[Global flags]
     intx CICompilerCount                          = 3                                         {product} {ergonomic}
     uint ConcGCThreads                            = 1                                         {product} {ergonomic}
     uint G1ConcRefinementThreads                  = 4                                         {product} {ergonomic}
   size_t G1HeapRegionSize                         = 2097152                                   {product} {ergonomic}
    uintx GCDrainStackTargetSize                   = 64                                        {product} {ergonomic}
   size_t InitialHeapSize                          = 266338304                                 {product} {ergonomic}
   size_t MarkStackSize                            = 4194304                                   {product} {ergonomic}
   size_t MaxHeapSize                              = 4261412864                                {product} {ergonomic}
   size_t MaxNewSize                               = 2556428288                                {product} {ergonomic}
   size_t MinHeapDeltaBytes                        = 2097152                                   {product} {ergonomic}
   size_t MinHeapSize                              = 8388608                                   {product} {ergonomic}
    uintx NonNMethodCodeHeapSize                   = 5832780                                {pd product} {ergonomic}
    uintx NonProfiledCodeHeapSize                  = 122912730                              {pd product} {ergonomic}
    uintx ProfiledCodeHeapSize                     = 122912730                              {pd product} {ergonomic}
    uintx ReservedCodeCacheSize                    = 251658240                              {pd product} {ergonomic}
     bool SegmentedCodeCache                       = true                                      {product} {ergonomic}
   size_t SoftMaxHeapSize                          = 4261412864                             {manageable} {ergonomic}
     bool UseCompressedClassPointers               = true                           {product lp64_product} {ergonomic}
     bool UseCompressedOops                        = true                           {product lp64_product} {ergonomic}
     bool UseG1GC                                  = true                                      {product} {ergonomic}
     bool UseLargePagesIndividualAllocation        = false                                  {pd product} {ergonomic}

Logging:
Log output configuration:
 #0: stdout all=off uptime,level,tags
 #1: stderr all=off uptime,level,tags

Environment Variables:
PATH=C:\ProgramData\Oracle\Java\javapath;C:\Program Files\Common Files\Oracle\Java\javapath;C:\Program Files (x86)\Common Files\Oracle\Java\javapath;C:\WINDOWS\system32;C:\WINDOWS;C:\WINDOWS\System32\Wbem;C:\WINDOWS\System32\WindowsPowerShell\v1.0\;C:\WINDOWS\System32\OpenSSH\;C:\Program Files\Huawei QuickApp IDE\resources\app\extensions\deveco-debug\lib\toolkit\nodeTool;C:\Program Files\Huawei QuickApp IDE\resources\app\extensions\deveco-debug\lib\toolkit;C:\Program Files\Microsoft SQL Server\130\Tools\Binn\;C:\ProgramData\chocolatey\bin;C:\Program Files\Git\cmd;C:\Users\Adames\AppData\Local\Programs\Python\Python39\Scripts\;C:\Users\Adames\AppData\Local\Programs\Python\Python39\;C:\Users\Adames\AppData\Local\Microsoft\WindowsApps;C:\Users\Adames\AppData\Local\GitHubDesktop\bin;C:\Users\Adames\AppData\Local\Programs\Microsoft VS Code\bin;
USERNAME=Adames
OS=Windows_NT
PROCESSOR_IDENTIFIER=Intel64 Family 6 Model 78 Stepping 3, GenuineIntel



---------------  S Y S T E M  ---------------

OS:
 Windows 10 , 64 bit Build 22499 (10.0.22499.1000)
OS uptime: 0 days 10:49 hours

CPU: total 4 (initial active 4) (2 cores per cpu, 2 threads per core) family 6 model 78 stepping 3 microcode 0xea, cx8, cmov, fxsr, ht, mmx, 3dnowpref, sse, sse2, sse3, ssse3, sse4.1, sse4.2, popcnt, lzcnt, tsc, tscinvbit, avx, avx2, aes, erms, clmul, bmi1, bmi2, adx, fma, vzeroupper, clflush, clflushopt

Memory: 4k page, system-wide physical 16255M (6889M free)
TotalPageFile size 20095M (AvailPageFile size 7398M)
current process WorkingSet (physical memory assigned to process): 538M, peak: 793M
current process commit charge ("private bytes"): 715M, peak: 880M

vm_info: Java HotSpot(TM) 64-Bit Server VM (16.0.1+9-24) for windows-amd64 JRE (16.0.1+9-24), built on Mar 26 2021 19:31:42 by "mach5one" with MS VC++ 16.7 (VS2019)

END.
