#
# A fatal error has been detected by the Java Runtime Environment:
#
#  EXCEPTION_ACCESS_VIOLATION (0xc0000005) at pc=0x00007ff91ff362d7, pid=11300, tid=18360
#
# JRE version: Java(TM) SE Runtime Environment (17.0.2+8) (build 17.0.2+8-LTS-86)
# Java VM: Java HotSpot(TM) 64-Bit Server VM (17.0.2+8-LTS-86, mixed mode, sharing, tiered, compressed oops, compressed class ptrs, g1 gc, windows-amd64)
# Problematic frame:
# C  [glass.dll+0x262d7]
#
# No core dump will be written. Minidumps are not enabled by default on client versions of Windows
#
# If you would like to submit a bug report, please visit:
#   https://bugreport.java.com/bugreport/crash.jsp
#

---------------  S U M M A R Y ------------

Command Line: -Dfile.encoding=UTF-8 --add-modules=javafx.controls,javafx.fxml --module-path=C:\Users\juanc\OneDrive\Documentos\Universidad 3\POO\SEATORA\build\classes;C:\Program Files\Java\javafx-sdk-18.0.1\lib\javafx-swt.jar;C:\Program Files\Java\javafx-sdk-18.0.1\lib\javafx.base.jar;C:\Program Files\Java\javafx-sdk-18.0.1\lib\javafx.controls.jar;C:\Program Files\Java\javafx-sdk-18.0.1\lib\javafx.fxml.jar;C:\Program Files\Java\javafx-sdk-18.0.1\lib\javafx.graphics.jar;C:\Program Files\Java\javafx-sdk-18.0.1\lib\javafx.media.jar;C:\Program Files\Java\javafx-sdk-18.0.1\lib\javafx.swing.jar;C:\Program Files\Java\javafx-sdk-18.0.1\lib\javafx.web.jar start.Seatora

Host: AMD Ryzen 7 5800H with Radeon Graphics         , 16 cores, 23G,  Windows 11 , 64 bit Build 22000 (10.0.22000.675)
Time: Thu May 26 00:41:13 2022 Hora est. Pacífico, Sudamérica elapsed time: 42.721612 seconds (0d 0h 0m 42s)

---------------  T H R E A D  ---------------

Current thread (0x0000026e4dc3c9a0):  VMThread "VM Thread" [stack: 0x000000f6d1600000,0x000000f6d1700000] [id=18360]

Stack: [0x000000f6d1600000,0x000000f6d1700000],  sp=0x000000f6d16fee10,  free space=1019k
Native frames: (J=compiled Java code, j=interpreted, Vv=VM code, C=native code)
C  [glass.dll+0x262d7]


siginfo: EXCEPTION_ACCESS_VIOLATION (0xc0000005), reading address 0x0000000000000000


Register to memory mapping:

RIP=0x00007ff91ff362d7 glass.dll
RAX=0x0 is NULL
RBX=0x0000026e4dc52680 is a global jni handle
RCX=0x0000026e4dc3c9a0 points into unknown readable memory: 0x00007ff8c679e890 | 90 e8 79 c6 f8 7f 00 00
RDX=0x000000f6d16fee10 points into unknown readable memory: 0x0000000000000000 | 00 00 00 00 00 00 00 00
RSP=0x000000f6d16fee10 points into unknown readable memory: 0x0000000000000000 | 00 00 00 00 00 00 00 00
RBP=0x0000026e4f811bd8 points into unknown readable memory: 0x0000890040e43c0e | 0e 3c e4 40 00 89 00 00
RSI=0x0000026e4f811bb0 points into unknown readable memory: 0x1ffecefc8d533c0e | 0e 3c 53 8d fc ce fe 1f
RDI=0x0000890040e43c0e is an unknown value
R8 =0x0000000000010002 is an unknown value
R9 =0x0000890040e43c0e is an unknown value
R10=0x85f13e9656da4870 is an unknown value
R11=0x000000f6d16feda0 points into unknown readable memory: 0x0000026e4f811bb0 | b0 1b 81 4f 6e 02 00 00
R12=0x00007ff91ff33bc4 glass.dll
R13=0x00007ff8c69449d0 jvm.dll
R14=0x000000f6d16fef18 points into unknown readable memory: 0x000000f6d16fef00 | 00 ef 6f d1 f6 00 00 00
R15=0x0000026e4f811bb0 points into unknown readable memory: 0x1ffecefc8d533c0e | 0e 3c 53 8d fc ce fe 1f


Registers:
RAX=0x0000000000000000, RBX=0x0000026e4dc52680, RCX=0x0000026e4dc3c9a0, RDX=0x000000f6d16fee10
RSP=0x000000f6d16fee10, RBP=0x0000026e4f811bd8, RSI=0x0000026e4f811bb0, RDI=0x0000890040e43c0e
R8 =0x0000000000010002, R9 =0x0000890040e43c0e, R10=0x85f13e9656da4870, R11=0x000000f6d16feda0
R12=0x00007ff91ff33bc4, R13=0x00007ff8c69449d0, R14=0x000000f6d16fef18, R15=0x0000026e4f811bb0
RIP=0x00007ff91ff362d7, EFLAGS=0x0000000000010202

Top of Stack: (sp=0x000000f6d16fee10)
0x000000f6d16fee10:   0000000000000000 0000026e4f811bb0
0x000000f6d16fee20:   00007ff8c69449d0 00007ff91ff33bc4
0x000000f6d16fee30:   0000026e4f811bb8 00007ff95a64bea0
0x000000f6d16fee40:   0000890040e43c0e 0000026e00000000
0x000000f6d16fee50:   0000026e4f811bd8 0000026e4f811bb0
0x000000f6d16fee60:   fffffffffffffffe 0000000000000000
0x000000f6d16fee70:   0000000000000001 00007ff91ff10000
0x000000f6d16fee80:   000000f6d16fef08 00007ff95a64bdb7
0x000000f6d16fee90:   0000000000000000 000000f6d16fef18
0x000000f6d16feea0:   000000f6d16ff1f0 00007ff95a7312b0
0x000000f6d16feeb0:   0000000000000001 00007ff95a64bd6d
0x000000f6d16feec0:   0000000000000000 0000000000000001
0x000000f6d16feed0:   0000000000000000 000000f6d16fef08
0x000000f6d16feee0:   fffffffffffffffe 000000f600000000
0x000000f6d16feef0:   ffffffff00000001 00007ff91ff33a51
0x000000f6d16fef00:   00007ff91ff49f88 00007ff800000002 

Instructions: (pc=0x00007ff91ff362d7)
0x00007ff91ff361d7:   8b 4d 58 e8 2d cf ff ff 48 8b 4d 60 e8 24 cf ff
0x00007ff91ff361e7:   ff 48 8b 95 80 00 00 00 48 8b 8d 18 01 00 00 e8
0x00007ff91ff361f7:   16 c4 ff ff 33 d2 33 c9 e8 5c e1 ff ff 90 48 89
0x00007ff91ff36207:   54 24 10 55 48 83 ec 20 48 8b ea 48 b8 00 00 00
0x00007ff91ff36217:   00 00 00 00 00 48 83 c4 20 5d c3 cc 40 55 48 8b
0x00007ff91ff36227:   ea 48 8b 01 33 c9 81 38 05 00 00 c0 0f 94 c1 8b
0x00007ff91ff36237:   c1 5d c3 cc 40 55 48 83 ec 20 48 8b ea 8a 4d 40
0x00007ff91ff36247:   48 83 c4 20 5d e9 17 d3 ff ff cc 40 55 48 83 ec
0x00007ff91ff36257:   20 48 8b ea 8a 4d 20 e8 05 d3 ff ff 90 48 83 c4
0x00007ff91ff36267:   20 5d c3 cc 40 55 48 83 ec 20 48 8b ea 48 83 c4
0x00007ff91ff36277:   20 5d e9 66 d1 ff ff cc 40 55 48 83 ec 30 48 8b
0x00007ff91ff36287:   ea 48 8b 01 8b 10 48 89 4c 24 28 89 54 24 20 4c
0x00007ff91ff36297:   8d 0d 07 d6 ff ff 4c 8b 45 70 8b 55 68 48 8b 4d
0x00007ff91ff362a7:   60 e8 a7 d0 ff ff 90 48 83 c4 30 5d c3 cc cc cc
0x00007ff91ff362b7:   cc cc cc cc cc cc cc cc cc 40 53 48 83 ec 20 48
0x00007ff91ff362c7:   8b 1d bb 36 01 00 48 85 db 74 16 e8 59 8b ff ff
0x00007ff91ff362d7:   4c 8b 00 48 8b d3 48 8b c8 41 ff 90 b0 00 00 00
0x00007ff91ff362e7:   90 48 83 c4 20 5b c3 cc cc 40 53 48 83 ec 20 48
0x00007ff91ff362f7:   8b 1d 2b 38 01 00 48 85 db 74 57 b8 ff ff ff ff
0x00007ff91ff36307:   f0 0f c1 43 10 83 f8 01 75 3d 48 85 db 74 38 48
0x00007ff91ff36317:   8b 0b 48 85 c9 74 0d ff 15 84 0f 00 00 48 c7 03
0x00007ff91ff36327:   00 00 00 00 48 8b 4b 08 48 85 c9 74 0d e8 d3 cd
0x00007ff91ff36337:   ff ff 48 c7 43 08 00 00 00 00 ba 18 00 00 00 48
0x00007ff91ff36347:   8b cb e8 be cd ff ff 48 c7 05 cf 37 01 00 00 00
0x00007ff91ff36357:   00 00 48 83 c4 20 5b c3 cc 40 53 48 83 ec 20 48
0x00007ff91ff36367:   8b 1d 9b 37 01 00 48 85 db 74 57 b8 ff ff ff ff
0x00007ff91ff36377:   f0 0f c1 43 10 83 f8 01 75 3d 48 85 db 74 38 48
0x00007ff91ff36387:   8b 0b 48 85 c9 74 0d ff 15 14 0f 00 00 48 c7 03
0x00007ff91ff36397:   00 00 00 00 48 8b 4b 08 48 85 c9 74 0d e8 63 cd
0x00007ff91ff363a7:   ff ff 48 c7 43 08 00 00 00 00 ba 18 00 00 00 48
0x00007ff91ff363b7:   8b cb e8 4e cd ff ff 48 c7 05 3f 37 01 00 00 00
0x00007ff91ff363c7:   00 00 48 83 c4 20 5b c3 cc 40 53 48 83 ec 20 48 


Stack slot to memory mapping:
stack at sp + 0 slots: 0x0 is NULL
stack at sp + 1 slots: 0x0000026e4f811bb0 points into unknown readable memory: 0x1ffecefc8d533c0e | 0e 3c 53 8d fc ce fe 1f
stack at sp + 2 slots: 0x00007ff8c69449d0 jvm.dll
stack at sp + 3 slots: 0x00007ff91ff33bc4 glass.dll
stack at sp + 4 slots: 0x0000026e4f811bb8 points into unknown readable memory: 0x0000890040e43c0e | 0e 3c e4 40 00 89 00 00
stack at sp + 5 slots: 0x00007ff95a64bea0 ucrtbase.dll
stack at sp + 6 slots: 0x0000890040e43c0e is an unknown value
stack at sp + 7 slots: 0x0000026e00000000 is an unknown value

VM_Operation (0x000000f6d2ff6480): Exit, mode: safepoint, requested by thread 0x0000026e4ed23bf0


---------------  P R O C E S S  ---------------

Threads class SMR info:
_java_thread_list=0x0000026e4ffa0130, length=19, elements={
0x0000026e2398dd70, 0x0000026e4dc428a0, 0x0000026e4dc45520, 0x0000026e4dc56470,
0x0000026e4dc56e20, 0x0000026e4dc577d0, 0x0000026e4dc58180, 0x0000026e4dc60430,
0x0000026e4dc69ef0, 0x0000026e4dc79120, 0x0000026e4e8e1760, 0x0000026e4f0195e0,
0x0000026e4f2a01b0, 0x0000026e4f842ee0, 0x0000026e4ed23bf0, 0x0000026e4fd6f440,
0x0000026e4fd7d290, 0x0000026e57a4ab40, 0x0000026e5d0ad0a0
}

Java Threads: ( => current thread )
  0x0000026e2398dd70 JavaThread "main" [_thread_blocked, id=12960, stack(0x000000f6d1000000,0x000000f6d1100000)]
  0x0000026e4dc428a0 JavaThread "Reference Handler" daemon [_thread_blocked, id=3272, stack(0x000000f6d1700000,0x000000f6d1800000)]
  0x0000026e4dc45520 JavaThread "Finalizer" daemon [_thread_blocked, id=22440, stack(0x000000f6d1800000,0x000000f6d1900000)]
  0x0000026e4dc56470 JavaThread "Signal Dispatcher" daemon [_thread_blocked, id=12284, stack(0x000000f6d1900000,0x000000f6d1a00000)]
  0x0000026e4dc56e20 JavaThread "Attach Listener" daemon [_thread_blocked, id=9224, stack(0x000000f6d1a00000,0x000000f6d1b00000)]
  0x0000026e4dc577d0 JavaThread "Service Thread" daemon [_thread_blocked, id=19584, stack(0x000000f6d1b00000,0x000000f6d1c00000)]
  0x0000026e4dc58180 JavaThread "Monitor Deflation Thread" daemon [_thread_blocked, id=13192, stack(0x000000f6d1c00000,0x000000f6d1d00000)]
  0x0000026e4dc60430 JavaThread "C2 CompilerThread0" daemon [_thread_blocked, id=14036, stack(0x000000f6d1d00000,0x000000f6d1e00000)]
  0x0000026e4dc69ef0 JavaThread "C1 CompilerThread0" daemon [_thread_blocked, id=21956, stack(0x000000f6d1e00000,0x000000f6d1f00000)]
  0x0000026e4dc79120 JavaThread "Sweeper thread" daemon [_thread_blocked, id=3872, stack(0x000000f6d1f00000,0x000000f6d2000000)]
  0x0000026e4e8e1760 JavaThread "Common-Cleaner" daemon [_thread_blocked, id=15540, stack(0x000000f6d2100000,0x000000f6d2200000)]
  0x0000026e4f0195e0 JavaThread "Notification Thread" daemon [_thread_blocked, id=10412, stack(0x000000f6d2a00000,0x000000f6d2b00000)]
  0x0000026e4f2a01b0 JavaThread "QuantumRenderer-0" daemon [_thread_blocked, id=8148, stack(0x000000f6d2c00000,0x000000f6d2d00000)]
  0x0000026e4f842ee0 JavaThread "InvokeLaterDispatcher" daemon [_thread_blocked, id=8760, stack(0x000000f6d2e00000,0x000000f6d2f00000)]
  0x0000026e4ed23bf0 JavaThread "JavaFX Application Thread" [_thread_blocked, id=11216, stack(0x000000f6d2f00000,0x000000f6d3000000)]
  0x0000026e4fd6f440 JavaThread "JavaFX-Launcher" [_thread_blocked, id=20016, stack(0x000000f6d3100000,0x000000f6d3200000)]
  0x0000026e4fd7d290 JavaThread "Thread-2" daemon [_thread_in_native, id=21896, stack(0x000000f6d2900000,0x000000f6d2a00000)]
  0x0000026e57a4ab40 JavaThread "Prism Font Disposer" daemon [_thread_blocked, id=10480, stack(0x000000f6d3a00000,0x000000f6d3b00000)]
  0x0000026e5d0ad0a0 JavaThread "Cleaner-0" daemon [_thread_blocked, id=17316, stack(0x000000f6d3eb0000,0x000000f6d3fb0000)]

Other Threads:
=>0x0000026e4dc3c9a0 VMThread "VM Thread" [stack: 0x000000f6d1600000,0x000000f6d1700000] [id=18360]
  0x0000026e239f01a0 GCTaskThread "GC Thread#0" [stack: 0x000000f6d1100000,0x000000f6d1200000] [id=12928]
  0x0000026e4fddc1d0 GCTaskThread "GC Thread#1" [stack: 0x000000f6d3200000,0x000000f6d3300000] [id=8424]
  0x0000026e4fddc480 GCTaskThread "GC Thread#2" [stack: 0x000000f6d3300000,0x000000f6d3400000] [id=9556]
  0x0000026e4fddc730 GCTaskThread "GC Thread#3" [stack: 0x000000f6d3400000,0x000000f6d3500000] [id=6652]
  0x0000026e4fd7db70 GCTaskThread "GC Thread#4" [stack: 0x000000f6d3500000,0x000000f6d3600000] [id=6216]
  0x0000026e4fd7de20 GCTaskThread "GC Thread#5" [stack: 0x000000f6d3600000,0x000000f6d3700000] [id=19008]
  0x0000026e4fd7e0d0 GCTaskThread "GC Thread#6" [stack: 0x000000f6d3700000,0x000000f6d3800000] [id=22176]
  0x0000026e4fd7e380 GCTaskThread "GC Thread#7" [stack: 0x000000f6d3800000,0x000000f6d3900000] [id=19700]
  0x0000026e4fdac330 GCTaskThread "GC Thread#8" [stack: 0x000000f6d3900000,0x000000f6d3a00000] [id=18896]
  0x0000026e4fe5d020 GCTaskThread "GC Thread#9" [stack: 0x000000f6d2600000,0x000000f6d2700000] [id=20888]
  0x0000026e239fceb0 ConcurrentGCThread "G1 Main Marker" terminated
  0x0000026e239fdf60 ConcurrentGCThread "G1 Conc#0" [stack: 0x000000f6d1300000,0x000000f6d1400000] [id=20876]
  0x0000026e23a65c10 ConcurrentGCThread "G1 Refine#0" terminated
  0x0000026e4db03710 ConcurrentGCThread "G1 Service" terminated

Threads with active compile tasks:
C2 CompilerThread0  
[error occurred during error reporting (printing all threads), id 0xc0000005, EXCEPTION_ACCESS_VIOLATION (0xc0000005) at pc=0x00007ff8c65ae683]

VM state: at safepoint (shutting down)

VM Mutex/Monitor currently owned by a thread:  ([mutex/lock_event])
[0x0000026e2398b390] Threads_lock - owner thread: 0x0000026e4dc3c9a0
[0x0000026e2398bae0] Heap_lock - owner thread: 0x0000026e4ed23bf0

Heap address: 0x0000000682400000, size: 6108 MB, Compressed Oops mode: Zero based, Oop shift amount: 3

CDS archive(s) mapped at: [0x0000000800000000-0x0000000800bc0000-0x0000000800bc0000), size 12320768, SharedBaseAddress: 0x0000000800000000, ArchiveRelocationMode: 0.
Compressed class space mapped at: 0x0000000800c00000-0x0000000840c00000, reserved size: 1073741824
Narrow klass base: 0x0000000800000000, Narrow klass shift: 0, Narrow klass range: 0x100000000

GC Precious Log:
 CPUs: 16 total, 16 available
 Memory: 24428M
 Large Page Support: Disabled
 NUMA Support: Disabled
 Compressed Oops: Enabled (Zero based)
 Heap Region Size: 4M
 Heap Min Capacity: 8M
 Heap Initial Capacity: 384M
 Heap Max Capacity: 6108M
 Pre-touch: Disabled
 Parallel Workers: 13
 Concurrent Workers: 3
 Concurrent Refinement Workers: 13
 Periodic GC: Disabled

Heap:
 garbage-first heap   total 393216K, used 94426K [0x0000000682400000, 0x0000000800000000)
  region size 4096K, 19 young (77824K), 2 survivors (8192K)
 Metaspace       used 18984K, committed 19264K, reserved 1073152K
  class space    used 2673K, committed 2816K, reserved 1048576K

Heap Regions: E=young(eden), S=young(survivor), O=old, HS=humongous(starts), HC=humongous(continues), CS=collection set, F=free, OA=open archive, CA=closed archive, TAMS=top-at-mark-start (previous, next)
|   0|0x0000000682400000, 0x0000000682800000, 0x0000000682800000|100%|HS|  |TAMS 0x0000000682400000, 0x0000000682400000| Complete 
|   1|0x0000000682800000, 0x0000000682c00000, 0x0000000682c00000|100%|HS|  |TAMS 0x0000000682800000, 0x0000000682800000| Complete 
|   2|0x0000000682c00000, 0x0000000682c36800, 0x0000000683000000|  5%| O|  |TAMS 0x0000000682c00000, 0x0000000682c00000| Untracked 
|   3|0x0000000683000000, 0x0000000683400000, 0x0000000683400000|100%|HS|  |TAMS 0x0000000683000000, 0x0000000683000000| Complete 
|   4|0x0000000683400000, 0x0000000683800000, 0x0000000683800000|100%|HS|  |TAMS 0x0000000683400000, 0x0000000683400000| Complete 
|   5|0x0000000683800000, 0x0000000683c00000, 0x0000000683c00000|100%|HS|  |TAMS 0x0000000683800000, 0x0000000683800000| Complete 
|   6|0x0000000683c00000, 0x0000000683c00000, 0x0000000684000000|  0%| F|  |TAMS 0x0000000683c00000, 0x0000000683c00000| Untracked 
|   7|0x0000000684000000, 0x0000000684000000, 0x0000000684400000|  0%| F|  |TAMS 0x0000000684000000, 0x0000000684000000| Untracked 
|   8|0x0000000684400000, 0x0000000684400000, 0x0000000684800000|  0%| F|  |TAMS 0x0000000684400000, 0x0000000684400000| Untracked 
|   9|0x0000000684800000, 0x0000000684800000, 0x0000000684c00000|  0%| F|  |TAMS 0x0000000684800000, 0x0000000684800000| Untracked 
|  10|0x0000000684c00000, 0x0000000684c00000, 0x0000000685000000|  0%| F|  |TAMS 0x0000000684c00000, 0x0000000684c00000| Untracked 
|  11|0x0000000685000000, 0x0000000685000000, 0x0000000685400000|  0%| F|  |TAMS 0x0000000685000000, 0x0000000685000000| Untracked 
|  12|0x0000000685400000, 0x0000000685400000, 0x0000000685800000|  0%| F|  |TAMS 0x0000000685400000, 0x0000000685400000| Untracked 
|  13|0x0000000685800000, 0x0000000685800000, 0x0000000685c00000|  0%| F|  |TAMS 0x0000000685800000, 0x0000000685800000| Untracked 
|  14|0x0000000685c00000, 0x0000000685c00000, 0x0000000686000000|  0%| F|  |TAMS 0x0000000685c00000, 0x0000000685c00000| Untracked 
|  15|0x0000000686000000, 0x0000000686000000, 0x0000000686400000|  0%| F|  |TAMS 0x0000000686000000, 0x0000000686000000| Untracked 
|  16|0x0000000686400000, 0x0000000686400000, 0x0000000686800000|  0%| F|  |TAMS 0x0000000686400000, 0x0000000686400000| Untracked 
|  17|0x0000000686800000, 0x0000000686800000, 0x0000000686c00000|  0%| F|  |TAMS 0x0000000686800000, 0x0000000686800000| Untracked 
|  18|0x0000000686c00000, 0x0000000686c00000, 0x0000000687000000|  0%| F|  |TAMS 0x0000000686c00000, 0x0000000686c00000| Untracked 
|  19|0x0000000687000000, 0x0000000687000000, 0x0000000687400000|  0%| F|  |TAMS 0x0000000687000000, 0x0000000687000000| Untracked 
|  20|0x0000000687400000, 0x0000000687400000, 0x0000000687800000|  0%| F|  |TAMS 0x0000000687400000, 0x0000000687400000| Untracked 
|  21|0x0000000687800000, 0x0000000687800000, 0x0000000687c00000|  0%| F|  |TAMS 0x0000000687800000, 0x0000000687800000| Untracked 
|  22|0x0000000687c00000, 0x0000000687c00000, 0x0000000688000000|  0%| F|  |TAMS 0x0000000687c00000, 0x0000000687c00000| Untracked 
|  23|0x0000000688000000, 0x0000000688000000, 0x0000000688400000|  0%| F|  |TAMS 0x0000000688000000, 0x0000000688000000| Untracked 
|  24|0x0000000688400000, 0x0000000688400000, 0x0000000688800000|  0%| F|  |TAMS 0x0000000688400000, 0x0000000688400000| Untracked 
|  25|0x0000000688800000, 0x0000000688800000, 0x0000000688c00000|  0%| F|  |TAMS 0x0000000688800000, 0x0000000688800000| Untracked 
|  26|0x0000000688c00000, 0x0000000688c00000, 0x0000000689000000|  0%| F|  |TAMS 0x0000000688c00000, 0x0000000688c00000| Untracked 
|  27|0x0000000689000000, 0x0000000689000000, 0x0000000689400000|  0%| F|  |TAMS 0x0000000689000000, 0x0000000689000000| Untracked 
|  28|0x0000000689400000, 0x0000000689400000, 0x0000000689800000|  0%| F|  |TAMS 0x0000000689400000, 0x0000000689400000| Untracked 
|  29|0x0000000689800000, 0x0000000689800000, 0x0000000689c00000|  0%| F|  |TAMS 0x0000000689800000, 0x0000000689800000| Untracked 
|  30|0x0000000689c00000, 0x0000000689c00000, 0x000000068a000000|  0%| F|  |TAMS 0x0000000689c00000, 0x0000000689c00000| Untracked 
|  31|0x000000068a000000, 0x000000068a000000, 0x000000068a400000|  0%| F|  |TAMS 0x000000068a000000, 0x000000068a000000| Untracked 
|  32|0x000000068a400000, 0x000000068a400000, 0x000000068a800000|  0%| F|  |TAMS 0x000000068a400000, 0x000000068a400000| Untracked 
|  33|0x000000068a800000, 0x000000068a800000, 0x000000068ac00000|  0%| F|  |TAMS 0x000000068a800000, 0x000000068a800000| Untracked 
|  34|0x000000068ac00000, 0x000000068ac00000, 0x000000068b000000|  0%| F|  |TAMS 0x000000068ac00000, 0x000000068ac00000| Untracked 
|  35|0x000000068b000000, 0x000000068b000000, 0x000000068b400000|  0%| F|  |TAMS 0x000000068b000000, 0x000000068b000000| Untracked 
|  36|0x000000068b400000, 0x000000068b400000, 0x000000068b800000|  0%| F|  |TAMS 0x000000068b400000, 0x000000068b400000| Untracked 
|  37|0x000000068b800000, 0x000000068b800000, 0x000000068bc00000|  0%| F|  |TAMS 0x000000068b800000, 0x000000068b800000| Untracked 
|  38|0x000000068bc00000, 0x000000068bc00000, 0x000000068c000000|  0%| F|  |TAMS 0x000000068bc00000, 0x000000068bc00000| Untracked 
|  39|0x000000068c000000, 0x000000068c000000, 0x000000068c400000|  0%| F|  |TAMS 0x000000068c000000, 0x000000068c000000| Untracked 
|  40|0x000000068c400000, 0x000000068c400000, 0x000000068c800000|  0%| F|  |TAMS 0x000000068c400000, 0x000000068c400000| Untracked 
|  41|0x000000068c800000, 0x000000068c800000, 0x000000068cc00000|  0%| F|  |TAMS 0x000000068c800000, 0x000000068c800000| Untracked 
|  42|0x000000068cc00000, 0x000000068cc00000, 0x000000068d000000|  0%| F|  |TAMS 0x000000068cc00000, 0x000000068cc00000| Untracked 
|  43|0x000000068d000000, 0x000000068d000000, 0x000000068d400000|  0%| F|  |TAMS 0x000000068d000000, 0x000000068d000000| Untracked 
|  44|0x000000068d400000, 0x000000068d400000, 0x000000068d800000|  0%| F|  |TAMS 0x000000068d400000, 0x000000068d400000| Untracked 
|  45|0x000000068d800000, 0x000000068d800000, 0x000000068dc00000|  0%| F|  |TAMS 0x000000068d800000, 0x000000068d800000| Untracked 
|  46|0x000000068dc00000, 0x000000068dc00000, 0x000000068e000000|  0%| F|  |TAMS 0x000000068dc00000, 0x000000068dc00000| Untracked 
|  47|0x000000068e000000, 0x000000068e000000, 0x000000068e400000|  0%| F|  |TAMS 0x000000068e000000, 0x000000068e000000| Untracked 
|  48|0x000000068e400000, 0x000000068e400000, 0x000000068e800000|  0%| F|  |TAMS 0x000000068e400000, 0x000000068e400000| Untracked 
|  49|0x000000068e800000, 0x000000068e800000, 0x000000068ec00000|  0%| F|  |TAMS 0x000000068e800000, 0x000000068e800000| Untracked 
|  50|0x000000068ec00000, 0x000000068ec00000, 0x000000068f000000|  0%| F|  |TAMS 0x000000068ec00000, 0x000000068ec00000| Untracked 
|  51|0x000000068f000000, 0x000000068f000000, 0x000000068f400000|  0%| F|  |TAMS 0x000000068f000000, 0x000000068f000000| Untracked 
|  52|0x000000068f400000, 0x000000068f400000, 0x000000068f800000|  0%| F|  |TAMS 0x000000068f400000, 0x000000068f400000| Untracked 
|  53|0x000000068f800000, 0x000000068f800000, 0x000000068fc00000|  0%| F|  |TAMS 0x000000068f800000, 0x000000068f800000| Untracked 
|  54|0x000000068fc00000, 0x000000068fc00000, 0x0000000690000000|  0%| F|  |TAMS 0x000000068fc00000, 0x000000068fc00000| Untracked 
|  55|0x0000000690000000, 0x0000000690000000, 0x0000000690400000|  0%| F|  |TAMS 0x0000000690000000, 0x0000000690000000| Untracked 
|  56|0x0000000690400000, 0x0000000690400000, 0x0000000690800000|  0%| F|  |TAMS 0x0000000690400000, 0x0000000690400000| Untracked 
|  57|0x0000000690800000, 0x0000000690800000, 0x0000000690c00000|  0%| F|  |TAMS 0x0000000690800000, 0x0000000690800000| Untracked 
|  58|0x0000000690c00000, 0x0000000690c00000, 0x0000000691000000|  0%| F|  |TAMS 0x0000000690c00000, 0x0000000690c00000| Untracked 
|  59|0x0000000691000000, 0x0000000691000000, 0x0000000691400000|  0%| F|  |TAMS 0x0000000691000000, 0x0000000691000000| Untracked 
|  60|0x0000000691400000, 0x0000000691400000, 0x0000000691800000|  0%| F|  |TAMS 0x0000000691400000, 0x0000000691400000| Untracked 
|  61|0x0000000691800000, 0x0000000691800000, 0x0000000691c00000|  0%| F|  |TAMS 0x0000000691800000, 0x0000000691800000| Untracked 
|  62|0x0000000691c00000, 0x0000000691c00000, 0x0000000692000000|  0%| F|  |TAMS 0x0000000691c00000, 0x0000000691c00000| Untracked 
|  63|0x0000000692000000, 0x0000000692000000, 0x0000000692400000|  0%| F|  |TAMS 0x0000000692000000, 0x0000000692000000| Untracked 
|  64|0x0000000692400000, 0x0000000692400000, 0x0000000692800000|  0%| F|  |TAMS 0x0000000692400000, 0x0000000692400000| Untracked 
|  65|0x0000000692800000, 0x0000000692800000, 0x0000000692c00000|  0%| F|  |TAMS 0x0000000692800000, 0x0000000692800000| Untracked 
|  66|0x0000000692c00000, 0x0000000692c00000, 0x0000000693000000|  0%| F|  |TAMS 0x0000000692c00000, 0x0000000692c00000| Untracked 
|  67|0x0000000693000000, 0x0000000693000000, 0x0000000693400000|  0%| F|  |TAMS 0x0000000693000000, 0x0000000693000000| Untracked 
|  68|0x0000000693400000, 0x0000000693400000, 0x0000000693800000|  0%| F|  |TAMS 0x0000000693400000, 0x0000000693400000| Untracked 
|  69|0x0000000693800000, 0x0000000693800000, 0x0000000693c00000|  0%| F|  |TAMS 0x0000000693800000, 0x0000000693800000| Untracked 
|  70|0x0000000693c00000, 0x0000000693c00000, 0x0000000694000000|  0%| F|  |TAMS 0x0000000693c00000, 0x0000000693c00000| Untracked 
|  71|0x0000000694000000, 0x0000000694000000, 0x0000000694400000|  0%| F|  |TAMS 0x0000000694000000, 0x0000000694000000| Untracked 
|  72|0x0000000694400000, 0x0000000694400000, 0x0000000694800000|  0%| F|  |TAMS 0x0000000694400000, 0x0000000694400000| Untracked 
|  73|0x0000000694800000, 0x0000000694800000, 0x0000000694c00000|  0%| F|  |TAMS 0x0000000694800000, 0x0000000694800000| Untracked 
|  74|0x0000000694c00000, 0x0000000694c00000, 0x0000000695000000|  0%| F|  |TAMS 0x0000000694c00000, 0x0000000694c00000| Untracked 
|  75|0x0000000695000000, 0x0000000695000000, 0x0000000695400000|  0%| F|  |TAMS 0x0000000695000000, 0x0000000695000000| Untracked 
|  76|0x0000000695400000, 0x0000000695400000, 0x0000000695800000|  0%| F|  |TAMS 0x0000000695400000, 0x0000000695400000| Untracked 
|  77|0x0000000695800000, 0x000000069589b918, 0x0000000695c00000| 15%| E|  |TAMS 0x0000000695800000, 0x0000000695800000| Complete 
|  78|0x0000000695c00000, 0x0000000696000000, 0x0000000696000000|100%| E|CS|TAMS 0x0000000695c00000, 0x0000000695c00000| Complete 
|  79|0x0000000696000000, 0x0000000696400000, 0x0000000696400000|100%| E|CS|TAMS 0x0000000696000000, 0x0000000696000000| Complete 
|  80|0x0000000696400000, 0x0000000696800000, 0x0000000696800000|100%| E|CS|TAMS 0x0000000696400000, 0x0000000696400000| Complete 
|  81|0x0000000696800000, 0x0000000696c00000, 0x0000000696c00000|100%| E|CS|TAMS 0x0000000696800000, 0x0000000696800000| Complete 
|  82|0x0000000696c00000, 0x0000000697000000, 0x0000000697000000|100%| E|CS|TAMS 0x0000000696c00000, 0x0000000696c00000| Complete 
|  83|0x0000000697000000, 0x0000000697400000, 0x0000000697400000|100%| S|CS|TAMS 0x0000000697000000, 0x0000000697000000| Complete 
|  84|0x0000000697400000, 0x0000000697800000, 0x0000000697800000|100%| S|CS|TAMS 0x0000000697400000, 0x0000000697400000| Complete 
|  85|0x0000000697800000, 0x0000000697c00000, 0x0000000697c00000|100%| E|CS|TAMS 0x0000000697800000, 0x0000000697800000| Complete 
|  86|0x0000000697c00000, 0x0000000698000000, 0x0000000698000000|100%| E|CS|TAMS 0x0000000697c00000, 0x0000000697c00000| Complete 
|  87|0x0000000698000000, 0x0000000698400000, 0x0000000698400000|100%| E|CS|TAMS 0x0000000698000000, 0x0000000698000000| Complete 
|  88|0x0000000698400000, 0x0000000698800000, 0x0000000698800000|100%| E|CS|TAMS 0x0000000698400000, 0x0000000698400000| Complete 
|  89|0x0000000698800000, 0x0000000698c00000, 0x0000000698c00000|100%| E|CS|TAMS 0x0000000698800000, 0x0000000698800000| Complete 
|  90|0x0000000698c00000, 0x0000000699000000, 0x0000000699000000|100%| E|CS|TAMS 0x0000000698c00000, 0x0000000698c00000| Complete 
|  91|0x0000000699000000, 0x0000000699400000, 0x0000000699400000|100%| E|CS|TAMS 0x0000000699000000, 0x0000000699000000| Complete 
|  92|0x0000000699400000, 0x0000000699800000, 0x0000000699800000|100%| E|CS|TAMS 0x0000000699400000, 0x0000000699400000| Complete 
|  93|0x0000000699800000, 0x0000000699c00000, 0x0000000699c00000|100%| E|CS|TAMS 0x0000000699800000, 0x0000000699800000| Complete 
|  94|0x0000000699c00000, 0x000000069a000000, 0x000000069a000000|100%| E|CS|TAMS 0x0000000699c00000, 0x0000000699c00000| Complete 
|  95|0x000000069a000000, 0x000000069a400000, 0x000000069a400000|100%| E|CS|TAMS 0x000000069a000000, 0x000000069a000000| Complete 

Card table byte_map: [0x0000026e3d570000,0x0000026e3e160000] _byte_map_base: 0x0000026e3a15e000

Marking Bits (Prev, Next): (CMBitMap*) 0x0000026e239f06b0, (CMBitMap*) 0x0000026e239f06f0
 Prev Bits: [0x0000026e3ed50000, 0x0000026e44cc0000)
 Next Bits: [0x0000026e44cc0000, 0x0000026e4ac30000)

Polling page: 0x0000026e23a70000

Metaspace:

Usage:
  Non-class:     15.93 MB used.
      Class:      2.61 MB used.
       Both:     18.54 MB used.

Virtual space:
  Non-class space:       24.00 MB reserved,      16.06 MB ( 67%) committed,  3 nodes.
      Class space:        1.00 GB reserved,       2.75 MB ( <1%) committed,  1 nodes.
             Both:        1.02 GB reserved,      18.81 MB (  2%) committed. 

Chunk freelists:
   Non-Class:  3.72 MB
       Class:  1.13 MB
        Both:  4.85 MB

MaxMetaspaceSize: unlimited
CompressedClassSpaceSize: 1.00 GB
Initial GC threshold: 21.00 MB
Current GC threshold: 21.00 MB
CDS: on
MetaspaceReclaimPolicy: balanced
 - commit_granule_bytes: 65536.
 - commit_granule_words: 8192.
 - virtual_space_node_default_size: 1048576.
 - enlarge_chunks_in_place: 1.
 - new_chunks_are_fully_committed: 0.
 - uncommit_free_chunks: 1.
 - use_allocation_guard: 0.
 - handle_deallocations: 1.


Internal statistics:

num_allocs_failed_limit: 0.
num_arena_births: 250.
num_arena_deaths: 0.
num_vsnodes_births: 4.
num_vsnodes_deaths: 0.
num_space_committed: 301.
num_space_uncommitted: 0.
num_chunks_returned_to_freelist: 0.
num_chunks_taken_from_freelist: 932.
num_chunk_merges: 0.
num_chunk_splits: 642.
num_chunks_enlarged: 499.
num_purges: 0.
num_inconsistent_stats: 0.

CodeHeap 'non-profiled nmethods': size=119168Kb used=2918Kb max_used=2918Kb free=116249Kb
 bounds [0x0000026e34570000, 0x0000026e34850000, 0x0000026e3b9d0000]
CodeHeap 'profiled nmethods': size=119104Kb used=11761Kb max_used=11761Kb free=107342Kb
 bounds [0x0000026e2d120000, 0x0000026e2dca0000, 0x0000026e34570000]
CodeHeap 'non-nmethods': size=7488Kb used=1432Kb max_used=3194Kb free=6055Kb
 bounds [0x0000026e2c9d0000, 0x0000026e2cd00000, 0x0000026e2d120000]
 total_blobs=6125 nmethods=5332 adapters=704
 compilation: enabled
              stopped_count=0, restarted_count=0
 full_count=0

Compilation events (20 events):
Event: 40.866 Thread 0x0000026e4dc69ef0 nmethod 5325 0x0000026e2dc85890 code [0x0000026e2dc85a40, 0x0000026e2dc85d08]
Event: 40.866 Thread 0x0000026e4dc69ef0 5326       3       java.util.stream.ReduceOps$3::makeSink (5 bytes)
Event: 40.866 Thread 0x0000026e4dc69ef0 nmethod 5326 0x0000026e2dc85e10 code [0x0000026e2dc85fc0, 0x0000026e2dc86108]
Event: 40.866 Thread 0x0000026e4dc69ef0 5327       3       java.util.stream.ReduceOps$3::makeSink (20 bytes)
Event: 40.867 Thread 0x0000026e4dc69ef0 nmethod 5327 0x0000026e2dc86190 code [0x0000026e2dc86340, 0x0000026e2dc86718]
Event: 40.867 Thread 0x0000026e4dc69ef0 5328       3       java.util.stream.ReduceOps$3ReducingSink::<init> (20 bytes)
Event: 40.867 Thread 0x0000026e4dc69ef0 nmethod 5328 0x0000026e2dc86810 code [0x0000026e2dc869c0, 0x0000026e2dc86cb8]
Event: 40.875 Thread 0x0000026e4dc69ef0 5329       3       com.sun.glass.ui.Window::getX (8 bytes)
Event: 40.876 Thread 0x0000026e4dc69ef0 nmethod 5329 0x0000026e2dc86d90 code [0x0000026e2dc86f60, 0x0000026e2dc872b8]
Event: 40.876 Thread 0x0000026e4dc69ef0 5330       3       com.sun.glass.ui.Window::getY (8 bytes)
Event: 40.876 Thread 0x0000026e4dc69ef0 nmethod 5330 0x0000026e2dc87410 code [0x0000026e2dc875e0, 0x0000026e2dc87938]
Event: 42.306 Thread 0x0000026e4dc69ef0 5331       1       com.sun.scenario.animation.shared.ClipEnvelope::getCurrentRate (5 bytes)
Event: 42.306 Thread 0x0000026e4dc69ef0 nmethod 5331 0x0000026e34849290 code [0x0000026e34849420, 0x0000026e348494f8]
Event: 42.315 Thread 0x0000026e4dc69ef0 5332       3       javafx.scene.CssStyleHelper::lookupFont (1235 bytes)
Event: 42.325 Thread 0x0000026e4dc69ef0 nmethod 5332 0x0000026e2dc87a90 code [0x0000026e2dc88f00, 0x0000026e2dc96798]
Event: 42.325 Thread 0x0000026e4dc69ef0 5333       3       com.sun.javafx.tk.quantum.PaintCollector::addDirtyScene (92 bytes)
Event: 42.326 Thread 0x0000026e4dc69ef0 nmethod 5333 0x0000026e2dc9b610 code [0x0000026e2dc9b840, 0x0000026e2dc9c228]
Event: 42.379 Thread 0x0000026e4dc60430 5334       4       java.util.WeakHashMap::putAll (133 bytes)
Event: 42.387 Thread 0x0000026e4dc69ef0 5335       1       com.sun.glass.ui.Window::getRawHandle (5 bytes)
Event: 42.387 Thread 0x0000026e4dc69ef0 nmethod 5335 0x0000026e34849590 code [0x0000026e34849720, 0x0000026e348497f8]

GC Heap History (4 events):
Event: 0.298 GC heap before
{Heap before GC invocations=0 (full 0):
 garbage-first heap   total 393216K, used 16384K [0x0000000682400000, 0x0000000800000000)
  region size 4096K, 5 young (20480K), 0 survivors (0K)
 Metaspace       used 4505K, committed 4608K, reserved 1056768K
  class space    used 512K, committed 576K, reserved 1048576K
}
Event: 0.299 GC heap after
{Heap after GC invocations=1 (full 0):
 garbage-first heap   total 393216K, used 2792K [0x0000000682400000, 0x0000000800000000)
  region size 4096K, 1 young (4096K), 1 survivors (4096K)
 Metaspace       used 4505K, committed 4608K, reserved 1056768K
  class space    used 512K, committed 576K, reserved 1048576K
}
Event: 2.118 GC heap before
{Heap before GC invocations=1 (full 0):
 garbage-first heap   total 393216K, used 47848K [0x0000000682400000, 0x0000000800000000)
  region size 4096K, 11 young (45056K), 1 survivors (4096K)
 Metaspace       used 14205K, committed 14400K, reserved 1064960K
  class space    used 2066K, committed 2176K, reserved 1048576K
}
Event: 2.122 GC heap after
{Heap after GC invocations=2 (full 0):
 garbage-first heap   total 393216K, used 16602K [0x0000000682400000, 0x0000000800000000)
  region size 4096K, 2 young (8192K), 2 survivors (8192K)
 Metaspace       used 14205K, committed 14400K, reserved 1064960K
  class space    used 2066K, committed 2176K, reserved 1048576K
}

Deoptimization events (20 events):
Event: 38.511 Thread 0x0000026e4ed23bf0 Uncommon trap: trap_request=0xffffff45 fr.pc=0x0000026e347b9700 relative=0x000000000000af00
Event: 38.511 Thread 0x0000026e4ed23bf0 Uncommon trap: reason=unstable_if action=reinterpret pc=0x0000026e347b9700 method=javafx.scene.CssStyleHelper.transitionToState(Ljavafx/scene/Node;)V @ 4 c2
Event: 38.511 Thread 0x0000026e4ed23bf0 DEOPT PACKING pc=0x0000026e347b9700 sp=0x000000f6d2ff8cf0
Event: 38.511 Thread 0x0000026e4ed23bf0 DEOPT UNPACKING pc=0x0000026e2ca223a3 sp=0x000000f6d2ff8c60 mode 2
Event: 38.511 Thread 0x0000026e4ed23bf0 Uncommon trap: trap_request=0xffffff45 fr.pc=0x0000026e3481a30c relative=0x000000000000a48c
Event: 38.511 Thread 0x0000026e4ed23bf0 Uncommon trap: reason=unstable_if action=reinterpret pc=0x0000026e3481a30c method=javafx.scene.CssStyleHelper.getCachedFont(Ljavafx/css/Styleable;)Lcom/sun/javafx/css/CalculatedValue; @ 32 c2
Event: 38.511 Thread 0x0000026e4ed23bf0 DEOPT PACKING pc=0x0000026e3481a30c sp=0x000000f6d2ff8a50
Event: 38.511 Thread 0x0000026e4ed23bf0 DEOPT UNPACKING pc=0x0000026e2ca223a3 sp=0x000000f6d2ff89b8 mode 2
Event: 38.511 Thread 0x0000026e4ed23bf0 Uncommon trap: trap_request=0xffffffc6 fr.pc=0x0000026e347d52a0 relative=0x0000000000001dc0
Event: 38.511 Thread 0x0000026e4ed23bf0 Uncommon trap: reason=bimorphic_or_optimized_type_check action=maybe_recompile pc=0x0000026e347d52a0 method=javafx.css.CompoundSelector.stateMatches(Ljavafx/css/Styleable;Ljava/util/Set;I)Z @ 160 c2
Event: 38.511 Thread 0x0000026e4ed23bf0 DEOPT PACKING pc=0x0000026e347d52a0 sp=0x000000f6d2ff8960
Event: 38.511 Thread 0x0000026e4ed23bf0 DEOPT UNPACKING pc=0x0000026e2ca223a3 sp=0x000000f6d2ff8908 mode 2
Event: 38.511 Thread 0x0000026e4ed23bf0 Uncommon trap: trap_request=0xffffffc6 fr.pc=0x0000026e347d52a0 relative=0x0000000000001dc0
Event: 38.511 Thread 0x0000026e4ed23bf0 Uncommon trap: reason=bimorphic_or_optimized_type_check action=maybe_recompile pc=0x0000026e347d52a0 method=javafx.css.CompoundSelector.stateMatches(Ljavafx/css/Styleable;Ljava/util/Set;I)Z @ 160 c2
Event: 38.511 Thread 0x0000026e4ed23bf0 DEOPT PACKING pc=0x0000026e347d52a0 sp=0x000000f6d2ff8960
Event: 38.511 Thread 0x0000026e4ed23bf0 DEOPT UNPACKING pc=0x0000026e2ca223a3 sp=0x000000f6d2ff8908 mode 2
Event: 42.393 Thread 0x0000026e5d0ac700 Uncommon trap: trap_request=0xffffff45 fr.pc=0x0000026e347f8348 relative=0x00000000000000c8
Event: 42.393 Thread 0x0000026e5d0ac700 Uncommon trap: reason=unstable_if action=reinterpret pc=0x0000026e347f8348 method=java.util.concurrent.locks.ReentrantLock$Sync.tryRelease(I)Z @ 26 c2
Event: 42.393 Thread 0x0000026e5d0ac700 DEOPT PACKING pc=0x0000026e347f8348 sp=0x000000f6d22ff070
Event: 42.393 Thread 0x0000026e5d0ac700 DEOPT UNPACKING pc=0x0000026e2ca223a3 sp=0x000000f6d22ff010 mode 2

Classes unloaded (0 events):
No events

Classes redefined (0 events):
No events

Internal exceptions (20 events):
Event: 0.609 Thread 0x0000026e4ed23bf0 Exception <a 'java/lang/NoSuchMethodError'{0x00000006984bb608}: 'java.lang.Object java.lang.invoke.DirectMethodHandle$Holder.newInvokeSpecial(java.lang.Object, java.lang.Object, int)'> (0x00000006984bb608) 
thrown [t:\workspace\open\src\hotspot\share\interpreter\linkResolver.cpp, line 766]
Event: 0.624 Thread 0x0000026e4f2a01b0 Exception <a 'java/lang/NoSuchMethodError'{0x000000069864ddc8}: 'int java.lang.invoke.DirectMethodHandle$Holder.invokeStaticInit(java.lang.Object, java.lang.Object)'> (0x000000069864ddc8) 
thrown [t:\workspace\open\src\hotspot\share\interpreter\linkResolver.cpp, line 766]
Event: 1.932 Thread 0x0000026e4ed23bf0 Exception <a 'java/lang/NoSuchMethodError'{0x00000006982eac70}: 'long java.lang.invoke.DirectMethodHandle$Holder.invokeStatic(java.lang.Object, java.lang.Object, java.lang.Object)'> (0x00000006982eac70) 
thrown [t:\workspace\open\src\hotspot\share\interpreter\linkResolver.cpp, line 766]
Event: 1.932 Thread 0x0000026e4ed23bf0 Exception <a 'java/lang/NoSuchMethodError'{0x00000006982ee418}: 'long java.lang.invoke.DirectMethodHandle$Holder.invokeStaticInit(java.lang.Object, java.lang.Object, java.lang.Object)'> (0x00000006982ee418) 
thrown [t:\workspace\open\src\hotspot\share\interpreter\linkResolver.cpp, line 766]
Event: 1.933 Thread 0x0000026e4ed23bf0 Exception <a 'java/lang/NoSuchMethodError'{0x0000000698306020}: 'java.lang.Object java.lang.invoke.DirectMethodHandle$Holder.newInvokeSpecial(java.lang.Object, java.lang.Object, long)'> (0x0000000698306020) 
thrown [t:\workspace\open\src\hotspot\share\interpreter\linkResolver.cpp, line 766]
Event: 1.933 Thread 0x0000026e4ed23bf0 Exception <a 'java/lang/NoSuchMethodError'{0x0000000698309b90}: 'java.lang.Object java.lang.invoke.Invokers$Holder.linkToTargetMethod(java.lang.Object, long, java.lang.Object)'> (0x0000000698309b90) 
thrown [t:\workspace\open\src\hotspot\share\interpreter\linkResolver.cpp, line 766]
Event: 2.064 Thread 0x0000026e4ed23bf0 Exception <a 'java/lang/ClassNotFoundException'{0x0000000697eec848}: com/sun/javafx/scene/control/skin/resources/controls> (0x0000000697eec848) 
thrown [t:\workspace\open\src\hotspot\share\prims\jni.cpp, line 535]
Event: 2.065 Thread 0x0000026e4ed23bf0 Exception <a 'java/lang/ClassNotFoundException'{0x0000000697efaae0}: com/sun/javafx/scene/control/skin/resources/controls_es> (0x0000000697efaae0) 
thrown [t:\workspace\open\src\hotspot\share\prims\jni.cpp, line 535]
Event: 2.065 Thread 0x0000026e4ed23bf0 Exception <a 'java/lang/ClassNotFoundException'{0x0000000697f08a38}: com/sun/javafx/scene/control/skin/resources/controls_es_CO> (0x0000000697f08a38) 
thrown [t:\workspace\open\src\hotspot\share\prims\jni.cpp, line 535]
Event: 2.965 Thread 0x0000026e4ed23bf0 Exception <a 'java/lang/NoSuchMethodError'{0x00000006994a34b0}: 'void java.lang.invoke.DirectMethodHandle$Holder.invokeSpecial(java.lang.Object, java.lang.Object, java.lang.Object, java.lang.Object, java.lang.Object, java.lang.Object)'> (0x00000006994a34b0) 
thrown [t:\workspace\open\src\hotspot\share\interpreter\linkResolver.cpp, line 766]
Event: 2.987 Thread 0x0000026e4ed23bf0 Exception <a 'java/lang/NoSuchMethodError'{0x00000006996c7750}: 'void java.lang.invoke.DirectMethodHandle$Holder.invokeSpecialIFC(java.lang.Object, java.lang.Object, java.lang.Object, java.lang.Object)'> (0x00000006996c7750) 
thrown [t:\workspace\open\src\hotspot\share\interpreter\linkResolver.cpp, line 766]
Event: 2.996 Thread 0x0000026e4ed23bf0 Exception <a 'java/lang/NoSuchMethodError'{0x00000006997da468}: 'int java.lang.invoke.DirectMethodHandle$Holder.invokeSpecial(java.lang.Object, java.lang.Object, int)'> (0x00000006997da468) 
thrown [t:\workspace\open\src\hotspot\share\interpreter\linkResolver.cpp, line 766]
Event: 8.008 Thread 0x0000026e4f2a01b0 Exception <a 'java/lang/NoSuchMethodError'{0x0000000699cfbac0}: 'java.lang.Object java.lang.invoke.DirectMethodHandle$Holder.invokeStaticInit(java.lang.Object, int)'> (0x0000000699cfbac0) 
thrown [t:\workspace\open\src\hotspot\share\interpreter\linkResolver.cpp, line 766]
Event: 18.335 Thread 0x0000026e4ed23bf0 Exception <a 'java/lang/NoSuchMethodError'{0x00000006985d5a98}: 'java.lang.Object java.lang.invoke.DirectMethodHandle$Holder.newInvokeSpecial(java.lang.Object, java.lang.Object, int, int, int, int, int, java.lang.Object)'> (0x00000006985d5a98) 
thrown [t:\workspace\open\src\hotspot\share\interpreter\linkResolver.cpp, line 766]
Event: 18.336 Thread 0x0000026e4ed23bf0 Exception <a 'java/lang/NoSuchMethodError'{0x00000006985e9a68}: 'java.lang.Object java.lang.invoke.DirectMethodHandle$Holder.newInvokeSpecial(java.lang.Object, java.lang.Object, java.lang.Object, int, int, int, int, int)'> (0x00000006985e9a68) 
thrown [t:\workspace\open\src\hotspot\share\interpreter\linkResolver.cpp, line 766]
Event: 18.336 Thread 0x0000026e4ed23bf0 Exception <a 'java/lang/NoSuchMethodError'{0x00000006985f22b8}: 'java.lang.Object java.lang.invoke.Invokers$Holder.linkToTargetMethod(java.lang.Object, java.lang.Object, int, int, int, int, int, java.lang.Object)'> (0x00000006985f22b8) 
thrown [t:\workspace\open\src\hotspot\share\interpreter\linkResolver.cpp, line 766]
Event: 19.921 Thread 0x0000026e4ed23bf0 Exception <a 'java/lang/NoSuchMethodError'{0x0000000697ae5bf8}: 'int java.lang.invoke.DirectMethodHandle$Holder.invokeVirtual(java.lang.Object, java.lang.Object)'> (0x0000000697ae5bf8) 
thrown [t:\workspace\open\src\hotspot\share\interpreter\linkResolver.cpp, line 766]
Event: 19.921 Thread 0x0000026e4ed23bf0 Exception <a 'java/lang/NoSuchMethodError'{0x0000000697aec880}: 'void java.lang.invoke.DirectMethodHandle$Holder.invokeVirtual(java.lang.Object, java.lang.Object, int)'> (0x0000000697aec880) 
thrown [t:\workspace\open\src\hotspot\share\interpreter\linkResolver.cpp, line 766]
Event: 38.511 Thread 0x0000026e4ed23bf0 Implicit null exception at 0x0000026e347ae836 to 0x0000026e347b96e4
Event: 38.511 Thread 0x0000026e4ed23bf0 Implicit null exception at 0x0000026e34810760 to 0x0000026e3481a28c

VM Operations (20 events):
Event: 23.924 Executing VM operation: Cleanup done
Event: 25.924 Executing VM operation: Cleanup
Event: 25.924 Executing VM operation: Cleanup done
Event: 26.925 Executing VM operation: Cleanup
Event: 26.925 Executing VM operation: Cleanup done
Event: 28.925 Executing VM operation: Cleanup
Event: 28.925 Executing VM operation: Cleanup done
Event: 30.925 Executing VM operation: Cleanup
Event: 30.925 Executing VM operation: Cleanup done
Event: 32.925 Executing VM operation: Cleanup
Event: 32.925 Executing VM operation: Cleanup done
Event: 35.925 Executing VM operation: Cleanup
Event: 35.925 Executing VM operation: Cleanup done
Event: 37.926 Executing VM operation: Cleanup
Event: 37.926 Executing VM operation: Cleanup done
Event: 38.926 Executing VM operation: Cleanup
Event: 38.926 Executing VM operation: Cleanup done
Event: 40.926 Executing VM operation: Cleanup
Event: 40.926 Executing VM operation: Cleanup done
Event: 42.394 Executing VM operation: Exit

Events (20 events):
Event: 21.691 Thread 0x0000026e4fc30fd0 Thread exited: 0x0000026e4fc30fd0
Event: 21.691 Thread 0x0000026e4fc319f0 Thread exited: 0x0000026e4fc319f0
Event: 23.808 loading class java/text/StringCharacterIterator
Event: 23.808 loading class java/text/StringCharacterIterator done
Event: 26.572 Thread 0x0000026e4fc319f0 Thread added: 0x0000026e4fc319f0
Event: 26.757 Thread 0x0000026e4fc319f0 Thread exited: 0x0000026e4fc319f0
Event: 31.475 Thread 0x0000026e4fc33340 Thread added: 0x0000026e4fc33340
Event: 31.476 Thread 0x0000026e4fc319f0 Thread added: 0x0000026e4fc319f0
Event: 31.480 Thread 0x0000026e4fc314e0 Thread added: 0x0000026e4fc314e0
Event: 31.492 Thread 0x0000026e4fc31f00 Thread added: 0x0000026e4fc31f00
Event: 31.492 Thread 0x0000026e4fc305b0 Thread added: 0x0000026e4fc305b0
Event: 33.448 Thread 0x0000026e4fc319f0 Thread exited: 0x0000026e4fc319f0
Event: 33.448 Thread 0x0000026e4fc33340 Thread exited: 0x0000026e4fc33340
Event: 33.448 Thread 0x0000026e4fc31f00 Thread exited: 0x0000026e4fc31f00
Event: 33.448 Thread 0x0000026e4fc305b0 Thread exited: 0x0000026e4fc305b0
Event: 33.496 Thread 0x0000026e4fc314e0 Thread exited: 0x0000026e4fc314e0
Event: 42.393 Thread 0x0000026e5d0ada40 Thread added: 0x0000026e5d0ada40
Event: 42.393 Thread 0x0000026e5d0ac700 Thread added: 0x0000026e5d0ac700
Event: 42.393 Thread 0x0000026e5d0ada40 Thread exited: 0x0000026e5d0ada40
Event: 42.393 Thread 0x0000026e5d0ac700 Thread exited: 0x0000026e5d0ac700


Dynamic libraries:
0x00007ff6c38d0000 - 0x00007ff6c38e0000 	C:\Program Files\Java\jdk-17.0.2\bin\java.exe
0x00007ff95ca40000 - 0x00007ff95cc49000 	C:\Windows\SYSTEM32\ntdll.dll
0x00007ff95ada0000 - 0x00007ff95ae5d000 	C:\Windows\System32\KERNEL32.DLL
0x00007ff95a280000 - 0x00007ff95a5f9000 	C:\Windows\System32\KERNELBASE.dll
0x00007ff95a630000 - 0x00007ff95a741000 	C:\Windows\System32\ucrtbase.dll
0x00007ff951430000 - 0x00007ff95144a000 	C:\Program Files\Java\jdk-17.0.2\bin\VCRUNTIME140.dll
0x00007ff92f460000 - 0x00007ff92f478000 	C:\Program Files\Java\jdk-17.0.2\bin\jli.dll
0x00007ff95c5e0000 - 0x00007ff95c68e000 	C:\Windows\System32\ADVAPI32.dll
0x00007ff95c530000 - 0x00007ff95c5d3000 	C:\Windows\System32\msvcrt.dll
0x00007ff95c2b0000 - 0x00007ff95c34e000 	C:\Windows\System32\sechost.dll
0x00007ff95b080000 - 0x00007ff95b1a0000 	C:\Windows\System32\RPCRT4.dll
0x00007ff95c700000 - 0x00007ff95c8ac000 	C:\Windows\System32\USER32.dll
0x00007ff94b670000 - 0x00007ff94b915000 	C:\Windows\WinSxS\amd64_microsoft.windows.common-controls_6595b64144ccf1df_6.0.22000.120_none_9d947278b86cc467\COMCTL32.dll
0x00007ff95a600000 - 0x00007ff95a626000 	C:\Windows\System32\win32u.dll
0x00007ff95b9d0000 - 0x00007ff95b9f9000 	C:\Windows\System32\GDI32.dll
0x00007ff959f30000 - 0x00007ff95a042000 	C:\Windows\System32\gdi32full.dll
0x00007ff95a7c0000 - 0x00007ff95a85d000 	C:\Windows\System32\msvcp_win.dll
0x00007ff9517b0000 - 0x00007ff9517ba000 	C:\Windows\SYSTEM32\VERSION.dll
0x00007ff95a8e0000 - 0x00007ff95a911000 	C:\Windows\System32\IMM32.DLL
0x00007ff930760000 - 0x00007ff93076c000 	C:\Program Files\Java\jdk-17.0.2\bin\vcruntime140_1.dll
0x00007ff8d9b90000 - 0x00007ff8d9c1d000 	C:\Program Files\Java\jdk-17.0.2\bin\msvcp140.dll
0x00007ff8c5e20000 - 0x00007ff8c69e1000 	C:\Program Files\Java\jdk-17.0.2\bin\server\jvm.dll
0x00007ff95b070000 - 0x00007ff95b078000 	C:\Windows\System32\PSAPI.DLL
0x00007ff951450000 - 0x00007ff951459000 	C:\Windows\SYSTEM32\WSOCK32.dll
0x00007ff953440000 - 0x00007ff953473000 	C:\Windows\SYSTEM32\WINMM.dll
0x00007ff95b960000 - 0x00007ff95b9cf000 	C:\Windows\System32\WS2_32.dll
0x00007ff959120000 - 0x00007ff959138000 	C:\Windows\SYSTEM32\kernel.appcore.dll
0x00007ff930750000 - 0x00007ff93075a000 	C:\Program Files\Java\jdk-17.0.2\bin\jimage.dll
0x00007ff9575c0000 - 0x00007ff9577e1000 	C:\Windows\SYSTEM32\DBGHELP.DLL
0x00007ff9435e0000 - 0x00007ff943611000 	C:\Windows\SYSTEM32\dbgcore.DLL
0x00007ff95a860000 - 0x00007ff95a8df000 	C:\Windows\System32\bcryptPrimitives.dll
0x00007ff925c90000 - 0x00007ff925cb5000 	C:\Program Files\Java\jdk-17.0.2\bin\java.dll
0x00007ff8d9c20000 - 0x00007ff8d9cf6000 	C:\Program Files\Java\jdk-17.0.2\bin\jsvml.dll
0x00007ff95ba00000 - 0x00007ff95c1af000 	C:\Windows\System32\SHELL32.dll
0x00007ff9580b0000 - 0x00007ff958918000 	C:\Windows\SYSTEM32\windows.storage.dll
0x00007ff95a9c0000 - 0x00007ff95ad38000 	C:\Windows\System32\combase.dll
0x00007ff957f40000 - 0x00007ff9580a6000 	C:\Windows\SYSTEM32\wintypes.dll
0x00007ff95c1b0000 - 0x00007ff95c29a000 	C:\Windows\System32\SHCORE.dll
0x00007ff95c8b0000 - 0x00007ff95c90d000 	C:\Windows\System32\shlwapi.dll
0x00007ff959e60000 - 0x00007ff959e81000 	C:\Windows\SYSTEM32\profapi.dll
0x00007ff930560000 - 0x00007ff930579000 	C:\Program Files\Java\jdk-17.0.2\bin\net.dll
0x00007ff954670000 - 0x00007ff95477c000 	C:\Windows\SYSTEM32\WINHTTP.dll
0x00007ff959550000 - 0x00007ff9595b7000 	C:\Windows\system32\mswsock.dll
0x00007ff92f4a0000 - 0x00007ff92f4b6000 	C:\Program Files\Java\jdk-17.0.2\bin\nio.dll
0x00007ff929420000 - 0x00007ff929438000 	C:\Program Files\Java\jdk-17.0.2\bin\zip.dll
0x0000026e4dde0000 - 0x0000026e4dde3000 	C:\Program Files\Java\javafx-sdk-18.0.1\bin\api-ms-win-core-console-l1-1-0.dll
0x0000026e4ddf0000 - 0x0000026e4ddf3000 	C:\Program Files\Java\javafx-sdk-18.0.1\bin\api-ms-win-core-console-l1-2-0.dll
0x0000026e4de00000 - 0x0000026e4de03000 	C:\Program Files\Java\javafx-sdk-18.0.1\bin\api-ms-win-core-datetime-l1-1-0.dll
0x0000026e4de10000 - 0x0000026e4de13000 	C:\Program Files\Java\javafx-sdk-18.0.1\bin\api-ms-win-core-debug-l1-1-0.dll
0x0000026e4de20000 - 0x0000026e4de23000 	C:\Program Files\Java\javafx-sdk-18.0.1\bin\api-ms-win-core-errorhandling-l1-1-0.dll
0x0000026e4de30000 - 0x0000026e4de34000 	C:\Program Files\Java\javafx-sdk-18.0.1\bin\api-ms-win-core-file-l1-1-0.dll
0x0000026e4de40000 - 0x0000026e4de43000 	C:\Program Files\Java\javafx-sdk-18.0.1\bin\api-ms-win-core-file-l1-2-0.dll
0x0000026e4de50000 - 0x0000026e4de53000 	C:\Program Files\Java\javafx-sdk-18.0.1\bin\api-ms-win-core-file-l2-1-0.dll
0x0000026e4de60000 - 0x0000026e4de63000 	C:\Program Files\Java\javafx-sdk-18.0.1\bin\api-ms-win-core-handle-l1-1-0.dll
0x0000026e4de70000 - 0x0000026e4de73000 	C:\Program Files\Java\javafx-sdk-18.0.1\bin\api-ms-win-core-heap-l1-1-0.dll
0x0000026e4de80000 - 0x0000026e4de83000 	C:\Program Files\Java\javafx-sdk-18.0.1\bin\api-ms-win-core-interlocked-l1-1-0.dll
0x0000026e4de90000 - 0x0000026e4de93000 	C:\Program Files\Java\javafx-sdk-18.0.1\bin\api-ms-win-core-libraryloader-l1-1-0.dll
0x0000026e4dea0000 - 0x0000026e4dea3000 	C:\Program Files\Java\javafx-sdk-18.0.1\bin\api-ms-win-core-localization-l1-2-0.dll
0x0000026e4deb0000 - 0x0000026e4deb3000 	C:\Program Files\Java\javafx-sdk-18.0.1\bin\api-ms-win-core-memory-l1-1-0.dll
0x0000026e4dec0000 - 0x0000026e4dec3000 	C:\Program Files\Java\javafx-sdk-18.0.1\bin\api-ms-win-core-namedpipe-l1-1-0.dll
0x0000026e4ded0000 - 0x0000026e4ded3000 	C:\Program Files\Java\javafx-sdk-18.0.1\bin\api-ms-win-core-processenvironment-l1-1-0.dll
0x0000026e4dee0000 - 0x0000026e4dee3000 	C:\Program Files\Java\javafx-sdk-18.0.1\bin\api-ms-win-core-processthreads-l1-1-0.dll
0x0000026e4def0000 - 0x0000026e4def3000 	C:\Program Files\Java\javafx-sdk-18.0.1\bin\api-ms-win-core-processthreads-l1-1-1.dll
0x0000026e4df00000 - 0x0000026e4df03000 	C:\Program Files\Java\javafx-sdk-18.0.1\bin\api-ms-win-core-profile-l1-1-0.dll
0x0000026e4df10000 - 0x0000026e4df13000 	C:\Program Files\Java\javafx-sdk-18.0.1\bin\api-ms-win-core-rtlsupport-l1-1-0.dll
0x0000026e4df20000 - 0x0000026e4df23000 	C:\Program Files\Java\javafx-sdk-18.0.1\bin\api-ms-win-core-string-l1-1-0.dll
0x0000026e4df30000 - 0x0000026e4df33000 	C:\Program Files\Java\javafx-sdk-18.0.1\bin\api-ms-win-core-synch-l1-1-0.dll
0x0000026e4df40000 - 0x0000026e4df43000 	C:\Program Files\Java\javafx-sdk-18.0.1\bin\api-ms-win-core-synch-l1-2-0.dll
0x0000026e4df50000 - 0x0000026e4df53000 	C:\Program Files\Java\javafx-sdk-18.0.1\bin\api-ms-win-core-sysinfo-l1-1-0.dll
0x0000026e4df60000 - 0x0000026e4df63000 	C:\Program Files\Java\javafx-sdk-18.0.1\bin\api-ms-win-core-timezone-l1-1-0.dll
0x0000026e4df70000 - 0x0000026e4df73000 	C:\Program Files\Java\javafx-sdk-18.0.1\bin\api-ms-win-core-util-l1-1-0.dll
0x0000026e4df80000 - 0x0000026e4df83000 	C:\Program Files\Java\javafx-sdk-18.0.1\bin\api-ms-win-crt-conio-l1-1-0.dll
0x0000026e4df90000 - 0x0000026e4df94000 	C:\Program Files\Java\javafx-sdk-18.0.1\bin\api-ms-win-crt-convert-l1-1-0.dll
0x0000026e4dfa0000 - 0x0000026e4dfa3000 	C:\Program Files\Java\javafx-sdk-18.0.1\bin\api-ms-win-crt-environment-l1-1-0.dll
0x0000026e4dfb0000 - 0x0000026e4dfb3000 	C:\Program Files\Java\javafx-sdk-18.0.1\bin\api-ms-win-crt-filesystem-l1-1-0.dll
0x0000026e4dfc0000 - 0x0000026e4dfc3000 	C:\Program Files\Java\javafx-sdk-18.0.1\bin\api-ms-win-crt-heap-l1-1-0.dll
0x0000026e4dfd0000 - 0x0000026e4dfd3000 	C:\Program Files\Java\javafx-sdk-18.0.1\bin\api-ms-win-crt-locale-l1-1-0.dll
0x0000026e4dfe0000 - 0x0000026e4dfe5000 	C:\Program Files\Java\javafx-sdk-18.0.1\bin\api-ms-win-crt-math-l1-1-0.dll
0x0000026e4dff0000 - 0x0000026e4dff5000 	C:\Program Files\Java\javafx-sdk-18.0.1\bin\api-ms-win-crt-multibyte-l1-1-0.dll
0x0000026e503d0000 - 0x0000026e503e0000 	C:\Program Files\Java\javafx-sdk-18.0.1\bin\api-ms-win-crt-private-l1-1-0.dll
0x0000026e503e0000 - 0x0000026e503e3000 	C:\Program Files\Java\javafx-sdk-18.0.1\bin\api-ms-win-crt-process-l1-1-0.dll
0x0000026e503f0000 - 0x0000026e503f4000 	C:\Program Files\Java\javafx-sdk-18.0.1\bin\api-ms-win-crt-runtime-l1-1-0.dll
0x0000026e50400000 - 0x0000026e50404000 	C:\Program Files\Java\javafx-sdk-18.0.1\bin\api-ms-win-crt-stdio-l1-1-0.dll
0x0000026e50410000 - 0x0000026e50414000 	C:\Program Files\Java\javafx-sdk-18.0.1\bin\api-ms-win-crt-string-l1-1-0.dll
0x0000026e50420000 - 0x0000026e50423000 	C:\Program Files\Java\javafx-sdk-18.0.1\bin\api-ms-win-crt-time-l1-1-0.dll
0x0000026e50430000 - 0x0000026e50433000 	C:\Program Files\Java\javafx-sdk-18.0.1\bin\api-ms-win-crt-utility-l1-1-0.dll
0x00007ff91b060000 - 0x00007ff91b15c000 	C:\Program Files\Java\javafx-sdk-18.0.1\bin\ucrtbase.dll
0x00007ff92f410000 - 0x00007ff92f42a000 	C:\Program Files\Java\javafx-sdk-18.0.1\bin\vcruntime140.dll
0x00007ff952e60000 - 0x00007ff952e6c000 	C:\Program Files\Java\javafx-sdk-18.0.1\bin\vcruntime140_1.dll
0x00007ff91aed0000 - 0x00007ff91af5d000 	C:\Program Files\Java\javafx-sdk-18.0.1\bin\msvcp140.dll
0x00007ff92bd10000 - 0x00007ff92bd3c000 	C:\Program Files\Java\javafx-sdk-18.0.1\bin\prism_d3d.dll
0x00007ff94ecd0000 - 0x00007ff94ee76000 	C:\Windows\system32\d3d9.dll
0x00007ff957960000 - 0x00007ff95798f000 	C:\Windows\SYSTEM32\dwmapi.dll
0x00007ff9574a0000 - 0x00007ff9574d8000 	C:\Windows\SYSTEM32\dxcore.dll
0x00007ff957180000 - 0x00007ff95722c000 	C:\Windows\system32\uxtheme.dll
0x00007ff94fdc0000 - 0x00007ff94fec7000 	C:\Windows\System32\DriverStore\FileRepository\nvltig.inf_amd64_ce837e92efe9cbc4\nvldumdx.dll
0x00007ff9597f0000 - 0x00007ff959802000 	C:\Windows\SYSTEM32\msasn1.dll
0x00007ff951750000 - 0x00007ff951781000 	C:\Windows\SYSTEM32\cryptnet.dll
0x00007ff95a050000 - 0x00007ff95a1b2000 	C:\Windows\System32\CRYPT32.dll
0x00007ff94f9e0000 - 0x00007ff94fb29000 	C:\Windows\SYSTEM32\drvstore.dll
0x00007ff959c70000 - 0x00007ff959c9c000 	C:\Windows\SYSTEM32\devobj.dll
0x00007ff959c20000 - 0x00007ff959c6c000 	C:\Windows\SYSTEM32\cfgmgr32.dll
0x00007ff959860000 - 0x00007ff95989d000 	C:\Windows\SYSTEM32\wldp.dll
0x00007ff959790000 - 0x00007ff95979c000 	C:\Windows\SYSTEM32\cryptbase.dll
0x00007ff95a750000 - 0x00007ff95a7b7000 	C:\Windows\System32\WINTRUST.DLL
0x00007ff95c4f0000 - 0x00007ff95c50f000 	C:\Windows\System32\imagehlp.dll
0x00007ff9597a0000 - 0x00007ff9597b8000 	C:\Windows\SYSTEM32\CRYPTSP.dll
0x00007ff959080000 - 0x00007ff9590b5000 	C:\Windows\system32\rsaenh.dll
0x00007ff959910000 - 0x00007ff959937000 	C:\Windows\SYSTEM32\bcrypt.dll
0x00007ff8daef0000 - 0x00007ff8dc678000 	C:\Windows\System32\DriverStore\FileRepository\nvltig.inf_amd64_ce837e92efe9cbc4\nvd3dumx.dll
0x00007ff953ac0000 - 0x00007ff953b04000 	C:\Windows\SYSTEM32\directxdatabasehelper.dll
0x00007ff957820000 - 0x00007ff957854000 	C:\Windows\SYSTEM32\ntmarta.dll
0x00007ff91ff10000 - 0x00007ff91ff52000 	C:\Program Files\Java\javafx-sdk-18.0.1\bin\glass.dll
0x00007ff95c910000 - 0x00007ff95c9fc000 	C:\Windows\System32\COMDLG32.dll
0x00007ff95c350000 - 0x00007ff95c4ea000 	C:\Windows\System32\ole32.dll
0x00007ff95b1a0000 - 0x00007ff95b276000 	C:\Windows\System32\OLEAUT32.dll
0x00007ff95af50000 - 0x00007ff95b06e000 	C:\Windows\System32\MSCTF.dll
0x00007ff8dc9a0000 - 0x00007ff8dcc63000 	C:\Windows\system32\nvspcap64.dll
0x00007ff9595e0000 - 0x00007ff959604000 	C:\Windows\SYSTEM32\gpapi.dll
0x00007ff9297a0000 - 0x00007ff9297b4000 	C:\Program Files\Java\javafx-sdk-18.0.1\bin\javafx_font.dll
0x00007ff935810000 - 0x00007ff935a6f000 	C:\Windows\SYSTEM32\dwrite.dll
0x00007ff95b280000 - 0x00007ff95b32f000 	C:\Windows\System32\clbcatq.dll
0x00007ff951860000 - 0x00007ff951a0e000 	C:\Windows\SYSTEM32\WindowsCodecs.dll
0x00007ff933380000 - 0x00007ff9333dd000 	C:\Windows\system32\dataexchange.dll
0x00007ff950bb0000 - 0x00007ff950e16000 	C:\Windows\system32\twinapi.appcore.dll
0x00007ff921c40000 - 0x00007ff921c72000 	C:\Program Files\Common Files\Microsoft Shared\Ink\rtscom.dll
0x00007ff93c230000 - 0x00007ff93c35d000 	C:\Windows\SYSTEM32\textinputframework.dll
0x00007ff956ca0000 - 0x00007ff956dd2000 	C:\Windows\SYSTEM32\CoreMessaging.dll

dbghelp: loaded successfully - version: 4.0.5 - missing functions: none
symbol engine: initialized successfully - sym options: 0x614 - pdb path: .;C:\Program Files\Java\jdk-17.0.2\bin;C:\Windows\SYSTEM32;C:\Windows\WinSxS\amd64_microsoft.windows.common-controls_6595b64144ccf1df_6.0.22000.120_none_9d947278b86cc467;C:\Program Files\Java\jdk-17.0.2\bin\server;C:\Program Files\Java\javafx-sdk-18.0.1\bin;C:\Windows\System32\DriverStore\FileRepository\nvltig.inf_amd64_ce837e92efe9cbc4;C:\Program Files\Common Files\Microsoft Shared\Ink

VM Arguments:
jvm_args: -Dfile.encoding=UTF-8 --add-modules=javafx.controls,javafx.fxml --module-path=C:\Users\juanc\OneDrive\Documentos\Universidad 3\POO\SEATORA\build\classes;C:\Program Files\Java\javafx-sdk-18.0.1\lib\javafx-swt.jar;C:\Program Files\Java\javafx-sdk-18.0.1\lib\javafx.base.jar;C:\Program Files\Java\javafx-sdk-18.0.1\lib\javafx.controls.jar;C:\Program Files\Java\javafx-sdk-18.0.1\lib\javafx.fxml.jar;C:\Program Files\Java\javafx-sdk-18.0.1\lib\javafx.graphics.jar;C:\Program Files\Java\javafx-sdk-18.0.1\lib\javafx.media.jar;C:\Program Files\Java\javafx-sdk-18.0.1\lib\javafx.swing.jar;C:\Program Files\Java\javafx-sdk-18.0.1\lib\javafx.web.jar 
java_command: start.Seatora
java_class_path (initial): C:\Program Files\Java\javafx-sdk-18.0.1\lib\javafx-swt.jar;C:\Program Files\Java\javafx-sdk-18.0.1\lib\javafx.base.jar;C:\Program Files\Java\javafx-sdk-18.0.1\lib\javafx.controls.jar;C:\Program Files\Java\javafx-sdk-18.0.1\lib\javafx.fxml.jar;C:\Program Files\Java\javafx-sdk-18.0.1\lib\javafx.graphics.jar;C:\Program Files\Java\javafx-sdk-18.0.1\lib\javafx.media.jar;C:\Program Files\Java\javafx-sdk-18.0.1\lib\javafx.swing.jar;C:\Program Files\Java\javafx-sdk-18.0.1\lib\javafx.web.jar;C:\Users\juanc\OneDrive\Documentos\Universidad 3\POO\SEATORA\build\classes
Launcher Type: SUN_STANDARD

[Global flags]
     intx CICompilerCount                          = 12                                        {product} {ergonomic}
     uint ConcGCThreads                            = 3                                         {product} {ergonomic}
     uint G1ConcRefinementThreads                  = 13                                        {product} {ergonomic}
   size_t G1HeapRegionSize                         = 4194304                                   {product} {ergonomic}
    uintx GCDrainStackTargetSize                   = 64                                        {product} {ergonomic}
   size_t InitialHeapSize                          = 402653184                                 {product} {ergonomic}
   size_t MarkStackSize                            = 4194304                                   {product} {ergonomic}
   size_t MaxHeapSize                              = 6404702208                                {product} {ergonomic}
   size_t MaxNewSize                               = 3841982464                                {product} {ergonomic}
   size_t MinHeapDeltaBytes                        = 4194304                                   {product} {ergonomic}
   size_t MinHeapSize                              = 8388608                                   {product} {ergonomic}
    uintx NonNMethodCodeHeapSize                   = 7602480                                {pd product} {ergonomic}
    uintx NonProfiledCodeHeapSize                  = 122027880                              {pd product} {ergonomic}
    uintx ProfiledCodeHeapSize                     = 122027880                              {pd product} {ergonomic}
    uintx ReservedCodeCacheSize                    = 251658240                              {pd product} {ergonomic}
     bool SegmentedCodeCache                       = true                                      {product} {ergonomic}
   size_t SoftMaxHeapSize                          = 6404702208                             {manageable} {ergonomic}
     bool UseCompressedClassPointers               = true                           {product lp64_product} {ergonomic}
     bool UseCompressedOops                        = true                           {product lp64_product} {ergonomic}
     bool UseG1GC                                  = true                                      {product} {ergonomic}
     bool UseLargePagesIndividualAllocation        = false                                  {pd product} {ergonomic}

Logging:
Log output configuration:
 #0: stdout all=off uptime,level,tags
 #1: stderr all=off uptime,level,tags

Environment Variables:
PATH=C:\Program Files\Common Files\Oracle\Java\javapath;C:\Program Files (x86)\Common Files\Oracle\Java\javapath;C:\Windows\system32;C:\Windows;C:\Windows\System32\Wbem;C:\Windows\System32\WindowsPowerShell\v1.0\;C:\Windows\System32\OpenSSH\;C:\Program Files (x86)\NVIDIA Corporation\PhysX\Common;C:\Program Files\NVIDIA Corporation\NVIDIA NvDLISR;C:\Users\juanc\AppData\Local\Microsoft\WindowsApps;;C:\Users\juanc\AppData\Local\Programs\Microsoft VS Code\bin
USERNAME=juanc
OS=Windows_NT
PROCESSOR_IDENTIFIER=AMD64 Family 25 Model 80 Stepping 0, AuthenticAMD



---------------  S Y S T E M  ---------------

OS:
 Windows 11 , 64 bit Build 22000 (10.0.22000.675)
OS uptime: 0 days 3:19 hours

CPU: total 16 (initial active 16) (16 cores per cpu, 2 threads per core) family 25 model 80 stepping 0 microcode 0x0, cx8, cmov, fxsr, ht, mmx, 3dnowpref, sse, sse2, sse3, ssse3, sse4a, sse4.1, sse4.2, popcnt, lzcnt, tsc, tscinvbit, avx, avx2, aes, erms, clmul, bmi1, bmi2, adx, sha, fma, vzeroupper, clflush, clflushopt

Memory: 4k page, system-wide physical 24428M (14381M free)
TotalPageFile size 28012M (AvailPageFile size 13888M)
current process WorkingSet (physical memory assigned to process): 220M, peak: 261M
current process commit charge ("private bytes"): 660M, peak: 710M

vm_info: Java HotSpot(TM) 64-Bit Server VM (17.0.2+8-LTS-86) for windows-amd64 JRE (17.0.2+8-LTS-86), built on Dec  7 2021 21:51:03 by "mach5one" with MS VC++ 16.8 / 16.9 (VS2019)

END.
