#
# A fatal error has been detected by the Java Runtime Environment:
#
#  EXCEPTION_ACCESS_VIOLATION (0xc0000005) at pc=0x00007ffe736962d7, pid=6840, tid=19756
#
# JRE version: Java(TM) SE Runtime Environment (17.0.2+8) (build 17.0.2+8-LTS-86)
# Java VM: Java HotSpot(TM) 64-Bit Server VM (17.0.2+8-LTS-86, mixed mode, sharing, tiered, compressed oops, compressed class ptrs, g1 gc, windows-amd64)
# Problematic frame:
# C  [glass.dll+0x262d7]
#
# No core dump will be written. Minidumps are not enabled by default on client versions of Windows
#
# If you would like to submit a bug report, please visit:
#   https://bugreport.java.com/bugreport/crash.jsp
#

---------------  S U M M A R Y ------------

Command Line: -Dfile.encoding=UTF-8 --add-modules=javafx.controls,javafx.fxml --module-path=C:\Users\juanc\OneDrive\Documentos\Universidad 3\POO\SEATORA\build\classes;C:\Program Files\Java\javafx-sdk-18.0.1\lib\javafx-swt.jar;C:\Program Files\Java\javafx-sdk-18.0.1\lib\javafx.base.jar;C:\Program Files\Java\javafx-sdk-18.0.1\lib\javafx.controls.jar;C:\Program Files\Java\javafx-sdk-18.0.1\lib\javafx.fxml.jar;C:\Program Files\Java\javafx-sdk-18.0.1\lib\javafx.graphics.jar;C:\Program Files\Java\javafx-sdk-18.0.1\lib\javafx.media.jar;C:\Program Files\Java\javafx-sdk-18.0.1\lib\javafx.swing.jar;C:\Program Files\Java\javafx-sdk-18.0.1\lib\javafx.web.jar start.Seatora

Host: AMD Ryzen 7 5800H with Radeon Graphics         , 16 cores, 23G,  Windows 11 , 64 bit Build 22000 (10.0.22000.675)
Time: Thu May 26 08:16:20 2022 Hora est. Pacífico, Sudamérica elapsed time: 24.754638 seconds (0d 0h 0m 24s)

---------------  T H R E A D  ---------------

Current thread (0x00000207bd6dc9a0):  VMThread "VM Thread" [stack: 0x0000008b36600000,0x0000008b36700000] [id=19756]

Stack: [0x0000008b36600000,0x0000008b36700000],  sp=0x0000008b366ff270,  free space=1020k
Native frames: (J=compiled Java code, j=interpreted, Vv=VM code, C=native code)
C  [glass.dll+0x262d7]


siginfo: EXCEPTION_ACCESS_VIOLATION (0xc0000005), reading address 0x0000000000000000


Register to memory mapping:

RIP=0x00007ffe736962d7 glass.dll
RAX=0x0 is NULL
RBX=0x00000207bd6f2678 is a global jni handle
RCX=0x00000207bd6dc9a0 points into unknown readable memory: 0x00007ffe0739e890 | 90 e8 39 07 fe 7f 00 00
RDX=0x0000008b366ff270 points into unknown readable memory: 0x0000000000000000 | 00 00 00 00 00 00 00 00
RSP=0x0000008b366ff270 points into unknown readable memory: 0x0000000000000000 | 00 00 00 00 00 00 00 00
RBP=0x00000207bee5bd78 points into unknown readable memory: 0x000083d62f04e398 | 98 e3 04 2f d6 83 00 00
RSI=0x00000207bee5bd50 points into unknown readable memory: 0xfe73eae0f304e3e7 | e7 e3 04 f3 e0 ea 73 fe
RDI=0x000083d62f04e398 is an unknown value
R8 =0x0000000000010002 is an unknown value
R9 =0x000083d62f04e398 is an unknown value
R10=0x85f13e9656da4870 is an unknown value
R11=0x0000008b366ff200 points into unknown readable memory: 0x00000207bee5bd50 | 50 bd e5 be 07 02 00 00
R12=0x00007ffe73693bc4 glass.dll
R13=0x00007ffe075449d0 jvm.dll
R14=0x0000008b366ff378 points into unknown readable memory: 0x0000008b366ff360 | 60 f3 6f 36 8b 00 00 00
R15=0x00000207bee5bd50 points into unknown readable memory: 0xfe73eae0f304e3e7 | e7 e3 04 f3 e0 ea 73 fe


Registers:
RAX=0x0000000000000000, RBX=0x00000207bd6f2678, RCX=0x00000207bd6dc9a0, RDX=0x0000008b366ff270
RSP=0x0000008b366ff270, RBP=0x00000207bee5bd78, RSI=0x00000207bee5bd50, RDI=0x000083d62f04e398
R8 =0x0000000000010002, R9 =0x000083d62f04e398, R10=0x85f13e9656da4870, R11=0x0000008b366ff200
R12=0x00007ffe73693bc4, R13=0x00007ffe075449d0, R14=0x0000008b366ff378, R15=0x00000207bee5bd50
RIP=0x00007ffe736962d7, EFLAGS=0x0000000000010202

Top of Stack: (sp=0x0000008b366ff270)
0x0000008b366ff270:   0000000000000000 00000207bee5bd50
0x0000008b366ff280:   00007ffe075449d0 00007ffe73693bc4
0x0000008b366ff290:   00000207bee5bd58 00007ffe99cdbea0
0x0000008b366ff2a0:   000083d62f04e398 0000020700000000
0x0000008b366ff2b0:   00000207bee5bd78 00000207bee5bd50
0x0000008b366ff2c0:   fffffffffffffffe 0000000000000000
0x0000008b366ff2d0:   0000000000000001 00007ffe73670000
0x0000008b366ff2e0:   0000008b366ff368 00007ffe99cdbdb7
0x0000008b366ff2f0:   0000000000000000 0000008b366ff378
0x0000008b366ff300:   0000008b366ff650 00007ffe99dc12b0
0x0000008b366ff310:   0000000000000001 00007ffe99cdbd6d
0x0000008b366ff320:   0000000000000000 0000000000000001
0x0000008b366ff330:   0000000000000000 0000008b366ff368
0x0000008b366ff340:   fffffffffffffffe 0000008b00000000
0x0000008b366ff350:   ffffffff00000001 00007ffe73693a51
0x0000008b366ff360:   00007ffe736a9f88 00007ffe00000002 

Instructions: (pc=0x00007ffe736962d7)
0x00007ffe736961d7:   8b 4d 58 e8 2d cf ff ff 48 8b 4d 60 e8 24 cf ff
0x00007ffe736961e7:   ff 48 8b 95 80 00 00 00 48 8b 8d 18 01 00 00 e8
0x00007ffe736961f7:   16 c4 ff ff 33 d2 33 c9 e8 5c e1 ff ff 90 48 89
0x00007ffe73696207:   54 24 10 55 48 83 ec 20 48 8b ea 48 b8 00 00 00
0x00007ffe73696217:   00 00 00 00 00 48 83 c4 20 5d c3 cc 40 55 48 8b
0x00007ffe73696227:   ea 48 8b 01 33 c9 81 38 05 00 00 c0 0f 94 c1 8b
0x00007ffe73696237:   c1 5d c3 cc 40 55 48 83 ec 20 48 8b ea 8a 4d 40
0x00007ffe73696247:   48 83 c4 20 5d e9 17 d3 ff ff cc 40 55 48 83 ec
0x00007ffe73696257:   20 48 8b ea 8a 4d 20 e8 05 d3 ff ff 90 48 83 c4
0x00007ffe73696267:   20 5d c3 cc 40 55 48 83 ec 20 48 8b ea 48 83 c4
0x00007ffe73696277:   20 5d e9 66 d1 ff ff cc 40 55 48 83 ec 30 48 8b
0x00007ffe73696287:   ea 48 8b 01 8b 10 48 89 4c 24 28 89 54 24 20 4c
0x00007ffe73696297:   8d 0d 07 d6 ff ff 4c 8b 45 70 8b 55 68 48 8b 4d
0x00007ffe736962a7:   60 e8 a7 d0 ff ff 90 48 83 c4 30 5d c3 cc cc cc
0x00007ffe736962b7:   cc cc cc cc cc cc cc cc cc 40 53 48 83 ec 20 48
0x00007ffe736962c7:   8b 1d bb 36 01 00 48 85 db 74 16 e8 59 8b ff ff
0x00007ffe736962d7:   4c 8b 00 48 8b d3 48 8b c8 41 ff 90 b0 00 00 00
0x00007ffe736962e7:   90 48 83 c4 20 5b c3 cc cc 40 53 48 83 ec 20 48
0x00007ffe736962f7:   8b 1d 2b 38 01 00 48 85 db 74 57 b8 ff ff ff ff
0x00007ffe73696307:   f0 0f c1 43 10 83 f8 01 75 3d 48 85 db 74 38 48
0x00007ffe73696317:   8b 0b 48 85 c9 74 0d ff 15 84 0f 00 00 48 c7 03
0x00007ffe73696327:   00 00 00 00 48 8b 4b 08 48 85 c9 74 0d e8 d3 cd
0x00007ffe73696337:   ff ff 48 c7 43 08 00 00 00 00 ba 18 00 00 00 48
0x00007ffe73696347:   8b cb e8 be cd ff ff 48 c7 05 cf 37 01 00 00 00
0x00007ffe73696357:   00 00 48 83 c4 20 5b c3 cc 40 53 48 83 ec 20 48
0x00007ffe73696367:   8b 1d 9b 37 01 00 48 85 db 74 57 b8 ff ff ff ff
0x00007ffe73696377:   f0 0f c1 43 10 83 f8 01 75 3d 48 85 db 74 38 48
0x00007ffe73696387:   8b 0b 48 85 c9 74 0d ff 15 14 0f 00 00 48 c7 03
0x00007ffe73696397:   00 00 00 00 48 8b 4b 08 48 85 c9 74 0d e8 63 cd
0x00007ffe736963a7:   ff ff 48 c7 43 08 00 00 00 00 ba 18 00 00 00 48
0x00007ffe736963b7:   8b cb e8 4e cd ff ff 48 c7 05 3f 37 01 00 00 00
0x00007ffe736963c7:   00 00 48 83 c4 20 5b c3 cc 40 53 48 83 ec 20 48 


Stack slot to memory mapping:
stack at sp + 0 slots: 0x0 is NULL
stack at sp + 1 slots: 0x00000207bee5bd50 points into unknown readable memory: 0xfe73eae0f304e3e7 | e7 e3 04 f3 e0 ea 73 fe
stack at sp + 2 slots: 0x00007ffe075449d0 jvm.dll
stack at sp + 3 slots: 0x00007ffe73693bc4 glass.dll
stack at sp + 4 slots: 0x00000207bee5bd58 points into unknown readable memory: 0x000083d62f04e398 | 98 e3 04 2f d6 83 00 00
stack at sp + 5 slots: 0x00007ffe99cdbea0 ucrtbase.dll
stack at sp + 6 slots: 0x000083d62f04e398 is an unknown value
stack at sp + 7 slots: 0x0000020700000000 is an unknown value

VM_Operation (0x0000008b37ff62c0): Exit, mode: safepoint, requested by thread 0x00000207bef268b0


---------------  P R O C E S S  ---------------

Threads class SMR info:
_java_thread_list=0x00000207ccb03f60, length=20, elements={
0x00000207953cdd70, 0x00000207bd6e28a0, 0x00000207bd6e5520, 0x00000207bd6f6470,
0x00000207bd6f6e20, 0x00000207bd6f77d0, 0x00000207bd6f8180, 0x00000207bd6fe420,
0x00000207bd709b00, 0x00000207bd714500, 0x00000207bd6cf120, 0x00000207beefb6a0,
0x00000207bed510c0, 0x00000207bee79940, 0x00000207bef268b0, 0x00000207bf2a9ca0,
0x00000207bf2ac9f0, 0x00000207c89cb0c0, 0x00000207c777ff60, 0x00000207c7b44730
}

Java Threads: ( => current thread )
  0x00000207953cdd70 JavaThread "main" [_thread_blocked, id=4600, stack(0x0000008b36000000,0x0000008b36100000)]
  0x00000207bd6e28a0 JavaThread "Reference Handler" daemon [_thread_blocked, id=20364, stack(0x0000008b36700000,0x0000008b36800000)]
  0x00000207bd6e5520 JavaThread "Finalizer" daemon [_thread_blocked, id=7032, stack(0x0000008b36800000,0x0000008b36900000)]
  0x00000207bd6f6470 JavaThread "Signal Dispatcher" daemon [_thread_blocked, id=15876, stack(0x0000008b36900000,0x0000008b36a00000)]
  0x00000207bd6f6e20 JavaThread "Attach Listener" daemon [_thread_blocked, id=12780, stack(0x0000008b36a00000,0x0000008b36b00000)]
  0x00000207bd6f77d0 JavaThread "Service Thread" daemon [_thread_blocked, id=9372, stack(0x0000008b36b00000,0x0000008b36c00000)]
  0x00000207bd6f8180 JavaThread "Monitor Deflation Thread" daemon [_thread_blocked, id=14592, stack(0x0000008b36c00000,0x0000008b36d00000)]
  0x00000207bd6fe420 JavaThread "C2 CompilerThread0" daemon [_thread_blocked, id=5696, stack(0x0000008b36d00000,0x0000008b36e00000)]
  0x00000207bd709b00 JavaThread "C1 CompilerThread0" daemon [_thread_blocked, id=5992, stack(0x0000008b36e00000,0x0000008b36f00000)]
  0x00000207bd714500 JavaThread "Sweeper thread" daemon [_thread_blocked, id=6932, stack(0x0000008b36f00000,0x0000008b37000000)]
  0x00000207bd6cf120 JavaThread "Common-Cleaner" daemon [_thread_blocked, id=5332, stack(0x0000008b37100000,0x0000008b37200000)]
  0x00000207beefb6a0 JavaThread "Notification Thread" daemon [_thread_blocked, id=3856, stack(0x0000008b37a00000,0x0000008b37b00000)]
  0x00000207bed510c0 JavaThread "QuantumRenderer-0" daemon [_thread_blocked, id=6804, stack(0x0000008b37c00000,0x0000008b37d00000)]
  0x00000207bee79940 JavaThread "InvokeLaterDispatcher" daemon [_thread_blocked, id=14080, stack(0x0000008b37e00000,0x0000008b37f00000)]
  0x00000207bef268b0 JavaThread "JavaFX Application Thread" [_thread_blocked, id=2060, stack(0x0000008b37f00000,0x0000008b38000000)]
  0x00000207bf2a9ca0 JavaThread "JavaFX-Launcher" [_thread_blocked, id=13536, stack(0x0000008b37900000,0x0000008b37a00000)]
  0x00000207bf2ac9f0 JavaThread "Thread-2" daemon [_thread_in_native, id=8988, stack(0x0000008b37800000,0x0000008b37900000)]
  0x00000207c89cb0c0 JavaThread "Prism Font Disposer" daemon [_thread_blocked, id=19632, stack(0x0000008b38900000,0x0000008b38a00000)]
  0x00000207c777ff60 JavaThread "Cleaner-0" daemon [_thread_blocked, id=18908, stack(0x0000008b38df0000,0x0000008b38ef0000)]
  0x00000207c7b44730 JavaThread "C1 CompilerThread1" daemon [_thread_blocked, id=7624, stack(0x0000008b37000000,0x0000008b37100000)]

Other Threads:
=>0x00000207bd6dc9a0 VMThread "VM Thread" [stack: 0x0000008b36600000,0x0000008b36700000] [id=19756]
  0x00000207954301a0 GCTaskThread "GC Thread#0" [stack: 0x0000008b36100000,0x0000008b36200000] [id=6612]
  0x00000207bf2acec0 GCTaskThread "GC Thread#1" [stack: 0x0000008b38100000,0x0000008b38200000] [id=19148]
  0x00000207bf3f3610 GCTaskThread "GC Thread#2" [stack: 0x0000008b38200000,0x0000008b38300000] [id=10292]
  0x00000207bf25b600 GCTaskThread "GC Thread#3" [stack: 0x0000008b38300000,0x0000008b38400000] [id=15932]
  0x00000207bf42b1b0 GCTaskThread "GC Thread#4" [stack: 0x0000008b38400000,0x0000008b38500000] [id=7596]
  0x00000207bf42bc70 GCTaskThread "GC Thread#5" [stack: 0x0000008b38500000,0x0000008b38600000] [id=2676]
  0x00000207bf2e8450 GCTaskThread "GC Thread#6" [stack: 0x0000008b38600000,0x0000008b38700000] [id=13040]
  0x00000207bf2e8f20 GCTaskThread "GC Thread#7" [stack: 0x0000008b38700000,0x0000008b38800000] [id=20312]
  0x00000207bf445440 GCTaskThread "GC Thread#8" [stack: 0x0000008b38800000,0x0000008b38900000] [id=16948]
  0x00000207bf6b0a20 GCTaskThread "GC Thread#9" [stack: 0x0000008b37600000,0x0000008b37700000] [id=18448]
  0x000002079543ceb0 ConcurrentGCThread "G1 Main Marker" terminated
  0x000002079543df60 ConcurrentGCThread "G1 Conc#0" [stack: 0x0000008b36300000,0x0000008b36400000] [id=20464]
  0x00000207954a5c10 ConcurrentGCThread "G1 Refine#0" terminated
  0x00000207bd5a3710 ConcurrentGCThread "G1 Service" terminated

Threads with active compile tasks:

VM state: at safepoint (shutting down)

VM Mutex/Monitor currently owned by a thread:  ([mutex/lock_event])
[0x00000207953cb810] Threads_lock - owner thread: 0x00000207bd6dc9a0
[0x00000207953caf10] Heap_lock - owner thread: 0x00000207bef268b0

Heap address: 0x0000000682400000, size: 6108 MB, Compressed Oops mode: Zero based, Oop shift amount: 3

CDS archive(s) mapped at: [0x0000000800000000-0x0000000800bc0000-0x0000000800bc0000), size 12320768, SharedBaseAddress: 0x0000000800000000, ArchiveRelocationMode: 0.
Compressed class space mapped at: 0x0000000800c00000-0x0000000840c00000, reserved size: 1073741824
Narrow klass base: 0x0000000800000000, Narrow klass shift: 0, Narrow klass range: 0x100000000

GC Precious Log:
 CPUs: 16 total, 16 available
 Memory: 24428M
 Large Page Support: Disabled
 NUMA Support: Disabled
 Compressed Oops: Enabled (Zero based)
 Heap Region Size: 4M
 Heap Min Capacity: 8M
 Heap Initial Capacity: 384M
 Heap Max Capacity: 6108M
 Pre-touch: Disabled
 Parallel Workers: 13
 Concurrent Workers: 3
 Concurrent Refinement Workers: 13
 Periodic GC: Disabled

Heap:
 garbage-first heap   total 393216K, used 58122K [0x0000000682400000, 0x0000000800000000)
  region size 4096K, 10 young (40960K), 2 survivors (8192K)
 Metaspace       used 17141K, committed 17408K, reserved 1064960K
  class space    used 2419K, committed 2560K, reserved 1048576K

Heap Regions: E=young(eden), S=young(survivor), O=old, HS=humongous(starts), HC=humongous(continues), CS=collection set, F=free, OA=open archive, CA=closed archive, TAMS=top-at-mark-start (previous, next)
|   0|0x0000000682400000, 0x0000000682800000, 0x0000000682800000|100%|HS|  |TAMS 0x0000000682400000, 0x0000000682400000| Complete 
|   1|0x0000000682800000, 0x0000000682c00000, 0x0000000682c00000|100%|HS|  |TAMS 0x0000000682800000, 0x0000000682800000| Complete 
|   2|0x0000000682c00000, 0x0000000683000000, 0x0000000683000000|100%|HS|  |TAMS 0x0000000682c00000, 0x0000000682c00000| Complete 
|   3|0x0000000683000000, 0x00000006830c2a00, 0x0000000683400000| 19%| O|  |TAMS 0x0000000683000000, 0x0000000683000000| Untracked 
|   4|0x0000000683400000, 0x0000000683800000, 0x0000000683800000|100%|HS|  |TAMS 0x0000000683400000, 0x0000000683400000| Complete 
|   5|0x0000000683800000, 0x0000000683c00000, 0x0000000683c00000|100%|HS|  |TAMS 0x0000000683800000, 0x0000000683800000| Complete 
|   6|0x0000000683c00000, 0x0000000683c00000, 0x0000000684000000|  0%| F|  |TAMS 0x0000000683c00000, 0x0000000683c00000| Untracked 
|   7|0x0000000684000000, 0x0000000684000000, 0x0000000684400000|  0%| F|  |TAMS 0x0000000684000000, 0x0000000684000000| Untracked 
|   8|0x0000000684400000, 0x0000000684400000, 0x0000000684800000|  0%| F|  |TAMS 0x0000000684400000, 0x0000000684400000| Untracked 
|   9|0x0000000684800000, 0x0000000684800000, 0x0000000684c00000|  0%| F|  |TAMS 0x0000000684800000, 0x0000000684800000| Untracked 
|  10|0x0000000684c00000, 0x0000000684c00000, 0x0000000685000000|  0%| F|  |TAMS 0x0000000684c00000, 0x0000000684c00000| Untracked 
|  11|0x0000000685000000, 0x0000000685000000, 0x0000000685400000|  0%| F|  |TAMS 0x0000000685000000, 0x0000000685000000| Untracked 
|  12|0x0000000685400000, 0x0000000685400000, 0x0000000685800000|  0%| F|  |TAMS 0x0000000685400000, 0x0000000685400000| Untracked 
|  13|0x0000000685800000, 0x0000000685800000, 0x0000000685c00000|  0%| F|  |TAMS 0x0000000685800000, 0x0000000685800000| Untracked 
|  14|0x0000000685c00000, 0x0000000685c00000, 0x0000000686000000|  0%| F|  |TAMS 0x0000000685c00000, 0x0000000685c00000| Untracked 
|  15|0x0000000686000000, 0x0000000686000000, 0x0000000686400000|  0%| F|  |TAMS 0x0000000686000000, 0x0000000686000000| Untracked 
|  16|0x0000000686400000, 0x0000000686400000, 0x0000000686800000|  0%| F|  |TAMS 0x0000000686400000, 0x0000000686400000| Untracked 
|  17|0x0000000686800000, 0x0000000686800000, 0x0000000686c00000|  0%| F|  |TAMS 0x0000000686800000, 0x0000000686800000| Untracked 
|  18|0x0000000686c00000, 0x0000000686c00000, 0x0000000687000000|  0%| F|  |TAMS 0x0000000686c00000, 0x0000000686c00000| Untracked 
|  19|0x0000000687000000, 0x0000000687000000, 0x0000000687400000|  0%| F|  |TAMS 0x0000000687000000, 0x0000000687000000| Untracked 
|  20|0x0000000687400000, 0x0000000687400000, 0x0000000687800000|  0%| F|  |TAMS 0x0000000687400000, 0x0000000687400000| Untracked 
|  21|0x0000000687800000, 0x0000000687800000, 0x0000000687c00000|  0%| F|  |TAMS 0x0000000687800000, 0x0000000687800000| Untracked 
|  22|0x0000000687c00000, 0x0000000687c00000, 0x0000000688000000|  0%| F|  |TAMS 0x0000000687c00000, 0x0000000687c00000| Untracked 
|  23|0x0000000688000000, 0x0000000688000000, 0x0000000688400000|  0%| F|  |TAMS 0x0000000688000000, 0x0000000688000000| Untracked 
|  24|0x0000000688400000, 0x0000000688400000, 0x0000000688800000|  0%| F|  |TAMS 0x0000000688400000, 0x0000000688400000| Untracked 
|  25|0x0000000688800000, 0x0000000688800000, 0x0000000688c00000|  0%| F|  |TAMS 0x0000000688800000, 0x0000000688800000| Untracked 
|  26|0x0000000688c00000, 0x0000000688c00000, 0x0000000689000000|  0%| F|  |TAMS 0x0000000688c00000, 0x0000000688c00000| Untracked 
|  27|0x0000000689000000, 0x0000000689000000, 0x0000000689400000|  0%| F|  |TAMS 0x0000000689000000, 0x0000000689000000| Untracked 
|  28|0x0000000689400000, 0x0000000689400000, 0x0000000689800000|  0%| F|  |TAMS 0x0000000689400000, 0x0000000689400000| Untracked 
|  29|0x0000000689800000, 0x0000000689800000, 0x0000000689c00000|  0%| F|  |TAMS 0x0000000689800000, 0x0000000689800000| Untracked 
|  30|0x0000000689c00000, 0x0000000689c00000, 0x000000068a000000|  0%| F|  |TAMS 0x0000000689c00000, 0x0000000689c00000| Untracked 
|  31|0x000000068a000000, 0x000000068a000000, 0x000000068a400000|  0%| F|  |TAMS 0x000000068a000000, 0x000000068a000000| Untracked 
|  32|0x000000068a400000, 0x000000068a400000, 0x000000068a800000|  0%| F|  |TAMS 0x000000068a400000, 0x000000068a400000| Untracked 
|  33|0x000000068a800000, 0x000000068a800000, 0x000000068ac00000|  0%| F|  |TAMS 0x000000068a800000, 0x000000068a800000| Untracked 
|  34|0x000000068ac00000, 0x000000068ac00000, 0x000000068b000000|  0%| F|  |TAMS 0x000000068ac00000, 0x000000068ac00000| Untracked 
|  35|0x000000068b000000, 0x000000068b000000, 0x000000068b400000|  0%| F|  |TAMS 0x000000068b000000, 0x000000068b000000| Untracked 
|  36|0x000000068b400000, 0x000000068b400000, 0x000000068b800000|  0%| F|  |TAMS 0x000000068b400000, 0x000000068b400000| Untracked 
|  37|0x000000068b800000, 0x000000068b800000, 0x000000068bc00000|  0%| F|  |TAMS 0x000000068b800000, 0x000000068b800000| Untracked 
|  38|0x000000068bc00000, 0x000000068bc00000, 0x000000068c000000|  0%| F|  |TAMS 0x000000068bc00000, 0x000000068bc00000| Untracked 
|  39|0x000000068c000000, 0x000000068c000000, 0x000000068c400000|  0%| F|  |TAMS 0x000000068c000000, 0x000000068c000000| Untracked 
|  40|0x000000068c400000, 0x000000068c400000, 0x000000068c800000|  0%| F|  |TAMS 0x000000068c400000, 0x000000068c400000| Untracked 
|  41|0x000000068c800000, 0x000000068c800000, 0x000000068cc00000|  0%| F|  |TAMS 0x000000068c800000, 0x000000068c800000| Untracked 
|  42|0x000000068cc00000, 0x000000068cc00000, 0x000000068d000000|  0%| F|  |TAMS 0x000000068cc00000, 0x000000068cc00000| Untracked 
|  43|0x000000068d000000, 0x000000068d000000, 0x000000068d400000|  0%| F|  |TAMS 0x000000068d000000, 0x000000068d000000| Untracked 
|  44|0x000000068d400000, 0x000000068d400000, 0x000000068d800000|  0%| F|  |TAMS 0x000000068d400000, 0x000000068d400000| Untracked 
|  45|0x000000068d800000, 0x000000068d800000, 0x000000068dc00000|  0%| F|  |TAMS 0x000000068d800000, 0x000000068d800000| Untracked 
|  46|0x000000068dc00000, 0x000000068dc00000, 0x000000068e000000|  0%| F|  |TAMS 0x000000068dc00000, 0x000000068dc00000| Untracked 
|  47|0x000000068e000000, 0x000000068e000000, 0x000000068e400000|  0%| F|  |TAMS 0x000000068e000000, 0x000000068e000000| Untracked 
|  48|0x000000068e400000, 0x000000068e400000, 0x000000068e800000|  0%| F|  |TAMS 0x000000068e400000, 0x000000068e400000| Untracked 
|  49|0x000000068e800000, 0x000000068e800000, 0x000000068ec00000|  0%| F|  |TAMS 0x000000068e800000, 0x000000068e800000| Untracked 
|  50|0x000000068ec00000, 0x000000068ec00000, 0x000000068f000000|  0%| F|  |TAMS 0x000000068ec00000, 0x000000068ec00000| Untracked 
|  51|0x000000068f000000, 0x000000068f000000, 0x000000068f400000|  0%| F|  |TAMS 0x000000068f000000, 0x000000068f000000| Untracked 
|  52|0x000000068f400000, 0x000000068f400000, 0x000000068f800000|  0%| F|  |TAMS 0x000000068f400000, 0x000000068f400000| Untracked 
|  53|0x000000068f800000, 0x000000068f800000, 0x000000068fc00000|  0%| F|  |TAMS 0x000000068f800000, 0x000000068f800000| Untracked 
|  54|0x000000068fc00000, 0x000000068fc00000, 0x0000000690000000|  0%| F|  |TAMS 0x000000068fc00000, 0x000000068fc00000| Untracked 
|  55|0x0000000690000000, 0x0000000690000000, 0x0000000690400000|  0%| F|  |TAMS 0x0000000690000000, 0x0000000690000000| Untracked 
|  56|0x0000000690400000, 0x0000000690400000, 0x0000000690800000|  0%| F|  |TAMS 0x0000000690400000, 0x0000000690400000| Untracked 
|  57|0x0000000690800000, 0x0000000690800000, 0x0000000690c00000|  0%| F|  |TAMS 0x0000000690800000, 0x0000000690800000| Untracked 
|  58|0x0000000690c00000, 0x0000000690c00000, 0x0000000691000000|  0%| F|  |TAMS 0x0000000690c00000, 0x0000000690c00000| Untracked 
|  59|0x0000000691000000, 0x0000000691000000, 0x0000000691400000|  0%| F|  |TAMS 0x0000000691000000, 0x0000000691000000| Untracked 
|  60|0x0000000691400000, 0x0000000691400000, 0x0000000691800000|  0%| F|  |TAMS 0x0000000691400000, 0x0000000691400000| Untracked 
|  61|0x0000000691800000, 0x0000000691800000, 0x0000000691c00000|  0%| F|  |TAMS 0x0000000691800000, 0x0000000691800000| Untracked 
|  62|0x0000000691c00000, 0x0000000691c00000, 0x0000000692000000|  0%| F|  |TAMS 0x0000000691c00000, 0x0000000691c00000| Untracked 
|  63|0x0000000692000000, 0x0000000692000000, 0x0000000692400000|  0%| F|  |TAMS 0x0000000692000000, 0x0000000692000000| Untracked 
|  64|0x0000000692400000, 0x0000000692400000, 0x0000000692800000|  0%| F|  |TAMS 0x0000000692400000, 0x0000000692400000| Untracked 
|  65|0x0000000692800000, 0x0000000692800000, 0x0000000692c00000|  0%| F|  |TAMS 0x0000000692800000, 0x0000000692800000| Untracked 
|  66|0x0000000692c00000, 0x0000000692c00000, 0x0000000693000000|  0%| F|  |TAMS 0x0000000692c00000, 0x0000000692c00000| Untracked 
|  67|0x0000000693000000, 0x0000000693000000, 0x0000000693400000|  0%| F|  |TAMS 0x0000000693000000, 0x0000000693000000| Untracked 
|  68|0x0000000693400000, 0x0000000693400000, 0x0000000693800000|  0%| F|  |TAMS 0x0000000693400000, 0x0000000693400000| Untracked 
|  69|0x0000000693800000, 0x0000000693800000, 0x0000000693c00000|  0%| F|  |TAMS 0x0000000693800000, 0x0000000693800000| Untracked 
|  70|0x0000000693c00000, 0x0000000693c00000, 0x0000000694000000|  0%| F|  |TAMS 0x0000000693c00000, 0x0000000693c00000| Untracked 
|  71|0x0000000694000000, 0x0000000694000000, 0x0000000694400000|  0%| F|  |TAMS 0x0000000694000000, 0x0000000694000000| Untracked 
|  72|0x0000000694400000, 0x0000000694400000, 0x0000000694800000|  0%| F|  |TAMS 0x0000000694400000, 0x0000000694400000| Untracked 
|  73|0x0000000694800000, 0x0000000694800000, 0x0000000694c00000|  0%| F|  |TAMS 0x0000000694800000, 0x0000000694800000| Untracked 
|  74|0x0000000694c00000, 0x0000000694c00000, 0x0000000695000000|  0%| F|  |TAMS 0x0000000694c00000, 0x0000000694c00000| Untracked 
|  75|0x0000000695000000, 0x0000000695000000, 0x0000000695400000|  0%| F|  |TAMS 0x0000000695000000, 0x0000000695000000| Untracked 
|  76|0x0000000695400000, 0x0000000695400000, 0x0000000695800000|  0%| F|  |TAMS 0x0000000695400000, 0x0000000695400000| Untracked 
|  77|0x0000000695800000, 0x0000000695800000, 0x0000000695c00000|  0%| F|  |TAMS 0x0000000695800000, 0x0000000695800000| Untracked 
|  78|0x0000000695c00000, 0x0000000695c00000, 0x0000000696000000|  0%| F|  |TAMS 0x0000000695c00000, 0x0000000695c00000| Untracked 
|  79|0x0000000696000000, 0x0000000696000000, 0x0000000696400000|  0%| F|  |TAMS 0x0000000696000000, 0x0000000696000000| Untracked 
|  80|0x0000000696400000, 0x0000000696400000, 0x0000000696800000|  0%| F|  |TAMS 0x0000000696400000, 0x0000000696400000| Untracked 
|  81|0x0000000696800000, 0x0000000696800000, 0x0000000696c00000|  0%| F|  |TAMS 0x0000000696800000, 0x0000000696800000| Untracked 
|  82|0x0000000696c00000, 0x0000000696c00000, 0x0000000697000000|  0%| F|  |TAMS 0x0000000696c00000, 0x0000000696c00000| Untracked 
|  83|0x0000000697000000, 0x0000000697400000, 0x0000000697400000|100%| S|CS|TAMS 0x0000000697000000, 0x0000000697000000| Complete 
|  84|0x0000000697400000, 0x0000000697800000, 0x0000000697800000|100%| S|CS|TAMS 0x0000000697400000, 0x0000000697400000| Complete 
|  85|0x0000000697800000, 0x0000000697800000, 0x0000000697c00000|  0%| F|  |TAMS 0x0000000697800000, 0x0000000697800000| Untracked 
|  86|0x0000000697c00000, 0x0000000697c00000, 0x0000000698000000|  0%| F|  |TAMS 0x0000000697c00000, 0x0000000697c00000| Untracked 
|  87|0x0000000698000000, 0x0000000698000000, 0x0000000698400000|  0%| F|  |TAMS 0x0000000698000000, 0x0000000698000000| Untracked 
|  88|0x0000000698400000, 0x000000069849b918, 0x0000000698800000| 15%| E|  |TAMS 0x0000000698400000, 0x0000000698400000| Complete 
|  89|0x0000000698800000, 0x0000000698c00000, 0x0000000698c00000|100%| E|CS|TAMS 0x0000000698800000, 0x0000000698800000| Complete 
|  90|0x0000000698c00000, 0x0000000699000000, 0x0000000699000000|100%| E|CS|TAMS 0x0000000698c00000, 0x0000000698c00000| Complete 
|  91|0x0000000699000000, 0x0000000699400000, 0x0000000699400000|100%| E|CS|TAMS 0x0000000699000000, 0x0000000699000000| Complete 
|  92|0x0000000699400000, 0x0000000699800000, 0x0000000699800000|100%| E|CS|TAMS 0x0000000699400000, 0x0000000699400000| Complete 
|  93|0x0000000699800000, 0x0000000699c00000, 0x0000000699c00000|100%| E|CS|TAMS 0x0000000699800000, 0x0000000699800000| Complete 
|  94|0x0000000699c00000, 0x000000069a000000, 0x000000069a000000|100%| E|CS|TAMS 0x0000000699c00000, 0x0000000699c00000| Complete 
|  95|0x000000069a000000, 0x000000069a400000, 0x000000069a400000|100%| E|CS|TAMS 0x000000069a000000, 0x000000069a000000| Complete 

Card table byte_map: [0x00000207ad0a0000,0x00000207adc90000] _byte_map_base: 0x00000207a9c8e000

Marking Bits (Prev, Next): (CMBitMap*) 0x00000207954306b0, (CMBitMap*) 0x00000207954306f0
 Prev Bits: [0x00000207ae880000, 0x00000207b47f0000)
 Next Bits: [0x00000207b47f0000, 0x00000207ba760000)

Polling page: 0x0000020793370000

Metaspace:

Usage:
  Non-class:     14.38 MB used.
      Class:      2.36 MB used.
       Both:     16.74 MB used.

Virtual space:
  Non-class space:       16.00 MB reserved,      14.50 MB ( 91%) committed,  2 nodes.
      Class space:        1.00 GB reserved,       2.50 MB ( <1%) committed,  1 nodes.
             Both:        1.02 GB reserved,      17.00 MB (  2%) committed. 

Chunk freelists:
   Non-Class:  1.14 MB
       Class:  1.39 MB
        Both:  2.53 MB

MaxMetaspaceSize: unlimited
CompressedClassSpaceSize: 1.00 GB
Initial GC threshold: 21.00 MB
Current GC threshold: 21.00 MB
CDS: on
MetaspaceReclaimPolicy: balanced
 - commit_granule_bytes: 65536.
 - commit_granule_words: 8192.
 - virtual_space_node_default_size: 1048576.
 - enlarge_chunks_in_place: 1.
 - new_chunks_are_fully_committed: 0.
 - uncommit_free_chunks: 1.
 - use_allocation_guard: 0.
 - handle_deallocations: 1.


Internal statistics:

num_allocs_failed_limit: 0.
num_arena_births: 208.
num_arena_deaths: 0.
num_vsnodes_births: 3.
num_vsnodes_deaths: 0.
num_space_committed: 272.
num_space_uncommitted: 0.
num_chunks_returned_to_freelist: 0.
num_chunks_taken_from_freelist: 802.
num_chunk_merges: 0.
num_chunk_splits: 560.
num_chunks_enlarged: 443.
num_purges: 0.
num_inconsistent_stats: 0.

CodeHeap 'non-profiled nmethods': size=119168Kb used=1988Kb max_used=1988Kb free=117179Kb
 bounds [0x00000207a47d0000, 0x00000207a4a40000, 0x00000207abc30000]
CodeHeap 'profiled nmethods': size=119104Kb used=8618Kb max_used=8618Kb free=110485Kb
 bounds [0x000002079d380000, 0x000002079dbf0000, 0x00000207a47d0000]
CodeHeap 'non-nmethods': size=7488Kb used=1989Kb max_used=3183Kb free=5498Kb
 bounds [0x000002079cc30000, 0x000002079cf50000, 0x000002079d380000]
 total_blobs=4826 nmethods=4042 adapters=695
 compilation: enabled
              stopped_count=0, restarted_count=0
 full_count=0

Compilation events (20 events):
Event: 24.195 Thread 0x00000207c7b44730 nmethod 4033 0x000002079dbe0e10 code [0x000002079dbe1160, 0x000002079dbe2498]
Event: 24.195 Thread 0x00000207c7b44730 4036       3       javafx.scene.paint.LinearGradient::hashCode (167 bytes)
Event: 24.196 Thread 0x00000207bd709b00 nmethod 4032 0x000002079dbe2d10 code [0x000002079dbe2fe0, 0x000002079dbe4928]
Event: 24.196 Thread 0x00000207bd709b00 4034       3       com.sun.prism.d3d.D3DTexture::update (216 bytes)
Event: 24.196 Thread 0x00000207c7b44730 nmethod 4036 0x000002079dbe4f10 code [0x000002079dbe5180, 0x000002079dbe5fc8]
Event: 24.197 Thread 0x00000207bd709b00 nmethod 4034 0x000002079dbe6310 code [0x000002079dbe6760, 0x000002079dbe9108]
Event: 24.338 Thread 0x00000207bd709b00 4037       1       com.sun.javafx.geom.RectBounds::setMinX (6 bytes)
Event: 24.338 Thread 0x00000207c7b44730 4038       1       com.sun.javafx.geom.RectBounds::setMaxX (6 bytes)
Event: 24.339 Thread 0x00000207c7b44730 nmethod 4038 0x00000207a49c0310 code [0x00000207a49c04a0, 0x00000207a49c0578]
Event: 24.339 Thread 0x00000207bd709b00 nmethod 4037 0x00000207a49c0610 code [0x00000207a49c07a0, 0x00000207a49c0878]
Event: 24.339 Thread 0x00000207c7b44730 4039       3       com.sun.prism.paint.Color::<init> (106 bytes)
Event: 24.339 Thread 0x00000207c7b44730 nmethod 4039 0x000002079dbe9d90 code [0x000002079dbe9f80, 0x000002079dbea298]
Event: 24.353 Thread 0x00000207bd6fe420 4040       4       jdk.internal.misc.Unsafe::weakCompareAndSetInt (11 bytes)
Event: 24.353 Thread 0x00000207bd6fe420 nmethod 4040 0x00000207a49c0910 code [0x00000207a49c0a80, 0x00000207a49c0b18]
Event: 24.414 Thread 0x00000207bd6fe420 4041       4       com.sun.glass.ui.Application::checkEventThread (35 bytes)
Event: 24.415 Thread 0x00000207bd6fe420 nmethod 4041 0x00000207a49c0c10 code [0x00000207a49c0d80, 0x00000207a49c0e18]
Event: 24.416 Thread 0x00000207c7b44730 4042       1       com.sun.javafx.scene.control.behavior.BehaviorBase::getNode (5 bytes)
Event: 24.416 Thread 0x00000207c7b44730 nmethod 4042 0x00000207a49c0f10 code [0x00000207a49c10a0, 0x00000207a49c1178]
Event: 24.422 Thread 0x00000207c7b44730 4043       3       com.sun.glass.ui.View::checkNotClosed (20 bytes)
Event: 24.422 Thread 0x00000207c7b44730 nmethod 4043 0x000002079dbea390 code [0x000002079dbea540, 0x000002079dbea788]

GC Heap History (4 events):
Event: 0.305 GC heap before
{Heap before GC invocations=0 (full 0):
 garbage-first heap   total 393216K, used 16384K [0x0000000682400000, 0x0000000800000000)
  region size 4096K, 5 young (20480K), 0 survivors (0K)
 Metaspace       used 4527K, committed 4672K, reserved 1056768K
  class space    used 515K, committed 576K, reserved 1048576K
}
Event: 0.307 GC heap after
{Heap after GC invocations=1 (full 0):
 garbage-first heap   total 393216K, used 2759K [0x0000000682400000, 0x0000000800000000)
  region size 4096K, 1 young (4096K), 1 survivors (4096K)
 Metaspace       used 4527K, committed 4672K, reserved 1056768K
  class space    used 515K, committed 576K, reserved 1048576K
}
Event: 1.942 GC heap before
{Heap before GC invocations=1 (full 0):
 garbage-first heap   total 393216K, used 56007K [0x0000000682400000, 0x0000000800000000)
  region size 4096K, 11 young (45056K), 1 survivors (4096K)
 Metaspace       used 14171K, committed 14464K, reserved 1064960K
  class space    used 2056K, committed 2176K, reserved 1048576K
}
Event: 1.946 GC heap after
{Heap after GC invocations=2 (full 0):
 garbage-first heap   total 393216K, used 21258K [0x0000000682400000, 0x0000000800000000)
  region size 4096K, 2 young (8192K), 2 survivors (8192K)
 Metaspace       used 14171K, committed 14464K, reserved 1064960K
  class space    used 2056K, committed 2176K, reserved 1048576K
}

Deoptimization events (20 events):
Event: 23.636 Thread 0x00000207bef268b0 DEOPT PACKING pc=0x00000207a48ef0ac sp=0x0000008b37ff50a0
Event: 23.636 Thread 0x00000207bef268b0 DEOPT UNPACKING pc=0x000002079cc823a3 sp=0x0000008b37ff4f00 mode 2
Event: 23.638 Thread 0x00000207bef268b0 Uncommon trap: trap_request=0xffffff45 fr.pc=0x00000207a49a9a5c relative=0x000000000000005c
Event: 23.638 Thread 0x00000207bef268b0 Uncommon trap: reason=unstable_if action=reinterpret pc=0x00000207a49a9a5c method=java.util.Objects.equals(Ljava/lang/Object;Ljava/lang/Object;)Z @ 6 c2
Event: 23.638 Thread 0x00000207bef268b0 DEOPT PACKING pc=0x00000207a49a9a5c sp=0x0000008b37ff5100
Event: 23.638 Thread 0x00000207bef268b0 DEOPT UNPACKING pc=0x000002079cc823a3 sp=0x0000008b37ff50a0 mode 2
Event: 23.643 Thread 0x00000207bef268b0 Uncommon trap: trap_request=0xffffff45 fr.pc=0x00000207a486f2bc relative=0x0000000000000f1c
Event: 23.643 Thread 0x00000207bef268b0 Uncommon trap: reason=unstable_if action=reinterpret pc=0x00000207a486f2bc method=java.util.concurrent.ConcurrentHashMap.putVal(Ljava/lang/Object;Ljava/lang/Object;Z)Ljava/lang/Object; @ 148 c2
Event: 23.643 Thread 0x00000207bef268b0 DEOPT PACKING pc=0x00000207a486f2bc sp=0x0000008b37ff4400
Event: 23.643 Thread 0x00000207bef268b0 DEOPT UNPACKING pc=0x000002079cc823a3 sp=0x0000008b37ff4380 mode 2
Event: 23.645 Thread 0x00000207bef268b0 Uncommon trap: trap_request=0xffffff45 fr.pc=0x00000207a47e96cc relative=0x000000000000022c
Event: 23.645 Thread 0x00000207bef268b0 Uncommon trap: reason=unstable_if action=reinterpret pc=0x00000207a47e96cc method=java.lang.StringLatin1.lastIndexOf([BI[BII)I @ 86 c2
Event: 23.645 Thread 0x00000207bef268b0 DEOPT PACKING pc=0x00000207a47e96cc sp=0x0000008b37ff43c0
Event: 23.645 Thread 0x00000207bef268b0 DEOPT UNPACKING pc=0x000002079cc823a3 sp=0x0000008b37ff4208 mode 2
Event: 23.645 Thread 0x00000207bef268b0 Uncommon trap: trap_request=0xffffff45 fr.pc=0x00000207a47f0d30 relative=0x0000000000000210
Event: 23.645 Thread 0x00000207bef268b0 Uncommon trap: reason=unstable_if action=reinterpret pc=0x00000207a47f0d30 method=java.lang.StringLatin1.lastIndexOf([BI[BII)I @ 86 c2
Event: 23.645 Thread 0x00000207bef268b0 DEOPT PACKING pc=0x00000207a47f0d30 sp=0x0000008b37ff43f0
Event: 23.645 Thread 0x00000207bef268b0 DEOPT UNPACKING pc=0x000002079cc823a3 sp=0x0000008b37ff42d0 mode 2
Event: 23.655 Thread 0x00000207bed510c0 DEOPT PACKING pc=0x000002079d774503 sp=0x0000008b37cfd5a0
Event: 23.655 Thread 0x00000207bed510c0 DEOPT UNPACKING pc=0x000002079cc82b43 sp=0x0000008b37cfc9c0 mode 0

Classes unloaded (0 events):
No events

Classes redefined (0 events):
No events

Internal exceptions (20 events):
Event: 0.410 Thread 0x00000207bef268b0 Exception <a 'java/lang/ClassNotFoundException'{0x000000069980ce30}: com/sun/glass/ui/win/themes_es_CO> (0x000000069980ce30) 
thrown [t:\workspace\open\src\hotspot\share\prims\jni.cpp, line 535]
Event: 0.452 Thread 0x00000207bef268b0 Exception <a 'java/lang/NoSuchMethodError'{0x000000069955aaf8}: 'void java.lang.invoke.DirectMethodHandle$Holder.invokeStaticInit(java.lang.Object, java.lang.Object)'> (0x000000069955aaf8) 
thrown [t:\workspace\open\src\hotspot\share\interpreter\linkResolver.cpp, line 766]
Event: 0.515 Thread 0x00000207bef268b0 Implicit null exception at 0x00000207a4837210 to 0x00000207a483764c
Event: 0.583 Thread 0x00000207bef268b0 Exception <a 'java/lang/NoSuchMethodError'{0x0000000698aab178}: 'void java.lang.invoke.DirectMethodHandle$Holder.invokeSpecial(java.lang.Object, java.lang.Object, java.lang.Object, java.lang.Object, java.lang.Object)'> (0x0000000698aab178) 
thrown [t:\workspace\open\src\hotspot\share\interpreter\linkResolver.cpp, line 766]
Event: 0.584 Thread 0x00000207bef268b0 Exception <a 'java/lang/NoSuchMethodError'{0x0000000698abfe68}: 'java.lang.Object java.lang.invoke.DirectMethodHandle$Holder.invokeInterface(java.lang.Object, java.lang.Object, java.lang.Object)'> (0x0000000698abfe68) 
thrown [t:\workspace\open\src\hotspot\share\interpreter\linkResolver.cpp, line 766]
Event: 0.585 Thread 0x00000207bef268b0 Exception <a 'java/lang/IncompatibleClassChangeError'{0x0000000698ac37f0}: Found class java.lang.Object, but interface was expected> (0x0000000698ac37f0) 
thrown [t:\workspace\open\src\hotspot\share\interpreter\linkResolver.cpp, line 833]
Event: 0.624 Thread 0x00000207bef268b0 Exception <a 'java/lang/NoSuchMethodError'{0x00000006984b4198}: 'java.lang.Object java.lang.invoke.DirectMethodHandle$Holder.newInvokeSpecial(java.lang.Object, java.lang.Object, int)'> (0x00000006984b4198) 
thrown [t:\workspace\open\src\hotspot\share\interpreter\linkResolver.cpp, line 766]
Event: 0.638 Thread 0x00000207bed510c0 Exception <a 'java/lang/NoSuchMethodError'{0x00000006985db240}: 'int java.lang.invoke.DirectMethodHandle$Holder.invokeStaticInit(java.lang.Object, java.lang.Object)'> (0x00000006985db240) 
thrown [t:\workspace\open\src\hotspot\share\interpreter\linkResolver.cpp, line 766]
Event: 1.714 Thread 0x00000207bef268b0 Exception <a 'java/lang/NoSuchMethodError'{0x00000006982e9db8}: 'long java.lang.invoke.DirectMethodHandle$Holder.invokeStatic(java.lang.Object, java.lang.Object, java.lang.Object)'> (0x00000006982e9db8) 
thrown [t:\workspace\open\src\hotspot\share\interpreter\linkResolver.cpp, line 766]
Event: 1.714 Thread 0x00000207bef268b0 Exception <a 'java/lang/NoSuchMethodError'{0x00000006982ed560}: 'long java.lang.invoke.DirectMethodHandle$Holder.invokeStaticInit(java.lang.Object, java.lang.Object, java.lang.Object)'> (0x00000006982ed560) 
thrown [t:\workspace\open\src\hotspot\share\interpreter\linkResolver.cpp, line 766]
Event: 1.716 Thread 0x00000207bef268b0 Exception <a 'java/lang/NoSuchMethodError'{0x0000000698305168}: 'java.lang.Object java.lang.invoke.DirectMethodHandle$Holder.newInvokeSpecial(java.lang.Object, java.lang.Object, long)'> (0x0000000698305168) 
thrown [t:\workspace\open\src\hotspot\share\interpreter\linkResolver.cpp, line 766]
Event: 1.716 Thread 0x00000207bef268b0 Exception <a 'java/lang/NoSuchMethodError'{0x0000000698308cd8}: 'java.lang.Object java.lang.invoke.Invokers$Holder.linkToTargetMethod(java.lang.Object, long, java.lang.Object)'> (0x0000000698308cd8) 
thrown [t:\workspace\open\src\hotspot\share\interpreter\linkResolver.cpp, line 766]
Event: 1.892 Thread 0x00000207bef268b0 Exception <a 'java/lang/ClassNotFoundException'{0x0000000697f36fe0}: com/sun/javafx/scene/control/skin/resources/controls> (0x0000000697f36fe0) 
thrown [t:\workspace\open\src\hotspot\share\prims\jni.cpp, line 535]
Event: 1.893 Thread 0x00000207bef268b0 Exception <a 'java/lang/ClassNotFoundException'{0x0000000697f45278}: com/sun/javafx/scene/control/skin/resources/controls_es> (0x0000000697f45278) 
thrown [t:\workspace\open\src\hotspot\share\prims\jni.cpp, line 535]
Event: 1.893 Thread 0x00000207bef268b0 Exception <a 'java/lang/ClassNotFoundException'{0x0000000697f54ba8}: com/sun/javafx/scene/control/skin/resources/controls_es_CO> (0x0000000697f54ba8) 
thrown [t:\workspace\open\src\hotspot\share\prims\jni.cpp, line 535]
Event: 3.725 Thread 0x00000207bed510c0 Exception <a 'java/lang/NoSuchMethodError'{0x0000000699c49080}: 'java.lang.Object java.lang.invoke.DirectMethodHandle$Holder.invokeStaticInit(java.lang.Object, int)'> (0x0000000699c49080) 
thrown [t:\workspace\open\src\hotspot\share\interpreter\linkResolver.cpp, line 766]
Event: 5.750 Thread 0x00000207bef268b0 Exception <a 'java/lang/NoSuchMethodError'{0x00000006992c3250}: 'int java.lang.invoke.DirectMethodHandle$Holder.invokeVirtual(java.lang.Object, java.lang.Object)'> (0x00000006992c3250) 
thrown [t:\workspace\open\src\hotspot\share\interpreter\linkResolver.cpp, line 766]
Event: 5.750 Thread 0x00000207bef268b0 Exception <a 'java/lang/NoSuchMethodError'{0x00000006992c9ed8}: 'void java.lang.invoke.DirectMethodHandle$Holder.invokeVirtual(java.lang.Object, java.lang.Object, int)'> (0x00000006992c9ed8) 
thrown [t:\workspace\open\src\hotspot\share\interpreter\linkResolver.cpp, line 766]
Event: 6.757 Thread 0x00000207bef268b0 Exception <a 'java/lang/ClassCastException'{0x0000000698e2d7c0}: class control.AddPatientController cannot be cast to class control.AddEmployeeController (control.AddPatientController and control.AddEmployeeController are in unnamed module of loader 'app')> (0x0000000698e2d7c0) 
thrown [t:\workspace\open\src\hotspot\share\interpreter\interpreterRuntime.cpp, line 444]
Event: 6.757 Thread 0x00000207bef268b0 Exception <a 'java/lang/reflect/InvocationTargetException'{0x0000000698e2e288}> (0x0000000698e2e288) 
thrown [t:\workspace\open\src\hotspot\share\runtime\reflection.cpp, line 1121]

VM Operations (20 events):
Event: 6.731 Executing VM operation: Cleanup done
Event: 6.732 Executing VM operation: HandshakeAllThreads
Event: 6.732 Executing VM operation: HandshakeAllThreads done
Event: 6.733 Executing VM operation: HandshakeAllThreads
Event: 6.733 Executing VM operation: HandshakeAllThreads done
Event: 7.733 Executing VM operation: Cleanup
Event: 7.734 Executing VM operation: Cleanup done
Event: 9.734 Executing VM operation: Cleanup
Event: 9.734 Executing VM operation: Cleanup done
Event: 21.737 Executing VM operation: Cleanup
Event: 21.737 Executing VM operation: Cleanup done
Event: 23.120 Executing VM operation: HandshakeAllThreads
Event: 23.120 Executing VM operation: HandshakeAllThreads done
Event: 23.120 Executing VM operation: Cleanup
Event: 23.120 Executing VM operation: Cleanup done
Event: 23.631 Executing VM operation: HandshakeAllThreads
Event: 23.631 Executing VM operation: HandshakeAllThreads done
Event: 24.338 Executing VM operation: ICBufferFull
Event: 24.338 Executing VM operation: ICBufferFull done
Event: 24.424 Executing VM operation: Exit

Events (20 events):
Event: 23.644 loading class sun/text/resources/BreakIteratorResources
Event: 23.644 loading class sun/util/resources/BreakIteratorResourceBundle
Event: 23.644 loading class sun/util/resources/BreakIteratorResourceBundle done
Event: 23.644 loading class sun/text/resources/BreakIteratorResources done
Event: 23.644 loading class sun/util/resources/Bundles$2
Event: 23.644 loading class sun/util/resources/Bundles$2 done
Event: 23.645 loading class sun/text/RuleBasedBreakIterator
Event: 23.645 loading class sun/text/RuleBasedBreakIterator done
Event: 23.646 loading class sun/text/CompactByteArray
Event: 23.646 loading class sun/text/CompactByteArray done
Event: 23.646 loading class sun/text/SupplementaryCharacterData
Event: 23.646 loading class sun/text/SupplementaryCharacterData done
Event: 23.646 loading class java/text/BreakIterator$BreakIteratorCache
Event: 23.646 loading class java/text/BreakIterator$BreakIteratorCache done
Event: 24.193 Thread 0x00000207c7b48e10 Thread exited: 0x00000207c7b48e10
Event: 24.338 Thread 0x00000207c7b44220 Thread exited: 0x00000207c7b44220
Event: 24.423 Thread 0x00000207c777d8e0 Thread added: 0x00000207c777d8e0
Event: 24.423 Thread 0x00000207c7780430 Thread added: 0x00000207c7780430
Event: 24.424 Thread 0x00000207c777d8e0 Thread exited: 0x00000207c777d8e0
Event: 24.424 Thread 0x00000207c7780430 Thread exited: 0x00000207c7780430


Dynamic libraries:
0x00007ff62ea40000 - 0x00007ff62ea50000 	C:\Program Files\Java\jdk-17.0.2\bin\java.exe
0x00007ffe9c380000 - 0x00007ffe9c589000 	C:\Windows\SYSTEM32\ntdll.dll
0x00007ffe9acd0000 - 0x00007ffe9ad8d000 	C:\Windows\System32\KERNEL32.DLL
0x00007ffe99de0000 - 0x00007ffe9a159000 	C:\Windows\System32\KERNELBASE.dll
0x00007ffe99cc0000 - 0x00007ffe99dd1000 	C:\Windows\System32\ucrtbase.dll
0x00007ffe93dd0000 - 0x00007ffe93dea000 	C:\Program Files\Java\jdk-17.0.2\bin\VCRUNTIME140.dll
0x00007ffe96950000 - 0x00007ffe96968000 	C:\Program Files\Java\jdk-17.0.2\bin\jli.dll
0x00007ffe9b9c0000 - 0x00007ffe9ba6e000 	C:\Windows\System32\ADVAPI32.dll
0x00007ffe9bfe0000 - 0x00007ffe9c083000 	C:\Windows\System32\msvcrt.dll
0x00007ffe9a510000 - 0x00007ffe9a5ae000 	C:\Windows\System32\sechost.dll
0x00007ffe9b540000 - 0x00007ffe9b660000 	C:\Windows\System32\RPCRT4.dll
0x00007ffe9a5b0000 - 0x00007ffe9a75c000 	C:\Windows\System32\USER32.dll
0x00007ffe8b040000 - 0x00007ffe8b2e5000 	C:\Windows\WinSxS\amd64_microsoft.windows.common-controls_6595b64144ccf1df_6.0.22000.120_none_9d947278b86cc467\COMCTL32.dll
0x00007ffe99b20000 - 0x00007ffe99b46000 	C:\Windows\System32\win32u.dll
0x00007ffe9b780000 - 0x00007ffe9b7a9000 	C:\Windows\System32\GDI32.dll
0x00007ffe99a00000 - 0x00007ffe99b12000 	C:\Windows\System32\gdi32full.dll
0x00007ffe99870000 - 0x00007ffe9990d000 	C:\Windows\System32\msvcp_win.dll
0x00007ffe92d20000 - 0x00007ffe92d2a000 	C:\Windows\SYSTEM32\VERSION.dll
0x00007ffe9b890000 - 0x00007ffe9b8c1000 	C:\Windows\System32\IMM32.DLL
0x00007ffe77680000 - 0x00007ffe7768c000 	C:\Program Files\Java\jdk-17.0.2\bin\vcruntime140_1.dll
0x00007ffe15110000 - 0x00007ffe1519d000 	C:\Program Files\Java\jdk-17.0.2\bin\msvcp140.dll
0x00007ffe06a20000 - 0x00007ffe075e1000 	C:\Program Files\Java\jdk-17.0.2\bin\server\jvm.dll
0x00007ffe9ba70000 - 0x00007ffe9ba78000 	C:\Windows\System32\PSAPI.DLL
0x00007ffe92d50000 - 0x00007ffe92d83000 	C:\Windows\SYSTEM32\WINMM.dll
0x00007ffe96650000 - 0x00007ffe96659000 	C:\Windows\SYSTEM32\WSOCK32.dll
0x00007ffe9a230000 - 0x00007ffe9a29f000 	C:\Windows\System32\WS2_32.dll
0x00007ffe98a60000 - 0x00007ffe98a78000 	C:\Windows\SYSTEM32\kernel.appcore.dll
0x00007ffe77670000 - 0x00007ffe7767a000 	C:\Program Files\Java\jdk-17.0.2\bin\jimage.dll
0x00007ffe96e60000 - 0x00007ffe97081000 	C:\Windows\SYSTEM32\DBGHELP.DLL
0x00007ffe822a0000 - 0x00007ffe822d1000 	C:\Windows\SYSTEM32\dbgcore.DLL
0x00007ffe99910000 - 0x00007ffe9998f000 	C:\Windows\System32\bcryptPrimitives.dll
0x00007ffe6fac0000 - 0x00007ffe6fae5000 	C:\Program Files\Java\jdk-17.0.2\bin\java.dll
0x00007ffe4b880000 - 0x00007ffe4b956000 	C:\Program Files\Java\jdk-17.0.2\bin\jsvml.dll
0x00007ffe9ad90000 - 0x00007ffe9b53f000 	C:\Windows\System32\SHELL32.dll
0x00007ffe979f0000 - 0x00007ffe98258000 	C:\Windows\SYSTEM32\windows.storage.dll
0x00007ffe9a830000 - 0x00007ffe9aba8000 	C:\Windows\System32\combase.dll
0x00007ffe97880000 - 0x00007ffe979e6000 	C:\Windows\SYSTEM32\wintypes.dll
0x00007ffe9bef0000 - 0x00007ffe9bfda000 	C:\Windows\System32\SHCORE.dll
0x00007ffe9a760000 - 0x00007ffe9a7bd000 	C:\Windows\System32\shlwapi.dll
0x00007ffe997a0000 - 0x00007ffe997c1000 	C:\Windows\SYSTEM32\profapi.dll
0x00007ffe6ef70000 - 0x00007ffe6ef89000 	C:\Program Files\Java\jdk-17.0.2\bin\net.dll
0x00007ffe93fb0000 - 0x00007ffe940bc000 	C:\Windows\SYSTEM32\WINHTTP.dll
0x00007ffe98e90000 - 0x00007ffe98ef7000 	C:\Windows\system32\mswsock.dll
0x00007ffe6ede0000 - 0x00007ffe6edf6000 	C:\Program Files\Java\jdk-17.0.2\bin\nio.dll
0x00007ffe658c0000 - 0x00007ffe658d8000 	C:\Program Files\Java\jdk-17.0.2\bin\zip.dll
0x00000207933b0000 - 0x00000207933b3000 	C:\Program Files\Java\javafx-sdk-18.0.1\bin\api-ms-win-core-console-l1-1-0.dll
0x00000207933c0000 - 0x00000207933c3000 	C:\Program Files\Java\javafx-sdk-18.0.1\bin\api-ms-win-core-console-l1-2-0.dll
0x00000207933d0000 - 0x00000207933d3000 	C:\Program Files\Java\javafx-sdk-18.0.1\bin\api-ms-win-core-datetime-l1-1-0.dll
0x00000207933e0000 - 0x00000207933e3000 	C:\Program Files\Java\javafx-sdk-18.0.1\bin\api-ms-win-core-debug-l1-1-0.dll
0x00000207933f0000 - 0x00000207933f3000 	C:\Program Files\Java\javafx-sdk-18.0.1\bin\api-ms-win-core-errorhandling-l1-1-0.dll
0x0000020795380000 - 0x0000020795384000 	C:\Program Files\Java\javafx-sdk-18.0.1\bin\api-ms-win-core-file-l1-1-0.dll
0x0000020795390000 - 0x0000020795393000 	C:\Program Files\Java\javafx-sdk-18.0.1\bin\api-ms-win-core-file-l1-2-0.dll
0x00000207953a0000 - 0x00000207953a3000 	C:\Program Files\Java\javafx-sdk-18.0.1\bin\api-ms-win-core-file-l2-1-0.dll
0x00000207bd740000 - 0x00000207bd743000 	C:\Program Files\Java\javafx-sdk-18.0.1\bin\api-ms-win-core-handle-l1-1-0.dll
0x00000207bd750000 - 0x00000207bd753000 	C:\Program Files\Java\javafx-sdk-18.0.1\bin\api-ms-win-core-heap-l1-1-0.dll
0x00000207bd760000 - 0x00000207bd763000 	C:\Program Files\Java\javafx-sdk-18.0.1\bin\api-ms-win-core-interlocked-l1-1-0.dll
0x00000207bd770000 - 0x00000207bd773000 	C:\Program Files\Java\javafx-sdk-18.0.1\bin\api-ms-win-core-libraryloader-l1-1-0.dll
0x00000207bd780000 - 0x00000207bd783000 	C:\Program Files\Java\javafx-sdk-18.0.1\bin\api-ms-win-core-localization-l1-2-0.dll
0x00000207bd790000 - 0x00000207bd793000 	C:\Program Files\Java\javafx-sdk-18.0.1\bin\api-ms-win-core-memory-l1-1-0.dll
0x00000207bd7a0000 - 0x00000207bd7a3000 	C:\Program Files\Java\javafx-sdk-18.0.1\bin\api-ms-win-core-namedpipe-l1-1-0.dll
0x00000207bd7b0000 - 0x00000207bd7b3000 	C:\Program Files\Java\javafx-sdk-18.0.1\bin\api-ms-win-core-processenvironment-l1-1-0.dll
0x00000207bd7c0000 - 0x00000207bd7c3000 	C:\Program Files\Java\javafx-sdk-18.0.1\bin\api-ms-win-core-processthreads-l1-1-0.dll
0x00000207bd7d0000 - 0x00000207bd7d3000 	C:\Program Files\Java\javafx-sdk-18.0.1\bin\api-ms-win-core-processthreads-l1-1-1.dll
0x00000207bd7e0000 - 0x00000207bd7e3000 	C:\Program Files\Java\javafx-sdk-18.0.1\bin\api-ms-win-core-profile-l1-1-0.dll
0x00000207bd7f0000 - 0x00000207bd7f3000 	C:\Program Files\Java\javafx-sdk-18.0.1\bin\api-ms-win-core-rtlsupport-l1-1-0.dll
0x00000207bfd00000 - 0x00000207bfd03000 	C:\Program Files\Java\javafx-sdk-18.0.1\bin\api-ms-win-core-string-l1-1-0.dll
0x00000207bfd10000 - 0x00000207bfd13000 	C:\Program Files\Java\javafx-sdk-18.0.1\bin\api-ms-win-core-synch-l1-1-0.dll
0x00000207bfd20000 - 0x00000207bfd23000 	C:\Program Files\Java\javafx-sdk-18.0.1\bin\api-ms-win-core-synch-l1-2-0.dll
0x00000207bfd30000 - 0x00000207bfd33000 	C:\Program Files\Java\javafx-sdk-18.0.1\bin\api-ms-win-core-sysinfo-l1-1-0.dll
0x00000207bfd40000 - 0x00000207bfd43000 	C:\Program Files\Java\javafx-sdk-18.0.1\bin\api-ms-win-core-timezone-l1-1-0.dll
0x00000207bfd50000 - 0x00000207bfd53000 	C:\Program Files\Java\javafx-sdk-18.0.1\bin\api-ms-win-core-util-l1-1-0.dll
0x00000207bfd60000 - 0x00000207bfd63000 	C:\Program Files\Java\javafx-sdk-18.0.1\bin\api-ms-win-crt-conio-l1-1-0.dll
0x00000207bfd70000 - 0x00000207bfd74000 	C:\Program Files\Java\javafx-sdk-18.0.1\bin\api-ms-win-crt-convert-l1-1-0.dll
0x00000207bfd80000 - 0x00000207bfd83000 	C:\Program Files\Java\javafx-sdk-18.0.1\bin\api-ms-win-crt-environment-l1-1-0.dll
0x00000207bfd90000 - 0x00000207bfd93000 	C:\Program Files\Java\javafx-sdk-18.0.1\bin\api-ms-win-crt-filesystem-l1-1-0.dll
0x00000207bfda0000 - 0x00000207bfda3000 	C:\Program Files\Java\javafx-sdk-18.0.1\bin\api-ms-win-crt-heap-l1-1-0.dll
0x00000207bfdb0000 - 0x00000207bfdb3000 	C:\Program Files\Java\javafx-sdk-18.0.1\bin\api-ms-win-crt-locale-l1-1-0.dll
0x00000207bfdc0000 - 0x00000207bfdc5000 	C:\Program Files\Java\javafx-sdk-18.0.1\bin\api-ms-win-crt-math-l1-1-0.dll
0x00000207bfdd0000 - 0x00000207bfdd5000 	C:\Program Files\Java\javafx-sdk-18.0.1\bin\api-ms-win-crt-multibyte-l1-1-0.dll
0x00000207bfde0000 - 0x00000207bfdf0000 	C:\Program Files\Java\javafx-sdk-18.0.1\bin\api-ms-win-crt-private-l1-1-0.dll
0x00000207bfdf0000 - 0x00000207bfdf3000 	C:\Program Files\Java\javafx-sdk-18.0.1\bin\api-ms-win-crt-process-l1-1-0.dll
0x00000207bfe00000 - 0x00000207bfe04000 	C:\Program Files\Java\javafx-sdk-18.0.1\bin\api-ms-win-crt-runtime-l1-1-0.dll
0x00000207bfe10000 - 0x00000207bfe14000 	C:\Program Files\Java\javafx-sdk-18.0.1\bin\api-ms-win-crt-stdio-l1-1-0.dll
0x00000207bfe20000 - 0x00000207bfe24000 	C:\Program Files\Java\javafx-sdk-18.0.1\bin\api-ms-win-crt-string-l1-1-0.dll
0x00000207bfe30000 - 0x00000207bfe33000 	C:\Program Files\Java\javafx-sdk-18.0.1\bin\api-ms-win-crt-time-l1-1-0.dll
0x00000207bfe40000 - 0x00000207bfe43000 	C:\Program Files\Java\javafx-sdk-18.0.1\bin\api-ms-win-crt-utility-l1-1-0.dll
0x00007ffe95610000 - 0x00007ffe9570c000 	C:\Program Files\Java\javafx-sdk-18.0.1\bin\ucrtbase.dll
0x00007ffe94bf0000 - 0x00007ffe94c0a000 	C:\Program Files\Java\javafx-sdk-18.0.1\bin\vcruntime140.dll
0x00007ffe96940000 - 0x00007ffe9694c000 	C:\Program Files\Java\javafx-sdk-18.0.1\bin\vcruntime140_1.dll
0x00007ffe82de0000 - 0x00007ffe82e6d000 	C:\Program Files\Java\javafx-sdk-18.0.1\bin\msvcp140.dll
0x00007ffe82db0000 - 0x00007ffe82ddc000 	C:\Program Files\Java\javafx-sdk-18.0.1\bin\prism_d3d.dll
0x00007ffe8e9e0000 - 0x00007ffe8eb86000 	C:\Windows\system32\d3d9.dll
0x00007ffe97340000 - 0x00007ffe9736f000 	C:\Windows\SYSTEM32\dwmapi.dll
0x00007ffe970e0000 - 0x00007ffe97118000 	C:\Windows\SYSTEM32\dxcore.dll
0x00007ffe96ac0000 - 0x00007ffe96b6c000 	C:\Windows\system32\uxtheme.dll
0x00007ffe8f850000 - 0x00007ffe8f957000 	C:\Windows\System32\DriverStore\FileRepository\nvltig.inf_amd64_ce837e92efe9cbc4\nvldumdx.dll
0x00007ffe99130000 - 0x00007ffe99142000 	C:\Windows\SYSTEM32\msasn1.dll
0x00007ffe910a0000 - 0x00007ffe910d1000 	C:\Windows\SYSTEM32\cryptnet.dll
0x00007ffe99b50000 - 0x00007ffe99cb2000 	C:\Windows\System32\CRYPT32.dll
0x00007ffe8f470000 - 0x00007ffe8f5b9000 	C:\Windows\SYSTEM32\drvstore.dll
0x00007ffe99590000 - 0x00007ffe995bc000 	C:\Windows\SYSTEM32\devobj.dll
0x00007ffe99540000 - 0x00007ffe9958c000 	C:\Windows\SYSTEM32\cfgmgr32.dll
0x00007ffe991a0000 - 0x00007ffe991dd000 	C:\Windows\SYSTEM32\wldp.dll
0x00007ffe990d0000 - 0x00007ffe990dc000 	C:\Windows\SYSTEM32\cryptbase.dll
0x00007ffe99990000 - 0x00007ffe999f7000 	C:\Windows\System32\WINTRUST.DLL
0x00007ffe9b870000 - 0x00007ffe9b88f000 	C:\Windows\System32\imagehlp.dll
0x00007ffe990e0000 - 0x00007ffe990f8000 	C:\Windows\SYSTEM32\CRYPTSP.dll
0x00007ffe989c0000 - 0x00007ffe989f5000 	C:\Windows\system32\rsaenh.dll
0x00007ffe99250000 - 0x00007ffe99277000 	C:\Windows\SYSTEM32\bcrypt.dll
0x00007ffe1daa0000 - 0x00007ffe1f228000 	C:\Windows\System32\DriverStore\FileRepository\nvltig.inf_amd64_ce837e92efe9cbc4\nvd3dumx.dll
0x00007ffe93380000 - 0x00007ffe933c4000 	C:\Windows\SYSTEM32\directxdatabasehelper.dll
0x00007ffe97160000 - 0x00007ffe97194000 	C:\Windows\SYSTEM32\ntmarta.dll
0x00007ffe73670000 - 0x00007ffe736b2000 	C:\Program Files\Java\javafx-sdk-18.0.1\bin\glass.dll
0x00007ffe9c090000 - 0x00007ffe9c17c000 	C:\Windows\System32\COMDLG32.dll
0x00007ffe9a350000 - 0x00007ffe9a4ea000 	C:\Windows\System32\ole32.dll
0x00007ffe9b8e0000 - 0x00007ffe9b9b6000 	C:\Windows\System32\OLEAUT32.dll
0x00007ffe9abb0000 - 0x00007ffe9acce000 	C:\Windows\System32\MSCTF.dll
0x00007ffe2aad0000 - 0x00007ffe2ad93000 	C:\Windows\system32\nvspcap64.dll
0x00007ffe98f20000 - 0x00007ffe98f44000 	C:\Windows\SYSTEM32\gpapi.dll
0x00007ffe82d90000 - 0x00007ffe82da4000 	C:\Program Files\Java\javafx-sdk-18.0.1\bin\javafx_font.dll
0x00007ffe732c0000 - 0x00007ffe7351f000 	C:\Windows\SYSTEM32\dwrite.dll
0x00007ffe9a2a0000 - 0x00007ffe9a34f000 	C:\Windows\System32\clbcatq.dll
0x00007ffe91120000 - 0x00007ffe912ce000 	C:\Windows\SYSTEM32\WindowsCodecs.dll
0x00007ffe71060000 - 0x00007ffe710bd000 	C:\Windows\system32\dataexchange.dll
0x00007ffe90580000 - 0x00007ffe907e6000 	C:\Windows\system32\twinapi.appcore.dll
0x00007ffe6efa0000 - 0x00007ffe6efd2000 	C:\Program Files\Common Files\Microsoft Shared\Ink\rtscom.dll
0x00007ffe7dd60000 - 0x00007ffe7de8d000 	C:\Windows\SYSTEM32\textinputframework.dll
0x00007ffe96510000 - 0x00007ffe96642000 	C:\Windows\SYSTEM32\CoreMessaging.dll

dbghelp: loaded successfully - version: 4.0.5 - missing functions: none
symbol engine: initialized successfully - sym options: 0x614 - pdb path: .;C:\Program Files\Java\jdk-17.0.2\bin;C:\Windows\SYSTEM32;C:\Windows\WinSxS\amd64_microsoft.windows.common-controls_6595b64144ccf1df_6.0.22000.120_none_9d947278b86cc467;C:\Program Files\Java\jdk-17.0.2\bin\server;C:\Program Files\Java\javafx-sdk-18.0.1\bin;C:\Windows\System32\DriverStore\FileRepository\nvltig.inf_amd64_ce837e92efe9cbc4;C:\Program Files\Common Files\Microsoft Shared\Ink

VM Arguments:
jvm_args: -Dfile.encoding=UTF-8 --add-modules=javafx.controls,javafx.fxml --module-path=C:\Users\juanc\OneDrive\Documentos\Universidad 3\POO\SEATORA\build\classes;C:\Program Files\Java\javafx-sdk-18.0.1\lib\javafx-swt.jar;C:\Program Files\Java\javafx-sdk-18.0.1\lib\javafx.base.jar;C:\Program Files\Java\javafx-sdk-18.0.1\lib\javafx.controls.jar;C:\Program Files\Java\javafx-sdk-18.0.1\lib\javafx.fxml.jar;C:\Program Files\Java\javafx-sdk-18.0.1\lib\javafx.graphics.jar;C:\Program Files\Java\javafx-sdk-18.0.1\lib\javafx.media.jar;C:\Program Files\Java\javafx-sdk-18.0.1\lib\javafx.swing.jar;C:\Program Files\Java\javafx-sdk-18.0.1\lib\javafx.web.jar 
java_command: start.Seatora
java_class_path (initial): C:\Program Files\Java\javafx-sdk-18.0.1\lib\javafx-swt.jar;C:\Program Files\Java\javafx-sdk-18.0.1\lib\javafx.base.jar;C:\Program Files\Java\javafx-sdk-18.0.1\lib\javafx.controls.jar;C:\Program Files\Java\javafx-sdk-18.0.1\lib\javafx.fxml.jar;C:\Program Files\Java\javafx-sdk-18.0.1\lib\javafx.graphics.jar;C:\Program Files\Java\javafx-sdk-18.0.1\lib\javafx.media.jar;C:\Program Files\Java\javafx-sdk-18.0.1\lib\javafx.swing.jar;C:\Program Files\Java\javafx-sdk-18.0.1\lib\javafx.web.jar;C:\Users\juanc\OneDrive\Documentos\Universidad 3\POO\SEATORA\build\classes
Launcher Type: SUN_STANDARD

[Global flags]
     intx CICompilerCount                          = 12                                        {product} {ergonomic}
     uint ConcGCThreads                            = 3                                         {product} {ergonomic}
     uint G1ConcRefinementThreads                  = 13                                        {product} {ergonomic}
   size_t G1HeapRegionSize                         = 4194304                                   {product} {ergonomic}
    uintx GCDrainStackTargetSize                   = 64                                        {product} {ergonomic}
   size_t InitialHeapSize                          = 402653184                                 {product} {ergonomic}
   size_t MarkStackSize                            = 4194304                                   {product} {ergonomic}
   size_t MaxHeapSize                              = 6404702208                                {product} {ergonomic}
   size_t MaxNewSize                               = 3841982464                                {product} {ergonomic}
   size_t MinHeapDeltaBytes                        = 4194304                                   {product} {ergonomic}
   size_t MinHeapSize                              = 8388608                                   {product} {ergonomic}
    uintx NonNMethodCodeHeapSize                   = 7602480                                {pd product} {ergonomic}
    uintx NonProfiledCodeHeapSize                  = 122027880                              {pd product} {ergonomic}
    uintx ProfiledCodeHeapSize                     = 122027880                              {pd product} {ergonomic}
    uintx ReservedCodeCacheSize                    = 251658240                              {pd product} {ergonomic}
     bool SegmentedCodeCache                       = true                                      {product} {ergonomic}
   size_t SoftMaxHeapSize                          = 6404702208                             {manageable} {ergonomic}
     bool UseCompressedClassPointers               = true                           {product lp64_product} {ergonomic}
     bool UseCompressedOops                        = true                           {product lp64_product} {ergonomic}
     bool UseG1GC                                  = true                                      {product} {ergonomic}
     bool UseLargePagesIndividualAllocation        = false                                  {pd product} {ergonomic}

Logging:
Log output configuration:
 #0: stdout all=off uptime,level,tags
 #1: stderr all=off uptime,level,tags

Environment Variables:
PATH=C:\Program Files\Common Files\Oracle\Java\javapath;C:\Program Files (x86)\Common Files\Oracle\Java\javapath;C:\Windows\system32;C:\Windows;C:\Windows\System32\Wbem;C:\Windows\System32\WindowsPowerShell\v1.0\;C:\Windows\System32\OpenSSH\;C:\Program Files (x86)\NVIDIA Corporation\PhysX\Common;C:\Program Files\NVIDIA Corporation\NVIDIA NvDLISR;C:\Users\juanc\AppData\Local\Microsoft\WindowsApps;;C:\Users\juanc\AppData\Local\Programs\Microsoft VS Code\bin
USERNAME=juanc
OS=Windows_NT
PROCESSOR_IDENTIFIER=AMD64 Family 25 Model 80 Stepping 0, AuthenticAMD



---------------  S Y S T E M  ---------------

OS:
 Windows 11 , 64 bit Build 22000 (10.0.22000.675)
OS uptime: 0 days 1:23 hours

CPU: total 16 (initial active 16) (16 cores per cpu, 2 threads per core) family 25 model 80 stepping 0 microcode 0x0, cx8, cmov, fxsr, ht, mmx, 3dnowpref, sse, sse2, sse3, ssse3, sse4a, sse4.1, sse4.2, popcnt, lzcnt, tsc, tscinvbit, avx, avx2, aes, erms, clmul, bmi1, bmi2, adx, sha, fma, vzeroupper, clflush, clflushopt

Memory: 4k page, system-wide physical 24428M (16799M free)
TotalPageFile size 28012M (AvailPageFile size 17125M)
current process WorkingSet (physical memory assigned to process): 189M, peak: 270M
current process commit charge ("private bytes"): 643M, peak: 720M

vm_info: Java HotSpot(TM) 64-Bit Server VM (17.0.2+8-LTS-86) for windows-amd64 JRE (17.0.2+8-LTS-86), built on Dec  7 2021 21:51:03 by "mach5one" with MS VC++ 16.8 / 16.9 (VS2019)

END.
