#
# A fatal error has been detected by the Java Runtime Environment:
#
#  EXCEPTION_ACCESS_VIOLATION (0xc0000005) at pc=0x00007ff9294662d7, pid=2912, tid=21776
#
# JRE version: Java(TM) SE Runtime Environment (17.0.2+8) (build 17.0.2+8-LTS-86)
# Java VM: Java HotSpot(TM) 64-Bit Server VM (17.0.2+8-LTS-86, mixed mode, sharing, tiered, compressed oops, compressed class ptrs, g1 gc, windows-amd64)
# Problematic frame:
# C  [glass.dll+0x262d7]
#
# No core dump will be written. Minidumps are not enabled by default on client versions of Windows
#
# If you would like to submit a bug report, please visit:
#   https://bugreport.java.com/bugreport/crash.jsp
#

---------------  S U M M A R Y ------------

Command Line: -Dfile.encoding=UTF-8 --add-modules=javafx.controls,javafx.fxml --module-path=C:\Users\juanc\OneDrive\Documentos\Universidad 3\POO\SEATORA\build\classes;C:\Program Files\Java\javafx-sdk-18.0.1\lib\javafx-swt.jar;C:\Program Files\Java\javafx-sdk-18.0.1\lib\javafx.base.jar;C:\Program Files\Java\javafx-sdk-18.0.1\lib\javafx.controls.jar;C:\Program Files\Java\javafx-sdk-18.0.1\lib\javafx.fxml.jar;C:\Program Files\Java\javafx-sdk-18.0.1\lib\javafx.graphics.jar;C:\Program Files\Java\javafx-sdk-18.0.1\lib\javafx.media.jar;C:\Program Files\Java\javafx-sdk-18.0.1\lib\javafx.swing.jar;C:\Program Files\Java\javafx-sdk-18.0.1\lib\javafx.web.jar start.Seatora

Host: AMD Ryzen 7 5800H with Radeon Graphics         , 16 cores, 23G,  Windows 11 , 64 bit Build 22000 (10.0.22000.675)
Time: Thu May 26 01:36:22 2022 Hora est. Pacífico, Sudamérica elapsed time: 66.949563 seconds (0d 0h 1m 6s)

---------------  T H R E A D  ---------------

Current thread (0x00000206d62dca00):  VMThread "VM Thread" [stack: 0x00000044b8200000,0x00000044b8300000] [id=21776]

Stack: [0x00000044b8200000,0x00000044b8300000],  sp=0x00000044b82ff0f0,  free space=1020k
Native frames: (J=compiled Java code, j=interpreted, Vv=VM code, C=native code)
C  [glass.dll+0x262d7]


siginfo: EXCEPTION_ACCESS_VIOLATION (0xc0000005), reading address 0x0000000000000000


Register to memory mapping:

RIP=0x00007ff9294662d7 glass.dll
RAX=0x0 is NULL
RBX=0x00000206e0a37e00 is a global jni handle
RCX=0x00000206d62dca00 points into unknown readable memory: 0x00007ff8c679e890 | 90 e8 79 c6 f8 7f 00 00
RDX=0x00000044b82ff0f0 points into unknown readable memory: 0x0000000000000000 | 00 00 00 00 00 00 00 00
RSP=0x00000044b82ff0f0 points into unknown readable memory: 0x0000000000000000 | 00 00 00 00 00 00 00 00
RBP=0x00000206d7cbb708 points into unknown readable memory: 0x00000a9614fcf4d5 | d5 f4 fc 14 96 0a 00 00
RSI=0x00000206d7cbb6e0 points into unknown readable memory: 0xff252250cf7cf4da | da f4 7c cf 50 22 25 ff
RDI=0x00000a9614fcf4d5 is an unknown value
R8 =0x0000000000010002 is an unknown value
R9 =0x00000a9614fcf4d5 is an unknown value
R10=0x85f13e9656da4870 is an unknown value
R11=0x00000044b82ff080 points into unknown readable memory: 0x00000206d7cbb6e0 | e0 b6 cb d7 06 02 00 00
R12=0x00007ff929463bc4 glass.dll
R13=0x00007ff8c69449d0 jvm.dll
R14=0x00000044b82ff1f8 points into unknown readable memory: 0x00000044b82ff1e0 | e0 f1 2f b8 44 00 00 00
R15=0x00000206d7cbb6e0 points into unknown readable memory: 0xff252250cf7cf4da | da f4 7c cf 50 22 25 ff


Registers:
RAX=0x0000000000000000, RBX=0x00000206e0a37e00, RCX=0x00000206d62dca00, RDX=0x00000044b82ff0f0
RSP=0x00000044b82ff0f0, RBP=0x00000206d7cbb708, RSI=0x00000206d7cbb6e0, RDI=0x00000a9614fcf4d5
R8 =0x0000000000010002, R9 =0x00000a9614fcf4d5, R10=0x85f13e9656da4870, R11=0x00000044b82ff080
R12=0x00007ff929463bc4, R13=0x00007ff8c69449d0, R14=0x00000044b82ff1f8, R15=0x00000206d7cbb6e0
RIP=0x00007ff9294662d7, EFLAGS=0x0000000000010206

Top of Stack: (sp=0x00000044b82ff0f0)
0x00000044b82ff0f0:   0000000000000000 00000206d7cbb6e0
0x00000044b82ff100:   00007ff8c69449d0 00007ff929463bc4
0x00000044b82ff110:   00000206d7cbb6e8 00007ff95a64bea0
0x00000044b82ff120:   00000a9614fcf4d5 0000020600000000
0x00000044b82ff130:   00000206d7cbb708 00000206d7cbb6e0
0x00000044b82ff140:   fffffffffffffffe 0000000000000000
0x00000044b82ff150:   0000000000000001 00007ff929440000
0x00000044b82ff160:   00000044b82ff1e8 00007ff95a64bdb7
0x00000044b82ff170:   0000000000000000 00000044b82ff1f8
0x00000044b82ff180:   00000044b82ff4d0 00007ff95a7312b0
0x00000044b82ff190:   0000000000000001 00007ff95a64bd6d
0x00000044b82ff1a0:   0000000000000000 0000000000000001
0x00000044b82ff1b0:   0000000000000000 00000044b82ff1e8
0x00000044b82ff1c0:   fffffffffffffffe 0000004400000000
0x00000044b82ff1d0:   ffffffff00000001 00007ff929463a51
0x00000044b82ff1e0:   00007ff929479f88 00007ff800000002 

Instructions: (pc=0x00007ff9294662d7)
0x00007ff9294661d7:   8b 4d 58 e8 2d cf ff ff 48 8b 4d 60 e8 24 cf ff
0x00007ff9294661e7:   ff 48 8b 95 80 00 00 00 48 8b 8d 18 01 00 00 e8
0x00007ff9294661f7:   16 c4 ff ff 33 d2 33 c9 e8 5c e1 ff ff 90 48 89
0x00007ff929466207:   54 24 10 55 48 83 ec 20 48 8b ea 48 b8 00 00 00
0x00007ff929466217:   00 00 00 00 00 48 83 c4 20 5d c3 cc 40 55 48 8b
0x00007ff929466227:   ea 48 8b 01 33 c9 81 38 05 00 00 c0 0f 94 c1 8b
0x00007ff929466237:   c1 5d c3 cc 40 55 48 83 ec 20 48 8b ea 8a 4d 40
0x00007ff929466247:   48 83 c4 20 5d e9 17 d3 ff ff cc 40 55 48 83 ec
0x00007ff929466257:   20 48 8b ea 8a 4d 20 e8 05 d3 ff ff 90 48 83 c4
0x00007ff929466267:   20 5d c3 cc 40 55 48 83 ec 20 48 8b ea 48 83 c4
0x00007ff929466277:   20 5d e9 66 d1 ff ff cc 40 55 48 83 ec 30 48 8b
0x00007ff929466287:   ea 48 8b 01 8b 10 48 89 4c 24 28 89 54 24 20 4c
0x00007ff929466297:   8d 0d 07 d6 ff ff 4c 8b 45 70 8b 55 68 48 8b 4d
0x00007ff9294662a7:   60 e8 a7 d0 ff ff 90 48 83 c4 30 5d c3 cc cc cc
0x00007ff9294662b7:   cc cc cc cc cc cc cc cc cc 40 53 48 83 ec 20 48
0x00007ff9294662c7:   8b 1d bb 36 01 00 48 85 db 74 16 e8 59 8b ff ff
0x00007ff9294662d7:   4c 8b 00 48 8b d3 48 8b c8 41 ff 90 b0 00 00 00
0x00007ff9294662e7:   90 48 83 c4 20 5b c3 cc cc 40 53 48 83 ec 20 48
0x00007ff9294662f7:   8b 1d 2b 38 01 00 48 85 db 74 57 b8 ff ff ff ff
0x00007ff929466307:   f0 0f c1 43 10 83 f8 01 75 3d 48 85 db 74 38 48
0x00007ff929466317:   8b 0b 48 85 c9 74 0d ff 15 84 0f 00 00 48 c7 03
0x00007ff929466327:   00 00 00 00 48 8b 4b 08 48 85 c9 74 0d e8 d3 cd
0x00007ff929466337:   ff ff 48 c7 43 08 00 00 00 00 ba 18 00 00 00 48
0x00007ff929466347:   8b cb e8 be cd ff ff 48 c7 05 cf 37 01 00 00 00
0x00007ff929466357:   00 00 48 83 c4 20 5b c3 cc 40 53 48 83 ec 20 48
0x00007ff929466367:   8b 1d 9b 37 01 00 48 85 db 74 57 b8 ff ff ff ff
0x00007ff929466377:   f0 0f c1 43 10 83 f8 01 75 3d 48 85 db 74 38 48
0x00007ff929466387:   8b 0b 48 85 c9 74 0d ff 15 14 0f 00 00 48 c7 03
0x00007ff929466397:   00 00 00 00 48 8b 4b 08 48 85 c9 74 0d e8 63 cd
0x00007ff9294663a7:   ff ff 48 c7 43 08 00 00 00 00 ba 18 00 00 00 48
0x00007ff9294663b7:   8b cb e8 4e cd ff ff 48 c7 05 3f 37 01 00 00 00
0x00007ff9294663c7:   00 00 48 83 c4 20 5b c3 cc 40 53 48 83 ec 20 48 


Stack slot to memory mapping:
stack at sp + 0 slots: 0x0 is NULL
stack at sp + 1 slots: 0x00000206d7cbb6e0 points into unknown readable memory: 0xff252250cf7cf4da | da f4 7c cf 50 22 25 ff
stack at sp + 2 slots: 0x00007ff8c69449d0 jvm.dll
stack at sp + 3 slots: 0x00007ff929463bc4 glass.dll
stack at sp + 4 slots: 0x00000206d7cbb6e8 points into unknown readable memory: 0x00000a9614fcf4d5 | d5 f4 fc 14 96 0a 00 00
stack at sp + 5 slots: 0x00007ff95a64bea0 ucrtbase.dll
stack at sp + 6 slots: 0x00000a9614fcf4d5 is an unknown value
stack at sp + 7 slots: 0x0000020600000000 is an unknown value

VM_Operation (0x00000044b9bf6820): Exit, mode: safepoint, requested by thread 0x00000206d76daa00


---------------  P R O C E S S  ---------------

Threads class SMR info:
_java_thread_list=0x00000206d8276120, length=20, elements={
0x00000206adfcd130, 0x00000206d62e05f0, 0x00000206d62e1460, 0x00000206d62f6ad0,
0x00000206d62f7480, 0x00000206d62f7e30, 0x00000206d62f87e0, 0x00000206d62fb580,
0x00000206d6307530, 0x00000206d630af40, 0x00000206d6e3aae0, 0x00000206d7b79750,
0x00000206d7cb9ae0, 0x00000206d76daa00, 0x00000206d7e15c30, 0x00000206d7e57070,
0x00000206e130f0c0, 0x00000206e1a60b40, 0x00000206e1a5f330, 0x00000206e1bb6d90
}

Java Threads: ( => current thread )
  0x00000206adfcd130 JavaThread "main" [_thread_blocked, id=19520, stack(0x00000044b7c00000,0x00000044b7d00000)]
  0x00000206d62e05f0 JavaThread "Reference Handler" daemon [_thread_blocked, id=6724, stack(0x00000044b8300000,0x00000044b8400000)]
  0x00000206d62e1460 JavaThread "Finalizer" daemon [_thread_blocked, id=172, stack(0x00000044b8400000,0x00000044b8500000)]
  0x00000206d62f6ad0 JavaThread "Signal Dispatcher" daemon [_thread_blocked, id=20464, stack(0x00000044b8500000,0x00000044b8600000)]
  0x00000206d62f7480 JavaThread "Attach Listener" daemon [_thread_blocked, id=21576, stack(0x00000044b8600000,0x00000044b8700000)]
  0x00000206d62f7e30 JavaThread "Service Thread" daemon [_thread_blocked, id=18488, stack(0x00000044b8700000,0x00000044b8800000)]
  0x00000206d62f87e0 JavaThread "Monitor Deflation Thread" daemon [_thread_blocked, id=4156, stack(0x00000044b8800000,0x00000044b8900000)]
  0x00000206d62fb580 JavaThread "C2 CompilerThread0" daemon [_thread_blocked, id=19000, stack(0x00000044b8900000,0x00000044b8a00000)]
  0x00000206d6307530 JavaThread "C1 CompilerThread0" daemon [_thread_blocked, id=22300, stack(0x00000044b8a00000,0x00000044b8b00000)]
  0x00000206d630af40 JavaThread "Sweeper thread" daemon [_thread_blocked, id=21120, stack(0x00000044b8b00000,0x00000044b8c00000)]
  0x00000206d6e3aae0 JavaThread "Common-Cleaner" daemon [_thread_blocked, id=22360, stack(0x00000044b8d00000,0x00000044b8e00000)]
  0x00000206d7b79750 JavaThread "Notification Thread" daemon [_thread_blocked, id=11152, stack(0x00000044b9600000,0x00000044b9700000)]
  0x00000206d7cb9ae0 JavaThread "InvokeLaterDispatcher" daemon [_thread_blocked, id=13504, stack(0x00000044b9a00000,0x00000044b9b00000)]
  0x00000206d76daa00 JavaThread "JavaFX Application Thread" [_thread_blocked, id=18912, stack(0x00000044b9b00000,0x00000044b9c00000)]
  0x00000206d7e15c30 JavaThread "JavaFX-Launcher" [_thread_blocked, id=22084, stack(0x00000044b9e10000,0x00000044b9f10000)]
  0x00000206d7e57070 JavaThread "Thread-2" daemon [_thread_in_native, id=5508, stack(0x00000044b9d10000,0x00000044b9e10000)]
  0x00000206e130f0c0 JavaThread "Prism Font Disposer" daemon [_thread_blocked, id=5228, stack(0x00000044b9500000,0x00000044b9600000)]
  0x00000206e1a60b40 JavaThread "Cleaner-0" daemon [_thread_blocked, id=13960, stack(0x00000044bab10000,0x00000044bac10000)]
  0x00000206e1a5f330 JavaThread "Java2D Disposer" daemon [_thread_blocked, id=6964, stack(0x00000044b8c00000,0x00000044b8d00000)]
  0x00000206e1bb6d90 JavaThread "AWT-Shutdown" [_thread_blocked, id=19804, stack(0x00000044b8e10000,0x00000044b8f10000)]

Other Threads:
=>0x00000206d62dca00 VMThread "VM Thread" [stack: 0x00000044b8200000,0x00000044b8300000] [id=21776]
  0x00000206ae02ca10 GCTaskThread "GC Thread#0" [stack: 0x00000044b7d00000,0x00000044b7e00000] [id=12664]
  0x00000206d7e57950 GCTaskThread "GC Thread#1" [stack: 0x00000044b9f10000,0x00000044ba010000] [id=7612]
  0x00000206d7e52c30 GCTaskThread "GC Thread#2" [stack: 0x00000044ba010000,0x00000044ba110000] [id=21964]
  0x00000206d7fe50f0 GCTaskThread "GC Thread#3" [stack: 0x00000044ba110000,0x00000044ba210000] [id=1764]
  0x00000206d7fe53a0 GCTaskThread "GC Thread#4" [stack: 0x00000044ba210000,0x00000044ba310000] [id=5012]
  0x00000206d7fe5650 GCTaskThread "GC Thread#5" [stack: 0x00000044ba310000,0x00000044ba410000] [id=20808]
  0x00000206d7e4c610 GCTaskThread "GC Thread#6" [stack: 0x00000044ba410000,0x00000044ba510000] [id=19356]
  0x00000206d7e4cad0 GCTaskThread "GC Thread#7" [stack: 0x00000044ba510000,0x00000044ba610000] [id=22440]
  0x00000206d7e4d1a0 GCTaskThread "GC Thread#8" [stack: 0x00000044ba610000,0x00000044ba710000] [id=21516]
  0x00000206d8056f70 GCTaskThread "GC Thread#9" [stack: 0x00000044b9100000,0x00000044b9200000] [id=21048]
  0x00000206d8057a30 GCTaskThread "GC Thread#10" [stack: 0x00000044b9400000,0x00000044b9500000] [id=6336]
  0x00000206d8056760 GCTaskThread "GC Thread#11" [stack: 0x00000044b9900000,0x00000044b9a00000] [id=5100]
  0x00000206d7122060 GCTaskThread "GC Thread#12" [stack: 0x00000044bac20000,0x00000044bad20000] [id=21724]
  0x00000206ae039820 ConcurrentGCThread "G1 Main Marker" terminated
  0x00000206ae03a9d0 ConcurrentGCThread "G1 Conc#0" [stack: 0x00000044b7f00000,0x00000044b8000000] [id=18628]
  0x00000206d7123b40 ConcurrentGCThread "G1 Conc#1" [stack: 0x00000044bad20000,0x00000044bae20000] [id=15620]
  0x00000206d7122310 ConcurrentGCThread "G1 Conc#2" [stack: 0x00000044bb120000,0x00000044bb220000] [id=16816]
  0x00000206ae0a5a50 ConcurrentGCThread "G1 Refine#0" terminated
  0x00000206ae0a6470 ConcurrentGCThread "G1 Service" terminated

Threads with active compile tasks:

VM state: at safepoint (shutting down)

VM Mutex/Monitor currently owned by a thread:  ([mutex/lock_event])
[0x00000206adfc8b80] Threads_lock - owner thread: 0x00000206d62dca00
[0x00000206adfc9fc0] Heap_lock - owner thread: 0x00000206d76daa00

Heap address: 0x0000000682400000, size: 6108 MB, Compressed Oops mode: Zero based, Oop shift amount: 3

CDS archive(s) mapped at: [0x0000000800000000-0x0000000800bc0000-0x0000000800bc0000), size 12320768, SharedBaseAddress: 0x0000000800000000, ArchiveRelocationMode: 0.
Compressed class space mapped at: 0x0000000800c00000-0x0000000840c00000, reserved size: 1073741824
Narrow klass base: 0x0000000800000000, Narrow klass shift: 0, Narrow klass range: 0x100000000

GC Precious Log:
 CPUs: 16 total, 16 available
 Memory: 24428M
 Large Page Support: Disabled
 NUMA Support: Disabled
 Compressed Oops: Enabled (Zero based)
 Heap Region Size: 4M
 Heap Min Capacity: 8M
 Heap Initial Capacity: 384M
 Heap Max Capacity: 6108M
 Pre-touch: Disabled
 Parallel Workers: 13
 Concurrent Workers: 3
 Concurrent Refinement Workers: 13
 Periodic GC: Disabled

Heap:
 garbage-first heap   total 110592K, used 77955K [0x0000000682400000, 0x0000000800000000)
  region size 4096K, 15 young (61440K), 3 survivors (12288K)
 Metaspace       used 25320K, committed 25600K, reserved 1073152K
  class space    used 3420K, committed 3584K, reserved 1048576K

Heap Regions: E=young(eden), S=young(survivor), O=old, HS=humongous(starts), HC=humongous(continues), CS=collection set, F=free, OA=open archive, CA=closed archive, TAMS=top-at-mark-start (previous, next)
|   0|0x0000000682400000, 0x0000000682800000, 0x0000000682800000|100%|HS|  |TAMS 0x0000000682800000, 0x0000000682400000| Complete 
|   1|0x0000000682800000, 0x0000000682c00000, 0x0000000682c00000|100%|HS|  |TAMS 0x0000000682c00000, 0x0000000682800000| Complete 
|   2|0x0000000682c00000, 0x0000000682c3be00, 0x0000000683000000|  5%| O|  |TAMS 0x0000000682c3be00, 0x0000000682c00000| Complete 
|   3|0x0000000683000000, 0x0000000683400000, 0x0000000683400000|100%|HS|  |TAMS 0x0000000683400000, 0x0000000683000000| Complete 
|   4|0x0000000683400000, 0x0000000683800000, 0x0000000683800000|100%|HS|  |TAMS 0x0000000683400000, 0x0000000683400000| Complete 
|   5|0x0000000683800000, 0x0000000683c00000, 0x0000000683c00000|100%|HS|  |TAMS 0x0000000683800000, 0x0000000683800000| Complete 
|   6|0x0000000683c00000, 0x0000000683c00000, 0x0000000684000000|  0%| F|  |TAMS 0x0000000683c00000, 0x0000000683c00000| Untracked 
|   7|0x0000000684000000, 0x0000000684000000, 0x0000000684400000|  0%| F|  |TAMS 0x0000000684000000, 0x0000000684000000| Untracked 
|   8|0x0000000684400000, 0x0000000684400000, 0x0000000684800000|  0%| F|  |TAMS 0x0000000684400000, 0x0000000684400000| Untracked 
|   9|0x0000000684800000, 0x0000000684800000, 0x0000000684c00000|  0%| F|  |TAMS 0x0000000684800000, 0x0000000684800000| Untracked 
|  10|0x0000000684c00000, 0x0000000684c00000, 0x0000000685000000|  0%| F|  |TAMS 0x0000000684c00000, 0x0000000684c00000| Untracked 
|  11|0x0000000685000000, 0x0000000685000000, 0x0000000685400000|  0%| F|  |TAMS 0x0000000685000000, 0x0000000685000000| Untracked 
|  12|0x0000000685400000, 0x0000000685800000, 0x0000000685800000|100%| E|  |TAMS 0x0000000685400000, 0x0000000685400000| Complete 
|  13|0x0000000685800000, 0x0000000685c00000, 0x0000000685c00000|100%| E|CS|TAMS 0x0000000685800000, 0x0000000685800000| Complete 
|  14|0x0000000685c00000, 0x0000000686000000, 0x0000000686000000|100%| E|CS|TAMS 0x0000000685c00000, 0x0000000685c00000| Complete 
|  15|0x0000000686000000, 0x0000000686400000, 0x0000000686400000|100%| E|CS|TAMS 0x0000000686000000, 0x0000000686000000| Complete 
|  16|0x0000000686400000, 0x0000000686800000, 0x0000000686800000|100%| E|CS|TAMS 0x0000000686400000, 0x0000000686400000| Complete 
|  17|0x0000000686800000, 0x0000000686c00000, 0x0000000686c00000|100%| E|CS|TAMS 0x0000000686800000, 0x0000000686800000| Complete 
|  18|0x0000000686c00000, 0x0000000687000000, 0x0000000687000000|100%| E|CS|TAMS 0x0000000686c00000, 0x0000000686c00000| Complete 
|  19|0x0000000687000000, 0x0000000687400000, 0x0000000687400000|100%| E|CS|TAMS 0x0000000687000000, 0x0000000687000000| Complete 
|  20|0x0000000687400000, 0x0000000687800000, 0x0000000687800000|100%| E|CS|TAMS 0x0000000687400000, 0x0000000687400000| Complete 
|  21|0x0000000687800000, 0x0000000687c00000, 0x0000000687c00000|100%| E|CS|TAMS 0x0000000687800000, 0x0000000687800000| Complete 
|  22|0x0000000687c00000, 0x0000000688000000, 0x0000000688000000|100%| E|CS|TAMS 0x0000000687c00000, 0x0000000687c00000| Complete 
|  81|0x0000000696800000, 0x0000000696be51e8, 0x0000000696c00000| 97%| S|CS|TAMS 0x0000000696800000, 0x0000000696800000| Complete 
|  82|0x0000000696c00000, 0x0000000697000000, 0x0000000697000000|100%| S|CS|TAMS 0x0000000696c00000, 0x0000000696c00000| Complete 
|  85|0x0000000697800000, 0x0000000697c00000, 0x0000000697c00000|100%| S|CS|TAMS 0x0000000697800000, 0x0000000697800000| Complete 
|  95|0x000000069a000000, 0x000000069a400000, 0x000000069a400000|100%| E|CS|TAMS 0x000000069a000000, 0x000000069a000000| Complete 

Card table byte_map: [0x00000206c5ca0000,0x00000206c6890000] _byte_map_base: 0x00000206c288e000

Marking Bits (Prev, Next): (CMBitMap*) 0x00000206ae02d060, (CMBitMap*) 0x00000206ae02d020
 Prev Bits: [0x00000206cd3f0000, 0x00000206d3360000)
 Next Bits: [0x00000206c7480000, 0x00000206cd3f0000)

Polling page: 0x00000206abfe0000

Metaspace:

Usage:
  Non-class:     21.39 MB used.
      Class:      3.34 MB used.
       Both:     24.73 MB used.

Virtual space:
  Non-class space:       24.00 MB reserved,      21.50 MB ( 90%) committed,  3 nodes.
      Class space:        1.00 GB reserved,       3.50 MB ( <1%) committed,  1 nodes.
             Both:        1.02 GB reserved,      25.00 MB (  2%) committed. 

Chunk freelists:
   Non-Class:  2.33 MB
       Class:  457.00 KB
        Both:  2.77 MB

MaxMetaspaceSize: unlimited
CompressedClassSpaceSize: 1.00 GB
Initial GC threshold: 21.00 MB
Current GC threshold: 35.25 MB
CDS: on
MetaspaceReclaimPolicy: balanced
 - commit_granule_bytes: 65536.
 - commit_granule_words: 8192.
 - virtual_space_node_default_size: 1048576.
 - enlarge_chunks_in_place: 1.
 - new_chunks_are_fully_committed: 0.
 - uncommit_free_chunks: 1.
 - use_allocation_guard: 0.
 - handle_deallocations: 1.


Internal statistics:

num_allocs_failed_limit: 3.
num_arena_births: 326.
num_arena_deaths: 0.
num_vsnodes_births: 4.
num_vsnodes_deaths: 0.
num_space_committed: 400.
num_space_uncommitted: 0.
num_chunks_returned_to_freelist: 3.
num_chunks_taken_from_freelist: 1035.
num_chunk_merges: 3.
num_chunk_splits: 709.
num_chunks_enlarged: 541.
num_purges: 0.
num_inconsistent_stats: 0.

CodeHeap 'non-profiled nmethods': size=119168Kb used=2337Kb max_used=3229Kb free=116830Kb
 bounds [0x00000206bd3d0000, 0x00000206bd700000, 0x00000206c4830000]
CodeHeap 'profiled nmethods': size=119104Kb used=10694Kb max_used=12629Kb free=108410Kb
 bounds [0x00000206b5f80000, 0x00000206b6be0000, 0x00000206bd3d0000]
CodeHeap 'non-nmethods': size=7488Kb used=1543Kb max_used=3304Kb free=5944Kb
 bounds [0x00000206b5830000, 0x00000206b5be0000, 0x00000206b5f80000]
 total_blobs=6051 nmethods=5114 adapters=849
 compilation: enabled
              stopped_count=0, restarted_count=0
 full_count=0

Compilation events (20 events):
Event: 66.196 Thread 0x00000206d6307530 5844       3       com.sun.javafx.tk.quantum.GlassScene::waitForSynchronization (7 bytes)
Event: 66.196 Thread 0x00000206d6307530 nmethod 5844 0x00000206b636ab90 code [0x00000206b636ad60, 0x00000206b636b118]
Event: 66.196 Thread 0x00000206d6307530 5845       3       javafx.scene.Scene::syncLights (177 bytes)
Event: 66.196 Thread 0x00000206d6307530 nmethod 5845 0x00000206b611b310 code [0x00000206b611b5e0, 0x00000206b611ca78]
Event: 66.196 Thread 0x00000206d6307530 5846       3       javafx.scene.Scene$ScenePulseListener::synchronizeSceneProperties (189 bytes)
Event: 66.197 Thread 0x00000206d6307530 nmethod 5846 0x00000206b5fd8f10 code [0x00000206b5fd9480, 0x00000206b5fdc878]
Event: 66.197 Thread 0x00000206d6307530 5847       3       javafx.scene.Scene$MouseHandler::pulse (22 bytes)
Event: 66.198 Thread 0x00000206d6307530 nmethod 5847 0x00000206b5fe5810 code [0x00000206b5fe59c0, 0x00000206b5fe5c48]
Event: 66.198 Thread 0x00000206d6307530 5848       3       com.sun.javafx.tk.quantum.GlassScene::releaseSynchronization (15 bytes)
Event: 66.198 Thread 0x00000206d6307530 nmethod 5848 0x00000206b5f9dd90 code [0x00000206b5f9df80, 0x00000206b5f9e428]
Event: 66.282 Thread 0x00000206d6307530 5849       1       javafx.scene.input.KeyCode::getName (5 bytes)
Event: 66.282 Thread 0x00000206d6307530 nmethod 5849 0x00000206bd3d1290 code [0x00000206bd3d1420, 0x00000206bd3d14f8]
Event: 66.282 Thread 0x00000206d6307530 5850       3       javafx.event.ActionEvent::getEventType (5 bytes)
Event: 66.282 Thread 0x00000206d6307530 nmethod 5850 0x00000206b5f80010 code [0x00000206b5f801a0, 0x00000206b5f802b8]
Event: 66.286 Thread 0x00000206d6307530 5851       3       java.util.IdentityHashMap$IdentityHashMapIterator::nextIndex (72 bytes)
Event: 66.286 Thread 0x00000206d6307530 nmethod 5851 0x00000206b5f89590 code [0x00000206b5f89760, 0x00000206b5f89ba8]
Event: 66.286 Thread 0x00000206d6307530 5852       3       java.util.LinkedList::remove (77 bytes)
Event: 66.286 Thread 0x00000206d62fb580 5853       4       com.sun.prism.impl.BaseResourcePool$WeakLinkedList::getResource (11 bytes)
Event: 66.287 Thread 0x00000206d6307530 nmethod 5852 0x00000206b5ff9690 code [0x00000206b5ff9880, 0x00000206b5ff9da8]
Event: 66.287 Thread 0x00000206d62fb580 nmethod 5853 0x00000206bd3dd390 code [0x00000206bd3dd500, 0x00000206bd3dd5f8]

GC Heap History (6 events):
Event: 0.307 GC heap before
{Heap before GC invocations=0 (full 0):
 garbage-first heap   total 393216K, used 16384K [0x0000000682400000, 0x0000000800000000)
  region size 4096K, 5 young (20480K), 0 survivors (0K)
 Metaspace       used 4503K, committed 4608K, reserved 1056768K
  class space    used 511K, committed 576K, reserved 1048576K
}
Event: 0.309 GC heap after
{Heap after GC invocations=1 (full 0):
 garbage-first heap   total 393216K, used 2751K [0x0000000682400000, 0x0000000800000000)
  region size 4096K, 1 young (4096K), 1 survivors (4096K)
 Metaspace       used 4503K, committed 4608K, reserved 1056768K
  class space    used 511K, committed 576K, reserved 1048576K
}
Event: 1.703 GC heap before
{Heap before GC invocations=1 (full 0):
 garbage-first heap   total 393216K, used 51903K [0x0000000682400000, 0x0000000800000000)
  region size 4096K, 11 young (45056K), 1 survivors (4096K)
 Metaspace       used 14205K, committed 14464K, reserved 1064960K
  class space    used 2067K, committed 2176K, reserved 1048576K
}
Event: 1.706 GC heap after
{Heap after GC invocations=2 (full 0):
 garbage-first heap   total 393216K, used 16623K [0x0000000682400000, 0x0000000800000000)
  region size 4096K, 2 young (8192K), 2 survivors (8192K)
 Metaspace       used 14205K, committed 14464K, reserved 1064960K
  class space    used 2067K, committed 2176K, reserved 1048576K
}
Event: 37.197 GC heap before
{Heap before GC invocations=2 (full 0):
 garbage-first heap   total 393216K, used 57583K [0x0000000682400000, 0x0000000800000000)
  region size 4096K, 12 young (49152K), 2 survivors (8192K)
 Metaspace       used 21308K, committed 21504K, reserved 1073152K
  class space    used 2960K, committed 3072K, reserved 1048576K
}
Event: 37.202 GC heap after
{Heap after GC invocations=3 (full 0):
 garbage-first heap   total 393216K, used 24707K [0x0000000682400000, 0x0000000800000000)
  region size 4096K, 3 young (12288K), 3 survivors (12288K)
 Metaspace       used 21308K, committed 21504K, reserved 1073152K
  class space    used 2960K, committed 3072K, reserved 1048576K
}

Deoptimization events (20 events):
Event: 64.831 Thread 0x00000206d76daa00 DEOPT PACKING pc=0x00000206bd695724 sp=0x00000044b9bf8ef0
Event: 64.831 Thread 0x00000206d76daa00 DEOPT UNPACKING pc=0x00000206b58823a3 sp=0x00000044b9bf8ed0 mode 2
Event: 64.831 Thread 0x00000206d76daa00 Uncommon trap: trap_request=0xffffff45 fr.pc=0x00000206bd64e5b8 relative=0x000000000000ab98
Event: 64.831 Thread 0x00000206d76daa00 Uncommon trap: reason=unstable_if action=reinterpret pc=0x00000206bd64e5b8 method=javafx.scene.CssStyleHelper.transitionToState(Ljavafx/scene/Node;)V @ 4 c2
Event: 64.831 Thread 0x00000206d76daa00 DEOPT PACKING pc=0x00000206bd64e5b8 sp=0x00000044b9bf8f40
Event: 64.831 Thread 0x00000206d76daa00 DEOPT UNPACKING pc=0x00000206b58823a3 sp=0x00000044b9bf8eb0 mode 2
Event: 64.831 Thread 0x00000206d76daa00 Uncommon trap: trap_request=0xffffff45 fr.pc=0x00000206bd6aa690 relative=0x000000000000a490
Event: 64.831 Thread 0x00000206d76daa00 Uncommon trap: reason=unstable_if action=reinterpret pc=0x00000206bd6aa690 method=javafx.scene.CssStyleHelper.getCachedFont(Ljavafx/css/Styleable;)Lcom/sun/javafx/css/CalculatedValue; @ 32 c2
Event: 64.831 Thread 0x00000206d76daa00 DEOPT PACKING pc=0x00000206bd6aa690 sp=0x00000044b9bf8ca0
Event: 64.831 Thread 0x00000206d76daa00 DEOPT UNPACKING pc=0x00000206b58823a3 sp=0x00000044b9bf8c08 mode 2
Event: 64.831 Thread 0x00000206d76daa00 Uncommon trap: trap_request=0xffffffc6 fr.pc=0x00000206bd67d910 relative=0x0000000000001db0
Event: 64.831 Thread 0x00000206d76daa00 Uncommon trap: reason=bimorphic_or_optimized_type_check action=maybe_recompile pc=0x00000206bd67d910 method=javafx.css.CompoundSelector.stateMatches(Ljavafx/css/Styleable;Ljava/util/Set;I)Z @ 160 c2
Event: 64.831 Thread 0x00000206d76daa00 DEOPT PACKING pc=0x00000206bd67d910 sp=0x00000044b9bf8b70
Event: 64.831 Thread 0x00000206d76daa00 DEOPT UNPACKING pc=0x00000206b58823a3 sp=0x00000044b9bf8b18 mode 2
Event: 64.831 Thread 0x00000206d76daa00 Uncommon trap: trap_request=0xffffffc6 fr.pc=0x00000206bd67d910 relative=0x0000000000001db0
Event: 64.831 Thread 0x00000206d76daa00 Uncommon trap: reason=bimorphic_or_optimized_type_check action=maybe_recompile pc=0x00000206bd67d910 method=javafx.css.CompoundSelector.stateMatches(Ljavafx/css/Styleable;Ljava/util/Set;I)Z @ 160 c2
Event: 64.831 Thread 0x00000206d76daa00 DEOPT PACKING pc=0x00000206bd67d910 sp=0x00000044b9bf8b70
Event: 64.831 Thread 0x00000206d76daa00 DEOPT UNPACKING pc=0x00000206b58823a3 sp=0x00000044b9bf8b18 mode 2
Event: 65.282 Thread 0x00000206d76daa00 DEOPT PACKING pc=0x00000206b6658c60 sp=0x00000044b9bf60a0
Event: 65.282 Thread 0x00000206d76daa00 DEOPT UNPACKING pc=0x00000206b5882b43 sp=0x00000044b9bf5590 mode 0

Classes unloaded (0 events):
No events

Classes redefined (0 events):
No events

Internal exceptions (20 events):
Event: 12.164 Thread 0x00000206d74437f0 Exception <a 'java/lang/NoSuchMethodError'{0x0000000699d09660}: 'java.lang.Object java.lang.invoke.DirectMethodHandle$Holder.invokeStaticInit(java.lang.Object, int)'> (0x0000000699d09660) 
thrown [t:\workspace\open\src\hotspot\share\interpreter\linkResolver.cpp, line 766]
Event: 16.259 Thread 0x00000206d76daa00 Implicit null exception at 0x00000206bd542483 to 0x00000206bd542500
Event: 37.147 Thread 0x00000206d76daa00 Exception <a 'java/lang/NoSuchMethodError'{0x000000069805d818}: 'java.lang.Object java.lang.invoke.DirectMethodHandle$Holder.invokeSpecial(java.lang.Object, java.lang.Object, long, java.lang.Object, java.lang.Object, java.lang.Object, java.lang.Object, java.lang.Object, java.lang.Object, java.lang.Object, java.lang.Object)'> (0x000000069805d818) 
thrown [t:\workspace\open\src\hotspot\share\interpreter\linkResolver.cpp, line 766]
Event: 37.147 Thread 0x00000206d76daa00 Exception <a 'java/lang/NoSuchMethodError'{0x0000000698062910}: 'java.lang.Object java.lang.invoke.DelegatingMethodHandle$Holder.reinvoke_L(java.lang.Object, long, java.lang.Object, java.lang.Object, java.lang.Object, java.lang.Object, java.lang.Object, java.lang.Object, java.lang.Object, java.lang.Object)'> (0x0000000698062910) 
thrown [t:\workspace\open\src\hotspot\share\interpreter\linkResolver.cpp, line 766]
Event: 37.148 Thread 0x00000206d76daa00 Exception <a 'java/lang/NoSuchMethodError'{0x0000000698085f30}: 'java.lang.Object java.lang.invoke.DirectMethodHandle$Holder.invokeSpecial(java.lang.Object, java.lang.Object, java.lang.Object, java.lang.Object, java.lang.Object, java.lang.Object, java.lang.Object, java.lang.Object, java.lang.Object, java.lang.Object)'> (0x0000000698085f30) 
thrown [t:\workspace\open\src\hotspot\share\interpreter\linkResolver.cpp, line 766]
Event: 37.148 Thread 0x00000206d76daa00 Exception <a 'java/lang/NoSuchMethodError'{0x000000069808b240}: 'java.lang.Object java.lang.invoke.Invokers$Holder.linkToTargetMethod(java.lang.Object, java.lang.Object, java.lang.Object, java.lang.Object, java.lang.Object, java.lang.Object, java.lang.Object, java.lang.Object, java.lang.Object)'> (0x000000069808b240) 
thrown [t:\workspace\open\src\hotspot\share\interpreter\linkResolver.cpp, line 766]
Event: 37.153 Thread 0x00000206d76daa00 Exception <a 'java/lang/ClassNotFoundException'{0x00000006980972c0}: sun/awt/resources/spi/awtProvider> (0x00000006980972c0) 
thrown [t:\workspace\open\src\hotspot\share\classfile\systemDictionary.cpp, line 256]
Event: 37.155 Thread 0x00000206d76daa00 Exception <a 'java/io/FileNotFoundException'{0x000000069809b060}> (0x000000069809b060) 
thrown [t:\workspace\open\src\hotspot\share\prims\jni.cpp, line 516]
Event: 37.155 Thread 0x00000206d76daa00 Exception <a 'java/io/FileNotFoundException'{0x000000069809d308}> (0x000000069809d308) 
thrown [t:\workspace\open\src\hotspot\share\prims\jni.cpp, line 516]
Event: 37.179 Thread 0x00000206d76daa00 Exception <a 'java/lang/NoSuchMethodError'{0x0000000698122f38}: 'java.lang.Object java.lang.invoke.DirectMethodHandle$Holder.invokeStatic(java.lang.Object, int, java.lang.Object, java.lang.Object, java.lang.Object, java.lang.Object)'> (0x0000000698122f38) 
thrown [t:\workspace\open\src\hotspot\share\interpreter\linkResolver.cpp, line 766]
Event: 37.180 Thread 0x00000206d76daa00 Exception <a 'java/lang/NoSuchMethodError'{0x0000000698149458}: 'java.lang.Object java.lang.invoke.DirectMethodHandle$Holder.invokeStatic(java.lang.Object, int, java.lang.Object)'> (0x0000000698149458) 
thrown [t:\workspace\open\src\hotspot\share\interpreter\linkResolver.cpp, line 766]
Event: 37.189 Thread 0x00000206d76daa00 Exception <a 'java/lang/ClassNotFoundException'{0x0000000698293d88}: com/sun/swing/internal/plaf/metal/resources/spi/metalProvider> (0x0000000698293d88) 
thrown [t:\workspace\open\src\hotspot\share\classfile\systemDictionary.cpp, line 256]
Event: 37.190 Thread 0x00000206d76daa00 Exception <a 'java/lang/ClassNotFoundException'{0x0000000698298d10}: com/sun/swing/internal/plaf/basic/resources/spi/basicProvider> (0x0000000698298d10) 
thrown [t:\workspace\open\src\hotspot\share\classfile\systemDictionary.cpp, line 256]
Event: 37.195 Thread 0x00000206e1a61010 Exception <a 'java/lang/NoSuchMethodError'{0x0000000697c04f38}: 'java.lang.Object java.lang.invoke.DirectMethodHandle$Holder.invokeStatic(java.lang.Object, java.lang.Object, java.lang.Object, int, int, int, int, int)'> (0x0000000697c04f38) 
thrown [t:\workspace\open\src\hotspot\share\interpreter\linkResolver.cpp, line 766]
Event: 37.270 Thread 0x00000206e1a5e4c0 Exception <a 'java/lang/NoSuchMethodError'{0x000000069a2a62e0}: 'void java.lang.invoke.DirectMethodHandle$Holder.invokeVirtual(java.lang.Object, java.lang.Object)'> (0x000000069a2a62e0) 
thrown [t:\workspace\open\src\hotspot\share\interpreter\linkResolver.cpp, line 766]
Event: 37.298 Thread 0x00000206d76daa00 Exception <a 'java/lang/NoSuchMethodError'{0x000000069a148fa8}: 'int java.lang.invoke.DirectMethodHandle$Holder.invokeStatic(java.lang.Object)'> (0x000000069a148fa8) 
thrown [t:\workspace\open\src\hotspot\share\interpreter\linkResolver.cpp, line 766]
Event: 46.013 Thread 0x00000206d76daa00 Exception <a 'java/lang/NoSuchMethodError'{0x0000000686db7828}: 'int java.lang.invoke.DirectMethodHandle$Holder.invokeVirtual(java.lang.Object, java.lang.Object)'> (0x0000000686db7828) 
thrown [t:\workspace\open\src\hotspot\share\interpreter\linkResolver.cpp, line 766]
Event: 46.013 Thread 0x00000206d76daa00 Exception <a 'java/lang/NoSuchMethodError'{0x0000000686dbe4b0}: 'void java.lang.invoke.DirectMethodHandle$Holder.invokeVirtual(java.lang.Object, java.lang.Object, int)'> (0x0000000686dbe4b0) 
thrown [t:\workspace\open\src\hotspot\share\interpreter\linkResolver.cpp, line 766]
Event: 64.831 Thread 0x00000206d76daa00 Implicit null exception at 0x00000206bd643a56 to 0x00000206bd64e59c
Event: 64.831 Thread 0x00000206d76daa00 Implicit null exception at 0x00000206bd6a0ae0 to 0x00000206bd6aa610

VM Operations (20 events):
Event: 53.016 Executing VM operation: Cleanup done
Event: 55.017 Executing VM operation: Cleanup
Event: 55.017 Executing VM operation: Cleanup done
Event: 57.017 Executing VM operation: Cleanup
Event: 57.017 Executing VM operation: Cleanup done
Event: 58.018 Executing VM operation: Cleanup
Event: 58.018 Executing VM operation: Cleanup done
Event: 60.018 Executing VM operation: Cleanup
Event: 60.018 Executing VM operation: Cleanup done
Event: 62.018 Executing VM operation: Cleanup
Event: 62.018 Executing VM operation: Cleanup done
Event: 64.831 Executing VM operation: HandshakeAllThreads
Event: 64.831 Executing VM operation: HandshakeAllThreads done
Event: 64.831 Executing VM operation: Cleanup
Event: 64.831 Executing VM operation: Cleanup done
Event: 65.343 Executing VM operation: HandshakeAllThreads
Event: 65.343 Executing VM operation: HandshakeAllThreads done
Event: 65.728 Executing VM operation: HandshakeAllThreads
Event: 65.728 Executing VM operation: HandshakeAllThreads done
Event: 66.387 Executing VM operation: Exit

Events (20 events):
Event: 65.732 Thread 0x00000206d630af40 flushing nmethod 0x00000206b68a4290
Event: 65.732 Thread 0x00000206d630af40 flushing nmethod 0x00000206b68a5f10
Event: 65.732 Thread 0x00000206d630af40 flushing nmethod 0x00000206b68a6710
Event: 65.732 Thread 0x00000206d630af40 flushing nmethod 0x00000206b68d3610
Event: 65.732 Thread 0x00000206d630af40 flushing nmethod 0x00000206b690b090
Event: 65.732 Thread 0x00000206d630af40 flushing nmethod 0x00000206b6a23790
Event: 65.732 Thread 0x00000206d630af40 flushing nmethod 0x00000206b6a2ff10
Event: 65.732 Thread 0x00000206d630af40 flushing nmethod 0x00000206b6ad2710
Event: 66.285 Thread 0x00000206e1bb03b0 Thread added: 0x00000206e1bb03b0
Event: 66.286 Thread 0x00000206e1bb5f20 Thread added: 0x00000206e1bb5f20
Event: 66.286 Thread 0x00000206e1bafee0 Thread added: 0x00000206e1bafee0
Event: 66.286 Thread 0x00000206e1bb5a50 Thread added: 0x00000206e1bb5a50
Event: 66.286 Thread 0x00000206e1bb03b0 Thread exited: 0x00000206e1bb03b0
Event: 66.286 Thread 0x00000206e1bb4240 Thread exited: 0x00000206e1bb4240
Event: 66.286 Thread 0x00000206e1bb5f20 Thread exited: 0x00000206e1bb5f20
Event: 66.286 Thread 0x00000206e1bb6d90 Thread added: 0x00000206e1bb6d90
Event: 66.286 Thread 0x00000206e1bafee0 Thread exited: 0x00000206e1bafee0
Event: 66.300 Thread 0x00000206d74437f0 Thread exited: 0x00000206d74437f0
Event: 66.302 Thread 0x00000206e1a5e4c0 Thread exited: 0x00000206e1a5e4c0
Event: 66.387 Thread 0x00000206e1bb5a50 Thread exited: 0x00000206e1bb5a50


Dynamic libraries:
0x00007ff6c38d0000 - 0x00007ff6c38e0000 	C:\Program Files\Java\jdk-17.0.2\bin\java.exe
0x00007ff95ca40000 - 0x00007ff95cc49000 	C:\Windows\SYSTEM32\ntdll.dll
0x00007ff95ada0000 - 0x00007ff95ae5d000 	C:\Windows\System32\KERNEL32.DLL
0x00007ff95a280000 - 0x00007ff95a5f9000 	C:\Windows\System32\KERNELBASE.dll
0x00007ff95a630000 - 0x00007ff95a741000 	C:\Windows\System32\ucrtbase.dll
0x00007ff951430000 - 0x00007ff95144a000 	C:\Program Files\Java\jdk-17.0.2\bin\VCRUNTIME140.dll
0x00007ff92f460000 - 0x00007ff92f478000 	C:\Program Files\Java\jdk-17.0.2\bin\jli.dll
0x00007ff95c5e0000 - 0x00007ff95c68e000 	C:\Windows\System32\ADVAPI32.dll
0x00007ff95c530000 - 0x00007ff95c5d3000 	C:\Windows\System32\msvcrt.dll
0x00007ff95c2b0000 - 0x00007ff95c34e000 	C:\Windows\System32\sechost.dll
0x00007ff95b080000 - 0x00007ff95b1a0000 	C:\Windows\System32\RPCRT4.dll
0x00007ff95c700000 - 0x00007ff95c8ac000 	C:\Windows\System32\USER32.dll
0x00007ff95a600000 - 0x00007ff95a626000 	C:\Windows\System32\win32u.dll
0x00007ff94b670000 - 0x00007ff94b915000 	C:\Windows\WinSxS\amd64_microsoft.windows.common-controls_6595b64144ccf1df_6.0.22000.120_none_9d947278b86cc467\COMCTL32.dll
0x00007ff95b9d0000 - 0x00007ff95b9f9000 	C:\Windows\System32\GDI32.dll
0x00007ff959f30000 - 0x00007ff95a042000 	C:\Windows\System32\gdi32full.dll
0x00007ff95a7c0000 - 0x00007ff95a85d000 	C:\Windows\System32\msvcp_win.dll
0x00007ff9517b0000 - 0x00007ff9517ba000 	C:\Windows\SYSTEM32\VERSION.dll
0x00007ff95a8e0000 - 0x00007ff95a911000 	C:\Windows\System32\IMM32.DLL
0x00007ff930760000 - 0x00007ff93076c000 	C:\Program Files\Java\jdk-17.0.2\bin\vcruntime140_1.dll
0x00007ff8d9b90000 - 0x00007ff8d9c1d000 	C:\Program Files\Java\jdk-17.0.2\bin\msvcp140.dll
0x00007ff8c5e20000 - 0x00007ff8c69e1000 	C:\Program Files\Java\jdk-17.0.2\bin\server\jvm.dll
0x00007ff95b070000 - 0x00007ff95b078000 	C:\Windows\System32\PSAPI.DLL
0x00007ff953440000 - 0x00007ff953473000 	C:\Windows\SYSTEM32\WINMM.dll
0x00007ff951450000 - 0x00007ff951459000 	C:\Windows\SYSTEM32\WSOCK32.dll
0x00007ff95b960000 - 0x00007ff95b9cf000 	C:\Windows\System32\WS2_32.dll
0x00007ff959120000 - 0x00007ff959138000 	C:\Windows\SYSTEM32\kernel.appcore.dll
0x00007ff930750000 - 0x00007ff93075a000 	C:\Program Files\Java\jdk-17.0.2\bin\jimage.dll
0x00007ff9575c0000 - 0x00007ff9577e1000 	C:\Windows\SYSTEM32\DBGHELP.DLL
0x00007ff9435e0000 - 0x00007ff943611000 	C:\Windows\SYSTEM32\dbgcore.DLL
0x00007ff95a860000 - 0x00007ff95a8df000 	C:\Windows\System32\bcryptPrimitives.dll
0x00007ff925c90000 - 0x00007ff925cb5000 	C:\Program Files\Java\jdk-17.0.2\bin\java.dll
0x00007ff8d9c20000 - 0x00007ff8d9cf6000 	C:\Program Files\Java\jdk-17.0.2\bin\jsvml.dll
0x00007ff95ba00000 - 0x00007ff95c1af000 	C:\Windows\System32\SHELL32.dll
0x00007ff9580b0000 - 0x00007ff958918000 	C:\Windows\SYSTEM32\windows.storage.dll
0x00007ff95a9c0000 - 0x00007ff95ad38000 	C:\Windows\System32\combase.dll
0x00007ff957f40000 - 0x00007ff9580a6000 	C:\Windows\SYSTEM32\wintypes.dll
0x00007ff95c1b0000 - 0x00007ff95c29a000 	C:\Windows\System32\SHCORE.dll
0x00007ff95c8b0000 - 0x00007ff95c90d000 	C:\Windows\System32\shlwapi.dll
0x00007ff959e60000 - 0x00007ff959e81000 	C:\Windows\SYSTEM32\profapi.dll
0x00007ff930560000 - 0x00007ff930579000 	C:\Program Files\Java\jdk-17.0.2\bin\net.dll
0x00007ff954670000 - 0x00007ff95477c000 	C:\Windows\SYSTEM32\WINHTTP.dll
0x00007ff959550000 - 0x00007ff9595b7000 	C:\Windows\system32\mswsock.dll
0x00007ff92f4a0000 - 0x00007ff92f4b6000 	C:\Program Files\Java\jdk-17.0.2\bin\nio.dll
0x00007ff929420000 - 0x00007ff929438000 	C:\Program Files\Java\jdk-17.0.2\bin\zip.dll
0x00000206d6350000 - 0x00000206d6353000 	C:\Program Files\Java\javafx-sdk-18.0.1\bin\api-ms-win-core-console-l1-1-0.dll
0x00000206d6360000 - 0x00000206d6363000 	C:\Program Files\Java\javafx-sdk-18.0.1\bin\api-ms-win-core-console-l1-2-0.dll
0x00000206d6370000 - 0x00000206d6373000 	C:\Program Files\Java\javafx-sdk-18.0.1\bin\api-ms-win-core-datetime-l1-1-0.dll
0x00000206d6380000 - 0x00000206d6383000 	C:\Program Files\Java\javafx-sdk-18.0.1\bin\api-ms-win-core-debug-l1-1-0.dll
0x00000206d6390000 - 0x00000206d6393000 	C:\Program Files\Java\javafx-sdk-18.0.1\bin\api-ms-win-core-errorhandling-l1-1-0.dll
0x00000206d63a0000 - 0x00000206d63a4000 	C:\Program Files\Java\javafx-sdk-18.0.1\bin\api-ms-win-core-file-l1-1-0.dll
0x00000206d63b0000 - 0x00000206d63b3000 	C:\Program Files\Java\javafx-sdk-18.0.1\bin\api-ms-win-core-file-l1-2-0.dll
0x00000206d63c0000 - 0x00000206d63c3000 	C:\Program Files\Java\javafx-sdk-18.0.1\bin\api-ms-win-core-file-l2-1-0.dll
0x00000206d63d0000 - 0x00000206d63d3000 	C:\Program Files\Java\javafx-sdk-18.0.1\bin\api-ms-win-core-handle-l1-1-0.dll
0x00000206d63e0000 - 0x00000206d63e3000 	C:\Program Files\Java\javafx-sdk-18.0.1\bin\api-ms-win-core-heap-l1-1-0.dll
0x00000206d63f0000 - 0x00000206d63f3000 	C:\Program Files\Java\javafx-sdk-18.0.1\bin\api-ms-win-core-interlocked-l1-1-0.dll
0x00000206d8900000 - 0x00000206d8903000 	C:\Program Files\Java\javafx-sdk-18.0.1\bin\api-ms-win-core-libraryloader-l1-1-0.dll
0x00000206d8910000 - 0x00000206d8913000 	C:\Program Files\Java\javafx-sdk-18.0.1\bin\api-ms-win-core-localization-l1-2-0.dll
0x00000206d8920000 - 0x00000206d8923000 	C:\Program Files\Java\javafx-sdk-18.0.1\bin\api-ms-win-core-memory-l1-1-0.dll
0x00000206d8930000 - 0x00000206d8933000 	C:\Program Files\Java\javafx-sdk-18.0.1\bin\api-ms-win-core-namedpipe-l1-1-0.dll
0x00000206d8940000 - 0x00000206d8943000 	C:\Program Files\Java\javafx-sdk-18.0.1\bin\api-ms-win-core-processenvironment-l1-1-0.dll
0x00000206d8950000 - 0x00000206d8953000 	C:\Program Files\Java\javafx-sdk-18.0.1\bin\api-ms-win-core-processthreads-l1-1-0.dll
0x00000206d8960000 - 0x00000206d8963000 	C:\Program Files\Java\javafx-sdk-18.0.1\bin\api-ms-win-core-processthreads-l1-1-1.dll
0x00000206d8970000 - 0x00000206d8973000 	C:\Program Files\Java\javafx-sdk-18.0.1\bin\api-ms-win-core-profile-l1-1-0.dll
0x00000206d8980000 - 0x00000206d8983000 	C:\Program Files\Java\javafx-sdk-18.0.1\bin\api-ms-win-core-rtlsupport-l1-1-0.dll
0x00000206d8990000 - 0x00000206d8993000 	C:\Program Files\Java\javafx-sdk-18.0.1\bin\api-ms-win-core-string-l1-1-0.dll
0x00000206d89a0000 - 0x00000206d89a3000 	C:\Program Files\Java\javafx-sdk-18.0.1\bin\api-ms-win-core-synch-l1-1-0.dll
0x00000206d89b0000 - 0x00000206d89b3000 	C:\Program Files\Java\javafx-sdk-18.0.1\bin\api-ms-win-core-synch-l1-2-0.dll
0x00000206d89c0000 - 0x00000206d89c3000 	C:\Program Files\Java\javafx-sdk-18.0.1\bin\api-ms-win-core-sysinfo-l1-1-0.dll
0x00000206d89d0000 - 0x00000206d89d3000 	C:\Program Files\Java\javafx-sdk-18.0.1\bin\api-ms-win-core-timezone-l1-1-0.dll
0x00000206d89e0000 - 0x00000206d89e3000 	C:\Program Files\Java\javafx-sdk-18.0.1\bin\api-ms-win-core-util-l1-1-0.dll
0x00000206d89f0000 - 0x00000206d89f3000 	C:\Program Files\Java\javafx-sdk-18.0.1\bin\api-ms-win-crt-conio-l1-1-0.dll
0x00000206d8a00000 - 0x00000206d8a04000 	C:\Program Files\Java\javafx-sdk-18.0.1\bin\api-ms-win-crt-convert-l1-1-0.dll
0x00000206d8a10000 - 0x00000206d8a13000 	C:\Program Files\Java\javafx-sdk-18.0.1\bin\api-ms-win-crt-environment-l1-1-0.dll
0x00000206d8a20000 - 0x00000206d8a23000 	C:\Program Files\Java\javafx-sdk-18.0.1\bin\api-ms-win-crt-filesystem-l1-1-0.dll
0x00000206d8a30000 - 0x00000206d8a33000 	C:\Program Files\Java\javafx-sdk-18.0.1\bin\api-ms-win-crt-heap-l1-1-0.dll
0x00000206d8a40000 - 0x00000206d8a43000 	C:\Program Files\Java\javafx-sdk-18.0.1\bin\api-ms-win-crt-locale-l1-1-0.dll
0x00000206d8a50000 - 0x00000206d8a55000 	C:\Program Files\Java\javafx-sdk-18.0.1\bin\api-ms-win-crt-math-l1-1-0.dll
0x00000206d8a60000 - 0x00000206d8a65000 	C:\Program Files\Java\javafx-sdk-18.0.1\bin\api-ms-win-crt-multibyte-l1-1-0.dll
0x00000206d8a70000 - 0x00000206d8a80000 	C:\Program Files\Java\javafx-sdk-18.0.1\bin\api-ms-win-crt-private-l1-1-0.dll
0x00000206d8a80000 - 0x00000206d8a83000 	C:\Program Files\Java\javafx-sdk-18.0.1\bin\api-ms-win-crt-process-l1-1-0.dll
0x00000206d8a90000 - 0x00000206d8a94000 	C:\Program Files\Java\javafx-sdk-18.0.1\bin\api-ms-win-crt-runtime-l1-1-0.dll
0x00000206d8aa0000 - 0x00000206d8aa4000 	C:\Program Files\Java\javafx-sdk-18.0.1\bin\api-ms-win-crt-stdio-l1-1-0.dll
0x00000206d8ab0000 - 0x00000206d8ab4000 	C:\Program Files\Java\javafx-sdk-18.0.1\bin\api-ms-win-crt-string-l1-1-0.dll
0x00000206d8ac0000 - 0x00000206d8ac3000 	C:\Program Files\Java\javafx-sdk-18.0.1\bin\api-ms-win-crt-time-l1-1-0.dll
0x00000206d8ad0000 - 0x00000206d8ad3000 	C:\Program Files\Java\javafx-sdk-18.0.1\bin\api-ms-win-crt-utility-l1-1-0.dll
0x00007ff929520000 - 0x00007ff92961c000 	C:\Program Files\Java\javafx-sdk-18.0.1\bin\ucrtbase.dll
0x00007ff92f410000 - 0x00007ff92f42a000 	C:\Program Files\Java\javafx-sdk-18.0.1\bin\vcruntime140.dll
0x00007ff952e60000 - 0x00007ff952e6c000 	C:\Program Files\Java\javafx-sdk-18.0.1\bin\vcruntime140_1.dll
0x00007ff929490000 - 0x00007ff92951d000 	C:\Program Files\Java\javafx-sdk-18.0.1\bin\msvcp140.dll
0x00007ff92bd10000 - 0x00007ff92bd3c000 	C:\Program Files\Java\javafx-sdk-18.0.1\bin\prism_d3d.dll
0x00007ff94ecd0000 - 0x00007ff94ee76000 	C:\Windows\system32\d3d9.dll
0x00007ff957960000 - 0x00007ff95798f000 	C:\Windows\SYSTEM32\dwmapi.dll
0x00007ff9574a0000 - 0x00007ff9574d8000 	C:\Windows\SYSTEM32\dxcore.dll
0x00007ff957180000 - 0x00007ff95722c000 	C:\Windows\system32\uxtheme.dll
0x00007ff9597f0000 - 0x00007ff959802000 	C:\Windows\SYSTEM32\msasn1.dll
0x00007ff951750000 - 0x00007ff951781000 	C:\Windows\SYSTEM32\cryptnet.dll
0x00007ff95a050000 - 0x00007ff95a1b2000 	C:\Windows\System32\CRYPT32.dll
0x00007ff94f9e0000 - 0x00007ff94fb29000 	C:\Windows\SYSTEM32\drvstore.dll
0x00007ff959c70000 - 0x00007ff959c9c000 	C:\Windows\SYSTEM32\devobj.dll
0x00007ff959c20000 - 0x00007ff959c6c000 	C:\Windows\SYSTEM32\CFGMGR32.dll
0x00007ff959860000 - 0x00007ff95989d000 	C:\Windows\SYSTEM32\wldp.dll
0x00007ff959790000 - 0x00007ff95979c000 	C:\Windows\SYSTEM32\cryptbase.dll
0x00007ff95a750000 - 0x00007ff95a7b7000 	C:\Windows\System32\WINTRUST.DLL
0x00007ff95c4f0000 - 0x00007ff95c50f000 	C:\Windows\System32\imagehlp.dll
0x00007ff9597a0000 - 0x00007ff9597b8000 	C:\Windows\SYSTEM32\CRYPTSP.dll
0x00007ff959080000 - 0x00007ff9590b5000 	C:\Windows\system32\rsaenh.dll
0x00007ff959910000 - 0x00007ff959937000 	C:\Windows\SYSTEM32\bcrypt.dll
0x00007ff953ac0000 - 0x00007ff953b04000 	C:\Windows\SYSTEM32\directxdatabasehelper.dll
0x00007ff957820000 - 0x00007ff957854000 	C:\Windows\SYSTEM32\ntmarta.dll
0x00007ff929440000 - 0x00007ff929482000 	C:\Program Files\Java\javafx-sdk-18.0.1\bin\glass.dll
0x00007ff95c910000 - 0x00007ff95c9fc000 	C:\Windows\System32\COMDLG32.dll
0x00007ff95c350000 - 0x00007ff95c4ea000 	C:\Windows\System32\ole32.dll
0x00007ff95b1a0000 - 0x00007ff95b276000 	C:\Windows\System32\OLEAUT32.dll
0x00007ff95af50000 - 0x00007ff95b06e000 	C:\Windows\System32\MSCTF.dll
0x00007ff8dc9a0000 - 0x00007ff8dcc63000 	C:\Windows\system32\nvspcap64.dll
0x00007ff9595e0000 - 0x00007ff959604000 	C:\Windows\SYSTEM32\gpapi.dll
0x00007ff9297a0000 - 0x00007ff9297b4000 	C:\Program Files\Java\javafx-sdk-18.0.1\bin\javafx_font.dll
0x00007ff935810000 - 0x00007ff935a6f000 	C:\Windows\SYSTEM32\dwrite.dll
0x00007ff95b280000 - 0x00007ff95b32f000 	C:\Windows\System32\clbcatq.dll
0x00007ff951860000 - 0x00007ff951a0e000 	C:\Windows\SYSTEM32\WindowsCodecs.dll
0x00007ff933380000 - 0x00007ff9333dd000 	C:\Windows\system32\dataexchange.dll
0x00007ff950bb0000 - 0x00007ff950e16000 	C:\Windows\system32\twinapi.appcore.dll
0x00007ff921c40000 - 0x00007ff921c72000 	C:\Program Files\Common Files\Microsoft Shared\Ink\rtscom.dll
0x00007ff93c230000 - 0x00007ff93c35d000 	C:\Windows\SYSTEM32\textinputframework.dll
0x00007ff956ca0000 - 0x00007ff956dd2000 	C:\Windows\SYSTEM32\CoreMessaging.dll
0x00007ff952880000 - 0x00007ff952bed000 	C:\Windows\SYSTEM32\CoreUIComponents.dll
0x00007ff954ce0000 - 0x00007ff955298000 	C:\Windows\SYSTEM32\d2d1.dll

dbghelp: loaded successfully - version: 4.0.5 - missing functions: none
symbol engine: initialized successfully - sym options: 0x614 - pdb path: .;C:\Program Files\Java\jdk-17.0.2\bin;C:\Windows\SYSTEM32;C:\Windows\WinSxS\amd64_microsoft.windows.common-controls_6595b64144ccf1df_6.0.22000.120_none_9d947278b86cc467;C:\Program Files\Java\jdk-17.0.2\bin\server;C:\Program Files\Java\javafx-sdk-18.0.1\bin;C:\Windows\System32\DriverStore\FileRepository\nvltig.inf_amd64_ce837e92efe9cbc4;C:\Program Files\Common Files\Microsoft Shared\Ink

VM Arguments:
jvm_args: -Dfile.encoding=UTF-8 --add-modules=javafx.controls,javafx.fxml --module-path=C:\Users\juanc\OneDrive\Documentos\Universidad 3\POO\SEATORA\build\classes;C:\Program Files\Java\javafx-sdk-18.0.1\lib\javafx-swt.jar;C:\Program Files\Java\javafx-sdk-18.0.1\lib\javafx.base.jar;C:\Program Files\Java\javafx-sdk-18.0.1\lib\javafx.controls.jar;C:\Program Files\Java\javafx-sdk-18.0.1\lib\javafx.fxml.jar;C:\Program Files\Java\javafx-sdk-18.0.1\lib\javafx.graphics.jar;C:\Program Files\Java\javafx-sdk-18.0.1\lib\javafx.media.jar;C:\Program Files\Java\javafx-sdk-18.0.1\lib\javafx.swing.jar;C:\Program Files\Java\javafx-sdk-18.0.1\lib\javafx.web.jar 
java_command: start.Seatora
java_class_path (initial): C:\Program Files\Java\javafx-sdk-18.0.1\lib\javafx-swt.jar;C:\Program Files\Java\javafx-sdk-18.0.1\lib\javafx.base.jar;C:\Program Files\Java\javafx-sdk-18.0.1\lib\javafx.controls.jar;C:\Program Files\Java\javafx-sdk-18.0.1\lib\javafx.fxml.jar;C:\Program Files\Java\javafx-sdk-18.0.1\lib\javafx.graphics.jar;C:\Program Files\Java\javafx-sdk-18.0.1\lib\javafx.media.jar;C:\Program Files\Java\javafx-sdk-18.0.1\lib\javafx.swing.jar;C:\Program Files\Java\javafx-sdk-18.0.1\lib\javafx.web.jar;C:\Users\juanc\OneDrive\Documentos\Universidad 3\POO\SEATORA\build\classes
Launcher Type: SUN_STANDARD

[Global flags]
     intx CICompilerCount                          = 12                                        {product} {ergonomic}
     uint ConcGCThreads                            = 3                                         {product} {ergonomic}
     uint G1ConcRefinementThreads                  = 13                                        {product} {ergonomic}
   size_t G1HeapRegionSize                         = 4194304                                   {product} {ergonomic}
    uintx GCDrainStackTargetSize                   = 64                                        {product} {ergonomic}
   size_t InitialHeapSize                          = 402653184                                 {product} {ergonomic}
   size_t MarkStackSize                            = 4194304                                   {product} {ergonomic}
   size_t MaxHeapSize                              = 6404702208                                {product} {ergonomic}
   size_t MaxNewSize                               = 3841982464                                {product} {ergonomic}
   size_t MinHeapDeltaBytes                        = 4194304                                   {product} {ergonomic}
   size_t MinHeapSize                              = 8388608                                   {product} {ergonomic}
    uintx NonNMethodCodeHeapSize                   = 7602480                                {pd product} {ergonomic}
    uintx NonProfiledCodeHeapSize                  = 122027880                              {pd product} {ergonomic}
    uintx ProfiledCodeHeapSize                     = 122027880                              {pd product} {ergonomic}
    uintx ReservedCodeCacheSize                    = 251658240                              {pd product} {ergonomic}
     bool SegmentedCodeCache                       = true                                      {product} {ergonomic}
   size_t SoftMaxHeapSize                          = 6404702208                             {manageable} {ergonomic}
     bool UseCompressedClassPointers               = true                           {product lp64_product} {ergonomic}
     bool UseCompressedOops                        = true                           {product lp64_product} {ergonomic}
     bool UseG1GC                                  = true                                      {product} {ergonomic}
     bool UseLargePagesIndividualAllocation        = false                                  {pd product} {ergonomic}

Logging:
Log output configuration:
 #0: stdout all=off uptime,level,tags
 #1: stderr all=off uptime,level,tags

Environment Variables:
PATH=C:\Program Files\Common Files\Oracle\Java\javapath;C:\Program Files (x86)\Common Files\Oracle\Java\javapath;C:\Windows\system32;C:\Windows;C:\Windows\System32\Wbem;C:\Windows\System32\WindowsPowerShell\v1.0\;C:\Windows\System32\OpenSSH\;C:\Program Files (x86)\NVIDIA Corporation\PhysX\Common;C:\Program Files\NVIDIA Corporation\NVIDIA NvDLISR;C:\Users\juanc\AppData\Local\Microsoft\WindowsApps;;C:\Users\juanc\AppData\Local\Programs\Microsoft VS Code\bin
USERNAME=juanc
OS=Windows_NT
PROCESSOR_IDENTIFIER=AMD64 Family 25 Model 80 Stepping 0, AuthenticAMD



---------------  S Y S T E M  ---------------

OS:
 Windows 11 , 64 bit Build 22000 (10.0.22000.675)
OS uptime: 0 days 4:14 hours

CPU: total 16 (initial active 16) (16 cores per cpu, 2 threads per core) family 25 model 80 stepping 0 microcode 0x0, cx8, cmov, fxsr, ht, mmx, 3dnowpref, sse, sse2, sse3, ssse3, sse4a, sse4.1, sse4.2, popcnt, lzcnt, tsc, tscinvbit, avx, avx2, aes, erms, clmul, bmi1, bmi2, adx, sha, fma, vzeroupper, clflush, clflushopt

Memory: 4k page, system-wide physical 24428M (14319M free)
TotalPageFile size 28012M (AvailPageFile size 14111M)
current process WorkingSet (physical memory assigned to process): 196M, peak: 267M
current process commit charge ("private bytes"): 381M, peak: 716M

vm_info: Java HotSpot(TM) 64-Bit Server VM (17.0.2+8-LTS-86) for windows-amd64 JRE (17.0.2+8-LTS-86), built on Dec  7 2021 21:51:03 by "mach5one" with MS VC++ 16.8 / 16.9 (VS2019)

END.
