#
# A fatal error has been detected by the Java Runtime Environment:
#
#  EXCEPTION_ACCESS_VIOLATION (0xc0000005) at pc=0x00007ffd4c506a87, pid=11396, tid=1500
#
# JRE version: Java(TM) SE Runtime Environment (16.0.1+9) (build 16.0.1+9-24)
# Java VM: Java HotSpot(TM) 64-Bit Server VM (16.0.1+9-24, mixed mode, sharing, tiered, compressed oops, compressed class ptrs, g1 gc, windows-amd64)
# Problematic frame:
# C  [glass.dll+0x26a87]
#
# No core dump will be written. Minidumps are not enabled by default on client versions of Windows
#
# If you would like to submit a bug report, please visit:
#   https://bugreport.java.com/bugreport/crash.jsp
#

---------------  S U M M A R Y ------------

Command Line: -Dfile.encoding=UTF-8 --add-modules=javafx.controls,javafx.fxml --module-path=C:\Users\Adames\Music\Universidad\POO\HG_Performance\build\classes;C:\Program Files\Java\javafx-sdk-17.0.1\lib\javafx-swt.jar;C:\Program Files\Java\javafx-sdk-17.0.1\lib\javafx.base.jar;C:\Program Files\Java\javafx-sdk-17.0.1\lib\javafx.controls.jar;C:\Program Files\Java\javafx-sdk-17.0.1\lib\javafx.fxml.jar;C:\Program Files\Java\javafx-sdk-17.0.1\lib\javafx.graphics.jar;C:\Program Files\Java\javafx-sdk-17.0.1\lib\javafx.media.jar;C:\Program Files\Java\javafx-sdk-17.0.1\lib\javafx.swing.jar;C:\Program Files\Java\javafx-sdk-17.0.1\lib\javafx.web.jar start.HG_Performance

Host: Intel(R) Core(TM) i7-6500U CPU @ 2.50GHz, 4 cores, 15G,  Windows 10 , 64 bit Build 22499 (10.0.22499.1000)
Time: Wed Nov 17 06:58:16 2021 Hora est. Pacífico, Sudamérica elapsed time: 100.776119 seconds (0d 0h 1m 40s)

---------------  T H R E A D  ---------------

Current thread (0x000002167fd6ec70):  VMThread "VM Thread" [stack: 0x0000007b5fa00000,0x0000007b5fb00000] [id=1500]

Stack: [0x0000007b5fa00000,0x0000007b5fb00000],  sp=0x0000007b5fafeb90,  free space=1018k
Native frames: (J=compiled Java code, j=interpreted, Vv=VM code, C=native code)
C  [glass.dll+0x26a87]


siginfo: EXCEPTION_ACCESS_VIOLATION (0xc0000005), reading address 0x0000000000000000


Register to memory mapping:

RIP=0x00007ffd4c506a87 glass.dll
RAX=0x0 is NULL
RBX=0x000002167fd7ee30 is a global jni handle
RCX=0x000002167fd6ec70 points into unknown readable memory: 0x00007ffd1925f628 | 28 f6 25 19 fd 7f 00 00
RDX=0x0000007b5fafeb90 points into unknown readable memory: 0x0000000000000000 | 00 00 00 00 00 00 00 00
RSP=0x0000007b5fafeb90 points into unknown readable memory: 0x0000000000000000 | 00 00 00 00 00 00 00 00
RBP=0x0000021600d9b958 points into unknown readable memory: 0x0000b0301f648595 | 95 85 64 1f 30 b0 00 00
RSI=0x0000007b5fafec98 points into unknown readable memory: 0x0000007b5fafec80 | 80 ec af 5f 7b 00 00 00
RDI=0x0000021600d9b930 points into unknown readable memory: 0xffa93a37d2e4859a | 9a 85 e4 d2 37 3a a9 ff
R8 =0x0000000000010002 is an unknown value
R9 =0x0000021600d9b930 points into unknown readable memory: 0xffa93a37d2e4859a | 9a 85 e4 d2 37 3a a9 ff
R10=0x85f13e9656da4870 is an unknown value
R11=0x0000007b5fafeb20 points into unknown readable memory: 0x0000021600d9b930 | 30 b9 d9 00 16 02 00 00
R12=0x00007ffd4c504354 glass.dll
R13=0x000002165bb57b20 points into unknown readable memory: 0x8000000900000001 | 01 00 00 00 09 00 00 80
R14=0x0000b0301f648595 is an unknown value
R15=0x0000021600d9b930 points into unknown readable memory: 0xffa93a37d2e4859a | 9a 85 e4 d2 37 3a a9 ff


Registers:
RAX=0x0000000000000000, RBX=0x000002167fd7ee30, RCX=0x000002167fd6ec70, RDX=0x0000007b5fafeb90
RSP=0x0000007b5fafeb90, RBP=0x0000021600d9b958, RSI=0x0000007b5fafec98, RDI=0x0000021600d9b930
R8 =0x0000000000010002, R9 =0x0000021600d9b930, R10=0x85f13e9656da4870, R11=0x0000007b5fafeb20
R12=0x00007ffd4c504354, R13=0x000002165bb57b20, R14=0x0000b0301f648595, R15=0x0000021600d9b930
RIP=0x00007ffd4c506a87, EFLAGS=0x0000000000010206

Top of Stack: (sp=0x0000007b5fafeb90)
0x0000007b5fafeb90:   0000000000000000 0000007b5fafec98
0x0000007b5fafeba0:   000002165bb57b20 00007ffd4c504354
0x0000007b5fafebb0:   0000021600d9b938 00007ffd65773973
0x0000007b5fafebc0:   0000021600d9b930 0000021600000000
0x0000007b5fafebd0:   0000021600d9b958 0000007b5fafec98
0x0000007b5fafebe0:   fffffffffffffffe 0000000000000000
0x0000007b5fafebf0:   0000000000000001 00007ffd4c4e0000
0x0000007b5fafec00:   0000007b5fafec88 00007ffd65740022
0x0000007b5fafec10:   0000000000000000 0000007b5fafec98
0x0000007b5fafec20:   0000007b5fafef80 0000000000000001
0x0000007b5fafec30:   0000000000000001 00007ffd6573ffdd
0x0000007b5fafec40:   0000000000000000 00007ffd4c503b4d
0x0000007b5fafec50:   0000007b5fafef80 0000007b5fafec88
0x0000007b5fafec60:   fffffffffffffffe 0000007b00000000
0x0000007b5fafec70:   0000000000000001 00007ffd4c5041e1
0x0000007b5fafec80:   00007ffd4c51a138 00007ffd00000002 

Instructions: (pc=0x00007ffd4c506a87)
0x00007ffd4c506987:   8b 4d 58 e8 01 cf ff ff 48 8b 4d 60 e8 f8 ce ff
0x00007ffd4c506997:   ff 48 8b 95 80 00 00 00 48 8b 8d 18 01 00 00 e8
0x00007ffd4c5069a7:   c6 c3 ff ff 33 d2 33 c9 e8 3c e1 ff ff 90 48 89
0x00007ffd4c5069b7:   54 24 10 55 48 83 ec 20 48 8b ea 48 b8 00 00 00
0x00007ffd4c5069c7:   00 00 00 00 00 48 83 c4 20 5d c3 cc 40 55 48 8b
0x00007ffd4c5069d7:   ea 48 8b 01 33 c9 81 38 05 00 00 c0 0f 94 c1 8b
0x00007ffd4c5069e7:   c1 5d c3 cc 40 55 48 83 ec 20 48 8b ea 8a 4d 40
0x00007ffd4c5069f7:   48 83 c4 20 5d e9 f7 d2 ff ff cc 40 55 48 83 ec
0x00007ffd4c506a07:   20 48 8b ea 8a 4d 20 e8 e5 d2 ff ff 90 48 83 c4
0x00007ffd4c506a17:   20 5d c3 cc 40 55 48 83 ec 20 48 8b ea 48 83 c4
0x00007ffd4c506a27:   20 5d e9 46 d1 ff ff cc 40 55 48 83 ec 30 48 8b
0x00007ffd4c506a37:   ea 48 8b 01 8b 10 48 89 4c 24 28 89 54 24 20 4c
0x00007ffd4c506a47:   8d 0d e7 d5 ff ff 4c 8b 45 70 8b 55 68 48 8b 4d
0x00007ffd4c506a57:   60 e8 87 d0 ff ff 90 48 83 c4 30 5d c3 cc cc cc
0x00007ffd4c506a67:   cc cc cc cc cc cc cc cc cc 40 53 48 83 ec 20 48
0x00007ffd4c506a77:   8b 1d b3 30 01 00 48 85 db 74 16 e8 09 8b ff ff
0x00007ffd4c506a87:   4c 8b 00 48 8b d3 48 8b c8 41 ff 90 b0 00 00 00
0x00007ffd4c506a97:   90 48 83 c4 20 5b c3 cc cc 40 53 48 83 ec 20 48
0x00007ffd4c506aa7:   8b 1d 2b 32 01 00 48 85 db 74 57 b8 ff ff ff ff
0x00007ffd4c506ab7:   f0 0f c1 43 10 83 f8 01 75 3d 48 85 db 74 38 48
0x00007ffd4c506ac7:   8b 0b 48 85 c9 74 0d ff 15 d4 07 00 00 48 c7 03
0x00007ffd4c506ad7:   00 00 00 00 48 8b 4b 08 48 85 c9 74 0d e8 a7 cd
0x00007ffd4c506ae7:   ff ff 48 c7 43 08 00 00 00 00 ba 18 00 00 00 48
0x00007ffd4c506af7:   8b cb e8 92 cd ff ff 48 c7 05 cf 31 01 00 00 00
0x00007ffd4c506b07:   00 00 48 83 c4 20 5b c3 cc 40 53 48 83 ec 20 48
0x00007ffd4c506b17:   8b 1d 9b 31 01 00 48 85 db 74 57 b8 ff ff ff ff
0x00007ffd4c506b27:   f0 0f c1 43 10 83 f8 01 75 3d 48 85 db 74 38 48
0x00007ffd4c506b37:   8b 0b 48 85 c9 74 0d ff 15 64 07 00 00 48 c7 03
0x00007ffd4c506b47:   00 00 00 00 48 8b 4b 08 48 85 c9 74 0d e8 37 cd
0x00007ffd4c506b57:   ff ff 48 c7 43 08 00 00 00 00 ba 18 00 00 00 48
0x00007ffd4c506b67:   8b cb e8 22 cd ff ff 48 c7 05 3f 31 01 00 00 00
0x00007ffd4c506b77:   00 00 48 83 c4 20 5b c3 cc 40 53 48 83 ec 20 48 


Stack slot to memory mapping:
stack at sp + 0 slots: 0x0 is NULL
stack at sp + 1 slots: 0x0000007b5fafec98 points into unknown readable memory: 0x0000007b5fafec80 | 80 ec af 5f 7b 00 00 00
stack at sp + 2 slots: 0x000002165bb57b20 points into unknown readable memory: 0x8000000900000001 | 01 00 00 00 09 00 00 80
stack at sp + 3 slots: 0x00007ffd4c504354 glass.dll
stack at sp + 4 slots: 0x0000021600d9b938 points into unknown readable memory: 0x0000b0301f648595 | 95 85 64 1f 30 b0 00 00
stack at sp + 5 slots: 0x00007ffd65773973 ucrtbase.dll
stack at sp + 6 slots: 0x0000021600d9b930 points into unknown readable memory: 0xffa93a37d2e4859a | 9a 85 e4 d2 37 3a a9 ff
stack at sp + 7 slots: 0x0000021600000000 is pointing into metadata

VM_Operation (0x0000007b60cf5bd0): Exit, mode: safepoint, requested by thread 0x0000021600e767b0


---------------  P R O C E S S  ---------------

Threads class SMR info:
_java_thread_list=0x00000216069b8670, length=19, elements={
0x000002165baf65a0, 0x000002167fd717c0, 0x000002167fd72590, 0x000002167fd7fb10,
0x000002167fd83540, 0x000002167fd83e50, 0x000002167fd84760, 0x000002167fd90ef0,
0x000002167fd9dc80, 0x000002167fd9e9c0, 0x000002167fd561d0, 0x0000021600e757c0,
0x0000021600e75d10, 0x0000021600e76260, 0x0000021600e767b0, 0x0000021600e77250,
0x0000021600e777a0, 0x0000021600e77cf0, 0x0000021600e75270
}

Java Threads: ( => current thread )
  0x000002165baf65a0 JavaThread "main" [_thread_blocked, id=19404, stack(0x0000007b5f400000,0x0000007b5f500000)]
  0x000002167fd717c0 JavaThread "Reference Handler" daemon [_thread_blocked, id=11564, stack(0x0000007b5fb00000,0x0000007b5fc00000)]
  0x000002167fd72590 JavaThread "Finalizer" daemon [_thread_blocked, id=17384, stack(0x0000007b5fc00000,0x0000007b5fd00000)]
  0x000002167fd7fb10 JavaThread "Signal Dispatcher" daemon [_thread_blocked, id=3008, stack(0x0000007b5fd00000,0x0000007b5fe00000)]
  0x000002167fd83540 JavaThread "Attach Listener" daemon [_thread_blocked, id=15996, stack(0x0000007b5fe00000,0x0000007b5ff00000)]
  0x000002167fd83e50 JavaThread "Service Thread" daemon [_thread_blocked, id=11508, stack(0x0000007b5ff00000,0x0000007b60000000)]
  0x000002167fd84760 JavaThread "Monitor Deflation Thread" daemon [_thread_blocked, id=19432, stack(0x0000007b60000000,0x0000007b60100000)]
  0x000002167fd90ef0 JavaThread "C2 CompilerThread0" daemon [_thread_blocked, id=10768, stack(0x0000007b60100000,0x0000007b60200000)]
  0x000002167fd9dc80 JavaThread "C1 CompilerThread0" daemon [_thread_blocked, id=19212, stack(0x0000007b60200000,0x0000007b60300000)]
  0x000002167fd9e9c0 JavaThread "Sweeper thread" daemon [_thread_blocked, id=18328, stack(0x0000007b60300000,0x0000007b60400000)]
  0x000002167fd561d0 JavaThread "Common-Cleaner" daemon [_thread_blocked, id=11324, stack(0x0000007b60400000,0x0000007b60500000)]
  0x0000021600e757c0 JavaThread "Notification Thread" daemon [_thread_blocked, id=17456, stack(0x0000007b60600000,0x0000007b60700000)]
  0x0000021600e75d10 JavaThread "QuantumRenderer-0" daemon [_thread_blocked, id=16416, stack(0x0000007b60500000,0x0000007b60600000)]
  0x0000021600e76260 JavaThread "InvokeLaterDispatcher" daemon [_thread_blocked, id=17788, stack(0x0000007b60b00000,0x0000007b60c00000)]
  0x0000021600e767b0 JavaThread "JavaFX Application Thread" [_thread_blocked, id=18744, stack(0x0000007b60c00000,0x0000007b60d00000)]
  0x0000021600e77250 JavaThread "JavaFX-Launcher" [_thread_blocked, id=18604, stack(0x0000007b61100000,0x0000007b61200000)]
  0x0000021600e777a0 JavaThread "Thread-2" daemon [_thread_in_native, id=15992, stack(0x0000007b61000000,0x0000007b61100000)]
  0x0000021600e77cf0 JavaThread "Prism Font Disposer" daemon [_thread_blocked, id=9736, stack(0x0000007b61600000,0x0000007b61700000)]
  0x0000021600e75270 JavaThread "Cleaner-0" daemon [_thread_blocked, id=2968, stack(0x0000007b61700000,0x0000007b61800000)]

Other Threads:
=>0x000002167fd6ec70 VMThread "VM Thread" [stack: 0x0000007b5fa00000,0x0000007b5fb00000] [id=1500]
  0x000002165bb43ca0 GCTaskThread "GC Thread#0" [stack: 0x0000007b5f500000,0x0000007b5f600000] [id=13016]
  0x0000021600f88e40 GCTaskThread "GC Thread#1" [stack: 0x0000007b60800000,0x0000007b60900000] [id=18164]
  0x0000021600f856e0 GCTaskThread "GC Thread#2" [stack: 0x0000007b60900000,0x0000007b60a00000] [id=13204]
  0x0000021600f859f0 GCTaskThread "GC Thread#3" [stack: 0x0000007b60a00000,0x0000007b60b00000] [id=15432]
  0x000002165bb54c40 ConcurrentGCThread "G1 Main Marker" terminated
  0x000002165bb55de0 ConcurrentGCThread "G1 Conc#0" [stack: 0x0000007b5f700000,0x0000007b5f800000] [id=13308]
  0x000002167fc324c0 ConcurrentGCThread "G1 Refine#0" terminated
  0x000002167fc32e50 ConcurrentGCThread "G1 Service" terminated

Threads with active compile tasks:

VM state: at safepoint (shutting down)

VM Mutex/Monitor currently owned by a thread:  ([mutex/lock_event])
[0x000002165baf2340] Threads_lock - owner thread: 0x000002167fd6ec70
[0x000002165baf1fe0] Heap_lock - owner thread: 0x0000021600e767b0

Heap address: 0x0000000702000000, size: 4064 MB, Compressed Oops mode: Zero based, Oop shift amount: 3

CDS archive(s) mapped at: [0x0000000800000000-0x0000000800bb0000-0x0000000800bb0000), size 12255232, SharedBaseAddress: 0x0000000800000000, ArchiveRelocationMode: 0.
Compressed class space mapped at: 0x0000000800c00000-0x0000000840c00000, reserved size: 1073741824
Narrow klass base: 0x0000000800000000, Narrow klass shift: 3, Narrow klass range: 0x100000000

GC Precious Log:
 CPUs: 4 total, 4 available
 Memory: 16255M
 Large Page Support: Disabled
 NUMA Support: Disabled
 Compressed Oops: Enabled (Zero based)
 Heap Region Size: 2M
 Heap Min Capacity: 8M
 Heap Initial Capacity: 254M
 Heap Max Capacity: 4064M
 Pre-touch: Disabled
 Parallel Workers: 4
 Concurrent Workers: 1
 Concurrent Refinement Workers: 4
 Periodic GC: Disabled

Heap:
 garbage-first heap   total 260096K, used 56085K [0x0000000702000000, 0x0000000800000000)
  region size 2048K, 27 young (55296K), 2 survivors (4096K)
 Metaspace       used 18301K, committed 18560K, reserved 1064960K
  class space    used 2651K, committed 2816K, reserved 1048576K

Heap Regions: E=young(eden), S=young(survivor), O=old, HS=humongous(starts), HC=humongous(continues), CS=collection set, F=free, OA=open archive, CA=closed archive, TAMS=top-at-mark-start (previous, next)
|   0|0x0000000702000000, 0x00000007020c5400, 0x0000000702200000| 38%| O|  |TAMS 0x0000000702000000, 0x0000000702000000| Untracked 
|   1|0x0000000702200000, 0x0000000702400000, 0x0000000702400000|100%|HS|  |TAMS 0x0000000702200000, 0x0000000702200000| Complete 
|   2|0x0000000702400000, 0x0000000702400000, 0x0000000702600000|  0%| F|  |TAMS 0x0000000702400000, 0x0000000702400000| Untracked 
|   3|0x0000000702600000, 0x0000000702600000, 0x0000000702800000|  0%| F|  |TAMS 0x0000000702600000, 0x0000000702600000| Untracked 
|   4|0x0000000702800000, 0x0000000702800000, 0x0000000702a00000|  0%| F|  |TAMS 0x0000000702800000, 0x0000000702800000| Untracked 
|   5|0x0000000702a00000, 0x0000000702a00000, 0x0000000702c00000|  0%| F|  |TAMS 0x0000000702a00000, 0x0000000702a00000| Untracked 
|   6|0x0000000702c00000, 0x0000000702c00000, 0x0000000702e00000|  0%| F|  |TAMS 0x0000000702c00000, 0x0000000702c00000| Untracked 
|   7|0x0000000702e00000, 0x0000000702e00000, 0x0000000703000000|  0%| F|  |TAMS 0x0000000702e00000, 0x0000000702e00000| Untracked 
|   8|0x0000000703000000, 0x0000000703000000, 0x0000000703200000|  0%| F|  |TAMS 0x0000000703000000, 0x0000000703000000| Untracked 
|   9|0x0000000703200000, 0x0000000703200000, 0x0000000703400000|  0%| F|  |TAMS 0x0000000703200000, 0x0000000703200000| Untracked 
|  10|0x0000000703400000, 0x0000000703400000, 0x0000000703600000|  0%| F|  |TAMS 0x0000000703400000, 0x0000000703400000| Untracked 
|  11|0x0000000703600000, 0x0000000703600000, 0x0000000703800000|  0%| F|  |TAMS 0x0000000703600000, 0x0000000703600000| Untracked 
|  12|0x0000000703800000, 0x0000000703800000, 0x0000000703a00000|  0%| F|  |TAMS 0x0000000703800000, 0x0000000703800000| Untracked 
|  13|0x0000000703a00000, 0x0000000703a00000, 0x0000000703c00000|  0%| F|  |TAMS 0x0000000703a00000, 0x0000000703a00000| Untracked 
|  14|0x0000000703c00000, 0x0000000703c00000, 0x0000000703e00000|  0%| F|  |TAMS 0x0000000703c00000, 0x0000000703c00000| Untracked 
|  15|0x0000000703e00000, 0x0000000703e00000, 0x0000000704000000|  0%| F|  |TAMS 0x0000000703e00000, 0x0000000703e00000| Untracked 
|  16|0x0000000704000000, 0x0000000704000000, 0x0000000704200000|  0%| F|  |TAMS 0x0000000704000000, 0x0000000704000000| Untracked 
|  17|0x0000000704200000, 0x0000000704200000, 0x0000000704400000|  0%| F|  |TAMS 0x0000000704200000, 0x0000000704200000| Untracked 
|  18|0x0000000704400000, 0x0000000704400000, 0x0000000704600000|  0%| F|  |TAMS 0x0000000704400000, 0x0000000704400000| Untracked 
|  19|0x0000000704600000, 0x0000000704600000, 0x0000000704800000|  0%| F|  |TAMS 0x0000000704600000, 0x0000000704600000| Untracked 
|  20|0x0000000704800000, 0x0000000704800000, 0x0000000704a00000|  0%| F|  |TAMS 0x0000000704800000, 0x0000000704800000| Untracked 
|  21|0x0000000704a00000, 0x0000000704a00000, 0x0000000704c00000|  0%| F|  |TAMS 0x0000000704a00000, 0x0000000704a00000| Untracked 
|  22|0x0000000704c00000, 0x0000000704c00000, 0x0000000704e00000|  0%| F|  |TAMS 0x0000000704c00000, 0x0000000704c00000| Untracked 
|  23|0x0000000704e00000, 0x0000000704e00000, 0x0000000705000000|  0%| F|  |TAMS 0x0000000704e00000, 0x0000000704e00000| Untracked 
|  24|0x0000000705000000, 0x0000000705000000, 0x0000000705200000|  0%| F|  |TAMS 0x0000000705000000, 0x0000000705000000| Untracked 
|  25|0x0000000705200000, 0x0000000705200000, 0x0000000705400000|  0%| F|  |TAMS 0x0000000705200000, 0x0000000705200000| Untracked 
|  26|0x0000000705400000, 0x0000000705400000, 0x0000000705600000|  0%| F|  |TAMS 0x0000000705400000, 0x0000000705400000| Untracked 
|  27|0x0000000705600000, 0x0000000705600000, 0x0000000705800000|  0%| F|  |TAMS 0x0000000705600000, 0x0000000705600000| Untracked 
|  28|0x0000000705800000, 0x0000000705800000, 0x0000000705a00000|  0%| F|  |TAMS 0x0000000705800000, 0x0000000705800000| Untracked 
|  29|0x0000000705a00000, 0x0000000705a00000, 0x0000000705c00000|  0%| F|  |TAMS 0x0000000705a00000, 0x0000000705a00000| Untracked 
|  30|0x0000000705c00000, 0x0000000705c00000, 0x0000000705e00000|  0%| F|  |TAMS 0x0000000705c00000, 0x0000000705c00000| Untracked 
|  31|0x0000000705e00000, 0x0000000705e00000, 0x0000000706000000|  0%| F|  |TAMS 0x0000000705e00000, 0x0000000705e00000| Untracked 
|  32|0x0000000706000000, 0x0000000706000000, 0x0000000706200000|  0%| F|  |TAMS 0x0000000706000000, 0x0000000706000000| Untracked 
|  33|0x0000000706200000, 0x0000000706200000, 0x0000000706400000|  0%| F|  |TAMS 0x0000000706200000, 0x0000000706200000| Untracked 
|  34|0x0000000706400000, 0x0000000706400000, 0x0000000706600000|  0%| F|  |TAMS 0x0000000706400000, 0x0000000706400000| Untracked 
|  35|0x0000000706600000, 0x0000000706600000, 0x0000000706800000|  0%| F|  |TAMS 0x0000000706600000, 0x0000000706600000| Untracked 
|  36|0x0000000706800000, 0x0000000706800000, 0x0000000706a00000|  0%| F|  |TAMS 0x0000000706800000, 0x0000000706800000| Untracked 
|  37|0x0000000706a00000, 0x0000000706a00000, 0x0000000706c00000|  0%| F|  |TAMS 0x0000000706a00000, 0x0000000706a00000| Untracked 
|  38|0x0000000706c00000, 0x0000000706c00000, 0x0000000706e00000|  0%| F|  |TAMS 0x0000000706c00000, 0x0000000706c00000| Untracked 
|  39|0x0000000706e00000, 0x0000000706e00000, 0x0000000707000000|  0%| F|  |TAMS 0x0000000706e00000, 0x0000000706e00000| Untracked 
|  40|0x0000000707000000, 0x0000000707000000, 0x0000000707200000|  0%| F|  |TAMS 0x0000000707000000, 0x0000000707000000| Untracked 
|  41|0x0000000707200000, 0x0000000707200000, 0x0000000707400000|  0%| F|  |TAMS 0x0000000707200000, 0x0000000707200000| Untracked 
|  42|0x0000000707400000, 0x0000000707400000, 0x0000000707600000|  0%| F|  |TAMS 0x0000000707400000, 0x0000000707400000| Untracked 
|  43|0x0000000707600000, 0x0000000707600000, 0x0000000707800000|  0%| F|  |TAMS 0x0000000707600000, 0x0000000707600000| Untracked 
|  44|0x0000000707800000, 0x0000000707800000, 0x0000000707a00000|  0%| F|  |TAMS 0x0000000707800000, 0x0000000707800000| Untracked 
|  45|0x0000000707a00000, 0x0000000707a00000, 0x0000000707c00000|  0%| F|  |TAMS 0x0000000707a00000, 0x0000000707a00000| Untracked 
|  46|0x0000000707c00000, 0x0000000707c00000, 0x0000000707e00000|  0%| F|  |TAMS 0x0000000707c00000, 0x0000000707c00000| Untracked 
|  47|0x0000000707e00000, 0x0000000707e00000, 0x0000000708000000|  0%| F|  |TAMS 0x0000000707e00000, 0x0000000707e00000| Untracked 
|  48|0x0000000708000000, 0x0000000708000000, 0x0000000708200000|  0%| F|  |TAMS 0x0000000708000000, 0x0000000708000000| Untracked 
|  49|0x0000000708200000, 0x0000000708200000, 0x0000000708400000|  0%| F|  |TAMS 0x0000000708200000, 0x0000000708200000| Untracked 
|  50|0x0000000708400000, 0x0000000708400000, 0x0000000708600000|  0%| F|  |TAMS 0x0000000708400000, 0x0000000708400000| Untracked 
|  51|0x0000000708600000, 0x0000000708600000, 0x0000000708800000|  0%| F|  |TAMS 0x0000000708600000, 0x0000000708600000| Untracked 
|  52|0x0000000708800000, 0x0000000708800000, 0x0000000708a00000|  0%| F|  |TAMS 0x0000000708800000, 0x0000000708800000| Untracked 
|  53|0x0000000708a00000, 0x0000000708a00000, 0x0000000708c00000|  0%| F|  |TAMS 0x0000000708a00000, 0x0000000708a00000| Untracked 
|  54|0x0000000708c00000, 0x0000000708c00000, 0x0000000708e00000|  0%| F|  |TAMS 0x0000000708c00000, 0x0000000708c00000| Untracked 
|  55|0x0000000708e00000, 0x0000000708e00000, 0x0000000709000000|  0%| F|  |TAMS 0x0000000708e00000, 0x0000000708e00000| Untracked 
|  56|0x0000000709000000, 0x0000000709000000, 0x0000000709200000|  0%| F|  |TAMS 0x0000000709000000, 0x0000000709000000| Untracked 
|  57|0x0000000709200000, 0x0000000709200000, 0x0000000709400000|  0%| F|  |TAMS 0x0000000709200000, 0x0000000709200000| Untracked 
|  58|0x0000000709400000, 0x0000000709400000, 0x0000000709600000|  0%| F|  |TAMS 0x0000000709400000, 0x0000000709400000| Untracked 
|  59|0x0000000709600000, 0x0000000709600000, 0x0000000709800000|  0%| F|  |TAMS 0x0000000709600000, 0x0000000709600000| Untracked 
|  60|0x0000000709800000, 0x0000000709800000, 0x0000000709a00000|  0%| F|  |TAMS 0x0000000709800000, 0x0000000709800000| Untracked 
|  61|0x0000000709a00000, 0x0000000709a00000, 0x0000000709c00000|  0%| F|  |TAMS 0x0000000709a00000, 0x0000000709a00000| Untracked 
|  62|0x0000000709c00000, 0x0000000709c00000, 0x0000000709e00000|  0%| F|  |TAMS 0x0000000709c00000, 0x0000000709c00000| Untracked 
|  63|0x0000000709e00000, 0x0000000709e00000, 0x000000070a000000|  0%| F|  |TAMS 0x0000000709e00000, 0x0000000709e00000| Untracked 
|  64|0x000000070a000000, 0x000000070a000000, 0x000000070a200000|  0%| F|  |TAMS 0x000000070a000000, 0x000000070a000000| Untracked 
|  65|0x000000070a200000, 0x000000070a200000, 0x000000070a400000|  0%| F|  |TAMS 0x000000070a200000, 0x000000070a200000| Untracked 
|  66|0x000000070a400000, 0x000000070a400000, 0x000000070a600000|  0%| F|  |TAMS 0x000000070a400000, 0x000000070a400000| Untracked 
|  67|0x000000070a600000, 0x000000070a600000, 0x000000070a800000|  0%| F|  |TAMS 0x000000070a600000, 0x000000070a600000| Untracked 
|  68|0x000000070a800000, 0x000000070a800000, 0x000000070aa00000|  0%| F|  |TAMS 0x000000070a800000, 0x000000070a800000| Untracked 
|  69|0x000000070aa00000, 0x000000070aa00000, 0x000000070ac00000|  0%| F|  |TAMS 0x000000070aa00000, 0x000000070aa00000| Untracked 
|  70|0x000000070ac00000, 0x000000070ac00000, 0x000000070ae00000|  0%| F|  |TAMS 0x000000070ac00000, 0x000000070ac00000| Untracked 
|  71|0x000000070ae00000, 0x000000070ae00000, 0x000000070b000000|  0%| F|  |TAMS 0x000000070ae00000, 0x000000070ae00000| Untracked 
|  72|0x000000070b000000, 0x000000070b000000, 0x000000070b200000|  0%| F|  |TAMS 0x000000070b000000, 0x000000070b000000| Untracked 
|  73|0x000000070b200000, 0x000000070b200000, 0x000000070b400000|  0%| F|  |TAMS 0x000000070b200000, 0x000000070b200000| Untracked 
|  74|0x000000070b400000, 0x000000070b400000, 0x000000070b600000|  0%| F|  |TAMS 0x000000070b400000, 0x000000070b400000| Untracked 
|  75|0x000000070b600000, 0x000000070b600000, 0x000000070b800000|  0%| F|  |TAMS 0x000000070b600000, 0x000000070b600000| Untracked 
|  76|0x000000070b800000, 0x000000070b800000, 0x000000070ba00000|  0%| F|  |TAMS 0x000000070b800000, 0x000000070b800000| Untracked 
|  77|0x000000070ba00000, 0x000000070ba00000, 0x000000070bc00000|  0%| F|  |TAMS 0x000000070ba00000, 0x000000070ba00000| Untracked 
|  78|0x000000070bc00000, 0x000000070bc00000, 0x000000070be00000|  0%| F|  |TAMS 0x000000070bc00000, 0x000000070bc00000| Untracked 
|  79|0x000000070be00000, 0x000000070be00000, 0x000000070c000000|  0%| F|  |TAMS 0x000000070be00000, 0x000000070be00000| Untracked 
|  80|0x000000070c000000, 0x000000070c000000, 0x000000070c200000|  0%| F|  |TAMS 0x000000070c000000, 0x000000070c000000| Untracked 
|  81|0x000000070c200000, 0x000000070c200000, 0x000000070c400000|  0%| F|  |TAMS 0x000000070c200000, 0x000000070c200000| Untracked 
|  82|0x000000070c400000, 0x000000070c400000, 0x000000070c600000|  0%| F|  |TAMS 0x000000070c400000, 0x000000070c400000| Untracked 
|  83|0x000000070c600000, 0x000000070c600000, 0x000000070c800000|  0%| F|  |TAMS 0x000000070c600000, 0x000000070c600000| Untracked 
|  84|0x000000070c800000, 0x000000070c800000, 0x000000070ca00000|  0%| F|  |TAMS 0x000000070c800000, 0x000000070c800000| Untracked 
|  85|0x000000070ca00000, 0x000000070ca00000, 0x000000070cc00000|  0%| F|  |TAMS 0x000000070ca00000, 0x000000070ca00000| Untracked 
|  86|0x000000070cc00000, 0x000000070cc00000, 0x000000070ce00000|  0%| F|  |TAMS 0x000000070cc00000, 0x000000070cc00000| Untracked 
|  87|0x000000070ce00000, 0x000000070ce00000, 0x000000070d000000|  0%| F|  |TAMS 0x000000070ce00000, 0x000000070ce00000| Untracked 
|  88|0x000000070d000000, 0x000000070d000000, 0x000000070d200000|  0%| F|  |TAMS 0x000000070d000000, 0x000000070d000000| Untracked 
|  89|0x000000070d200000, 0x000000070d200000, 0x000000070d400000|  0%| F|  |TAMS 0x000000070d200000, 0x000000070d200000| Untracked 
|  90|0x000000070d400000, 0x000000070d400000, 0x000000070d600000|  0%| F|  |TAMS 0x000000070d400000, 0x000000070d400000| Untracked 
|  91|0x000000070d600000, 0x000000070d600000, 0x000000070d800000|  0%| F|  |TAMS 0x000000070d600000, 0x000000070d600000| Untracked 
|  92|0x000000070d800000, 0x000000070d800000, 0x000000070da00000|  0%| F|  |TAMS 0x000000070d800000, 0x000000070d800000| Untracked 
|  93|0x000000070da00000, 0x000000070da00000, 0x000000070dc00000|  0%| F|  |TAMS 0x000000070da00000, 0x000000070da00000| Untracked 
|  94|0x000000070dc00000, 0x000000070dc00000, 0x000000070de00000|  0%| F|  |TAMS 0x000000070dc00000, 0x000000070dc00000| Untracked 
|  95|0x000000070de00000, 0x000000070de00000, 0x000000070e000000|  0%| F|  |TAMS 0x000000070de00000, 0x000000070de00000| Untracked 
|  96|0x000000070e000000, 0x000000070e000000, 0x000000070e200000|  0%| F|  |TAMS 0x000000070e000000, 0x000000070e000000| Untracked 
|  97|0x000000070e200000, 0x000000070e200000, 0x000000070e400000|  0%| F|  |TAMS 0x000000070e200000, 0x000000070e200000| Untracked 
|  98|0x000000070e400000, 0x000000070e400000, 0x000000070e600000|  0%| F|  |TAMS 0x000000070e400000, 0x000000070e400000| Untracked 
|  99|0x000000070e600000, 0x000000070e600000, 0x000000070e800000|  0%| F|  |TAMS 0x000000070e600000, 0x000000070e600000| Untracked 
| 100|0x000000070e800000, 0x000000070e9c5e80, 0x000000070ea00000| 88%| E|  |TAMS 0x000000070e800000, 0x000000070e800000| Complete 
| 101|0x000000070ea00000, 0x000000070ec00000, 0x000000070ec00000|100%| E|CS|TAMS 0x000000070ea00000, 0x000000070ea00000| Complete 
| 102|0x000000070ec00000, 0x000000070ee00000, 0x000000070ee00000|100%| E|CS|TAMS 0x000000070ec00000, 0x000000070ec00000| Complete 
| 103|0x000000070ee00000, 0x000000070f000000, 0x000000070f000000|100%| E|CS|TAMS 0x000000070ee00000, 0x000000070ee00000| Complete 
| 104|0x000000070f000000, 0x000000070f200000, 0x000000070f200000|100%| E|CS|TAMS 0x000000070f000000, 0x000000070f000000| Complete 
| 105|0x000000070f200000, 0x000000070f400000, 0x000000070f400000|100%| E|CS|TAMS 0x000000070f200000, 0x000000070f200000| Complete 
| 106|0x000000070f400000, 0x000000070f600000, 0x000000070f600000|100%| E|CS|TAMS 0x000000070f400000, 0x000000070f400000| Complete 
| 107|0x000000070f600000, 0x000000070f800000, 0x000000070f800000|100%| E|CS|TAMS 0x000000070f600000, 0x000000070f600000| Complete 
| 108|0x000000070f800000, 0x000000070fa00000, 0x000000070fa00000|100%| E|CS|TAMS 0x000000070f800000, 0x000000070f800000| Complete 
| 109|0x000000070fa00000, 0x000000070fc00000, 0x000000070fc00000|100%| E|CS|TAMS 0x000000070fa00000, 0x000000070fa00000| Complete 
| 110|0x000000070fc00000, 0x000000070fe00000, 0x000000070fe00000|100%| E|CS|TAMS 0x000000070fc00000, 0x000000070fc00000| Complete 
| 111|0x000000070fe00000, 0x0000000710000000, 0x0000000710000000|100%| E|CS|TAMS 0x000000070fe00000, 0x000000070fe00000| Complete 
| 112|0x0000000710000000, 0x0000000710200000, 0x0000000710200000|100%| E|CS|TAMS 0x0000000710000000, 0x0000000710000000| Complete 
| 113|0x0000000710200000, 0x0000000710400000, 0x0000000710400000|100%| E|CS|TAMS 0x0000000710200000, 0x0000000710200000| Complete 
| 114|0x0000000710400000, 0x0000000710600000, 0x0000000710600000|100%| E|CS|TAMS 0x0000000710400000, 0x0000000710400000| Complete 
| 115|0x0000000710600000, 0x0000000710800000, 0x0000000710800000|100%| E|CS|TAMS 0x0000000710600000, 0x0000000710600000| Complete 
| 116|0x0000000710800000, 0x0000000710a00000, 0x0000000710a00000|100%| S|CS|TAMS 0x0000000710800000, 0x0000000710800000| Complete 
| 117|0x0000000710a00000, 0x0000000710c00000, 0x0000000710c00000|100%| S|CS|TAMS 0x0000000710a00000, 0x0000000710a00000| Complete 
| 118|0x0000000710c00000, 0x0000000710e00000, 0x0000000710e00000|100%| E|CS|TAMS 0x0000000710c00000, 0x0000000710c00000| Complete 
| 119|0x0000000710e00000, 0x0000000711000000, 0x0000000711000000|100%| E|CS|TAMS 0x0000000710e00000, 0x0000000710e00000| Complete 
| 120|0x0000000711000000, 0x0000000711200000, 0x0000000711200000|100%| E|CS|TAMS 0x0000000711000000, 0x0000000711000000| Complete 
| 121|0x0000000711200000, 0x0000000711400000, 0x0000000711400000|100%| E|CS|TAMS 0x0000000711200000, 0x0000000711200000| Complete 
| 122|0x0000000711400000, 0x0000000711600000, 0x0000000711600000|100%| E|CS|TAMS 0x0000000711400000, 0x0000000711400000| Complete 
| 123|0x0000000711600000, 0x0000000711800000, 0x0000000711800000|100%| E|CS|TAMS 0x0000000711600000, 0x0000000711600000| Complete 
| 124|0x0000000711800000, 0x0000000711a00000, 0x0000000711a00000|100%| E|CS|TAMS 0x0000000711800000, 0x0000000711800000| Complete 
| 125|0x0000000711a00000, 0x0000000711c00000, 0x0000000711c00000|100%| E|CS|TAMS 0x0000000711a00000, 0x0000000711a00000| Complete 
| 126|0x0000000711c00000, 0x0000000711e00000, 0x0000000711e00000|100%| E|CS|TAMS 0x0000000711c00000, 0x0000000711c00000| Complete 

Card table byte_map: [0x0000021674860000,0x0000021675050000] _byte_map_base: 0x0000021671050000

Marking Bits (Prev, Next): (CMBitMap*) 0x000002165bb442a0, (CMBitMap*) 0x000002165bb442e0
 Prev Bits: [0x0000021675840000, 0x00000216797c0000)
 Next Bits: [0x00000216797c0000, 0x000002167d740000)

Polling page: 0x000002165bbd0000

Metaspace:

Usage:
  Non-class:     15.28 MB used.
      Class:      2.59 MB used.
       Both:     17.87 MB used.

Virtual space:
  Non-class space:       16.00 MB reserved,      15.38 MB ( 96%) committed,  2 nodes.
      Class space:        1.00 GB reserved,       2.75 MB ( <1%) committed,  1 nodes.
              Both:        1.02 GB reserved,      18.12 MB (  2%) committed. 

Chunk freelists:
   Non-Class:  399.00 KB
       Class:  1.17 MB
        Both:  1.56 MB

MaxMetaspaceSize: 17179869184.00 GB
CompressedClassSpaceSize: 1.00 GB
 - commit_granule_bytes: 65536.
 - commit_granule_words: 8192.
 - virtual_space_node_default_size: 1048576.
 - enlarge_chunks_in_place: 1.
 - new_chunks_are_fully_committed: 0.
 - uncommit_free_chunks: 1.
 - use_allocation_guard: 0.
 - handle_deallocations: 1.


Internal statistics:

num_allocs_failed_limit: 0.
num_arena_births: 222.
num_arena_deaths: 0.
num_vsnodes_births: 3.
num_vsnodes_deaths: 0.
num_space_committed: 290.
num_space_uncommitted: 0.
num_chunks_returned_to_freelist: 0.
num_chunks_taken_from_freelist: 895.
num_chunk_merges: 0.
num_chunk_splits: 606.
num_chunks_enlarged: 459.
num_purges: 0.

CodeHeap 'non-profiled nmethods': size=120000Kb used=1398Kb max_used=1398Kb free=118601Kb
 bounds [0x000002166c510000, 0x000002166c780000, 0x0000021673a40000]
CodeHeap 'profiled nmethods': size=120000Kb used=6832Kb max_used=6832Kb free=113167Kb
 bounds [0x0000021664fe0000, 0x0000021665690000, 0x000002166c510000]
CodeHeap 'non-nmethods': size=5760Kb used=1454Kb max_used=1524Kb free=4305Kb
 bounds [0x0000021664a40000, 0x0000021664cb0000, 0x0000021664fe0000]
 total_blobs=4318 nmethods=3504 adapters=725
 compilation: enabled
              stopped_count=0, restarted_count=0
 full_count=0

Compilation events (20 events):
Event: 100.298 Thread 0x000002167fd9dc80 3504       3       com.sun.javafx.scene.control.ControlHelper::superProcessCSSImpl (6 bytes)
Event: 100.298 Thread 0x000002167fd9dc80 nmethod 3504 0x000002166567ca10 code [0x000002166567cbe0, 0x000002166567cf48]
Event: 100.298 Thread 0x000002167fd9dc80 3507       3       javafx.scene.layout.Region::computeChildPrefAreaHeight (273 bytes)
Event: 100.298 Thread 0x000002167fd90ef0 3510       4       com.sun.prism.impl.VertexBuffer::flush (32 bytes)
Event: 100.303 Thread 0x000002167fd90ef0 nmethod 3510 0x000002166c66b990 code [0x000002166c66bb40, 0x000002166c66be08]
Event: 100.304 Thread 0x000002167fd9dc80 nmethod 3507 0x000002166567d090 code [0x000002166567d900, 0x0000021665682498]
Event: 100.304 Thread 0x000002167fd9dc80 3506       3       javafx.scene.layout.Region$StyleableProperties$3::getStyleableProperty (8 bytes)
Event: 100.304 Thread 0x000002167fd9dc80 nmethod 3506 0x0000021665683b10 code [0x0000021665683cc0, 0x0000021665683ef8]
Event: 100.304 Thread 0x000002167fd9dc80 3509       3       javafx.scene.Scene::isDirty (9 bytes)
Event: 100.305 Thread 0x000002167fd9dc80 nmethod 3509 0x0000021665684010 code [0x00000216656841c0, 0x00000216656843a8]
Event: 100.305 Thread 0x000002167fd9dc80 3508       3       javafx.scene.layout.Region::computeChildPrefAreaWidth (271 bytes)
Event: 100.308 Thread 0x000002167fd9dc80 nmethod 3508 0x0000021665684490 code [0x0000021665684d00, 0x00000216656896e8]
Event: 100.308 Thread 0x000002167fd9dc80 3511       3       com.sun.javafx.geom.Point2D::<init> (15 bytes)
Event: 100.308 Thread 0x000002167fd9dc80 nmethod 3511 0x000002166568ae10 code [0x000002166568afc0, 0x000002166568b138]
Event: 100.308 Thread 0x000002167fd9dc80 3512       3       com.sun.prism.d3d.D3DShader::getRegister (80 bytes)
Event: 100.309 Thread 0x000002167fd9dc80 nmethod 3512 0x000002166568b210 code [0x000002166568b460, 0x000002166568bee8]
Event: 100.329 Thread 0x000002167fd90ef0 3513       4       java.util.WeakHashMap::put (160 bytes)
Event: 100.348 Thread 0x000002167fd90ef0 nmethod 3513 0x000002166c66c110 code [0x000002166c66c2e0, 0x000002166c66d218]
Event: 100.360 Thread 0x000002167fd90ef0 3514       4       com.sun.javafx.css.StyleManager::getInstance (4 bytes)
Event: 100.360 Thread 0x000002167fd90ef0 nmethod 3514 0x000002166c66d690 code [0x000002166c66d800, 0x000002166c66d858]

GC Heap History (4 events):
Event: 0.512 GC heap before
{Heap before GC invocations=0 (full 0):
 garbage-first heap   total 260096K, used 10240K [0x0000000702000000, 0x0000000800000000)
  region size 2048K, 6 young (12288K), 0 survivors (0K)
 Metaspace       used 2310K, committed 2432K, reserved 1056768K
  class space    used 234K, committed 320K, reserved 1048576K
}
Event: 0.515 GC heap after
{Heap after GC invocations=1 (full 0):
 garbage-first heap   total 260096K, used 1886K [0x0000000702000000, 0x0000000800000000)
  region size 2048K, 1 young (2048K), 1 survivors (2048K)
 Metaspace       used 2310K, committed 2432K, reserved 1056768K
  class space    used 234K, committed 320K, reserved 1048576K
}
Event: 0.855 GC heap before
{Heap before GC invocations=1 (full 0):
 garbage-first heap   total 260096K, used 16222K [0x0000000702000000, 0x0000000800000000)
  region size 2048K, 9 young (18432K), 1 survivors (2048K)
 Metaspace       used 7636K, committed 7808K, reserved 1064960K
  class space    used 949K, committed 1024K, reserved 1048576K
}
Event: 0.861 GC heap after
{Heap after GC invocations=2 (full 0):
 garbage-first heap   total 260096K, used 4885K [0x0000000702000000, 0x0000000800000000)
  region size 2048K, 2 young (4096K), 2 survivors (4096K)
 Metaspace       used 7636K, committed 7808K, reserved 1064960K
  class space    used 949K, committed 1024K, reserved 1048576K
}

Deoptimization events (20 events):
Event: 46.039 Thread 0x0000021600e767b0 DEOPT PACKING pc=0x000002166c584af0 sp=0x0000007b60cf7540
Event: 46.039 Thread 0x0000021600e767b0 DEOPT UNPACKING pc=0x0000021664a8d72e sp=0x0000007b60cf7510 mode 2
Event: 46.039 Thread 0x0000021600e767b0 Uncommon trap: trap_request=0xffffffde fr.pc=0x000002166c584af0 relative=0x0000000000000710
Event: 46.039 Thread 0x0000021600e767b0 Uncommon trap: reason=class_check action=maybe_recompile pc=0x000002166c584af0 method=java.util.zip.InflaterInputStream.read([BII)I @ 100 c2
Event: 46.039 Thread 0x0000021600e767b0 DEOPT PACKING pc=0x000002166c584af0 sp=0x0000007b60cf73c0
Event: 46.039 Thread 0x0000021600e767b0 DEOPT UNPACKING pc=0x0000021664a8d72e sp=0x0000007b60cf7390 mode 2
Event: 46.039 Thread 0x0000021600e767b0 Uncommon trap: trap_request=0xffffffde fr.pc=0x000002166c584af0 relative=0x0000000000000710
Event: 46.039 Thread 0x0000021600e767b0 Uncommon trap: reason=class_check action=maybe_recompile pc=0x000002166c584af0 method=java.util.zip.InflaterInputStream.read([BII)I @ 100 c2
Event: 46.039 Thread 0x0000021600e767b0 DEOPT PACKING pc=0x000002166c584af0 sp=0x0000007b60cf73c0
Event: 46.039 Thread 0x0000021600e767b0 DEOPT UNPACKING pc=0x0000021664a8d72e sp=0x0000007b60cf7390 mode 2
Event: 46.039 Thread 0x0000021600e767b0 Uncommon trap: trap_request=0xffffffde fr.pc=0x000002166c584af0 relative=0x0000000000000710
Event: 46.039 Thread 0x0000021600e767b0 Uncommon trap: reason=class_check action=maybe_recompile pc=0x000002166c584af0 method=java.util.zip.InflaterInputStream.read([BII)I @ 100 c2
Event: 46.039 Thread 0x0000021600e767b0 DEOPT PACKING pc=0x000002166c584af0 sp=0x0000007b60cf73c0
Event: 46.039 Thread 0x0000021600e767b0 DEOPT UNPACKING pc=0x0000021664a8d72e sp=0x0000007b60cf7390 mode 2
Event: 46.052 Thread 0x0000021600e767b0 Uncommon trap: trap_request=0xffffff45 fr.pc=0x000002166c58307c relative=0x000000000000005c
Event: 46.052 Thread 0x0000021600e767b0 Uncommon trap: reason=unstable_if action=reinterpret pc=0x000002166c58307c method=java.util.Objects.equals(Ljava/lang/Object;Ljava/lang/Object;)Z @ 6 c2
Event: 46.052 Thread 0x0000021600e767b0 DEOPT PACKING pc=0x000002166c58307c sp=0x0000007b60cf78a0
Event: 46.052 Thread 0x0000021600e767b0 DEOPT UNPACKING pc=0x0000021664a8d72e sp=0x0000007b60cf7840 mode 2
Event: 48.667 Thread 0x0000021600e75d10 DEOPT PACKING pc=0x0000021665280bb8 sp=0x0000007b605fcec0
Event: 48.667 Thread 0x0000021600e75d10 DEOPT UNPACKING pc=0x0000021664a8dece sp=0x0000007b605fc278 mode 0

Classes unloaded (0 events):
No events

Classes redefined (0 events):
No events

Internal exceptions (20 events):
Event: 0.918 Thread 0x0000021600e767b0 Exception <a 'java/lang/NoSuchMethodError'{0x0000000711b94268}: 'void java.lang.invoke.DirectMethodHandle$Holder.invokeSpecial(java.lang.Object, java.lang.Object, java.lang.Object, java.lang.Object, java.lang.Object)'> (0x0000000711b94268) 
thrown [t:\workspace\open\src\hotspot\share\interpreter\linkResolver.cpp, line 790]
Event: 0.967 Thread 0x0000021600e767b0 Exception <a 'java/io/FileNotFoundException'{0x00000007118ef5d0}> (0x00000007118ef5d0) 
thrown [t:\workspace\open\src\hotspot\share\prims\jni.cpp, line 579]
Event: 0.971 Thread 0x0000021600e767b0 Exception <a 'java/io/FileNotFoundException'{0x000000071190ada8}> (0x000000071190ada8) 
thrown [t:\workspace\open\src\hotspot\share\prims\jni.cpp, line 579]
Event: 1.030 Thread 0x0000021600e767b0 Implicit null exception at 0x000002166c5339e0 to 0x000002166c533a7a
Event: 1.038 Thread 0x0000021600e767b0 Implicit null exception at 0x000002166c566d8f to 0x000002166c567148
Event: 1.180 Thread 0x0000021600e767b0 Exception <a 'java/lang/NoSuchMethodError'{0x000000071101d2e8}: 'java.lang.Object java.lang.invoke.DirectMethodHandle$Holder.invokeInterface(java.lang.Object, java.lang.Object, java.lang.Object)'> (0x000000071101d2e8) 
thrown [t:\workspace\open\src\hotspot\share\interpreter\linkResolver.cpp, line 790]
Event: 1.181 Thread 0x0000021600e767b0 Exception <a 'java/lang/IncompatibleClassChangeError'{0x0000000711020e68}: Found class java.lang.Object, but interface was expected> (0x0000000711020e68) 
thrown [t:\workspace\open\src\hotspot\share\interpreter\linkResolver.cpp, line 857]
Event: 1.276 Thread 0x0000021600e767b0 Exception <a 'java/lang/NoSuchMethodError'{0x00000007111fa328}: 'java.lang.Object java.lang.invoke.DirectMethodHandle$Holder.newInvokeSpecial(java.lang.Object, java.lang.Object, int)'> (0x00000007111fa328) 
thrown [t:\workspace\open\src\hotspot\share\interpreter\linkResolver.cpp, line 790]
Event: 1.322 Thread 0x0000021600e75d10 Exception <a 'java/lang/NoSuchMethodError'{0x0000000710f9a0d8}: 'int java.lang.invoke.DirectMethodHandle$Holder.invokeStaticInit(java.lang.Object, java.lang.Object)'> (0x0000000710f9a0d8) 
thrown [t:\workspace\open\src\hotspot\share\interpreter\linkResolver.cpp, line 790]
Event: 3.644 Thread 0x0000021600e767b0 Exception <a 'java/lang/NoSuchMethodError'{0x00000007106c6908}: 'long java.lang.invoke.DirectMethodHandle$Holder.invokeStatic(java.lang.Object, java.lang.Object, java.lang.Object)'> (0x00000007106c6908) 
thrown [t:\workspace\open\src\hotspot\share\interpreter\linkResolver.cpp, line 790]
Event: 3.644 Thread 0x0000021600e767b0 Exception <a 'java/lang/NoSuchMethodError'{0x00000007106ca2b8}: 'long java.lang.invoke.DirectMethodHandle$Holder.invokeStaticInit(java.lang.Object, java.lang.Object, java.lang.Object)'> (0x00000007106ca2b8) 
thrown [t:\workspace\open\src\hotspot\share\interpreter\linkResolver.cpp, line 790]
Event: 3.647 Thread 0x0000021600e767b0 Exception <a 'java/lang/NoSuchMethodError'{0x00000007106e21d8}: 'java.lang.Object java.lang.invoke.DirectMethodHandle$Holder.newInvokeSpecial(java.lang.Object, java.lang.Object, long)'> (0x00000007106e21d8) 
thrown [t:\workspace\open\src\hotspot\share\interpreter\linkResolver.cpp, line 790]
Event: 3.649 Thread 0x0000021600e767b0 Exception <a 'java/lang/NoSuchMethodError'{0x00000007106e9038}: 'java.lang.Object java.lang.invoke.Invokers$Holder.linkToTargetMethod(java.lang.Object, long, java.lang.Object)'> (0x00000007106e9038) 
thrown [t:\workspace\open\src\hotspot\share\interpreter\linkResolver.cpp, line 790]
Event: 3.836 Thread 0x0000021600e767b0 Exception <a 'java/lang/ClassNotFoundException'{0x0000000710397078}: com/sun/javafx/scene/control/skin/resources/controls> (0x0000000710397078) 
thrown [t:\workspace\open\src\hotspot\share\prims\jni.cpp, line 600]
Event: 3.838 Thread 0x0000021600e767b0 Exception <a 'java/lang/ClassNotFoundException'{0x00000007103a5310}: com/sun/javafx/scene/control/skin/resources/controls_es> (0x00000007103a5310) 
thrown [t:\workspace\open\src\hotspot\share\prims\jni.cpp, line 600]
Event: 3.840 Thread 0x0000021600e767b0 Exception <a 'java/lang/ClassNotFoundException'{0x00000007103b3268}: com/sun/javafx/scene/control/skin/resources/controls_es_CO> (0x00000007103b3268) 
thrown [t:\workspace\open\src\hotspot\share\prims\jni.cpp, line 600]
Event: 3.975 Thread 0x0000021600e767b0 Exception <a 'java/lang/NoSuchMethodError'{0x000000070fa36798}: 'void java.lang.invoke.DirectMethodHandle$Holder.invokeSpecial(java.lang.Object, java.lang.Object, java.lang.Object, java.lang.Object, java.lang.Object, java.lang.Object)'> (0x000000070fa36798) 
thrown [t:\workspace\open\src\hotspot\share\interpreter\linkResolver.cpp, line 790]
Event: 4.046 Thread 0x0000021600e767b0 Exception <a 'java/lang/NoSuchMethodError'{0x000000070f9d9210}: 'void java.lang.invoke.DirectMethodHandle$Holder.invokeSpecialIFC(java.lang.Object, java.lang.Object, java.lang.Object, java.lang.Object)'> (0x000000070f9d9210) 
thrown [t:\workspace\open\src\hotspot\share\interpreter\linkResolver.cpp, line 790]
Event: 4.073 Thread 0x0000021600e767b0 Exception <a 'java/lang/NoSuchMethodError'{0x000000070f6f32b8}: 'int java.lang.invoke.DirectMethodHandle$Holder.invokeSpecial(java.lang.Object, java.lang.Object, int)'> (0x000000070f6f32b8) 
thrown [t:\workspace\open\src\hotspot\share\interpreter\linkResolver.cpp, line 790]
Event: 10.373 Thread 0x0000021600e75d10 Exception <a 'java/lang/NoSuchMethodError'{0x000000070f23fc48}: 'java.lang.Object java.lang.invoke.DirectMethodHandle$Holder.invokeStaticInit(java.lang.Object, int)'> (0x000000070f23fc48) 
thrown [t:\workspace\open\src\hotspot\share\interpreter\linkResolver.cpp, line 790]

Events (20 events):
Event: 46.143 Executing  VM operation: Cleanup done
Event: 47.143 Executing  VM operation: Cleanup
Event: 47.143 Executing  VM operation: Cleanup done
Event: 48.144 Executing  VM operation: Cleanup
Event: 48.144 Executing  VM operation: Cleanup done
Event: 49.144 Executing  VM operation: Cleanup
Event: 49.144 Executing  VM operation: Cleanup done
Event: 50.145 Executing  VM operation: Cleanup
Event: 50.145 Executing  VM operation: Cleanup done
Event: 51.145 Executing  VM operation: Cleanup
Event: 51.145 Executing  VM operation: Cleanup done
Event: 99.169 Executing  VM operation: Cleanup
Event: 99.169 Executing  VM operation: Cleanup done
Event: 100.169 Executing  VM operation: Cleanup
Event: 100.169 Executing  VM operation: Cleanup done
Event: 100.361 Thread 0x0000021606936f30 Thread added: 0x0000021606936f30
Event: 100.362 Thread 0x0000021606937480 Thread added: 0x0000021606937480
Event: 100.372 Thread 0x0000021606936f30 Thread exited: 0x0000021606936f30
Event: 100.375 Thread 0x0000021606937480 Thread exited: 0x0000021606937480
Event: 100.375 Executing  VM operation: Exit


Dynamic libraries:
0x00007ff651360000 - 0x00007ff651370000 	C:\Program Files\Java\jdk-16.0.1\bin\java.exe
0x00007ffd67da0000 - 0x00007ffd67faf000 	C:\WINDOWS\SYSTEM32\ntdll.dll
0x00007ffd66b30000 - 0x00007ffd66bed000 	C:\WINDOWS\System32\KERNEL32.DLL
0x00007ffd652c0000 - 0x00007ffd6564c000 	C:\WINDOWS\System32\KERNELBASE.dll
0x00007ffd65720000 - 0x00007ffd65831000 	C:\WINDOWS\System32\ucrtbase.dll
0x00007ffd564d0000 - 0x00007ffd564e8000 	C:\Program Files\Java\jdk-16.0.1\bin\jli.dll
0x00007ffd67b10000 - 0x00007ffd67bbe000 	C:\WINDOWS\System32\ADVAPI32.dll
0x00007ffd54670000 - 0x00007ffd54689000 	C:\Program Files\Java\jdk-16.0.1\bin\VCRUNTIME140.dll
0x00007ffd675d0000 - 0x00007ffd67674000 	C:\WINDOWS\System32\msvcrt.dll
0x00007ffd66bf0000 - 0x00007ffd66c91000 	C:\WINDOWS\System32\sechost.dll
0x00007ffd66ca0000 - 0x00007ffd66dbf000 	C:\WINDOWS\System32\RPCRT4.dll
0x00007ffd66260000 - 0x00007ffd66406000 	C:\WINDOWS\System32\USER32.dll
0x00007ffd65650000 - 0x00007ffd65676000 	C:\WINDOWS\System32\win32u.dll
0x00007ffd65d10000 - 0x00007ffd65d39000 	C:\WINDOWS\System32\GDI32.dll
0x00007ffd65900000 - 0x00007ffd65a17000 	C:\WINDOWS\System32\gdi32full.dll
0x00007ffd65680000 - 0x00007ffd6571a000 	C:\WINDOWS\System32\msvcp_win.dll
0x00007ffd5af80000 - 0x00007ffd5b221000 	C:\WINDOWS\WinSxS\amd64_microsoft.windows.common-controls_6595b64144ccf1df_6.0.22499.1000_none_268c46d844651e1d\COMCTL32.dll
0x00007ffd54780000 - 0x00007ffd5478a000 	C:\WINDOWS\SYSTEM32\VERSION.dll
0x00007ffd67590000 - 0x00007ffd675c1000 	C:\WINDOWS\System32\IMM32.DLL
0x00007ffd53080000 - 0x00007ffd5308c000 	C:\Program Files\Java\jdk-16.0.1\bin\vcruntime140_1.dll
0x00007ffd36820000 - 0x00007ffd368b1000 	C:\Program Files\Java\jdk-16.0.1\bin\msvcp140.dll
0x00007ffd188f0000 - 0x00007ffd1949b000 	C:\Program Files\Java\jdk-16.0.1\bin\server\jvm.dll
0x00007ffd66250000 - 0x00007ffd66258000 	C:\WINDOWS\System32\PSAPI.DLL
0x00007ffd56f30000 - 0x00007ffd56f39000 	C:\WINDOWS\SYSTEM32\WSOCK32.dll
0x00007ffd56670000 - 0x00007ffd566a4000 	C:\WINDOWS\SYSTEM32\WINMM.dll
0x00007ffd65c90000 - 0x00007ffd65d01000 	C:\WINDOWS\System32\WS2_32.dll
0x00007ffd64420000 - 0x00007ffd64438000 	C:\WINDOWS\SYSTEM32\kernel.appcore.dll
0x00007ffd4fdf0000 - 0x00007ffd4fdfa000 	C:\Program Files\Java\jdk-16.0.1\bin\jimage.dll
0x00007ffd5b510000 - 0x00007ffd5b736000 	C:\WINDOWS\SYSTEM32\DBGHELP.DLL
0x00007ffd676a0000 - 0x00007ffd67a1c000 	C:\WINDOWS\System32\combase.dll
0x00007ffd60e50000 - 0x00007ffd60e81000 	C:\WINDOWS\SYSTEM32\dbgcore.DLL
0x00007ffd65b80000 - 0x00007ffd65c00000 	C:\WINDOWS\System32\bcryptPrimitives.dll
0x00007ffd411a0000 - 0x00007ffd411c5000 	C:\Program Files\Java\jdk-16.0.1\bin\java.dll
0x00007ffd66dd0000 - 0x00007ffd67584000 	C:\WINDOWS\System32\SHELL32.dll
0x00007ffd63380000 - 0x00007ffd63bdd000 	C:\WINDOWS\SYSTEM32\windows.storage.dll
0x00007ffd63230000 - 0x00007ffd63379000 	C:\WINDOWS\SYSTEM32\wintypes.dll
0x00007ffd66880000 - 0x00007ffd66971000 	C:\WINDOWS\System32\SHCORE.dll
0x00007ffd65c00000 - 0x00007ffd65c5b000 	C:\WINDOWS\System32\shlwapi.dll
0x00007ffd65190000 - 0x00007ffd651b1000 	C:\WINDOWS\SYSTEM32\profapi.dll
0x00007ffd3b080000 - 0x00007ffd3b099000 	C:\Program Files\Java\jdk-16.0.1\bin\net.dll
0x00007ffd58a80000 - 0x00007ffd58b92000 	C:\WINDOWS\SYSTEM32\WINHTTP.dll
0x00007ffd64860000 - 0x00007ffd648c9000 	C:\WINDOWS\system32\mswsock.dll
0x00007ffd38260000 - 0x00007ffd38273000 	C:\Program Files\Java\jdk-16.0.1\bin\nio.dll
0x00007ffd37de0000 - 0x00007ffd37df8000 	C:\Program Files\Java\jdk-16.0.1\bin\zip.dll
0x000002167ff10000 - 0x000002167ff13000 	C:\Program Files\Java\javafx-sdk-17.0.1\bin\api-ms-win-core-console-l1-1-0.dll
0x000002167ff20000 - 0x000002167ff23000 	C:\Program Files\Java\javafx-sdk-17.0.1\bin\api-ms-win-core-console-l1-2-0.dll
0x000002167ff30000 - 0x000002167ff33000 	C:\Program Files\Java\javafx-sdk-17.0.1\bin\api-ms-win-core-datetime-l1-1-0.dll
0x000002167ff40000 - 0x000002167ff43000 	C:\Program Files\Java\javafx-sdk-17.0.1\bin\api-ms-win-core-debug-l1-1-0.dll
0x000002167ff50000 - 0x000002167ff53000 	C:\Program Files\Java\javafx-sdk-17.0.1\bin\api-ms-win-core-errorhandling-l1-1-0.dll
0x000002167ff60000 - 0x000002167ff64000 	C:\Program Files\Java\javafx-sdk-17.0.1\bin\api-ms-win-core-file-l1-1-0.dll
0x000002167ff70000 - 0x000002167ff73000 	C:\Program Files\Java\javafx-sdk-17.0.1\bin\api-ms-win-core-file-l1-2-0.dll
0x000002167ff80000 - 0x000002167ff83000 	C:\Program Files\Java\javafx-sdk-17.0.1\bin\api-ms-win-core-file-l2-1-0.dll
0x000002167ff90000 - 0x000002167ff93000 	C:\Program Files\Java\javafx-sdk-17.0.1\bin\api-ms-win-core-handle-l1-1-0.dll
0x000002167ffa0000 - 0x000002167ffa3000 	C:\Program Files\Java\javafx-sdk-17.0.1\bin\api-ms-win-core-heap-l1-1-0.dll
0x000002167ffb0000 - 0x000002167ffb3000 	C:\Program Files\Java\javafx-sdk-17.0.1\bin\api-ms-win-core-interlocked-l1-1-0.dll
0x000002167ffc0000 - 0x000002167ffc3000 	C:\Program Files\Java\javafx-sdk-17.0.1\bin\api-ms-win-core-libraryloader-l1-1-0.dll
0x000002167ffd0000 - 0x000002167ffd3000 	C:\Program Files\Java\javafx-sdk-17.0.1\bin\api-ms-win-core-localization-l1-2-0.dll
0x000002167ffe0000 - 0x000002167ffe3000 	C:\Program Files\Java\javafx-sdk-17.0.1\bin\api-ms-win-core-memory-l1-1-0.dll
0x000002167fff0000 - 0x000002167fff3000 	C:\Program Files\Java\javafx-sdk-17.0.1\bin\api-ms-win-core-namedpipe-l1-1-0.dll
0x0000021601400000 - 0x0000021601403000 	C:\Program Files\Java\javafx-sdk-17.0.1\bin\api-ms-win-core-processenvironment-l1-1-0.dll
0x0000021601410000 - 0x0000021601413000 	C:\Program Files\Java\javafx-sdk-17.0.1\bin\api-ms-win-core-processthreads-l1-1-0.dll
0x0000021601420000 - 0x0000021601423000 	C:\Program Files\Java\javafx-sdk-17.0.1\bin\api-ms-win-core-processthreads-l1-1-1.dll
0x0000021601430000 - 0x0000021601433000 	C:\Program Files\Java\javafx-sdk-17.0.1\bin\api-ms-win-core-profile-l1-1-0.dll
0x0000021601440000 - 0x0000021601443000 	C:\Program Files\Java\javafx-sdk-17.0.1\bin\api-ms-win-core-rtlsupport-l1-1-0.dll
0x0000021601450000 - 0x0000021601453000 	C:\Program Files\Java\javafx-sdk-17.0.1\bin\api-ms-win-core-string-l1-1-0.dll
0x0000021601460000 - 0x0000021601463000 	C:\Program Files\Java\javafx-sdk-17.0.1\bin\api-ms-win-core-synch-l1-1-0.dll
0x0000021601470000 - 0x0000021601473000 	C:\Program Files\Java\javafx-sdk-17.0.1\bin\api-ms-win-core-synch-l1-2-0.dll
0x0000021601480000 - 0x0000021601483000 	C:\Program Files\Java\javafx-sdk-17.0.1\bin\api-ms-win-core-sysinfo-l1-1-0.dll
0x0000021601490000 - 0x0000021601493000 	C:\Program Files\Java\javafx-sdk-17.0.1\bin\api-ms-win-core-timezone-l1-1-0.dll
0x00000216014a0000 - 0x00000216014a3000 	C:\Program Files\Java\javafx-sdk-17.0.1\bin\api-ms-win-core-util-l1-1-0.dll
0x00000216014b0000 - 0x00000216014b3000 	C:\Program Files\Java\javafx-sdk-17.0.1\bin\api-ms-win-crt-conio-l1-1-0.dll
0x00000216014c0000 - 0x00000216014c4000 	C:\Program Files\Java\javafx-sdk-17.0.1\bin\api-ms-win-crt-convert-l1-1-0.dll
0x00000216014d0000 - 0x00000216014d3000 	C:\Program Files\Java\javafx-sdk-17.0.1\bin\api-ms-win-crt-environment-l1-1-0.dll
0x00000216014e0000 - 0x00000216014e3000 	C:\Program Files\Java\javafx-sdk-17.0.1\bin\api-ms-win-crt-filesystem-l1-1-0.dll
0x00000216014f0000 - 0x00000216014f3000 	C:\Program Files\Java\javafx-sdk-17.0.1\bin\api-ms-win-crt-heap-l1-1-0.dll
0x0000021601500000 - 0x0000021601503000 	C:\Program Files\Java\javafx-sdk-17.0.1\bin\api-ms-win-crt-locale-l1-1-0.dll
0x0000021601510000 - 0x0000021601515000 	C:\Program Files\Java\javafx-sdk-17.0.1\bin\api-ms-win-crt-math-l1-1-0.dll
0x0000021601520000 - 0x0000021601525000 	C:\Program Files\Java\javafx-sdk-17.0.1\bin\api-ms-win-crt-multibyte-l1-1-0.dll
0x0000021601530000 - 0x0000021601540000 	C:\Program Files\Java\javafx-sdk-17.0.1\bin\api-ms-win-crt-private-l1-1-0.dll
0x0000021601540000 - 0x0000021601543000 	C:\Program Files\Java\javafx-sdk-17.0.1\bin\api-ms-win-crt-process-l1-1-0.dll
0x0000021601550000 - 0x0000021601554000 	C:\Program Files\Java\javafx-sdk-17.0.1\bin\api-ms-win-crt-runtime-l1-1-0.dll
0x0000021601560000 - 0x0000021601564000 	C:\Program Files\Java\javafx-sdk-17.0.1\bin\api-ms-win-crt-stdio-l1-1-0.dll
0x0000021601570000 - 0x0000021601574000 	C:\Program Files\Java\javafx-sdk-17.0.1\bin\api-ms-win-crt-string-l1-1-0.dll
0x0000021601580000 - 0x0000021601583000 	C:\Program Files\Java\javafx-sdk-17.0.1\bin\api-ms-win-crt-time-l1-1-0.dll
0x0000021601590000 - 0x0000021601593000 	C:\Program Files\Java\javafx-sdk-17.0.1\bin\api-ms-win-crt-utility-l1-1-0.dll
0x00007ffd4c5f0000 - 0x00007ffd4c6ec000 	C:\Program Files\Java\javafx-sdk-17.0.1\bin\ucrtbase.dll
0x00007ffd51b10000 - 0x00007ffd51b2a000 	C:\Program Files\Java\javafx-sdk-17.0.1\bin\vcruntime140.dll
0x00007ffd631c0000 - 0x00007ffd631cc000 	C:\Program Files\Java\javafx-sdk-17.0.1\bin\vcruntime140_1.dll
0x00007ffd4c560000 - 0x00007ffd4c5ed000 	C:\Program Files\Java\javafx-sdk-17.0.1\bin\msvcp140.dll
0x00007ffd4c530000 - 0x00007ffd4c55a000 	C:\Program Files\Java\javafx-sdk-17.0.1\bin\prism_d3d.dll
0x00007ffd27f70000 - 0x00007ffd28116000 	C:\WINDOWS\system32\d3d9.dll
0x00007ffd62e50000 - 0x00007ffd62e80000 	C:\WINDOWS\SYSTEM32\dwmapi.dll
0x00007ffd62d00000 - 0x00007ffd62d38000 	C:\WINDOWS\SYSTEM32\dxcore.dll
0x00007ffd62c20000 - 0x00007ffd62ccb000 	C:\WINDOWS\system32\uxtheme.dll
0x00007ffd17b90000 - 0x00007ffd17d67000 	C:\WINDOWS\System32\DriverStore\FileRepository\igdlh64.inf_amd64_4645af5c659ae51a\igdumdim64.dll
0x00007ffcff220000 - 0x00007ffd0221d000 	C:\WINDOWS\System32\DriverStore\FileRepository\igdlh64.inf_amd64_4645af5c659ae51a\igd9dxva64.dll
0x00007ffd67bc0000 - 0x00007ffd67d5a000 	C:\WINDOWS\System32\ole32.dll
0x00007ffd65d40000 - 0x00007ffd65e17000 	C:\WINDOWS\System32\OLEAUT32.dll
0x00007ffd60dc0000 - 0x00007ffd60e04000 	C:\WINDOWS\SYSTEM32\directxdatabasehelper.dll
0x00007ffd4c4e0000 - 0x00007ffd4c522000 	C:\Program Files\Java\javafx-sdk-17.0.1\bin\glass.dll
0x00007ffd66980000 - 0x00007ffd66a6a000 	C:\WINDOWS\System32\COMDLG32.dll
0x00007ffd65e20000 - 0x00007ffd65f3d000 	C:\WINDOWS\System32\MSCTF.dll
0x00007ffd5b770000 - 0x00007ffd5d505000 	C:\WINDOWS\System32\DriverStore\FileRepository\igdlh64.inf_amd64_4645af5c659ae51a\igc64.dll
0x00007ffd4c4b0000 - 0x00007ffd4c4dd000 	C:\Program Files\Java\javafx-sdk-17.0.1\bin\javafx_iio.dll
0x00007ffd4c490000 - 0x00007ffd4c4a4000 	C:\Program Files\Java\javafx-sdk-17.0.1\bin\javafx_font.dll
0x00007ffd486e0000 - 0x00007ffd48946000 	C:\WINDOWS\SYSTEM32\dwrite.dll
0x00007ffd66100000 - 0x00007ffd661af000 	C:\WINDOWS\System32\clbcatq.dll
0x00007ffd5fc10000 - 0x00007ffd5fdbe000 	C:\WINDOWS\SYSTEM32\WindowsCodecs.dll
0x00007ffd37160000 - 0x00007ffd371bd000 	C:\WINDOWS\system32\dataexchange.dll
0x00007ffd5f2b0000 - 0x00007ffd5f51c000 	C:\WINDOWS\system32\twinapi.appcore.dll
0x00007ffd4c450000 - 0x00007ffd4c482000 	C:\Program Files\Common Files\Microsoft Shared\Ink\rtscom.dll
0x00007ffd4e610000 - 0x00007ffd4e73c000 	C:\WINDOWS\SYSTEM32\textinputframework.dll
0x00007ffd62410000 - 0x00007ffd6253d000 	C:\WINDOWS\SYSTEM32\CoreMessaging.dll
0x00007ffd60760000 - 0x00007ffd60acb000 	C:\WINDOWS\SYSTEM32\CoreUIComponents.dll
0x00007ffd64ad0000 - 0x00007ffd64adc000 	C:\WINDOWS\SYSTEM32\CRYPTBASE.DLL

dbghelp: loaded successfully - version: 4.0.5 - missing functions: none
symbol engine: initialized successfully - sym options: 0x614 - pdb path: .;C:\Program Files\Java\jdk-16.0.1\bin;C:\WINDOWS\SYSTEM32;C:\WINDOWS\WinSxS\amd64_microsoft.windows.common-controls_6595b64144ccf1df_6.0.22499.1000_none_268c46d844651e1d;C:\Program Files\Java\jdk-16.0.1\bin\server;C:\Program Files\Java\javafx-sdk-17.0.1\bin;C:\WINDOWS\System32\DriverStore\FileRepository\igdlh64.inf_amd64_4645af5c659ae51a;C:\Program Files\Common Files\Microsoft Shared\Ink

VM Arguments:
jvm_args: -Dfile.encoding=UTF-8 --add-modules=javafx.controls,javafx.fxml --module-path=C:\Users\Adames\Music\Universidad\POO\HG_Performance\build\classes;C:\Program Files\Java\javafx-sdk-17.0.1\lib\javafx-swt.jar;C:\Program Files\Java\javafx-sdk-17.0.1\lib\javafx.base.jar;C:\Program Files\Java\javafx-sdk-17.0.1\lib\javafx.controls.jar;C:\Program Files\Java\javafx-sdk-17.0.1\lib\javafx.fxml.jar;C:\Program Files\Java\javafx-sdk-17.0.1\lib\javafx.graphics.jar;C:\Program Files\Java\javafx-sdk-17.0.1\lib\javafx.media.jar;C:\Program Files\Java\javafx-sdk-17.0.1\lib\javafx.swing.jar;C:\Program Files\Java\javafx-sdk-17.0.1\lib\javafx.web.jar 
java_command: start.HG_Performance
java_class_path (initial): C:\Program Files\Java\javafx-sdk-17.0.1\lib\javafx-swt.jar;C:\Program Files\Java\javafx-sdk-17.0.1\lib\javafx.base.jar;C:\Program Files\Java\javafx-sdk-17.0.1\lib\javafx.controls.jar;C:\Program Files\Java\javafx-sdk-17.0.1\lib\javafx.fxml.jar;C:\Program Files\Java\javafx-sdk-17.0.1\lib\javafx.graphics.jar;C:\Program Files\Java\javafx-sdk-17.0.1\lib\javafx.media.jar;C:\Program Files\Java\javafx-sdk-17.0.1\lib\javafx.swing.jar;C:\Program Files\Java\javafx-sdk-17.0.1\lib\javafx.web.jar;C:\Users\Adames\Music\Universidad\POO\HG_Performance\build\classes
Launcher Type: SUN_STANDARD

[Global flags]
     intx CICompilerCount                          = 3                                         {product} {ergonomic}
     uint ConcGCThreads                            = 1                                         {product} {ergonomic}
     uint G1ConcRefinementThreads                  = 4                                         {product} {ergonomic}
   size_t G1HeapRegionSize                         = 2097152                                   {product} {ergonomic}
    uintx GCDrainStackTargetSize                   = 64                                        {product} {ergonomic}
   size_t InitialHeapSize                          = 266338304                                 {product} {ergonomic}
   size_t MarkStackSize                            = 4194304                                   {product} {ergonomic}
   size_t MaxHeapSize                              = 4261412864                                {product} {ergonomic}
   size_t MaxNewSize                               = 2556428288                                {product} {ergonomic}
   size_t MinHeapDeltaBytes                        = 2097152                                   {product} {ergonomic}
   size_t MinHeapSize                              = 8388608                                   {product} {ergonomic}
    uintx NonNMethodCodeHeapSize                   = 5832780                                {pd product} {ergonomic}
    uintx NonProfiledCodeHeapSize                  = 122912730                              {pd product} {ergonomic}
    uintx ProfiledCodeHeapSize                     = 122912730                              {pd product} {ergonomic}
    uintx ReservedCodeCacheSize                    = 251658240                              {pd product} {ergonomic}
     bool SegmentedCodeCache                       = true                                      {product} {ergonomic}
   size_t SoftMaxHeapSize                          = 4261412864                             {manageable} {ergonomic}
     bool UseCompressedClassPointers               = true                           {product lp64_product} {ergonomic}
     bool UseCompressedOops                        = true                           {product lp64_product} {ergonomic}
     bool UseG1GC                                  = true                                      {product} {ergonomic}
     bool UseLargePagesIndividualAllocation        = false                                  {pd product} {ergonomic}

Logging:
Log output configuration:
 #0: stdout all=off uptime,level,tags
 #1: stderr all=off uptime,level,tags

Environment Variables:
PATH=C:\ProgramData\Oracle\Java\javapath;C:\Program Files\Common Files\Oracle\Java\javapath;C:\Program Files (x86)\Common Files\Oracle\Java\javapath;C:\WINDOWS\system32;C:\WINDOWS;C:\WINDOWS\System32\Wbem;C:\WINDOWS\System32\WindowsPowerShell\v1.0\;C:\WINDOWS\System32\OpenSSH\;C:\Program Files\Huawei QuickApp IDE\resources\app\extensions\deveco-debug\lib\toolkit\nodeTool;C:\Program Files\Huawei QuickApp IDE\resources\app\extensions\deveco-debug\lib\toolkit;C:\Program Files\Microsoft SQL Server\130\Tools\Binn\;C:\ProgramData\chocolatey\bin;C:\Program Files\Git\cmd;C:\Users\Adames\AppData\Local\Programs\Python\Python39\Scripts\;C:\Users\Adames\AppData\Local\Programs\Python\Python39\;C:\Users\Adames\AppData\Local\Microsoft\WindowsApps;C:\Users\Adames\AppData\Local\GitHubDesktop\bin;C:\Users\Adames\AppData\Local\Programs\Microsoft VS Code\bin;
USERNAME=Adames
OS=Windows_NT
PROCESSOR_IDENTIFIER=Intel64 Family 6 Model 78 Stepping 3, GenuineIntel



---------------  S Y S T E M  ---------------

OS:
 Windows 10 , 64 bit Build 22499 (10.0.22499.1000)
OS uptime: 0 days 21:29 hours

CPU: total 4 (initial active 4) (2 cores per cpu, 2 threads per core) family 6 model 78 stepping 3 microcode 0xea, cx8, cmov, fxsr, ht, mmx, 3dnowpref, sse, sse2, sse3, ssse3, sse4.1, sse4.2, popcnt, lzcnt, tsc, tscinvbit, avx, avx2, aes, erms, clmul, bmi1, bmi2, adx, fma, vzeroupper, clflush, clflushopt

Memory: 4k page, system-wide physical 16255M (7505M free)
TotalPageFile size 20095M (AvailPageFile size 8070M)
current process WorkingSet (physical memory assigned to process): 172M, peak: 178M
current process commit charge ("private bytes"): 411M, peak: 426M

vm_info: Java HotSpot(TM) 64-Bit Server VM (16.0.1+9-24) for windows-amd64 JRE (16.0.1+9-24), built on Mar 26 2021 19:31:42 by "mach5one" with MS VC++ 16.7 (VS2019)

END.
