#
# A fatal error has been detected by the Java Runtime Environment:
#
#  EXCEPTION_ACCESS_VIOLATION (0xc0000005) at pc=0x00007ffec5f762d7, pid=12612, tid=2560
#
# JRE version: Java(TM) SE Runtime Environment (17.0.2+8) (build 17.0.2+8-LTS-86)
# Java VM: Java HotSpot(TM) 64-Bit Server VM (17.0.2+8-LTS-86, mixed mode, sharing, tiered, compressed oops, compressed class ptrs, g1 gc, windows-amd64)
# Problematic frame:
# C  [glass.dll+0x262d7]
#
# No core dump will be written. Minidumps are not enabled by default on client versions of Windows
#
# If you would like to submit a bug report, please visit:
#   https://bugreport.java.com/bugreport/crash.jsp
#

---------------  S U M M A R Y ------------

Command Line: -Dfile.encoding=UTF-8 --add-modules=javafx.controls,javafx.fxml --module-path=C:\Users\juanc\OneDrive\Documentos\Universidad 3\POO\SEATORA\build\classes;C:\Program Files\Java\javafx-sdk-18.0.1\lib\javafx-swt.jar;C:\Program Files\Java\javafx-sdk-18.0.1\lib\javafx.base.jar;C:\Program Files\Java\javafx-sdk-18.0.1\lib\javafx.controls.jar;C:\Program Files\Java\javafx-sdk-18.0.1\lib\javafx.fxml.jar;C:\Program Files\Java\javafx-sdk-18.0.1\lib\javafx.graphics.jar;C:\Program Files\Java\javafx-sdk-18.0.1\lib\javafx.media.jar;C:\Program Files\Java\javafx-sdk-18.0.1\lib\javafx.swing.jar;C:\Program Files\Java\javafx-sdk-18.0.1\lib\javafx.web.jar start.Seatora

Host: AMD Ryzen 7 5800H with Radeon Graphics         , 16 cores, 23G,  Windows 11 , 64 bit Build 22000 (10.0.22000.675)
Time: Wed May 25 14:18:56 2022 Hora est. Pacífico, Sudamérica elapsed time: 23.084911 seconds (0d 0h 0m 23s)

---------------  T H R E A D  ---------------

Current thread (0x00000250b9efeaf0):  VMThread "VM Thread" [stack: 0x00000069dce00000,0x00000069dcf00000] [id=2560]

Stack: [0x00000069dce00000,0x00000069dcf00000],  sp=0x00000069dceff2e0,  free space=1020k
Native frames: (J=compiled Java code, j=interpreted, Vv=VM code, C=native code)
C  [glass.dll+0x262d7]


siginfo: EXCEPTION_ACCESS_VIOLATION (0xc0000005), reading address 0x0000000000000000


Register to memory mapping:

RIP=0x00007ffec5f762d7 glass.dll
RAX=0x0 is NULL
RBX=0x00000250b9f13d80 is a global jni handle
RCX=0x00000250b9efeaf0 points into unknown readable memory: 0x00007ffec878e890 | 90 e8 78 c8 fe 7f 00 00
RDX=0x00000069dceff2e0 points into unknown readable memory: 0x0000000000000000 | 00 00 00 00 00 00 00 00
RSP=0x00000069dceff2e0 points into unknown readable memory: 0x0000000000000000 | 00 00 00 00 00 00 00 00
RBP=0x00000250bb326cf8 points into unknown readable memory: 0x00002f275c7ce990 | 90 e9 7c 5c 27 2f 00 00
RSI=0x00000250bb326cd0 points into unknown readable memory: 0x7ffeead06aa0e990 | 90 e9 a0 6a d0 ea fe 7f
RDI=0x00002f275c7ce990 is an unknown value
R8 =0x0000000000010002 is an unknown value
R9 =0x00002f275c7ce990 is an unknown value
R10=0x85f13e9656da4870 is an unknown value
R11=0x00000069dceff270 points into unknown readable memory: 0x00000250bb326cd0 | d0 6c 32 bb 50 02 00 00
R12=0x00007ffec5f73bc4 glass.dll
R13=0x00007ffec89349d0 jvm.dll
R14=0x00000069dceff3e8 points into unknown readable memory: 0x00000069dceff3d0 | d0 f3 ef dc 69 00 00 00
R15=0x00000250bb326cd0 points into unknown readable memory: 0x7ffeead06aa0e990 | 90 e9 a0 6a d0 ea fe 7f


Registers:
RAX=0x0000000000000000, RBX=0x00000250b9f13d80, RCX=0x00000250b9efeaf0, RDX=0x00000069dceff2e0
RSP=0x00000069dceff2e0, RBP=0x00000250bb326cf8, RSI=0x00000250bb326cd0, RDI=0x00002f275c7ce990
R8 =0x0000000000010002, R9 =0x00002f275c7ce990, R10=0x85f13e9656da4870, R11=0x00000069dceff270
R12=0x00007ffec5f73bc4, R13=0x00007ffec89349d0, R14=0x00000069dceff3e8, R15=0x00000250bb326cd0
RIP=0x00007ffec5f762d7, EFLAGS=0x0000000000010206

Top of Stack: (sp=0x00000069dceff2e0)
0x00000069dceff2e0:   0000000000000000 00000250bb326cd0
0x00000069dceff2f0:   00007ffec89349d0 00007ffec5f73bc4
0x00000069dceff300:   00000250bb326cd8 00007fff5d93bea0
0x00000069dceff310:   00002f275c7ce990 0000025000000000
0x00000069dceff320:   00000250bb326cf8 00000250bb326cd0
0x00000069dceff330:   fffffffffffffffe 0000000000000000
0x00000069dceff340:   0000000000000001 00007ffec5f50000
0x00000069dceff350:   00000069dceff3d8 00007fff5d93bdb7
0x00000069dceff360:   0000000000000000 00000069dceff3e8
0x00000069dceff370:   00000069dceff6c0 00007fff5da212b0
0x00000069dceff380:   0000000000000001 00007fff5d93bd6d
0x00000069dceff390:   0000000000000000 0000000000000001
0x00000069dceff3a0:   0000000000000000 00000069dceff3d8
0x00000069dceff3b0:   fffffffffffffffe 0000006900000000
0x00000069dceff3c0:   ffffffff00000001 00007ffec5f73a51
0x00000069dceff3d0:   00007ffec5f89f88 00007ffe00000002 

Instructions: (pc=0x00007ffec5f762d7)
0x00007ffec5f761d7:   8b 4d 58 e8 2d cf ff ff 48 8b 4d 60 e8 24 cf ff
0x00007ffec5f761e7:   ff 48 8b 95 80 00 00 00 48 8b 8d 18 01 00 00 e8
0x00007ffec5f761f7:   16 c4 ff ff 33 d2 33 c9 e8 5c e1 ff ff 90 48 89
0x00007ffec5f76207:   54 24 10 55 48 83 ec 20 48 8b ea 48 b8 00 00 00
0x00007ffec5f76217:   00 00 00 00 00 48 83 c4 20 5d c3 cc 40 55 48 8b
0x00007ffec5f76227:   ea 48 8b 01 33 c9 81 38 05 00 00 c0 0f 94 c1 8b
0x00007ffec5f76237:   c1 5d c3 cc 40 55 48 83 ec 20 48 8b ea 8a 4d 40
0x00007ffec5f76247:   48 83 c4 20 5d e9 17 d3 ff ff cc 40 55 48 83 ec
0x00007ffec5f76257:   20 48 8b ea 8a 4d 20 e8 05 d3 ff ff 90 48 83 c4
0x00007ffec5f76267:   20 5d c3 cc 40 55 48 83 ec 20 48 8b ea 48 83 c4
0x00007ffec5f76277:   20 5d e9 66 d1 ff ff cc 40 55 48 83 ec 30 48 8b
0x00007ffec5f76287:   ea 48 8b 01 8b 10 48 89 4c 24 28 89 54 24 20 4c
0x00007ffec5f76297:   8d 0d 07 d6 ff ff 4c 8b 45 70 8b 55 68 48 8b 4d
0x00007ffec5f762a7:   60 e8 a7 d0 ff ff 90 48 83 c4 30 5d c3 cc cc cc
0x00007ffec5f762b7:   cc cc cc cc cc cc cc cc cc 40 53 48 83 ec 20 48
0x00007ffec5f762c7:   8b 1d bb 36 01 00 48 85 db 74 16 e8 59 8b ff ff
0x00007ffec5f762d7:   4c 8b 00 48 8b d3 48 8b c8 41 ff 90 b0 00 00 00
0x00007ffec5f762e7:   90 48 83 c4 20 5b c3 cc cc 40 53 48 83 ec 20 48
0x00007ffec5f762f7:   8b 1d 2b 38 01 00 48 85 db 74 57 b8 ff ff ff ff
0x00007ffec5f76307:   f0 0f c1 43 10 83 f8 01 75 3d 48 85 db 74 38 48
0x00007ffec5f76317:   8b 0b 48 85 c9 74 0d ff 15 84 0f 00 00 48 c7 03
0x00007ffec5f76327:   00 00 00 00 48 8b 4b 08 48 85 c9 74 0d e8 d3 cd
0x00007ffec5f76337:   ff ff 48 c7 43 08 00 00 00 00 ba 18 00 00 00 48
0x00007ffec5f76347:   8b cb e8 be cd ff ff 48 c7 05 cf 37 01 00 00 00
0x00007ffec5f76357:   00 00 48 83 c4 20 5b c3 cc 40 53 48 83 ec 20 48
0x00007ffec5f76367:   8b 1d 9b 37 01 00 48 85 db 74 57 b8 ff ff ff ff
0x00007ffec5f76377:   f0 0f c1 43 10 83 f8 01 75 3d 48 85 db 74 38 48
0x00007ffec5f76387:   8b 0b 48 85 c9 74 0d ff 15 14 0f 00 00 48 c7 03
0x00007ffec5f76397:   00 00 00 00 48 8b 4b 08 48 85 c9 74 0d e8 63 cd
0x00007ffec5f763a7:   ff ff 48 c7 43 08 00 00 00 00 ba 18 00 00 00 48
0x00007ffec5f763b7:   8b cb e8 4e cd ff ff 48 c7 05 3f 37 01 00 00 00
0x00007ffec5f763c7:   00 00 48 83 c4 20 5b c3 cc 40 53 48 83 ec 20 48 


Stack slot to memory mapping:
stack at sp + 0 slots: 0x0 is NULL
stack at sp + 1 slots: 0x00000250bb326cd0 points into unknown readable memory: 0x7ffeead06aa0e990 | 90 e9 a0 6a d0 ea fe 7f
stack at sp + 2 slots: 0x00007ffec89349d0 jvm.dll
stack at sp + 3 slots: 0x00007ffec5f73bc4 glass.dll
stack at sp + 4 slots: 0x00000250bb326cd8 points into unknown readable memory: 0x00002f275c7ce990 | 90 e9 7c 5c 27 2f 00 00
stack at sp + 5 slots: 0x00007fff5d93bea0 ucrtbase.dll
stack at sp + 6 slots: 0x00002f275c7ce990 is an unknown value
stack at sp + 7 slots: 0x0000025000000000 is an unknown value

VM_Operation (0x00000069de7f6560): Exit, mode: safepoint, requested by thread 0x00000250bac18610


---------------  P R O C E S S  ---------------

Threads class SMR info:
_java_thread_list=0x00000250c3eee320, length=19, elements={
0x000002508fbfe070, 0x00000250b9f025e0, 0x00000250b9f05260, 0x00000250b9f17f00,
0x00000250b9f38cd0, 0x00000250b9f39ca0, 0x00000250b9f3ae70, 0x00000250b9f3f860,
0x00000250b9f48720, 0x00000250b9f50070, 0x00000250b9eeec50, 0x00000250bb4edfa0,
0x00000250baea04f0, 0x00000250bb7f76d0, 0x00000250bac18610, 0x00000250bbbfc790,
0x00000250bbc1a690, 0x00000250bc4fea80, 0x00000250c679cba0
}

Java Threads: ( => current thread )
  0x000002508fbfe070 JavaThread "main" [_thread_blocked, id=17064, stack(0x00000069dc800000,0x00000069dc900000)]
  0x00000250b9f025e0 JavaThread "Reference Handler" daemon [_thread_blocked, id=5256, stack(0x00000069dcf00000,0x00000069dd000000)]
  0x00000250b9f05260 JavaThread "Finalizer" daemon [_thread_blocked, id=17292, stack(0x00000069dd000000,0x00000069dd100000)]
  0x00000250b9f17f00 JavaThread "Signal Dispatcher" daemon [_thread_blocked, id=16984, stack(0x00000069dd100000,0x00000069dd200000)]
  0x00000250b9f38cd0 JavaThread "Attach Listener" daemon [_thread_blocked, id=20236, stack(0x00000069dd200000,0x00000069dd300000)]
  0x00000250b9f39ca0 JavaThread "Service Thread" daemon [_thread_blocked, id=4628, stack(0x00000069dd300000,0x00000069dd400000)]
  0x00000250b9f3ae70 JavaThread "Monitor Deflation Thread" daemon [_thread_blocked, id=6104, stack(0x00000069dd400000,0x00000069dd500000)]
  0x00000250b9f3f860 JavaThread "C2 CompilerThread0" daemon [_thread_blocked, id=5160, stack(0x00000069dd500000,0x00000069dd600000)]
  0x00000250b9f48720 JavaThread "C1 CompilerThread0" daemon [_thread_blocked, id=19080, stack(0x00000069dd600000,0x00000069dd700000)]
  0x00000250b9f50070 JavaThread "Sweeper thread" daemon [_thread_blocked, id=7340, stack(0x00000069dd700000,0x00000069dd800000)]
  0x00000250b9eeec50 JavaThread "Common-Cleaner" daemon [_thread_blocked, id=7456, stack(0x00000069dd900000,0x00000069dda00000)]
  0x00000250bb4edfa0 JavaThread "Notification Thread" daemon [_thread_blocked, id=20240, stack(0x00000069de200000,0x00000069de300000)]
  0x00000250baea04f0 JavaThread "QuantumRenderer-0" daemon [_thread_blocked, id=4520, stack(0x00000069de400000,0x00000069de500000)]
  0x00000250bb7f76d0 JavaThread "InvokeLaterDispatcher" daemon [_thread_blocked, id=9180, stack(0x00000069de600000,0x00000069de700000)]
  0x00000250bac18610 JavaThread "JavaFX Application Thread" [_thread_blocked, id=11156, stack(0x00000069de700000,0x00000069de800000)]
  0x00000250bbbfc790 JavaThread "JavaFX-Launcher" [_thread_blocked, id=20428, stack(0x00000069dea00000,0x00000069deb00000)]
  0x00000250bbc1a690 JavaThread "Thread-2" daemon [_thread_in_native, id=6444, stack(0x00000069de900000,0x00000069dea00000)]
  0x00000250bc4fea80 JavaThread "Prism Font Disposer" daemon [_thread_blocked, id=13660, stack(0x00000069df300000,0x00000069df400000)]
  0x00000250c679cba0 JavaThread "Cleaner-0" daemon [_thread_blocked, id=5212, stack(0x00000069df770000,0x00000069df870000)]

Other Threads:
=>0x00000250b9efeaf0 VMThread "VM Thread" [stack: 0x00000069dce00000,0x00000069dcf00000] [id=2560]
  0x000002508fc5fdf0 GCTaskThread "GC Thread#0" [stack: 0x00000069dc900000,0x00000069dca00000] [id=17104]
  0x00000250bbc24b70 GCTaskThread "GC Thread#1" [stack: 0x00000069deb00000,0x00000069dec00000] [id=20416]
  0x00000250bbc1ab60 GCTaskThread "GC Thread#2" [stack: 0x00000069dec00000,0x00000069ded00000] [id=10412]
  0x00000250bbc1a0c0 GCTaskThread "GC Thread#3" [stack: 0x00000069ded00000,0x00000069dee00000] [id=2256]
  0x00000250bbd206b0 GCTaskThread "GC Thread#4" [stack: 0x00000069dee00000,0x00000069def00000] [id=13624]
  0x00000250bbd21170 GCTaskThread "GC Thread#5" [stack: 0x00000069def00000,0x00000069df000000] [id=7536]
  0x00000250bbd21830 GCTaskThread "GC Thread#6" [stack: 0x00000069df000000,0x00000069df100000] [id=15696]
  0x00000250bbd38ce0 GCTaskThread "GC Thread#7" [stack: 0x00000069df100000,0x00000069df200000] [id=4468]
  0x00000250bbd3afa0 GCTaskThread "GC Thread#8" [stack: 0x00000069df200000,0x00000069df300000] [id=11996]
  0x00000250bbe1cc80 GCTaskThread "GC Thread#9" [stack: 0x00000069ddd00000,0x00000069dde00000] [id=17212]
  0x00000250bbe1c9d0 GCTaskThread "GC Thread#10" [stack: 0x00000069dde00000,0x00000069ddf00000] [id=6292]
  0x000002508fc6cb00 ConcurrentGCThread "G1 Main Marker" terminated
  0x000002508fc6dbb0 ConcurrentGCThread "G1 Conc#0" [stack: 0x00000069dcb00000,0x00000069dcc00000] [id=13000]
  0x000002508fcd6930 ConcurrentGCThread "G1 Refine#0" terminated
  0x00000250b9dc28b0 ConcurrentGCThread "G1 Service" terminated

Threads with active compile tasks:
C2 CompilerThread0  
[error occurred during error reporting (printing all threads), id 0xc0000005, EXCEPTION_ACCESS_VIOLATION (0xc0000005) at pc=0x00007ffec859e683]

VM state: at safepoint (shutting down)

VM Mutex/Monitor currently owned by a thread:  ([mutex/lock_event])
[0x000002508fbfa990] Threads_lock - owner thread: 0x00000250b9efeaf0
[0x000002508fbfa120] Heap_lock - owner thread: 0x00000250bac18610

Heap address: 0x0000000682400000, size: 6108 MB, Compressed Oops mode: Zero based, Oop shift amount: 3

CDS archive(s) mapped at: [0x0000000800000000-0x0000000800bc0000-0x0000000800bc0000), size 12320768, SharedBaseAddress: 0x0000000800000000, ArchiveRelocationMode: 0.
Compressed class space mapped at: 0x0000000800c00000-0x0000000840c00000, reserved size: 1073741824
Narrow klass base: 0x0000000800000000, Narrow klass shift: 0, Narrow klass range: 0x100000000

GC Precious Log:
 CPUs: 16 total, 16 available
 Memory: 24428M
 Large Page Support: Disabled
 NUMA Support: Disabled
 Compressed Oops: Enabled (Zero based)
 Heap Region Size: 4M
 Heap Min Capacity: 8M
 Heap Initial Capacity: 384M
 Heap Max Capacity: 6108M
 Pre-touch: Disabled
 Parallel Workers: 13
 Concurrent Workers: 3
 Concurrent Refinement Workers: 13
 Periodic GC: Disabled

Heap:
 garbage-first heap   total 393216K, used 69844K [0x0000000682400000, 0x0000000800000000)
  region size 4096K, 14 young (57344K), 2 survivors (8192K)
 Metaspace       used 18866K, committed 19136K, reserved 1073152K
  class space    used 2690K, committed 2816K, reserved 1048576K

Heap Regions: E=young(eden), S=young(survivor), O=old, HS=humongous(starts), HC=humongous(continues), CS=collection set, F=free, OA=open archive, CA=closed archive, TAMS=top-at-mark-start (previous, next)
|   0|0x0000000682400000, 0x0000000682800000, 0x0000000682800000|100%|HS|  |TAMS 0x0000000682400000, 0x0000000682400000| Complete 
|   1|0x0000000682800000, 0x0000000682c00000, 0x0000000682c00000|100%|HS|  |TAMS 0x0000000682800000, 0x0000000682800000| Complete 
|   2|0x0000000682c00000, 0x0000000682c35200, 0x0000000683000000|  5%| O|  |TAMS 0x0000000682c00000, 0x0000000682c00000| Untracked 
|   3|0x0000000683000000, 0x0000000683400000, 0x0000000683400000|100%|HS|  |TAMS 0x0000000683000000, 0x0000000683000000| Complete 
|   4|0x0000000683400000, 0x0000000683800000, 0x0000000683800000|100%|HS|  |TAMS 0x0000000683400000, 0x0000000683400000| Complete 
|   5|0x0000000683800000, 0x0000000683800000, 0x0000000683c00000|  0%| F|  |TAMS 0x0000000683800000, 0x0000000683800000| Untracked 
|   6|0x0000000683c00000, 0x0000000683c00000, 0x0000000684000000|  0%| F|  |TAMS 0x0000000683c00000, 0x0000000683c00000| Untracked 
|   7|0x0000000684000000, 0x0000000684000000, 0x0000000684400000|  0%| F|  |TAMS 0x0000000684000000, 0x0000000684000000| Untracked 
|   8|0x0000000684400000, 0x0000000684400000, 0x0000000684800000|  0%| F|  |TAMS 0x0000000684400000, 0x0000000684400000| Untracked 
|   9|0x0000000684800000, 0x0000000684800000, 0x0000000684c00000|  0%| F|  |TAMS 0x0000000684800000, 0x0000000684800000| Untracked 
|  10|0x0000000684c00000, 0x0000000684c00000, 0x0000000685000000|  0%| F|  |TAMS 0x0000000684c00000, 0x0000000684c00000| Untracked 
|  11|0x0000000685000000, 0x0000000685000000, 0x0000000685400000|  0%| F|  |TAMS 0x0000000685000000, 0x0000000685000000| Untracked 
|  12|0x0000000685400000, 0x0000000685400000, 0x0000000685800000|  0%| F|  |TAMS 0x0000000685400000, 0x0000000685400000| Untracked 
|  13|0x0000000685800000, 0x0000000685800000, 0x0000000685c00000|  0%| F|  |TAMS 0x0000000685800000, 0x0000000685800000| Untracked 
|  14|0x0000000685c00000, 0x0000000685c00000, 0x0000000686000000|  0%| F|  |TAMS 0x0000000685c00000, 0x0000000685c00000| Untracked 
|  15|0x0000000686000000, 0x0000000686000000, 0x0000000686400000|  0%| F|  |TAMS 0x0000000686000000, 0x0000000686000000| Untracked 
|  16|0x0000000686400000, 0x0000000686400000, 0x0000000686800000|  0%| F|  |TAMS 0x0000000686400000, 0x0000000686400000| Untracked 
|  17|0x0000000686800000, 0x0000000686800000, 0x0000000686c00000|  0%| F|  |TAMS 0x0000000686800000, 0x0000000686800000| Untracked 
|  18|0x0000000686c00000, 0x0000000686c00000, 0x0000000687000000|  0%| F|  |TAMS 0x0000000686c00000, 0x0000000686c00000| Untracked 
|  19|0x0000000687000000, 0x0000000687000000, 0x0000000687400000|  0%| F|  |TAMS 0x0000000687000000, 0x0000000687000000| Untracked 
|  20|0x0000000687400000, 0x0000000687400000, 0x0000000687800000|  0%| F|  |TAMS 0x0000000687400000, 0x0000000687400000| Untracked 
|  21|0x0000000687800000, 0x0000000687800000, 0x0000000687c00000|  0%| F|  |TAMS 0x0000000687800000, 0x0000000687800000| Untracked 
|  22|0x0000000687c00000, 0x0000000687c00000, 0x0000000688000000|  0%| F|  |TAMS 0x0000000687c00000, 0x0000000687c00000| Untracked 
|  23|0x0000000688000000, 0x0000000688000000, 0x0000000688400000|  0%| F|  |TAMS 0x0000000688000000, 0x0000000688000000| Untracked 
|  24|0x0000000688400000, 0x0000000688400000, 0x0000000688800000|  0%| F|  |TAMS 0x0000000688400000, 0x0000000688400000| Untracked 
|  25|0x0000000688800000, 0x0000000688800000, 0x0000000688c00000|  0%| F|  |TAMS 0x0000000688800000, 0x0000000688800000| Untracked 
|  26|0x0000000688c00000, 0x0000000688c00000, 0x0000000689000000|  0%| F|  |TAMS 0x0000000688c00000, 0x0000000688c00000| Untracked 
|  27|0x0000000689000000, 0x0000000689000000, 0x0000000689400000|  0%| F|  |TAMS 0x0000000689000000, 0x0000000689000000| Untracked 
|  28|0x0000000689400000, 0x0000000689400000, 0x0000000689800000|  0%| F|  |TAMS 0x0000000689400000, 0x0000000689400000| Untracked 
|  29|0x0000000689800000, 0x0000000689800000, 0x0000000689c00000|  0%| F|  |TAMS 0x0000000689800000, 0x0000000689800000| Untracked 
|  30|0x0000000689c00000, 0x0000000689c00000, 0x000000068a000000|  0%| F|  |TAMS 0x0000000689c00000, 0x0000000689c00000| Untracked 
|  31|0x000000068a000000, 0x000000068a000000, 0x000000068a400000|  0%| F|  |TAMS 0x000000068a000000, 0x000000068a000000| Untracked 
|  32|0x000000068a400000, 0x000000068a400000, 0x000000068a800000|  0%| F|  |TAMS 0x000000068a400000, 0x000000068a400000| Untracked 
|  33|0x000000068a800000, 0x000000068a800000, 0x000000068ac00000|  0%| F|  |TAMS 0x000000068a800000, 0x000000068a800000| Untracked 
|  34|0x000000068ac00000, 0x000000068ac00000, 0x000000068b000000|  0%| F|  |TAMS 0x000000068ac00000, 0x000000068ac00000| Untracked 
|  35|0x000000068b000000, 0x000000068b000000, 0x000000068b400000|  0%| F|  |TAMS 0x000000068b000000, 0x000000068b000000| Untracked 
|  36|0x000000068b400000, 0x000000068b400000, 0x000000068b800000|  0%| F|  |TAMS 0x000000068b400000, 0x000000068b400000| Untracked 
|  37|0x000000068b800000, 0x000000068b800000, 0x000000068bc00000|  0%| F|  |TAMS 0x000000068b800000, 0x000000068b800000| Untracked 
|  38|0x000000068bc00000, 0x000000068bc00000, 0x000000068c000000|  0%| F|  |TAMS 0x000000068bc00000, 0x000000068bc00000| Untracked 
|  39|0x000000068c000000, 0x000000068c000000, 0x000000068c400000|  0%| F|  |TAMS 0x000000068c000000, 0x000000068c000000| Untracked 
|  40|0x000000068c400000, 0x000000068c400000, 0x000000068c800000|  0%| F|  |TAMS 0x000000068c400000, 0x000000068c400000| Untracked 
|  41|0x000000068c800000, 0x000000068c800000, 0x000000068cc00000|  0%| F|  |TAMS 0x000000068c800000, 0x000000068c800000| Untracked 
|  42|0x000000068cc00000, 0x000000068cc00000, 0x000000068d000000|  0%| F|  |TAMS 0x000000068cc00000, 0x000000068cc00000| Untracked 
|  43|0x000000068d000000, 0x000000068d000000, 0x000000068d400000|  0%| F|  |TAMS 0x000000068d000000, 0x000000068d000000| Untracked 
|  44|0x000000068d400000, 0x000000068d400000, 0x000000068d800000|  0%| F|  |TAMS 0x000000068d400000, 0x000000068d400000| Untracked 
|  45|0x000000068d800000, 0x000000068d800000, 0x000000068dc00000|  0%| F|  |TAMS 0x000000068d800000, 0x000000068d800000| Untracked 
|  46|0x000000068dc00000, 0x000000068dc00000, 0x000000068e000000|  0%| F|  |TAMS 0x000000068dc00000, 0x000000068dc00000| Untracked 
|  47|0x000000068e000000, 0x000000068e000000, 0x000000068e400000|  0%| F|  |TAMS 0x000000068e000000, 0x000000068e000000| Untracked 
|  48|0x000000068e400000, 0x000000068e400000, 0x000000068e800000|  0%| F|  |TAMS 0x000000068e400000, 0x000000068e400000| Untracked 
|  49|0x000000068e800000, 0x000000068e800000, 0x000000068ec00000|  0%| F|  |TAMS 0x000000068e800000, 0x000000068e800000| Untracked 
|  50|0x000000068ec00000, 0x000000068ec00000, 0x000000068f000000|  0%| F|  |TAMS 0x000000068ec00000, 0x000000068ec00000| Untracked 
|  51|0x000000068f000000, 0x000000068f000000, 0x000000068f400000|  0%| F|  |TAMS 0x000000068f000000, 0x000000068f000000| Untracked 
|  52|0x000000068f400000, 0x000000068f400000, 0x000000068f800000|  0%| F|  |TAMS 0x000000068f400000, 0x000000068f400000| Untracked 
|  53|0x000000068f800000, 0x000000068f800000, 0x000000068fc00000|  0%| F|  |TAMS 0x000000068f800000, 0x000000068f800000| Untracked 
|  54|0x000000068fc00000, 0x000000068fc00000, 0x0000000690000000|  0%| F|  |TAMS 0x000000068fc00000, 0x000000068fc00000| Untracked 
|  55|0x0000000690000000, 0x0000000690000000, 0x0000000690400000|  0%| F|  |TAMS 0x0000000690000000, 0x0000000690000000| Untracked 
|  56|0x0000000690400000, 0x0000000690400000, 0x0000000690800000|  0%| F|  |TAMS 0x0000000690400000, 0x0000000690400000| Untracked 
|  57|0x0000000690800000, 0x0000000690800000, 0x0000000690c00000|  0%| F|  |TAMS 0x0000000690800000, 0x0000000690800000| Untracked 
|  58|0x0000000690c00000, 0x0000000690c00000, 0x0000000691000000|  0%| F|  |TAMS 0x0000000690c00000, 0x0000000690c00000| Untracked 
|  59|0x0000000691000000, 0x0000000691000000, 0x0000000691400000|  0%| F|  |TAMS 0x0000000691000000, 0x0000000691000000| Untracked 
|  60|0x0000000691400000, 0x0000000691400000, 0x0000000691800000|  0%| F|  |TAMS 0x0000000691400000, 0x0000000691400000| Untracked 
|  61|0x0000000691800000, 0x0000000691800000, 0x0000000691c00000|  0%| F|  |TAMS 0x0000000691800000, 0x0000000691800000| Untracked 
|  62|0x0000000691c00000, 0x0000000691c00000, 0x0000000692000000|  0%| F|  |TAMS 0x0000000691c00000, 0x0000000691c00000| Untracked 
|  63|0x0000000692000000, 0x0000000692000000, 0x0000000692400000|  0%| F|  |TAMS 0x0000000692000000, 0x0000000692000000| Untracked 
|  64|0x0000000692400000, 0x0000000692400000, 0x0000000692800000|  0%| F|  |TAMS 0x0000000692400000, 0x0000000692400000| Untracked 
|  65|0x0000000692800000, 0x0000000692800000, 0x0000000692c00000|  0%| F|  |TAMS 0x0000000692800000, 0x0000000692800000| Untracked 
|  66|0x0000000692c00000, 0x0000000692c00000, 0x0000000693000000|  0%| F|  |TAMS 0x0000000692c00000, 0x0000000692c00000| Untracked 
|  67|0x0000000693000000, 0x0000000693000000, 0x0000000693400000|  0%| F|  |TAMS 0x0000000693000000, 0x0000000693000000| Untracked 
|  68|0x0000000693400000, 0x0000000693400000, 0x0000000693800000|  0%| F|  |TAMS 0x0000000693400000, 0x0000000693400000| Untracked 
|  69|0x0000000693800000, 0x0000000693800000, 0x0000000693c00000|  0%| F|  |TAMS 0x0000000693800000, 0x0000000693800000| Untracked 
|  70|0x0000000693c00000, 0x0000000693c00000, 0x0000000694000000|  0%| F|  |TAMS 0x0000000693c00000, 0x0000000693c00000| Untracked 
|  71|0x0000000694000000, 0x0000000694000000, 0x0000000694400000|  0%| F|  |TAMS 0x0000000694000000, 0x0000000694000000| Untracked 
|  72|0x0000000694400000, 0x0000000694400000, 0x0000000694800000|  0%| F|  |TAMS 0x0000000694400000, 0x0000000694400000| Untracked 
|  73|0x0000000694800000, 0x0000000694800000, 0x0000000694c00000|  0%| F|  |TAMS 0x0000000694800000, 0x0000000694800000| Untracked 
|  74|0x0000000694c00000, 0x0000000694c00000, 0x0000000695000000|  0%| F|  |TAMS 0x0000000694c00000, 0x0000000694c00000| Untracked 
|  75|0x0000000695000000, 0x0000000695000000, 0x0000000695400000|  0%| F|  |TAMS 0x0000000695000000, 0x0000000695000000| Untracked 
|  76|0x0000000695400000, 0x0000000695400000, 0x0000000695800000|  0%| F|  |TAMS 0x0000000695400000, 0x0000000695400000| Untracked 
|  77|0x0000000695800000, 0x0000000695800000, 0x0000000695c00000|  0%| F|  |TAMS 0x0000000695800000, 0x0000000695800000| Untracked 
|  78|0x0000000695c00000, 0x0000000695c00000, 0x0000000696000000|  0%| F|  |TAMS 0x0000000695c00000, 0x0000000695c00000| Untracked 
|  79|0x0000000696000000, 0x0000000696000000, 0x0000000696400000|  0%| F|  |TAMS 0x0000000696000000, 0x0000000696000000| Untracked 
|  80|0x0000000696400000, 0x0000000696400000, 0x0000000696800000|  0%| F|  |TAMS 0x0000000696400000, 0x0000000696400000| Untracked 
|  81|0x0000000696800000, 0x0000000696800000, 0x0000000696c00000|  0%| F|  |TAMS 0x0000000696800000, 0x0000000696800000| Untracked 
|  82|0x0000000696c00000, 0x0000000696f07d50, 0x0000000697000000| 75%| E|  |TAMS 0x0000000696c00000, 0x0000000696c00000| Complete 
|  83|0x0000000697000000, 0x0000000697400000, 0x0000000697400000|100%| S|CS|TAMS 0x0000000697000000, 0x0000000697000000| Complete 
|  84|0x0000000697400000, 0x0000000697800000, 0x0000000697800000|100%| S|CS|TAMS 0x0000000697400000, 0x0000000697400000| Complete 
|  85|0x0000000697800000, 0x0000000697c00000, 0x0000000697c00000|100%| E|CS|TAMS 0x0000000697800000, 0x0000000697800000| Complete 
|  86|0x0000000697c00000, 0x0000000698000000, 0x0000000698000000|100%| E|CS|TAMS 0x0000000697c00000, 0x0000000697c00000| Complete 
|  87|0x0000000698000000, 0x0000000698400000, 0x0000000698400000|100%| E|CS|TAMS 0x0000000698000000, 0x0000000698000000| Complete 
|  88|0x0000000698400000, 0x0000000698800000, 0x0000000698800000|100%| E|CS|TAMS 0x0000000698400000, 0x0000000698400000| Complete 
|  89|0x0000000698800000, 0x0000000698c00000, 0x0000000698c00000|100%| E|CS|TAMS 0x0000000698800000, 0x0000000698800000| Complete 
|  90|0x0000000698c00000, 0x0000000699000000, 0x0000000699000000|100%| E|CS|TAMS 0x0000000698c00000, 0x0000000698c00000| Complete 
|  91|0x0000000699000000, 0x0000000699400000, 0x0000000699400000|100%| E|CS|TAMS 0x0000000699000000, 0x0000000699000000| Complete 
|  92|0x0000000699400000, 0x0000000699800000, 0x0000000699800000|100%| E|CS|TAMS 0x0000000699400000, 0x0000000699400000| Complete 
|  93|0x0000000699800000, 0x0000000699c00000, 0x0000000699c00000|100%| E|CS|TAMS 0x0000000699800000, 0x0000000699800000| Complete 
|  94|0x0000000699c00000, 0x000000069a000000, 0x000000069a000000|100%| E|CS|TAMS 0x0000000699c00000, 0x0000000699c00000| Complete 
|  95|0x000000069a000000, 0x000000069a400000, 0x000000069a400000|100%| E|CS|TAMS 0x000000069a000000, 0x000000069a000000| Complete 

Card table byte_map: [0x00000250a9820000,0x00000250aa410000] _byte_map_base: 0x00000250a640e000

Marking Bits (Prev, Next): (CMBitMap*) 0x000002508fc60300, (CMBitMap*) 0x000002508fc60340
 Prev Bits: [0x00000250ab000000, 0x00000250b0f70000)
 Next Bits: [0x00000250b0f70000, 0x00000250b6ee0000)

Polling page: 0x000002508fce0000

Metaspace:

Usage:
  Non-class:     15.80 MB used.
      Class:      2.63 MB used.
       Both:     18.42 MB used.

Virtual space:
  Non-class space:       24.00 MB reserved,      15.94 MB ( 66%) committed,  3 nodes.
      Class space:        1.00 GB reserved,       2.75 MB ( <1%) committed,  1 nodes.
             Both:        1.02 GB reserved,      18.69 MB (  2%) committed. 

Chunk freelists:
   Non-Class:  3.98 MB
       Class:  1.16 MB
        Both:  5.15 MB

MaxMetaspaceSize: unlimited
CompressedClassSpaceSize: 1.00 GB
Initial GC threshold: 21.00 MB
Current GC threshold: 21.00 MB
CDS: on
MetaspaceReclaimPolicy: balanced
 - commit_granule_bytes: 65536.
 - commit_granule_words: 8192.
 - virtual_space_node_default_size: 1048576.
 - enlarge_chunks_in_place: 1.
 - new_chunks_are_fully_committed: 0.
 - uncommit_free_chunks: 1.
 - use_allocation_guard: 0.
 - handle_deallocations: 1.


Internal statistics:

num_allocs_failed_limit: 0.
num_arena_births: 228.
num_arena_deaths: 0.
num_vsnodes_births: 4.
num_vsnodes_deaths: 0.
num_space_committed: 299.
num_space_uncommitted: 0.
num_chunks_returned_to_freelist: 0.
num_chunks_taken_from_freelist: 873.
num_chunk_merges: 0.
num_chunk_splits: 621.
num_chunks_enlarged: 493.
num_purges: 0.
num_inconsistent_stats: 0.

CodeHeap 'non-profiled nmethods': size=119168Kb used=2494Kb max_used=2494Kb free=116673Kb
 bounds [0x00000250a0810000, 0x00000250a0a80000, 0x00000250a7c70000]
CodeHeap 'profiled nmethods': size=119104Kb used=10506Kb max_used=10506Kb free=108597Kb
 bounds [0x00000250993c0000, 0x0000025099e10000, 0x00000250a0810000]
CodeHeap 'non-nmethods': size=7488Kb used=1442Kb max_used=3203Kb free=6045Kb
 bounds [0x0000025098c70000, 0x0000025098fb0000, 0x00000250993c0000]
 total_blobs=5614 nmethods=4810 adapters=716
 compilation: enabled
              stopped_count=0, restarted_count=0
 full_count=0

Compilation events (20 events):
Event: 21.887 Thread 0x00000250bbc4b440 4804       4       com.sun.javafx.geom.transform.AffineBase::updateState2D (210 bytes)
Event: 21.887 Thread 0x00000250bbc4b440 nmethod 4804 0x00000250a0a75710 code [0x00000250a0a758e0, 0x00000250a0a75af8]
Event: 21.965 Thread 0x00000250b9f3f860 nmethod 4795 0x00000250a0a75c10 code [0x00000250a0a76100, 0x00000250a0a7b888]
Event: 22.493 Thread 0x00000250b9f48720 4805       1       com.sun.prism.PresentableState::getWindow (5 bytes)
Event: 22.493 Thread 0x00000250b9f48720 nmethod 4805 0x00000250a0a7e310 code [0x00000250a0a7e4a0, 0x00000250a0a7e578]
Event: 22.493 Thread 0x00000250b9f48720 4806       1       com.sun.prism.PresentableState::getView (5 bytes)
Event: 22.493 Thread 0x00000250b9f48720 nmethod 4806 0x00000250a0a7e610 code [0x00000250a0a7e7a0, 0x00000250a0a7e878]
Event: 22.493 Thread 0x00000250b9f48720 4807       1       com.sun.prism.PresentableState::isViewClosed (5 bytes)
Event: 22.493 Thread 0x00000250b9f48720 nmethod 4807 0x00000250a0a7e910 code [0x00000250a0a7eaa0, 0x00000250a0a7eb78]
Event: 22.493 Thread 0x00000250b9f48720 4808       1       com.sun.prism.PresentableState::getRenderScaleX (5 bytes)
Event: 22.493 Thread 0x00000250b9f48720 nmethod 4808 0x00000250a0a7ec10 code [0x00000250a0a7eda0, 0x00000250a0a7ee78]
Event: 22.493 Thread 0x00000250b9f48720 4809       1       com.sun.prism.PresentableState::getRenderScaleY (5 bytes)
Event: 22.493 Thread 0x00000250b9f48720 nmethod 4809 0x00000250a0a7ef10 code [0x00000250a0a7f0a0, 0x00000250a0a7f178]
Event: 22.671 Thread 0x00000250b9f3f860 4810       4       com.sun.javafx.logging.PlatformLogger::isLoggable (27 bytes)
Event: 22.672 Thread 0x00000250b9f3f860 nmethod 4810 0x00000250a0a7f210 code [0x00000250a0a7f3a0, 0x00000250a0a7f578]
Event: 22.685 Thread 0x00000250b9f48720 4811       3       com.sun.javafx.sg.prism.RegionImageCache$CachedImage::equals (74 bytes)
Event: 22.685 Thread 0x00000250b9f48720 nmethod 4811 0x0000025099e02310 code [0x0000025099e024e0, 0x0000025099e02938]
Event: 22.754 Thread 0x00000250b9f3f860 4812       4       java.lang.invoke.DirectMethodHandle::internalMemberName (8 bytes)
Event: 22.755 Thread 0x00000250b9f3f860 nmethod 4812 0x00000250a0a7f790 code [0x00000250a0a7f900, 0x00000250a0a7f998]
Event: 22.758 Thread 0x00000250b9f3f860 4813       4       jdk.internal.org.objectweb.asm.ByteVector::putInt (74 bytes)

GC Heap History (4 events):
Event: 0.296 GC heap before
{Heap before GC invocations=0 (full 0):
 garbage-first heap   total 393216K, used 16384K [0x0000000682400000, 0x0000000800000000)
  region size 4096K, 5 young (20480K), 0 survivors (0K)
 Metaspace       used 4075K, committed 4160K, reserved 1056768K
  class space    used 470K, committed 512K, reserved 1048576K
}
Event: 0.297 GC heap after
{Heap after GC invocations=1 (full 0):
 garbage-first heap   total 393216K, used 2710K [0x0000000682400000, 0x0000000800000000)
  region size 4096K, 1 young (4096K), 1 survivors (4096K)
 Metaspace       used 4075K, committed 4160K, reserved 1056768K
  class space    used 470K, committed 512K, reserved 1048576K
}
Event: 1.455 GC heap before
{Heap before GC invocations=1 (full 0):
 garbage-first heap   total 393216K, used 47766K [0x0000000682400000, 0x0000000800000000)
  region size 4096K, 11 young (45056K), 1 survivors (4096K)
 Metaspace       used 14273K, committed 14528K, reserved 1064960K
  class space    used 2112K, committed 2240K, reserved 1048576K
}
Event: 1.458 GC heap after
{Heap after GC invocations=2 (full 0):
 garbage-first heap   total 393216K, used 16596K [0x0000000682400000, 0x0000000800000000)
  region size 4096K, 2 young (8192K), 2 survivors (8192K)
 Metaspace       used 14273K, committed 14528K, reserved 1064960K
  class space    used 2112K, committed 2240K, reserved 1048576K
}

Deoptimization events (20 events):
Event: 20.818 Thread 0x00000250bac18610 Uncommon trap: trap_request=0xffffff45 fr.pc=0x00000250a0a512e8 relative=0x000000000000abc8
Event: 20.818 Thread 0x00000250bac18610 Uncommon trap: reason=unstable_if action=reinterpret pc=0x00000250a0a512e8 method=javafx.scene.CssStyleHelper.transitionToState(Ljavafx/scene/Node;)V @ 4 c2
Event: 20.818 Thread 0x00000250bac18610 DEOPT PACKING pc=0x00000250a0a512e8 sp=0x00000069de7f8e70
Event: 20.818 Thread 0x00000250bac18610 DEOPT UNPACKING pc=0x0000025098cc23a3 sp=0x00000069de7f8de0 mode 2
Event: 20.818 Thread 0x00000250bac18610 Uncommon trap: trap_request=0xffffffc6 fr.pc=0x00000250a09b025c relative=0x000000000000203c
Event: 20.818 Thread 0x00000250bac18610 Uncommon trap: reason=bimorphic_or_optimized_type_check action=maybe_recompile pc=0x00000250a09b025c method=javafx.css.CompoundSelector.stateMatches(Ljavafx/css/Styleable;Ljava/util/Set;I)Z @ 160 c2
Event: 20.818 Thread 0x00000250bac18610 DEOPT PACKING pc=0x00000250a09b025c sp=0x00000069de7f8aa0
Event: 20.818 Thread 0x00000250bac18610 DEOPT UNPACKING pc=0x0000025098cc23a3 sp=0x00000069de7f8a48 mode 2
Event: 20.818 Thread 0x00000250bac18610 Uncommon trap: trap_request=0xffffffc6 fr.pc=0x00000250a09b025c relative=0x000000000000203c
Event: 20.818 Thread 0x00000250bac18610 Uncommon trap: reason=bimorphic_or_optimized_type_check action=maybe_recompile pc=0x00000250a09b025c method=javafx.css.CompoundSelector.stateMatches(Ljavafx/css/Styleable;Ljava/util/Set;I)Z @ 160 c2
Event: 20.818 Thread 0x00000250bac18610 DEOPT PACKING pc=0x00000250a09b025c sp=0x00000069de7f8aa0
Event: 20.818 Thread 0x00000250bac18610 DEOPT UNPACKING pc=0x0000025098cc23a3 sp=0x00000069de7f8a48 mode 2
Event: 20.818 Thread 0x00000250bac18610 Uncommon trap: trap_request=0xffffffc6 fr.pc=0x00000250a09b025c relative=0x000000000000203c
Event: 20.818 Thread 0x00000250bac18610 Uncommon trap: reason=bimorphic_or_optimized_type_check action=maybe_recompile pc=0x00000250a09b025c method=javafx.css.CompoundSelector.stateMatches(Ljavafx/css/Styleable;Ljava/util/Set;I)Z @ 160 c2
Event: 20.818 Thread 0x00000250bac18610 DEOPT PACKING pc=0x00000250a09b025c sp=0x00000069de7f8aa0
Event: 20.818 Thread 0x00000250bac18610 DEOPT UNPACKING pc=0x0000025098cc23a3 sp=0x00000069de7f8a48 mode 2
Event: 20.818 Thread 0x00000250bac18610 Uncommon trap: trap_request=0xffffffc6 fr.pc=0x00000250a09b025c relative=0x000000000000203c
Event: 20.818 Thread 0x00000250bac18610 Uncommon trap: reason=bimorphic_or_optimized_type_check action=maybe_recompile pc=0x00000250a09b025c method=javafx.css.CompoundSelector.stateMatches(Ljavafx/css/Styleable;Ljava/util/Set;I)Z @ 160 c2
Event: 20.818 Thread 0x00000250bac18610 DEOPT PACKING pc=0x00000250a09b025c sp=0x00000069de7f8aa0
Event: 20.818 Thread 0x00000250bac18610 DEOPT UNPACKING pc=0x0000025098cc23a3 sp=0x00000069de7f8a48 mode 2

Classes unloaded (0 events):
No events

Classes redefined (0 events):
No events

Internal exceptions (20 events):
Event: 0.572 Thread 0x00000250bac18610 Exception <a 'java/lang/NoSuchMethodError'{0x0000000698a04a10}: 'java.lang.Object java.lang.invoke.DirectMethodHandle$Holder.invokeInterface(java.lang.Object, java.lang.Object, java.lang.Object)'> (0x0000000698a04a10) 
thrown [t:\workspace\open\src\hotspot\share\interpreter\linkResolver.cpp, line 766]
Event: 0.572 Thread 0x00000250bac18610 Exception <a 'java/lang/IncompatibleClassChangeError'{0x0000000698a08398}: Found class java.lang.Object, but interface was expected> (0x0000000698a08398) 
thrown [t:\workspace\open\src\hotspot\share\interpreter\linkResolver.cpp, line 833]
Event: 0.610 Thread 0x00000250bac18610 Exception <a 'java/lang/NoSuchMethodError'{0x0000000698bf8bc8}: 'java.lang.Object java.lang.invoke.DirectMethodHandle$Holder.newInvokeSpecial(java.lang.Object, java.lang.Object, int)'> (0x0000000698bf8bc8) 
thrown [t:\workspace\open\src\hotspot\share\interpreter\linkResolver.cpp, line 766]
Event: 0.626 Thread 0x00000250baea04f0 Exception <a 'java/lang/NoSuchMethodError'{0x000000069855e000}: 'int java.lang.invoke.DirectMethodHandle$Holder.invokeStaticInit(java.lang.Object, java.lang.Object)'> (0x000000069855e000) 
thrown [t:\workspace\open\src\hotspot\share\interpreter\linkResolver.cpp, line 766]
Event: 1.276 Thread 0x00000250bac18610 Exception <a 'java/lang/NoSuchMethodError'{0x00000006982269b0}: 'java.lang.Object java.lang.invoke.DirectMethodHandle$Holder.newInvokeSpecial(java.lang.Object, java.lang.Object, int, int, int, int, int, java.lang.Object)'> (0x00000006982269b0) 
thrown [t:\workspace\open\src\hotspot\share\interpreter\linkResolver.cpp, line 766]
Event: 1.276 Thread 0x00000250bac18610 Exception <a 'java/lang/NoSuchMethodError'{0x0000000698239990}: 'java.lang.Object java.lang.invoke.DirectMethodHandle$Holder.newInvokeSpecial(java.lang.Object, java.lang.Object, java.lang.Object, int, int, int, int, int)'> (0x0000000698239990) 
thrown [t:\workspace\open\src\hotspot\share\interpreter\linkResolver.cpp, line 766]
Event: 1.277 Thread 0x00000250bac18610 Exception <a 'java/lang/NoSuchMethodError'{0x00000006982411f0}: 'java.lang.Object java.lang.invoke.Invokers$Holder.linkToTargetMethod(java.lang.Object, java.lang.Object, int, int, int, int, int, java.lang.Object)'> (0x00000006982411f0) 
thrown [t:\workspace\open\src\hotspot\share\interpreter\linkResolver.cpp, line 766]
Event: 1.277 Thread 0x00000250bac18610 Exception <a 'java/lang/NoSuchMethodError'{0x00000006982590e0}: 'long java.lang.invoke.DirectMethodHandle$Holder.invokeStatic(java.lang.Object, java.lang.Object, java.lang.Object)'> (0x00000006982590e0) 
thrown [t:\workspace\open\src\hotspot\share\interpreter\linkResolver.cpp, line 766]
Event: 1.278 Thread 0x00000250bac18610 Exception <a 'java/lang/NoSuchMethodError'{0x000000069825cac8}: 'long java.lang.invoke.DirectMethodHandle$Holder.invokeStaticInit(java.lang.Object, java.lang.Object, java.lang.Object)'> (0x000000069825cac8) 
thrown [t:\workspace\open\src\hotspot\share\interpreter\linkResolver.cpp, line 766]
Event: 1.279 Thread 0x00000250bac18610 Exception <a 'java/lang/NoSuchMethodError'{0x00000006982746d0}: 'java.lang.Object java.lang.invoke.DirectMethodHandle$Holder.newInvokeSpecial(java.lang.Object, java.lang.Object, long)'> (0x00000006982746d0) 
thrown [t:\workspace\open\src\hotspot\share\interpreter\linkResolver.cpp, line 766]
Event: 1.279 Thread 0x00000250bac18610 Exception <a 'java/lang/NoSuchMethodError'{0x0000000698278240}: 'java.lang.Object java.lang.invoke.Invokers$Holder.linkToTargetMethod(java.lang.Object, long, java.lang.Object)'> (0x0000000698278240) 
thrown [t:\workspace\open\src\hotspot\share\interpreter\linkResolver.cpp, line 766]
Event: 1.402 Thread 0x00000250bac18610 Exception <a 'java/lang/ClassNotFoundException'{0x0000000697e45368}: com/sun/javafx/scene/control/skin/resources/controls> (0x0000000697e45368) 
thrown [t:\workspace\open\src\hotspot\share\prims\jni.cpp, line 535]
Event: 1.403 Thread 0x00000250bac18610 Exception <a 'java/lang/ClassNotFoundException'{0x0000000697e53840}: com/sun/javafx/scene/control/skin/resources/controls_es> (0x0000000697e53840) 
thrown [t:\workspace\open\src\hotspot\share\prims\jni.cpp, line 535]
Event: 1.404 Thread 0x00000250bac18610 Exception <a 'java/lang/ClassNotFoundException'{0x0000000697e61798}: com/sun/javafx/scene/control/skin/resources/controls_es_CO> (0x0000000697e61798) 
thrown [t:\workspace\open\src\hotspot\share\prims\jni.cpp, line 535]
Event: 2.525 Thread 0x00000250bac18610 Exception <a 'java/lang/NoSuchMethodError'{0x0000000699af5218}: 'void java.lang.invoke.DirectMethodHandle$Holder.invokeSpecial(java.lang.Object, java.lang.Object, java.lang.Object, java.lang.Object, java.lang.Object, java.lang.Object)'> (0x0000000699af5218) 
thrown [t:\workspace\open\src\hotspot\share\interpreter\linkResolver.cpp, line 766]
Event: 2.548 Thread 0x00000250bac18610 Exception <a 'java/lang/NoSuchMethodError'{0x0000000699519618}: 'void java.lang.invoke.DirectMethodHandle$Holder.invokeSpecialIFC(java.lang.Object, java.lang.Object, java.lang.Object, java.lang.Object)'> (0x0000000699519618) 
thrown [t:\workspace\open\src\hotspot\share\interpreter\linkResolver.cpp, line 766]
Event: 2.557 Thread 0x00000250bac18610 Exception <a 'java/lang/NoSuchMethodError'{0x00000006996b00a0}: 'int java.lang.invoke.DirectMethodHandle$Holder.invokeSpecial(java.lang.Object, java.lang.Object, int)'> (0x00000006996b00a0) 
thrown [t:\workspace\open\src\hotspot\share\interpreter\linkResolver.cpp, line 766]
Event: 6.832 Thread 0x00000250baea04f0 Exception <a 'java/lang/NoSuchMethodError'{0x0000000699e25010}: 'java.lang.Object java.lang.invoke.DirectMethodHandle$Holder.invokeStaticInit(java.lang.Object, int)'> (0x0000000699e25010) 
thrown [t:\workspace\open\src\hotspot\share\interpreter\linkResolver.cpp, line 766]
Event: 14.683 Thread 0x00000250bac18610 Exception <a 'java/lang/ClassNotFoundException'{0x000000069851bba8}: sun/util/logging/resources/spi/loggingProvider> (0x000000069851bba8) 
thrown [t:\workspace\open\src\hotspot\share\classfile\systemDictionary.cpp, line 256]
Event: 20.818 Thread 0x00000250bac18610 Implicit null exception at 0x00000250a0a46756 to 0x00000250a0a512cc

VM Operations (20 events):
Event: 11.830 Executing VM operation: Cleanup done
Event: 13.429 Executing VM operation: HandshakeAllThreads
Event: 13.429 Executing VM operation: HandshakeAllThreads done
Event: 13.429 Executing VM operation: Cleanup
Event: 13.429 Executing VM operation: Cleanup done
Event: 14.687 Executing VM operation: HandshakeAllThreads
Event: 14.687 Executing VM operation: HandshakeAllThreads done
Event: 14.687 Executing VM operation: Cleanup
Event: 14.687 Executing VM operation: Cleanup done
Event: 14.818 Executing VM operation: HandshakeAllThreads
Event: 14.818 Executing VM operation: HandshakeAllThreads done
Event: 14.889 Executing VM operation: ICBufferFull
Event: 14.889 Executing VM operation: ICBufferFull done
Event: 16.889 Executing VM operation: Cleanup
Event: 16.889 Executing VM operation: Cleanup done
Event: 18.889 Executing VM operation: Cleanup
Event: 18.889 Executing VM operation: Cleanup done
Event: 20.889 Executing VM operation: Cleanup
Event: 20.889 Executing VM operation: Cleanup done
Event: 22.758 Executing VM operation: Exit

Events (20 events):
Event: 14.687 Thread 0x00000250bbc4b440 Thread added: 0x00000250bbc4b440
Event: 14.784 Thread 0x00000250bbc4a000 Thread added: 0x00000250bbc4a000
Event: 14.784 Thread 0x00000250c597a240 Thread added: 0x00000250c597a240
Event: 14.818 Thread 0x00000250bbc4b440 Thread exited: 0x00000250bbc4b440
Event: 14.825 Thread 0x00000250c5979d30 Thread added: 0x00000250c5979d30
Event: 14.831 Thread 0x00000250c5979310 Thread added: 0x00000250c5979310
Event: 14.853 Thread 0x00000250c5976fa0 Thread added: 0x00000250c5976fa0
Event: 14.886 Thread 0x00000250c5979820 Thread added: 0x00000250c5979820
Event: 15.461 Thread 0x00000250c5979820 Thread exited: 0x00000250c5979820
Event: 15.461 Thread 0x00000250c5976fa0 Thread exited: 0x00000250c5976fa0
Event: 15.461 Thread 0x00000250c5979310 Thread exited: 0x00000250c5979310
Event: 15.485 Thread 0x00000250c5979d30 Thread exited: 0x00000250c5979d30
Event: 16.453 Thread 0x00000250c597a240 Thread exited: 0x00000250c597a240
Event: 17.461 Thread 0x00000250bbc4a000 Thread exited: 0x00000250bbc4a000
Event: 21.875 Thread 0x00000250bbc4b440 Thread added: 0x00000250bbc4b440
Event: 22.493 Thread 0x00000250bbc4b440 Thread exited: 0x00000250bbc4b440
Event: 22.758 Thread 0x00000250c679e3b0 Thread added: 0x00000250c679e3b0
Event: 22.758 Thread 0x00000250c679d540 Thread added: 0x00000250c679d540
Event: 22.758 Thread 0x00000250c679e3b0 Thread exited: 0x00000250c679e3b0
Event: 22.758 Thread 0x00000250c679d540 Thread exited: 0x00000250c679d540


Dynamic libraries:
0x00007ff74bcd0000 - 0x00007ff74bce0000 	C:\Program Files\Java\jdk-17.0.2\bin\java.exe
0x00007fff5fc40000 - 0x00007fff5fe49000 	C:\Windows\SYSTEM32\ntdll.dll
0x00007fff5ee00000 - 0x00007fff5eebd000 	C:\Windows\System32\KERNEL32.DLL
0x00007fff5d3f0000 - 0x00007fff5d769000 	C:\Windows\System32\KERNELBASE.dll
0x00007fff5d920000 - 0x00007fff5da31000 	C:\Windows\System32\ucrtbase.dll
0x00007fff59390000 - 0x00007fff593aa000 	C:\Program Files\Java\jdk-17.0.2\bin\VCRUNTIME140.dll
0x00007fff2ee80000 - 0x00007fff2ee98000 	C:\Program Files\Java\jdk-17.0.2\bin\jli.dll
0x00007fff5ec50000 - 0x00007fff5ecfe000 	C:\Windows\System32\ADVAPI32.dll
0x00007fff5eb10000 - 0x00007fff5ebb3000 	C:\Windows\System32\msvcrt.dll
0x00007fff5dd90000 - 0x00007fff5de2e000 	C:\Windows\System32\sechost.dll
0x00007fff5fa30000 - 0x00007fff5fb50000 	C:\Windows\System32\RPCRT4.dll
0x00007fff5de30000 - 0x00007fff5dfdc000 	C:\Windows\System32\USER32.dll
0x00007fff5d130000 - 0x00007fff5d156000 	C:\Windows\System32\win32u.dll
0x00007fff4b610000 - 0x00007fff4b8b5000 	C:\Windows\WinSxS\amd64_microsoft.windows.common-controls_6595b64144ccf1df_6.0.22000.120_none_9d947278b86cc467\COMCTL32.dll
0x00007fff5ea10000 - 0x00007fff5ea39000 	C:\Windows\System32\GDI32.dll
0x00007fff5d2d0000 - 0x00007fff5d3e2000 	C:\Windows\System32\gdi32full.dll
0x00007fff5da40000 - 0x00007fff5dadd000 	C:\Windows\System32\msvcp_win.dll
0x00007fff54ae0000 - 0x00007fff54aea000 	C:\Windows\SYSTEM32\VERSION.dll
0x00007fff5fbc0000 - 0x00007fff5fbf1000 	C:\Windows\System32\IMM32.DLL
0x00007fff59380000 - 0x00007fff5938c000 	C:\Program Files\Java\jdk-17.0.2\bin\vcruntime140_1.dll
0x00007fff49810000 - 0x00007fff4989d000 	C:\Program Files\Java\jdk-17.0.2\bin\msvcp140.dll
0x00007ffec7e10000 - 0x00007ffec89d1000 	C:\Program Files\Java\jdk-17.0.2\bin\server\jvm.dll
0x00007fff5f540000 - 0x00007fff5f548000 	C:\Windows\System32\PSAPI.DLL
0x00007fff55c20000 - 0x00007fff55c53000 	C:\Windows\SYSTEM32\WINMM.dll
0x00007fff59680000 - 0x00007fff59689000 	C:\Windows\SYSTEM32\WSOCK32.dll
0x00007fff5eec0000 - 0x00007fff5ef2f000 	C:\Windows\System32\WS2_32.dll
0x00007fff5c320000 - 0x00007fff5c338000 	C:\Windows\SYSTEM32\kernel.appcore.dll
0x00007fff592c0000 - 0x00007fff592ca000 	C:\Program Files\Java\jdk-17.0.2\bin\jimage.dll
0x00007fff5a7c0000 - 0x00007fff5a9e1000 	C:\Windows\SYSTEM32\DBGHELP.DLL
0x00007fff44ba0000 - 0x00007fff44bd1000 	C:\Windows\SYSTEM32\dbgcore.DLL
0x00007fff5d770000 - 0x00007fff5d7ef000 	C:\Windows\System32\bcryptPrimitives.dll
0x00007fff59310000 - 0x00007fff59335000 	C:\Program Files\Java\jdk-17.0.2\bin\java.dll
0x00007fff498a0000 - 0x00007fff49976000 	C:\Program Files\Java\jdk-17.0.2\bin\jsvml.dll
0x00007fff5e260000 - 0x00007fff5ea0f000 	C:\Windows\System32\SHELL32.dll
0x00007fff5b2b0000 - 0x00007fff5bb18000 	C:\Windows\SYSTEM32\windows.storage.dll
0x00007fff5f6b0000 - 0x00007fff5fa28000 	C:\Windows\System32\combase.dll
0x00007fff5b140000 - 0x00007fff5b2a6000 	C:\Windows\SYSTEM32\wintypes.dll
0x00007fff5dae0000 - 0x00007fff5dbca000 	C:\Windows\System32\SHCORE.dll
0x00007fff5dfe0000 - 0x00007fff5e03d000 	C:\Windows\System32\shlwapi.dll
0x00007fff5d060000 - 0x00007fff5d081000 	C:\Windows\SYSTEM32\profapi.dll
0x00007fff49fc0000 - 0x00007fff49fd9000 	C:\Program Files\Java\jdk-17.0.2\bin\net.dll
0x00007fff57820000 - 0x00007fff5792c000 	C:\Windows\SYSTEM32\WINHTTP.dll
0x00007fff5c750000 - 0x00007fff5c7b7000 	C:\Windows\system32\mswsock.dll
0x00007fff49fa0000 - 0x00007fff49fb6000 	C:\Program Files\Java\jdk-17.0.2\bin\nio.dll
0x00007fff49f80000 - 0x00007fff49f98000 	C:\Program Files\Java\jdk-17.0.2\bin\zip.dll
0x000002508fd20000 - 0x000002508fd23000 	C:\Program Files\Java\javafx-sdk-18.0.1\bin\api-ms-win-core-console-l1-1-0.dll
0x000002508fd30000 - 0x000002508fd33000 	C:\Program Files\Java\javafx-sdk-18.0.1\bin\api-ms-win-core-console-l1-2-0.dll
0x00000250b9f60000 - 0x00000250b9f63000 	C:\Program Files\Java\javafx-sdk-18.0.1\bin\api-ms-win-core-datetime-l1-1-0.dll
0x00000250b9f70000 - 0x00000250b9f73000 	C:\Program Files\Java\javafx-sdk-18.0.1\bin\api-ms-win-core-debug-l1-1-0.dll
0x00000250b9f80000 - 0x00000250b9f83000 	C:\Program Files\Java\javafx-sdk-18.0.1\bin\api-ms-win-core-errorhandling-l1-1-0.dll
0x00000250b9f90000 - 0x00000250b9f94000 	C:\Program Files\Java\javafx-sdk-18.0.1\bin\api-ms-win-core-file-l1-1-0.dll
0x00000250b9fa0000 - 0x00000250b9fa3000 	C:\Program Files\Java\javafx-sdk-18.0.1\bin\api-ms-win-core-file-l1-2-0.dll
0x00000250b9fb0000 - 0x00000250b9fb3000 	C:\Program Files\Java\javafx-sdk-18.0.1\bin\api-ms-win-core-file-l2-1-0.dll
0x00000250b9fc0000 - 0x00000250b9fc3000 	C:\Program Files\Java\javafx-sdk-18.0.1\bin\api-ms-win-core-handle-l1-1-0.dll
0x00000250b9fd0000 - 0x00000250b9fd3000 	C:\Program Files\Java\javafx-sdk-18.0.1\bin\api-ms-win-core-heap-l1-1-0.dll
0x00000250b9fe0000 - 0x00000250b9fe3000 	C:\Program Files\Java\javafx-sdk-18.0.1\bin\api-ms-win-core-interlocked-l1-1-0.dll
0x00000250b9ff0000 - 0x00000250b9ff3000 	C:\Program Files\Java\javafx-sdk-18.0.1\bin\api-ms-win-core-libraryloader-l1-1-0.dll
0x00000250bc500000 - 0x00000250bc503000 	C:\Program Files\Java\javafx-sdk-18.0.1\bin\api-ms-win-core-localization-l1-2-0.dll
0x00000250bc510000 - 0x00000250bc513000 	C:\Program Files\Java\javafx-sdk-18.0.1\bin\api-ms-win-core-memory-l1-1-0.dll
0x00000250bc520000 - 0x00000250bc523000 	C:\Program Files\Java\javafx-sdk-18.0.1\bin\api-ms-win-core-namedpipe-l1-1-0.dll
0x00000250bc530000 - 0x00000250bc533000 	C:\Program Files\Java\javafx-sdk-18.0.1\bin\api-ms-win-core-processenvironment-l1-1-0.dll
0x00000250bc540000 - 0x00000250bc543000 	C:\Program Files\Java\javafx-sdk-18.0.1\bin\api-ms-win-core-processthreads-l1-1-0.dll
0x00000250bc550000 - 0x00000250bc553000 	C:\Program Files\Java\javafx-sdk-18.0.1\bin\api-ms-win-core-processthreads-l1-1-1.dll
0x00000250bc560000 - 0x00000250bc563000 	C:\Program Files\Java\javafx-sdk-18.0.1\bin\api-ms-win-core-profile-l1-1-0.dll
0x00000250bc570000 - 0x00000250bc573000 	C:\Program Files\Java\javafx-sdk-18.0.1\bin\api-ms-win-core-rtlsupport-l1-1-0.dll
0x00000250bc580000 - 0x00000250bc583000 	C:\Program Files\Java\javafx-sdk-18.0.1\bin\api-ms-win-core-string-l1-1-0.dll
0x00000250bc590000 - 0x00000250bc593000 	C:\Program Files\Java\javafx-sdk-18.0.1\bin\api-ms-win-core-synch-l1-1-0.dll
0x00000250bc5a0000 - 0x00000250bc5a3000 	C:\Program Files\Java\javafx-sdk-18.0.1\bin\api-ms-win-core-synch-l1-2-0.dll
0x00000250bc5b0000 - 0x00000250bc5b3000 	C:\Program Files\Java\javafx-sdk-18.0.1\bin\api-ms-win-core-sysinfo-l1-1-0.dll
0x00000250bc5c0000 - 0x00000250bc5c3000 	C:\Program Files\Java\javafx-sdk-18.0.1\bin\api-ms-win-core-timezone-l1-1-0.dll
0x00000250bc5d0000 - 0x00000250bc5d3000 	C:\Program Files\Java\javafx-sdk-18.0.1\bin\api-ms-win-core-util-l1-1-0.dll
0x00000250bc5e0000 - 0x00000250bc5e3000 	C:\Program Files\Java\javafx-sdk-18.0.1\bin\api-ms-win-crt-conio-l1-1-0.dll
0x00000250bc5f0000 - 0x00000250bc5f4000 	C:\Program Files\Java\javafx-sdk-18.0.1\bin\api-ms-win-crt-convert-l1-1-0.dll
0x00000250bc600000 - 0x00000250bc603000 	C:\Program Files\Java\javafx-sdk-18.0.1\bin\api-ms-win-crt-environment-l1-1-0.dll
0x00000250bc610000 - 0x00000250bc613000 	C:\Program Files\Java\javafx-sdk-18.0.1\bin\api-ms-win-crt-filesystem-l1-1-0.dll
0x00000250bc620000 - 0x00000250bc623000 	C:\Program Files\Java\javafx-sdk-18.0.1\bin\api-ms-win-crt-heap-l1-1-0.dll
0x00000250bc630000 - 0x00000250bc633000 	C:\Program Files\Java\javafx-sdk-18.0.1\bin\api-ms-win-crt-locale-l1-1-0.dll
0x00000250bc640000 - 0x00000250bc645000 	C:\Program Files\Java\javafx-sdk-18.0.1\bin\api-ms-win-crt-math-l1-1-0.dll
0x00000250bc650000 - 0x00000250bc655000 	C:\Program Files\Java\javafx-sdk-18.0.1\bin\api-ms-win-crt-multibyte-l1-1-0.dll
0x00000250bc660000 - 0x00000250bc670000 	C:\Program Files\Java\javafx-sdk-18.0.1\bin\api-ms-win-crt-private-l1-1-0.dll
0x00000250bc670000 - 0x00000250bc673000 	C:\Program Files\Java\javafx-sdk-18.0.1\bin\api-ms-win-crt-process-l1-1-0.dll
0x00000250bc680000 - 0x00000250bc684000 	C:\Program Files\Java\javafx-sdk-18.0.1\bin\api-ms-win-crt-runtime-l1-1-0.dll
0x00000250bc690000 - 0x00000250bc694000 	C:\Program Files\Java\javafx-sdk-18.0.1\bin\api-ms-win-crt-stdio-l1-1-0.dll
0x00000250bc6a0000 - 0x00000250bc6a4000 	C:\Program Files\Java\javafx-sdk-18.0.1\bin\api-ms-win-crt-string-l1-1-0.dll
0x00000250bc6b0000 - 0x00000250bc6b3000 	C:\Program Files\Java\javafx-sdk-18.0.1\bin\api-ms-win-crt-time-l1-1-0.dll
0x00000250bc6c0000 - 0x00000250bc6c3000 	C:\Program Files\Java\javafx-sdk-18.0.1\bin\api-ms-win-crt-utility-l1-1-0.dll
0x00007ffec0320000 - 0x00007ffec041c000 	C:\Program Files\Java\javafx-sdk-18.0.1\bin\ucrtbase.dll
0x00007fff2b5f0000 - 0x00007fff2b60a000 	C:\Program Files\Java\javafx-sdk-18.0.1\bin\vcruntime140.dll
0x00007fff497e0000 - 0x00007fff497ec000 	C:\Program Files\Java\javafx-sdk-18.0.1\bin\vcruntime140_1.dll
0x00007ffec70b0000 - 0x00007ffec713d000 	C:\Program Files\Java\javafx-sdk-18.0.1\bin\msvcp140.dll
0x00007ffed7a80000 - 0x00007ffed7aac000 	C:\Program Files\Java\javafx-sdk-18.0.1\bin\prism_d3d.dll
0x00007fff521e0000 - 0x00007fff52386000 	C:\Windows\system32\d3d9.dll
0x00007fff5ad70000 - 0x00007fff5ad9f000 	C:\Windows\SYSTEM32\dwmapi.dll
0x00007fff5a6a0000 - 0x00007fff5a6d8000 	C:\Windows\SYSTEM32\dxcore.dll
0x00007fff5a380000 - 0x00007fff5a42c000 	C:\Windows\system32\uxtheme.dll
0x00007fff532b0000 - 0x00007fff533b7000 	C:\Windows\System32\DriverStore\FileRepository\nvltig.inf_amd64_ce837e92efe9cbc4\nvldumdx.dll
0x00007fff5c9f0000 - 0x00007fff5ca02000 	C:\Windows\SYSTEM32\msasn1.dll
0x00007fff54980000 - 0x00007fff549b1000 	C:\Windows\SYSTEM32\cryptnet.dll
0x00007fff5d160000 - 0x00007fff5d2c2000 	C:\Windows\System32\CRYPT32.dll
0x00007fff52f50000 - 0x00007fff53099000 	C:\Windows\SYSTEM32\drvstore.dll
0x00007fff5ce50000 - 0x00007fff5ce7c000 	C:\Windows\SYSTEM32\devobj.dll
0x00007fff5ce00000 - 0x00007fff5ce4c000 	C:\Windows\SYSTEM32\cfgmgr32.dll
0x00007fff5ca60000 - 0x00007fff5ca9d000 	C:\Windows\SYSTEM32\wldp.dll
0x00007fff5c990000 - 0x00007fff5c99c000 	C:\Windows\SYSTEM32\cryptbase.dll
0x00007fff5d8b0000 - 0x00007fff5d917000 	C:\Windows\System32\WINTRUST.DLL
0x00007fff5eaf0000 - 0x00007fff5eb0f000 	C:\Windows\System32\imagehlp.dll
0x00007fff5c9a0000 - 0x00007fff5c9b8000 	C:\Windows\SYSTEM32\CRYPTSP.dll
0x00007fff5c280000 - 0x00007fff5c2b5000 	C:\Windows\system32\rsaenh.dll
0x00007fff5cb10000 - 0x00007fff5cb37000 	C:\Windows\SYSTEM32\bcrypt.dll
0x00007ffee0330000 - 0x00007ffee1ab8000 	C:\Windows\System32\DriverStore\FileRepository\nvltig.inf_amd64_ce837e92efe9cbc4\nvd3dumx.dll
0x00007fff56f80000 - 0x00007fff56fc4000 	C:\Windows\SYSTEM32\directxdatabasehelper.dll
0x00007fff5aa10000 - 0x00007fff5aa44000 	C:\Windows\SYSTEM32\ntmarta.dll
0x00007ffec5f50000 - 0x00007ffec5f92000 	C:\Program Files\Java\javafx-sdk-18.0.1\bin\glass.dll
0x00007fff5ed00000 - 0x00007fff5edec000 	C:\Windows\System32\COMDLG32.dll
0x00007fff5ef30000 - 0x00007fff5f0ca000 	C:\Windows\System32\ole32.dll
0x00007fff5f550000 - 0x00007fff5f626000 	C:\Windows\System32\OLEAUT32.dll
0x00007fff5dc10000 - 0x00007fff5dd2e000 	C:\Windows\System32\MSCTF.dll
0x00007ffee2240000 - 0x00007ffee2503000 	C:\Windows\system32\nvspcap64.dll
0x00007fff5c7e0000 - 0x00007fff5c804000 	C:\Windows\SYSTEM32\gpapi.dll
0x00007fff22340000 - 0x00007fff22354000 	C:\Program Files\Java\javafx-sdk-18.0.1\bin\javafx_font.dll
0x00007fff37e10000 - 0x00007fff3806f000 	C:\Windows\SYSTEM32\dwrite.dll
0x00007fff5ea40000 - 0x00007fff5eaef000 	C:\Windows\System32\clbcatq.dll
0x00007fff54af0000 - 0x00007fff54c9e000 	C:\Windows\SYSTEM32\WindowsCodecs.dll
0x00007fff36300000 - 0x00007fff3635d000 	C:\Windows\system32\dataexchange.dll
0x00007fff53ce0000 - 0x00007fff53f46000 	C:\Windows\system32\twinapi.appcore.dll
0x00007fff35fe0000 - 0x00007fff36012000 	C:\Program Files\Common Files\Microsoft Shared\Ink\rtscom.dll
0x00007fff3f140000 - 0x00007fff3f26d000 	C:\Windows\SYSTEM32\textinputframework.dll
0x00007fff59fa0000 - 0x00007fff5a0d2000 	C:\Windows\SYSTEM32\CoreMessaging.dll

dbghelp: loaded successfully - version: 4.0.5 - missing functions: none
symbol engine: initialized successfully - sym options: 0x614 - pdb path: .;C:\Program Files\Java\jdk-17.0.2\bin;C:\Windows\SYSTEM32;C:\Windows\WinSxS\amd64_microsoft.windows.common-controls_6595b64144ccf1df_6.0.22000.120_none_9d947278b86cc467;C:\Program Files\Java\jdk-17.0.2\bin\server;C:\Program Files\Java\javafx-sdk-18.0.1\bin;C:\Windows\System32\DriverStore\FileRepository\nvltig.inf_amd64_ce837e92efe9cbc4;C:\Program Files\Common Files\Microsoft Shared\Ink

VM Arguments:
jvm_args: -Dfile.encoding=UTF-8 --add-modules=javafx.controls,javafx.fxml --module-path=C:\Users\juanc\OneDrive\Documentos\Universidad 3\POO\SEATORA\build\classes;C:\Program Files\Java\javafx-sdk-18.0.1\lib\javafx-swt.jar;C:\Program Files\Java\javafx-sdk-18.0.1\lib\javafx.base.jar;C:\Program Files\Java\javafx-sdk-18.0.1\lib\javafx.controls.jar;C:\Program Files\Java\javafx-sdk-18.0.1\lib\javafx.fxml.jar;C:\Program Files\Java\javafx-sdk-18.0.1\lib\javafx.graphics.jar;C:\Program Files\Java\javafx-sdk-18.0.1\lib\javafx.media.jar;C:\Program Files\Java\javafx-sdk-18.0.1\lib\javafx.swing.jar;C:\Program Files\Java\javafx-sdk-18.0.1\lib\javafx.web.jar 
java_command: start.Seatora
java_class_path (initial): C:\Program Files\Java\javafx-sdk-18.0.1\lib\javafx-swt.jar;C:\Program Files\Java\javafx-sdk-18.0.1\lib\javafx.base.jar;C:\Program Files\Java\javafx-sdk-18.0.1\lib\javafx.controls.jar;C:\Program Files\Java\javafx-sdk-18.0.1\lib\javafx.fxml.jar;C:\Program Files\Java\javafx-sdk-18.0.1\lib\javafx.graphics.jar;C:\Program Files\Java\javafx-sdk-18.0.1\lib\javafx.media.jar;C:\Program Files\Java\javafx-sdk-18.0.1\lib\javafx.swing.jar;C:\Program Files\Java\javafx-sdk-18.0.1\lib\javafx.web.jar;C:\Users\juanc\OneDrive\Documentos\Universidad 3\POO\SEATORA\build\classes
Launcher Type: SUN_STANDARD

[Global flags]
     intx CICompilerCount                          = 12                                        {product} {ergonomic}
     uint ConcGCThreads                            = 3                                         {product} {ergonomic}
     uint G1ConcRefinementThreads                  = 13                                        {product} {ergonomic}
   size_t G1HeapRegionSize                         = 4194304                                   {product} {ergonomic}
    uintx GCDrainStackTargetSize                   = 64                                        {product} {ergonomic}
   size_t InitialHeapSize                          = 402653184                                 {product} {ergonomic}
   size_t MarkStackSize                            = 4194304                                   {product} {ergonomic}
   size_t MaxHeapSize                              = 6404702208                                {product} {ergonomic}
   size_t MaxNewSize                               = 3841982464                                {product} {ergonomic}
   size_t MinHeapDeltaBytes                        = 4194304                                   {product} {ergonomic}
   size_t MinHeapSize                              = 8388608                                   {product} {ergonomic}
    uintx NonNMethodCodeHeapSize                   = 7602480                                {pd product} {ergonomic}
    uintx NonProfiledCodeHeapSize                  = 122027880                              {pd product} {ergonomic}
    uintx ProfiledCodeHeapSize                     = 122027880                              {pd product} {ergonomic}
    uintx ReservedCodeCacheSize                    = 251658240                              {pd product} {ergonomic}
     bool SegmentedCodeCache                       = true                                      {product} {ergonomic}
   size_t SoftMaxHeapSize                          = 6404702208                             {manageable} {ergonomic}
     bool UseCompressedClassPointers               = true                           {product lp64_product} {ergonomic}
     bool UseCompressedOops                        = true                           {product lp64_product} {ergonomic}
     bool UseG1GC                                  = true                                      {product} {ergonomic}
     bool UseLargePagesIndividualAllocation        = false                                  {pd product} {ergonomic}

Logging:
Log output configuration:
 #0: stdout all=off uptime,level,tags
 #1: stderr all=off uptime,level,tags

Environment Variables:
PATH=C:\Program Files\Common Files\Oracle\Java\javapath;C:\Program Files (x86)\Common Files\Oracle\Java\javapath;C:\Windows\system32;C:\Windows;C:\Windows\System32\Wbem;C:\Windows\System32\WindowsPowerShell\v1.0\;C:\Windows\System32\OpenSSH\;C:\Program Files (x86)\NVIDIA Corporation\PhysX\Common;C:\Program Files\NVIDIA Corporation\NVIDIA NvDLISR;C:\Users\juanc\AppData\Local\Microsoft\WindowsApps;;C:\Users\juanc\AppData\Local\Programs\Microsoft VS Code\bin
USERNAME=juanc
OS=Windows_NT
PROCESSOR_IDENTIFIER=AMD64 Family 25 Model 80 Stepping 0, AuthenticAMD



---------------  S Y S T E M  ---------------

OS:
 Windows 11 , 64 bit Build 22000 (10.0.22000.675)
OS uptime: 0 days 7:39 hours

CPU: total 16 (initial active 16) (16 cores per cpu, 2 threads per core) family 25 model 80 stepping 0 microcode 0x0, cx8, cmov, fxsr, ht, mmx, 3dnowpref, sse, sse2, sse3, ssse3, sse4a, sse4.1, sse4.2, popcnt, lzcnt, tsc, tscinvbit, avx, avx2, aes, erms, clmul, bmi1, bmi2, adx, sha, fma, vzeroupper, clflush, clflushopt

Memory: 4k page, system-wide physical 24428M (14760M free)
TotalPageFile size 28012M (AvailPageFile size 12457M)
current process WorkingSet (physical memory assigned to process): 200M, peak: 261M
current process commit charge ("private bytes"): 657M, peak: 711M

vm_info: Java HotSpot(TM) 64-Bit Server VM (17.0.2+8-LTS-86) for windows-amd64 JRE (17.0.2+8-LTS-86), built on Dec  7 2021 21:51:03 by "mach5one" with MS VC++ 16.8 / 16.9 (VS2019)

END.
