#
# A fatal error has been detected by the Java Runtime Environment:
#
#  EXCEPTION_ACCESS_VIOLATION (0xc0000005) at pc=0x00007ffed98762d7, pid=7644, tid=17608
#
# JRE version: Java(TM) SE Runtime Environment (17.0.2+8) (build 17.0.2+8-LTS-86)
# Java VM: Java HotSpot(TM) 64-Bit Server VM (17.0.2+8-LTS-86, mixed mode, sharing, tiered, compressed oops, compressed class ptrs, g1 gc, windows-amd64)
# Problematic frame:
# C  [glass.dll+0x262d7]
#
# No core dump will be written. Minidumps are not enabled by default on client versions of Windows
#
# If you would like to submit a bug report, please visit:
#   https://bugreport.java.com/bugreport/crash.jsp
#

---------------  S U M M A R Y ------------

Command Line: -Dfile.encoding=UTF-8 --add-modules=javafx.controls,javafx.fxml --module-path=C:\Users\juanc\OneDrive\Documentos\Universidad 3\POO\SEATORA\build\classes;C:\Program Files\Java\javafx-sdk-18.0.1\lib\javafx-swt.jar;C:\Program Files\Java\javafx-sdk-18.0.1\lib\javafx.base.jar;C:\Program Files\Java\javafx-sdk-18.0.1\lib\javafx.controls.jar;C:\Program Files\Java\javafx-sdk-18.0.1\lib\javafx.fxml.jar;C:\Program Files\Java\javafx-sdk-18.0.1\lib\javafx.graphics.jar;C:\Program Files\Java\javafx-sdk-18.0.1\lib\javafx.media.jar;C:\Program Files\Java\javafx-sdk-18.0.1\lib\javafx.swing.jar;C:\Program Files\Java\javafx-sdk-18.0.1\lib\javafx.web.jar start.Seatora

Host: AMD Ryzen 7 5800H with Radeon Graphics         , 16 cores, 23G,  Windows 11 , 64 bit Build 22000 (10.0.22000.675)
Time: Wed May 25 09:43:46 2022 Hora est. Pacífico, Sudamérica elapsed time: 14.530905 seconds (0d 0h 0m 14s)

---------------  T H R E A D  ---------------

Current thread (0x0000024c7737f1d0):  VMThread "VM Thread" [stack: 0x000000915d000000,0x000000915d100000] [id=17608]

Stack: [0x000000915d000000,0x000000915d100000],  sp=0x000000915d0ff1e0,  free space=1020k
Native frames: (J=compiled Java code, j=interpreted, Vv=VM code, C=native code)
C  [glass.dll+0x262d7]


siginfo: EXCEPTION_ACCESS_VIOLATION (0xc0000005), reading address 0x0000000000000000


Register to memory mapping:

RIP=0x00007ffed98762d7 glass.dll
RAX=0x0 is NULL
RBX=0x0000024c77387cf0 is a global jni handle
RCX=0x0000024c7737f1d0 points into unknown readable memory: 0x00007ffec878e890 | 90 e8 78 c8 fe 7f 00 00
RDX=0x000000915d0ff1e0 points into unknown readable memory: 0x0000000000000000 | 00 00 00 00 00 00 00 00
RSP=0x000000915d0ff1e0 points into unknown readable memory: 0x0000000000000000 | 00 00 00 00 00 00 00 00
RBP=0x0000024c78d04b68 points into unknown readable memory: 0x00002680dc66bc60 | 60 bc 66 dc 80 26 00 00
RSI=0x0000024c78d04b40 points into unknown readable memory: 0xd987105cdc66c39e | 9e c3 66 dc 5c 10 87 d9
RDI=0x00002680dc66bc60 is an unknown value
R8 =0x0000000000010002 is an unknown value
R9 =0x00002680dc66bc60 is an unknown value
R10=0x85f13e9656da4870 is an unknown value
R11=0x000000915d0ff170 points into unknown readable memory: 0x0000024c78d04b40 | 40 4b d0 78 4c 02 00 00
R12=0x00007ffed9873bc4 glass.dll
R13=0x00007ffec89349d0 jvm.dll
R14=0x000000915d0ff2e8 points into unknown readable memory: 0x000000915d0ff2d0 | d0 f2 0f 5d 91 00 00 00
R15=0x0000024c78d04b40 points into unknown readable memory: 0xd987105cdc66c39e | 9e c3 66 dc 5c 10 87 d9


Registers:
RAX=0x0000000000000000, RBX=0x0000024c77387cf0, RCX=0x0000024c7737f1d0, RDX=0x000000915d0ff1e0
RSP=0x000000915d0ff1e0, RBP=0x0000024c78d04b68, RSI=0x0000024c78d04b40, RDI=0x00002680dc66bc60
R8 =0x0000000000010002, R9 =0x00002680dc66bc60, R10=0x85f13e9656da4870, R11=0x000000915d0ff170
R12=0x00007ffed9873bc4, R13=0x00007ffec89349d0, R14=0x000000915d0ff2e8, R15=0x0000024c78d04b40
RIP=0x00007ffed98762d7, EFLAGS=0x0000000000010206

Top of Stack: (sp=0x000000915d0ff1e0)
0x000000915d0ff1e0:   0000000000000000 0000024c78d04b40
0x000000915d0ff1f0:   00007ffec89349d0 00007ffed9873bc4
0x000000915d0ff200:   0000024c78d04b48 00007fff5d93bea0
0x000000915d0ff210:   00002680dc66bc60 0000024c00000000
0x000000915d0ff220:   0000024c78d04b68 0000024c78d04b40
0x000000915d0ff230:   fffffffffffffffe 0000000000000000
0x000000915d0ff240:   0000000000000001 00007ffed9850000
0x000000915d0ff250:   000000915d0ff2d8 00007fff5d93bdb7
0x000000915d0ff260:   0000000000000000 000000915d0ff2e8
0x000000915d0ff270:   000000915d0ff5c0 00007fff5da212b0
0x000000915d0ff280:   0000000000000001 00007fff5d93bd6d
0x000000915d0ff290:   0000000000000000 0000000000000001
0x000000915d0ff2a0:   0000000000000000 000000915d0ff2d8
0x000000915d0ff2b0:   fffffffffffffffe 0000009100000000
0x000000915d0ff2c0:   ffffffff00000001 00007ffed9873a51
0x000000915d0ff2d0:   00007ffed9889f88 00007ffe00000002 

Instructions: (pc=0x00007ffed98762d7)
0x00007ffed98761d7:   8b 4d 58 e8 2d cf ff ff 48 8b 4d 60 e8 24 cf ff
0x00007ffed98761e7:   ff 48 8b 95 80 00 00 00 48 8b 8d 18 01 00 00 e8
0x00007ffed98761f7:   16 c4 ff ff 33 d2 33 c9 e8 5c e1 ff ff 90 48 89
0x00007ffed9876207:   54 24 10 55 48 83 ec 20 48 8b ea 48 b8 00 00 00
0x00007ffed9876217:   00 00 00 00 00 48 83 c4 20 5d c3 cc 40 55 48 8b
0x00007ffed9876227:   ea 48 8b 01 33 c9 81 38 05 00 00 c0 0f 94 c1 8b
0x00007ffed9876237:   c1 5d c3 cc 40 55 48 83 ec 20 48 8b ea 8a 4d 40
0x00007ffed9876247:   48 83 c4 20 5d e9 17 d3 ff ff cc 40 55 48 83 ec
0x00007ffed9876257:   20 48 8b ea 8a 4d 20 e8 05 d3 ff ff 90 48 83 c4
0x00007ffed9876267:   20 5d c3 cc 40 55 48 83 ec 20 48 8b ea 48 83 c4
0x00007ffed9876277:   20 5d e9 66 d1 ff ff cc 40 55 48 83 ec 30 48 8b
0x00007ffed9876287:   ea 48 8b 01 8b 10 48 89 4c 24 28 89 54 24 20 4c
0x00007ffed9876297:   8d 0d 07 d6 ff ff 4c 8b 45 70 8b 55 68 48 8b 4d
0x00007ffed98762a7:   60 e8 a7 d0 ff ff 90 48 83 c4 30 5d c3 cc cc cc
0x00007ffed98762b7:   cc cc cc cc cc cc cc cc cc 40 53 48 83 ec 20 48
0x00007ffed98762c7:   8b 1d bb 36 01 00 48 85 db 74 16 e8 59 8b ff ff
0x00007ffed98762d7:   4c 8b 00 48 8b d3 48 8b c8 41 ff 90 b0 00 00 00
0x00007ffed98762e7:   90 48 83 c4 20 5b c3 cc cc 40 53 48 83 ec 20 48
0x00007ffed98762f7:   8b 1d 2b 38 01 00 48 85 db 74 57 b8 ff ff ff ff
0x00007ffed9876307:   f0 0f c1 43 10 83 f8 01 75 3d 48 85 db 74 38 48
0x00007ffed9876317:   8b 0b 48 85 c9 74 0d ff 15 84 0f 00 00 48 c7 03
0x00007ffed9876327:   00 00 00 00 48 8b 4b 08 48 85 c9 74 0d e8 d3 cd
0x00007ffed9876337:   ff ff 48 c7 43 08 00 00 00 00 ba 18 00 00 00 48
0x00007ffed9876347:   8b cb e8 be cd ff ff 48 c7 05 cf 37 01 00 00 00
0x00007ffed9876357:   00 00 48 83 c4 20 5b c3 cc 40 53 48 83 ec 20 48
0x00007ffed9876367:   8b 1d 9b 37 01 00 48 85 db 74 57 b8 ff ff ff ff
0x00007ffed9876377:   f0 0f c1 43 10 83 f8 01 75 3d 48 85 db 74 38 48
0x00007ffed9876387:   8b 0b 48 85 c9 74 0d ff 15 14 0f 00 00 48 c7 03
0x00007ffed9876397:   00 00 00 00 48 8b 4b 08 48 85 c9 74 0d e8 63 cd
0x00007ffed98763a7:   ff ff 48 c7 43 08 00 00 00 00 ba 18 00 00 00 48
0x00007ffed98763b7:   8b cb e8 4e cd ff ff 48 c7 05 3f 37 01 00 00 00
0x00007ffed98763c7:   00 00 48 83 c4 20 5b c3 cc 40 53 48 83 ec 20 48 


Stack slot to memory mapping:
stack at sp + 0 slots: 0x0 is NULL
stack at sp + 1 slots: 0x0000024c78d04b40 points into unknown readable memory: 0xd987105cdc66c39e | 9e c3 66 dc 5c 10 87 d9
stack at sp + 2 slots: 0x00007ffec89349d0 jvm.dll
stack at sp + 3 slots: 0x00007ffed9873bc4 glass.dll
stack at sp + 4 slots: 0x0000024c78d04b48 points into unknown readable memory: 0x00002680dc66bc60 | 60 bc 66 dc 80 26 00 00
stack at sp + 5 slots: 0x00007fff5d93bea0 ucrtbase.dll
stack at sp + 6 slots: 0x00002680dc66bc60 is an unknown value
stack at sp + 7 slots: 0x0000024c00000000 points into unknown readable memory: 0x43b28000443bc000 | 00 c0 3b 44 00 80 b2 43

VM_Operation (0x000000915e9efcb0): Exit, mode: safepoint, requested by thread 0x0000024c78b08410


---------------  P R O C E S S  ---------------

Threads class SMR info:
_java_thread_list=0x0000024c099b3360, length=20, elements={
0x0000024c4f05df60, 0x0000024c77382cc0, 0x0000024c77385d40, 0x0000024c77398cb0,
0x0000024c77399660, 0x0000024c7739a010, 0x0000024c7739a9c0, 0x0000024c7739b750,
0x0000024c7739f6f0, 0x0000024c773b3a80, 0x0000024c77e20e60, 0x0000024c78f27060,
0x0000024c78f1a400, 0x0000024c7811b8d0, 0x0000024c78b08410, 0x0000024c79278c60,
0x0000024c79281ef0, 0x0000024c0271a3b0, 0x0000024c028fe230, 0x0000024c77e31160
}

Java Threads: ( => current thread )
  0x0000024c4f05df60 JavaThread "main" [_thread_blocked, id=20148, stack(0x000000915ca00000,0x000000915cb00000)]
  0x0000024c77382cc0 JavaThread "Reference Handler" daemon [_thread_blocked, id=12544, stack(0x000000915d100000,0x000000915d200000)]
  0x0000024c77385d40 JavaThread "Finalizer" daemon [_thread_blocked, id=10244, stack(0x000000915d200000,0x000000915d300000)]
  0x0000024c77398cb0 JavaThread "Signal Dispatcher" daemon [_thread_blocked, id=12736, stack(0x000000915d300000,0x000000915d400000)]
  0x0000024c77399660 JavaThread "Attach Listener" daemon [_thread_blocked, id=18596, stack(0x000000915d400000,0x000000915d500000)]
  0x0000024c7739a010 JavaThread "Service Thread" daemon [_thread_blocked, id=12048, stack(0x000000915d500000,0x000000915d600000)]
  0x0000024c7739a9c0 JavaThread "Monitor Deflation Thread" daemon [_thread_blocked, id=11484, stack(0x000000915d600000,0x000000915d700000)]
  0x0000024c7739b750 JavaThread "C2 CompilerThread0" daemon [_thread_blocked, id=6396, stack(0x000000915d700000,0x000000915d800000)]
  0x0000024c7739f6f0 JavaThread "C1 CompilerThread0" daemon [_thread_blocked, id=16812, stack(0x000000915d800000,0x000000915d900000)]
  0x0000024c773b3a80 JavaThread "Sweeper thread" daemon [_thread_blocked, id=13440, stack(0x000000915d900000,0x000000915da00000)]
  0x0000024c77e20e60 JavaThread "Common-Cleaner" daemon [_thread_blocked, id=12232, stack(0x000000915db00000,0x000000915dc00000)]
  0x0000024c78f27060 JavaThread "Notification Thread" daemon [_thread_blocked, id=4236, stack(0x000000915e400000,0x000000915e500000)]
  0x0000024c78f1a400 JavaThread "QuantumRenderer-0" daemon [_thread_blocked, id=20156, stack(0x000000915e600000,0x000000915e700000)]
  0x0000024c7811b8d0 JavaThread "InvokeLaterDispatcher" daemon [_thread_blocked, id=20372, stack(0x000000915e800000,0x000000915e900000)]
  0x0000024c78b08410 JavaThread "JavaFX Application Thread" [_thread_blocked, id=14904, stack(0x000000915e900000,0x000000915ea00000)]
  0x0000024c79278c60 JavaThread "JavaFX-Launcher" [_thread_blocked, id=18676, stack(0x000000915e300000,0x000000915e400000)]
  0x0000024c79281ef0 JavaThread "Thread-2" daemon [_thread_in_native, id=12700, stack(0x000000915e200000,0x000000915e300000)]
  0x0000024c0271a3b0 JavaThread "Prism Font Disposer" daemon [_thread_blocked, id=6168, stack(0x000000915e100000,0x000000915e200000)]
  0x0000024c028fe230 JavaThread "Cleaner-0" daemon [_thread_blocked, id=19696, stack(0x000000915f780000,0x000000915f880000)]
  0x0000024c77e31160 JavaThread "C1 CompilerThread1" daemon [_thread_blocked, id=5836, stack(0x000000915da00000,0x000000915db00000)]

Other Threads:
=>0x0000024c7737f1d0 VMThread "VM Thread" [stack: 0x000000915d000000,0x000000915d100000] [id=17608]
  0x0000024c4f0bfce0 GCTaskThread "GC Thread#0" [stack: 0x000000915cb00000,0x000000915cc00000] [id=15264]
  0x0000024c7925ab40 GCTaskThread "GC Thread#1" [stack: 0x000000915eb00000,0x000000915ec00000] [id=17768]
  0x0000024c792843d0 GCTaskThread "GC Thread#2" [stack: 0x000000915ec00000,0x000000915ed00000] [id=11068]
  0x0000024c792de850 GCTaskThread "GC Thread#3" [stack: 0x000000915ed00000,0x000000915ee00000] [id=2588]
  0x0000024c792df310 GCTaskThread "GC Thread#4" [stack: 0x000000915ee00000,0x000000915ef00000] [id=19324]
  0x0000024c792f7030 GCTaskThread "GC Thread#5" [stack: 0x000000915ef00000,0x000000915f000000] [id=5528]
  0x0000024c792ff700 GCTaskThread "GC Thread#6" [stack: 0x000000915f000000,0x000000915f100000] [id=18204]
  0x0000024c792ff9b0 GCTaskThread "GC Thread#7" [stack: 0x000000915f100000,0x000000915f200000] [id=19308]
  0x0000024c79300070 GCTaskThread "GC Thread#8" [stack: 0x000000915f200000,0x000000915f300000] [id=20116]
  0x0000024c795a5330 GCTaskThread "GC Thread#9" [stack: 0x000000915df00000,0x000000915e000000] [id=3452]
  0x0000024c4f0cc9f0 ConcurrentGCThread "G1 Main Marker" terminated
  0x0000024c4f0cdaa0 ConcurrentGCThread "G1 Conc#0" [stack: 0x000000915cd00000,0x000000915ce00000] [id=3128]
  0x0000024c4f138040 ConcurrentGCThread "G1 Refine#0" terminated
  0x0000024c78c75de0 ConcurrentGCThread "G1 Refine#1" terminated
  0x0000024c4f138960 ConcurrentGCThread "G1 Service" terminated

Threads with active compile tasks:

VM state: at safepoint (shutting down)

VM Mutex/Monitor currently owned by a thread:  ([mutex/lock_event])
[0x0000024c4f05a480] Threads_lock - owner thread: 0x0000024c7737f1d0
[0x0000024c4f05abd0] Heap_lock - owner thread: 0x0000024c78b08410

Heap address: 0x0000000682400000, size: 6108 MB, Compressed Oops mode: Zero based, Oop shift amount: 3

CDS archive(s) mapped at: [0x0000000800000000-0x0000000800bc0000-0x0000000800bc0000), size 12320768, SharedBaseAddress: 0x0000000800000000, ArchiveRelocationMode: 0.
Compressed class space mapped at: 0x0000000800c00000-0x0000000840c00000, reserved size: 1073741824
Narrow klass base: 0x0000000800000000, Narrow klass shift: 0, Narrow klass range: 0x100000000

GC Precious Log:
 CPUs: 16 total, 16 available
 Memory: 24428M
 Large Page Support: Disabled
 NUMA Support: Disabled
 Compressed Oops: Enabled (Zero based)
 Heap Region Size: 4M
 Heap Min Capacity: 8M
 Heap Initial Capacity: 384M
 Heap Max Capacity: 6108M
 Pre-touch: Disabled
 Parallel Workers: 13
 Concurrent Workers: 3
 Concurrent Refinement Workers: 13
 Periodic GC: Disabled

Heap:
 garbage-first heap   total 393216K, used 46164K [0x0000000682400000, 0x0000000800000000)
  region size 4096K, 7 young (28672K), 2 survivors (8192K)
 Metaspace       used 15843K, committed 16064K, reserved 1064960K
  class space    used 2271K, committed 2368K, reserved 1048576K

Heap Regions: E=young(eden), S=young(survivor), O=old, HS=humongous(starts), HC=humongous(continues), CS=collection set, F=free, OA=open archive, CA=closed archive, TAMS=top-at-mark-start (previous, next)
|   0|0x0000000682400000, 0x0000000682800000, 0x0000000682800000|100%|HS|  |TAMS 0x0000000682400000, 0x0000000682400000| Complete 
|   1|0x0000000682800000, 0x0000000682c00000, 0x0000000682c00000|100%|HS|  |TAMS 0x0000000682800000, 0x0000000682800000| Complete 
|   2|0x0000000682c00000, 0x0000000682d15200, 0x0000000683000000| 27%| O|  |TAMS 0x0000000682c00000, 0x0000000682c00000| Untracked 
|   3|0x0000000683000000, 0x0000000683400000, 0x0000000683400000|100%|HS|  |TAMS 0x0000000683000000, 0x0000000683000000| Complete 
|   4|0x0000000683400000, 0x0000000683800000, 0x0000000683800000|100%|HS|  |TAMS 0x0000000683400000, 0x0000000683400000| Complete 
|   5|0x0000000683800000, 0x0000000683c00000, 0x0000000683c00000|100%|HS|  |TAMS 0x0000000683800000, 0x0000000683800000| Complete 
|   6|0x0000000683c00000, 0x0000000683c00000, 0x0000000684000000|  0%| F|  |TAMS 0x0000000683c00000, 0x0000000683c00000| Untracked 
|   7|0x0000000684000000, 0x0000000684000000, 0x0000000684400000|  0%| F|  |TAMS 0x0000000684000000, 0x0000000684000000| Untracked 
|   8|0x0000000684400000, 0x0000000684400000, 0x0000000684800000|  0%| F|  |TAMS 0x0000000684400000, 0x0000000684400000| Untracked 
|   9|0x0000000684800000, 0x0000000684800000, 0x0000000684c00000|  0%| F|  |TAMS 0x0000000684800000, 0x0000000684800000| Untracked 
|  10|0x0000000684c00000, 0x0000000684c00000, 0x0000000685000000|  0%| F|  |TAMS 0x0000000684c00000, 0x0000000684c00000| Untracked 
|  11|0x0000000685000000, 0x0000000685000000, 0x0000000685400000|  0%| F|  |TAMS 0x0000000685000000, 0x0000000685000000| Untracked 
|  12|0x0000000685400000, 0x0000000685400000, 0x0000000685800000|  0%| F|  |TAMS 0x0000000685400000, 0x0000000685400000| Untracked 
|  13|0x0000000685800000, 0x0000000685800000, 0x0000000685c00000|  0%| F|  |TAMS 0x0000000685800000, 0x0000000685800000| Untracked 
|  14|0x0000000685c00000, 0x0000000685c00000, 0x0000000686000000|  0%| F|  |TAMS 0x0000000685c00000, 0x0000000685c00000| Untracked 
|  15|0x0000000686000000, 0x0000000686000000, 0x0000000686400000|  0%| F|  |TAMS 0x0000000686000000, 0x0000000686000000| Untracked 
|  16|0x0000000686400000, 0x0000000686400000, 0x0000000686800000|  0%| F|  |TAMS 0x0000000686400000, 0x0000000686400000| Untracked 
|  17|0x0000000686800000, 0x0000000686800000, 0x0000000686c00000|  0%| F|  |TAMS 0x0000000686800000, 0x0000000686800000| Untracked 
|  18|0x0000000686c00000, 0x0000000686c00000, 0x0000000687000000|  0%| F|  |TAMS 0x0000000686c00000, 0x0000000686c00000| Untracked 
|  19|0x0000000687000000, 0x0000000687000000, 0x0000000687400000|  0%| F|  |TAMS 0x0000000687000000, 0x0000000687000000| Untracked 
|  20|0x0000000687400000, 0x0000000687400000, 0x0000000687800000|  0%| F|  |TAMS 0x0000000687400000, 0x0000000687400000| Untracked 
|  21|0x0000000687800000, 0x0000000687800000, 0x0000000687c00000|  0%| F|  |TAMS 0x0000000687800000, 0x0000000687800000| Untracked 
|  22|0x0000000687c00000, 0x0000000687c00000, 0x0000000688000000|  0%| F|  |TAMS 0x0000000687c00000, 0x0000000687c00000| Untracked 
|  23|0x0000000688000000, 0x0000000688000000, 0x0000000688400000|  0%| F|  |TAMS 0x0000000688000000, 0x0000000688000000| Untracked 
|  24|0x0000000688400000, 0x0000000688400000, 0x0000000688800000|  0%| F|  |TAMS 0x0000000688400000, 0x0000000688400000| Untracked 
|  25|0x0000000688800000, 0x0000000688800000, 0x0000000688c00000|  0%| F|  |TAMS 0x0000000688800000, 0x0000000688800000| Untracked 
|  26|0x0000000688c00000, 0x0000000688c00000, 0x0000000689000000|  0%| F|  |TAMS 0x0000000688c00000, 0x0000000688c00000| Untracked 
|  27|0x0000000689000000, 0x0000000689000000, 0x0000000689400000|  0%| F|  |TAMS 0x0000000689000000, 0x0000000689000000| Untracked 
|  28|0x0000000689400000, 0x0000000689400000, 0x0000000689800000|  0%| F|  |TAMS 0x0000000689400000, 0x0000000689400000| Untracked 
|  29|0x0000000689800000, 0x0000000689800000, 0x0000000689c00000|  0%| F|  |TAMS 0x0000000689800000, 0x0000000689800000| Untracked 
|  30|0x0000000689c00000, 0x0000000689c00000, 0x000000068a000000|  0%| F|  |TAMS 0x0000000689c00000, 0x0000000689c00000| Untracked 
|  31|0x000000068a000000, 0x000000068a000000, 0x000000068a400000|  0%| F|  |TAMS 0x000000068a000000, 0x000000068a000000| Untracked 
|  32|0x000000068a400000, 0x000000068a400000, 0x000000068a800000|  0%| F|  |TAMS 0x000000068a400000, 0x000000068a400000| Untracked 
|  33|0x000000068a800000, 0x000000068a800000, 0x000000068ac00000|  0%| F|  |TAMS 0x000000068a800000, 0x000000068a800000| Untracked 
|  34|0x000000068ac00000, 0x000000068ac00000, 0x000000068b000000|  0%| F|  |TAMS 0x000000068ac00000, 0x000000068ac00000| Untracked 
|  35|0x000000068b000000, 0x000000068b000000, 0x000000068b400000|  0%| F|  |TAMS 0x000000068b000000, 0x000000068b000000| Untracked 
|  36|0x000000068b400000, 0x000000068b400000, 0x000000068b800000|  0%| F|  |TAMS 0x000000068b400000, 0x000000068b400000| Untracked 
|  37|0x000000068b800000, 0x000000068b800000, 0x000000068bc00000|  0%| F|  |TAMS 0x000000068b800000, 0x000000068b800000| Untracked 
|  38|0x000000068bc00000, 0x000000068bc00000, 0x000000068c000000|  0%| F|  |TAMS 0x000000068bc00000, 0x000000068bc00000| Untracked 
|  39|0x000000068c000000, 0x000000068c000000, 0x000000068c400000|  0%| F|  |TAMS 0x000000068c000000, 0x000000068c000000| Untracked 
|  40|0x000000068c400000, 0x000000068c400000, 0x000000068c800000|  0%| F|  |TAMS 0x000000068c400000, 0x000000068c400000| Untracked 
|  41|0x000000068c800000, 0x000000068c800000, 0x000000068cc00000|  0%| F|  |TAMS 0x000000068c800000, 0x000000068c800000| Untracked 
|  42|0x000000068cc00000, 0x000000068cc00000, 0x000000068d000000|  0%| F|  |TAMS 0x000000068cc00000, 0x000000068cc00000| Untracked 
|  43|0x000000068d000000, 0x000000068d000000, 0x000000068d400000|  0%| F|  |TAMS 0x000000068d000000, 0x000000068d000000| Untracked 
|  44|0x000000068d400000, 0x000000068d400000, 0x000000068d800000|  0%| F|  |TAMS 0x000000068d400000, 0x000000068d400000| Untracked 
|  45|0x000000068d800000, 0x000000068d800000, 0x000000068dc00000|  0%| F|  |TAMS 0x000000068d800000, 0x000000068d800000| Untracked 
|  46|0x000000068dc00000, 0x000000068dc00000, 0x000000068e000000|  0%| F|  |TAMS 0x000000068dc00000, 0x000000068dc00000| Untracked 
|  47|0x000000068e000000, 0x000000068e000000, 0x000000068e400000|  0%| F|  |TAMS 0x000000068e000000, 0x000000068e000000| Untracked 
|  48|0x000000068e400000, 0x000000068e400000, 0x000000068e800000|  0%| F|  |TAMS 0x000000068e400000, 0x000000068e400000| Untracked 
|  49|0x000000068e800000, 0x000000068e800000, 0x000000068ec00000|  0%| F|  |TAMS 0x000000068e800000, 0x000000068e800000| Untracked 
|  50|0x000000068ec00000, 0x000000068ec00000, 0x000000068f000000|  0%| F|  |TAMS 0x000000068ec00000, 0x000000068ec00000| Untracked 
|  51|0x000000068f000000, 0x000000068f000000, 0x000000068f400000|  0%| F|  |TAMS 0x000000068f000000, 0x000000068f000000| Untracked 
|  52|0x000000068f400000, 0x000000068f400000, 0x000000068f800000|  0%| F|  |TAMS 0x000000068f400000, 0x000000068f400000| Untracked 
|  53|0x000000068f800000, 0x000000068f800000, 0x000000068fc00000|  0%| F|  |TAMS 0x000000068f800000, 0x000000068f800000| Untracked 
|  54|0x000000068fc00000, 0x000000068fc00000, 0x0000000690000000|  0%| F|  |TAMS 0x000000068fc00000, 0x000000068fc00000| Untracked 
|  55|0x0000000690000000, 0x0000000690000000, 0x0000000690400000|  0%| F|  |TAMS 0x0000000690000000, 0x0000000690000000| Untracked 
|  56|0x0000000690400000, 0x0000000690400000, 0x0000000690800000|  0%| F|  |TAMS 0x0000000690400000, 0x0000000690400000| Untracked 
|  57|0x0000000690800000, 0x0000000690800000, 0x0000000690c00000|  0%| F|  |TAMS 0x0000000690800000, 0x0000000690800000| Untracked 
|  58|0x0000000690c00000, 0x0000000690c00000, 0x0000000691000000|  0%| F|  |TAMS 0x0000000690c00000, 0x0000000690c00000| Untracked 
|  59|0x0000000691000000, 0x0000000691000000, 0x0000000691400000|  0%| F|  |TAMS 0x0000000691000000, 0x0000000691000000| Untracked 
|  60|0x0000000691400000, 0x0000000691400000, 0x0000000691800000|  0%| F|  |TAMS 0x0000000691400000, 0x0000000691400000| Untracked 
|  61|0x0000000691800000, 0x0000000691800000, 0x0000000691c00000|  0%| F|  |TAMS 0x0000000691800000, 0x0000000691800000| Untracked 
|  62|0x0000000691c00000, 0x0000000691c00000, 0x0000000692000000|  0%| F|  |TAMS 0x0000000691c00000, 0x0000000691c00000| Untracked 
|  63|0x0000000692000000, 0x0000000692000000, 0x0000000692400000|  0%| F|  |TAMS 0x0000000692000000, 0x0000000692000000| Untracked 
|  64|0x0000000692400000, 0x0000000692400000, 0x0000000692800000|  0%| F|  |TAMS 0x0000000692400000, 0x0000000692400000| Untracked 
|  65|0x0000000692800000, 0x0000000692800000, 0x0000000692c00000|  0%| F|  |TAMS 0x0000000692800000, 0x0000000692800000| Untracked 
|  66|0x0000000692c00000, 0x0000000692c00000, 0x0000000693000000|  0%| F|  |TAMS 0x0000000692c00000, 0x0000000692c00000| Untracked 
|  67|0x0000000693000000, 0x0000000693000000, 0x0000000693400000|  0%| F|  |TAMS 0x0000000693000000, 0x0000000693000000| Untracked 
|  68|0x0000000693400000, 0x0000000693400000, 0x0000000693800000|  0%| F|  |TAMS 0x0000000693400000, 0x0000000693400000| Untracked 
|  69|0x0000000693800000, 0x0000000693800000, 0x0000000693c00000|  0%| F|  |TAMS 0x0000000693800000, 0x0000000693800000| Untracked 
|  70|0x0000000693c00000, 0x0000000693c00000, 0x0000000694000000|  0%| F|  |TAMS 0x0000000693c00000, 0x0000000693c00000| Untracked 
|  71|0x0000000694000000, 0x0000000694000000, 0x0000000694400000|  0%| F|  |TAMS 0x0000000694000000, 0x0000000694000000| Untracked 
|  72|0x0000000694400000, 0x0000000694400000, 0x0000000694800000|  0%| F|  |TAMS 0x0000000694400000, 0x0000000694400000| Untracked 
|  73|0x0000000694800000, 0x0000000694800000, 0x0000000694c00000|  0%| F|  |TAMS 0x0000000694800000, 0x0000000694800000| Untracked 
|  74|0x0000000694c00000, 0x0000000694c00000, 0x0000000695000000|  0%| F|  |TAMS 0x0000000694c00000, 0x0000000694c00000| Untracked 
|  75|0x0000000695000000, 0x0000000695000000, 0x0000000695400000|  0%| F|  |TAMS 0x0000000695000000, 0x0000000695000000| Untracked 
|  76|0x0000000695400000, 0x0000000695400000, 0x0000000695800000|  0%| F|  |TAMS 0x0000000695400000, 0x0000000695400000| Untracked 
|  77|0x0000000695800000, 0x0000000695800000, 0x0000000695c00000|  0%| F|  |TAMS 0x0000000695800000, 0x0000000695800000| Untracked 
|  78|0x0000000695c00000, 0x0000000695c00000, 0x0000000696000000|  0%| F|  |TAMS 0x0000000695c00000, 0x0000000695c00000| Untracked 
|  79|0x0000000696000000, 0x0000000696000000, 0x0000000696400000|  0%| F|  |TAMS 0x0000000696000000, 0x0000000696000000| Untracked 
|  80|0x0000000696400000, 0x0000000696400000, 0x0000000696800000|  0%| F|  |TAMS 0x0000000696400000, 0x0000000696400000| Untracked 
|  81|0x0000000696800000, 0x0000000696800000, 0x0000000696c00000|  0%| F|  |TAMS 0x0000000696800000, 0x0000000696800000| Untracked 
|  82|0x0000000696c00000, 0x0000000696c00000, 0x0000000697000000|  0%| F|  |TAMS 0x0000000696c00000, 0x0000000696c00000| Untracked 
|  83|0x0000000697000000, 0x0000000697400000, 0x0000000697400000|100%| S|CS|TAMS 0x0000000697000000, 0x0000000697000000| Complete 
|  84|0x0000000697400000, 0x0000000697800000, 0x0000000697800000|100%| S|CS|TAMS 0x0000000697400000, 0x0000000697400000| Complete 
|  85|0x0000000697800000, 0x0000000697800000, 0x0000000697c00000|  0%| F|  |TAMS 0x0000000697800000, 0x0000000697800000| Untracked 
|  86|0x0000000697c00000, 0x0000000697c00000, 0x0000000698000000|  0%| F|  |TAMS 0x0000000697c00000, 0x0000000697c00000| Untracked 
|  87|0x0000000698000000, 0x0000000698000000, 0x0000000698400000|  0%| F|  |TAMS 0x0000000698000000, 0x0000000698000000| Untracked 
|  88|0x0000000698400000, 0x0000000698400000, 0x0000000698800000|  0%| F|  |TAMS 0x0000000698400000, 0x0000000698400000| Untracked 
|  89|0x0000000698800000, 0x0000000698800000, 0x0000000698c00000|  0%| F|  |TAMS 0x0000000698800000, 0x0000000698800000| Untracked 
|  90|0x0000000698c00000, 0x0000000698c00000, 0x0000000699000000|  0%| F|  |TAMS 0x0000000698c00000, 0x0000000698c00000| Untracked 
|  91|0x0000000699000000, 0x000000069934f8e8, 0x0000000699400000| 82%| E|  |TAMS 0x0000000699000000, 0x0000000699000000| Complete 
|  92|0x0000000699400000, 0x0000000699800000, 0x0000000699800000|100%| E|CS|TAMS 0x0000000699400000, 0x0000000699400000| Complete 
|  93|0x0000000699800000, 0x0000000699c00000, 0x0000000699c00000|100%| E|CS|TAMS 0x0000000699800000, 0x0000000699800000| Complete 
|  94|0x0000000699c00000, 0x000000069a000000, 0x000000069a000000|100%| E|CS|TAMS 0x0000000699c00000, 0x0000000699c00000| Complete 
|  95|0x000000069a000000, 0x000000069a400000, 0x000000069a400000|100%| E|CS|TAMS 0x000000069a000000, 0x000000069a000000| Complete 

Card table byte_map: [0x0000024c66d30000,0x0000024c67920000] _byte_map_base: 0x0000024c6391e000

Marking Bits (Prev, Next): (CMBitMap*) 0x0000024c4f0c01f0, (CMBitMap*) 0x0000024c4f0c0230
 Prev Bits: [0x0000024c68510000, 0x0000024c6e480000)
 Next Bits: [0x0000024c6e480000, 0x0000024c743f0000)

Polling page: 0x0000024c4cfc0000

Metaspace:

Usage:
  Non-class:     13.25 MB used.
      Class:      2.22 MB used.
       Both:     15.47 MB used.

Virtual space:
  Non-class space:       16.00 MB reserved,      13.38 MB ( 84%) committed,  2 nodes.
      Class space:        1.00 GB reserved,       2.31 MB ( <1%) committed,  1 nodes.
             Both:        1.02 GB reserved,      15.69 MB (  2%) committed. 

Chunk freelists:
   Non-Class:  2.20 MB
       Class:  1.53 MB
        Both:  3.73 MB

MaxMetaspaceSize: unlimited
CompressedClassSpaceSize: 1.00 GB
Initial GC threshold: 21.00 MB
Current GC threshold: 21.00 MB
CDS: on
MetaspaceReclaimPolicy: balanced
 - commit_granule_bytes: 65536.
 - commit_granule_words: 8192.
 - virtual_space_node_default_size: 1048576.
 - enlarge_chunks_in_place: 1.
 - new_chunks_are_fully_committed: 0.
 - uncommit_free_chunks: 1.
 - use_allocation_guard: 0.
 - handle_deallocations: 1.


Internal statistics:

num_allocs_failed_limit: 0.
num_arena_births: 196.
num_arena_deaths: 0.
num_vsnodes_births: 3.
num_vsnodes_deaths: 0.
num_space_committed: 251.
num_space_uncommitted: 0.
num_chunks_returned_to_freelist: 0.
num_chunks_taken_from_freelist: 724.
num_chunk_merges: 0.
num_chunk_splits: 514.
num_chunks_enlarged: 406.
num_purges: 0.
num_inconsistent_stats: 0.

CodeHeap 'non-profiled nmethods': size=119168Kb used=1459Kb max_used=1459Kb free=117708Kb
 bounds [0x0000024c5e460000, 0x0000024c5e6d0000, 0x0000024c658c0000]
CodeHeap 'profiled nmethods': size=119104Kb used=6327Kb max_used=6327Kb free=112776Kb
 bounds [0x0000024c57010000, 0x0000024c57640000, 0x0000024c5e460000]
CodeHeap 'non-nmethods': size=7488Kb used=1986Kb max_used=3183Kb free=5501Kb
 bounds [0x0000024c568c0000, 0x0000024c56be0000, 0x0000024c57010000]
 total_blobs=3927 nmethods=3147 adapters=691
 compilation: enabled
              stopped_count=0, restarted_count=0
 full_count=0

Compilation events (20 events):
Event: 14.091 Thread 0x0000024c77e31160 3140       3       com.sun.javafx.event.CompositeEventHandler::dispatchBubblingEvent (57 bytes)
Event: 14.091 Thread 0x0000024c77e31160 nmethod 3140 0x0000024c5763b890 code [0x0000024c5763ba80, 0x0000024c5763bf78]
Event: 14.094 Thread 0x0000024c77e31160 3141       3       com.sun.javafx.geom.RectBounds::intersects (98 bytes)
Event: 14.094 Thread 0x0000024c77e31160 nmethod 3141 0x0000024c5763c110 code [0x0000024c5763c340, 0x0000024c5763cf08]
Event: 14.094 Thread 0x0000024c77e31160 3142       1       javafx.scene.layout.CornerRadii::isUniform (5 bytes)
Event: 14.094 Thread 0x0000024c77e31160 nmethod 3142 0x0000024c5e5cbf90 code [0x0000024c5e5cc120, 0x0000024c5e5cc1f8]
Event: 14.094 Thread 0x0000024c7739f6f0 3143       3       java.lang.Math::abs (14 bytes)
Event: 14.094 Thread 0x0000024c7739f6f0 nmethod 3143 0x0000024c5763d110 code [0x0000024c5763d2a0, 0x0000024c5763d418]
Event: 14.095 Thread 0x0000024c77e31160 3144       1       com.sun.prism.impl.shape.MaskData::getOriginX (5 bytes)
Event: 14.095 Thread 0x0000024c7739f6f0 3145       1       com.sun.prism.impl.shape.MaskData::getOriginY (5 bytes)
Event: 14.095 Thread 0x0000024c77e31160 nmethod 3144 0x0000024c5e5cc290 code [0x0000024c5e5cc420, 0x0000024c5e5cc4f8]
Event: 14.095 Thread 0x0000024c7739f6f0 nmethod 3145 0x0000024c5e5cc590 code [0x0000024c5e5cc720, 0x0000024c5e5cc7f8]
Event: 14.196 Thread 0x0000024c7739b750 3146       4       java.util.stream.ReferencePipeline$3$1::accept (23 bytes)
Event: 14.197 Thread 0x0000024c7739b750 nmethod 3146 0x0000024c5e5cc890 code [0x0000024c5e5cca20, 0x0000024c5e5ccaf8]
Event: 14.199 Thread 0x0000024c77e31160 3147       3       javafx.scene.control.SkinBase$$Lambda$171/0x0000000800d9d070::handle (8 bytes)
Event: 14.199 Thread 0x0000024c7739f6f0 3148       3       javafx.scene.control.SkinBase::lambda$static$0 (5 bytes)
Event: 14.199 Thread 0x0000024c7739f6f0 nmethod 3148 0x0000024c5763d490 code [0x0000024c5763d620, 0x0000024c5763d7f8]
Event: 14.199 Thread 0x0000024c77e31160 nmethod 3147 0x0000024c5763d910 code [0x0000024c5763dac0, 0x0000024c5763de18]
Event: 14.203 Thread 0x0000024c7739b750 3149       4       java.util.concurrent.ConcurrentHashMap::spread (10 bytes)
Event: 14.203 Thread 0x0000024c7739b750 nmethod 3149 0x0000024c5e5ccc10 code [0x0000024c5e5ccd80, 0x0000024c5e5ccdf8]

GC Heap History (4 events):
Event: 0.295 GC heap before
{Heap before GC invocations=0 (full 0):
 garbage-first heap   total 393216K, used 16384K [0x0000000682400000, 0x0000000800000000)
  region size 4096K, 5 young (20480K), 0 survivors (0K)
 Metaspace       used 4139K, committed 4224K, reserved 1056768K
  class space    used 475K, committed 512K, reserved 1048576K
}
Event: 0.297 GC heap after
{Heap after GC invocations=1 (full 0):
 garbage-first heap   total 393216K, used 2827K [0x0000000682400000, 0x0000000800000000)
  region size 4096K, 1 young (4096K), 1 survivors (4096K)
 Metaspace       used 4139K, committed 4224K, reserved 1056768K
  class space    used 475K, committed 512K, reserved 1048576K
}
Event: 1.810 GC heap before
{Heap before GC invocations=1 (full 0):
 garbage-first heap   total 393216K, used 51979K [0x0000000682400000, 0x0000000800000000)
  region size 4096K, 11 young (45056K), 1 survivors (4096K)
 Metaspace       used 14031K, committed 14208K, reserved 1064960K
  class space    used 2021K, committed 2112K, reserved 1048576K
}
Event: 1.813 GC heap after
{Heap after GC invocations=2 (full 0):
 garbage-first heap   total 393216K, used 17492K [0x0000000682400000, 0x0000000800000000)
  region size 4096K, 2 young (8192K), 2 survivors (8192K)
 Metaspace       used 14031K, committed 14208K, reserved 1064960K
  class space    used 2021K, committed 2112K, reserved 1048576K
}

Deoptimization events (20 events):
Event: 12.807 Thread 0x0000024c78b08410 DEOPT PACKING pc=0x0000024c5e5422a0 sp=0x000000915e9ee9e0
Event: 12.807 Thread 0x0000024c78b08410 DEOPT UNPACKING pc=0x0000024c569123a3 sp=0x000000915e9ee9b0 mode 2
Event: 12.811 Thread 0x0000024c78b08410 Uncommon trap: trap_request=0xffffff45 fr.pc=0x0000024c5e58ad08 relative=0x0000000000001c28
Event: 12.811 Thread 0x0000024c78b08410 Uncommon trap: reason=unstable_if action=reinterpret pc=0x0000024c5e58ad08 method=java.util.HashMap.removeNode(ILjava/lang/Object;Ljava/lang/Object;ZZ)Ljava/util/HashMap$Node; @ 46 c2
Event: 12.811 Thread 0x0000024c78b08410 DEOPT PACKING pc=0x0000024c5e58ad08 sp=0x000000915e9ee520
Event: 12.811 Thread 0x0000024c78b08410 DEOPT UNPACKING pc=0x0000024c569123a3 sp=0x000000915e9ee340 mode 2
Event: 12.812 Thread 0x0000024c78b08410 Uncommon trap: trap_request=0xffffff45 fr.pc=0x0000024c5e4dff5c relative=0x000000000000005c
Event: 12.812 Thread 0x0000024c78b08410 Uncommon trap: reason=unstable_if action=reinterpret pc=0x0000024c5e4dff5c method=java.util.Objects.equals(Ljava/lang/Object;Ljava/lang/Object;)Z @ 6 c2
Event: 12.812 Thread 0x0000024c78b08410 DEOPT PACKING pc=0x0000024c5e4dff5c sp=0x000000915e9eec20
Event: 12.812 Thread 0x0000024c78b08410 DEOPT UNPACKING pc=0x0000024c569123a3 sp=0x000000915e9eebc0 mode 2
Event: 12.816 Thread 0x0000024c78b08410 Uncommon trap: trap_request=0xffffff45 fr.pc=0x0000024c5e4ffbbc relative=0x0000000000000f1c
Event: 12.816 Thread 0x0000024c78b08410 Uncommon trap: reason=unstable_if action=reinterpret pc=0x0000024c5e4ffbbc method=java.util.concurrent.ConcurrentHashMap.putVal(Ljava/lang/Object;Ljava/lang/Object;Z)Ljava/lang/Object; @ 148 c2
Event: 12.816 Thread 0x0000024c78b08410 DEOPT PACKING pc=0x0000024c5e4ffbbc sp=0x000000915e9eded0
Event: 12.816 Thread 0x0000024c78b08410 DEOPT UNPACKING pc=0x0000024c569123a3 sp=0x000000915e9ede50 mode 2
Event: 12.818 Thread 0x0000024c78b08410 Uncommon trap: trap_request=0xffffff45 fr.pc=0x0000024c5e470618 relative=0x00000000000000f8
Event: 12.818 Thread 0x0000024c78b08410 Uncommon trap: reason=unstable_if action=reinterpret pc=0x0000024c5e470618 method=java.lang.StringLatin1.lastIndexOf([BI[BII)I @ 86 c2
Event: 12.818 Thread 0x0000024c78b08410 DEOPT PACKING pc=0x0000024c5e470618 sp=0x000000915e9eddb0
Event: 12.818 Thread 0x0000024c78b08410 DEOPT UNPACKING pc=0x0000024c569123a3 sp=0x000000915e9edd08 mode 2
Event: 13.694 Thread 0x0000024c78f1a400 DEOPT PACKING pc=0x0000024c572a7ab8 sp=0x000000915e6fdbf0
Event: 13.694 Thread 0x0000024c78f1a400 DEOPT UNPACKING pc=0x0000024c56912b43 sp=0x000000915e6fcfa8 mode 0

Classes unloaded (0 events):
No events

Classes redefined (0 events):
No events

Internal exceptions (20 events):
Event: 0.317 Thread 0x0000024c78b08410 Exception <a 'java/lang/NoSuchMethodError'{0x000000069a36ee58}: 'java.lang.Object java.lang.invoke.DirectMethodHandle$Holder.invokeStaticInit(java.lang.Object, java.lang.Object, java.lang.Object, java.lang.Object)'> (0x000000069a36ee58) 
thrown [t:\workspace\open\src\hotspot\share\interpreter\linkResolver.cpp, line 766]
Event: 0.317 Thread 0x0000024c78b08410 Exception <a 'java/lang/NullPointerException'{0x000000069a37ad28}> (0x000000069a37ad28) 
thrown [t:\workspace\open\src\hotspot\share\interpreter\linkResolver.cpp, line 1357]
Event: 0.403 Thread 0x0000024c78b08410 Exception <a 'java/lang/ClassNotFoundException'{0x0000000699801b60}: com/sun/glass/ui/win/themes> (0x0000000699801b60) 
thrown [t:\workspace\open\src\hotspot\share\prims\jni.cpp, line 535]
Event: 0.404 Thread 0x0000024c78b08410 Exception <a 'java/lang/ClassNotFoundException'{0x000000069980df98}: com/sun/glass/ui/win/themes_es> (0x000000069980df98) 
thrown [t:\workspace\open\src\hotspot\share\prims\jni.cpp, line 535]
Event: 0.404 Thread 0x0000024c78b08410 Exception <a 'java/lang/ClassNotFoundException'{0x0000000699815ff8}: com/sun/glass/ui/win/themes_es_CO> (0x0000000699815ff8) 
thrown [t:\workspace\open\src\hotspot\share\prims\jni.cpp, line 535]
Event: 0.444 Thread 0x0000024c78b08410 Exception <a 'java/lang/NoSuchMethodError'{0x00000006995646e8}: 'void java.lang.invoke.DirectMethodHandle$Holder.invokeStaticInit(java.lang.Object, java.lang.Object)'> (0x00000006995646e8) 
thrown [t:\workspace\open\src\hotspot\share\interpreter\linkResolver.cpp, line 766]
Event: 0.507 Thread 0x0000024c78b08410 Implicit null exception at 0x0000024c5e4c6c0e to 0x0000024c5e4c701c
Event: 0.507 Thread 0x0000024c78b08410 Implicit null exception at 0x0000024c5e47e50f to 0x0000024c5e47e589
Event: 0.567 Thread 0x0000024c78b08410 Exception <a 'java/lang/NoSuchMethodError'{0x0000000698ab3570}: 'void java.lang.invoke.DirectMethodHandle$Holder.invokeSpecial(java.lang.Object, java.lang.Object, java.lang.Object, java.lang.Object, java.lang.Object)'> (0x0000000698ab3570) 
thrown [t:\workspace\open\src\hotspot\share\interpreter\linkResolver.cpp, line 766]
Event: 0.568 Thread 0x0000024c78b08410 Exception <a 'java/lang/NoSuchMethodError'{0x0000000698ac7ff8}: 'java.lang.Object java.lang.invoke.DirectMethodHandle$Holder.invokeInterface(java.lang.Object, java.lang.Object, java.lang.Object)'> (0x0000000698ac7ff8) 
thrown [t:\workspace\open\src\hotspot\share\interpreter\linkResolver.cpp, line 766]
Event: 0.569 Thread 0x0000024c78b08410 Exception <a 'java/lang/IncompatibleClassChangeError'{0x0000000698acbbd0}: Found class java.lang.Object, but interface was expected> (0x0000000698acbbd0) 
thrown [t:\workspace\open\src\hotspot\share\interpreter\linkResolver.cpp, line 833]
Event: 0.614 Thread 0x0000024c78b08410 Exception <a 'java/lang/NoSuchMethodError'{0x00000006984bb540}: 'java.lang.Object java.lang.invoke.DirectMethodHandle$Holder.newInvokeSpecial(java.lang.Object, java.lang.Object, int)'> (0x00000006984bb540) 
thrown [t:\workspace\open\src\hotspot\share\interpreter\linkResolver.cpp, line 766]
Event: 0.632 Thread 0x0000024c78f1a400 Exception <a 'java/lang/NoSuchMethodError'{0x000000069864b940}: 'int java.lang.invoke.DirectMethodHandle$Holder.invokeStaticInit(java.lang.Object, java.lang.Object)'> (0x000000069864b940) 
thrown [t:\workspace\open\src\hotspot\share\interpreter\linkResolver.cpp, line 766]
Event: 1.598 Thread 0x0000024c78b08410 Exception <a 'java/lang/NoSuchMethodError'{0x00000006982f8c20}: 'long java.lang.invoke.DirectMethodHandle$Holder.invokeStatic(java.lang.Object, java.lang.Object, java.lang.Object)'> (0x00000006982f8c20) 
thrown [t:\workspace\open\src\hotspot\share\interpreter\linkResolver.cpp, line 766]
Event: 1.598 Thread 0x0000024c78b08410 Exception <a 'java/lang/NoSuchMethodError'{0x00000006982fc3c8}: 'long java.lang.invoke.DirectMethodHandle$Holder.invokeStaticInit(java.lang.Object, java.lang.Object, java.lang.Object)'> (0x00000006982fc3c8) 
thrown [t:\workspace\open\src\hotspot\share\interpreter\linkResolver.cpp, line 766]
Event: 1.600 Thread 0x0000024c78b08410 Exception <a 'java/lang/NoSuchMethodError'{0x0000000698313fd0}: 'java.lang.Object java.lang.invoke.DirectMethodHandle$Holder.newInvokeSpecial(java.lang.Object, java.lang.Object, long)'> (0x0000000698313fd0) 
thrown [t:\workspace\open\src\hotspot\share\interpreter\linkResolver.cpp, line 766]
Event: 1.600 Thread 0x0000024c78b08410 Exception <a 'java/lang/NoSuchMethodError'{0x0000000698317b40}: 'java.lang.Object java.lang.invoke.Invokers$Holder.linkToTargetMethod(java.lang.Object, long, java.lang.Object)'> (0x0000000698317b40) 
thrown [t:\workspace\open\src\hotspot\share\interpreter\linkResolver.cpp, line 766]
Event: 1.763 Thread 0x0000024c78b08410 Exception <a 'java/lang/ClassNotFoundException'{0x0000000697ee0f50}: com/sun/javafx/scene/control/skin/resources/controls> (0x0000000697ee0f50) 
thrown [t:\workspace\open\src\hotspot\share\prims\jni.cpp, line 535]
Event: 1.764 Thread 0x0000024c78b08410 Exception <a 'java/lang/ClassNotFoundException'{0x0000000697eef1e8}: com/sun/javafx/scene/control/skin/resources/controls_es> (0x0000000697eef1e8) 
thrown [t:\workspace\open\src\hotspot\share\prims\jni.cpp, line 535]
Event: 1.764 Thread 0x0000024c78b08410 Exception <a 'java/lang/ClassNotFoundException'{0x0000000697efd140}: com/sun/javafx/scene/control/skin/resources/controls_es_CO> (0x0000000697efd140) 
thrown [t:\workspace\open\src\hotspot\share\prims\jni.cpp, line 535]

VM Operations (20 events):
Event: 1.599 Executing VM operation: Cleanup done
Event: 1.809 Executing VM operation: G1CollectForAllocation
Event: 1.813 Executing VM operation: G1CollectForAllocation done
Event: 2.813 Executing VM operation: Cleanup
Event: 2.813 Executing VM operation: Cleanup done
Event: 3.813 Executing VM operation: Cleanup
Event: 3.813 Executing VM operation: Cleanup done
Event: 4.813 Executing VM operation: Cleanup
Event: 4.814 Executing VM operation: Cleanup done
Event: 5.814 Executing VM operation: Cleanup
Event: 5.814 Executing VM operation: Cleanup done
Event: 6.814 Executing VM operation: Cleanup
Event: 6.814 Executing VM operation: Cleanup done
Event: 11.815 Executing VM operation: Cleanup
Event: 11.815 Executing VM operation: Cleanup done
Event: 12.806 Executing VM operation: HandshakeAllThreads
Event: 12.806 Executing VM operation: HandshakeAllThreads done
Event: 13.806 Executing VM operation: Cleanup
Event: 13.806 Executing VM operation: Cleanup done
Event: 14.203 Executing VM operation: Exit

Events (20 events):
Event: 12.817 loading class sun/text/resources/BreakIteratorInfo
Event: 12.817 loading class sun/text/resources/BreakIteratorInfo done
Event: 12.817 loading class sun/text/resources/BreakIteratorResources
Event: 12.817 loading class sun/util/resources/BreakIteratorResourceBundle
Event: 12.817 loading class sun/util/resources/BreakIteratorResourceBundle done
Event: 12.817 loading class sun/text/resources/BreakIteratorResources done
Event: 12.817 loading class sun/util/resources/Bundles$2
Event: 12.817 loading class sun/util/resources/Bundles$2 done
Event: 12.818 loading class sun/text/RuleBasedBreakIterator
Event: 12.818 loading class sun/text/RuleBasedBreakIterator done
Event: 12.818 loading class sun/text/CompactByteArray
Event: 12.818 loading class sun/text/CompactByteArray done
Event: 12.818 loading class sun/text/SupplementaryCharacterData
Event: 12.818 loading class sun/text/SupplementaryCharacterData done
Event: 12.818 loading class java/text/BreakIterator$BreakIteratorCache
Event: 12.819 loading class java/text/BreakIterator$BreakIteratorCache done
Event: 14.202 Thread 0x0000024c028fdd60 Thread added: 0x0000024c028fdd60
Event: 14.202 Thread 0x0000024c028fd890 Thread added: 0x0000024c028fd890
Event: 14.203 Thread 0x0000024c028fdd60 Thread exited: 0x0000024c028fdd60
Event: 14.203 Thread 0x0000024c028fd890 Thread exited: 0x0000024c028fd890


Dynamic libraries:
0x00007ff74bcd0000 - 0x00007ff74bce0000 	C:\Program Files\Java\jdk-17.0.2\bin\java.exe
0x00007fff5fc40000 - 0x00007fff5fe49000 	C:\Windows\SYSTEM32\ntdll.dll
0x00007fff5ee00000 - 0x00007fff5eebd000 	C:\Windows\System32\KERNEL32.DLL
0x00007fff5d3f0000 - 0x00007fff5d769000 	C:\Windows\System32\KERNELBASE.dll
0x00007fff5d920000 - 0x00007fff5da31000 	C:\Windows\System32\ucrtbase.dll
0x00007fff59390000 - 0x00007fff593aa000 	C:\Program Files\Java\jdk-17.0.2\bin\VCRUNTIME140.dll
0x00007fff329e0000 - 0x00007fff329f8000 	C:\Program Files\Java\jdk-17.0.2\bin\jli.dll
0x00007fff5ec50000 - 0x00007fff5ecfe000 	C:\Windows\System32\ADVAPI32.dll
0x00007fff5eb10000 - 0x00007fff5ebb3000 	C:\Windows\System32\msvcrt.dll
0x00007fff5dd90000 - 0x00007fff5de2e000 	C:\Windows\System32\sechost.dll
0x00007fff5fa30000 - 0x00007fff5fb50000 	C:\Windows\System32\RPCRT4.dll
0x00007fff5de30000 - 0x00007fff5dfdc000 	C:\Windows\System32\USER32.dll
0x00007fff4b610000 - 0x00007fff4b8b5000 	C:\Windows\WinSxS\amd64_microsoft.windows.common-controls_6595b64144ccf1df_6.0.22000.120_none_9d947278b86cc467\COMCTL32.dll
0x00007fff5d130000 - 0x00007fff5d156000 	C:\Windows\System32\win32u.dll
0x00007fff5ea10000 - 0x00007fff5ea39000 	C:\Windows\System32\GDI32.dll
0x00007fff5d2d0000 - 0x00007fff5d3e2000 	C:\Windows\System32\gdi32full.dll
0x00007fff5da40000 - 0x00007fff5dadd000 	C:\Windows\System32\msvcp_win.dll
0x00007fff54ae0000 - 0x00007fff54aea000 	C:\Windows\SYSTEM32\VERSION.dll
0x00007fff5fbc0000 - 0x00007fff5fbf1000 	C:\Windows\System32\IMM32.DLL
0x00007fff59380000 - 0x00007fff5938c000 	C:\Program Files\Java\jdk-17.0.2\bin\vcruntime140_1.dll
0x00007fff497f0000 - 0x00007fff4987d000 	C:\Program Files\Java\jdk-17.0.2\bin\msvcp140.dll
0x00007ffec7e10000 - 0x00007ffec89d1000 	C:\Program Files\Java\jdk-17.0.2\bin\server\jvm.dll
0x00007fff5f540000 - 0x00007fff5f548000 	C:\Windows\System32\PSAPI.DLL
0x00007fff59680000 - 0x00007fff59689000 	C:\Windows\SYSTEM32\WSOCK32.dll
0x00007fff55c20000 - 0x00007fff55c53000 	C:\Windows\SYSTEM32\WINMM.dll
0x00007fff5eec0000 - 0x00007fff5ef2f000 	C:\Windows\System32\WS2_32.dll
0x00007fff5c320000 - 0x00007fff5c338000 	C:\Windows\SYSTEM32\kernel.appcore.dll
0x00007fff59370000 - 0x00007fff5937a000 	C:\Program Files\Java\jdk-17.0.2\bin\jimage.dll
0x00007fff5a7c0000 - 0x00007fff5a9e1000 	C:\Windows\SYSTEM32\DBGHELP.DLL
0x00007fff44ba0000 - 0x00007fff44bd1000 	C:\Windows\SYSTEM32\dbgcore.DLL
0x00007fff5d770000 - 0x00007fff5d7ef000 	C:\Windows\System32\bcryptPrimitives.dll
0x00007fff49fb0000 - 0x00007fff49fd5000 	C:\Program Files\Java\jdk-17.0.2\bin\java.dll
0x00007fff498a0000 - 0x00007fff49976000 	C:\Program Files\Java\jdk-17.0.2\bin\jsvml.dll
0x00007fff5e260000 - 0x00007fff5ea0f000 	C:\Windows\System32\SHELL32.dll
0x00007fff5b2b0000 - 0x00007fff5bb18000 	C:\Windows\SYSTEM32\windows.storage.dll
0x00007fff5f6b0000 - 0x00007fff5fa28000 	C:\Windows\System32\combase.dll
0x00007fff5b140000 - 0x00007fff5b2a6000 	C:\Windows\SYSTEM32\wintypes.dll
0x00007fff5dae0000 - 0x00007fff5dbca000 	C:\Windows\System32\SHCORE.dll
0x00007fff5dfe0000 - 0x00007fff5e03d000 	C:\Windows\System32\shlwapi.dll
0x00007fff5d060000 - 0x00007fff5d081000 	C:\Windows\SYSTEM32\profapi.dll
0x00007fff59310000 - 0x00007fff59329000 	C:\Program Files\Java\jdk-17.0.2\bin\net.dll
0x00007fff57820000 - 0x00007fff5792c000 	C:\Windows\SYSTEM32\WINHTTP.dll
0x00007fff5c750000 - 0x00007fff5c7b7000 	C:\Windows\system32\mswsock.dll
0x00007fff49f90000 - 0x00007fff49fa6000 	C:\Program Files\Java\jdk-17.0.2\bin\nio.dll
0x00007fff49880000 - 0x00007fff49898000 	C:\Program Files\Java\jdk-17.0.2\bin\zip.dll
0x0000024c4ef80000 - 0x0000024c4ef83000 	C:\Program Files\Java\javafx-sdk-18.0.1\bin\api-ms-win-core-console-l1-1-0.dll
0x0000024c4ef90000 - 0x0000024c4ef93000 	C:\Program Files\Java\javafx-sdk-18.0.1\bin\api-ms-win-core-console-l1-2-0.dll
0x0000024c4efa0000 - 0x0000024c4efa3000 	C:\Program Files\Java\javafx-sdk-18.0.1\bin\api-ms-win-core-datetime-l1-1-0.dll
0x0000024c4efb0000 - 0x0000024c4efb3000 	C:\Program Files\Java\javafx-sdk-18.0.1\bin\api-ms-win-core-debug-l1-1-0.dll
0x0000024c4efc0000 - 0x0000024c4efc3000 	C:\Program Files\Java\javafx-sdk-18.0.1\bin\api-ms-win-core-errorhandling-l1-1-0.dll
0x0000024c4efd0000 - 0x0000024c4efd4000 	C:\Program Files\Java\javafx-sdk-18.0.1\bin\api-ms-win-core-file-l1-1-0.dll
0x0000024c4efe0000 - 0x0000024c4efe3000 	C:\Program Files\Java\javafx-sdk-18.0.1\bin\api-ms-win-core-file-l1-2-0.dll
0x0000024c4eff0000 - 0x0000024c4eff3000 	C:\Program Files\Java\javafx-sdk-18.0.1\bin\api-ms-win-core-file-l2-1-0.dll
0x0000024c4f000000 - 0x0000024c4f003000 	C:\Program Files\Java\javafx-sdk-18.0.1\bin\api-ms-win-core-handle-l1-1-0.dll
0x0000024c4f010000 - 0x0000024c4f013000 	C:\Program Files\Java\javafx-sdk-18.0.1\bin\api-ms-win-core-heap-l1-1-0.dll
0x0000024c4f020000 - 0x0000024c4f023000 	C:\Program Files\Java\javafx-sdk-18.0.1\bin\api-ms-win-core-interlocked-l1-1-0.dll
0x0000024c4f030000 - 0x0000024c4f033000 	C:\Program Files\Java\javafx-sdk-18.0.1\bin\api-ms-win-core-libraryloader-l1-1-0.dll
0x0000024c773e0000 - 0x0000024c773e3000 	C:\Program Files\Java\javafx-sdk-18.0.1\bin\api-ms-win-core-localization-l1-2-0.dll
0x0000024c773f0000 - 0x0000024c773f3000 	C:\Program Files\Java\javafx-sdk-18.0.1\bin\api-ms-win-core-memory-l1-1-0.dll
0x0000024c79900000 - 0x0000024c79903000 	C:\Program Files\Java\javafx-sdk-18.0.1\bin\api-ms-win-core-namedpipe-l1-1-0.dll
0x0000024c79910000 - 0x0000024c79913000 	C:\Program Files\Java\javafx-sdk-18.0.1\bin\api-ms-win-core-processenvironment-l1-1-0.dll
0x0000024c79920000 - 0x0000024c79923000 	C:\Program Files\Java\javafx-sdk-18.0.1\bin\api-ms-win-core-processthreads-l1-1-0.dll
0x0000024c79930000 - 0x0000024c79933000 	C:\Program Files\Java\javafx-sdk-18.0.1\bin\api-ms-win-core-processthreads-l1-1-1.dll
0x0000024c79940000 - 0x0000024c79943000 	C:\Program Files\Java\javafx-sdk-18.0.1\bin\api-ms-win-core-profile-l1-1-0.dll
0x0000024c79950000 - 0x0000024c79953000 	C:\Program Files\Java\javafx-sdk-18.0.1\bin\api-ms-win-core-rtlsupport-l1-1-0.dll
0x0000024c79960000 - 0x0000024c79963000 	C:\Program Files\Java\javafx-sdk-18.0.1\bin\api-ms-win-core-string-l1-1-0.dll
0x0000024c79970000 - 0x0000024c79973000 	C:\Program Files\Java\javafx-sdk-18.0.1\bin\api-ms-win-core-synch-l1-1-0.dll
0x0000024c79980000 - 0x0000024c79983000 	C:\Program Files\Java\javafx-sdk-18.0.1\bin\api-ms-win-core-synch-l1-2-0.dll
0x0000024c79990000 - 0x0000024c79993000 	C:\Program Files\Java\javafx-sdk-18.0.1\bin\api-ms-win-core-sysinfo-l1-1-0.dll
0x0000024c799a0000 - 0x0000024c799a3000 	C:\Program Files\Java\javafx-sdk-18.0.1\bin\api-ms-win-core-timezone-l1-1-0.dll
0x0000024c799b0000 - 0x0000024c799b3000 	C:\Program Files\Java\javafx-sdk-18.0.1\bin\api-ms-win-core-util-l1-1-0.dll
0x0000024c799c0000 - 0x0000024c799c3000 	C:\Program Files\Java\javafx-sdk-18.0.1\bin\api-ms-win-crt-conio-l1-1-0.dll
0x0000024c799d0000 - 0x0000024c799d4000 	C:\Program Files\Java\javafx-sdk-18.0.1\bin\api-ms-win-crt-convert-l1-1-0.dll
0x0000024c799e0000 - 0x0000024c799e3000 	C:\Program Files\Java\javafx-sdk-18.0.1\bin\api-ms-win-crt-environment-l1-1-0.dll
0x0000024c799f0000 - 0x0000024c799f3000 	C:\Program Files\Java\javafx-sdk-18.0.1\bin\api-ms-win-crt-filesystem-l1-1-0.dll
0x0000024c79a00000 - 0x0000024c79a03000 	C:\Program Files\Java\javafx-sdk-18.0.1\bin\api-ms-win-crt-heap-l1-1-0.dll
0x0000024c79a10000 - 0x0000024c79a13000 	C:\Program Files\Java\javafx-sdk-18.0.1\bin\api-ms-win-crt-locale-l1-1-0.dll
0x0000024c79a20000 - 0x0000024c79a25000 	C:\Program Files\Java\javafx-sdk-18.0.1\bin\api-ms-win-crt-math-l1-1-0.dll
0x0000024c79a30000 - 0x0000024c79a35000 	C:\Program Files\Java\javafx-sdk-18.0.1\bin\api-ms-win-crt-multibyte-l1-1-0.dll
0x0000024c79a40000 - 0x0000024c79a50000 	C:\Program Files\Java\javafx-sdk-18.0.1\bin\api-ms-win-crt-private-l1-1-0.dll
0x0000024c79a50000 - 0x0000024c79a53000 	C:\Program Files\Java\javafx-sdk-18.0.1\bin\api-ms-win-crt-process-l1-1-0.dll
0x0000024c79a60000 - 0x0000024c79a64000 	C:\Program Files\Java\javafx-sdk-18.0.1\bin\api-ms-win-crt-runtime-l1-1-0.dll
0x0000024c79a70000 - 0x0000024c79a74000 	C:\Program Files\Java\javafx-sdk-18.0.1\bin\api-ms-win-crt-stdio-l1-1-0.dll
0x0000024c79a80000 - 0x0000024c79a84000 	C:\Program Files\Java\javafx-sdk-18.0.1\bin\api-ms-win-crt-string-l1-1-0.dll
0x0000024c79a90000 - 0x0000024c79a93000 	C:\Program Files\Java\javafx-sdk-18.0.1\bin\api-ms-win-crt-time-l1-1-0.dll
0x0000024c79aa0000 - 0x0000024c79aa3000 	C:\Program Files\Java\javafx-sdk-18.0.1\bin\api-ms-win-crt-utility-l1-1-0.dll
0x00007ffed98a0000 - 0x00007ffed999c000 	C:\Program Files\Java\javafx-sdk-18.0.1\bin\ucrtbase.dll
0x00007fff32930000 - 0x00007fff3294a000 	C:\Program Files\Java\javafx-sdk-18.0.1\bin\vcruntime140.dll
0x00007fff59690000 - 0x00007fff5969c000 	C:\Program Files\Java\javafx-sdk-18.0.1\bin\vcruntime140_1.dll
0x00007ffed8fe0000 - 0x00007ffed906d000 	C:\Program Files\Java\javafx-sdk-18.0.1\bin\msvcp140.dll
0x00007fff2b5e0000 - 0x00007fff2b60c000 	C:\Program Files\Java\javafx-sdk-18.0.1\bin\prism_d3d.dll
0x00007fff521e0000 - 0x00007fff52386000 	C:\Windows\system32\d3d9.dll
0x00007fff5ad70000 - 0x00007fff5ad9f000 	C:\Windows\SYSTEM32\dwmapi.dll
0x00007fff5a6a0000 - 0x00007fff5a6d8000 	C:\Windows\SYSTEM32\dxcore.dll
0x00007fff5a380000 - 0x00007fff5a42c000 	C:\Windows\system32\uxtheme.dll
0x00007fff532b0000 - 0x00007fff533b7000 	C:\Windows\System32\DriverStore\FileRepository\nvltig.inf_amd64_ce837e92efe9cbc4\nvldumdx.dll
0x00007fff5c9f0000 - 0x00007fff5ca02000 	C:\Windows\SYSTEM32\msasn1.dll
0x00007fff54980000 - 0x00007fff549b1000 	C:\Windows\SYSTEM32\cryptnet.dll
0x00007fff5d160000 - 0x00007fff5d2c2000 	C:\Windows\System32\CRYPT32.dll
0x00007fff52f50000 - 0x00007fff53099000 	C:\Windows\SYSTEM32\drvstore.dll
0x00007fff5ce50000 - 0x00007fff5ce7c000 	C:\Windows\SYSTEM32\devobj.dll
0x00007fff5ce00000 - 0x00007fff5ce4c000 	C:\Windows\SYSTEM32\cfgmgr32.dll
0x00007fff5ca60000 - 0x00007fff5ca9d000 	C:\Windows\SYSTEM32\wldp.dll
0x00007fff5c990000 - 0x00007fff5c99c000 	C:\Windows\SYSTEM32\cryptbase.dll
0x00007fff5d8b0000 - 0x00007fff5d917000 	C:\Windows\System32\WINTRUST.DLL
0x00007fff5eaf0000 - 0x00007fff5eb0f000 	C:\Windows\System32\imagehlp.dll
0x00007fff5c9a0000 - 0x00007fff5c9b8000 	C:\Windows\SYSTEM32\CRYPTSP.dll
0x00007fff5c280000 - 0x00007fff5c2b5000 	C:\Windows\system32\rsaenh.dll
0x00007fff5cb10000 - 0x00007fff5cb37000 	C:\Windows\SYSTEM32\bcrypt.dll
0x00007ffee0330000 - 0x00007ffee1ab8000 	C:\Windows\System32\DriverStore\FileRepository\nvltig.inf_amd64_ce837e92efe9cbc4\nvd3dumx.dll
0x00007fff56f80000 - 0x00007fff56fc4000 	C:\Windows\SYSTEM32\directxdatabasehelper.dll
0x00007fff5aa10000 - 0x00007fff5aa44000 	C:\Windows\SYSTEM32\ntmarta.dll
0x00007ffed9850000 - 0x00007ffed9892000 	C:\Program Files\Java\javafx-sdk-18.0.1\bin\glass.dll
0x00007fff5ed00000 - 0x00007fff5edec000 	C:\Windows\System32\COMDLG32.dll
0x00007fff5ef30000 - 0x00007fff5f0ca000 	C:\Windows\System32\ole32.dll
0x00007fff5f550000 - 0x00007fff5f626000 	C:\Windows\System32\OLEAUT32.dll
0x00007fff5dc10000 - 0x00007fff5dd2e000 	C:\Windows\System32\MSCTF.dll
0x00007ffee2240000 - 0x00007ffee2503000 	C:\Windows\system32\nvspcap64.dll
0x00007fff5c7e0000 - 0x00007fff5c804000 	C:\Windows\SYSTEM32\gpapi.dll
0x00007fff2b5c0000 - 0x00007fff2b5d4000 	C:\Program Files\Java\javafx-sdk-18.0.1\bin\javafx_font.dll
0x00007fff37e10000 - 0x00007fff3806f000 	C:\Windows\SYSTEM32\dwrite.dll
0x00007fff5ea40000 - 0x00007fff5eaef000 	C:\Windows\System32\clbcatq.dll
0x00007fff54af0000 - 0x00007fff54c9e000 	C:\Windows\SYSTEM32\WindowsCodecs.dll
0x00007fff36300000 - 0x00007fff3635d000 	C:\Windows\system32\dataexchange.dll
0x00007fff53ce0000 - 0x00007fff53f46000 	C:\Windows\system32\twinapi.appcore.dll
0x00007fff35fe0000 - 0x00007fff36012000 	C:\Program Files\Common Files\Microsoft Shared\Ink\rtscom.dll
0x00007fff3f140000 - 0x00007fff3f26d000 	C:\Windows\SYSTEM32\textinputframework.dll
0x00007fff59fa0000 - 0x00007fff5a0d2000 	C:\Windows\SYSTEM32\CoreMessaging.dll

dbghelp: loaded successfully - version: 4.0.5 - missing functions: none
symbol engine: initialized successfully - sym options: 0x614 - pdb path: .;C:\Program Files\Java\jdk-17.0.2\bin;C:\Windows\SYSTEM32;C:\Windows\WinSxS\amd64_microsoft.windows.common-controls_6595b64144ccf1df_6.0.22000.120_none_9d947278b86cc467;C:\Program Files\Java\jdk-17.0.2\bin\server;C:\Program Files\Java\javafx-sdk-18.0.1\bin;C:\Windows\System32\DriverStore\FileRepository\nvltig.inf_amd64_ce837e92efe9cbc4;C:\Program Files\Common Files\Microsoft Shared\Ink

VM Arguments:
jvm_args: -Dfile.encoding=UTF-8 --add-modules=javafx.controls,javafx.fxml --module-path=C:\Users\juanc\OneDrive\Documentos\Universidad 3\POO\SEATORA\build\classes;C:\Program Files\Java\javafx-sdk-18.0.1\lib\javafx-swt.jar;C:\Program Files\Java\javafx-sdk-18.0.1\lib\javafx.base.jar;C:\Program Files\Java\javafx-sdk-18.0.1\lib\javafx.controls.jar;C:\Program Files\Java\javafx-sdk-18.0.1\lib\javafx.fxml.jar;C:\Program Files\Java\javafx-sdk-18.0.1\lib\javafx.graphics.jar;C:\Program Files\Java\javafx-sdk-18.0.1\lib\javafx.media.jar;C:\Program Files\Java\javafx-sdk-18.0.1\lib\javafx.swing.jar;C:\Program Files\Java\javafx-sdk-18.0.1\lib\javafx.web.jar 
java_command: start.Seatora
java_class_path (initial): C:\Program Files\Java\javafx-sdk-18.0.1\lib\javafx-swt.jar;C:\Program Files\Java\javafx-sdk-18.0.1\lib\javafx.base.jar;C:\Program Files\Java\javafx-sdk-18.0.1\lib\javafx.controls.jar;C:\Program Files\Java\javafx-sdk-18.0.1\lib\javafx.fxml.jar;C:\Program Files\Java\javafx-sdk-18.0.1\lib\javafx.graphics.jar;C:\Program Files\Java\javafx-sdk-18.0.1\lib\javafx.media.jar;C:\Program Files\Java\javafx-sdk-18.0.1\lib\javafx.swing.jar;C:\Program Files\Java\javafx-sdk-18.0.1\lib\javafx.web.jar;C:\Users\juanc\OneDrive\Documentos\Universidad 3\POO\SEATORA\build\classes
Launcher Type: SUN_STANDARD

[Global flags]
     intx CICompilerCount                          = 12                                        {product} {ergonomic}
     uint ConcGCThreads                            = 3                                         {product} {ergonomic}
     uint G1ConcRefinementThreads                  = 13                                        {product} {ergonomic}
   size_t G1HeapRegionSize                         = 4194304                                   {product} {ergonomic}
    uintx GCDrainStackTargetSize                   = 64                                        {product} {ergonomic}
   size_t InitialHeapSize                          = 402653184                                 {product} {ergonomic}
   size_t MarkStackSize                            = 4194304                                   {product} {ergonomic}
   size_t MaxHeapSize                              = 6404702208                                {product} {ergonomic}
   size_t MaxNewSize                               = 3841982464                                {product} {ergonomic}
   size_t MinHeapDeltaBytes                        = 4194304                                   {product} {ergonomic}
   size_t MinHeapSize                              = 8388608                                   {product} {ergonomic}
    uintx NonNMethodCodeHeapSize                   = 7602480                                {pd product} {ergonomic}
    uintx NonProfiledCodeHeapSize                  = 122027880                              {pd product} {ergonomic}
    uintx ProfiledCodeHeapSize                     = 122027880                              {pd product} {ergonomic}
    uintx ReservedCodeCacheSize                    = 251658240                              {pd product} {ergonomic}
     bool SegmentedCodeCache                       = true                                      {product} {ergonomic}
   size_t SoftMaxHeapSize                          = 6404702208                             {manageable} {ergonomic}
     bool UseCompressedClassPointers               = true                           {product lp64_product} {ergonomic}
     bool UseCompressedOops                        = true                           {product lp64_product} {ergonomic}
     bool UseG1GC                                  = true                                      {product} {ergonomic}
     bool UseLargePagesIndividualAllocation        = false                                  {pd product} {ergonomic}

Logging:
Log output configuration:
 #0: stdout all=off uptime,level,tags
 #1: stderr all=off uptime,level,tags

Environment Variables:
PATH=C:\Program Files\Common Files\Oracle\Java\javapath;C:\Program Files (x86)\Common Files\Oracle\Java\javapath;C:\Windows\system32;C:\Windows;C:\Windows\System32\Wbem;C:\Windows\System32\WindowsPowerShell\v1.0\;C:\Windows\System32\OpenSSH\;C:\Program Files (x86)\NVIDIA Corporation\PhysX\Common;C:\Program Files\NVIDIA Corporation\NVIDIA NvDLISR;C:\Users\juanc\AppData\Local\Microsoft\WindowsApps;;C:\Users\juanc\AppData\Local\Programs\Microsoft VS Code\bin
USERNAME=juanc
OS=Windows_NT
PROCESSOR_IDENTIFIER=AMD64 Family 25 Model 80 Stepping 0, AuthenticAMD



---------------  S Y S T E M  ---------------

OS:
 Windows 11 , 64 bit Build 22000 (10.0.22000.675)
OS uptime: 0 days 3:03 hours

CPU: total 16 (initial active 16) (16 cores per cpu, 2 threads per core) family 25 model 80 stepping 0 microcode 0x0, cx8, cmov, fxsr, ht, mmx, 3dnowpref, sse, sse2, sse3, ssse3, sse4a, sse4.1, sse4.2, popcnt, lzcnt, tsc, tscinvbit, avx, avx2, aes, erms, clmul, bmi1, bmi2, adx, sha, fma, vzeroupper, clflush, clflushopt

Memory: 4k page, system-wide physical 24428M (14783M free)
TotalPageFile size 28012M (AvailPageFile size 14481M)
current process WorkingSet (physical memory assigned to process): 174M, peak: 256M
current process commit charge ("private bytes"): 651M, peak: 712M

vm_info: Java HotSpot(TM) 64-Bit Server VM (17.0.2+8-LTS-86) for windows-amd64 JRE (17.0.2+8-LTS-86), built on Dec  7 2021 21:51:03 by "mach5one" with MS VC++ 16.8 / 16.9 (VS2019)

END.
