#
# A fatal error has been detected by the Java Runtime Environment:
#
#  EXCEPTION_ACCESS_VIOLATION (0xc0000005) at pc=0x00007ffe6b5f62d7, pid=6196, tid=4896
#
# JRE version: Java(TM) SE Runtime Environment (17.0.2+8) (build 17.0.2+8-LTS-86)
# Java VM: Java HotSpot(TM) 64-Bit Server VM (17.0.2+8-LTS-86, mixed mode, sharing, tiered, compressed oops, compressed class ptrs, g1 gc, windows-amd64)
# Problematic frame:
# C  [glass.dll+0x262d7]
#
# No core dump will be written. Minidumps are not enabled by default on client versions of Windows
#
# If you would like to submit a bug report, please visit:
#   https://bugreport.java.com/bugreport/crash.jsp
#

---------------  S U M M A R Y ------------

Command Line: -Dfile.encoding=UTF-8 --add-modules=javafx.controls,javafx.fxml --module-path=C:\Users\juanc\OneDrive\Documentos\Universidad 3\POO\SEATORA\build\classes;C:\Program Files\Java\javafx-sdk-18.0.1\lib\javafx-swt.jar;C:\Program Files\Java\javafx-sdk-18.0.1\lib\javafx.base.jar;C:\Program Files\Java\javafx-sdk-18.0.1\lib\javafx.controls.jar;C:\Program Files\Java\javafx-sdk-18.0.1\lib\javafx.fxml.jar;C:\Program Files\Java\javafx-sdk-18.0.1\lib\javafx.graphics.jar;C:\Program Files\Java\javafx-sdk-18.0.1\lib\javafx.media.jar;C:\Program Files\Java\javafx-sdk-18.0.1\lib\javafx.swing.jar;C:\Program Files\Java\javafx-sdk-18.0.1\lib\javafx.web.jar start.Seatora

Host: AMD Ryzen 7 5800H with Radeon Graphics         , 16 cores, 23G,  Windows 11 , 64 bit Build 22000 (10.0.22000.675)
Time: Thu May 26 10:06:23 2022 Hora est. Pacífico, Sudamérica elapsed time: 10.262753 seconds (0d 0h 0m 10s)

---------------  T H R E A D  ---------------

Current thread (0x000002222fb2f450):  VMThread "VM Thread" [stack: 0x000000308a000000,0x000000308a100000] [id=4896]

Stack: [0x000000308a000000,0x000000308a100000],  sp=0x000000308a0ff350,  free space=1020k
Native frames: (J=compiled Java code, j=interpreted, Vv=VM code, C=native code)
C  [glass.dll+0x262d7]


siginfo: EXCEPTION_ACCESS_VIOLATION (0xc0000005), reading address 0x0000000000000000


Register to memory mapping:

RIP=0x00007ffe6b5f62d7 glass.dll
RAX=0x0 is NULL
RBX=0x000002222fb3b1f8 is a global jni handle
RCX=0x000002222fb2f450 points into unknown readable memory: 0x00007ffe0739e890 | 90 e8 39 07 fe 7f 00 00
RDX=0x000000308a0ff350 points into unknown readable memory: 0x0000000000000000 | 00 00 00 00 00 00 00 00
RSP=0x000000308a0ff350 points into unknown readable memory: 0x0000000000000000 | 00 00 00 00 00 00 00 00
RBP=0x000002223130a768 points into unknown readable memory: 0x00009f523af14cc1 | c1 4c f1 3a 52 9f 00 00
RSI=0x000002223130a740 points into unknown readable memory: 0x000060aeec4f2179 | 79 21 4f ec ae 60 00 00
RDI=0x00009f523af14cc1 is an unknown value
R8 =0x0000000000010002 is an unknown value
R9 =0x00009f523af14cc1 is an unknown value
R10=0x85f13e9656da4870 is an unknown value
R11=0x000000308a0ff2e0 points into unknown readable memory: 0x000002223130a740 | 40 a7 30 31 22 02 00 00
R12=0x00007ffe6b5f3bc4 glass.dll
R13=0x00007ffe075449d0 jvm.dll
R14=0x000000308a0ff458 points into unknown readable memory: 0x000000308a0ff440 | 40 f4 0f 8a 30 00 00 00
R15=0x000002223130a740 points into unknown readable memory: 0x000060aeec4f2179 | 79 21 4f ec ae 60 00 00


Registers:
RAX=0x0000000000000000, RBX=0x000002222fb3b1f8, RCX=0x000002222fb2f450, RDX=0x000000308a0ff350
RSP=0x000000308a0ff350, RBP=0x000002223130a768, RSI=0x000002223130a740, RDI=0x00009f523af14cc1
R8 =0x0000000000010002, R9 =0x00009f523af14cc1, R10=0x85f13e9656da4870, R11=0x000000308a0ff2e0
R12=0x00007ffe6b5f3bc4, R13=0x00007ffe075449d0, R14=0x000000308a0ff458, R15=0x000002223130a740
RIP=0x00007ffe6b5f62d7, EFLAGS=0x0000000000010206

Top of Stack: (sp=0x000000308a0ff350)
0x000000308a0ff350:   0000000000000000 000002223130a740
0x000000308a0ff360:   00007ffe075449d0 00007ffe6b5f3bc4
0x000000308a0ff370:   000002223130a748 00007ffe99cdbea0
0x000000308a0ff380:   00009f523af14cc1 0000022200000000
0x000000308a0ff390:   000002223130a768 000002223130a740
0x000000308a0ff3a0:   fffffffffffffffe 0000000000000000
0x000000308a0ff3b0:   0000000000000001 00007ffe6b5d0000
0x000000308a0ff3c0:   000000308a0ff448 00007ffe99cdbdb7
0x000000308a0ff3d0:   0000000000000000 000000308a0ff458
0x000000308a0ff3e0:   000000308a0ff730 00007ffe99dc12b0
0x000000308a0ff3f0:   0000000000000001 00007ffe99cdbd6d
0x000000308a0ff400:   0000000000000000 0000000000000001
0x000000308a0ff410:   0000000000000000 000000308a0ff448
0x000000308a0ff420:   fffffffffffffffe 0000003000000000
0x000000308a0ff430:   ffffffff00000001 00007ffe6b5f3a51
0x000000308a0ff440:   00007ffe6b609f88 00007ffe00000002 

Instructions: (pc=0x00007ffe6b5f62d7)
0x00007ffe6b5f61d7:   8b 4d 58 e8 2d cf ff ff 48 8b 4d 60 e8 24 cf ff
0x00007ffe6b5f61e7:   ff 48 8b 95 80 00 00 00 48 8b 8d 18 01 00 00 e8
0x00007ffe6b5f61f7:   16 c4 ff ff 33 d2 33 c9 e8 5c e1 ff ff 90 48 89
0x00007ffe6b5f6207:   54 24 10 55 48 83 ec 20 48 8b ea 48 b8 00 00 00
0x00007ffe6b5f6217:   00 00 00 00 00 48 83 c4 20 5d c3 cc 40 55 48 8b
0x00007ffe6b5f6227:   ea 48 8b 01 33 c9 81 38 05 00 00 c0 0f 94 c1 8b
0x00007ffe6b5f6237:   c1 5d c3 cc 40 55 48 83 ec 20 48 8b ea 8a 4d 40
0x00007ffe6b5f6247:   48 83 c4 20 5d e9 17 d3 ff ff cc 40 55 48 83 ec
0x00007ffe6b5f6257:   20 48 8b ea 8a 4d 20 e8 05 d3 ff ff 90 48 83 c4
0x00007ffe6b5f6267:   20 5d c3 cc 40 55 48 83 ec 20 48 8b ea 48 83 c4
0x00007ffe6b5f6277:   20 5d e9 66 d1 ff ff cc 40 55 48 83 ec 30 48 8b
0x00007ffe6b5f6287:   ea 48 8b 01 8b 10 48 89 4c 24 28 89 54 24 20 4c
0x00007ffe6b5f6297:   8d 0d 07 d6 ff ff 4c 8b 45 70 8b 55 68 48 8b 4d
0x00007ffe6b5f62a7:   60 e8 a7 d0 ff ff 90 48 83 c4 30 5d c3 cc cc cc
0x00007ffe6b5f62b7:   cc cc cc cc cc cc cc cc cc 40 53 48 83 ec 20 48
0x00007ffe6b5f62c7:   8b 1d bb 36 01 00 48 85 db 74 16 e8 59 8b ff ff
0x00007ffe6b5f62d7:   4c 8b 00 48 8b d3 48 8b c8 41 ff 90 b0 00 00 00
0x00007ffe6b5f62e7:   90 48 83 c4 20 5b c3 cc cc 40 53 48 83 ec 20 48
0x00007ffe6b5f62f7:   8b 1d 2b 38 01 00 48 85 db 74 57 b8 ff ff ff ff
0x00007ffe6b5f6307:   f0 0f c1 43 10 83 f8 01 75 3d 48 85 db 74 38 48
0x00007ffe6b5f6317:   8b 0b 48 85 c9 74 0d ff 15 84 0f 00 00 48 c7 03
0x00007ffe6b5f6327:   00 00 00 00 48 8b 4b 08 48 85 c9 74 0d e8 d3 cd
0x00007ffe6b5f6337:   ff ff 48 c7 43 08 00 00 00 00 ba 18 00 00 00 48
0x00007ffe6b5f6347:   8b cb e8 be cd ff ff 48 c7 05 cf 37 01 00 00 00
0x00007ffe6b5f6357:   00 00 48 83 c4 20 5b c3 cc 40 53 48 83 ec 20 48
0x00007ffe6b5f6367:   8b 1d 9b 37 01 00 48 85 db 74 57 b8 ff ff ff ff
0x00007ffe6b5f6377:   f0 0f c1 43 10 83 f8 01 75 3d 48 85 db 74 38 48
0x00007ffe6b5f6387:   8b 0b 48 85 c9 74 0d ff 15 14 0f 00 00 48 c7 03
0x00007ffe6b5f6397:   00 00 00 00 48 8b 4b 08 48 85 c9 74 0d e8 63 cd
0x00007ffe6b5f63a7:   ff ff 48 c7 43 08 00 00 00 00 ba 18 00 00 00 48
0x00007ffe6b5f63b7:   8b cb e8 4e cd ff ff 48 c7 05 3f 37 01 00 00 00
0x00007ffe6b5f63c7:   00 00 48 83 c4 20 5b c3 cc 40 53 48 83 ec 20 48 


Stack slot to memory mapping:
stack at sp + 0 slots: 0x0 is NULL
stack at sp + 1 slots: 0x000002223130a740 points into unknown readable memory: 0x000060aeec4f2179 | 79 21 4f ec ae 60 00 00
stack at sp + 2 slots: 0x00007ffe075449d0 jvm.dll
stack at sp + 3 slots: 0x00007ffe6b5f3bc4 glass.dll
stack at sp + 4 slots: 0x000002223130a748 points into unknown readable memory: 0x00009f523af14cc1 | c1 4c f1 3a 52 9f 00 00
stack at sp + 5 slots: 0x00007ffe99cdbea0 ucrtbase.dll
stack at sp + 6 slots: 0x00009f523af14cc1 is an unknown value
stack at sp + 7 slots: 0x0000022200000000 is an unknown value

VM_Operation (0x000000308b9f6000): Exit, mode: safepoint, requested by thread 0x00000222308c5ad0


---------------  P R O C E S S  ---------------

Threads class SMR info:
_java_thread_list=0x0000022231fa1d10, length=19, elements={
0x000002220782eef0, 0x000002222fb32e50, 0x000002222fb35de0, 0x000002222fb49b50,
0x000002222fb4a410, 0x000002222fb4acd0, 0x000002222fb4b590, 0x000002222fb4c230,
0x000002222fb5a130, 0x000002222fb58710, 0x000002222fb1f9c0, 0x00000222316e5c80,
0x0000022231127980, 0x0000022231234c50, 0x00000222308c5ad0, 0x0000022231a51a50,
0x0000022231a5b910, 0x0000022239684860, 0x000002223aa695b0
}

Java Threads: ( => current thread )
  0x000002220782eef0 JavaThread "main" [_thread_blocked, id=8176, stack(0x0000003089a00000,0x0000003089b00000)]
  0x000002222fb32e50 JavaThread "Reference Handler" daemon [_thread_blocked, id=2708, stack(0x000000308a100000,0x000000308a200000)]
  0x000002222fb35de0 JavaThread "Finalizer" daemon [_thread_blocked, id=6612, stack(0x000000308a200000,0x000000308a300000)]
  0x000002222fb49b50 JavaThread "Signal Dispatcher" daemon [_thread_blocked, id=16092, stack(0x000000308a300000,0x000000308a400000)]
  0x000002222fb4a410 JavaThread "Attach Listener" daemon [_thread_blocked, id=2468, stack(0x000000308a400000,0x000000308a500000)]
  0x000002222fb4acd0 JavaThread "Service Thread" daemon [_thread_blocked, id=11228, stack(0x000000308a500000,0x000000308a600000)]
  0x000002222fb4b590 JavaThread "Monitor Deflation Thread" daemon [_thread_blocked, id=14588, stack(0x000000308a600000,0x000000308a700000)]
  0x000002222fb4c230 JavaThread "C2 CompilerThread0" daemon [_thread_blocked, id=4316, stack(0x000000308a700000,0x000000308a800000)]
  0x000002222fb5a130 JavaThread "C1 CompilerThread0" daemon [_thread_blocked, id=16468, stack(0x000000308a800000,0x000000308a900000)]
  0x000002222fb58710 JavaThread "Sweeper thread" daemon [_thread_blocked, id=17944, stack(0x000000308a900000,0x000000308aa00000)]
  0x000002222fb1f9c0 JavaThread "Common-Cleaner" daemon [_thread_blocked, id=2716, stack(0x000000308ab00000,0x000000308ac00000)]
  0x00000222316e5c80 JavaThread "Notification Thread" daemon [_thread_blocked, id=18700, stack(0x000000308b400000,0x000000308b500000)]
  0x0000022231127980 JavaThread "QuantumRenderer-0" daemon [_thread_blocked, id=12220, stack(0x000000308b600000,0x000000308b700000)]
  0x0000022231234c50 JavaThread "InvokeLaterDispatcher" daemon [_thread_blocked, id=9908, stack(0x000000308b800000,0x000000308b900000)]
  0x00000222308c5ad0 JavaThread "JavaFX Application Thread" [_thread_blocked, id=7764, stack(0x000000308b900000,0x000000308ba00000)]
  0x0000022231a51a50 JavaThread "JavaFX-Launcher" [_thread_blocked, id=5208, stack(0x000000308b200000,0x000000308b300000)]
  0x0000022231a5b910 JavaThread "Thread-2" daemon [_thread_in_native, id=11340, stack(0x000000308b100000,0x000000308b200000)]
  0x0000022239684860 JavaThread "Prism Font Disposer" daemon [_thread_blocked, id=6756, stack(0x000000308c200000,0x000000308c300000)]
  0x000002223aa695b0 JavaThread "Cleaner-0" daemon [_thread_blocked, id=9016, stack(0x000000308c650000,0x000000308c750000)]

Other Threads:
=>0x000002222fb2f450 VMThread "VM Thread" [stack: 0x000000308a000000,0x000000308a100000] [id=4896]
  0x0000022207890380 GCTaskThread "GC Thread#0" [stack: 0x0000003089b00000,0x0000003089c00000] [id=2488]
  0x0000022231949870 GCTaskThread "GC Thread#1" [stack: 0x000000308b300000,0x000000308b400000] [id=4920]
  0x0000022231949b20 GCTaskThread "GC Thread#2" [stack: 0x000000308bb00000,0x000000308bc00000] [id=6792]
  0x00000222318a6860 GCTaskThread "GC Thread#3" [stack: 0x000000308bc00000,0x000000308bd00000] [id=8648]
  0x00000222318a6b10 GCTaskThread "GC Thread#4" [stack: 0x000000308bd00000,0x000000308be00000] [id=7092]
  0x00000222318a6dc0 GCTaskThread "GC Thread#5" [stack: 0x000000308be00000,0x000000308bf00000] [id=2172]
  0x00000222318b50a0 GCTaskThread "GC Thread#6" [stack: 0x000000308bf00000,0x000000308c000000] [id=7016]
  0x00000222318b5350 GCTaskThread "GC Thread#7" [stack: 0x000000308c000000,0x000000308c100000] [id=18580]
  0x00000222318b5600 GCTaskThread "GC Thread#8" [stack: 0x000000308c100000,0x000000308c200000] [id=18944]
  0x000002223199eb90 GCTaskThread "GC Thread#9" [stack: 0x000000308af00000,0x000000308b000000] [id=13008]
  0x000002220789cfa0 ConcurrentGCThread "G1 Main Marker" terminated
  0x000002220789d7c0 ConcurrentGCThread "G1 Conc#0" [stack: 0x0000003089d00000,0x0000003089e00000] [id=15632]
  0x000002222f9f20c0 ConcurrentGCThread "G1 Refine#0" terminated
  0x000002222f9f28f0 ConcurrentGCThread "G1 Service" terminated

Threads with active compile tasks:

VM state: at safepoint (shutting down)

VM Mutex/Monitor currently owned by a thread:  ([mutex/lock_event])
[0x000002220782a2b0] Threads_lock - owner thread: 0x000002222fb2f450
[0x000002220782aa00] Heap_lock - owner thread: 0x00000222308c5ad0

Heap address: 0x0000000682400000, size: 6108 MB, Compressed Oops mode: Zero based, Oop shift amount: 3

CDS archive(s) mapped at: [0x0000000800000000-0x0000000800bc0000-0x0000000800bc0000), size 12320768, SharedBaseAddress: 0x0000000800000000, ArchiveRelocationMode: 0.
Compressed class space mapped at: 0x0000000800c00000-0x0000000840c00000, reserved size: 1073741824
Narrow klass base: 0x0000000800000000, Narrow klass shift: 0, Narrow klass range: 0x100000000

GC Precious Log:
 CPUs: 16 total, 16 available
 Memory: 24428M
 Large Page Support: Disabled
 NUMA Support: Disabled
 Compressed Oops: Enabled (Zero based)
 Heap Region Size: 4M
 Heap Min Capacity: 8M
 Heap Initial Capacity: 384M
 Heap Max Capacity: 6108M
 Pre-touch: Disabled
 Parallel Workers: 13
 Concurrent Workers: 3
 Concurrent Refinement Workers: 13
 Periodic GC: Disabled

Heap:
 garbage-first heap   total 393216K, used 61887K [0x0000000682400000, 0x0000000800000000)
  region size 4096K, 8 young (32768K), 2 survivors (8192K)
 Metaspace       used 16207K, committed 16448K, reserved 1064960K
  class space    used 2334K, committed 2432K, reserved 1048576K

Heap Regions: E=young(eden), S=young(survivor), O=old, HS=humongous(starts), HC=humongous(continues), CS=collection set, F=free, OA=open archive, CA=closed archive, TAMS=top-at-mark-start (previous, next)
|   0|0x0000000682400000, 0x0000000682800000, 0x0000000682800000|100%|HS|  |TAMS 0x0000000682400000, 0x0000000682400000| Complete 
|   1|0x0000000682800000, 0x0000000682c00000, 0x0000000682c00000|100%|HS|  |TAMS 0x0000000682800000, 0x0000000682800000| Complete 
|   2|0x0000000682c00000, 0x0000000683000000, 0x0000000683000000|100%|HS|  |TAMS 0x0000000682c00000, 0x0000000682c00000| Complete 
|   3|0x0000000683000000, 0x000000068306fc00, 0x0000000683400000| 10%| O|  |TAMS 0x0000000683000000, 0x0000000683000000| Untracked 
|   4|0x0000000683400000, 0x0000000683800000, 0x0000000683800000|100%|HS|  |TAMS 0x0000000683400000, 0x0000000683400000| Complete 
|   5|0x0000000683800000, 0x0000000683c00000, 0x0000000683c00000|100%|HS|  |TAMS 0x0000000683800000, 0x0000000683800000| Complete 
|   6|0x0000000683c00000, 0x0000000684000000, 0x0000000684000000|100%|HS|  |TAMS 0x0000000683c00000, 0x0000000683c00000| Complete 
|   7|0x0000000684000000, 0x0000000684400000, 0x0000000684400000|100%|HS|  |TAMS 0x0000000684000000, 0x0000000684000000| Complete 
|   8|0x0000000684400000, 0x0000000684800000, 0x0000000684800000|100%|HS|  |TAMS 0x0000000684400000, 0x0000000684400000| Complete 
|   9|0x0000000684800000, 0x0000000684800000, 0x0000000684c00000|  0%| F|  |TAMS 0x0000000684800000, 0x0000000684800000| Untracked 
|  10|0x0000000684c00000, 0x0000000684c00000, 0x0000000685000000|  0%| F|  |TAMS 0x0000000684c00000, 0x0000000684c00000| Untracked 
|  11|0x0000000685000000, 0x0000000685000000, 0x0000000685400000|  0%| F|  |TAMS 0x0000000685000000, 0x0000000685000000| Untracked 
|  12|0x0000000685400000, 0x0000000685400000, 0x0000000685800000|  0%| F|  |TAMS 0x0000000685400000, 0x0000000685400000| Untracked 
|  13|0x0000000685800000, 0x0000000685800000, 0x0000000685c00000|  0%| F|  |TAMS 0x0000000685800000, 0x0000000685800000| Untracked 
|  14|0x0000000685c00000, 0x0000000685c00000, 0x0000000686000000|  0%| F|  |TAMS 0x0000000685c00000, 0x0000000685c00000| Untracked 
|  15|0x0000000686000000, 0x0000000686000000, 0x0000000686400000|  0%| F|  |TAMS 0x0000000686000000, 0x0000000686000000| Untracked 
|  16|0x0000000686400000, 0x0000000686400000, 0x0000000686800000|  0%| F|  |TAMS 0x0000000686400000, 0x0000000686400000| Untracked 
|  17|0x0000000686800000, 0x0000000686800000, 0x0000000686c00000|  0%| F|  |TAMS 0x0000000686800000, 0x0000000686800000| Untracked 
|  18|0x0000000686c00000, 0x0000000686c00000, 0x0000000687000000|  0%| F|  |TAMS 0x0000000686c00000, 0x0000000686c00000| Untracked 
|  19|0x0000000687000000, 0x0000000687000000, 0x0000000687400000|  0%| F|  |TAMS 0x0000000687000000, 0x0000000687000000| Untracked 
|  20|0x0000000687400000, 0x0000000687400000, 0x0000000687800000|  0%| F|  |TAMS 0x0000000687400000, 0x0000000687400000| Untracked 
|  21|0x0000000687800000, 0x0000000687800000, 0x0000000687c00000|  0%| F|  |TAMS 0x0000000687800000, 0x0000000687800000| Untracked 
|  22|0x0000000687c00000, 0x0000000687c00000, 0x0000000688000000|  0%| F|  |TAMS 0x0000000687c00000, 0x0000000687c00000| Untracked 
|  23|0x0000000688000000, 0x0000000688000000, 0x0000000688400000|  0%| F|  |TAMS 0x0000000688000000, 0x0000000688000000| Untracked 
|  24|0x0000000688400000, 0x0000000688400000, 0x0000000688800000|  0%| F|  |TAMS 0x0000000688400000, 0x0000000688400000| Untracked 
|  25|0x0000000688800000, 0x0000000688800000, 0x0000000688c00000|  0%| F|  |TAMS 0x0000000688800000, 0x0000000688800000| Untracked 
|  26|0x0000000688c00000, 0x0000000688c00000, 0x0000000689000000|  0%| F|  |TAMS 0x0000000688c00000, 0x0000000688c00000| Untracked 
|  27|0x0000000689000000, 0x0000000689000000, 0x0000000689400000|  0%| F|  |TAMS 0x0000000689000000, 0x0000000689000000| Untracked 
|  28|0x0000000689400000, 0x0000000689400000, 0x0000000689800000|  0%| F|  |TAMS 0x0000000689400000, 0x0000000689400000| Untracked 
|  29|0x0000000689800000, 0x0000000689800000, 0x0000000689c00000|  0%| F|  |TAMS 0x0000000689800000, 0x0000000689800000| Untracked 
|  30|0x0000000689c00000, 0x0000000689c00000, 0x000000068a000000|  0%| F|  |TAMS 0x0000000689c00000, 0x0000000689c00000| Untracked 
|  31|0x000000068a000000, 0x000000068a000000, 0x000000068a400000|  0%| F|  |TAMS 0x000000068a000000, 0x000000068a000000| Untracked 
|  32|0x000000068a400000, 0x000000068a400000, 0x000000068a800000|  0%| F|  |TAMS 0x000000068a400000, 0x000000068a400000| Untracked 
|  33|0x000000068a800000, 0x000000068a800000, 0x000000068ac00000|  0%| F|  |TAMS 0x000000068a800000, 0x000000068a800000| Untracked 
|  34|0x000000068ac00000, 0x000000068ac00000, 0x000000068b000000|  0%| F|  |TAMS 0x000000068ac00000, 0x000000068ac00000| Untracked 
|  35|0x000000068b000000, 0x000000068b000000, 0x000000068b400000|  0%| F|  |TAMS 0x000000068b000000, 0x000000068b000000| Untracked 
|  36|0x000000068b400000, 0x000000068b400000, 0x000000068b800000|  0%| F|  |TAMS 0x000000068b400000, 0x000000068b400000| Untracked 
|  37|0x000000068b800000, 0x000000068b800000, 0x000000068bc00000|  0%| F|  |TAMS 0x000000068b800000, 0x000000068b800000| Untracked 
|  38|0x000000068bc00000, 0x000000068bc00000, 0x000000068c000000|  0%| F|  |TAMS 0x000000068bc00000, 0x000000068bc00000| Untracked 
|  39|0x000000068c000000, 0x000000068c000000, 0x000000068c400000|  0%| F|  |TAMS 0x000000068c000000, 0x000000068c000000| Untracked 
|  40|0x000000068c400000, 0x000000068c400000, 0x000000068c800000|  0%| F|  |TAMS 0x000000068c400000, 0x000000068c400000| Untracked 
|  41|0x000000068c800000, 0x000000068c800000, 0x000000068cc00000|  0%| F|  |TAMS 0x000000068c800000, 0x000000068c800000| Untracked 
|  42|0x000000068cc00000, 0x000000068cc00000, 0x000000068d000000|  0%| F|  |TAMS 0x000000068cc00000, 0x000000068cc00000| Untracked 
|  43|0x000000068d000000, 0x000000068d000000, 0x000000068d400000|  0%| F|  |TAMS 0x000000068d000000, 0x000000068d000000| Untracked 
|  44|0x000000068d400000, 0x000000068d400000, 0x000000068d800000|  0%| F|  |TAMS 0x000000068d400000, 0x000000068d400000| Untracked 
|  45|0x000000068d800000, 0x000000068d800000, 0x000000068dc00000|  0%| F|  |TAMS 0x000000068d800000, 0x000000068d800000| Untracked 
|  46|0x000000068dc00000, 0x000000068dc00000, 0x000000068e000000|  0%| F|  |TAMS 0x000000068dc00000, 0x000000068dc00000| Untracked 
|  47|0x000000068e000000, 0x000000068e000000, 0x000000068e400000|  0%| F|  |TAMS 0x000000068e000000, 0x000000068e000000| Untracked 
|  48|0x000000068e400000, 0x000000068e400000, 0x000000068e800000|  0%| F|  |TAMS 0x000000068e400000, 0x000000068e400000| Untracked 
|  49|0x000000068e800000, 0x000000068e800000, 0x000000068ec00000|  0%| F|  |TAMS 0x000000068e800000, 0x000000068e800000| Untracked 
|  50|0x000000068ec00000, 0x000000068ec00000, 0x000000068f000000|  0%| F|  |TAMS 0x000000068ec00000, 0x000000068ec00000| Untracked 
|  51|0x000000068f000000, 0x000000068f000000, 0x000000068f400000|  0%| F|  |TAMS 0x000000068f000000, 0x000000068f000000| Untracked 
|  52|0x000000068f400000, 0x000000068f400000, 0x000000068f800000|  0%| F|  |TAMS 0x000000068f400000, 0x000000068f400000| Untracked 
|  53|0x000000068f800000, 0x000000068f800000, 0x000000068fc00000|  0%| F|  |TAMS 0x000000068f800000, 0x000000068f800000| Untracked 
|  54|0x000000068fc00000, 0x000000068fc00000, 0x0000000690000000|  0%| F|  |TAMS 0x000000068fc00000, 0x000000068fc00000| Untracked 
|  55|0x0000000690000000, 0x0000000690000000, 0x0000000690400000|  0%| F|  |TAMS 0x0000000690000000, 0x0000000690000000| Untracked 
|  56|0x0000000690400000, 0x0000000690400000, 0x0000000690800000|  0%| F|  |TAMS 0x0000000690400000, 0x0000000690400000| Untracked 
|  57|0x0000000690800000, 0x0000000690800000, 0x0000000690c00000|  0%| F|  |TAMS 0x0000000690800000, 0x0000000690800000| Untracked 
|  58|0x0000000690c00000, 0x0000000690c00000, 0x0000000691000000|  0%| F|  |TAMS 0x0000000690c00000, 0x0000000690c00000| Untracked 
|  59|0x0000000691000000, 0x0000000691000000, 0x0000000691400000|  0%| F|  |TAMS 0x0000000691000000, 0x0000000691000000| Untracked 
|  60|0x0000000691400000, 0x0000000691400000, 0x0000000691800000|  0%| F|  |TAMS 0x0000000691400000, 0x0000000691400000| Untracked 
|  61|0x0000000691800000, 0x0000000691800000, 0x0000000691c00000|  0%| F|  |TAMS 0x0000000691800000, 0x0000000691800000| Untracked 
|  62|0x0000000691c00000, 0x0000000691c00000, 0x0000000692000000|  0%| F|  |TAMS 0x0000000691c00000, 0x0000000691c00000| Untracked 
|  63|0x0000000692000000, 0x0000000692000000, 0x0000000692400000|  0%| F|  |TAMS 0x0000000692000000, 0x0000000692000000| Untracked 
|  64|0x0000000692400000, 0x0000000692400000, 0x0000000692800000|  0%| F|  |TAMS 0x0000000692400000, 0x0000000692400000| Untracked 
|  65|0x0000000692800000, 0x0000000692800000, 0x0000000692c00000|  0%| F|  |TAMS 0x0000000692800000, 0x0000000692800000| Untracked 
|  66|0x0000000692c00000, 0x0000000692c00000, 0x0000000693000000|  0%| F|  |TAMS 0x0000000692c00000, 0x0000000692c00000| Untracked 
|  67|0x0000000693000000, 0x0000000693000000, 0x0000000693400000|  0%| F|  |TAMS 0x0000000693000000, 0x0000000693000000| Untracked 
|  68|0x0000000693400000, 0x0000000693400000, 0x0000000693800000|  0%| F|  |TAMS 0x0000000693400000, 0x0000000693400000| Untracked 
|  69|0x0000000693800000, 0x0000000693800000, 0x0000000693c00000|  0%| F|  |TAMS 0x0000000693800000, 0x0000000693800000| Untracked 
|  70|0x0000000693c00000, 0x0000000693c00000, 0x0000000694000000|  0%| F|  |TAMS 0x0000000693c00000, 0x0000000693c00000| Untracked 
|  71|0x0000000694000000, 0x0000000694000000, 0x0000000694400000|  0%| F|  |TAMS 0x0000000694000000, 0x0000000694000000| Untracked 
|  72|0x0000000694400000, 0x0000000694400000, 0x0000000694800000|  0%| F|  |TAMS 0x0000000694400000, 0x0000000694400000| Untracked 
|  73|0x0000000694800000, 0x0000000694800000, 0x0000000694c00000|  0%| F|  |TAMS 0x0000000694800000, 0x0000000694800000| Untracked 
|  74|0x0000000694c00000, 0x0000000694c00000, 0x0000000695000000|  0%| F|  |TAMS 0x0000000694c00000, 0x0000000694c00000| Untracked 
|  75|0x0000000695000000, 0x0000000695000000, 0x0000000695400000|  0%| F|  |TAMS 0x0000000695000000, 0x0000000695000000| Untracked 
|  76|0x0000000695400000, 0x0000000695400000, 0x0000000695800000|  0%| F|  |TAMS 0x0000000695400000, 0x0000000695400000| Untracked 
|  77|0x0000000695800000, 0x0000000695800000, 0x0000000695c00000|  0%| F|  |TAMS 0x0000000695800000, 0x0000000695800000| Untracked 
|  78|0x0000000695c00000, 0x0000000695c00000, 0x0000000696000000|  0%| F|  |TAMS 0x0000000695c00000, 0x0000000695c00000| Untracked 
|  79|0x0000000696000000, 0x0000000696000000, 0x0000000696400000|  0%| F|  |TAMS 0x0000000696000000, 0x0000000696000000| Untracked 
|  80|0x0000000696400000, 0x0000000696400000, 0x0000000696800000|  0%| F|  |TAMS 0x0000000696400000, 0x0000000696400000| Untracked 
|  81|0x0000000696800000, 0x0000000696800000, 0x0000000696c00000|  0%| F|  |TAMS 0x0000000696800000, 0x0000000696800000| Untracked 
|  82|0x0000000696c00000, 0x0000000696c00000, 0x0000000697000000|  0%| F|  |TAMS 0x0000000696c00000, 0x0000000696c00000| Untracked 
|  83|0x0000000697000000, 0x0000000697400000, 0x0000000697400000|100%| S|CS|TAMS 0x0000000697000000, 0x0000000697000000| Complete 
|  84|0x0000000697400000, 0x0000000697800000, 0x0000000697800000|100%| S|CS|TAMS 0x0000000697400000, 0x0000000697400000| Complete 
|  85|0x0000000697800000, 0x0000000697800000, 0x0000000697c00000|  0%| F|  |TAMS 0x0000000697800000, 0x0000000697800000| Untracked 
|  86|0x0000000697c00000, 0x0000000697c00000, 0x0000000698000000|  0%| F|  |TAMS 0x0000000697c00000, 0x0000000697c00000| Untracked 
|  87|0x0000000698000000, 0x0000000698000000, 0x0000000698400000|  0%| F|  |TAMS 0x0000000698000000, 0x0000000698000000| Untracked 
|  88|0x0000000698400000, 0x0000000698400000, 0x0000000698800000|  0%| F|  |TAMS 0x0000000698400000, 0x0000000698400000| Untracked 
|  89|0x0000000698800000, 0x0000000698800000, 0x0000000698c00000|  0%| F|  |TAMS 0x0000000698800000, 0x0000000698800000| Untracked 
|  90|0x0000000698c00000, 0x0000000698d19640, 0x0000000699000000| 27%| E|  |TAMS 0x0000000698c00000, 0x0000000698c00000| Complete 
|  91|0x0000000699000000, 0x0000000699400000, 0x0000000699400000|100%| E|CS|TAMS 0x0000000699000000, 0x0000000699000000| Complete 
|  92|0x0000000699400000, 0x0000000699800000, 0x0000000699800000|100%| E|CS|TAMS 0x0000000699400000, 0x0000000699400000| Complete 
|  93|0x0000000699800000, 0x0000000699c00000, 0x0000000699c00000|100%| E|CS|TAMS 0x0000000699800000, 0x0000000699800000| Complete 
|  94|0x0000000699c00000, 0x000000069a000000, 0x000000069a000000|100%| E|CS|TAMS 0x0000000699c00000, 0x0000000699c00000| Complete 
|  95|0x000000069a000000, 0x000000069a400000, 0x000000069a400000|100%| E|CS|TAMS 0x000000069a000000, 0x000000069a000000| Complete 

Card table byte_map: [0x000002221f500000,0x00000222200f0000] _byte_map_base: 0x000002221c0ee000

Marking Bits (Prev, Next): (CMBitMap*) 0x00000222078907a0, (CMBitMap*) 0x00000222078907e0
 Prev Bits: [0x0000022220ce0000, 0x0000022226c50000)
 Next Bits: [0x0000022226c50000, 0x000002222cbc0000)

Polling page: 0x0000022207010000

Metaspace:

Usage:
  Non-class:     13.55 MB used.
      Class:      2.28 MB used.
       Both:     15.83 MB used.

Virtual space:
  Non-class space:       16.00 MB reserved,      13.69 MB ( 86%) committed,  2 nodes.
      Class space:        1.00 GB reserved,       2.38 MB ( <1%) committed,  1 nodes.
             Both:        1.02 GB reserved,      16.06 MB (  2%) committed. 

Chunk freelists:
   Non-Class:  2.02 MB
       Class:  1.47 MB
        Both:  3.48 MB

MaxMetaspaceSize: unlimited
CompressedClassSpaceSize: 1.00 GB
Initial GC threshold: 21.00 MB
Current GC threshold: 21.00 MB
CDS: on
MetaspaceReclaimPolicy: balanced
 - commit_granule_bytes: 65536.
 - commit_granule_words: 8192.
 - virtual_space_node_default_size: 1048576.
 - enlarge_chunks_in_place: 1.
 - new_chunks_are_fully_committed: 0.
 - uncommit_free_chunks: 1.
 - use_allocation_guard: 0.
 - handle_deallocations: 1.


Internal statistics:

num_allocs_failed_limit: 0.
num_arena_births: 210.
num_arena_deaths: 0.
num_vsnodes_births: 3.
num_vsnodes_deaths: 0.
num_space_committed: 257.
num_space_uncommitted: 0.
num_chunks_returned_to_freelist: 0.
num_chunks_taken_from_freelist: 765.
num_chunk_merges: 0.
num_chunk_splits: 538.
num_chunks_enlarged: 410.
num_purges: 0.
num_inconsistent_stats: 0.

CodeHeap 'non-profiled nmethods': size=119168Kb used=1364Kb max_used=1364Kb free=117803Kb
 bounds [0x0000022216c30000, 0x0000022216ea0000, 0x000002221e090000]
CodeHeap 'profiled nmethods': size=119104Kb used=6294Kb max_used=6294Kb free=112809Kb
 bounds [0x000002220f7e0000, 0x000002220fe10000, 0x0000022216c30000]
CodeHeap 'non-nmethods': size=7488Kb used=1422Kb max_used=3178Kb free=6065Kb
 bounds [0x000002220f090000, 0x000002220f3b0000, 0x000002220f7e0000]
 total_blobs=3929 nmethods=3150 adapters=691
 compilation: enabled
              stopped_count=0, restarted_count=0
 full_count=0

Compilation events (20 events):
Event: 9.930 Thread 0x000002222fb5a130 3146       3       com.sun.glass.ui.View::handleMouseEvent (34 bytes)
Event: 9.930 Thread 0x000002222fb5a130 nmethod 3146 0x000002220fe01910 code [0x000002220fe01ac0, 0x000002220fe01d68]
Event: 9.930 Thread 0x000002222fb5a130 3147       3       com.sun.javafx.tk.quantum.GlassViewEventHandler::handleMouseEvent (108 bytes)
Event: 9.930 Thread 0x000002222fb5a130 nmethod 3147 0x000002220fe01e90 code [0x000002220fe020a0, 0x000002220fe02738]
Event: 9.930 Thread 0x000002222fb5a130 3148       3       com.sun.javafx.tk.quantum.GlassViewEventHandler$$Lambda$254/0x0000000800dcb288::<init> (10 bytes)
Event: 9.930 Thread 0x000002222fb5a130 nmethod 3148 0x000002220fe02a10 code [0x000002220fe02ba0, 0x000002220fe02d58]
Event: 9.930 Thread 0x000002222fb5a130 3149       3       com.sun.javafx.tk.quantum.GlassViewEventHandler$$Lambda$254/0x0000000800dcb288::get (8 bytes)
Event: 9.931 Thread 0x000002222fb5a130 nmethod 3149 0x000002220fe02e10 code [0x000002220fe03040, 0x000002220fe03668]
Event: 9.931 Thread 0x000002222fb5a130 3150       3       com.sun.javafx.tk.quantum.GlassViewEventHandler::lambda$handleMouseEvent$2 (18 bytes)
Event: 9.931 Thread 0x000002222fb5a130 nmethod 3150 0x000002220fe03990 code [0x000002220fe03ba0, 0x000002220fe04148]
Event: 9.931 Thread 0x000002222fb5a130 3152       3       com.sun.javafx.css.PseudoClassState::cast (6 bytes)
Event: 9.931 Thread 0x000002222fb5a130 nmethod 3152 0x000002220fe04410 code [0x000002220fe045c0, 0x000002220fe04928]
Event: 9.931 Thread 0x000002222fb5a130 3153       3       com.sun.javafx.css.PseudoClassState::cast (21 bytes)
Event: 9.931 Thread 0x000002222fb5a130 nmethod 3153 0x000002220fe04a90 code [0x000002220fe04c40, 0x000002220fe04f48]
Event: 9.931 Thread 0x000002222fb5a130 3151       1       com.sun.javafx.scene.SceneEventDispatcher::getLastDispatcher (5 bytes)
Event: 9.931 Thread 0x000002222fb5a130 nmethod 3151 0x0000022216d84e90 code [0x0000022216d85020, 0x0000022216d850f8]
Event: 9.932 Thread 0x000002222fb5a130 3154       3       java.util.concurrent.locks.ReentrantLock$NonfairSync::tryAcquire (27 bytes)
Event: 9.933 Thread 0x000002222fb5a130 nmethod 3154 0x000002220fe05010 code [0x000002220fe051c0, 0x000002220fe05468]
Event: 9.934 Thread 0x000002222fb5a130 3155       3       jdk.internal.loader.ClassLoaders$BootClassLoader::loadClassOrNull (10 bytes)
Event: 9.934 Thread 0x000002222fb5a130 nmethod 3155 0x000002220fe05510 code [0x000002220fe056e0, 0x000002220fe05978]

GC Heap History (4 events):
Event: 0.302 GC heap before
{Heap before GC invocations=0 (full 0):
 garbage-first heap   total 393216K, used 16384K [0x0000000682400000, 0x0000000800000000)
  region size 4096K, 5 young (20480K), 0 survivors (0K)
 Metaspace       used 4524K, committed 4672K, reserved 1056768K
  class space    used 514K, committed 576K, reserved 1048576K
}
Event: 0.304 GC heap after
{Heap after GC invocations=1 (full 0):
 garbage-first heap   total 393216K, used 2850K [0x0000000682400000, 0x0000000800000000)
  region size 4096K, 1 young (4096K), 1 survivors (4096K)
 Metaspace       used 4524K, committed 4672K, reserved 1056768K
  class space    used 514K, committed 576K, reserved 1048576K
}
Event: 1.958 GC heap before
{Heap before GC invocations=1 (full 0):
 garbage-first heap   total 393216K, used 56098K [0x0000000682400000, 0x0000000800000000)
  region size 4096K, 11 young (45056K), 1 survivors (4096K)
 Metaspace       used 14182K, committed 14464K, reserved 1064960K
  class space    used 2051K, committed 2176K, reserved 1048576K
}
Event: 1.961 GC heap after
{Heap after GC invocations=2 (full 0):
 garbage-first heap   total 393216K, used 20927K [0x0000000682400000, 0x0000000800000000)
  region size 4096K, 2 young (8192K), 2 survivors (8192K)
 Metaspace       used 14182K, committed 14464K, reserved 1064960K
  class space    used 2051K, committed 2176K, reserved 1048576K
}

Deoptimization events (20 events):
Event: 8.710 Thread 0x00000222308c5ad0 DEOPT PACKING pc=0x0000022216d49a6c sp=0x000000308b9f4630
Event: 8.710 Thread 0x00000222308c5ad0 DEOPT UNPACKING pc=0x000002220f0e23a3 sp=0x000000308b9f4490 mode 2
Event: 8.712 Thread 0x00000222308c5ad0 Uncommon trap: trap_request=0xffffff45 fr.pc=0x0000022216d5915c relative=0x000000000000005c
Event: 8.712 Thread 0x00000222308c5ad0 Uncommon trap: reason=unstable_if action=reinterpret pc=0x0000022216d5915c method=java.util.Objects.equals(Ljava/lang/Object;Ljava/lang/Object;)Z @ 6 c2
Event: 8.712 Thread 0x00000222308c5ad0 DEOPT PACKING pc=0x0000022216d5915c sp=0x000000308b9f4fe0
Event: 8.712 Thread 0x00000222308c5ad0 DEOPT UNPACKING pc=0x000002220f0e23a3 sp=0x000000308b9f4f80 mode 2
Event: 8.713 Thread 0x00000222308c5ad0 Uncommon trap: trap_request=0xffffffc6 fr.pc=0x0000022216d6ec00 relative=0x00000000000000c0
Event: 8.713 Thread 0x00000222308c5ad0 Uncommon trap: reason=bimorphic_or_optimized_type_check action=maybe_recompile pc=0x0000022216d6ec00 method=javafx.beans.property.DoublePropertyBase.get()D @ 23 c2
Event: 8.713 Thread 0x00000222308c5ad0 DEOPT PACKING pc=0x0000022216d6ec00 sp=0x000000308b9f5530
Event: 8.713 Thread 0x00000222308c5ad0 DEOPT UNPACKING pc=0x000002220f0e23a3 sp=0x000000308b9f54c0 mode 2
Event: 8.716 Thread 0x00000222308c5ad0 Uncommon trap: trap_request=0xffffff45 fr.pc=0x0000022216cc9fbc relative=0x0000000000000f1c
Event: 8.716 Thread 0x00000222308c5ad0 Uncommon trap: reason=unstable_if action=reinterpret pc=0x0000022216cc9fbc method=java.util.concurrent.ConcurrentHashMap.putVal(Ljava/lang/Object;Ljava/lang/Object;Z)Ljava/lang/Object; @ 148 c2
Event: 8.716 Thread 0x00000222308c5ad0 DEOPT PACKING pc=0x0000022216cc9fbc sp=0x000000308b9f4220
Event: 8.716 Thread 0x00000222308c5ad0 DEOPT UNPACKING pc=0x000002220f0e23a3 sp=0x000000308b9f41a0 mode 2
Event: 8.718 Thread 0x00000222308c5ad0 Uncommon trap: trap_request=0xffffff45 fr.pc=0x0000022216c40118 relative=0x00000000000000f8
Event: 8.718 Thread 0x00000222308c5ad0 Uncommon trap: reason=unstable_if action=reinterpret pc=0x0000022216c40118 method=java.lang.StringLatin1.lastIndexOf([BI[BII)I @ 86 c2
Event: 8.718 Thread 0x00000222308c5ad0 DEOPT PACKING pc=0x0000022216c40118 sp=0x000000308b9f4100
Event: 8.718 Thread 0x00000222308c5ad0 DEOPT UNPACKING pc=0x000002220f0e23a3 sp=0x000000308b9f4058 mode 2
Event: 8.726 Thread 0x0000022231127980 DEOPT PACKING pc=0x000002220fbde203 sp=0x000000308b6fde00
Event: 8.726 Thread 0x0000022231127980 DEOPT UNPACKING pc=0x000002220f0e2b43 sp=0x000000308b6fd220 mode 0

Classes unloaded (0 events):
No events

Classes redefined (0 events):
No events

Internal exceptions (20 events):
Event: 0.575 Thread 0x00000222308c5ad0 Exception <a 'java/lang/NoSuchMethodError'{0x0000000698a26338}: 'void java.lang.invoke.DirectMethodHandle$Holder.invokeSpecial(java.lang.Object, java.lang.Object, java.lang.Object, java.lang.Object, java.lang.Object)'> (0x0000000698a26338) 
thrown [t:\workspace\open\src\hotspot\share\interpreter\linkResolver.cpp, line 766]
Event: 0.576 Thread 0x00000222308c5ad0 Exception <a 'java/lang/NoSuchMethodError'{0x0000000698a3adc0}: 'java.lang.Object java.lang.invoke.DirectMethodHandle$Holder.invokeInterface(java.lang.Object, java.lang.Object, java.lang.Object)'> (0x0000000698a3adc0) 
thrown [t:\workspace\open\src\hotspot\share\interpreter\linkResolver.cpp, line 766]
Event: 0.576 Thread 0x00000222308c5ad0 Exception <a 'java/lang/IncompatibleClassChangeError'{0x0000000698a3e748}: Found class java.lang.Object, but interface was expected> (0x0000000698a3e748) 
thrown [t:\workspace\open\src\hotspot\share\interpreter\linkResolver.cpp, line 833]
Event: 0.616 Thread 0x00000222308c5ad0 Exception <a 'java/lang/NoSuchMethodError'{0x000000069843d328}: 'java.lang.Object java.lang.invoke.DirectMethodHandle$Holder.newInvokeSpecial(java.lang.Object, java.lang.Object, int)'> (0x000000069843d328) 
thrown [t:\workspace\open\src\hotspot\share\interpreter\linkResolver.cpp, line 766]
Event: 0.631 Thread 0x0000022231127980 Exception <a 'java/lang/NoSuchMethodError'{0x000000069855fcc8}: 'int java.lang.invoke.DirectMethodHandle$Holder.invokeStaticInit(java.lang.Object, java.lang.Object)'> (0x000000069855fcc8) 
thrown [t:\workspace\open\src\hotspot\share\interpreter\linkResolver.cpp, line 766]
Event: 1.727 Thread 0x00000222308c5ad0 Exception <a 'java/lang/NoSuchMethodError'{0x0000000698285dc0}: 'long java.lang.invoke.DirectMethodHandle$Holder.invokeStatic(java.lang.Object, java.lang.Object, java.lang.Object)'> (0x0000000698285dc0) 
thrown [t:\workspace\open\src\hotspot\share\interpreter\linkResolver.cpp, line 766]
Event: 1.728 Thread 0x00000222308c5ad0 Exception <a 'java/lang/NoSuchMethodError'{0x0000000698289568}: 'long java.lang.invoke.DirectMethodHandle$Holder.invokeStaticInit(java.lang.Object, java.lang.Object, java.lang.Object)'> (0x0000000698289568) 
thrown [t:\workspace\open\src\hotspot\share\interpreter\linkResolver.cpp, line 766]
Event: 1.729 Thread 0x00000222308c5ad0 Exception <a 'java/lang/NoSuchMethodError'{0x00000006982a1170}: 'java.lang.Object java.lang.invoke.DirectMethodHandle$Holder.newInvokeSpecial(java.lang.Object, java.lang.Object, long)'> (0x00000006982a1170) 
thrown [t:\workspace\open\src\hotspot\share\interpreter\linkResolver.cpp, line 766]
Event: 1.729 Thread 0x00000222308c5ad0 Exception <a 'java/lang/NoSuchMethodError'{0x00000006982a4ce0}: 'java.lang.Object java.lang.invoke.Invokers$Holder.linkToTargetMethod(java.lang.Object, long, java.lang.Object)'> (0x00000006982a4ce0) 
thrown [t:\workspace\open\src\hotspot\share\interpreter\linkResolver.cpp, line 766]
Event: 1.907 Thread 0x00000222308c5ad0 Exception <a 'java/lang/ClassNotFoundException'{0x0000000697ed2830}: com/sun/javafx/scene/control/skin/resources/controls> (0x0000000697ed2830) 
thrown [t:\workspace\open\src\hotspot\share\prims\jni.cpp, line 535]
Event: 1.908 Thread 0x00000222308c5ad0 Exception <a 'java/lang/ClassNotFoundException'{0x0000000697ee0ac8}: com/sun/javafx/scene/control/skin/resources/controls_es> (0x0000000697ee0ac8) 
thrown [t:\workspace\open\src\hotspot\share\prims\jni.cpp, line 535]
Event: 1.908 Thread 0x00000222308c5ad0 Exception <a 'java/lang/ClassNotFoundException'{0x0000000697eeea20}: com/sun/javafx/scene/control/skin/resources/controls_es_CO> (0x0000000697eeea20) 
thrown [t:\workspace\open\src\hotspot\share\prims\jni.cpp, line 535]
Event: 3.430 Thread 0x00000222308c5ad0 Exception <a 'java/lang/ClassCastException'{0x000000069997d920}: class control.AddEmployeeController cannot be cast to class control.AddDentistController (control.AddEmployeeController and control.AddDentistController are in unnamed module of loader 'app')> (0x000000069997d920) 
thrown [t:\workspace\open\src\hotspot\share\interpreter\interpreterRuntime.cpp, line 444]
Event: 3.431 Thread 0x00000222308c5ad0 Exception <a 'java/lang/reflect/InvocationTargetException'{0x000000069997e3e8}> (0x000000069997e3e8) 
thrown [t:\workspace\open\src\hotspot\share\runtime\reflection.cpp, line 1121]
Event: 4.753 Thread 0x00000222308c5ad0 Exception <a 'java/lang/ClassCastException'{0x00000006999f8e48}: class control.AddEmployeeController cannot be cast to class control.AddDentistController (control.AddEmployeeController and control.AddDentistController are in unnamed module of loader 'app')> (0x00000006999f8e48) 
thrown [t:\workspace\open\src\hotspot\share\interpreter\interpreterRuntime.cpp, line 444]
Event: 4.753 Thread 0x00000222308c5ad0 Exception <a 'java/lang/reflect/InvocationTargetException'{0x00000006999f9910}> (0x00000006999f9910) 
thrown [t:\workspace\open\src\hotspot\share\runtime\reflection.cpp, line 1121]
Event: 5.596 Thread 0x00000222308c5ad0 Exception <a 'java/lang/ClassCastException'{0x0000000699489b80}: class control.AddEmployeeController cannot be cast to class control.AddDentistController (control.AddEmployeeController and control.AddDentistController are in unnamed module of loader 'app')> (0x0000000699489b80) 
thrown [t:\workspace\open\src\hotspot\share\interpreter\interpreterRuntime.cpp, line 444]
Event: 5.596 Thread 0x00000222308c5ad0 Exception <a 'java/lang/reflect/InvocationTargetException'{0x000000069948a648}> (0x000000069948a648) 
thrown [t:\workspace\open\src\hotspot\share\runtime\reflection.cpp, line 1121]
Event: 6.027 Thread 0x00000222308c5ad0 Exception <a 'java/lang/ClassCastException'{0x000000069950ff58}: class control.AddEmployeeController cannot be cast to class control.AddDentistController (control.AddEmployeeController and control.AddDentistController are in unnamed module of loader 'app')> (0x000000069950ff58) 
thrown [t:\workspace\open\src\hotspot\share\interpreter\interpreterRuntime.cpp, line 444]
Event: 6.027 Thread 0x00000222308c5ad0 Exception <a 'java/lang/reflect/InvocationTargetException'{0x0000000699510a20}> (0x0000000699510a20) 
thrown [t:\workspace\open\src\hotspot\share\runtime\reflection.cpp, line 1121]

VM Operations (20 events):
Event: 0.609 Executing VM operation: ICBufferFull done
Event: 1.952 Executing VM operation: ICBufferFull
Event: 1.952 Executing VM operation: ICBufferFull done
Event: 1.958 Executing VM operation: G1CollectForAllocation
Event: 1.961 Executing VM operation: G1CollectForAllocation done
Event: 3.405 Executing VM operation: HandshakeAllThreads
Event: 3.405 Executing VM operation: HandshakeAllThreads done
Event: 3.405 Executing VM operation: Cleanup
Event: 3.405 Executing VM operation: Cleanup done
Event: 5.405 Executing VM operation: Cleanup
Event: 5.405 Executing VM operation: Cleanup done
Event: 7.406 Executing VM operation: Cleanup
Event: 7.406 Executing VM operation: Cleanup done
Event: 8.406 Executing VM operation: Cleanup
Event: 8.406 Executing VM operation: Cleanup done
Event: 8.705 Executing VM operation: HandshakeAllThreads
Event: 8.705 Executing VM operation: HandshakeAllThreads done
Event: 9.705 Executing VM operation: Cleanup
Event: 9.705 Executing VM operation: Cleanup done
Event: 9.938 Executing VM operation: Exit

Events (20 events):
Event: 8.717 loading class sun/text/resources/BreakIteratorResources
Event: 8.717 loading class sun/util/resources/BreakIteratorResourceBundle
Event: 8.718 loading class sun/util/resources/BreakIteratorResourceBundle done
Event: 8.718 loading class sun/text/resources/BreakIteratorResources done
Event: 8.718 loading class sun/util/resources/Bundles$2
Event: 8.718 loading class sun/util/resources/Bundles$2 done
Event: 8.718 loading class sun/text/RuleBasedBreakIterator
Event: 8.718 loading class sun/text/RuleBasedBreakIterator done
Event: 8.719 loading class sun/text/CompactByteArray
Event: 8.719 loading class sun/text/CompactByteArray done
Event: 8.719 loading class sun/text/SupplementaryCharacterData
Event: 8.719 loading class sun/text/SupplementaryCharacterData done
Event: 8.719 loading class java/text/BreakIterator$BreakIteratorCache
Event: 8.719 loading class java/text/BreakIterator$BreakIteratorCache done
Event: 8.943 Thread 0x00000222313d2ad0 Thread exited: 0x00000222313d2ad0
Event: 9.656 Thread 0x00000222305929a0 Thread exited: 0x00000222305929a0
Event: 9.937 Thread 0x000002223aa6b760 Thread added: 0x000002223aa6b760
Event: 9.937 Thread 0x000002223aa6cf70 Thread added: 0x000002223aa6cf70
Event: 9.938 Thread 0x000002223aa6cf70 Thread exited: 0x000002223aa6cf70
Event: 9.938 Thread 0x000002223aa6b760 Thread exited: 0x000002223aa6b760


Dynamic libraries:
0x00007ff62ea40000 - 0x00007ff62ea50000 	C:\Program Files\Java\jdk-17.0.2\bin\java.exe
0x00007ffe9c380000 - 0x00007ffe9c589000 	C:\Windows\SYSTEM32\ntdll.dll
0x00007ffe9acd0000 - 0x00007ffe9ad8d000 	C:\Windows\System32\KERNEL32.DLL
0x00007ffe99de0000 - 0x00007ffe9a159000 	C:\Windows\System32\KERNELBASE.dll
0x00007ffe99cc0000 - 0x00007ffe99dd1000 	C:\Windows\System32\ucrtbase.dll
0x00007ffe93dd0000 - 0x00007ffe93dea000 	C:\Program Files\Java\jdk-17.0.2\bin\VCRUNTIME140.dll
0x00007ffe6efc0000 - 0x00007ffe6efd8000 	C:\Program Files\Java\jdk-17.0.2\bin\jli.dll
0x00007ffe9b9c0000 - 0x00007ffe9ba6e000 	C:\Windows\System32\ADVAPI32.dll
0x00007ffe9bfe0000 - 0x00007ffe9c083000 	C:\Windows\System32\msvcrt.dll
0x00007ffe9a510000 - 0x00007ffe9a5ae000 	C:\Windows\System32\sechost.dll
0x00007ffe9b540000 - 0x00007ffe9b660000 	C:\Windows\System32\RPCRT4.dll
0x00007ffe9a5b0000 - 0x00007ffe9a75c000 	C:\Windows\System32\USER32.dll
0x00007ffe8b040000 - 0x00007ffe8b2e5000 	C:\Windows\WinSxS\amd64_microsoft.windows.common-controls_6595b64144ccf1df_6.0.22000.120_none_9d947278b86cc467\COMCTL32.dll
0x00007ffe99b20000 - 0x00007ffe99b46000 	C:\Windows\System32\win32u.dll
0x00007ffe9b780000 - 0x00007ffe9b7a9000 	C:\Windows\System32\GDI32.dll
0x00007ffe99a00000 - 0x00007ffe99b12000 	C:\Windows\System32\gdi32full.dll
0x00007ffe99870000 - 0x00007ffe9990d000 	C:\Windows\System32\msvcp_win.dll
0x00007ffe92d20000 - 0x00007ffe92d2a000 	C:\Windows\SYSTEM32\VERSION.dll
0x00007ffe9b890000 - 0x00007ffe9b8c1000 	C:\Windows\System32\IMM32.DLL
0x00007ffe77680000 - 0x00007ffe7768c000 	C:\Program Files\Java\jdk-17.0.2\bin\vcruntime140_1.dll
0x00007ffe15110000 - 0x00007ffe1519d000 	C:\Program Files\Java\jdk-17.0.2\bin\msvcp140.dll
0x00007ffe06a20000 - 0x00007ffe075e1000 	C:\Program Files\Java\jdk-17.0.2\bin\server\jvm.dll
0x00007ffe9ba70000 - 0x00007ffe9ba78000 	C:\Windows\System32\PSAPI.DLL
0x00007ffe92d50000 - 0x00007ffe92d83000 	C:\Windows\SYSTEM32\WINMM.dll
0x00007ffe96650000 - 0x00007ffe96659000 	C:\Windows\SYSTEM32\WSOCK32.dll
0x00007ffe9a230000 - 0x00007ffe9a29f000 	C:\Windows\System32\WS2_32.dll
0x00007ffe98a60000 - 0x00007ffe98a78000 	C:\Windows\SYSTEM32\kernel.appcore.dll
0x00007ffe77670000 - 0x00007ffe7767a000 	C:\Program Files\Java\jdk-17.0.2\bin\jimage.dll
0x00007ffe96e60000 - 0x00007ffe97081000 	C:\Windows\SYSTEM32\DBGHELP.DLL
0x00007ffe822a0000 - 0x00007ffe822d1000 	C:\Windows\SYSTEM32\dbgcore.DLL
0x00007ffe99910000 - 0x00007ffe9998f000 	C:\Windows\System32\bcryptPrimitives.dll
0x00007ffe6fac0000 - 0x00007ffe6fae5000 	C:\Program Files\Java\jdk-17.0.2\bin\java.dll
0x00007ffe4b880000 - 0x00007ffe4b956000 	C:\Program Files\Java\jdk-17.0.2\bin\jsvml.dll
0x00007ffe9ad90000 - 0x00007ffe9b53f000 	C:\Windows\System32\SHELL32.dll
0x00007ffe979f0000 - 0x00007ffe98258000 	C:\Windows\SYSTEM32\windows.storage.dll
0x00007ffe9a830000 - 0x00007ffe9aba8000 	C:\Windows\System32\combase.dll
0x00007ffe97880000 - 0x00007ffe979e6000 	C:\Windows\SYSTEM32\wintypes.dll
0x00007ffe9bef0000 - 0x00007ffe9bfda000 	C:\Windows\System32\SHCORE.dll
0x00007ffe9a760000 - 0x00007ffe9a7bd000 	C:\Windows\System32\shlwapi.dll
0x00007ffe997a0000 - 0x00007ffe997c1000 	C:\Windows\SYSTEM32\profapi.dll
0x00007ffe6ef70000 - 0x00007ffe6ef89000 	C:\Program Files\Java\jdk-17.0.2\bin\net.dll
0x00007ffe93fb0000 - 0x00007ffe940bc000 	C:\Windows\SYSTEM32\WINHTTP.dll
0x00007ffe98e90000 - 0x00007ffe98ef7000 	C:\Windows\system32\mswsock.dll
0x00007ffe6ede0000 - 0x00007ffe6edf6000 	C:\Program Files\Java\jdk-17.0.2\bin\nio.dll
0x00007ffe658c0000 - 0x00007ffe658d8000 	C:\Program Files\Java\jdk-17.0.2\bin\zip.dll
0x000002222fba0000 - 0x000002222fba3000 	C:\Program Files\Java\javafx-sdk-18.0.1\bin\api-ms-win-core-console-l1-1-0.dll
0x000002222fbb0000 - 0x000002222fbb3000 	C:\Program Files\Java\javafx-sdk-18.0.1\bin\api-ms-win-core-console-l1-2-0.dll
0x000002222fbc0000 - 0x000002222fbc3000 	C:\Program Files\Java\javafx-sdk-18.0.1\bin\api-ms-win-core-datetime-l1-1-0.dll
0x000002222fbd0000 - 0x000002222fbd3000 	C:\Program Files\Java\javafx-sdk-18.0.1\bin\api-ms-win-core-debug-l1-1-0.dll
0x000002222fbe0000 - 0x000002222fbe3000 	C:\Program Files\Java\javafx-sdk-18.0.1\bin\api-ms-win-core-errorhandling-l1-1-0.dll
0x000002222fbf0000 - 0x000002222fbf4000 	C:\Program Files\Java\javafx-sdk-18.0.1\bin\api-ms-win-core-file-l1-1-0.dll
0x0000022232100000 - 0x0000022232103000 	C:\Program Files\Java\javafx-sdk-18.0.1\bin\api-ms-win-core-file-l1-2-0.dll
0x0000022232110000 - 0x0000022232113000 	C:\Program Files\Java\javafx-sdk-18.0.1\bin\api-ms-win-core-file-l2-1-0.dll
0x0000022232120000 - 0x0000022232123000 	C:\Program Files\Java\javafx-sdk-18.0.1\bin\api-ms-win-core-handle-l1-1-0.dll
0x0000022232130000 - 0x0000022232133000 	C:\Program Files\Java\javafx-sdk-18.0.1\bin\api-ms-win-core-heap-l1-1-0.dll
0x0000022232140000 - 0x0000022232143000 	C:\Program Files\Java\javafx-sdk-18.0.1\bin\api-ms-win-core-interlocked-l1-1-0.dll
0x0000022232150000 - 0x0000022232153000 	C:\Program Files\Java\javafx-sdk-18.0.1\bin\api-ms-win-core-libraryloader-l1-1-0.dll
0x0000022232160000 - 0x0000022232163000 	C:\Program Files\Java\javafx-sdk-18.0.1\bin\api-ms-win-core-localization-l1-2-0.dll
0x0000022232170000 - 0x0000022232173000 	C:\Program Files\Java\javafx-sdk-18.0.1\bin\api-ms-win-core-memory-l1-1-0.dll
0x0000022232180000 - 0x0000022232183000 	C:\Program Files\Java\javafx-sdk-18.0.1\bin\api-ms-win-core-namedpipe-l1-1-0.dll
0x0000022232190000 - 0x0000022232193000 	C:\Program Files\Java\javafx-sdk-18.0.1\bin\api-ms-win-core-processenvironment-l1-1-0.dll
0x00000222321a0000 - 0x00000222321a3000 	C:\Program Files\Java\javafx-sdk-18.0.1\bin\api-ms-win-core-processthreads-l1-1-0.dll
0x00000222321b0000 - 0x00000222321b3000 	C:\Program Files\Java\javafx-sdk-18.0.1\bin\api-ms-win-core-processthreads-l1-1-1.dll
0x00000222321c0000 - 0x00000222321c3000 	C:\Program Files\Java\javafx-sdk-18.0.1\bin\api-ms-win-core-profile-l1-1-0.dll
0x00000222321d0000 - 0x00000222321d3000 	C:\Program Files\Java\javafx-sdk-18.0.1\bin\api-ms-win-core-rtlsupport-l1-1-0.dll
0x00000222321e0000 - 0x00000222321e3000 	C:\Program Files\Java\javafx-sdk-18.0.1\bin\api-ms-win-core-string-l1-1-0.dll
0x00000222321f0000 - 0x00000222321f3000 	C:\Program Files\Java\javafx-sdk-18.0.1\bin\api-ms-win-core-synch-l1-1-0.dll
0x0000022232200000 - 0x0000022232203000 	C:\Program Files\Java\javafx-sdk-18.0.1\bin\api-ms-win-core-synch-l1-2-0.dll
0x0000022232210000 - 0x0000022232213000 	C:\Program Files\Java\javafx-sdk-18.0.1\bin\api-ms-win-core-sysinfo-l1-1-0.dll
0x0000022232220000 - 0x0000022232223000 	C:\Program Files\Java\javafx-sdk-18.0.1\bin\api-ms-win-core-timezone-l1-1-0.dll
0x0000022232230000 - 0x0000022232233000 	C:\Program Files\Java\javafx-sdk-18.0.1\bin\api-ms-win-core-util-l1-1-0.dll
0x0000022232240000 - 0x0000022232243000 	C:\Program Files\Java\javafx-sdk-18.0.1\bin\api-ms-win-crt-conio-l1-1-0.dll
0x0000022232250000 - 0x0000022232254000 	C:\Program Files\Java\javafx-sdk-18.0.1\bin\api-ms-win-crt-convert-l1-1-0.dll
0x0000022232260000 - 0x0000022232263000 	C:\Program Files\Java\javafx-sdk-18.0.1\bin\api-ms-win-crt-environment-l1-1-0.dll
0x0000022232270000 - 0x0000022232273000 	C:\Program Files\Java\javafx-sdk-18.0.1\bin\api-ms-win-crt-filesystem-l1-1-0.dll
0x0000022232280000 - 0x0000022232283000 	C:\Program Files\Java\javafx-sdk-18.0.1\bin\api-ms-win-crt-heap-l1-1-0.dll
0x0000022232290000 - 0x0000022232293000 	C:\Program Files\Java\javafx-sdk-18.0.1\bin\api-ms-win-crt-locale-l1-1-0.dll
0x00000222322a0000 - 0x00000222322a5000 	C:\Program Files\Java\javafx-sdk-18.0.1\bin\api-ms-win-crt-math-l1-1-0.dll
0x00000222322b0000 - 0x00000222322b5000 	C:\Program Files\Java\javafx-sdk-18.0.1\bin\api-ms-win-crt-multibyte-l1-1-0.dll
0x00000222322c0000 - 0x00000222322d0000 	C:\Program Files\Java\javafx-sdk-18.0.1\bin\api-ms-win-crt-private-l1-1-0.dll
0x00000222322d0000 - 0x00000222322d3000 	C:\Program Files\Java\javafx-sdk-18.0.1\bin\api-ms-win-crt-process-l1-1-0.dll
0x00000222322e0000 - 0x00000222322e4000 	C:\Program Files\Java\javafx-sdk-18.0.1\bin\api-ms-win-crt-runtime-l1-1-0.dll
0x00000222322f0000 - 0x00000222322f4000 	C:\Program Files\Java\javafx-sdk-18.0.1\bin\api-ms-win-crt-stdio-l1-1-0.dll
0x0000022232300000 - 0x0000022232304000 	C:\Program Files\Java\javafx-sdk-18.0.1\bin\api-ms-win-crt-string-l1-1-0.dll
0x0000022232310000 - 0x0000022232313000 	C:\Program Files\Java\javafx-sdk-18.0.1\bin\api-ms-win-crt-time-l1-1-0.dll
0x0000022232320000 - 0x0000022232323000 	C:\Program Files\Java\javafx-sdk-18.0.1\bin\api-ms-win-crt-utility-l1-1-0.dll
0x00007ffe6b6b0000 - 0x00007ffe6b7ac000 	C:\Program Files\Java\javafx-sdk-18.0.1\bin\ucrtbase.dll
0x00007ffe6efa0000 - 0x00007ffe6efba000 	C:\Program Files\Java\javafx-sdk-18.0.1\bin\vcruntime140.dll
0x00007ffe82db0000 - 0x00007ffe82dbc000 	C:\Program Files\Java\javafx-sdk-18.0.1\bin\vcruntime140_1.dll
0x00007ffe6b620000 - 0x00007ffe6b6ad000 	C:\Program Files\Java\javafx-sdk-18.0.1\bin\msvcp140.dll
0x00007ffe6b9b0000 - 0x00007ffe6b9dc000 	C:\Program Files\Java\javafx-sdk-18.0.1\bin\prism_d3d.dll
0x00007ffe8e9e0000 - 0x00007ffe8eb86000 	C:\Windows\system32\d3d9.dll
0x00007ffe97340000 - 0x00007ffe9736f000 	C:\Windows\SYSTEM32\dwmapi.dll
0x00007ffe970e0000 - 0x00007ffe97118000 	C:\Windows\SYSTEM32\dxcore.dll
0x00007ffe96ac0000 - 0x00007ffe96b6c000 	C:\Windows\system32\uxtheme.dll
0x00007ffe8f850000 - 0x00007ffe8f957000 	C:\Windows\System32\DriverStore\FileRepository\nvltig.inf_amd64_ce837e92efe9cbc4\nvldumdx.dll
0x00007ffe99130000 - 0x00007ffe99142000 	C:\Windows\SYSTEM32\msasn1.dll
0x00007ffe910a0000 - 0x00007ffe910d1000 	C:\Windows\SYSTEM32\cryptnet.dll
0x00007ffe99b50000 - 0x00007ffe99cb2000 	C:\Windows\System32\CRYPT32.dll
0x00007ffe8f470000 - 0x00007ffe8f5b9000 	C:\Windows\SYSTEM32\drvstore.dll
0x00007ffe99590000 - 0x00007ffe995bc000 	C:\Windows\SYSTEM32\devobj.dll
0x00007ffe99540000 - 0x00007ffe9958c000 	C:\Windows\SYSTEM32\cfgmgr32.dll
0x00007ffe991a0000 - 0x00007ffe991dd000 	C:\Windows\SYSTEM32\wldp.dll
0x00007ffe990d0000 - 0x00007ffe990dc000 	C:\Windows\SYSTEM32\cryptbase.dll
0x00007ffe99990000 - 0x00007ffe999f7000 	C:\Windows\System32\WINTRUST.DLL
0x00007ffe9b870000 - 0x00007ffe9b88f000 	C:\Windows\System32\imagehlp.dll
0x00007ffe990e0000 - 0x00007ffe990f8000 	C:\Windows\SYSTEM32\CRYPTSP.dll
0x00007ffe989c0000 - 0x00007ffe989f5000 	C:\Windows\system32\rsaenh.dll
0x00007ffe99250000 - 0x00007ffe99277000 	C:\Windows\SYSTEM32\bcrypt.dll
0x00007ffe1daa0000 - 0x00007ffe1f228000 	C:\Windows\System32\DriverStore\FileRepository\nvltig.inf_amd64_ce837e92efe9cbc4\nvd3dumx.dll
0x00007ffe93380000 - 0x00007ffe933c4000 	C:\Windows\SYSTEM32\directxdatabasehelper.dll
0x00007ffe97160000 - 0x00007ffe97194000 	C:\Windows\SYSTEM32\ntmarta.dll
0x00007ffe6b5d0000 - 0x00007ffe6b612000 	C:\Program Files\Java\javafx-sdk-18.0.1\bin\glass.dll
0x00007ffe9c090000 - 0x00007ffe9c17c000 	C:\Windows\System32\COMDLG32.dll
0x00007ffe9a350000 - 0x00007ffe9a4ea000 	C:\Windows\System32\ole32.dll
0x00007ffe9b8e0000 - 0x00007ffe9b9b6000 	C:\Windows\System32\OLEAUT32.dll
0x00007ffe9abb0000 - 0x00007ffe9acce000 	C:\Windows\System32\MSCTF.dll
0x00007ffe2aad0000 - 0x00007ffe2ad93000 	C:\Windows\system32\nvspcap64.dll
0x00007ffe98f20000 - 0x00007ffe98f44000 	C:\Windows\SYSTEM32\gpapi.dll
0x00007ffe6b290000 - 0x00007ffe6b2a4000 	C:\Program Files\Java\javafx-sdk-18.0.1\bin\javafx_font.dll
0x00007ffe732c0000 - 0x00007ffe7351f000 	C:\Windows\SYSTEM32\dwrite.dll
0x00007ffe9a2a0000 - 0x00007ffe9a34f000 	C:\Windows\System32\clbcatq.dll
0x00007ffe91120000 - 0x00007ffe912ce000 	C:\Windows\SYSTEM32\WindowsCodecs.dll
0x00007ffe71060000 - 0x00007ffe710bd000 	C:\Windows\system32\dataexchange.dll
0x00007ffe90580000 - 0x00007ffe907e6000 	C:\Windows\system32\twinapi.appcore.dll
0x00007ffe6b2b0000 - 0x00007ffe6b2e2000 	C:\Program Files\Common Files\Microsoft Shared\Ink\rtscom.dll
0x00007ffe7dd60000 - 0x00007ffe7de8d000 	C:\Windows\SYSTEM32\textinputframework.dll
0x00007ffe96510000 - 0x00007ffe96642000 	C:\Windows\SYSTEM32\CoreMessaging.dll

dbghelp: loaded successfully - version: 4.0.5 - missing functions: none
symbol engine: initialized successfully - sym options: 0x614 - pdb path: .;C:\Program Files\Java\jdk-17.0.2\bin;C:\Windows\SYSTEM32;C:\Windows\WinSxS\amd64_microsoft.windows.common-controls_6595b64144ccf1df_6.0.22000.120_none_9d947278b86cc467;C:\Program Files\Java\jdk-17.0.2\bin\server;C:\Program Files\Java\javafx-sdk-18.0.1\bin;C:\Windows\System32\DriverStore\FileRepository\nvltig.inf_amd64_ce837e92efe9cbc4;C:\Program Files\Common Files\Microsoft Shared\Ink

VM Arguments:
jvm_args: -Dfile.encoding=UTF-8 --add-modules=javafx.controls,javafx.fxml --module-path=C:\Users\juanc\OneDrive\Documentos\Universidad 3\POO\SEATORA\build\classes;C:\Program Files\Java\javafx-sdk-18.0.1\lib\javafx-swt.jar;C:\Program Files\Java\javafx-sdk-18.0.1\lib\javafx.base.jar;C:\Program Files\Java\javafx-sdk-18.0.1\lib\javafx.controls.jar;C:\Program Files\Java\javafx-sdk-18.0.1\lib\javafx.fxml.jar;C:\Program Files\Java\javafx-sdk-18.0.1\lib\javafx.graphics.jar;C:\Program Files\Java\javafx-sdk-18.0.1\lib\javafx.media.jar;C:\Program Files\Java\javafx-sdk-18.0.1\lib\javafx.swing.jar;C:\Program Files\Java\javafx-sdk-18.0.1\lib\javafx.web.jar 
java_command: start.Seatora
java_class_path (initial): C:\Program Files\Java\javafx-sdk-18.0.1\lib\javafx-swt.jar;C:\Program Files\Java\javafx-sdk-18.0.1\lib\javafx.base.jar;C:\Program Files\Java\javafx-sdk-18.0.1\lib\javafx.controls.jar;C:\Program Files\Java\javafx-sdk-18.0.1\lib\javafx.fxml.jar;C:\Program Files\Java\javafx-sdk-18.0.1\lib\javafx.graphics.jar;C:\Program Files\Java\javafx-sdk-18.0.1\lib\javafx.media.jar;C:\Program Files\Java\javafx-sdk-18.0.1\lib\javafx.swing.jar;C:\Program Files\Java\javafx-sdk-18.0.1\lib\javafx.web.jar;C:\Users\juanc\OneDrive\Documentos\Universidad 3\POO\SEATORA\build\classes
Launcher Type: SUN_STANDARD

[Global flags]
     intx CICompilerCount                          = 12                                        {product} {ergonomic}
     uint ConcGCThreads                            = 3                                         {product} {ergonomic}
     uint G1ConcRefinementThreads                  = 13                                        {product} {ergonomic}
   size_t G1HeapRegionSize                         = 4194304                                   {product} {ergonomic}
    uintx GCDrainStackTargetSize                   = 64                                        {product} {ergonomic}
   size_t InitialHeapSize                          = 402653184                                 {product} {ergonomic}
   size_t MarkStackSize                            = 4194304                                   {product} {ergonomic}
   size_t MaxHeapSize                              = 6404702208                                {product} {ergonomic}
   size_t MaxNewSize                               = 3841982464                                {product} {ergonomic}
   size_t MinHeapDeltaBytes                        = 4194304                                   {product} {ergonomic}
   size_t MinHeapSize                              = 8388608                                   {product} {ergonomic}
    uintx NonNMethodCodeHeapSize                   = 7602480                                {pd product} {ergonomic}
    uintx NonProfiledCodeHeapSize                  = 122027880                              {pd product} {ergonomic}
    uintx ProfiledCodeHeapSize                     = 122027880                              {pd product} {ergonomic}
    uintx ReservedCodeCacheSize                    = 251658240                              {pd product} {ergonomic}
     bool SegmentedCodeCache                       = true                                      {product} {ergonomic}
   size_t SoftMaxHeapSize                          = 6404702208                             {manageable} {ergonomic}
     bool UseCompressedClassPointers               = true                           {product lp64_product} {ergonomic}
     bool UseCompressedOops                        = true                           {product lp64_product} {ergonomic}
     bool UseG1GC                                  = true                                      {product} {ergonomic}
     bool UseLargePagesIndividualAllocation        = false                                  {pd product} {ergonomic}

Logging:
Log output configuration:
 #0: stdout all=off uptime,level,tags
 #1: stderr all=off uptime,level,tags

Environment Variables:
PATH=C:\Program Files\Common Files\Oracle\Java\javapath;C:\Program Files (x86)\Common Files\Oracle\Java\javapath;C:\Windows\system32;C:\Windows;C:\Windows\System32\Wbem;C:\Windows\System32\WindowsPowerShell\v1.0\;C:\Windows\System32\OpenSSH\;C:\Program Files (x86)\NVIDIA Corporation\PhysX\Common;C:\Program Files\NVIDIA Corporation\NVIDIA NvDLISR;C:\Users\juanc\AppData\Local\Microsoft\WindowsApps;;C:\Users\juanc\AppData\Local\Programs\Microsoft VS Code\bin
USERNAME=juanc
OS=Windows_NT
PROCESSOR_IDENTIFIER=AMD64 Family 25 Model 80 Stepping 0, AuthenticAMD



---------------  S Y S T E M  ---------------

OS:
 Windows 11 , 64 bit Build 22000 (10.0.22000.675)
OS uptime: 0 days 3:13 hours

CPU: total 16 (initial active 16) (16 cores per cpu, 2 threads per core) family 25 model 80 stepping 0 microcode 0x0, cx8, cmov, fxsr, ht, mmx, 3dnowpref, sse, sse2, sse3, ssse3, sse4a, sse4.1, sse4.2, popcnt, lzcnt, tsc, tscinvbit, avx, avx2, aes, erms, clmul, bmi1, bmi2, adx, sha, fma, vzeroupper, clflush, clflushopt

Memory: 4k page, system-wide physical 24428M (15129M free)
TotalPageFile size 28012M (AvailPageFile size 15092M)
current process WorkingSet (physical memory assigned to process): 194M, peak: 271M
current process commit charge ("private bytes"): 632M, peak: 711M

vm_info: Java HotSpot(TM) 64-Bit Server VM (17.0.2+8-LTS-86) for windows-amd64 JRE (17.0.2+8-LTS-86), built on Dec  7 2021 21:51:03 by "mach5one" with MS VC++ 16.8 / 16.9 (VS2019)

END.
