#
# A fatal error has been detected by the Java Runtime Environment:
#
#  EXCEPTION_ACCESS_VIOLATION (0xc0000005) at pc=0x00007ffe736962d7, pid=2296, tid=10636
#
# JRE version: Java(TM) SE Runtime Environment (17.0.2+8) (build 17.0.2+8-LTS-86)
# Java VM: Java HotSpot(TM) 64-Bit Server VM (17.0.2+8-LTS-86, mixed mode, sharing, tiered, compressed oops, compressed class ptrs, g1 gc, windows-amd64)
# Problematic frame:
# C  [glass.dll+0x262d7]
#
# No core dump will be written. Minidumps are not enabled by default on client versions of Windows
#
# If you would like to submit a bug report, please visit:
#   https://bugreport.java.com/bugreport/crash.jsp
#

---------------  S U M M A R Y ------------

Command Line: -Dfile.encoding=UTF-8 --add-modules=javafx.controls,javafx.fxml --module-path=C:\Users\juanc\OneDrive\Documentos\Universidad 3\POO\SEATORA\build\classes;C:\Program Files\Java\javafx-sdk-18.0.1\lib\javafx-swt.jar;C:\Program Files\Java\javafx-sdk-18.0.1\lib\javafx.base.jar;C:\Program Files\Java\javafx-sdk-18.0.1\lib\javafx.controls.jar;C:\Program Files\Java\javafx-sdk-18.0.1\lib\javafx.fxml.jar;C:\Program Files\Java\javafx-sdk-18.0.1\lib\javafx.graphics.jar;C:\Program Files\Java\javafx-sdk-18.0.1\lib\javafx.media.jar;C:\Program Files\Java\javafx-sdk-18.0.1\lib\javafx.swing.jar;C:\Program Files\Java\javafx-sdk-18.0.1\lib\javafx.web.jar start.Seatora

Host: AMD Ryzen 7 5800H with Radeon Graphics         , 16 cores, 23G,  Windows 11 , 64 bit Build 22000 (10.0.22000.675)
Time: Thu May 26 08:32:36 2022 Hora est. Pacífico, Sudamérica elapsed time: 690.187722 seconds (0d 0h 11m 30s)

---------------  T H R E A D  ---------------

Current thread (0x000001b13bc4e4b0):  VMThread "VM Thread" [stack: 0x000000b05b000000,0x000000b05b100000] [id=10636]

Stack: [0x000000b05b000000,0x000000b05b100000],  sp=0x000000b05b0ff480,  free space=1021k
Native frames: (J=compiled Java code, j=interpreted, Vv=VM code, C=native code)
C  [glass.dll+0x262d7]


siginfo: EXCEPTION_ACCESS_VIOLATION (0xc0000005), reading address 0x0000000000000000


Register to memory mapping:

RIP=0x00007ffe736962d7 glass.dll
RAX=0x0 is NULL
RBX=0x000001b13cc32a80 is a global jni handle
RCX=0x000001b13bc4e4b0 points into unknown readable memory: 0x00007ffe0739e890 | 90 e8 39 07 fe 7f 00 00
RDX=0x000000b05b0ff480 points into unknown readable memory: 0x0000000000000000 | 00 00 00 00 00 00 00 00
RSP=0x000000b05b0ff480 points into unknown readable memory: 0x0000000000000000 | 00 00 00 00 00 00 00 00
RBP=0x000001b13d3ee128 points into unknown readable memory: 0x00007579b25668ee | ee 68 56 b2 79 75 00 00
RSI=0x000001b13d3ee100 points into unknown readable memory: 0x4db77579ada9f434 | 34 f4 a9 ad 79 75 b7 4d
RDI=0x00007579b25668ee is an unknown value
R8 =0x0000000000010002 is an unknown value
R9 =0x00007579b25668ee is an unknown value
R10=0x85f13e9656da4870 is an unknown value
R11=0x000000b05b0ff410 points into unknown readable memory: 0x000001b13d3ee100 | 00 e1 3e 3d b1 01 00 00
R12=0x00007ffe73693bc4 glass.dll
R13=0x00007ffe075449d0 jvm.dll
R14=0x000000b05b0ff588 points into unknown readable memory: 0x000000b05b0ff570 | 70 f5 0f 5b b0 00 00 00
R15=0x000001b13d3ee100 points into unknown readable memory: 0x4db77579ada9f434 | 34 f4 a9 ad 79 75 b7 4d


Registers:
RAX=0x0000000000000000, RBX=0x000001b13cc32a80, RCX=0x000001b13bc4e4b0, RDX=0x000000b05b0ff480
RSP=0x000000b05b0ff480, RBP=0x000001b13d3ee128, RSI=0x000001b13d3ee100, RDI=0x00007579b25668ee
R8 =0x0000000000010002, R9 =0x00007579b25668ee, R10=0x85f13e9656da4870, R11=0x000000b05b0ff410
R12=0x00007ffe73693bc4, R13=0x00007ffe075449d0, R14=0x000000b05b0ff588, R15=0x000001b13d3ee100
RIP=0x00007ffe736962d7, EFLAGS=0x0000000000010206

Top of Stack: (sp=0x000000b05b0ff480)
0x000000b05b0ff480:   0000000000000000 000001b13d3ee100
0x000000b05b0ff490:   00007ffe075449d0 00007ffe73693bc4
0x000000b05b0ff4a0:   000001b13d3ee108 00007ffe99cdbea0
0x000000b05b0ff4b0:   00007579b25668ee 000001b100000000
0x000000b05b0ff4c0:   000001b13d3ee128 000001b13d3ee100
0x000000b05b0ff4d0:   fffffffffffffffe 0000000000000000
0x000000b05b0ff4e0:   0000000000000001 00007ffe73670000
0x000000b05b0ff4f0:   000000b05b0ff578 00007ffe99cdbdb7
0x000000b05b0ff500:   0000000000000000 000000b05b0ff588
0x000000b05b0ff510:   000000b05b0ff860 00007ffe99dc12b0
0x000000b05b0ff520:   0000000000000001 00007ffe99cdbd6d
0x000000b05b0ff530:   0000000000000000 0000000000000001
0x000000b05b0ff540:   0000000000000000 000000b05b0ff578
0x000000b05b0ff550:   fffffffffffffffe 000000b000000000
0x000000b05b0ff560:   ffffffff00000001 00007ffe73693a51
0x000000b05b0ff570:   00007ffe736a9f88 00007ffe00000002 

Instructions: (pc=0x00007ffe736962d7)
0x00007ffe736961d7:   8b 4d 58 e8 2d cf ff ff 48 8b 4d 60 e8 24 cf ff
0x00007ffe736961e7:   ff 48 8b 95 80 00 00 00 48 8b 8d 18 01 00 00 e8
0x00007ffe736961f7:   16 c4 ff ff 33 d2 33 c9 e8 5c e1 ff ff 90 48 89
0x00007ffe73696207:   54 24 10 55 48 83 ec 20 48 8b ea 48 b8 00 00 00
0x00007ffe73696217:   00 00 00 00 00 48 83 c4 20 5d c3 cc 40 55 48 8b
0x00007ffe73696227:   ea 48 8b 01 33 c9 81 38 05 00 00 c0 0f 94 c1 8b
0x00007ffe73696237:   c1 5d c3 cc 40 55 48 83 ec 20 48 8b ea 8a 4d 40
0x00007ffe73696247:   48 83 c4 20 5d e9 17 d3 ff ff cc 40 55 48 83 ec
0x00007ffe73696257:   20 48 8b ea 8a 4d 20 e8 05 d3 ff ff 90 48 83 c4
0x00007ffe73696267:   20 5d c3 cc 40 55 48 83 ec 20 48 8b ea 48 83 c4
0x00007ffe73696277:   20 5d e9 66 d1 ff ff cc 40 55 48 83 ec 30 48 8b
0x00007ffe73696287:   ea 48 8b 01 8b 10 48 89 4c 24 28 89 54 24 20 4c
0x00007ffe73696297:   8d 0d 07 d6 ff ff 4c 8b 45 70 8b 55 68 48 8b 4d
0x00007ffe736962a7:   60 e8 a7 d0 ff ff 90 48 83 c4 30 5d c3 cc cc cc
0x00007ffe736962b7:   cc cc cc cc cc cc cc cc cc 40 53 48 83 ec 20 48
0x00007ffe736962c7:   8b 1d bb 36 01 00 48 85 db 74 16 e8 59 8b ff ff
0x00007ffe736962d7:   4c 8b 00 48 8b d3 48 8b c8 41 ff 90 b0 00 00 00
0x00007ffe736962e7:   90 48 83 c4 20 5b c3 cc cc 40 53 48 83 ec 20 48
0x00007ffe736962f7:   8b 1d 2b 38 01 00 48 85 db 74 57 b8 ff ff ff ff
0x00007ffe73696307:   f0 0f c1 43 10 83 f8 01 75 3d 48 85 db 74 38 48
0x00007ffe73696317:   8b 0b 48 85 c9 74 0d ff 15 84 0f 00 00 48 c7 03
0x00007ffe73696327:   00 00 00 00 48 8b 4b 08 48 85 c9 74 0d e8 d3 cd
0x00007ffe73696337:   ff ff 48 c7 43 08 00 00 00 00 ba 18 00 00 00 48
0x00007ffe73696347:   8b cb e8 be cd ff ff 48 c7 05 cf 37 01 00 00 00
0x00007ffe73696357:   00 00 48 83 c4 20 5b c3 cc 40 53 48 83 ec 20 48
0x00007ffe73696367:   8b 1d 9b 37 01 00 48 85 db 74 57 b8 ff ff ff ff
0x00007ffe73696377:   f0 0f c1 43 10 83 f8 01 75 3d 48 85 db 74 38 48
0x00007ffe73696387:   8b 0b 48 85 c9 74 0d ff 15 14 0f 00 00 48 c7 03
0x00007ffe73696397:   00 00 00 00 48 8b 4b 08 48 85 c9 74 0d e8 63 cd
0x00007ffe736963a7:   ff ff 48 c7 43 08 00 00 00 00 ba 18 00 00 00 48
0x00007ffe736963b7:   8b cb e8 4e cd ff ff 48 c7 05 3f 37 01 00 00 00
0x00007ffe736963c7:   00 00 48 83 c4 20 5b c3 cc 40 53 48 83 ec 20 48 


Stack slot to memory mapping:
stack at sp + 0 slots: 0x0 is NULL
stack at sp + 1 slots: 0x000001b13d3ee100 points into unknown readable memory: 0x4db77579ada9f434 | 34 f4 a9 ad 79 75 b7 4d
stack at sp + 2 slots: 0x00007ffe075449d0 jvm.dll
stack at sp + 3 slots: 0x00007ffe73693bc4 glass.dll
stack at sp + 4 slots: 0x000001b13d3ee108 points into unknown readable memory: 0x00007579b25668ee | ee 68 56 b2 79 75 00 00
stack at sp + 5 slots: 0x00007ffe99cdbea0 ucrtbase.dll
stack at sp + 6 slots: 0x00007579b25668ee is an unknown value
stack at sp + 7 slots: 0x000001b100000000 is an unknown value

VM_Operation (0x000000b05c9f6a60): Exit, mode: safepoint, requested by thread 0x000001b13bc6a1b0


---------------  P R O C E S S  ---------------

Threads class SMR info:
_java_thread_list=0x000001b14dd91670, length=21, elements={
0x000001b11389e070, 0x000001b13bc51fa0, 0x000001b13bc54c20, 0x000001b13bc67780,
0x000001b13bc68940, 0x000001b13bc6be90, 0x000001b13bc6b4f0, 0x000001b13bc715a0,
0x000001b13bc9b070, 0x000001b13bca6240, 0x000001b13bc6b9c0, 0x000001b13bc6ab50,
0x000001b13bc6cd00, 0x000001b13bc6a1b0, 0x000001b13bc6c360, 0x000001b13bc6c830,
0x000001b13bc69810, 0x000001b13bc6a680, 0x000001b145b9e8b0, 0x000001b14b1e28e0,
0x000001b145ba35b0
}

Java Threads: ( => current thread )
  0x000001b11389e070 JavaThread "main" [_thread_blocked, id=17116, stack(0x000000b05aa00000,0x000000b05ab00000)]
  0x000001b13bc51fa0 JavaThread "Reference Handler" daemon [_thread_blocked, id=19752, stack(0x000000b05b100000,0x000000b05b200000)]
  0x000001b13bc54c20 JavaThread "Finalizer" daemon [_thread_blocked, id=7992, stack(0x000000b05b200000,0x000000b05b300000)]
  0x000001b13bc67780 JavaThread "Signal Dispatcher" daemon [_thread_blocked, id=10648, stack(0x000000b05b300000,0x000000b05b400000)]
  0x000001b13bc68940 JavaThread "Attach Listener" daemon [_thread_blocked, id=4224, stack(0x000000b05b400000,0x000000b05b500000)]
  0x000001b13bc6be90 JavaThread "Service Thread" daemon [_thread_blocked, id=9040, stack(0x000000b05b500000,0x000000b05b600000)]
  0x000001b13bc6b4f0 JavaThread "Monitor Deflation Thread" daemon [_thread_blocked, id=13000, stack(0x000000b05b600000,0x000000b05b700000)]
  0x000001b13bc715a0 JavaThread "C2 CompilerThread0" daemon [_thread_blocked, id=11596, stack(0x000000b05b700000,0x000000b05b800000)]
  0x000001b13bc9b070 JavaThread "C1 CompilerThread0" daemon [_thread_blocked, id=12864, stack(0x000000b05b800000,0x000000b05b900000)]
  0x000001b13bca6240 JavaThread "Sweeper thread" daemon [_thread_blocked, id=4964, stack(0x000000b05b900000,0x000000b05ba00000)]
  0x000001b13bc6b9c0 JavaThread "Common-Cleaner" daemon [_thread_blocked, id=7788, stack(0x000000b05bb00000,0x000000b05bc00000)]
  0x000001b13bc6ab50 JavaThread "Notification Thread" daemon [_thread_blocked, id=8312, stack(0x000000b05c400000,0x000000b05c500000)]
  0x000001b13bc6cd00 JavaThread "InvokeLaterDispatcher" daemon [_thread_blocked, id=6792, stack(0x000000b05c800000,0x000000b05c900000)]
  0x000001b13bc6a1b0 JavaThread "JavaFX Application Thread" [_thread_blocked, id=15740, stack(0x000000b05c900000,0x000000b05ca00000)]
  0x000001b13bc6c360 JavaThread "JavaFX-Launcher" [_thread_blocked, id=1416, stack(0x000000b05cc00000,0x000000b05cd00000)]
  0x000001b13bc6c830 JavaThread "Thread-2" daemon [_thread_in_native, id=12968, stack(0x000000b05cb00000,0x000000b05cc00000)]
  0x000001b13bc69810 JavaThread "Prism Font Disposer" daemon [_thread_blocked, id=6580, stack(0x000000b05d500000,0x000000b05d600000)]
  0x000001b13bc6a680 JavaThread "Cleaner-0" daemon [_thread_blocked, id=18356, stack(0x000000b05d9b0000,0x000000b05dab0000)]
  0x000001b145b9e8b0 JavaThread "Java2D Disposer" daemon [_thread_blocked, id=5996, stack(0x000000b05ba00000,0x000000b05bb00000)]
  0x000001b14b1e28e0 JavaThread "C1 CompilerThread1" daemon [_thread_blocked, id=12532, stack(0x000000b05c130000,0x000000b05c230000)]
  0x000001b145ba35b0 JavaThread "AWT-Shutdown" [_thread_blocked, id=12152, stack(0x000000b05bc00000,0x000000b05bd00000)]

Other Threads:
=>0x000001b13bc4e4b0 VMThread "VM Thread" [stack: 0x000000b05b000000,0x000000b05b100000] [id=10636]
  0x000001b1138ffdf0 GCTaskThread "GC Thread#0" [stack: 0x000000b05ab00000,0x000000b05ac00000] [id=14284]
  0x000001b13d3f1620 GCTaskThread "GC Thread#1" [stack: 0x000000b05cd00000,0x000000b05ce00000] [id=18696]
  0x000001b13d3f1e30 GCTaskThread "GC Thread#2" [stack: 0x000000b05ce00000,0x000000b05cf00000] [id=5504]
  0x000001b13d3f20e0 GCTaskThread "GC Thread#3" [stack: 0x000000b05cf00000,0x000000b05d000000] [id=8156]
  0x000001b13d3f08b0 GCTaskThread "GC Thread#4" [stack: 0x000000b05d000000,0x000000b05d100000] [id=6704]
  0x000001b13d3f0b60 GCTaskThread "GC Thread#5" [stack: 0x000000b05d100000,0x000000b05d200000] [id=4328]
  0x000001b13d3f0e10 GCTaskThread "GC Thread#6" [stack: 0x000000b05d200000,0x000000b05d300000] [id=7732]
  0x000001b13da5c1c0 GCTaskThread "GC Thread#7" [stack: 0x000000b05d300000,0x000000b05d400000] [id=11064]
  0x000001b13da5d1e0 GCTaskThread "GC Thread#8" [stack: 0x000000b05d400000,0x000000b05d500000] [id=11092]
  0x000001b13da5d490 GCTaskThread "GC Thread#9" [stack: 0x000000b05c000000,0x000000b05c100000] [id=14724]
  0x000001b13da5dca0 GCTaskThread "GC Thread#10" [stack: 0x000000b05c300000,0x000000b05c400000] [id=18020]
  0x000001b13da5e4b0 GCTaskThread "GC Thread#11" [stack: 0x000000b05dec0000,0x000000b05dfc0000] [id=4344]
  0x000001b13da5ea10 GCTaskThread "GC Thread#12" [stack: 0x000000b05dfc0000,0x000000b05e0c0000] [id=15652]
  0x000001b11390cb00 ConcurrentGCThread "G1 Main Marker" terminated
  0x000001b11390dbb0 ConcurrentGCThread "G1 Conc#0" [stack: 0x000000b05ad00000,0x000000b05ae00000] [id=6044]
  0x000001b13da5e760 ConcurrentGCThread "G1 Conc#1" [stack: 0x000000b05e0c0000,0x000000b05e1c0000] [id=19248]
  0x000001b13da5ecc0 ConcurrentGCThread "G1 Conc#2" [stack: 0x000000b05e1c0000,0x000000b05e2c0000] [id=5844]
  0x000001b113977720 ConcurrentGCThread "G1 Refine#0" terminated
  0x000001b113978040 ConcurrentGCThread "G1 Service" terminated

Threads with active compile tasks:

VM state: at safepoint (shutting down)

VM Mutex/Monitor currently owned by a thread:  ([mutex/lock_event])
[0x000001b113899af0] Threads_lock - owner thread: 0x000001b13bc4e4b0
[0x000001b11389a090] Heap_lock - owner thread: 0x000001b13bc6a1b0

Heap address: 0x0000000682400000, size: 6108 MB, Compressed Oops mode: Zero based, Oop shift amount: 3

CDS archive(s) mapped at: [0x0000000800000000-0x0000000800bc0000-0x0000000800bc0000), size 12320768, SharedBaseAddress: 0x0000000800000000, ArchiveRelocationMode: 0.
Compressed class space mapped at: 0x0000000800c00000-0x0000000840c00000, reserved size: 1073741824
Narrow klass base: 0x0000000800000000, Narrow klass shift: 0, Narrow klass range: 0x100000000

GC Precious Log:
 CPUs: 16 total, 16 available
 Memory: 24428M
 Large Page Support: Disabled
 NUMA Support: Disabled
 Compressed Oops: Enabled (Zero based)
 Heap Region Size: 4M
 Heap Min Capacity: 8M
 Heap Initial Capacity: 384M
 Heap Max Capacity: 6108M
 Pre-touch: Disabled
 Parallel Workers: 13
 Concurrent Workers: 3
 Concurrent Refinement Workers: 13
 Periodic GC: Disabled

Heap:
 garbage-first heap   total 122880K, used 74045K [0x0000000682400000, 0x0000000800000000)
  region size 4096K, 13 young (53248K), 3 survivors (12288K)
 Metaspace       used 25346K, committed 25600K, reserved 1073152K
  class space    used 3416K, committed 3520K, reserved 1048576K

Heap Regions: E=young(eden), S=young(survivor), O=old, HS=humongous(starts), HC=humongous(continues), CS=collection set, F=free, OA=open archive, CA=closed archive, TAMS=top-at-mark-start (previous, next)
|   0|0x0000000682400000, 0x0000000682800000, 0x0000000682800000|100%|HS|  |TAMS 0x0000000682800000, 0x0000000682400000| Complete 
|   1|0x0000000682800000, 0x0000000682c00000, 0x0000000682c00000|100%|HS|  |TAMS 0x0000000682c00000, 0x0000000682800000| Complete 
|   2|0x0000000682c00000, 0x0000000683000000, 0x0000000683000000|100%|HS|  |TAMS 0x0000000683000000, 0x0000000682c00000| Complete 
|   3|0x0000000683000000, 0x000000068304f600, 0x0000000683400000|  7%| O|  |TAMS 0x000000068304f600, 0x0000000683000000| Complete 
|   4|0x0000000683400000, 0x0000000683800000, 0x0000000683800000|100%|HS|  |TAMS 0x0000000683400000, 0x0000000683400000| Complete 
|   5|0x0000000683800000, 0x0000000683c00000, 0x0000000683c00000|100%|HS|  |TAMS 0x0000000683c00000, 0x0000000683800000| Complete 
|   6|0x0000000683c00000, 0x0000000684000000, 0x0000000684000000|100%|HS|  |TAMS 0x0000000683c00000, 0x0000000683c00000| Complete 
|   7|0x0000000684000000, 0x0000000684000000, 0x0000000684400000|  0%| F|  |TAMS 0x0000000684000000, 0x0000000684000000| Untracked 
|   8|0x0000000684400000, 0x0000000684400000, 0x0000000684800000|  0%| F|  |TAMS 0x0000000684400000, 0x0000000684400000| Untracked 
|   9|0x0000000684800000, 0x0000000684800000, 0x0000000684c00000|  0%| F|  |TAMS 0x0000000684800000, 0x0000000684800000| Untracked 
|  10|0x0000000684c00000, 0x0000000684c00000, 0x0000000685000000|  0%| F|  |TAMS 0x0000000684c00000, 0x0000000684c00000| Untracked 
|  11|0x0000000685000000, 0x0000000685000000, 0x0000000685400000|  0%| F|  |TAMS 0x0000000685000000, 0x0000000685000000| Untracked 
|  12|0x0000000685400000, 0x0000000685400000, 0x0000000685800000|  0%| F|  |TAMS 0x0000000685400000, 0x0000000685400000| Untracked 
|  13|0x0000000685800000, 0x0000000685800000, 0x0000000685c00000|  0%| F|  |TAMS 0x0000000685800000, 0x0000000685800000| Untracked 
|  14|0x0000000685c00000, 0x0000000685c00000, 0x0000000686000000|  0%| F|  |TAMS 0x0000000685c00000, 0x0000000685c00000| Untracked 
|  15|0x0000000686000000, 0x0000000686000000, 0x0000000686400000|  0%| F|  |TAMS 0x0000000686000000, 0x0000000686000000| Untracked 
|  16|0x0000000686400000, 0x0000000686400000, 0x0000000686800000|  0%| F|  |TAMS 0x0000000686400000, 0x0000000686400000| Untracked 
|  17|0x0000000686800000, 0x000000068684d510, 0x0000000686c00000|  7%| E|  |TAMS 0x0000000686800000, 0x0000000686800000| Complete 
|  18|0x0000000686c00000, 0x0000000687000000, 0x0000000687000000|100%| E|CS|TAMS 0x0000000686c00000, 0x0000000686c00000| Complete 
|  19|0x0000000687000000, 0x0000000687400000, 0x0000000687400000|100%| E|CS|TAMS 0x0000000687000000, 0x0000000687000000| Complete 
|  20|0x0000000687400000, 0x0000000687800000, 0x0000000687800000|100%| E|CS|TAMS 0x0000000687400000, 0x0000000687400000| Complete 
|  21|0x0000000687800000, 0x0000000687c00000, 0x0000000687c00000|100%| E|CS|TAMS 0x0000000687800000, 0x0000000687800000| Complete 
|  22|0x0000000687c00000, 0x0000000688000000, 0x0000000688000000|100%| E|CS|TAMS 0x0000000687c00000, 0x0000000687c00000| Complete 
|  23|0x0000000688000000, 0x0000000688400000, 0x0000000688400000|100%| E|CS|TAMS 0x0000000688000000, 0x0000000688000000| Complete 
|  24|0x0000000688400000, 0x0000000688800000, 0x0000000688800000|100%| E|CS|TAMS 0x0000000688400000, 0x0000000688400000| Complete 
|  25|0x0000000688800000, 0x0000000688c00000, 0x0000000688c00000|100%| E|CS|TAMS 0x0000000688800000, 0x0000000688800000| Complete 
|  80|0x0000000696400000, 0x0000000696800000, 0x0000000696800000|100%| S|CS|TAMS 0x0000000696400000, 0x0000000696400000| Complete 
|  81|0x0000000696800000, 0x0000000696c00000, 0x0000000696c00000|100%| S|CS|TAMS 0x0000000696800000, 0x0000000696800000| Complete 
|  82|0x0000000696c00000, 0x0000000697000000, 0x0000000697000000|100%| S|CS|TAMS 0x0000000696c00000, 0x0000000696c00000| Complete 
|  95|0x000000069a000000, 0x000000069a400000, 0x000000069a400000|100%| E|CS|TAMS 0x000000069a000000, 0x000000069a000000| Complete 

Card table byte_map: [0x000001b12b570000,0x000001b12c160000] _byte_map_base: 0x000001b12815e000

Marking Bits (Prev, Next): (CMBitMap*) 0x000001b113900340, (CMBitMap*) 0x000001b113900300
 Prev Bits: [0x000001b132cc0000, 0x000001b138c30000)
 Next Bits: [0x000001b12cd50000, 0x000001b132cc0000)

Polling page: 0x000001b113080000

Metaspace:

Usage:
  Non-class:     21.42 MB used.
      Class:      3.34 MB used.
       Both:     24.75 MB used.

Virtual space:
  Non-class space:       24.00 MB reserved,      21.56 MB ( 90%) committed,  3 nodes.
      Class space:        1.00 GB reserved,       3.44 MB ( <1%) committed,  1 nodes.
             Both:        1.02 GB reserved,      25.00 MB (  2%) committed. 

Chunk freelists:
   Non-Class:  2.25 MB
       Class:  577.00 KB
        Both:  2.82 MB

MaxMetaspaceSize: unlimited
CompressedClassSpaceSize: 1.00 GB
Initial GC threshold: 21.00 MB
Current GC threshold: 35.25 MB
CDS: on
MetaspaceReclaimPolicy: balanced
 - commit_granule_bytes: 65536.
 - commit_granule_words: 8192.
 - virtual_space_node_default_size: 1048576.
 - enlarge_chunks_in_place: 1.
 - new_chunks_are_fully_committed: 0.
 - uncommit_free_chunks: 1.
 - use_allocation_guard: 0.
 - handle_deallocations: 1.


Internal statistics:

num_allocs_failed_limit: 3.
num_arena_births: 314.
num_arena_deaths: 0.
num_vsnodes_births: 4.
num_vsnodes_deaths: 0.
num_space_committed: 400.
num_space_uncommitted: 0.
num_chunks_returned_to_freelist: 3.
num_chunks_taken_from_freelist: 1033.
num_chunk_merges: 3.
num_chunk_splits: 702.
num_chunks_enlarged: 532.
num_purges: 0.
num_inconsistent_stats: 0.

CodeHeap 'non-profiled nmethods': size=119168Kb used=3179Kb max_used=3179Kb free=115988Kb
 bounds [0x000001b122ca0000, 0x000001b122fc0000, 0x000001b12a100000]
CodeHeap 'profiled nmethods': size=119104Kb used=12926Kb max_used=12926Kb free=106177Kb
 bounds [0x000001b11b850000, 0x000001b11c4f0000, 0x000001b122ca0000]
CodeHeap 'non-nmethods': size=7488Kb used=2105Kb max_used=3300Kb free=5382Kb
 bounds [0x000001b11b100000, 0x000001b11b4b0000, 0x000001b11b850000]
 total_blobs=6743 nmethods=5806 adapters=848
 compilation: enabled
              stopped_count=0, restarted_count=0
 full_count=0

Compilation events (20 events):
Event: 688.579 Thread 0x000001b14b1e28e0 nmethod 5801 0x000001b122fab610 code [0x000001b122fab7a0, 0x000001b122fab878]
Event: 688.631 Thread 0x000001b13bc715a0 nmethod 5791 0x000001b122fab910 code [0x000001b122fabc80, 0x000001b122fafff0]
Event: 688.631 Thread 0x000001b13bc715a0 5796       4       javafx.scene.layout.Pane::getConstraint (26 bytes)
Event: 688.631 Thread 0x000001b14b1df130 5802       4       com.sun.javafx.font.LogicalFont::getSlot0Resource (80 bytes)
Event: 688.631 Thread 0x000001b14b1df130 nmethod 5802 0x000001b122fb2590 code [0x000001b122fb2700, 0x000001b122fb2798]
Event: 688.631 Thread 0x000001b14b1df130 5794       4       com.sun.javafx.scene.NodeHelper::notifyLayoutBoundsChangedImpl (10 bytes)
Event: 688.632 Thread 0x000001b13bc715a0 nmethod 5796 0x000001b122fb2890 code [0x000001b122fb2a20, 0x000001b122fb2b38]
Event: 688.632 Thread 0x000001b13bc715a0 5795       4       javafx.scene.Node::doNotifyLayoutBoundsChanged (47 bytes)
Event: 688.634 Thread 0x000001b14b1df130 nmethod 5794 0x000001b122fb2d10 code [0x000001b122fb2ec0, 0x000001b122fb32b8]
Event: 688.634 Thread 0x000001b13bc715a0 nmethod 5795 0x000001b122fb3710 code [0x000001b122fb38c0, 0x000001b122fb3c78]
Event: 688.905 Thread 0x000001b13bc715a0 5803   !   4       com.sun.javafx.tk.Toolkit::firePulse (279 bytes)
Event: 688.980 Thread 0x000001b13bc715a0 nmethod 5803 0x000001b122fb4010 code [0x000001b122fb4380, 0x000001b122fb7fc8]
Event: 689.435 Thread 0x000001b14b1e28e0 5805       3       java.util.stream.ReferencePipeline::collect (124 bytes)
Event: 689.435 Thread 0x000001b13bc9b070 5804       3       java.util.stream.Collectors::toList (26 bytes)
Event: 689.436 Thread 0x000001b13bc9b070 nmethod 5804 0x000001b11c4edc90 code [0x000001b11c4ede80, 0x000001b11c4ee3e8]
Event: 689.436 Thread 0x000001b14b1e28e0 nmethod 5805 0x000001b11c4ee590 code [0x000001b11c4ee820, 0x000001b11c4ef4e8]
Event: 689.508 Thread 0x000001b13bc715a0 5806       4       com.sun.javafx.scene.EnteredExitedHandler::dispatchCapturingEvent (222 bytes)
Event: 689.514 Thread 0x000001b13bc715a0 nmethod 5806 0x000001b122fb9790 code [0x000001b122fb9980, 0x000001b122fba3b8]
Event: 689.514 Thread 0x000001b13bc715a0 5807       4       com.sun.prism.impl.BaseResourcePool$WeakLinkedList::getResource (11 bytes)
Event: 689.515 Thread 0x000001b13bc715a0 nmethod 5807 0x000001b122fba910 code [0x000001b122fbaa80, 0x000001b122fbab78]

GC Heap History (6 events):
Event: 0.303 GC heap before
{Heap before GC invocations=0 (full 0):
 garbage-first heap   total 393216K, used 16384K [0x0000000682400000, 0x0000000800000000)
  region size 4096K, 5 young (20480K), 0 survivors (0K)
 Metaspace       used 4502K, committed 4608K, reserved 1056768K
  class space    used 511K, committed 576K, reserved 1048576K
}
Event: 0.305 GC heap after
{Heap after GC invocations=1 (full 0):
 garbage-first heap   total 393216K, used 2692K [0x0000000682400000, 0x0000000800000000)
  region size 4096K, 1 young (4096K), 1 survivors (4096K)
 Metaspace       used 4502K, committed 4608K, reserved 1056768K
  class space    used 511K, committed 576K, reserved 1048576K
}
Event: 1.934 GC heap before
{Heap before GC invocations=1 (full 0):
 garbage-first heap   total 393216K, used 51844K [0x0000000682400000, 0x0000000800000000)
  region size 4096K, 11 young (45056K), 1 survivors (4096K)
 Metaspace       used 14002K, committed 14272K, reserved 1064960K
  class space    used 2016K, committed 2112K, reserved 1048576K
}
Event: 1.937 GC heap after
{Heap after GC invocations=2 (full 0):
 garbage-first heap   total 393216K, used 20797K [0x0000000682400000, 0x0000000800000000)
  region size 4096K, 2 young (8192K), 2 survivors (8192K)
 Metaspace       used 14002K, committed 14272K, reserved 1064960K
  class space    used 2016K, committed 2112K, reserved 1048576K
}
Event: 29.814 GC heap before
{Heap before GC invocations=2 (full 0):
 garbage-first heap   total 393216K, used 69949K [0x0000000682400000, 0x0000000800000000)
  region size 4096K, 13 young (53248K), 2 survivors (8192K)
 Metaspace       used 21302K, committed 21504K, reserved 1073152K
  class space    used 2954K, committed 3072K, reserved 1048576K
}
Event: 29.820 GC heap after
{Heap after GC invocations=3 (full 0):
 garbage-first heap   total 393216K, used 28989K [0x0000000682400000, 0x0000000800000000)
  region size 4096K, 3 young (12288K), 3 survivors (12288K)
 Metaspace       used 21302K, committed 21504K, reserved 1073152K
  class space    used 2954K, committed 3072K, reserved 1048576K
}

Deoptimization events (20 events):
Event: 687.935 Thread 0x000001b13bc6a1b0 DEOPT PACKING pc=0x000001b122f52c44 sp=0x000000b05c9f9190
Event: 687.935 Thread 0x000001b13bc6a1b0 DEOPT UNPACKING pc=0x000001b11b1523a3 sp=0x000000b05c9f9170 mode 2
Event: 687.935 Thread 0x000001b13bc6a1b0 Uncommon trap: trap_request=0xffffff45 fr.pc=0x000001b122efa588 relative=0x0000000000006e88
Event: 687.935 Thread 0x000001b13bc6a1b0 Uncommon trap: reason=unstable_if action=reinterpret pc=0x000001b122efa588 method=javafx.scene.CssStyleHelper.transitionToState(Ljavafx/scene/Node;)V @ 4 c2
Event: 687.935 Thread 0x000001b13bc6a1b0 DEOPT PACKING pc=0x000001b122efa588 sp=0x000000b05c9f91d0
Event: 687.935 Thread 0x000001b13bc6a1b0 DEOPT UNPACKING pc=0x000001b11b1523a3 sp=0x000000b05c9f9150 mode 2
Event: 687.935 Thread 0x000001b13bc6a1b0 Uncommon trap: trap_request=0xffffff45 fr.pc=0x000001b122f9d330 relative=0x0000000000009b90
Event: 687.935 Thread 0x000001b13bc6a1b0 Uncommon trap: reason=unstable_if action=reinterpret pc=0x000001b122f9d330 method=javafx.scene.CssStyleHelper.getCachedFont(Ljavafx/css/Styleable;)Lcom/sun/javafx/css/CalculatedValue; @ 32 c2
Event: 687.935 Thread 0x000001b13bc6a1b0 DEOPT PACKING pc=0x000001b122f9d330 sp=0x000000b05c9f8f40
Event: 687.935 Thread 0x000001b13bc6a1b0 DEOPT UNPACKING pc=0x000001b11b1523a3 sp=0x000000b05c9f8ea8 mode 2
Event: 687.935 Thread 0x000001b13bc6a1b0 Uncommon trap: trap_request=0xffffffc6 fr.pc=0x000001b122f1ebc0 relative=0x0000000000001de0
Event: 687.935 Thread 0x000001b13bc6a1b0 Uncommon trap: reason=bimorphic_or_optimized_type_check action=maybe_recompile pc=0x000001b122f1ebc0 method=javafx.css.CompoundSelector.stateMatches(Ljavafx/css/Styleable;Ljava/util/Set;I)Z @ 160 c2
Event: 687.935 Thread 0x000001b13bc6a1b0 DEOPT PACKING pc=0x000001b122f1ebc0 sp=0x000000b05c9f8e10
Event: 687.935 Thread 0x000001b13bc6a1b0 DEOPT UNPACKING pc=0x000001b11b1523a3 sp=0x000000b05c9f8db8 mode 2
Event: 687.935 Thread 0x000001b13bc6a1b0 Uncommon trap: trap_request=0xffffffc6 fr.pc=0x000001b122f1ebc0 relative=0x0000000000001de0
Event: 687.935 Thread 0x000001b13bc6a1b0 Uncommon trap: reason=bimorphic_or_optimized_type_check action=maybe_recompile pc=0x000001b122f1ebc0 method=javafx.css.CompoundSelector.stateMatches(Ljavafx/css/Styleable;Ljava/util/Set;I)Z @ 160 c2
Event: 687.935 Thread 0x000001b13bc6a1b0 DEOPT PACKING pc=0x000001b122f1ebc0 sp=0x000000b05c9f8e10
Event: 687.935 Thread 0x000001b13bc6a1b0 DEOPT UNPACKING pc=0x000001b11b1523a3 sp=0x000000b05c9f8db8 mode 2
Event: 688.574 Thread 0x000001b13bc6a1b0 DEOPT PACKING pc=0x000001b11becbfe0 sp=0x000000b05c9f62e0
Event: 688.574 Thread 0x000001b13bc6a1b0 DEOPT UNPACKING pc=0x000001b11b152b43 sp=0x000000b05c9f57d0 mode 0

Classes unloaded (0 events):
No events

Classes redefined (0 events):
No events

Internal exceptions (20 events):
Event: 29.761 Thread 0x000001b13bc6a1b0 Exception <a 'java/lang/NoSuchMethodError'{0x0000000697c699c0}: 'java.lang.Object java.lang.invoke.DelegatingMethodHandle$Holder.reinvoke_L(java.lang.Object, long, java.lang.Object, java.lang.Object, java.lang.Object, java.lang.Object, java.lang.Object, java.lang.Object)'> (0x0000000697c699c0) 
thrown [t:\workspace\open\src\hotspot\share\interpreter\linkResolver.cpp, line 766]
Event: 29.761 Thread 0x000001b13bc6a1b0 Exception <a 'java/lang/NoSuchMethodError'{0x0000000697c772e0}: 'java.lang.Object java.lang.invoke.Invokers$Holder.linkToTargetMethod(java.lang.Object, java.lang.Object, java.lang.Object, java.lang.Object, java.lang.Object, java.lang.Object, java.lang.Object)'> (0x0000000697c772e0) 
thrown [t:\workspace\open\src\hotspot\share\interpreter\linkResolver.cpp, line 766]
Event: 29.766 Thread 0x000001b13bc6a1b0 Exception <a 'java/lang/ClassNotFoundException'{0x0000000697c82d60}: sun/awt/resources/spi/awtProvider> (0x0000000697c82d60) 
thrown [t:\workspace\open\src\hotspot\share\classfile\systemDictionary.cpp, line 256]
Event: 29.771 Thread 0x000001b13bc6a1b0 Exception <a 'java/io/FileNotFoundException'{0x0000000697c86b00}> (0x0000000697c86b00) 
thrown [t:\workspace\open\src\hotspot\share\prims\jni.cpp, line 516]
Event: 29.771 Thread 0x000001b13bc6a1b0 Exception <a 'java/io/FileNotFoundException'{0x0000000697c88da8}> (0x0000000697c88da8) 
thrown [t:\workspace\open\src\hotspot\share\prims\jni.cpp, line 516]
Event: 29.794 Thread 0x000001b13bc6a1b0 Exception <a 'java/lang/NoSuchMethodError'{0x0000000697d0e9d8}: 'java.lang.Object java.lang.invoke.DirectMethodHandle$Holder.invokeStatic(java.lang.Object, int, java.lang.Object, java.lang.Object, java.lang.Object, java.lang.Object)'> (0x0000000697d0e9d8) 
thrown [t:\workspace\open\src\hotspot\share\interpreter\linkResolver.cpp, line 766]
Event: 29.796 Thread 0x000001b13bc6a1b0 Exception <a 'java/lang/NoSuchMethodError'{0x0000000697d34ef8}: 'java.lang.Object java.lang.invoke.DirectMethodHandle$Holder.invokeStatic(java.lang.Object, int, java.lang.Object)'> (0x0000000697d34ef8) 
thrown [t:\workspace\open\src\hotspot\share\interpreter\linkResolver.cpp, line 766]
Event: 29.805 Thread 0x000001b13bc6a1b0 Exception <a 'java/lang/ClassNotFoundException'{0x0000000697df2e88}: com/sun/swing/internal/plaf/metal/resources/spi/metalProvider> (0x0000000697df2e88) 
thrown [t:\workspace\open\src\hotspot\share\classfile\systemDictionary.cpp, line 256]
Event: 29.805 Thread 0x000001b13bc6a1b0 Exception <a 'java/lang/ClassNotFoundException'{0x0000000697df7e10}: com/sun/swing/internal/plaf/basic/resources/spi/basicProvider> (0x0000000697df7e10) 
thrown [t:\workspace\open\src\hotspot\share\classfile\systemDictionary.cpp, line 256]
Event: 29.811 Thread 0x000001b145ba2270 Exception <a 'java/lang/NoSuchMethodError'{0x000000069780cb80}: 'java.lang.Object java.lang.invoke.DirectMethodHandle$Holder.newInvokeSpecial(java.lang.Object, java.lang.Object, java.lang.Object, int, int, int, int, int)'> (0x000000069780cb80) 
thrown [t:\workspace\open\src\hotspot\share\interpreter\linkResolver.cpp, line 766]
Event: 29.892 Thread 0x000001b145ba1da0 Exception <a 'java/lang/NoSuchMethodError'{0x000000069a2082a8}: 'void java.lang.invoke.DirectMethodHandle$Holder.invokeVirtual(java.lang.Object, java.lang.Object)'> (0x000000069a2082a8) 
thrown [t:\workspace\open\src\hotspot\share\interpreter\linkResolver.cpp, line 766]
Event: 29.922 Thread 0x000001b13bc6a1b0 Exception <a 'java/lang/NoSuchMethodError'{0x000000069a0aa8d0}: 'int java.lang.invoke.DirectMethodHandle$Holder.invokeStatic(java.lang.Object)'> (0x000000069a0aa8d0) 
thrown [t:\workspace\open\src\hotspot\share\interpreter\linkResolver.cpp, line 766]
Event: 33.864 Thread 0x000001b13bc6a1b0 Exception <a 'java/lang/NoSuchMethodError'{0x00000006881e5f58}: 'int java.lang.invoke.DirectMethodHandle$Holder.invokeVirtual(java.lang.Object, java.lang.Object)'> (0x00000006881e5f58) 
thrown [t:\workspace\open\src\hotspot\share\interpreter\linkResolver.cpp, line 766]
Event: 33.864 Thread 0x000001b13bc6a1b0 Exception <a 'java/lang/NoSuchMethodError'{0x00000006881ecbe0}: 'void java.lang.invoke.DirectMethodHandle$Holder.invokeVirtual(java.lang.Object, java.lang.Object, int)'> (0x00000006881ecbe0) 
thrown [t:\workspace\open\src\hotspot\share\interpreter\linkResolver.cpp, line 766]
Event: 59.409 Thread 0x000001b13bc6a1b0 Exception <a 'java/lang/reflect/InvocationTargetException'{0x00000006874b0478}> (0x00000006874b0478) 
thrown [t:\workspace\open\src\hotspot\share\runtime\reflection.cpp, line 1121]
Event: 61.498 Thread 0x000001b13bc6a1b0 Exception <a 'java/lang/reflect/InvocationTargetException'{0x000000068751ba40}> (0x000000068751ba40) 
thrown [t:\workspace\open\src\hotspot\share\runtime\reflection.cpp, line 1121]
Event: 687.843 Thread 0x000001b13bc6a1b0 Exception <a 'java/lang/NoSuchMethodError'{0x0000000686d11708}: 'java.lang.Object java.lang.invoke.DirectMethodHandle$Holder.invokeSpecial(java.lang.Object, java.lang.Object, int, int, int, int, int, java.lang.Object)'> (0x0000000686d11708) 
thrown [t:\workspace\open\src\hotspot\share\interpreter\linkResolver.cpp, line 766]
Event: 687.843 Thread 0x000001b13bc6a1b0 Exception <a 'java/lang/NoSuchMethodError'{0x0000000686d195b0}: 'java.lang.Object java.lang.invoke.DirectMethodHandle$Holder.newInvokeSpecial(java.lang.Object, java.lang.Object, int, int, int, int, int, java.lang.Object)'> (0x0000000686d195b0) 
thrown [t:\workspace\open\src\hotspot\share\interpreter\linkResolver.cpp, line 766]
Event: 687.844 Thread 0x000001b13bc6a1b0 Exception <a 'java/lang/NoSuchMethodError'{0x0000000686d24d88}: 'java.lang.Object java.lang.invoke.DirectMethodHandle$Holder.invokeSpecial(java.lang.Object, java.lang.Object, java.lang.Object, int, int, int, int, int)'> (0x0000000686d24d88) 
thrown [t:\workspace\open\src\hotspot\share\interpreter\linkResolver.cpp, line 766]
Event: 687.935 Thread 0x000001b13bc6a1b0 Implicit null exception at 0x000001b122f940a2 to 0x000001b122f9d2bc

VM Operations (20 events):
Event: 53.870 Executing VM operation: Cleanup done
Event: 54.870 Executing VM operation: Cleanup
Event: 54.870 Executing VM operation: Cleanup done
Event: 55.870 Executing VM operation: Cleanup
Event: 55.870 Executing VM operation: Cleanup done
Event: 57.870 Executing VM operation: Cleanup
Event: 57.870 Executing VM operation: Cleanup done
Event: 59.871 Executing VM operation: Cleanup
Event: 59.871 Executing VM operation: Cleanup done
Event: 61.871 Executing VM operation: Cleanup
Event: 61.871 Executing VM operation: Cleanup done
Event: 687.321 Executing VM operation: Cleanup
Event: 687.321 Executing VM operation: Cleanup done
Event: 688.336 Executing VM operation: Cleanup
Event: 688.336 Executing VM operation: Cleanup done
Event: 689.351 Executing VM operation: Cleanup
Event: 689.351 Executing VM operation: Cleanup done
Event: 689.514 Executing VM operation: HandshakeAllThreads
Event: 689.514 Executing VM operation: HandshakeAllThreads done
Event: 689.627 Executing VM operation: Exit

Events (20 events):
Event: 59.409 loading class java/lang/Throwable$WrappedPrintStream done
Event: 686.709 Thread 0x000001b14b1e3d20 Thread added: 0x000001b14b1e3d20
Event: 686.709 Thread 0x000001b14b1e0f90 Thread added: 0x000001b14b1e0f90
Event: 686.729 Thread 0x000001b14b1e28e0 Thread added: 0x000001b14b1e28e0
Event: 687.619 Thread 0x000001b14b1e0f90 Thread exited: 0x000001b14b1e0f90
Event: 687.720 Thread 0x000001b14b1e3d20 Thread exited: 0x000001b14b1e3d20
Event: 688.631 Thread 0x000001b14b1df130 Thread added: 0x000001b14b1df130
Event: 688.905 Thread 0x000001b14b1df130 Thread exited: 0x000001b14b1df130
Event: 689.513 Thread 0x000001b145ba00c0 Thread added: 0x000001b145ba00c0
Event: 689.513 Thread 0x000001b145ba0a60 Thread added: 0x000001b145ba0a60
Event: 689.513 Thread 0x000001b145ba2c10 Thread added: 0x000001b145ba2c10
Event: 689.513 Thread 0x000001b145b9da40 Thread added: 0x000001b145b9da40
Event: 689.513 Thread 0x000001b145ba0a60 Thread exited: 0x000001b145ba0a60
Event: 689.513 Thread 0x000001b145ba1400 Thread exited: 0x000001b145ba1400
Event: 689.513 Thread 0x000001b145ba35b0 Thread added: 0x000001b145ba35b0
Event: 689.513 Thread 0x000001b145ba2c10 Thread exited: 0x000001b145ba2c10
Event: 689.513 Thread 0x000001b145b9da40 Thread exited: 0x000001b145b9da40
Event: 689.529 Thread 0x000001b13bc69340 Thread exited: 0x000001b13bc69340
Event: 689.531 Thread 0x000001b145ba1da0 Thread exited: 0x000001b145ba1da0
Event: 689.627 Thread 0x000001b145ba00c0 Thread exited: 0x000001b145ba00c0


Dynamic libraries:
0x00007ff62ea40000 - 0x00007ff62ea50000 	C:\Program Files\Java\jdk-17.0.2\bin\java.exe
0x00007ffe9c380000 - 0x00007ffe9c589000 	C:\Windows\SYSTEM32\ntdll.dll
0x00007ffe9acd0000 - 0x00007ffe9ad8d000 	C:\Windows\System32\KERNEL32.DLL
0x00007ffe99de0000 - 0x00007ffe9a159000 	C:\Windows\System32\KERNELBASE.dll
0x00007ffe99cc0000 - 0x00007ffe99dd1000 	C:\Windows\System32\ucrtbase.dll
0x00007ffe93dd0000 - 0x00007ffe93dea000 	C:\Program Files\Java\jdk-17.0.2\bin\VCRUNTIME140.dll
0x00007ffe96950000 - 0x00007ffe96968000 	C:\Program Files\Java\jdk-17.0.2\bin\jli.dll
0x00007ffe9b9c0000 - 0x00007ffe9ba6e000 	C:\Windows\System32\ADVAPI32.dll
0x00007ffe9bfe0000 - 0x00007ffe9c083000 	C:\Windows\System32\msvcrt.dll
0x00007ffe9a510000 - 0x00007ffe9a5ae000 	C:\Windows\System32\sechost.dll
0x00007ffe9b540000 - 0x00007ffe9b660000 	C:\Windows\System32\RPCRT4.dll
0x00007ffe9a5b0000 - 0x00007ffe9a75c000 	C:\Windows\System32\USER32.dll
0x00007ffe99b20000 - 0x00007ffe99b46000 	C:\Windows\System32\win32u.dll
0x00007ffe8b040000 - 0x00007ffe8b2e5000 	C:\Windows\WinSxS\amd64_microsoft.windows.common-controls_6595b64144ccf1df_6.0.22000.120_none_9d947278b86cc467\COMCTL32.dll
0x00007ffe9b780000 - 0x00007ffe9b7a9000 	C:\Windows\System32\GDI32.dll
0x00007ffe99a00000 - 0x00007ffe99b12000 	C:\Windows\System32\gdi32full.dll
0x00007ffe99870000 - 0x00007ffe9990d000 	C:\Windows\System32\msvcp_win.dll
0x00007ffe92d20000 - 0x00007ffe92d2a000 	C:\Windows\SYSTEM32\VERSION.dll
0x00007ffe9b890000 - 0x00007ffe9b8c1000 	C:\Windows\System32\IMM32.DLL
0x00007ffe77680000 - 0x00007ffe7768c000 	C:\Program Files\Java\jdk-17.0.2\bin\vcruntime140_1.dll
0x00007ffe15110000 - 0x00007ffe1519d000 	C:\Program Files\Java\jdk-17.0.2\bin\msvcp140.dll
0x00007ffe06a20000 - 0x00007ffe075e1000 	C:\Program Files\Java\jdk-17.0.2\bin\server\jvm.dll
0x00007ffe9ba70000 - 0x00007ffe9ba78000 	C:\Windows\System32\PSAPI.DLL
0x00007ffe96650000 - 0x00007ffe96659000 	C:\Windows\SYSTEM32\WSOCK32.dll
0x00007ffe92d50000 - 0x00007ffe92d83000 	C:\Windows\SYSTEM32\WINMM.dll
0x00007ffe9a230000 - 0x00007ffe9a29f000 	C:\Windows\System32\WS2_32.dll
0x00007ffe98a60000 - 0x00007ffe98a78000 	C:\Windows\SYSTEM32\kernel.appcore.dll
0x00007ffe77670000 - 0x00007ffe7767a000 	C:\Program Files\Java\jdk-17.0.2\bin\jimage.dll
0x00007ffe96e60000 - 0x00007ffe97081000 	C:\Windows\SYSTEM32\DBGHELP.DLL
0x00007ffe822a0000 - 0x00007ffe822d1000 	C:\Windows\SYSTEM32\dbgcore.DLL
0x00007ffe99910000 - 0x00007ffe9998f000 	C:\Windows\System32\bcryptPrimitives.dll
0x00007ffe6fac0000 - 0x00007ffe6fae5000 	C:\Program Files\Java\jdk-17.0.2\bin\java.dll
0x00007ffe4b880000 - 0x00007ffe4b956000 	C:\Program Files\Java\jdk-17.0.2\bin\jsvml.dll
0x00007ffe9ad90000 - 0x00007ffe9b53f000 	C:\Windows\System32\SHELL32.dll
0x00007ffe979f0000 - 0x00007ffe98258000 	C:\Windows\SYSTEM32\windows.storage.dll
0x00007ffe9a830000 - 0x00007ffe9aba8000 	C:\Windows\System32\combase.dll
0x00007ffe97880000 - 0x00007ffe979e6000 	C:\Windows\SYSTEM32\wintypes.dll
0x00007ffe9bef0000 - 0x00007ffe9bfda000 	C:\Windows\System32\SHCORE.dll
0x00007ffe9a760000 - 0x00007ffe9a7bd000 	C:\Windows\System32\shlwapi.dll
0x00007ffe997a0000 - 0x00007ffe997c1000 	C:\Windows\SYSTEM32\profapi.dll
0x00007ffe6ef70000 - 0x00007ffe6ef89000 	C:\Program Files\Java\jdk-17.0.2\bin\net.dll
0x00007ffe93fb0000 - 0x00007ffe940bc000 	C:\Windows\SYSTEM32\WINHTTP.dll
0x00007ffe98e90000 - 0x00007ffe98ef7000 	C:\Windows\system32\mswsock.dll
0x00007ffe6ede0000 - 0x00007ffe6edf6000 	C:\Program Files\Java\jdk-17.0.2\bin\nio.dll
0x00007ffe658c0000 - 0x00007ffe658d8000 	C:\Program Files\Java\jdk-17.0.2\bin\zip.dll
0x000001b113810000 - 0x000001b113813000 	C:\Program Files\Java\javafx-sdk-18.0.1\bin\api-ms-win-core-console-l1-1-0.dll
0x000001b113820000 - 0x000001b113823000 	C:\Program Files\Java\javafx-sdk-18.0.1\bin\api-ms-win-core-console-l1-2-0.dll
0x000001b113830000 - 0x000001b113833000 	C:\Program Files\Java\javafx-sdk-18.0.1\bin\api-ms-win-core-datetime-l1-1-0.dll
0x000001b113840000 - 0x000001b113843000 	C:\Program Files\Java\javafx-sdk-18.0.1\bin\api-ms-win-core-debug-l1-1-0.dll
0x000001b113850000 - 0x000001b113853000 	C:\Program Files\Java\javafx-sdk-18.0.1\bin\api-ms-win-core-errorhandling-l1-1-0.dll
0x000001b113860000 - 0x000001b113864000 	C:\Program Files\Java\javafx-sdk-18.0.1\bin\api-ms-win-core-file-l1-1-0.dll
0x000001b113870000 - 0x000001b113873000 	C:\Program Files\Java\javafx-sdk-18.0.1\bin\api-ms-win-core-file-l1-2-0.dll
0x000001b13bde0000 - 0x000001b13bde3000 	C:\Program Files\Java\javafx-sdk-18.0.1\bin\api-ms-win-core-file-l2-1-0.dll
0x000001b13bdf0000 - 0x000001b13bdf3000 	C:\Program Files\Java\javafx-sdk-18.0.1\bin\api-ms-win-core-handle-l1-1-0.dll
0x000001b13be00000 - 0x000001b13be03000 	C:\Program Files\Java\javafx-sdk-18.0.1\bin\api-ms-win-core-heap-l1-1-0.dll
0x000001b13be10000 - 0x000001b13be13000 	C:\Program Files\Java\javafx-sdk-18.0.1\bin\api-ms-win-core-interlocked-l1-1-0.dll
0x000001b13be20000 - 0x000001b13be23000 	C:\Program Files\Java\javafx-sdk-18.0.1\bin\api-ms-win-core-libraryloader-l1-1-0.dll
0x000001b13be30000 - 0x000001b13be33000 	C:\Program Files\Java\javafx-sdk-18.0.1\bin\api-ms-win-core-localization-l1-2-0.dll
0x000001b13be40000 - 0x000001b13be43000 	C:\Program Files\Java\javafx-sdk-18.0.1\bin\api-ms-win-core-memory-l1-1-0.dll
0x000001b13be50000 - 0x000001b13be53000 	C:\Program Files\Java\javafx-sdk-18.0.1\bin\api-ms-win-core-namedpipe-l1-1-0.dll
0x000001b13be60000 - 0x000001b13be63000 	C:\Program Files\Java\javafx-sdk-18.0.1\bin\api-ms-win-core-processenvironment-l1-1-0.dll
0x000001b13be70000 - 0x000001b13be73000 	C:\Program Files\Java\javafx-sdk-18.0.1\bin\api-ms-win-core-processthreads-l1-1-0.dll
0x000001b13be80000 - 0x000001b13be83000 	C:\Program Files\Java\javafx-sdk-18.0.1\bin\api-ms-win-core-processthreads-l1-1-1.dll
0x000001b13be90000 - 0x000001b13be93000 	C:\Program Files\Java\javafx-sdk-18.0.1\bin\api-ms-win-core-profile-l1-1-0.dll
0x000001b13bea0000 - 0x000001b13bea3000 	C:\Program Files\Java\javafx-sdk-18.0.1\bin\api-ms-win-core-rtlsupport-l1-1-0.dll
0x000001b13beb0000 - 0x000001b13beb3000 	C:\Program Files\Java\javafx-sdk-18.0.1\bin\api-ms-win-core-string-l1-1-0.dll
0x000001b13bec0000 - 0x000001b13bec3000 	C:\Program Files\Java\javafx-sdk-18.0.1\bin\api-ms-win-core-synch-l1-1-0.dll
0x000001b13bed0000 - 0x000001b13bed3000 	C:\Program Files\Java\javafx-sdk-18.0.1\bin\api-ms-win-core-synch-l1-2-0.dll
0x000001b13bee0000 - 0x000001b13bee3000 	C:\Program Files\Java\javafx-sdk-18.0.1\bin\api-ms-win-core-sysinfo-l1-1-0.dll
0x000001b13bef0000 - 0x000001b13bef3000 	C:\Program Files\Java\javafx-sdk-18.0.1\bin\api-ms-win-core-timezone-l1-1-0.dll
0x000001b13bf00000 - 0x000001b13bf03000 	C:\Program Files\Java\javafx-sdk-18.0.1\bin\api-ms-win-core-util-l1-1-0.dll
0x000001b13bf10000 - 0x000001b13bf13000 	C:\Program Files\Java\javafx-sdk-18.0.1\bin\api-ms-win-crt-conio-l1-1-0.dll
0x000001b13bf20000 - 0x000001b13bf24000 	C:\Program Files\Java\javafx-sdk-18.0.1\bin\api-ms-win-crt-convert-l1-1-0.dll
0x000001b13bf30000 - 0x000001b13bf33000 	C:\Program Files\Java\javafx-sdk-18.0.1\bin\api-ms-win-crt-environment-l1-1-0.dll
0x000001b13bf40000 - 0x000001b13bf43000 	C:\Program Files\Java\javafx-sdk-18.0.1\bin\api-ms-win-crt-filesystem-l1-1-0.dll
0x000001b13bf50000 - 0x000001b13bf53000 	C:\Program Files\Java\javafx-sdk-18.0.1\bin\api-ms-win-crt-heap-l1-1-0.dll
0x000001b13bf60000 - 0x000001b13bf63000 	C:\Program Files\Java\javafx-sdk-18.0.1\bin\api-ms-win-crt-locale-l1-1-0.dll
0x000001b13bf70000 - 0x000001b13bf75000 	C:\Program Files\Java\javafx-sdk-18.0.1\bin\api-ms-win-crt-math-l1-1-0.dll
0x000001b13bf80000 - 0x000001b13bf85000 	C:\Program Files\Java\javafx-sdk-18.0.1\bin\api-ms-win-crt-multibyte-l1-1-0.dll
0x000001b13bf90000 - 0x000001b13bfa0000 	C:\Program Files\Java\javafx-sdk-18.0.1\bin\api-ms-win-crt-private-l1-1-0.dll
0x000001b13bfa0000 - 0x000001b13bfa3000 	C:\Program Files\Java\javafx-sdk-18.0.1\bin\api-ms-win-crt-process-l1-1-0.dll
0x000001b13bfb0000 - 0x000001b13bfb4000 	C:\Program Files\Java\javafx-sdk-18.0.1\bin\api-ms-win-crt-runtime-l1-1-0.dll
0x000001b13bfc0000 - 0x000001b13bfc4000 	C:\Program Files\Java\javafx-sdk-18.0.1\bin\api-ms-win-crt-stdio-l1-1-0.dll
0x000001b13bfd0000 - 0x000001b13bfd4000 	C:\Program Files\Java\javafx-sdk-18.0.1\bin\api-ms-win-crt-string-l1-1-0.dll
0x000001b13bfe0000 - 0x000001b13bfe3000 	C:\Program Files\Java\javafx-sdk-18.0.1\bin\api-ms-win-crt-time-l1-1-0.dll
0x000001b13bff0000 - 0x000001b13bff3000 	C:\Program Files\Java\javafx-sdk-18.0.1\bin\api-ms-win-crt-utility-l1-1-0.dll
0x00007ffe95610000 - 0x00007ffe9570c000 	C:\Program Files\Java\javafx-sdk-18.0.1\bin\ucrtbase.dll
0x00007ffe94bf0000 - 0x00007ffe94c0a000 	C:\Program Files\Java\javafx-sdk-18.0.1\bin\vcruntime140.dll
0x00007ffe96940000 - 0x00007ffe9694c000 	C:\Program Files\Java\javafx-sdk-18.0.1\bin\vcruntime140_1.dll
0x00007ffe82de0000 - 0x00007ffe82e6d000 	C:\Program Files\Java\javafx-sdk-18.0.1\bin\msvcp140.dll
0x00007ffe82db0000 - 0x00007ffe82ddc000 	C:\Program Files\Java\javafx-sdk-18.0.1\bin\prism_d3d.dll
0x00007ffe8e9e0000 - 0x00007ffe8eb86000 	C:\Windows\system32\d3d9.dll
0x00007ffe97340000 - 0x00007ffe9736f000 	C:\Windows\SYSTEM32\dwmapi.dll
0x00007ffe970e0000 - 0x00007ffe97118000 	C:\Windows\SYSTEM32\dxcore.dll
0x00007ffe96ac0000 - 0x00007ffe96b6c000 	C:\Windows\system32\uxtheme.dll
0x00007ffe99130000 - 0x00007ffe99142000 	C:\Windows\SYSTEM32\msasn1.dll
0x00007ffe910a0000 - 0x00007ffe910d1000 	C:\Windows\SYSTEM32\cryptnet.dll
0x00007ffe99b50000 - 0x00007ffe99cb2000 	C:\Windows\System32\CRYPT32.dll
0x00007ffe8f470000 - 0x00007ffe8f5b9000 	C:\Windows\SYSTEM32\drvstore.dll
0x00007ffe99590000 - 0x00007ffe995bc000 	C:\Windows\SYSTEM32\devobj.dll
0x00007ffe99540000 - 0x00007ffe9958c000 	C:\Windows\SYSTEM32\cfgmgr32.dll
0x00007ffe991a0000 - 0x00007ffe991dd000 	C:\Windows\SYSTEM32\wldp.dll
0x00007ffe990d0000 - 0x00007ffe990dc000 	C:\Windows\SYSTEM32\cryptbase.dll
0x00007ffe99990000 - 0x00007ffe999f7000 	C:\Windows\System32\WINTRUST.DLL
0x00007ffe9b870000 - 0x00007ffe9b88f000 	C:\Windows\System32\imagehlp.dll
0x00007ffe990e0000 - 0x00007ffe990f8000 	C:\Windows\SYSTEM32\CRYPTSP.dll
0x00007ffe989c0000 - 0x00007ffe989f5000 	C:\Windows\system32\rsaenh.dll
0x00007ffe99250000 - 0x00007ffe99277000 	C:\Windows\SYSTEM32\bcrypt.dll
0x00007ffe93380000 - 0x00007ffe933c4000 	C:\Windows\SYSTEM32\directxdatabasehelper.dll
0x00007ffe97160000 - 0x00007ffe97194000 	C:\Windows\SYSTEM32\ntmarta.dll
0x00007ffe73670000 - 0x00007ffe736b2000 	C:\Program Files\Java\javafx-sdk-18.0.1\bin\glass.dll
0x00007ffe9c090000 - 0x00007ffe9c17c000 	C:\Windows\System32\COMDLG32.dll
0x00007ffe9a350000 - 0x00007ffe9a4ea000 	C:\Windows\System32\ole32.dll
0x00007ffe9b8e0000 - 0x00007ffe9b9b6000 	C:\Windows\System32\OLEAUT32.dll
0x00007ffe9abb0000 - 0x00007ffe9acce000 	C:\Windows\System32\MSCTF.dll
0x00007ffe2aad0000 - 0x00007ffe2ad93000 	C:\Windows\system32\nvspcap64.dll
0x00007ffe98f20000 - 0x00007ffe98f44000 	C:\Windows\SYSTEM32\gpapi.dll
0x00007ffe82d90000 - 0x00007ffe82da4000 	C:\Program Files\Java\javafx-sdk-18.0.1\bin\javafx_font.dll
0x00007ffe732c0000 - 0x00007ffe7351f000 	C:\Windows\SYSTEM32\dwrite.dll
0x00007ffe9a2a0000 - 0x00007ffe9a34f000 	C:\Windows\System32\clbcatq.dll
0x00007ffe91120000 - 0x00007ffe912ce000 	C:\Windows\SYSTEM32\WindowsCodecs.dll
0x00007ffe71060000 - 0x00007ffe710bd000 	C:\Windows\system32\dataexchange.dll
0x00007ffe90580000 - 0x00007ffe907e6000 	C:\Windows\system32\twinapi.appcore.dll
0x00007ffe6efa0000 - 0x00007ffe6efd2000 	C:\Program Files\Common Files\Microsoft Shared\Ink\rtscom.dll
0x00007ffe7dd60000 - 0x00007ffe7de8d000 	C:\Windows\SYSTEM32\textinputframework.dll
0x00007ffe96510000 - 0x00007ffe96642000 	C:\Windows\SYSTEM32\CoreMessaging.dll
0x00007ffe92550000 - 0x00007ffe928bd000 	C:\Windows\SYSTEM32\CoreUIComponents.dll
0x00007ffe77910000 - 0x00007ffe7793d000 	C:\Program Files\Java\javafx-sdk-18.0.1\bin\javafx_iio.dll

dbghelp: loaded successfully - version: 4.0.5 - missing functions: none
symbol engine: initialized successfully - sym options: 0x614 - pdb path: .;C:\Program Files\Java\jdk-17.0.2\bin;C:\Windows\SYSTEM32;C:\Windows\WinSxS\amd64_microsoft.windows.common-controls_6595b64144ccf1df_6.0.22000.120_none_9d947278b86cc467;C:\Program Files\Java\jdk-17.0.2\bin\server;C:\Program Files\Java\javafx-sdk-18.0.1\bin;C:\Windows\System32\DriverStore\FileRepository\nvltig.inf_amd64_ce837e92efe9cbc4;C:\Program Files\Common Files\Microsoft Shared\Ink

VM Arguments:
jvm_args: -Dfile.encoding=UTF-8 --add-modules=javafx.controls,javafx.fxml --module-path=C:\Users\juanc\OneDrive\Documentos\Universidad 3\POO\SEATORA\build\classes;C:\Program Files\Java\javafx-sdk-18.0.1\lib\javafx-swt.jar;C:\Program Files\Java\javafx-sdk-18.0.1\lib\javafx.base.jar;C:\Program Files\Java\javafx-sdk-18.0.1\lib\javafx.controls.jar;C:\Program Files\Java\javafx-sdk-18.0.1\lib\javafx.fxml.jar;C:\Program Files\Java\javafx-sdk-18.0.1\lib\javafx.graphics.jar;C:\Program Files\Java\javafx-sdk-18.0.1\lib\javafx.media.jar;C:\Program Files\Java\javafx-sdk-18.0.1\lib\javafx.swing.jar;C:\Program Files\Java\javafx-sdk-18.0.1\lib\javafx.web.jar 
java_command: start.Seatora
java_class_path (initial): C:\Program Files\Java\javafx-sdk-18.0.1\lib\javafx-swt.jar;C:\Program Files\Java\javafx-sdk-18.0.1\lib\javafx.base.jar;C:\Program Files\Java\javafx-sdk-18.0.1\lib\javafx.controls.jar;C:\Program Files\Java\javafx-sdk-18.0.1\lib\javafx.fxml.jar;C:\Program Files\Java\javafx-sdk-18.0.1\lib\javafx.graphics.jar;C:\Program Files\Java\javafx-sdk-18.0.1\lib\javafx.media.jar;C:\Program Files\Java\javafx-sdk-18.0.1\lib\javafx.swing.jar;C:\Program Files\Java\javafx-sdk-18.0.1\lib\javafx.web.jar;C:\Users\juanc\OneDrive\Documentos\Universidad 3\POO\SEATORA\build\classes
Launcher Type: SUN_STANDARD

[Global flags]
     intx CICompilerCount                          = 12                                        {product} {ergonomic}
     uint ConcGCThreads                            = 3                                         {product} {ergonomic}
     uint G1ConcRefinementThreads                  = 13                                        {product} {ergonomic}
   size_t G1HeapRegionSize                         = 4194304                                   {product} {ergonomic}
    uintx GCDrainStackTargetSize                   = 64                                        {product} {ergonomic}
   size_t InitialHeapSize                          = 402653184                                 {product} {ergonomic}
   size_t MarkStackSize                            = 4194304                                   {product} {ergonomic}
   size_t MaxHeapSize                              = 6404702208                                {product} {ergonomic}
   size_t MaxNewSize                               = 3841982464                                {product} {ergonomic}
   size_t MinHeapDeltaBytes                        = 4194304                                   {product} {ergonomic}
   size_t MinHeapSize                              = 8388608                                   {product} {ergonomic}
    uintx NonNMethodCodeHeapSize                   = 7602480                                {pd product} {ergonomic}
    uintx NonProfiledCodeHeapSize                  = 122027880                              {pd product} {ergonomic}
    uintx ProfiledCodeHeapSize                     = 122027880                              {pd product} {ergonomic}
    uintx ReservedCodeCacheSize                    = 251658240                              {pd product} {ergonomic}
     bool SegmentedCodeCache                       = true                                      {product} {ergonomic}
   size_t SoftMaxHeapSize                          = 6404702208                             {manageable} {ergonomic}
     bool UseCompressedClassPointers               = true                           {product lp64_product} {ergonomic}
     bool UseCompressedOops                        = true                           {product lp64_product} {ergonomic}
     bool UseG1GC                                  = true                                      {product} {ergonomic}
     bool UseLargePagesIndividualAllocation        = false                                  {pd product} {ergonomic}

Logging:
Log output configuration:
 #0: stdout all=off uptime,level,tags
 #1: stderr all=off uptime,level,tags

Environment Variables:
PATH=C:\Program Files\Common Files\Oracle\Java\javapath;C:\Program Files (x86)\Common Files\Oracle\Java\javapath;C:\Windows\system32;C:\Windows;C:\Windows\System32\Wbem;C:\Windows\System32\WindowsPowerShell\v1.0\;C:\Windows\System32\OpenSSH\;C:\Program Files (x86)\NVIDIA Corporation\PhysX\Common;C:\Program Files\NVIDIA Corporation\NVIDIA NvDLISR;C:\Users\juanc\AppData\Local\Microsoft\WindowsApps;;C:\Users\juanc\AppData\Local\Programs\Microsoft VS Code\bin
USERNAME=juanc
OS=Windows_NT
PROCESSOR_IDENTIFIER=AMD64 Family 25 Model 80 Stepping 0, AuthenticAMD



---------------  S Y S T E M  ---------------

OS:
 Windows 11 , 64 bit Build 22000 (10.0.22000.675)
OS uptime: 0 days 1:39 hours

CPU: total 16 (initial active 16) (16 cores per cpu, 2 threads per core) family 25 model 80 stepping 0 microcode 0x0, cx8, cmov, fxsr, ht, mmx, 3dnowpref, sse, sse2, sse3, ssse3, sse4a, sse4.1, sse4.2, popcnt, lzcnt, tsc, tscinvbit, avx, avx2, aes, erms, clmul, bmi1, bmi2, adx, sha, fma, vzeroupper, clflush, clflushopt

Memory: 4k page, system-wide physical 24428M (16777M free)
TotalPageFile size 28012M (AvailPageFile size 17363M)
current process WorkingSet (physical memory assigned to process): 219M, peak: 261M
current process commit charge ("private bytes"): 422M, peak: 710M

vm_info: Java HotSpot(TM) 64-Bit Server VM (17.0.2+8-LTS-86) for windows-amd64 JRE (17.0.2+8-LTS-86), built on Dec  7 2021 21:51:03 by "mach5one" with MS VC++ 16.8 / 16.9 (VS2019)

END.
