#
# A fatal error has been detected by the Java Runtime Environment:
#
#  EXCEPTION_ACCESS_VIOLATION (0xc0000005) at pc=0x00007ffe736962d7, pid=12128, tid=13452
#
# JRE version: Java(TM) SE Runtime Environment (17.0.2+8) (build 17.0.2+8-LTS-86)
# Java VM: Java HotSpot(TM) 64-Bit Server VM (17.0.2+8-LTS-86, mixed mode, sharing, tiered, compressed oops, compressed class ptrs, g1 gc, windows-amd64)
# Problematic frame:
# C  [glass.dll+0x262d7]
#
# No core dump will be written. Minidumps are not enabled by default on client versions of Windows
#
# If you would like to submit a bug report, please visit:
#   https://bugreport.java.com/bugreport/crash.jsp
#

---------------  S U M M A R Y ------------

Command Line: -Dfile.encoding=UTF-8 --add-modules=javafx.controls,javafx.fxml --module-path=C:\Users\juanc\OneDrive\Documentos\Universidad 3\POO\SEATORA\build\classes;C:\Program Files\Java\javafx-sdk-18.0.1\lib\javafx-swt.jar;C:\Program Files\Java\javafx-sdk-18.0.1\lib\javafx.base.jar;C:\Program Files\Java\javafx-sdk-18.0.1\lib\javafx.controls.jar;C:\Program Files\Java\javafx-sdk-18.0.1\lib\javafx.fxml.jar;C:\Program Files\Java\javafx-sdk-18.0.1\lib\javafx.graphics.jar;C:\Program Files\Java\javafx-sdk-18.0.1\lib\javafx.media.jar;C:\Program Files\Java\javafx-sdk-18.0.1\lib\javafx.swing.jar;C:\Program Files\Java\javafx-sdk-18.0.1\lib\javafx.web.jar start.Seatora

Host: AMD Ryzen 7 5800H with Radeon Graphics         , 16 cores, 23G,  Windows 11 , 64 bit Build 22000 (10.0.22000.675)
Time: Thu May 26 08:29:19 2022 Hora est. Pacífico, Sudamérica elapsed time: 27.860828 seconds (0d 0h 0m 27s)

---------------  T H R E A D  ---------------

Current thread (0x000001ba5a8c0310):  VMThread "VM Thread" [stack: 0x0000009dde700000,0x0000009dde800000] [id=13452]

Stack: [0x0000009dde700000,0x0000009dde800000],  sp=0x0000009dde7ff080,  free space=1020k
Native frames: (J=compiled Java code, j=interpreted, Vv=VM code, C=native code)
C  [glass.dll+0x262d7]


siginfo: EXCEPTION_ACCESS_VIOLATION (0xc0000005), reading address 0x0000000000000000


Register to memory mapping:

RIP=0x00007ffe736962d7 glass.dll
RAX=0x0 is NULL
RBX=0x000001ba5a8d3078 is a global jni handle
RCX=0x000001ba5a8c0310 points into unknown readable memory: 0x00007ffe0739e890 | 90 e8 39 07 fe 7f 00 00
RDX=0x0000009dde7ff080 points into unknown readable memory: 0x0000000000000000 | 00 00 00 00 00 00 00 00
RSP=0x0000009dde7ff080 points into unknown readable memory: 0x0000000000000000 | 00 00 00 00 00 00 00 00
RBP=0x000001ba5c297048 points into unknown readable memory: 0x0000e0615ac82959 | 59 29 c8 5a 61 e0 00 00
RSI=0x000001ba5c297020 points into unknown readable memory: 0xfce6320ce2c829a6 | a6 29 c8 e2 0c 32 e6 fc
RDI=0x0000e0615ac82959 is an unknown value
R8 =0x0000000000010002 is an unknown value
R9 =0x0000e0615ac82959 is an unknown value
R10=0x85f13e9656da4870 is an unknown value
R11=0x0000009dde7ff010 points into unknown readable memory: 0x000001ba5c297020 | 20 70 29 5c ba 01 00 00
R12=0x00007ffe73693bc4 glass.dll
R13=0x00007ffe075449d0 jvm.dll
R14=0x0000009dde7ff188 points into unknown readable memory: 0x0000009dde7ff170 | 70 f1 7f de 9d 00 00 00
R15=0x000001ba5c297020 points into unknown readable memory: 0xfce6320ce2c829a6 | a6 29 c8 e2 0c 32 e6 fc


Registers:
RAX=0x0000000000000000, RBX=0x000001ba5a8d3078, RCX=0x000001ba5a8c0310, RDX=0x0000009dde7ff080
RSP=0x0000009dde7ff080, RBP=0x000001ba5c297048, RSI=0x000001ba5c297020, RDI=0x0000e0615ac82959
R8 =0x0000000000010002, R9 =0x0000e0615ac82959, R10=0x85f13e9656da4870, R11=0x0000009dde7ff010
R12=0x00007ffe73693bc4, R13=0x00007ffe075449d0, R14=0x0000009dde7ff188, R15=0x000001ba5c297020
RIP=0x00007ffe736962d7, EFLAGS=0x0000000000010206

Top of Stack: (sp=0x0000009dde7ff080)
0x0000009dde7ff080:   0000000000000000 000001ba5c297020
0x0000009dde7ff090:   00007ffe075449d0 00007ffe73693bc4
0x0000009dde7ff0a0:   000001ba5c297028 00007ffe99cdbea0
0x0000009dde7ff0b0:   0000e0615ac82959 000001ba00000000
0x0000009dde7ff0c0:   000001ba5c297048 000001ba5c297020
0x0000009dde7ff0d0:   fffffffffffffffe 0000000000000000
0x0000009dde7ff0e0:   0000000000000001 00007ffe73670000
0x0000009dde7ff0f0:   0000009dde7ff178 00007ffe99cdbdb7
0x0000009dde7ff100:   0000000000000000 0000009dde7ff188
0x0000009dde7ff110:   0000009dde7ff460 00007ffe99dc12b0
0x0000009dde7ff120:   0000000000000001 00007ffe99cdbd6d
0x0000009dde7ff130:   0000000000000000 0000000000000001
0x0000009dde7ff140:   0000000000000000 0000009dde7ff178
0x0000009dde7ff150:   fffffffffffffffe 0000009d00000000
0x0000009dde7ff160:   ffffffff00000001 00007ffe73693a51
0x0000009dde7ff170:   00007ffe736a9f88 00007ffe00000002 

Instructions: (pc=0x00007ffe736962d7)
0x00007ffe736961d7:   8b 4d 58 e8 2d cf ff ff 48 8b 4d 60 e8 24 cf ff
0x00007ffe736961e7:   ff 48 8b 95 80 00 00 00 48 8b 8d 18 01 00 00 e8
0x00007ffe736961f7:   16 c4 ff ff 33 d2 33 c9 e8 5c e1 ff ff 90 48 89
0x00007ffe73696207:   54 24 10 55 48 83 ec 20 48 8b ea 48 b8 00 00 00
0x00007ffe73696217:   00 00 00 00 00 48 83 c4 20 5d c3 cc 40 55 48 8b
0x00007ffe73696227:   ea 48 8b 01 33 c9 81 38 05 00 00 c0 0f 94 c1 8b
0x00007ffe73696237:   c1 5d c3 cc 40 55 48 83 ec 20 48 8b ea 8a 4d 40
0x00007ffe73696247:   48 83 c4 20 5d e9 17 d3 ff ff cc 40 55 48 83 ec
0x00007ffe73696257:   20 48 8b ea 8a 4d 20 e8 05 d3 ff ff 90 48 83 c4
0x00007ffe73696267:   20 5d c3 cc 40 55 48 83 ec 20 48 8b ea 48 83 c4
0x00007ffe73696277:   20 5d e9 66 d1 ff ff cc 40 55 48 83 ec 30 48 8b
0x00007ffe73696287:   ea 48 8b 01 8b 10 48 89 4c 24 28 89 54 24 20 4c
0x00007ffe73696297:   8d 0d 07 d6 ff ff 4c 8b 45 70 8b 55 68 48 8b 4d
0x00007ffe736962a7:   60 e8 a7 d0 ff ff 90 48 83 c4 30 5d c3 cc cc cc
0x00007ffe736962b7:   cc cc cc cc cc cc cc cc cc 40 53 48 83 ec 20 48
0x00007ffe736962c7:   8b 1d bb 36 01 00 48 85 db 74 16 e8 59 8b ff ff
0x00007ffe736962d7:   4c 8b 00 48 8b d3 48 8b c8 41 ff 90 b0 00 00 00
0x00007ffe736962e7:   90 48 83 c4 20 5b c3 cc cc 40 53 48 83 ec 20 48
0x00007ffe736962f7:   8b 1d 2b 38 01 00 48 85 db 74 57 b8 ff ff ff ff
0x00007ffe73696307:   f0 0f c1 43 10 83 f8 01 75 3d 48 85 db 74 38 48
0x00007ffe73696317:   8b 0b 48 85 c9 74 0d ff 15 84 0f 00 00 48 c7 03
0x00007ffe73696327:   00 00 00 00 48 8b 4b 08 48 85 c9 74 0d e8 d3 cd
0x00007ffe73696337:   ff ff 48 c7 43 08 00 00 00 00 ba 18 00 00 00 48
0x00007ffe73696347:   8b cb e8 be cd ff ff 48 c7 05 cf 37 01 00 00 00
0x00007ffe73696357:   00 00 48 83 c4 20 5b c3 cc 40 53 48 83 ec 20 48
0x00007ffe73696367:   8b 1d 9b 37 01 00 48 85 db 74 57 b8 ff ff ff ff
0x00007ffe73696377:   f0 0f c1 43 10 83 f8 01 75 3d 48 85 db 74 38 48
0x00007ffe73696387:   8b 0b 48 85 c9 74 0d ff 15 14 0f 00 00 48 c7 03
0x00007ffe73696397:   00 00 00 00 48 8b 4b 08 48 85 c9 74 0d e8 63 cd
0x00007ffe736963a7:   ff ff 48 c7 43 08 00 00 00 00 ba 18 00 00 00 48
0x00007ffe736963b7:   8b cb e8 4e cd ff ff 48 c7 05 3f 37 01 00 00 00
0x00007ffe736963c7:   00 00 48 83 c4 20 5b c3 cc 40 53 48 83 ec 20 48 


Stack slot to memory mapping:
stack at sp + 0 slots: 0x0 is NULL
stack at sp + 1 slots: 0x000001ba5c297020 points into unknown readable memory: 0xfce6320ce2c829a6 | a6 29 c8 e2 0c 32 e6 fc
stack at sp + 2 slots: 0x00007ffe075449d0 jvm.dll
stack at sp + 3 slots: 0x00007ffe73693bc4 glass.dll
stack at sp + 4 slots: 0x000001ba5c297028 points into unknown readable memory: 0x0000e0615ac82959 | 59 29 c8 5a 61 e0 00 00
stack at sp + 5 slots: 0x00007ffe99cdbea0 ucrtbase.dll
stack at sp + 6 slots: 0x0000e0615ac82959 is an unknown value
stack at sp + 7 slots: 0x000001ba00000000 is an unknown value

VM_Operation (0x0000009de00f61d0): Exit, mode: safepoint, requested by thread 0x000001ba5b6dcdc0


---------------  P R O C E S S  ---------------

Threads class SMR info:
_java_thread_list=0x000001ba65a4f000, length=20, elements={
0x000001ba325ae070, 0x000001ba5a8c4200, 0x000001ba5a8c4e70, 0x000001ba5a8d8da0,
0x000001ba5a8d9750, 0x000001ba5a8da710, 0x000001ba5a8db6d0, 0x000001ba5a8e65f0,
0x000001ba5a8ecd50, 0x000001ba5a8fbea0, 0x000001ba5b4ecd20, 0x000001ba5c0adbe0,
0x000001ba5b6dba80, 0x000001ba5b6dbf50, 0x000001ba5b6dcdc0, 0x000001ba5b6dc420,
0x000001ba5b6da270, 0x000001ba5b6dc8f0, 0x000001ba5b6da740, 0x000001ba5c2e0960
}

Java Threads: ( => current thread )
  0x000001ba325ae070 JavaThread "main" [_thread_blocked, id=3400, stack(0x0000009dde100000,0x0000009dde200000)]
  0x000001ba5a8c4200 JavaThread "Reference Handler" daemon [_thread_blocked, id=16088, stack(0x0000009dde800000,0x0000009dde900000)]
  0x000001ba5a8c4e70 JavaThread "Finalizer" daemon [_thread_blocked, id=15988, stack(0x0000009dde900000,0x0000009ddea00000)]
  0x000001ba5a8d8da0 JavaThread "Signal Dispatcher" daemon [_thread_blocked, id=6748, stack(0x0000009ddea00000,0x0000009ddeb00000)]
  0x000001ba5a8d9750 JavaThread "Attach Listener" daemon [_thread_blocked, id=4548, stack(0x0000009ddeb00000,0x0000009ddec00000)]
  0x000001ba5a8da710 JavaThread "Service Thread" daemon [_thread_blocked, id=17388, stack(0x0000009ddec00000,0x0000009dded00000)]
  0x000001ba5a8db6d0 JavaThread "Monitor Deflation Thread" daemon [_thread_blocked, id=18980, stack(0x0000009dded00000,0x0000009ddee00000)]
  0x000001ba5a8e65f0 JavaThread "C2 CompilerThread0" daemon [_thread_blocked, id=10184, stack(0x0000009ddee00000,0x0000009ddef00000)]
  0x000001ba5a8ecd50 JavaThread "C1 CompilerThread0" daemon [_thread_blocked, id=13532, stack(0x0000009ddef00000,0x0000009ddf000000)]
  0x000001ba5a8fbea0 JavaThread "Sweeper thread" daemon [_thread_blocked, id=8028, stack(0x0000009ddf000000,0x0000009ddf100000)]
  0x000001ba5b4ecd20 JavaThread "Common-Cleaner" daemon [_thread_blocked, id=19276, stack(0x0000009ddf200000,0x0000009ddf300000)]
  0x000001ba5c0adbe0 JavaThread "Notification Thread" daemon [_thread_blocked, id=19592, stack(0x0000009ddfb00000,0x0000009ddfc00000)]
  0x000001ba5b6dba80 JavaThread "QuantumRenderer-0" daemon [_thread_blocked, id=19652, stack(0x0000009ddfd00000,0x0000009ddfe00000)]
  0x000001ba5b6dbf50 JavaThread "InvokeLaterDispatcher" daemon [_thread_blocked, id=19032, stack(0x0000009ddff00000,0x0000009de0000000)]
  0x000001ba5b6dcdc0 JavaThread "JavaFX Application Thread" [_thread_blocked, id=18200, stack(0x0000009de0000000,0x0000009de0100000)]
  0x000001ba5b6dc420 JavaThread "JavaFX-Launcher" [_thread_blocked, id=19744, stack(0x0000009de0200000,0x0000009de0300000)]
  0x000001ba5b6da270 JavaThread "Thread-2" daemon [_thread_in_native, id=9692, stack(0x0000009ddfa00000,0x0000009ddfb00000)]
  0x000001ba5b6dc8f0 JavaThread "Prism Font Disposer" daemon [_thread_blocked, id=8084, stack(0x0000009de0b00000,0x0000009de0c00000)]
  0x000001ba5b6da740 JavaThread "Cleaner-0" daemon [_thread_blocked, id=3252, stack(0x0000009de0fe0000,0x0000009de10e0000)]
  0x000001ba5c2e0960 JavaThread "C1 CompilerThread1" daemon [_thread_blocked, id=19564, stack(0x0000009ddf100000,0x0000009ddf200000)]

Other Threads:
=>0x000001ba5a8c0310 VMThread "VM Thread" [stack: 0x0000009dde700000,0x0000009dde800000] [id=13452]
  0x000001ba3260fdf0 GCTaskThread "GC Thread#0" [stack: 0x0000009dde200000,0x0000009dde300000] [id=18924]
  0x000001ba5c62cae0 GCTaskThread "GC Thread#1" [stack: 0x0000009de0300000,0x0000009de0400000] [id=19172]
  0x000001ba5c3e5050 GCTaskThread "GC Thread#2" [stack: 0x0000009de0400000,0x0000009de0500000] [id=2784]
  0x000001ba5c63a150 GCTaskThread "GC Thread#3" [stack: 0x0000009de0500000,0x0000009de0600000] [id=20248]
  0x000001ba5c3ed390 GCTaskThread "GC Thread#4" [stack: 0x0000009de0600000,0x0000009de0700000] [id=18856]
  0x000001ba5c6381f0 GCTaskThread "GC Thread#5" [stack: 0x0000009de0700000,0x0000009de0800000] [id=9616]
  0x000001ba5c5dc6a0 GCTaskThread "GC Thread#6" [stack: 0x0000009de0800000,0x0000009de0900000] [id=8344]
  0x000001ba5c65da50 GCTaskThread "GC Thread#7" [stack: 0x0000009de0900000,0x0000009de0a00000] [id=16076]
  0x000001ba5c65e110 GCTaskThread "GC Thread#8" [stack: 0x0000009de0a00000,0x0000009de0b00000] [id=19532]
  0x000001ba5cd36f80 GCTaskThread "GC Thread#9" [stack: 0x0000009ddf500000,0x0000009ddf600000] [id=4332]
  0x000001ba3261cb00 ConcurrentGCThread "G1 Main Marker" terminated
  0x000001ba3261d410 ConcurrentGCThread "G1 Conc#0" [stack: 0x0000009dde400000,0x0000009dde500000] [id=20188]
  0x000001ba3268d170 ConcurrentGCThread "G1 Refine#0" terminated
  0x000001ba3268da90 ConcurrentGCThread "G1 Service" terminated

Threads with active compile tasks:

VM state: at safepoint (shutting down)

VM Mutex/Monitor currently owned by a thread:  ([mutex/lock_event])
[0x000001ba325aa1b0] Threads_lock - owner thread: 0x000001ba5a8c0310
[0x000001ba325ab0e0] Heap_lock - owner thread: 0x000001ba5b6dcdc0

Heap address: 0x0000000682400000, size: 6108 MB, Compressed Oops mode: Zero based, Oop shift amount: 3

CDS archive(s) mapped at: [0x0000000800000000-0x0000000800bc0000-0x0000000800bc0000), size 12320768, SharedBaseAddress: 0x0000000800000000, ArchiveRelocationMode: 0.
Compressed class space mapped at: 0x0000000800c00000-0x0000000840c00000, reserved size: 1073741824
Narrow klass base: 0x0000000800000000, Narrow klass shift: 0, Narrow klass range: 0x100000000

GC Precious Log:
 CPUs: 16 total, 16 available
 Memory: 24428M
 Large Page Support: Disabled
 NUMA Support: Disabled
 Compressed Oops: Enabled (Zero based)
 Heap Region Size: 4M
 Heap Min Capacity: 8M
 Heap Initial Capacity: 384M
 Heap Max Capacity: 6108M
 Pre-touch: Disabled
 Parallel Workers: 13
 Concurrent Workers: 3
 Concurrent Refinement Workers: 13
 Periodic GC: Disabled

Heap:
 garbage-first heap   total 393216K, used 78525K [0x0000000682400000, 0x0000000800000000)
  region size 4096K, 15 young (61440K), 2 survivors (8192K)
 Metaspace       used 18704K, committed 18944K, reserved 1073152K
  class space    used 2672K, committed 2816K, reserved 1048576K

Heap Regions: E=young(eden), S=young(survivor), O=old, HS=humongous(starts), HC=humongous(continues), CS=collection set, F=free, OA=open archive, CA=closed archive, TAMS=top-at-mark-start (previous, next)
|   0|0x0000000682400000, 0x0000000682800000, 0x0000000682800000|100%|HS|  |TAMS 0x0000000682400000, 0x0000000682400000| Complete 
|   1|0x0000000682800000, 0x0000000682c00000, 0x0000000682c00000|100%|HS|  |TAMS 0x0000000682800000, 0x0000000682800000| Complete 
|   2|0x0000000682c00000, 0x0000000683000000, 0x0000000683000000|100%|HS|  |TAMS 0x0000000682c00000, 0x0000000682c00000| Complete 
|   3|0x0000000683000000, 0x00000006830af600, 0x0000000683400000| 17%| O|  |TAMS 0x0000000683000000, 0x0000000683000000| Untracked 
|   4|0x0000000683400000, 0x0000000683800000, 0x0000000683800000|100%|HS|  |TAMS 0x0000000683400000, 0x0000000683400000| Complete 
|   5|0x0000000683800000, 0x0000000683c00000, 0x0000000683c00000|100%|HS|  |TAMS 0x0000000683800000, 0x0000000683800000| Complete 
|   6|0x0000000683c00000, 0x0000000683c00000, 0x0000000684000000|  0%| F|  |TAMS 0x0000000683c00000, 0x0000000683c00000| Untracked 
|   7|0x0000000684000000, 0x0000000684000000, 0x0000000684400000|  0%| F|  |TAMS 0x0000000684000000, 0x0000000684000000| Untracked 
|   8|0x0000000684400000, 0x0000000684400000, 0x0000000684800000|  0%| F|  |TAMS 0x0000000684400000, 0x0000000684400000| Untracked 
|   9|0x0000000684800000, 0x0000000684800000, 0x0000000684c00000|  0%| F|  |TAMS 0x0000000684800000, 0x0000000684800000| Untracked 
|  10|0x0000000684c00000, 0x0000000684c00000, 0x0000000685000000|  0%| F|  |TAMS 0x0000000684c00000, 0x0000000684c00000| Untracked 
|  11|0x0000000685000000, 0x0000000685000000, 0x0000000685400000|  0%| F|  |TAMS 0x0000000685000000, 0x0000000685000000| Untracked 
|  12|0x0000000685400000, 0x0000000685400000, 0x0000000685800000|  0%| F|  |TAMS 0x0000000685400000, 0x0000000685400000| Untracked 
|  13|0x0000000685800000, 0x0000000685800000, 0x0000000685c00000|  0%| F|  |TAMS 0x0000000685800000, 0x0000000685800000| Untracked 
|  14|0x0000000685c00000, 0x0000000685c00000, 0x0000000686000000|  0%| F|  |TAMS 0x0000000685c00000, 0x0000000685c00000| Untracked 
|  15|0x0000000686000000, 0x0000000686000000, 0x0000000686400000|  0%| F|  |TAMS 0x0000000686000000, 0x0000000686000000| Untracked 
|  16|0x0000000686400000, 0x0000000686400000, 0x0000000686800000|  0%| F|  |TAMS 0x0000000686400000, 0x0000000686400000| Untracked 
|  17|0x0000000686800000, 0x0000000686800000, 0x0000000686c00000|  0%| F|  |TAMS 0x0000000686800000, 0x0000000686800000| Untracked 
|  18|0x0000000686c00000, 0x0000000686c00000, 0x0000000687000000|  0%| F|  |TAMS 0x0000000686c00000, 0x0000000686c00000| Untracked 
|  19|0x0000000687000000, 0x0000000687000000, 0x0000000687400000|  0%| F|  |TAMS 0x0000000687000000, 0x0000000687000000| Untracked 
|  20|0x0000000687400000, 0x0000000687400000, 0x0000000687800000|  0%| F|  |TAMS 0x0000000687400000, 0x0000000687400000| Untracked 
|  21|0x0000000687800000, 0x0000000687800000, 0x0000000687c00000|  0%| F|  |TAMS 0x0000000687800000, 0x0000000687800000| Untracked 
|  22|0x0000000687c00000, 0x0000000687c00000, 0x0000000688000000|  0%| F|  |TAMS 0x0000000687c00000, 0x0000000687c00000| Untracked 
|  23|0x0000000688000000, 0x0000000688000000, 0x0000000688400000|  0%| F|  |TAMS 0x0000000688000000, 0x0000000688000000| Untracked 
|  24|0x0000000688400000, 0x0000000688400000, 0x0000000688800000|  0%| F|  |TAMS 0x0000000688400000, 0x0000000688400000| Untracked 
|  25|0x0000000688800000, 0x0000000688800000, 0x0000000688c00000|  0%| F|  |TAMS 0x0000000688800000, 0x0000000688800000| Untracked 
|  26|0x0000000688c00000, 0x0000000688c00000, 0x0000000689000000|  0%| F|  |TAMS 0x0000000688c00000, 0x0000000688c00000| Untracked 
|  27|0x0000000689000000, 0x0000000689000000, 0x0000000689400000|  0%| F|  |TAMS 0x0000000689000000, 0x0000000689000000| Untracked 
|  28|0x0000000689400000, 0x0000000689400000, 0x0000000689800000|  0%| F|  |TAMS 0x0000000689400000, 0x0000000689400000| Untracked 
|  29|0x0000000689800000, 0x0000000689800000, 0x0000000689c00000|  0%| F|  |TAMS 0x0000000689800000, 0x0000000689800000| Untracked 
|  30|0x0000000689c00000, 0x0000000689c00000, 0x000000068a000000|  0%| F|  |TAMS 0x0000000689c00000, 0x0000000689c00000| Untracked 
|  31|0x000000068a000000, 0x000000068a000000, 0x000000068a400000|  0%| F|  |TAMS 0x000000068a000000, 0x000000068a000000| Untracked 
|  32|0x000000068a400000, 0x000000068a400000, 0x000000068a800000|  0%| F|  |TAMS 0x000000068a400000, 0x000000068a400000| Untracked 
|  33|0x000000068a800000, 0x000000068a800000, 0x000000068ac00000|  0%| F|  |TAMS 0x000000068a800000, 0x000000068a800000| Untracked 
|  34|0x000000068ac00000, 0x000000068ac00000, 0x000000068b000000|  0%| F|  |TAMS 0x000000068ac00000, 0x000000068ac00000| Untracked 
|  35|0x000000068b000000, 0x000000068b000000, 0x000000068b400000|  0%| F|  |TAMS 0x000000068b000000, 0x000000068b000000| Untracked 
|  36|0x000000068b400000, 0x000000068b400000, 0x000000068b800000|  0%| F|  |TAMS 0x000000068b400000, 0x000000068b400000| Untracked 
|  37|0x000000068b800000, 0x000000068b800000, 0x000000068bc00000|  0%| F|  |TAMS 0x000000068b800000, 0x000000068b800000| Untracked 
|  38|0x000000068bc00000, 0x000000068bc00000, 0x000000068c000000|  0%| F|  |TAMS 0x000000068bc00000, 0x000000068bc00000| Untracked 
|  39|0x000000068c000000, 0x000000068c000000, 0x000000068c400000|  0%| F|  |TAMS 0x000000068c000000, 0x000000068c000000| Untracked 
|  40|0x000000068c400000, 0x000000068c400000, 0x000000068c800000|  0%| F|  |TAMS 0x000000068c400000, 0x000000068c400000| Untracked 
|  41|0x000000068c800000, 0x000000068c800000, 0x000000068cc00000|  0%| F|  |TAMS 0x000000068c800000, 0x000000068c800000| Untracked 
|  42|0x000000068cc00000, 0x000000068cc00000, 0x000000068d000000|  0%| F|  |TAMS 0x000000068cc00000, 0x000000068cc00000| Untracked 
|  43|0x000000068d000000, 0x000000068d000000, 0x000000068d400000|  0%| F|  |TAMS 0x000000068d000000, 0x000000068d000000| Untracked 
|  44|0x000000068d400000, 0x000000068d400000, 0x000000068d800000|  0%| F|  |TAMS 0x000000068d400000, 0x000000068d400000| Untracked 
|  45|0x000000068d800000, 0x000000068d800000, 0x000000068dc00000|  0%| F|  |TAMS 0x000000068d800000, 0x000000068d800000| Untracked 
|  46|0x000000068dc00000, 0x000000068dc00000, 0x000000068e000000|  0%| F|  |TAMS 0x000000068dc00000, 0x000000068dc00000| Untracked 
|  47|0x000000068e000000, 0x000000068e000000, 0x000000068e400000|  0%| F|  |TAMS 0x000000068e000000, 0x000000068e000000| Untracked 
|  48|0x000000068e400000, 0x000000068e400000, 0x000000068e800000|  0%| F|  |TAMS 0x000000068e400000, 0x000000068e400000| Untracked 
|  49|0x000000068e800000, 0x000000068e800000, 0x000000068ec00000|  0%| F|  |TAMS 0x000000068e800000, 0x000000068e800000| Untracked 
|  50|0x000000068ec00000, 0x000000068ec00000, 0x000000068f000000|  0%| F|  |TAMS 0x000000068ec00000, 0x000000068ec00000| Untracked 
|  51|0x000000068f000000, 0x000000068f000000, 0x000000068f400000|  0%| F|  |TAMS 0x000000068f000000, 0x000000068f000000| Untracked 
|  52|0x000000068f400000, 0x000000068f400000, 0x000000068f800000|  0%| F|  |TAMS 0x000000068f400000, 0x000000068f400000| Untracked 
|  53|0x000000068f800000, 0x000000068f800000, 0x000000068fc00000|  0%| F|  |TAMS 0x000000068f800000, 0x000000068f800000| Untracked 
|  54|0x000000068fc00000, 0x000000068fc00000, 0x0000000690000000|  0%| F|  |TAMS 0x000000068fc00000, 0x000000068fc00000| Untracked 
|  55|0x0000000690000000, 0x0000000690000000, 0x0000000690400000|  0%| F|  |TAMS 0x0000000690000000, 0x0000000690000000| Untracked 
|  56|0x0000000690400000, 0x0000000690400000, 0x0000000690800000|  0%| F|  |TAMS 0x0000000690400000, 0x0000000690400000| Untracked 
|  57|0x0000000690800000, 0x0000000690800000, 0x0000000690c00000|  0%| F|  |TAMS 0x0000000690800000, 0x0000000690800000| Untracked 
|  58|0x0000000690c00000, 0x0000000690c00000, 0x0000000691000000|  0%| F|  |TAMS 0x0000000690c00000, 0x0000000690c00000| Untracked 
|  59|0x0000000691000000, 0x0000000691000000, 0x0000000691400000|  0%| F|  |TAMS 0x0000000691000000, 0x0000000691000000| Untracked 
|  60|0x0000000691400000, 0x0000000691400000, 0x0000000691800000|  0%| F|  |TAMS 0x0000000691400000, 0x0000000691400000| Untracked 
|  61|0x0000000691800000, 0x0000000691800000, 0x0000000691c00000|  0%| F|  |TAMS 0x0000000691800000, 0x0000000691800000| Untracked 
|  62|0x0000000691c00000, 0x0000000691c00000, 0x0000000692000000|  0%| F|  |TAMS 0x0000000691c00000, 0x0000000691c00000| Untracked 
|  63|0x0000000692000000, 0x0000000692000000, 0x0000000692400000|  0%| F|  |TAMS 0x0000000692000000, 0x0000000692000000| Untracked 
|  64|0x0000000692400000, 0x0000000692400000, 0x0000000692800000|  0%| F|  |TAMS 0x0000000692400000, 0x0000000692400000| Untracked 
|  65|0x0000000692800000, 0x0000000692800000, 0x0000000692c00000|  0%| F|  |TAMS 0x0000000692800000, 0x0000000692800000| Untracked 
|  66|0x0000000692c00000, 0x0000000692c00000, 0x0000000693000000|  0%| F|  |TAMS 0x0000000692c00000, 0x0000000692c00000| Untracked 
|  67|0x0000000693000000, 0x0000000693000000, 0x0000000693400000|  0%| F|  |TAMS 0x0000000693000000, 0x0000000693000000| Untracked 
|  68|0x0000000693400000, 0x0000000693400000, 0x0000000693800000|  0%| F|  |TAMS 0x0000000693400000, 0x0000000693400000| Untracked 
|  69|0x0000000693800000, 0x0000000693800000, 0x0000000693c00000|  0%| F|  |TAMS 0x0000000693800000, 0x0000000693800000| Untracked 
|  70|0x0000000693c00000, 0x0000000693c00000, 0x0000000694000000|  0%| F|  |TAMS 0x0000000693c00000, 0x0000000693c00000| Untracked 
|  71|0x0000000694000000, 0x0000000694000000, 0x0000000694400000|  0%| F|  |TAMS 0x0000000694000000, 0x0000000694000000| Untracked 
|  72|0x0000000694400000, 0x0000000694400000, 0x0000000694800000|  0%| F|  |TAMS 0x0000000694400000, 0x0000000694400000| Untracked 
|  73|0x0000000694800000, 0x0000000694800000, 0x0000000694c00000|  0%| F|  |TAMS 0x0000000694800000, 0x0000000694800000| Untracked 
|  74|0x0000000694c00000, 0x0000000694c00000, 0x0000000695000000|  0%| F|  |TAMS 0x0000000694c00000, 0x0000000694c00000| Untracked 
|  75|0x0000000695000000, 0x0000000695000000, 0x0000000695400000|  0%| F|  |TAMS 0x0000000695000000, 0x0000000695000000| Untracked 
|  76|0x0000000695400000, 0x0000000695400000, 0x0000000695800000|  0%| F|  |TAMS 0x0000000695400000, 0x0000000695400000| Untracked 
|  77|0x0000000695800000, 0x0000000695800000, 0x0000000695c00000|  0%| F|  |TAMS 0x0000000695800000, 0x0000000695800000| Untracked 
|  78|0x0000000695c00000, 0x0000000695c00000, 0x0000000696000000|  0%| F|  |TAMS 0x0000000695c00000, 0x0000000695c00000| Untracked 
|  79|0x0000000696000000, 0x0000000696000000, 0x0000000696400000|  0%| F|  |TAMS 0x0000000696000000, 0x0000000696000000| Untracked 
|  80|0x0000000696400000, 0x0000000696400000, 0x0000000696800000|  0%| F|  |TAMS 0x0000000696400000, 0x0000000696400000| Untracked 
|  81|0x0000000696800000, 0x000000069699d0c8, 0x0000000696c00000| 40%| E|  |TAMS 0x0000000696800000, 0x0000000696800000| Complete 
|  82|0x0000000696c00000, 0x0000000697000000, 0x0000000697000000|100%| E|CS|TAMS 0x0000000696c00000, 0x0000000696c00000| Complete 
|  83|0x0000000697000000, 0x0000000697400000, 0x0000000697400000|100%| S|CS|TAMS 0x0000000697000000, 0x0000000697000000| Complete 
|  84|0x0000000697400000, 0x0000000697800000, 0x0000000697800000|100%| S|CS|TAMS 0x0000000697400000, 0x0000000697400000| Complete 
|  85|0x0000000697800000, 0x0000000697c00000, 0x0000000697c00000|100%| E|CS|TAMS 0x0000000697800000, 0x0000000697800000| Complete 
|  86|0x0000000697c00000, 0x0000000698000000, 0x0000000698000000|100%| E|CS|TAMS 0x0000000697c00000, 0x0000000697c00000| Complete 
|  87|0x0000000698000000, 0x0000000698400000, 0x0000000698400000|100%| E|CS|TAMS 0x0000000698000000, 0x0000000698000000| Complete 
|  88|0x0000000698400000, 0x0000000698800000, 0x0000000698800000|100%| E|CS|TAMS 0x0000000698400000, 0x0000000698400000| Complete 
|  89|0x0000000698800000, 0x0000000698c00000, 0x0000000698c00000|100%| E|CS|TAMS 0x0000000698800000, 0x0000000698800000| Complete 
|  90|0x0000000698c00000, 0x0000000699000000, 0x0000000699000000|100%| E|CS|TAMS 0x0000000698c00000, 0x0000000698c00000| Complete 
|  91|0x0000000699000000, 0x0000000699400000, 0x0000000699400000|100%| E|CS|TAMS 0x0000000699000000, 0x0000000699000000| Complete 
|  92|0x0000000699400000, 0x0000000699800000, 0x0000000699800000|100%| E|CS|TAMS 0x0000000699400000, 0x0000000699400000| Complete 
|  93|0x0000000699800000, 0x0000000699c00000, 0x0000000699c00000|100%| E|CS|TAMS 0x0000000699800000, 0x0000000699800000| Complete 
|  94|0x0000000699c00000, 0x000000069a000000, 0x000000069a000000|100%| E|CS|TAMS 0x0000000699c00000, 0x0000000699c00000| Complete 
|  95|0x000000069a000000, 0x000000069a400000, 0x000000069a400000|100%| E|CS|TAMS 0x000000069a000000, 0x000000069a000000| Complete 

Card table byte_map: [0x000001ba4a290000,0x000001ba4ae80000] _byte_map_base: 0x000001ba46e7e000

Marking Bits (Prev, Next): (CMBitMap*) 0x000001ba32610300, (CMBitMap*) 0x000001ba32610340
 Prev Bits: [0x000001ba4ba70000, 0x000001ba519e0000)
 Next Bits: [0x000001ba519e0000, 0x000001ba57950000)

Polling page: 0x000001ba30400000

Metaspace:

Usage:
  Non-class:     15.66 MB used.
      Class:      2.61 MB used.
       Both:     18.27 MB used.

Virtual space:
  Non-class space:       24.00 MB reserved,      15.75 MB ( 66%) committed,  3 nodes.
      Class space:        1.00 GB reserved,       2.75 MB ( <1%) committed,  1 nodes.
             Both:        1.02 GB reserved,      18.50 MB (  2%) committed. 

Chunk freelists:
   Non-Class:  3.94 MB
       Class:  1.14 MB
        Both:  5.08 MB

MaxMetaspaceSize: unlimited
CompressedClassSpaceSize: 1.00 GB
Initial GC threshold: 21.00 MB
Current GC threshold: 21.00 MB
CDS: on
MetaspaceReclaimPolicy: balanced
 - commit_granule_bytes: 65536.
 - commit_granule_words: 8192.
 - virtual_space_node_default_size: 1048576.
 - enlarge_chunks_in_place: 1.
 - new_chunks_are_fully_committed: 0.
 - uncommit_free_chunks: 1.
 - use_allocation_guard: 0.
 - handle_deallocations: 1.


Internal statistics:

num_allocs_failed_limit: 0.
num_arena_births: 232.
num_arena_deaths: 0.
num_vsnodes_births: 4.
num_vsnodes_deaths: 0.
num_space_committed: 296.
num_space_uncommitted: 0.
num_chunks_returned_to_freelist: 0.
num_chunks_taken_from_freelist: 894.
num_chunk_merges: 0.
num_chunk_splits: 620.
num_chunks_enlarged: 492.
num_purges: 0.
num_inconsistent_stats: 0.

CodeHeap 'non-profiled nmethods': size=119168Kb used=2653Kb max_used=2653Kb free=116514Kb
 bounds [0x000001ba419b0000, 0x000001ba41c50000, 0x000001ba48e10000]
CodeHeap 'profiled nmethods': size=119104Kb used=10612Kb max_used=10612Kb free=108491Kb
 bounds [0x000001ba3a560000, 0x000001ba3afc0000, 0x000001ba419b0000]
CodeHeap 'non-nmethods': size=7488Kb used=1994Kb max_used=3181Kb free=5493Kb
 bounds [0x000001ba39e10000, 0x000001ba3a130000, 0x000001ba3a560000]
 total_blobs=5644 nmethods=4852 adapters=703
 compilation: enabled
              stopped_count=0, restarted_count=0
 full_count=0

Compilation events (20 events):
Event: 27.205 Thread 0x000001ba5a8ecd50 4846       3       com.sun.prism.paint.Color::putBgraPreBytes (66 bytes)
Event: 27.205 Thread 0x000001ba5a8ecd50 nmethod 4846 0x000001ba3afb8a10 code [0x000001ba3afb8be0, 0x000001ba3afb9058]
Event: 27.205 Thread 0x000001ba5c2e0960 nmethod 4845 0x000001ba3afb9190 code [0x000001ba3afb93c0, 0x000001ba3afb9f18]
Event: 27.206 Thread 0x000001ba5a8e65f0 nmethod 4844 0x000001ba41c46990 code [0x000001ba41c46b00, 0x000001ba41c46bf8]
Event: 27.206 Thread 0x000001ba5c2e0960 4848       3       com.sun.prism.d3d.D3DContext::FAILED (10 bytes)
Event: 27.206 Thread 0x000001ba5a8e65f0 4847       4       com.sun.marlin.FloatMath::ceil_int (29 bytes)
Event: 27.206 Thread 0x000001ba5a8ecd50 4849       3       com.sun.prism.impl.BaseResourcePool::freeDisposalRequestedAndCheckResources (156 bytes)
Event: 27.206 Thread 0x000001ba5c2e0960 nmethod 4848 0x000001ba3afba090 code [0x000001ba3afba220, 0x000001ba3afba378]
Event: 27.206 Thread 0x000001ba5a8e65f0 nmethod 4847 0x000001ba41c46d10 code [0x000001ba41c46e80, 0x000001ba41c46f38]
Event: 27.206 Thread 0x000001ba5a8ecd50 nmethod 4849 0x000001ba3afba410 code [0x000001ba3afba660, 0x000001ba3afbb1c8]
Event: 27.430 Thread 0x000001ba5a8ecd50 4850       3       com.sun.javafx.tk.quantum.GlassScene::setPainting (9 bytes)
Event: 27.430 Thread 0x000001ba5a8ecd50 nmethod 4850 0x000001ba3afbb590 code [0x000001ba3afbb7e0, 0x000001ba3afbc188]
Event: 27.524 Thread 0x000001ba5a8e65f0 4851       4       com.sun.javafx.tk.Toolkit$$Lambda$237/0x0000000800db2610::run (8 bytes)
Event: 27.526 Thread 0x000001ba5a8e65f0 nmethod 4851 0x000001ba41c47010 code [0x000001ba41c471e0, 0x000001ba41c474d0]
Event: 27.526 Thread 0x000001ba5c2e0960 4852       3       com.sun.glass.ui.Window::checkNotClosed (20 bytes)
Event: 27.526 Thread 0x000001ba5c2e0960 nmethod 4852 0x000001ba3afbc510 code [0x000001ba3afbc6c0, 0x000001ba3afbc8e8]
Event: 27.529 Thread 0x000001ba5c2e0960 4853       3       java.util.HashMap$Values::iterator (12 bytes)
Event: 27.529 Thread 0x000001ba5a8ecd50 4854       3       java.util.HashMap$ValueIterator::<init> (11 bytes)
Event: 27.529 Thread 0x000001ba5a8ecd50 nmethod 4854 0x000001ba3afbca10 code [0x000001ba3afbcbc0, 0x000001ba3afbcd48]
Event: 27.529 Thread 0x000001ba5c2e0960 nmethod 4853 0x000001ba3afbce10 code [0x000001ba3afbcfc0, 0x000001ba3afbd248]

GC Heap History (4 events):
Event: 0.301 GC heap before
{Heap before GC invocations=0 (full 0):
 garbage-first heap   total 393216K, used 16384K [0x0000000682400000, 0x0000000800000000)
  region size 4096K, 5 young (20480K), 0 survivors (0K)
 Metaspace       used 3970K, committed 4096K, reserved 1056768K
  class space    used 457K, committed 512K, reserved 1048576K
}
Event: 0.302 GC heap after
{Heap after GC invocations=1 (full 0):
 garbage-first heap   total 393216K, used 2759K [0x0000000682400000, 0x0000000800000000)
  region size 4096K, 1 young (4096K), 1 survivors (4096K)
 Metaspace       used 3970K, committed 4096K, reserved 1056768K
  class space    used 457K, committed 512K, reserved 1048576K
}
Event: 3.527 GC heap before
{Heap before GC invocations=1 (full 0):
 garbage-first heap   total 393216K, used 51911K [0x0000000682400000, 0x0000000800000000)
  region size 4096K, 11 young (45056K), 1 survivors (4096K)
 Metaspace       used 13969K, committed 14144K, reserved 1064960K
  class space    used 2014K, committed 2112K, reserved 1048576K
}
Event: 3.531 GC heap after
{Heap after GC invocations=2 (full 0):
 garbage-first heap   total 393216K, used 21181K [0x0000000682400000, 0x0000000800000000)
  region size 4096K, 2 young (8192K), 2 survivors (8192K)
 Metaspace       used 13969K, committed 14144K, reserved 1064960K
  class space    used 2014K, committed 2112K, reserved 1048576K
}

Deoptimization events (20 events):
Event: 26.594 Thread 0x000001ba5b6dcdc0 Uncommon trap: trap_request=0xffffff45 fr.pc=0x000001ba41ad48d4 relative=0x00000000000051f4
Event: 26.594 Thread 0x000001ba5b6dcdc0 Uncommon trap: reason=unstable_if action=reinterpret pc=0x000001ba41ad48d4 method=java.util.HashMap.removeNode(ILjava/lang/Object;Ljava/lang/Object;ZZ)Ljava/util/HashMap$Node; @ 46 c2
Event: 26.594 Thread 0x000001ba5b6dcdc0 DEOPT PACKING pc=0x000001ba41ad48d4 sp=0x0000009de00f4f30
Event: 26.594 Thread 0x000001ba5b6dcdc0 DEOPT UNPACKING pc=0x000001ba39e623a3 sp=0x0000009de00f4da0 mode 2
Event: 26.595 Thread 0x000001ba5b6dcdc0 Uncommon trap: trap_request=0xffffff45 fr.pc=0x000001ba41c0ca5c relative=0x000000000000005c
Event: 26.595 Thread 0x000001ba5b6dcdc0 Uncommon trap: reason=unstable_if action=reinterpret pc=0x000001ba41c0ca5c method=java.util.Objects.equals(Ljava/lang/Object;Ljava/lang/Object;)Z @ 6 c2
Event: 26.595 Thread 0x000001ba5b6dcdc0 DEOPT PACKING pc=0x000001ba41c0ca5c sp=0x0000009de00f4f00
Event: 26.595 Thread 0x000001ba5b6dcdc0 DEOPT UNPACKING pc=0x000001ba39e623a3 sp=0x0000009de00f4ea0 mode 2
Event: 26.598 Thread 0x000001ba5b6dcdc0 Uncommon trap: trap_request=0xffffff45 fr.pc=0x000001ba41a4f8bc relative=0x0000000000000f1c
Event: 26.598 Thread 0x000001ba5b6dcdc0 Uncommon trap: reason=unstable_if action=reinterpret pc=0x000001ba41a4f8bc method=java.util.concurrent.ConcurrentHashMap.putVal(Ljava/lang/Object;Ljava/lang/Object;Z)Ljava/lang/Object; @ 148 c2
Event: 26.598 Thread 0x000001ba5b6dcdc0 DEOPT PACKING pc=0x000001ba41a4f8bc sp=0x0000009de00f3f40
Event: 26.598 Thread 0x000001ba5b6dcdc0 DEOPT UNPACKING pc=0x000001ba39e623a3 sp=0x0000009de00f3ec0 mode 2
Event: 26.600 Thread 0x000001ba5b6dcdc0 Uncommon trap: trap_request=0xffffff45 fr.pc=0x000001ba419cab58 relative=0x0000000000000238
Event: 26.600 Thread 0x000001ba5b6dcdc0 Uncommon trap: reason=unstable_if action=reinterpret pc=0x000001ba419cab58 method=java.lang.StringLatin1.lastIndexOf([BI[BII)I @ 86 c2
Event: 26.600 Thread 0x000001ba5b6dcdc0 DEOPT PACKING pc=0x000001ba419cab58 sp=0x0000009de00f3f00
Event: 26.600 Thread 0x000001ba5b6dcdc0 DEOPT UNPACKING pc=0x000001ba39e623a3 sp=0x0000009de00f3d48 mode 2
Event: 26.600 Thread 0x000001ba5b6dcdc0 Uncommon trap: trap_request=0xffffff45 fr.pc=0x000001ba419c0618 relative=0x00000000000000f8
Event: 26.600 Thread 0x000001ba5b6dcdc0 Uncommon trap: reason=unstable_if action=reinterpret pc=0x000001ba419c0618 method=java.lang.StringLatin1.lastIndexOf([BI[BII)I @ 86 c2
Event: 26.600 Thread 0x000001ba5b6dcdc0 DEOPT PACKING pc=0x000001ba419c0618 sp=0x0000009de00f3ec0
Event: 26.600 Thread 0x000001ba5b6dcdc0 DEOPT UNPACKING pc=0x000001ba39e623a3 sp=0x0000009de00f3e18 mode 2

Classes unloaded (0 events):
No events

Classes redefined (0 events):
No events

Internal exceptions (20 events):
Event: 3.318 Thread 0x000001ba5b6dcdc0 Exception <a 'java/lang/NoSuchMethodError'{0x000000069835b4e0}: 'java.lang.Object java.lang.invoke.Invokers$Holder.linkToTargetMethod(java.lang.Object, long, java.lang.Object)'> (0x000000069835b4e0) 
thrown [t:\workspace\open\src\hotspot\share\interpreter\linkResolver.cpp, line 766]
Event: 3.488 Thread 0x000001ba5b6dcdc0 Exception <a 'java/lang/ClassNotFoundException'{0x0000000697f86bf0}: com/sun/javafx/scene/control/skin/resources/controls> (0x0000000697f86bf0) 
thrown [t:\workspace\open\src\hotspot\share\prims\jni.cpp, line 535]
Event: 3.489 Thread 0x000001ba5b6dcdc0 Exception <a 'java/lang/ClassNotFoundException'{0x0000000697f94e88}: com/sun/javafx/scene/control/skin/resources/controls_es> (0x0000000697f94e88) 
thrown [t:\workspace\open\src\hotspot\share\prims\jni.cpp, line 535]
Event: 3.489 Thread 0x000001ba5b6dcdc0 Exception <a 'java/lang/ClassNotFoundException'{0x0000000697fa2de0}: com/sun/javafx/scene/control/skin/resources/controls_es_CO> (0x0000000697fa2de0) 
thrown [t:\workspace\open\src\hotspot\share\prims\jni.cpp, line 535]
Event: 6.255 Thread 0x000001ba5b6dba80 Exception <a 'java/lang/NoSuchMethodError'{0x0000000699c99710}: 'java.lang.Object java.lang.invoke.DirectMethodHandle$Holder.invokeStaticInit(java.lang.Object, int)'> (0x0000000699c99710) 
thrown [t:\workspace\open\src\hotspot\share\interpreter\linkResolver.cpp, line 766]
Event: 7.700 Thread 0x000001ba5b6dcdc0 Exception <a 'java/lang/NoSuchMethodError'{0x0000000699107288}: 'int java.lang.invoke.DirectMethodHandle$Holder.invokeVirtual(java.lang.Object, java.lang.Object)'> (0x0000000699107288) 
thrown [t:\workspace\open\src\hotspot\share\interpreter\linkResolver.cpp, line 766]
Event: 7.701 Thread 0x000001ba5b6dcdc0 Exception <a 'java/lang/NoSuchMethodError'{0x000000069910df10}: 'void java.lang.invoke.DirectMethodHandle$Holder.invokeVirtual(java.lang.Object, java.lang.Object, int)'> (0x000000069910df10) 
thrown [t:\workspace\open\src\hotspot\share\interpreter\linkResolver.cpp, line 766]
Event: 9.533 Thread 0x000001ba5b6dcdc0 Implicit null exception at 0x000001ba41b5a264 to 0x000001ba41b6275c
Event: 9.549 Thread 0x000001ba5b6dcdc0 Exception <a 'java/lang/NoSuchMethodError'{0x0000000698813638}: 'void java.lang.invoke.DirectMethodHandle$Holder.invokeSpecial(java.lang.Object, java.lang.Object, java.lang.Object, java.lang.Object, java.lang.Object, java.lang.Object)'> (0x0000000698813638) 
thrown [t:\workspace\open\src\hotspot\share\interpreter\linkResolver.cpp, line 766]
Event: 9.569 Thread 0x000001ba5b6dcdc0 Exception <a 'java/lang/NoSuchMethodError'{0x00000006989fde70}: 'void java.lang.invoke.DirectMethodHandle$Holder.invokeSpecialIFC(java.lang.Object, java.lang.Object, java.lang.Object, java.lang.Object)'> (0x00000006989fde70) 
thrown [t:\workspace\open\src\hotspot\share\interpreter\linkResolver.cpp, line 766]
Event: 9.577 Thread 0x000001ba5b6dcdc0 Exception <a 'java/lang/NoSuchMethodError'{0x0000000698b10d68}: 'int java.lang.invoke.DirectMethodHandle$Holder.invokeSpecial(java.lang.Object, java.lang.Object, int)'> (0x0000000698b10d68) 
thrown [t:\workspace\open\src\hotspot\share\interpreter\linkResolver.cpp, line 766]
Event: 15.269 Thread 0x000001ba5b6dcdc0 Implicit null exception at 0x000001ba41b4d883 to 0x000001ba41b4d900
Event: 16.526 Thread 0x000001ba5b6dcdc0 Exception <a 'java/lang/NoSuchMethodError'{0x00000006981026b0}: 'java.lang.Object java.lang.invoke.DirectMethodHandle$Holder.newInvokeSpecial(java.lang.Object, java.lang.Object, int, int, int, int, int, java.lang.Object)'> (0x00000006981026b0) 
thrown [t:\workspace\open\src\hotspot\share\interpreter\linkResolver.cpp, line 766]
Event: 16.526 Thread 0x000001ba5b6dcdc0 Exception <a 'java/lang/NoSuchMethodError'{0x0000000698116130}: 'java.lang.Object java.lang.invoke.DirectMethodHandle$Holder.newInvokeSpecial(java.lang.Object, java.lang.Object, java.lang.Object, int, int, int, int, int)'> (0x0000000698116130) 
thrown [t:\workspace\open\src\hotspot\share\interpreter\linkResolver.cpp, line 766]
Event: 16.527 Thread 0x000001ba5b6dcdc0 Exception <a 'java/lang/NoSuchMethodError'{0x000000069811e430}: 'java.lang.Object java.lang.invoke.Invokers$Holder.linkToTargetMethod(java.lang.Object, java.lang.Object, int, int, int, int, int, java.lang.Object)'> (0x000000069811e430) 
thrown [t:\workspace\open\src\hotspot\share\interpreter\linkResolver.cpp, line 766]
Event: 17.294 Thread 0x000001ba5b6dcdc0 Implicit null exception at 0x000001ba41bbc21b to 0x000001ba41bc7248
Event: 19.104 Thread 0x000001ba5b6dcdc0 Implicit null exception at 0x000001ba41be6742 to 0x000001ba41be79b0
Event: 19.105 Thread 0x000001ba5b6dcdc0 Implicit null exception at 0x000001ba41b89ea2 to 0x000001ba41b89efc
Event: 20.605 Thread 0x000001ba5b6dcdc0 Exception <a 'java/lang/NullPointerException'{0x00000006983c1408}> (0x00000006983c1408) 
thrown [t:\workspace\open\src\hotspot\share\interpreter\linkResolver.cpp, line 1440]
Event: 20.605 Thread 0x000001ba5b6dcdc0 Exception <a 'java/lang/reflect/InvocationTargetException'{0x00000006983c2428}> (0x00000006983c2428) 
thrown [t:\workspace\open\src\hotspot\share\runtime\reflection.cpp, line 1121]

VM Operations (20 events):
Event: 15.615 Executing VM operation: Cleanup done
Event: 16.615 Executing VM operation: Cleanup
Event: 16.615 Executing VM operation: Cleanup done
Event: 17.616 Executing VM operation: Cleanup
Event: 17.616 Executing VM operation: Cleanup done
Event: 19.616 Executing VM operation: Cleanup
Event: 19.616 Executing VM operation: Cleanup done
Event: 20.616 Executing VM operation: Cleanup
Event: 20.616 Executing VM operation: Cleanup done
Event: 21.617 Executing VM operation: Cleanup
Event: 21.617 Executing VM operation: Cleanup done
Event: 23.617 Executing VM operation: Cleanup
Event: 23.617 Executing VM operation: Cleanup done
Event: 24.617 Executing VM operation: Cleanup
Event: 24.617 Executing VM operation: Cleanup done
Event: 25.617 Executing VM operation: Cleanup
Event: 25.617 Executing VM operation: Cleanup done
Event: 26.589 Executing VM operation: HandshakeAllThreads
Event: 26.589 Executing VM operation: HandshakeAllThreads done
Event: 27.533 Executing VM operation: Exit

Events (20 events):
Event: 26.599 loading class sun/util/resources/BreakIteratorResourceBundle
Event: 26.599 loading class sun/util/resources/BreakIteratorResourceBundle done
Event: 26.599 loading class sun/text/resources/BreakIteratorResources done
Event: 26.599 loading class sun/util/resources/Bundles$2
Event: 26.599 loading class sun/util/resources/Bundles$2 done
Event: 26.600 loading class sun/text/RuleBasedBreakIterator
Event: 26.600 loading class sun/text/RuleBasedBreakIterator done
Event: 26.600 loading class sun/text/CompactByteArray
Event: 26.600 loading class sun/text/CompactByteArray done
Event: 26.601 loading class sun/text/SupplementaryCharacterData
Event: 26.601 loading class sun/text/SupplementaryCharacterData done
Event: 26.601 loading class java/text/BreakIterator$BreakIteratorCache
Event: 26.601 loading class java/text/BreakIterator$BreakIteratorCache done
Event: 26.601 Thread 0x000001ba5c2e0960 Thread added: 0x000001ba5c2e0960
Event: 26.601 Thread 0x000001ba5c2e5550 Thread added: 0x000001ba5c2e5550
Event: 27.108 Thread 0x000001ba5c2e5550 Thread exited: 0x000001ba5c2e5550
Event: 27.532 Thread 0x000001ba5b6db0e0 Thread added: 0x000001ba5b6db0e0
Event: 27.532 Thread 0x000001ba5b6db5b0 Thread added: 0x000001ba5b6db5b0
Event: 27.532 Thread 0x000001ba5b6db0e0 Thread exited: 0x000001ba5b6db0e0
Event: 27.533 Thread 0x000001ba5b6db5b0 Thread exited: 0x000001ba5b6db5b0


Dynamic libraries:
0x00007ff62ea40000 - 0x00007ff62ea50000 	C:\Program Files\Java\jdk-17.0.2\bin\java.exe
0x00007ffe9c380000 - 0x00007ffe9c589000 	C:\Windows\SYSTEM32\ntdll.dll
0x00007ffe9acd0000 - 0x00007ffe9ad8d000 	C:\Windows\System32\KERNEL32.DLL
0x00007ffe99de0000 - 0x00007ffe9a159000 	C:\Windows\System32\KERNELBASE.dll
0x00007ffe99cc0000 - 0x00007ffe99dd1000 	C:\Windows\System32\ucrtbase.dll
0x00007ffe93dd0000 - 0x00007ffe93dea000 	C:\Program Files\Java\jdk-17.0.2\bin\VCRUNTIME140.dll
0x00007ffe96950000 - 0x00007ffe96968000 	C:\Program Files\Java\jdk-17.0.2\bin\jli.dll
0x00007ffe9b9c0000 - 0x00007ffe9ba6e000 	C:\Windows\System32\ADVAPI32.dll
0x00007ffe9bfe0000 - 0x00007ffe9c083000 	C:\Windows\System32\msvcrt.dll
0x00007ffe9a510000 - 0x00007ffe9a5ae000 	C:\Windows\System32\sechost.dll
0x00007ffe9b540000 - 0x00007ffe9b660000 	C:\Windows\System32\RPCRT4.dll
0x00007ffe9a5b0000 - 0x00007ffe9a75c000 	C:\Windows\System32\USER32.dll
0x00007ffe99b20000 - 0x00007ffe99b46000 	C:\Windows\System32\win32u.dll
0x00007ffe8b040000 - 0x00007ffe8b2e5000 	C:\Windows\WinSxS\amd64_microsoft.windows.common-controls_6595b64144ccf1df_6.0.22000.120_none_9d947278b86cc467\COMCTL32.dll
0x00007ffe9b780000 - 0x00007ffe9b7a9000 	C:\Windows\System32\GDI32.dll
0x00007ffe99a00000 - 0x00007ffe99b12000 	C:\Windows\System32\gdi32full.dll
0x00007ffe99870000 - 0x00007ffe9990d000 	C:\Windows\System32\msvcp_win.dll
0x00007ffe92d20000 - 0x00007ffe92d2a000 	C:\Windows\SYSTEM32\VERSION.dll
0x00007ffe9b890000 - 0x00007ffe9b8c1000 	C:\Windows\System32\IMM32.DLL
0x00007ffe77680000 - 0x00007ffe7768c000 	C:\Program Files\Java\jdk-17.0.2\bin\vcruntime140_1.dll
0x00007ffe15110000 - 0x00007ffe1519d000 	C:\Program Files\Java\jdk-17.0.2\bin\msvcp140.dll
0x00007ffe06a20000 - 0x00007ffe075e1000 	C:\Program Files\Java\jdk-17.0.2\bin\server\jvm.dll
0x00007ffe9ba70000 - 0x00007ffe9ba78000 	C:\Windows\System32\PSAPI.DLL
0x00007ffe96650000 - 0x00007ffe96659000 	C:\Windows\SYSTEM32\WSOCK32.dll
0x00007ffe92d50000 - 0x00007ffe92d83000 	C:\Windows\SYSTEM32\WINMM.dll
0x00007ffe9a230000 - 0x00007ffe9a29f000 	C:\Windows\System32\WS2_32.dll
0x00007ffe98a60000 - 0x00007ffe98a78000 	C:\Windows\SYSTEM32\kernel.appcore.dll
0x00007ffe77670000 - 0x00007ffe7767a000 	C:\Program Files\Java\jdk-17.0.2\bin\jimage.dll
0x00007ffe96e60000 - 0x00007ffe97081000 	C:\Windows\SYSTEM32\DBGHELP.DLL
0x00007ffe822a0000 - 0x00007ffe822d1000 	C:\Windows\SYSTEM32\dbgcore.DLL
0x00007ffe99910000 - 0x00007ffe9998f000 	C:\Windows\System32\bcryptPrimitives.dll
0x00007ffe6fac0000 - 0x00007ffe6fae5000 	C:\Program Files\Java\jdk-17.0.2\bin\java.dll
0x00007ffe4b880000 - 0x00007ffe4b956000 	C:\Program Files\Java\jdk-17.0.2\bin\jsvml.dll
0x00007ffe9ad90000 - 0x00007ffe9b53f000 	C:\Windows\System32\SHELL32.dll
0x00007ffe979f0000 - 0x00007ffe98258000 	C:\Windows\SYSTEM32\windows.storage.dll
0x00007ffe9a830000 - 0x00007ffe9aba8000 	C:\Windows\System32\combase.dll
0x00007ffe97880000 - 0x00007ffe979e6000 	C:\Windows\SYSTEM32\wintypes.dll
0x00007ffe9bef0000 - 0x00007ffe9bfda000 	C:\Windows\System32\SHCORE.dll
0x00007ffe9a760000 - 0x00007ffe9a7bd000 	C:\Windows\System32\shlwapi.dll
0x00007ffe997a0000 - 0x00007ffe997c1000 	C:\Windows\SYSTEM32\profapi.dll
0x00007ffe6ef70000 - 0x00007ffe6ef89000 	C:\Program Files\Java\jdk-17.0.2\bin\net.dll
0x00007ffe93fb0000 - 0x00007ffe940bc000 	C:\Windows\SYSTEM32\WINHTTP.dll
0x00007ffe98e90000 - 0x00007ffe98ef7000 	C:\Windows\system32\mswsock.dll
0x00007ffe6ede0000 - 0x00007ffe6edf6000 	C:\Program Files\Java\jdk-17.0.2\bin\nio.dll
0x00007ffe658c0000 - 0x00007ffe658d8000 	C:\Program Files\Java\jdk-17.0.2\bin\zip.dll
0x000001ba305b0000 - 0x000001ba305b3000 	C:\Program Files\Java\javafx-sdk-18.0.1\bin\api-ms-win-core-console-l1-1-0.dll
0x000001ba305c0000 - 0x000001ba305c3000 	C:\Program Files\Java\javafx-sdk-18.0.1\bin\api-ms-win-core-console-l1-2-0.dll
0x000001ba305d0000 - 0x000001ba305d3000 	C:\Program Files\Java\javafx-sdk-18.0.1\bin\api-ms-win-core-datetime-l1-1-0.dll
0x000001ba32560000 - 0x000001ba32563000 	C:\Program Files\Java\javafx-sdk-18.0.1\bin\api-ms-win-core-debug-l1-1-0.dll
0x000001ba32570000 - 0x000001ba32573000 	C:\Program Files\Java\javafx-sdk-18.0.1\bin\api-ms-win-core-errorhandling-l1-1-0.dll
0x000001ba32580000 - 0x000001ba32584000 	C:\Program Files\Java\javafx-sdk-18.0.1\bin\api-ms-win-core-file-l1-1-0.dll
0x000001ba5aa50000 - 0x000001ba5aa53000 	C:\Program Files\Java\javafx-sdk-18.0.1\bin\api-ms-win-core-file-l1-2-0.dll
0x000001ba5aa60000 - 0x000001ba5aa63000 	C:\Program Files\Java\javafx-sdk-18.0.1\bin\api-ms-win-core-file-l2-1-0.dll
0x000001ba5aa70000 - 0x000001ba5aa73000 	C:\Program Files\Java\javafx-sdk-18.0.1\bin\api-ms-win-core-handle-l1-1-0.dll
0x000001ba5aa80000 - 0x000001ba5aa83000 	C:\Program Files\Java\javafx-sdk-18.0.1\bin\api-ms-win-core-heap-l1-1-0.dll
0x000001ba5aa90000 - 0x000001ba5aa93000 	C:\Program Files\Java\javafx-sdk-18.0.1\bin\api-ms-win-core-interlocked-l1-1-0.dll
0x000001ba5aaa0000 - 0x000001ba5aaa3000 	C:\Program Files\Java\javafx-sdk-18.0.1\bin\api-ms-win-core-libraryloader-l1-1-0.dll
0x000001ba5aab0000 - 0x000001ba5aab3000 	C:\Program Files\Java\javafx-sdk-18.0.1\bin\api-ms-win-core-localization-l1-2-0.dll
0x000001ba5aac0000 - 0x000001ba5aac3000 	C:\Program Files\Java\javafx-sdk-18.0.1\bin\api-ms-win-core-memory-l1-1-0.dll
0x000001ba5aad0000 - 0x000001ba5aad3000 	C:\Program Files\Java\javafx-sdk-18.0.1\bin\api-ms-win-core-namedpipe-l1-1-0.dll
0x000001ba5aae0000 - 0x000001ba5aae3000 	C:\Program Files\Java\javafx-sdk-18.0.1\bin\api-ms-win-core-processenvironment-l1-1-0.dll
0x000001ba5aaf0000 - 0x000001ba5aaf3000 	C:\Program Files\Java\javafx-sdk-18.0.1\bin\api-ms-win-core-processthreads-l1-1-0.dll
0x000001ba5ab00000 - 0x000001ba5ab03000 	C:\Program Files\Java\javafx-sdk-18.0.1\bin\api-ms-win-core-processthreads-l1-1-1.dll
0x000001ba5ab10000 - 0x000001ba5ab13000 	C:\Program Files\Java\javafx-sdk-18.0.1\bin\api-ms-win-core-profile-l1-1-0.dll
0x000001ba5ab20000 - 0x000001ba5ab23000 	C:\Program Files\Java\javafx-sdk-18.0.1\bin\api-ms-win-core-rtlsupport-l1-1-0.dll
0x000001ba5ab30000 - 0x000001ba5ab33000 	C:\Program Files\Java\javafx-sdk-18.0.1\bin\api-ms-win-core-string-l1-1-0.dll
0x000001ba5ab40000 - 0x000001ba5ab43000 	C:\Program Files\Java\javafx-sdk-18.0.1\bin\api-ms-win-core-synch-l1-1-0.dll
0x000001ba5ab50000 - 0x000001ba5ab53000 	C:\Program Files\Java\javafx-sdk-18.0.1\bin\api-ms-win-core-synch-l1-2-0.dll
0x000001ba5ab60000 - 0x000001ba5ab63000 	C:\Program Files\Java\javafx-sdk-18.0.1\bin\api-ms-win-core-sysinfo-l1-1-0.dll
0x000001ba5ab70000 - 0x000001ba5ab73000 	C:\Program Files\Java\javafx-sdk-18.0.1\bin\api-ms-win-core-timezone-l1-1-0.dll
0x000001ba5ab80000 - 0x000001ba5ab83000 	C:\Program Files\Java\javafx-sdk-18.0.1\bin\api-ms-win-core-util-l1-1-0.dll
0x000001ba5ab90000 - 0x000001ba5ab93000 	C:\Program Files\Java\javafx-sdk-18.0.1\bin\api-ms-win-crt-conio-l1-1-0.dll
0x000001ba5aba0000 - 0x000001ba5aba4000 	C:\Program Files\Java\javafx-sdk-18.0.1\bin\api-ms-win-crt-convert-l1-1-0.dll
0x000001ba5abb0000 - 0x000001ba5abb3000 	C:\Program Files\Java\javafx-sdk-18.0.1\bin\api-ms-win-crt-environment-l1-1-0.dll
0x000001ba5abc0000 - 0x000001ba5abc3000 	C:\Program Files\Java\javafx-sdk-18.0.1\bin\api-ms-win-crt-filesystem-l1-1-0.dll
0x000001ba5abd0000 - 0x000001ba5abd3000 	C:\Program Files\Java\javafx-sdk-18.0.1\bin\api-ms-win-crt-heap-l1-1-0.dll
0x000001ba5abe0000 - 0x000001ba5abe3000 	C:\Program Files\Java\javafx-sdk-18.0.1\bin\api-ms-win-crt-locale-l1-1-0.dll
0x000001ba5abf0000 - 0x000001ba5abf5000 	C:\Program Files\Java\javafx-sdk-18.0.1\bin\api-ms-win-crt-math-l1-1-0.dll
0x000001ba5cfd0000 - 0x000001ba5cfd5000 	C:\Program Files\Java\javafx-sdk-18.0.1\bin\api-ms-win-crt-multibyte-l1-1-0.dll
0x000001ba5cfe0000 - 0x000001ba5cff0000 	C:\Program Files\Java\javafx-sdk-18.0.1\bin\api-ms-win-crt-private-l1-1-0.dll
0x000001ba5cff0000 - 0x000001ba5cff3000 	C:\Program Files\Java\javafx-sdk-18.0.1\bin\api-ms-win-crt-process-l1-1-0.dll
0x000001ba5d000000 - 0x000001ba5d004000 	C:\Program Files\Java\javafx-sdk-18.0.1\bin\api-ms-win-crt-runtime-l1-1-0.dll
0x000001ba5d010000 - 0x000001ba5d014000 	C:\Program Files\Java\javafx-sdk-18.0.1\bin\api-ms-win-crt-stdio-l1-1-0.dll
0x000001ba5d020000 - 0x000001ba5d024000 	C:\Program Files\Java\javafx-sdk-18.0.1\bin\api-ms-win-crt-string-l1-1-0.dll
0x000001ba5d030000 - 0x000001ba5d033000 	C:\Program Files\Java\javafx-sdk-18.0.1\bin\api-ms-win-crt-time-l1-1-0.dll
0x000001ba5d040000 - 0x000001ba5d043000 	C:\Program Files\Java\javafx-sdk-18.0.1\bin\api-ms-win-crt-utility-l1-1-0.dll
0x00007ffe95610000 - 0x00007ffe9570c000 	C:\Program Files\Java\javafx-sdk-18.0.1\bin\ucrtbase.dll
0x00007ffe94bf0000 - 0x00007ffe94c0a000 	C:\Program Files\Java\javafx-sdk-18.0.1\bin\vcruntime140.dll
0x00007ffe96940000 - 0x00007ffe9694c000 	C:\Program Files\Java\javafx-sdk-18.0.1\bin\vcruntime140_1.dll
0x00007ffe82de0000 - 0x00007ffe82e6d000 	C:\Program Files\Java\javafx-sdk-18.0.1\bin\msvcp140.dll
0x00007ffe82db0000 - 0x00007ffe82ddc000 	C:\Program Files\Java\javafx-sdk-18.0.1\bin\prism_d3d.dll
0x00007ffe8e9e0000 - 0x00007ffe8eb86000 	C:\Windows\system32\d3d9.dll
0x00007ffe97340000 - 0x00007ffe9736f000 	C:\Windows\SYSTEM32\dwmapi.dll
0x00007ffe970e0000 - 0x00007ffe97118000 	C:\Windows\SYSTEM32\dxcore.dll
0x00007ffe96ac0000 - 0x00007ffe96b6c000 	C:\Windows\system32\uxtheme.dll
0x00007ffe8f850000 - 0x00007ffe8f957000 	C:\Windows\System32\DriverStore\FileRepository\nvltig.inf_amd64_ce837e92efe9cbc4\nvldumdx.dll
0x00007ffe99130000 - 0x00007ffe99142000 	C:\Windows\SYSTEM32\msasn1.dll
0x00007ffe910a0000 - 0x00007ffe910d1000 	C:\Windows\SYSTEM32\cryptnet.dll
0x00007ffe99b50000 - 0x00007ffe99cb2000 	C:\Windows\System32\CRYPT32.dll
0x00007ffe8f470000 - 0x00007ffe8f5b9000 	C:\Windows\SYSTEM32\drvstore.dll
0x00007ffe99590000 - 0x00007ffe995bc000 	C:\Windows\SYSTEM32\devobj.dll
0x00007ffe99540000 - 0x00007ffe9958c000 	C:\Windows\SYSTEM32\cfgmgr32.dll
0x00007ffe991a0000 - 0x00007ffe991dd000 	C:\Windows\SYSTEM32\wldp.dll
0x00007ffe990d0000 - 0x00007ffe990dc000 	C:\Windows\SYSTEM32\cryptbase.dll
0x00007ffe99990000 - 0x00007ffe999f7000 	C:\Windows\System32\WINTRUST.DLL
0x00007ffe9b870000 - 0x00007ffe9b88f000 	C:\Windows\System32\imagehlp.dll
0x00007ffe990e0000 - 0x00007ffe990f8000 	C:\Windows\SYSTEM32\CRYPTSP.dll
0x00007ffe989c0000 - 0x00007ffe989f5000 	C:\Windows\system32\rsaenh.dll
0x00007ffe99250000 - 0x00007ffe99277000 	C:\Windows\SYSTEM32\bcrypt.dll
0x00007ffe1daa0000 - 0x00007ffe1f228000 	C:\Windows\System32\DriverStore\FileRepository\nvltig.inf_amd64_ce837e92efe9cbc4\nvd3dumx.dll
0x00007ffe93380000 - 0x00007ffe933c4000 	C:\Windows\SYSTEM32\directxdatabasehelper.dll
0x00007ffe97160000 - 0x00007ffe97194000 	C:\Windows\SYSTEM32\ntmarta.dll
0x00007ffe73670000 - 0x00007ffe736b2000 	C:\Program Files\Java\javafx-sdk-18.0.1\bin\glass.dll
0x00007ffe9c090000 - 0x00007ffe9c17c000 	C:\Windows\System32\COMDLG32.dll
0x00007ffe9a350000 - 0x00007ffe9a4ea000 	C:\Windows\System32\ole32.dll
0x00007ffe9b8e0000 - 0x00007ffe9b9b6000 	C:\Windows\System32\OLEAUT32.dll
0x00007ffe9abb0000 - 0x00007ffe9acce000 	C:\Windows\System32\MSCTF.dll
0x00007ffe2aad0000 - 0x00007ffe2ad93000 	C:\Windows\system32\nvspcap64.dll
0x00007ffe98f20000 - 0x00007ffe98f44000 	C:\Windows\SYSTEM32\gpapi.dll
0x00007ffe82d90000 - 0x00007ffe82da4000 	C:\Program Files\Java\javafx-sdk-18.0.1\bin\javafx_font.dll
0x00007ffe732c0000 - 0x00007ffe7351f000 	C:\Windows\SYSTEM32\dwrite.dll
0x00007ffe9a2a0000 - 0x00007ffe9a34f000 	C:\Windows\System32\clbcatq.dll
0x00007ffe91120000 - 0x00007ffe912ce000 	C:\Windows\SYSTEM32\WindowsCodecs.dll
0x00007ffe71060000 - 0x00007ffe710bd000 	C:\Windows\system32\dataexchange.dll
0x00007ffe90580000 - 0x00007ffe907e6000 	C:\Windows\system32\twinapi.appcore.dll
0x00007ffe6efa0000 - 0x00007ffe6efd2000 	C:\Program Files\Common Files\Microsoft Shared\Ink\rtscom.dll
0x00007ffe7dd60000 - 0x00007ffe7de8d000 	C:\Windows\SYSTEM32\textinputframework.dll
0x00007ffe96510000 - 0x00007ffe96642000 	C:\Windows\SYSTEM32\CoreMessaging.dll

dbghelp: loaded successfully - version: 4.0.5 - missing functions: none
symbol engine: initialized successfully - sym options: 0x614 - pdb path: .;C:\Program Files\Java\jdk-17.0.2\bin;C:\Windows\SYSTEM32;C:\Windows\WinSxS\amd64_microsoft.windows.common-controls_6595b64144ccf1df_6.0.22000.120_none_9d947278b86cc467;C:\Program Files\Java\jdk-17.0.2\bin\server;C:\Program Files\Java\javafx-sdk-18.0.1\bin;C:\Windows\System32\DriverStore\FileRepository\nvltig.inf_amd64_ce837e92efe9cbc4;C:\Program Files\Common Files\Microsoft Shared\Ink

VM Arguments:
jvm_args: -Dfile.encoding=UTF-8 --add-modules=javafx.controls,javafx.fxml --module-path=C:\Users\juanc\OneDrive\Documentos\Universidad 3\POO\SEATORA\build\classes;C:\Program Files\Java\javafx-sdk-18.0.1\lib\javafx-swt.jar;C:\Program Files\Java\javafx-sdk-18.0.1\lib\javafx.base.jar;C:\Program Files\Java\javafx-sdk-18.0.1\lib\javafx.controls.jar;C:\Program Files\Java\javafx-sdk-18.0.1\lib\javafx.fxml.jar;C:\Program Files\Java\javafx-sdk-18.0.1\lib\javafx.graphics.jar;C:\Program Files\Java\javafx-sdk-18.0.1\lib\javafx.media.jar;C:\Program Files\Java\javafx-sdk-18.0.1\lib\javafx.swing.jar;C:\Program Files\Java\javafx-sdk-18.0.1\lib\javafx.web.jar 
java_command: start.Seatora
java_class_path (initial): C:\Program Files\Java\javafx-sdk-18.0.1\lib\javafx-swt.jar;C:\Program Files\Java\javafx-sdk-18.0.1\lib\javafx.base.jar;C:\Program Files\Java\javafx-sdk-18.0.1\lib\javafx.controls.jar;C:\Program Files\Java\javafx-sdk-18.0.1\lib\javafx.fxml.jar;C:\Program Files\Java\javafx-sdk-18.0.1\lib\javafx.graphics.jar;C:\Program Files\Java\javafx-sdk-18.0.1\lib\javafx.media.jar;C:\Program Files\Java\javafx-sdk-18.0.1\lib\javafx.swing.jar;C:\Program Files\Java\javafx-sdk-18.0.1\lib\javafx.web.jar;C:\Users\juanc\OneDrive\Documentos\Universidad 3\POO\SEATORA\build\classes
Launcher Type: SUN_STANDARD

[Global flags]
     intx CICompilerCount                          = 12                                        {product} {ergonomic}
     uint ConcGCThreads                            = 3                                         {product} {ergonomic}
     uint G1ConcRefinementThreads                  = 13                                        {product} {ergonomic}
   size_t G1HeapRegionSize                         = 4194304                                   {product} {ergonomic}
    uintx GCDrainStackTargetSize                   = 64                                        {product} {ergonomic}
   size_t InitialHeapSize                          = 402653184                                 {product} {ergonomic}
   size_t MarkStackSize                            = 4194304                                   {product} {ergonomic}
   size_t MaxHeapSize                              = 6404702208                                {product} {ergonomic}
   size_t MaxNewSize                               = 3841982464                                {product} {ergonomic}
   size_t MinHeapDeltaBytes                        = 4194304                                   {product} {ergonomic}
   size_t MinHeapSize                              = 8388608                                   {product} {ergonomic}
    uintx NonNMethodCodeHeapSize                   = 7602480                                {pd product} {ergonomic}
    uintx NonProfiledCodeHeapSize                  = 122027880                              {pd product} {ergonomic}
    uintx ProfiledCodeHeapSize                     = 122027880                              {pd product} {ergonomic}
    uintx ReservedCodeCacheSize                    = 251658240                              {pd product} {ergonomic}
     bool SegmentedCodeCache                       = true                                      {product} {ergonomic}
   size_t SoftMaxHeapSize                          = 6404702208                             {manageable} {ergonomic}
     bool UseCompressedClassPointers               = true                           {product lp64_product} {ergonomic}
     bool UseCompressedOops                        = true                           {product lp64_product} {ergonomic}
     bool UseG1GC                                  = true                                      {product} {ergonomic}
     bool UseLargePagesIndividualAllocation        = false                                  {pd product} {ergonomic}

Logging:
Log output configuration:
 #0: stdout all=off uptime,level,tags
 #1: stderr all=off uptime,level,tags

Environment Variables:
PATH=C:\Program Files\Common Files\Oracle\Java\javapath;C:\Program Files (x86)\Common Files\Oracle\Java\javapath;C:\Windows\system32;C:\Windows;C:\Windows\System32\Wbem;C:\Windows\System32\WindowsPowerShell\v1.0\;C:\Windows\System32\OpenSSH\;C:\Program Files (x86)\NVIDIA Corporation\PhysX\Common;C:\Program Files\NVIDIA Corporation\NVIDIA NvDLISR;C:\Users\juanc\AppData\Local\Microsoft\WindowsApps;;C:\Users\juanc\AppData\Local\Programs\Microsoft VS Code\bin
USERNAME=juanc
OS=Windows_NT
PROCESSOR_IDENTIFIER=AMD64 Family 25 Model 80 Stepping 0, AuthenticAMD



---------------  S Y S T E M  ---------------

OS:
 Windows 11 , 64 bit Build 22000 (10.0.22000.675)
OS uptime: 0 days 1:36 hours

CPU: total 16 (initial active 16) (16 cores per cpu, 2 threads per core) family 25 model 80 stepping 0 microcode 0x0, cx8, cmov, fxsr, ht, mmx, 3dnowpref, sse, sse2, sse3, ssse3, sse4a, sse4.1, sse4.2, popcnt, lzcnt, tsc, tscinvbit, avx, avx2, aes, erms, clmul, bmi1, bmi2, adx, sha, fma, vzeroupper, clflush, clflushopt

Memory: 4k page, system-wide physical 24428M (16656M free)
TotalPageFile size 28012M (AvailPageFile size 16747M)
current process WorkingSet (physical memory assigned to process): 206M, peak: 262M
current process commit charge ("private bytes"): 658M, peak: 711M

vm_info: Java HotSpot(TM) 64-Bit Server VM (17.0.2+8-LTS-86) for windows-amd64 JRE (17.0.2+8-LTS-86), built on Dec  7 2021 21:51:03 by "mach5one" with MS VC++ 16.8 / 16.9 (VS2019)

END.
